
============================================================
Simulated Annealing Optimization
============================================================
Initial HPWL: 426853.12 um
Initial Temperature: 42685312.00
Cooling Rate (alpha): 0.999
Moves per Temperature: 7500
Final Temperature: 0.0001
Initial Window Size: 501.80 um
Window Cooling Rate (beta): 0.98
Move Probabilities: Refine=70.0%, Explore=30.0%
============================================================

T=42685312.00 | W=501.8um | Current HPWL=1221422.40 um | Best HPWL=426853.12 um | Accept Rate=100.0% | Improvements: 1015/7500 (13.5%) | Refine: 5254/5254 (100.0%) | Explore: 2246/2246 (100.0%)
T=41839667.51 | W=335.0um | Current HPWL=1995063.61 um | Best HPWL=426853.12 um | Accept Rate=100.0% | Improvements: 1703/7500 (22.7%) | Refine: 109954/109954 (100.0%) | Explore: 47546/47546 (100.0%)
T=41010776.21 | W=223.7um | Current HPWL=2003275.16 um | Best HPWL=426853.12 um | Accept Rate=100.0% | Improvements: 1794/7500 (23.9%) | Refine: 214793/214793 (100.0%) | Explore: 92707/92707 (100.0%)
T=40198306.17 | W=149.3um | Current HPWL=2033651.46 um | Best HPWL=426853.12 um | Accept Rate=100.0% | Improvements: 1720/7500 (22.9%) | Refine: 319960/319960 (100.0%) | Explore: 137540/137540 (100.0%)
T=39401932.10 | W=100.4um | Current HPWL=2097209.10 um | Best HPWL=426853.12 um | Accept Rate=100.0% | Improvements: 1789/7500 (23.9%) | Refine: 424955/424955 (100.0%) | Explore: 182545/182545 (100.0%)
T=38621335.09 | W=100.4um | Current HPWL=2109333.14 um | Best HPWL=426853.12 um | Accept Rate=100.0% | Improvements: 1759/7500 (23.5%) | Refine: 530048/530048 (100.0%) | Explore: 227451/227452 (100.0%)
T=37856202.60 | W=100.4um | Current HPWL=2089201.57 um | Best HPWL=426853.12 um | Accept Rate=100.0% | Improvements: 1853/7500 (24.7%) | Refine: 635005/635005 (100.0%) | Explore: 272494/272495 (100.0%)
T=37106228.26 | W=100.4um | Current HPWL=2113840.29 um | Best HPWL=426853.12 um | Accept Rate=100.0% | Improvements: 1701/7500 (22.7%) | Refine: 740093/740093 (100.0%) | Explore: 317406/317407 (100.0%)
T=36371111.75 | W=100.4um | Current HPWL=2112410.27 um | Best HPWL=426853.12 um | Accept Rate=100.0% | Improvements: 1740/7500 (23.2%) | Refine: 845111/845111 (100.0%) | Explore: 362388/362389 (100.0%)
T=35650558.74 | W=100.4um | Current HPWL=2133115.20 um | Best HPWL=426853.12 um | Accept Rate=100.0% | Improvements: 1746/7500 (23.3%) | Refine: 949814/949815 (100.0%) | Explore: 407684/407685 (100.0%)
T=34944280.70 | W=100.4um | Current HPWL=2120887.23 um | Best HPWL=426853.12 um | Accept Rate=100.0% | Improvements: 1760/7500 (23.5%) | Refine: 1055332/1055334 (100.0%) | Explore: 452164/452166 (100.0%)
T=34251994.84 | W=100.4um | Current HPWL=2147497.95 um | Best HPWL=426853.12 um | Accept Rate=100.0% | Improvements: 1730/7500 (23.1%) | Refine: 1160670/1160672 (100.0%) | Explore: 496826/496828 (100.0%)
T=33573423.94 | W=100.4um | Current HPWL=2143568.22 um | Best HPWL=426853.12 um | Accept Rate=100.0% | Improvements: 1755/7500 (23.4%) | Refine: 1265564/1265566 (100.0%) | Explore: 541932/541934 (100.0%)
T=32908296.30 | W=100.4um | Current HPWL=2109736.31 um | Best HPWL=426853.12 um | Accept Rate=100.0% | Improvements: 1722/7500 (23.0%) | Refine: 1370674/1370676 (100.0%) | Explore: 586822/586824 (100.0%)
T=32256345.59 | W=100.4um | Current HPWL=2120218.08 um | Best HPWL=426853.12 um | Accept Rate=100.0% | Improvements: 1757/7500 (23.4%) | Refine: 1475607/1475610 (100.0%) | Explore: 631888/631890 (100.0%)
T=31617310.77 | W=100.4um | Current HPWL=2110170.32 um | Best HPWL=426853.12 um | Accept Rate=100.0% | Improvements: 1766/7500 (23.5%) | Refine: 1580444/1580447 (100.0%) | Explore: 677051/677053 (100.0%)
T=30990935.95 | W=100.4um | Current HPWL=2080702.60 um | Best HPWL=426853.12 um | Accept Rate=100.0% | Improvements: 1743/7500 (23.2%) | Refine: 1685251/1685255 (100.0%) | Explore: 722243/722245 (100.0%)
T=30376970.33 | W=100.4um | Current HPWL=2107089.92 um | Best HPWL=426853.12 um | Accept Rate=100.0% | Improvements: 1689/7500 (22.5%) | Refine: 1790374/1790378 (100.0%) | Explore: 767120/767122 (100.0%)
T=29775168.06 | W=100.4um | Current HPWL=2139811.43 um | Best HPWL=426853.12 um | Accept Rate=100.0% | Improvements: 1773/7500 (23.6%) | Refine: 1895726/1895730 (100.0%) | Explore: 811768/811770 (100.0%)
T=29185288.19 | W=100.4um | Current HPWL=2128425.92 um | Best HPWL=426853.12 um | Accept Rate=100.0% | Improvements: 1744/7500 (23.3%) | Refine: 2000648/2000652 (100.0%) | Explore: 856845/856848 (100.0%)
T=28607094.50 | W=100.4um | Current HPWL=2117664.59 um | Best HPWL=426853.12 um | Accept Rate=100.0% | Improvements: 1773/7500 (23.6%) | Refine: 2105775/2105779 (100.0%) | Explore: 901718/901721 (100.0%)
T=28040355.48 | W=100.4um | Current HPWL=2112886.67 um | Best HPWL=426853.12 um | Accept Rate=100.0% | Improvements: 1828/7500 (24.4%) | Refine: 2210546/2210550 (100.0%) | Explore: 946947/946950 (100.0%)
T=27484844.21 | W=100.4um | Current HPWL=2105051.99 um | Best HPWL=426853.12 um | Accept Rate=100.0% | Improvements: 1729/7500 (23.1%) | Refine: 2315438/2315442 (100.0%) | Explore: 992055/992058 (100.0%)
T=26940338.24 | W=100.4um | Current HPWL=2114972.99 um | Best HPWL=426853.12 um | Accept Rate=100.0% | Improvements: 1736/7500 (23.1%) | Refine: 2420296/2420300 (100.0%) | Explore: 1037197/1037200 (100.0%)
T=26406619.56 | W=100.4um | Current HPWL=2105452.13 um | Best HPWL=426853.12 um | Accept Rate=100.0% | Improvements: 1708/7500 (22.8%) | Refine: 2524922/2524927 (100.0%) | Explore: 1082570/1082573 (100.0%)
T=25883474.45 | W=100.4um | Current HPWL=2123483.66 um | Best HPWL=426853.12 um | Accept Rate=100.0% | Improvements: 1745/7500 (23.3%) | Refine: 2629839/2629844 (100.0%) | Explore: 1127653/1127656 (100.0%)
T=25370693.44 | W=100.4um | Current HPWL=2108628.70 um | Best HPWL=426853.12 um | Accept Rate=100.0% | Improvements: 1791/7500 (23.9%) | Refine: 2734835/2734840 (100.0%) | Explore: 1172657/1172660 (100.0%)
T=24868071.20 | W=100.4um | Current HPWL=2104812.32 um | Best HPWL=426853.12 um | Accept Rate=100.0% | Improvements: 1743/7500 (23.2%) | Refine: 2839845/2839850 (100.0%) | Explore: 1217647/1217650 (100.0%)
T=24375406.48 | W=100.4um | Current HPWL=2101878.43 um | Best HPWL=426853.12 um | Accept Rate=100.0% | Improvements: 1811/7500 (24.1%) | Refine: 2944802/2944809 (100.0%) | Explore: 1262688/1262691 (100.0%)
T=23892502.01 | W=100.4um | Current HPWL=2066930.12 um | Best HPWL=426853.12 um | Accept Rate=100.0% | Improvements: 1753/7500 (23.4%) | Refine: 3049873/3049880 (100.0%) | Explore: 1307617/1307620 (100.0%)
T=23419164.42 | W=100.4um | Current HPWL=2104333.01 um | Best HPWL=426853.12 um | Accept Rate=100.0% | Improvements: 1739/7500 (23.2%) | Refine: 3154738/3154745 (100.0%) | Explore: 1352752/1352755 (100.0%)
T=22955204.19 | W=100.4um | Current HPWL=2117193.63 um | Best HPWL=426853.12 um | Accept Rate=100.0% | Improvements: 1751/7500 (23.3%) | Refine: 3259982/3259989 (100.0%) | Explore: 1397508/1397511 (100.0%)
T=22500435.54 | W=100.4um | Current HPWL=2105075.44 um | Best HPWL=426853.12 um | Accept Rate=100.0% | Improvements: 1784/7500 (23.8%) | Refine: 3365171/3365178 (100.0%) | Explore: 1442319/1442322 (100.0%)
T=22054676.37 | W=100.4um | Current HPWL=2090938.03 um | Best HPWL=426853.12 um | Accept Rate=100.0% | Improvements: 1820/7500 (24.3%) | Refine: 3469965/3469972 (100.0%) | Explore: 1487525/1487528 (100.0%)
T=21617748.19 | W=100.4um | Current HPWL=2098429.32 um | Best HPWL=426853.12 um | Accept Rate=100.0% | Improvements: 1805/7500 (24.1%) | Refine: 3575011/3575018 (100.0%) | Explore: 1532479/1532482 (100.0%)
T=21189476.06 | W=100.4um | Current HPWL=2147039.96 um | Best HPWL=426853.12 um | Accept Rate=100.0% | Improvements: 1706/7500 (22.7%) | Refine: 3680218/3680227 (100.0%) | Explore: 1577270/1577273 (100.0%)
T=20769688.49 | W=100.4um | Current HPWL=2095167.58 um | Best HPWL=426853.12 um | Accept Rate=100.0% | Improvements: 1782/7500 (23.8%) | Refine: 3785492/3785503 (100.0%) | Explore: 1621994/1621997 (100.0%)
T=20358217.38 | W=100.4um | Current HPWL=2073488.73 um | Best HPWL=426853.12 um | Accept Rate=100.0% | Improvements: 1790/7500 (23.9%) | Refine: 3890576/3890588 (100.0%) | Explore: 1666909/1666912 (100.0%)
T=19954897.99 | W=100.4um | Current HPWL=2123020.89 um | Best HPWL=426853.12 um | Accept Rate=100.0% | Improvements: 1767/7500 (23.6%) | Refine: 3995777/3995789 (100.0%) | Explore: 1711708/1711711 (100.0%)
T=19559568.80 | W=100.4um | Current HPWL=2113640.84 um | Best HPWL=426853.12 um | Accept Rate=100.0% | Improvements: 1758/7500 (23.4%) | Refine: 4100838/4100851 (100.0%) | Explore: 1756646/1756649 (100.0%)
T=19172071.54 | W=100.4um | Current HPWL=2122113.38 um | Best HPWL=426853.12 um | Accept Rate=100.0% | Improvements: 1761/7500 (23.5%) | Refine: 4206204/4206218 (100.0%) | Explore: 1801279/1801282 (100.0%)
T=18792251.04 | W=100.4um | Current HPWL=2117234.77 um | Best HPWL=426853.12 um | Accept Rate=100.0% | Improvements: 1836/7500 (24.5%) | Refine: 4311227/4311241 (100.0%) | Explore: 1846256/1846259 (100.0%)
T=18419955.22 | W=100.4um | Current HPWL=2098197.65 um | Best HPWL=426853.12 um | Accept Rate=100.0% | Improvements: 1762/7500 (23.5%) | Refine: 4416035/4416049 (100.0%) | Explore: 1891448/1891451 (100.0%)
T=18055034.99 | W=100.4um | Current HPWL=2119583.91 um | Best HPWL=426853.12 um | Accept Rate=100.0% | Improvements: 1724/7500 (23.0%) | Refine: 4520997/4521012 (100.0%) | Explore: 1936485/1936488 (100.0%)
T=17697344.26 | W=100.4um | Current HPWL=2136660.44 um | Best HPWL=426853.12 um | Accept Rate=100.0% | Improvements: 1773/7500 (23.6%) | Refine: 4625963/4625979 (100.0%) | Explore: 1981518/1981521 (100.0%)
T=17346739.78 | W=100.4um | Current HPWL=2142965.67 um | Best HPWL=426853.12 um | Accept Rate=100.0% | Improvements: 1704/7500 (22.7%) | Refine: 4730670/4730686 (100.0%) | Explore: 2026811/2026814 (100.0%)
T=17003081.17 | W=100.4um | Current HPWL=2120063.56 um | Best HPWL=426853.12 um | Accept Rate=100.0% | Improvements: 1692/7500 (22.6%) | Refine: 4835786/4835802 (100.0%) | Explore: 2071695/2071698 (100.0%)
T=16666230.83 | W=100.4um | Current HPWL=2093456.99 um | Best HPWL=426853.12 um | Accept Rate=100.0% | Improvements: 1727/7500 (23.0%) | Refine: 4940726/4940745 (100.0%) | Explore: 2116752/2116755 (100.0%)
T=16336053.88 | W=100.4um | Current HPWL=2138492.24 um | Best HPWL=426853.12 um | Accept Rate=100.0% | Improvements: 1707/7500 (22.8%) | Refine: 5045639/5045658 (100.0%) | Explore: 2161839/2161842 (100.0%)
T=16012418.11 | W=100.4um | Current HPWL=2122419.24 um | Best HPWL=426853.12 um | Accept Rate=100.0% | Improvements: 1763/7500 (23.5%) | Refine: 5150730/5150750 (100.0%) | Explore: 2206747/2206750 (100.0%)
T=15695193.93 | W=100.4um | Current HPWL=2135510.07 um | Best HPWL=426853.12 um | Accept Rate=100.0% | Improvements: 1768/7500 (23.6%) | Refine: 5255555/5255576 (100.0%) | Explore: 2251921/2251924 (100.0%)
T=15384254.32 | W=100.4um | Current HPWL=2094964.66 um | Best HPWL=426853.12 um | Accept Rate=100.0% | Improvements: 1767/7500 (23.6%) | Refine: 5360489/5360510 (100.0%) | Explore: 2296987/2296990 (100.0%)
T=15079474.78 | W=100.4um | Current HPWL=2125162.49 um | Best HPWL=426853.12 um | Accept Rate=100.0% | Improvements: 1672/7500 (22.3%) | Refine: 5465686/5465708 (100.0%) | Explore: 2341788/2341792 (100.0%)
T=14780733.26 | W=100.4um | Current HPWL=2119097.07 um | Best HPWL=426853.12 um | Accept Rate=100.0% | Improvements: 1708/7500 (22.8%) | Refine: 5570794/5570817 (100.0%) | Explore: 2386679/2386683 (100.0%)
T=14487910.16 | W=100.4um | Current HPWL=2116836.87 um | Best HPWL=426853.12 um | Accept Rate=100.0% | Improvements: 1754/7500 (23.4%) | Refine: 5675855/5675880 (100.0%) | Explore: 2431616/2431620 (100.0%)
T=14200888.21 | W=100.4um | Current HPWL=2087903.83 um | Best HPWL=426853.12 um | Accept Rate=100.0% | Improvements: 1764/7500 (23.5%) | Refine: 5780824/5780850 (100.0%) | Explore: 2476646/2476650 (100.0%)
T=13919552.50 | W=100.4um | Current HPWL=2113273.80 um | Best HPWL=426853.12 um | Accept Rate=100.0% | Improvements: 1731/7500 (23.1%) | Refine: 5885744/5885771 (100.0%) | Explore: 2521725/2521729 (100.0%)
T=13643790.36 | W=100.4um | Current HPWL=2117900.88 um | Best HPWL=426853.12 um | Accept Rate=100.0% | Improvements: 1724/7500 (23.0%) | Refine: 5990877/5990906 (100.0%) | Explore: 2566590/2566594 (100.0%)
T=13373491.39 | W=100.4um | Current HPWL=2091953.64 um | Best HPWL=426853.12 um | Accept Rate=100.0% | Improvements: 1728/7500 (23.0%) | Refine: 6095924/6095953 (100.0%) | Explore: 2611543/2611547 (100.0%)
T=13108547.34 | W=100.4um | Current HPWL=2109379.27 um | Best HPWL=426853.12 um | Accept Rate=100.0% | Improvements: 1718/7500 (22.9%) | Refine: 6200870/6200900 (100.0%) | Explore: 2656596/2656600 (100.0%)
T=12848852.14 | W=100.4um | Current HPWL=2098127.62 um | Best HPWL=426853.12 um | Accept Rate=100.0% | Improvements: 1743/7500 (23.2%) | Refine: 6306064/6306094 (100.0%) | Explore: 2701402/2701406 (100.0%)
T=12594301.79 | W=100.4um | Current HPWL=2096964.77 um | Best HPWL=426853.12 um | Accept Rate=100.0% | Improvements: 1755/7500 (23.4%) | Refine: 6411019/6411049 (100.0%) | Explore: 2746447/2746451 (100.0%)
T=12344794.38 | W=100.4um | Current HPWL=2077020.62 um | Best HPWL=426853.12 um | Accept Rate=100.0% | Improvements: 1759/7500 (23.5%) | Refine: 6516365/6516398 (100.0%) | Explore: 2791098/2791102 (100.0%)
T=12100229.99 | W=100.4um | Current HPWL=2123262.42 um | Best HPWL=426853.12 um | Accept Rate=100.0% | Improvements: 1738/7500 (23.2%) | Refine: 6621252/6621285 (100.0%) | Explore: 2836211/2836215 (100.0%)
T=11860510.69 | W=100.4um | Current HPWL=2117859.38 um | Best HPWL=426853.12 um | Accept Rate=100.0% | Improvements: 1818/7500 (24.2%) | Refine: 6726546/6726579 (100.0%) | Explore: 2880917/2880921 (100.0%)
T=11625540.51 | W=100.4um | Current HPWL=2082747.90 um | Best HPWL=426853.12 um | Accept Rate=100.0% | Improvements: 1815/7500 (24.2%) | Refine: 6831556/6831589 (100.0%) | Explore: 2925907/2925911 (100.0%)
T=11395225.36 | W=100.4um | Current HPWL=2136795.83 um | Best HPWL=426853.12 um | Accept Rate=100.0% | Improvements: 1722/7500 (23.0%) | Refine: 6936590/6936623 (100.0%) | Explore: 2970872/2970877 (100.0%)
T=11169473.01 | W=100.4um | Current HPWL=2120003.73 um | Best HPWL=426853.12 um | Accept Rate=100.0% | Improvements: 1737/7500 (23.2%) | Refine: 7041642/7041676 (100.0%) | Explore: 3015819/3015824 (100.0%)
T=10948193.07 | W=100.4um | Current HPWL=2138125.08 um | Best HPWL=426853.12 um | Accept Rate=100.0% | Improvements: 1724/7500 (23.0%) | Refine: 7146756/7146792 (100.0%) | Explore: 3060703/3060708 (100.0%)
T=10731296.94 | W=100.4um | Current HPWL=2121534.21 um | Best HPWL=426853.12 um | Accept Rate=100.0% | Improvements: 1739/7500 (23.2%) | Refine: 7251747/7251784 (100.0%) | Explore: 3105711/3105716 (100.0%)
T=10518697.76 | W=100.4um | Current HPWL=2086951.48 um | Best HPWL=426853.12 um | Accept Rate=100.0% | Improvements: 1774/7500 (23.7%) | Refine: 7356878/7356916 (100.0%) | Explore: 3150579/3150584 (100.0%)
T=10310310.42 | W=100.4um | Current HPWL=2096810.21 um | Best HPWL=426853.12 um | Accept Rate=100.0% | Improvements: 1808/7500 (24.1%) | Refine: 7462008/7462047 (100.0%) | Explore: 3195448/3195453 (100.0%)
T=10106051.47 | W=100.4um | Current HPWL=2098093.78 um | Best HPWL=426853.12 um | Accept Rate=100.0% | Improvements: 1706/7500 (22.7%) | Refine: 7566897/7566937 (100.0%) | Explore: 3240558/3240563 (100.0%)
T=9905839.11 | W=100.4um | Current HPWL=2112705.59 um | Best HPWL=426853.12 um | Accept Rate=100.0% | Improvements: 1830/7500 (24.4%) | Refine: 7672025/7672066 (100.0%) | Explore: 3285428/3285434 (100.0%)
T=9709593.20 | W=100.4um | Current HPWL=2110759.16 um | Best HPWL=426853.12 um | Accept Rate=100.0% | Improvements: 1789/7500 (23.9%) | Refine: 7776975/7777017 (100.0%) | Explore: 3330477/3330483 (100.0%)
T=9517235.13 | W=100.4um | Current HPWL=2090504.94 um | Best HPWL=426853.12 um | Accept Rate=100.0% | Improvements: 1697/7500 (22.6%) | Refine: 7882109/7882152 (100.0%) | Explore: 3375342/3375348 (100.0%)
T=9328687.90 | W=100.4um | Current HPWL=2112632.11 um | Best HPWL=426853.12 um | Accept Rate=100.0% | Improvements: 1768/7500 (23.6%) | Refine: 7987155/7987198 (100.0%) | Explore: 3420296/3420302 (100.0%)
T=9143876.00 | W=100.4um | Current HPWL=2114805.02 um | Best HPWL=426853.12 um | Accept Rate=100.0% | Improvements: 1686/7500 (22.5%) | Refine: 8092315/8092360 (100.0%) | Explore: 3465134/3465140 (100.0%)
T=8962725.44 | W=100.4um | Current HPWL=2089994.81 um | Best HPWL=426853.12 um | Accept Rate=100.0% | Improvements: 1761/7500 (23.5%) | Refine: 8197201/8197248 (100.0%) | Explore: 3510246/3510252 (100.0%)
T=8785163.68 | W=100.4um | Current HPWL=2090862.14 um | Best HPWL=426853.12 um | Accept Rate=100.0% | Improvements: 1722/7500 (23.0%) | Refine: 8302330/8302379 (100.0%) | Explore: 3555115/3555121 (100.0%)
T=8611119.61 | W=100.4um | Current HPWL=2108744.85 um | Best HPWL=426853.12 um | Accept Rate=100.0% | Improvements: 1784/7500 (23.8%) | Refine: 8407196/8407245 (100.0%) | Explore: 3600249/3600255 (100.0%)
T=8440523.56 | W=100.4um | Current HPWL=2089414.91 um | Best HPWL=426853.12 um | Accept Rate=100.0% | Improvements: 1798/7500 (24.0%) | Refine: 8511952/8512004 (100.0%) | Explore: 3645490/3645496 (100.0%)
T=8273307.20 | W=100.4um | Current HPWL=2087336.90 um | Best HPWL=426853.12 um | Accept Rate=100.0% | Improvements: 1798/7500 (24.0%) | Refine: 8616822/8616875 (100.0%) | Explore: 3690619/3690625 (100.0%)
T=8109403.60 | W=100.4um | Current HPWL=2063418.36 um | Best HPWL=426853.12 um | Accept Rate=100.0% | Improvements: 1813/7500 (24.2%) | Refine: 8721717/8721773 (100.0%) | Explore: 3735721/3735727 (100.0%)
T=7948747.10 | W=100.4um | Current HPWL=2101527.67 um | Best HPWL=426853.12 um | Accept Rate=100.0% | Improvements: 1712/7500 (22.8%) | Refine: 8826739/8826796 (100.0%) | Explore: 3780698/3780704 (100.0%)
T=7791273.40 | W=100.4um | Current HPWL=2091944.48 um | Best HPWL=426853.12 um | Accept Rate=100.0% | Improvements: 1746/7500 (23.3%) | Refine: 8931455/8931512 (100.0%) | Explore: 3825982/3825988 (100.0%)
T=7636919.43 | W=100.4um | Current HPWL=2147875.37 um | Best HPWL=426853.12 um | Accept Rate=100.0% | Improvements: 1752/7500 (23.4%) | Refine: 9036620/9036677 (100.0%) | Explore: 3870816/3870823 (100.0%)
T=7485623.39 | W=100.4um | Current HPWL=2131987.83 um | Best HPWL=426853.12 um | Accept Rate=100.0% | Improvements: 1685/7500 (22.5%) | Refine: 9141987/9142044 (100.0%) | Explore: 3915449/3915456 (100.0%)
T=7337324.69 | W=100.4um | Current HPWL=2149330.99 um | Best HPWL=426853.12 um | Accept Rate=100.0% | Improvements: 1729/7500 (23.1%) | Refine: 9246964/9247022 (100.0%) | Explore: 3960471/3960478 (100.0%)
T=7191963.96 | W=100.4um | Current HPWL=2120038.90 um | Best HPWL=426853.12 um | Accept Rate=100.0% | Improvements: 1729/7500 (23.1%) | Refine: 9351986/9352045 (100.0%) | Explore: 4005448/4005455 (100.0%)
T=7049482.99 | W=100.4um | Current HPWL=2101044.47 um | Best HPWL=426853.12 um | Accept Rate=100.0% | Improvements: 1785/7500 (23.8%) | Refine: 9457344/9457406 (100.0%) | Explore: 4050087/4050094 (100.0%)
T=6909824.73 | W=100.4um | Current HPWL=2098590.66 um | Best HPWL=426853.12 um | Accept Rate=100.0% | Improvements: 1802/7500 (24.0%) | Refine: 9562421/9562483 (100.0%) | Explore: 4095010/4095017 (100.0%)
T=6772933.26 | W=100.4um | Current HPWL=2081065.26 um | Best HPWL=426853.12 um | Accept Rate=100.0% | Improvements: 1819/7500 (24.3%) | Refine: 9667413/9667475 (100.0%) | Explore: 4140018/4140025 (100.0%)
T=6638753.76 | W=100.4um | Current HPWL=2099826.07 um | Best HPWL=426853.12 um | Accept Rate=100.0% | Improvements: 1755/7500 (23.4%) | Refine: 9772438/9772502 (100.0%) | Explore: 4184991/4184998 (100.0%)
T=6507232.51 | W=100.4um | Current HPWL=2157405.83 um | Best HPWL=426853.12 um | Accept Rate=100.0% | Improvements: 1744/7500 (23.3%) | Refine: 9877389/9877453 (100.0%) | Explore: 4230040/4230047 (100.0%)
T=6378316.85 | W=100.4um | Current HPWL=2113647.10 um | Best HPWL=426853.12 um | Accept Rate=100.0% | Improvements: 1700/7500 (22.7%) | Refine: 9982394/9982460 (100.0%) | Explore: 4275033/4275040 (100.0%)
T=6251955.15 | W=100.4um | Current HPWL=2107404.55 um | Best HPWL=426853.12 um | Accept Rate=100.0% | Improvements: 1748/7500 (23.3%) | Refine: 10087597/10087663 (100.0%) | Explore: 4319830/4319837 (100.0%)
T=6128096.82 | W=100.4um | Current HPWL=2115880.19 um | Best HPWL=426853.12 um | Accept Rate=100.0% | Improvements: 1671/7500 (22.3%) | Refine: 10192812/10192878 (100.0%) | Explore: 4364615/4364622 (100.0%)
T=6006692.27 | W=100.4um | Current HPWL=2136099.22 um | Best HPWL=426853.12 um | Accept Rate=100.0% | Improvements: 1769/7500 (23.6%) | Refine: 10297963/10298031 (100.0%) | Explore: 4409462/4409469 (100.0%)
T=5887692.88 | W=100.4um | Current HPWL=2099399.80 um | Best HPWL=426853.12 um | Accept Rate=100.0% | Improvements: 1699/7500 (22.7%) | Refine: 10403132/10403201 (100.0%) | Explore: 4454292/4454299 (100.0%)
T=5771051.00 | W=100.4um | Current HPWL=2101230.68 um | Best HPWL=426853.12 um | Accept Rate=100.0% | Improvements: 1722/7500 (23.0%) | Refine: 10508422/10508491 (100.0%) | Explore: 4499002/4499009 (100.0%)
T=5656719.93 | W=100.4um | Current HPWL=2100055.71 um | Best HPWL=426853.12 um | Accept Rate=100.0% | Improvements: 1744/7500 (23.3%) | Refine: 10613022/10613092 (100.0%) | Explore: 4544399/4544408 (100.0%)
T=5544653.88 | W=100.4um | Current HPWL=2093919.32 um | Best HPWL=426853.12 um | Accept Rate=100.0% | Improvements: 1794/7500 (23.9%) | Refine: 10717896/10717969 (100.0%) | Explore: 4589522/4589531 (100.0%)
T=5434808.00 | W=100.4um | Current HPWL=2104654.09 um | Best HPWL=426853.12 um | Accept Rate=100.0% | Improvements: 1855/7500 (24.7%) | Refine: 10823103/10823179 (100.0%) | Explore: 4634312/4634321 (100.0%)
T=5327138.28 | W=100.4um | Current HPWL=2127415.11 um | Best HPWL=426853.12 um | Accept Rate=100.0% | Improvements: 1765/7500 (23.5%) | Refine: 10928151/10928228 (100.0%) | Explore: 4679263/4679272 (100.0%)
T=5221601.62 | W=100.4um | Current HPWL=2104281.80 um | Best HPWL=426853.12 um | Accept Rate=100.0% | Improvements: 1740/7500 (23.2%) | Refine: 11033243/11033321 (100.0%) | Explore: 4724170/4724179 (100.0%)
T=5118155.77 | W=100.4um | Current HPWL=2155755.87 um | Best HPWL=426853.12 um | Accept Rate=100.0% | Improvements: 1788/7500 (23.8%) | Refine: 11138381/11138463 (100.0%) | Explore: 4769028/4769037 (100.0%)
T=5016759.29 | W=100.4um | Current HPWL=2111290.77 um | Best HPWL=426853.12 um | Accept Rate=100.0% | Improvements: 1759/7500 (23.5%) | Refine: 11243854/11243938 (100.0%) | Explore: 4813553/4813562 (100.0%)
T=4917371.60 | W=100.4um | Current HPWL=2118867.34 um | Best HPWL=426853.12 um | Accept Rate=100.0% | Improvements: 1836/7500 (24.5%) | Refine: 11348844/11348930 (100.0%) | Explore: 4858560/4858570 (100.0%)
T=4819952.88 | W=100.4um | Current HPWL=2093617.55 um | Best HPWL=426853.12 um | Accept Rate=100.0% | Improvements: 1763/7500 (23.5%) | Refine: 11453631/11453719 (100.0%) | Explore: 4903771/4903781 (100.0%)
T=4724464.14 | W=100.4um | Current HPWL=2102571.65 um | Best HPWL=426853.12 um | Accept Rate=100.0% | Improvements: 1782/7500 (23.8%) | Refine: 11558616/11558705 (100.0%) | Explore: 4948785/4948795 (100.0%)
T=4630867.15 | W=100.4um | Current HPWL=2125536.99 um | Best HPWL=426853.12 um | Accept Rate=100.0% | Improvements: 1745/7500 (23.3%) | Refine: 11663707/11663797 (100.0%) | Explore: 4993693/4993703 (100.0%)
T=4539124.41 | W=100.4um | Current HPWL=2128842.06 um | Best HPWL=426853.12 um | Accept Rate=100.0% | Improvements: 1788/7500 (23.8%) | Refine: 11768709/11768804 (100.0%) | Explore: 5038686/5038696 (100.0%)
T=4449199.20 | W=100.4um | Current HPWL=2125306.34 um | Best HPWL=426853.12 um | Accept Rate=100.0% | Improvements: 1771/7500 (23.6%) | Refine: 11873717/11873814 (100.0%) | Explore: 5083676/5083686 (100.0%)
T=4361055.52 | W=100.4um | Current HPWL=2125511.79 um | Best HPWL=426853.12 um | Accept Rate=100.0% | Improvements: 1786/7500 (23.8%) | Refine: 11978496/11978593 (100.0%) | Explore: 5128897/5128907 (100.0%)
T=4274658.06 | W=100.4um | Current HPWL=2108702.50 um | Best HPWL=426853.12 um | Accept Rate=100.0% | Improvements: 1672/7500 (22.3%) | Refine: 12083849/12083946 (100.0%) | Explore: 5173543/5173554 (100.0%)
T=4189972.23 | W=100.4um | Current HPWL=2109476.32 um | Best HPWL=426853.12 um | Accept Rate=100.0% | Improvements: 1799/7500 (24.0%) | Refine: 12188749/12188847 (100.0%) | Explore: 5218642/5218653 (100.0%)
T=4106964.12 | W=100.4um | Current HPWL=2126059.16 um | Best HPWL=426853.12 um | Accept Rate=100.0% | Improvements: 1771/7500 (23.6%) | Refine: 12293817/12293917 (100.0%) | Explore: 5263572/5263583 (100.0%)
T=4025600.50 | W=100.4um | Current HPWL=2116176.86 um | Best HPWL=426853.12 um | Accept Rate=100.0% | Improvements: 1724/7500 (23.0%) | Refine: 12398945/12399045 (100.0%) | Explore: 5308444/5308455 (100.0%)
T=3945848.79 | W=100.4um | Current HPWL=2110878.77 um | Best HPWL=426853.12 um | Accept Rate=100.0% | Improvements: 1733/7500 (23.1%) | Refine: 12504322/12504424 (100.0%) | Explore: 5353065/5353076 (100.0%)
T=3867677.04 | W=100.4um | Current HPWL=2117576.50 um | Best HPWL=426853.12 um | Accept Rate=100.0% | Improvements: 1760/7500 (23.5%) | Refine: 12609344/12609448 (100.0%) | Explore: 5398041/5398052 (100.0%)
T=3791053.97 | W=100.4um | Current HPWL=2149064.80 um | Best HPWL=426853.12 um | Accept Rate=100.0% | Improvements: 1748/7500 (23.3%) | Refine: 12714537/12714642 (100.0%) | Explore: 5442847/5442858 (100.0%)
T=3715948.89 | W=100.4um | Current HPWL=2106666.90 um | Best HPWL=426853.12 um | Accept Rate=100.0% | Improvements: 1763/7500 (23.5%) | Refine: 12819319/12819428 (100.0%) | Explore: 5488060/5488072 (100.0%)
T=3642331.72 | W=100.4um | Current HPWL=2112903.32 um | Best HPWL=426853.12 um | Accept Rate=100.0% | Improvements: 1722/7500 (23.0%) | Refine: 12924331/12924443 (100.0%) | Explore: 5533044/5533057 (100.0%)
T=3570172.99 | W=100.4um | Current HPWL=2128358.23 um | Best HPWL=426853.12 um | Accept Rate=100.0% | Improvements: 1792/7500 (23.9%) | Refine: 13029426/13029540 (100.0%) | Explore: 5577947/5577960 (100.0%)
T=3499443.81 | W=100.4um | Current HPWL=2136175.36 um | Best HPWL=426853.12 um | Accept Rate=100.0% | Improvements: 1747/7500 (23.3%) | Refine: 13134583/13134700 (100.0%) | Explore: 5622786/5622800 (100.0%)
T=3430115.86 | W=100.4um | Current HPWL=2120937.76 um | Best HPWL=426853.12 um | Accept Rate=100.0% | Improvements: 1774/7500 (23.7%) | Refine: 13239743/13239862 (100.0%) | Explore: 5667623/5667638 (100.0%)
T=3362161.37 | W=100.4um | Current HPWL=2110483.43 um | Best HPWL=426853.12 um | Accept Rate=100.0% | Improvements: 1733/7500 (23.1%) | Refine: 13344867/13344987 (100.0%) | Explore: 5712497/5712513 (100.0%)
T=3295553.14 | W=100.4um | Current HPWL=2136074.15 um | Best HPWL=426853.12 um | Accept Rate=100.0% | Improvements: 1745/7500 (23.3%) | Refine: 13449383/13449506 (100.0%) | Explore: 5757978/5757994 (100.0%)
T=3230264.49 | W=100.4um | Current HPWL=2127377.40 um | Best HPWL=426853.12 um | Accept Rate=100.0% | Improvements: 1849/7500 (24.7%) | Refine: 13554394/13554519 (100.0%) | Explore: 5802965/5802981 (100.0%)
T=3166269.28 | W=100.4um | Current HPWL=2109029.13 um | Best HPWL=426853.12 um | Accept Rate=100.0% | Improvements: 1796/7500 (23.9%) | Refine: 13659075/13659202 (100.0%) | Explore: 5848282/5848298 (100.0%)
T=3103541.89 | W=100.4um | Current HPWL=2121303.96 um | Best HPWL=426853.12 um | Accept Rate=100.0% | Improvements: 1731/7500 (23.1%) | Refine: 13764207/13764338 (100.0%) | Explore: 5893146/5893162 (100.0%)
T=3042057.21 | W=100.4um | Current HPWL=2111273.05 um | Best HPWL=426853.12 um | Accept Rate=100.0% | Improvements: 1805/7500 (24.1%) | Refine: 13869451/13869588 (100.0%) | Explore: 5937895/5937912 (100.0%)
T=2981790.60 | W=100.4um | Current HPWL=2100618.44 um | Best HPWL=426853.12 um | Accept Rate=100.0% | Improvements: 1752/7500 (23.4%) | Refine: 13974613/13974756 (100.0%) | Explore: 5982726/5982744 (100.0%)
T=2922717.94 | W=100.4um | Current HPWL=2125661.61 um | Best HPWL=426853.12 um | Accept Rate=100.0% | Improvements: 1744/7500 (23.3%) | Refine: 14079608/14079751 (100.0%) | Explore: 6027730/6027749 (100.0%)
T=2864815.58 | W=100.4um | Current HPWL=2137310.32 um | Best HPWL=426853.12 um | Accept Rate=100.0% | Improvements: 1774/7500 (23.7%) | Refine: 14184993/14185140 (100.0%) | Explore: 6072341/6072360 (100.0%)
T=2808060.33 | W=100.4um | Current HPWL=2125717.45 um | Best HPWL=426853.12 um | Accept Rate=100.0% | Improvements: 1758/7500 (23.4%) | Refine: 14289927/14290081 (100.0%) | Explore: 6117398/6117419 (100.0%)
T=2752429.47 | W=100.4um | Current HPWL=2126095.04 um | Best HPWL=426853.12 um | Accept Rate=100.0% | Improvements: 1740/7500 (23.2%) | Refine: 14394867/14395021 (100.0%) | Explore: 6162457/6162479 (100.0%)
T=2697900.72 | W=100.4um | Current HPWL=2129921.17 um | Best HPWL=426853.12 um | Accept Rate=100.0% | Improvements: 1762/7500 (23.5%) | Refine: 14500122/14500281 (100.0%) | Explore: 6207196/6207219 (100.0%)
T=2644452.24 | W=100.4um | Current HPWL=2111324.31 um | Best HPWL=426853.12 um | Accept Rate=100.0% | Improvements: 1770/7500 (23.6%) | Refine: 14604949/14605110 (100.0%) | Explore: 6252366/6252390 (100.0%)
T=2592062.64 | W=100.4um | Current HPWL=2112681.33 um | Best HPWL=426853.12 um | Accept Rate=100.0% | Improvements: 1716/7500 (22.9%) | Refine: 14710115/14710282 (100.0%) | Explore: 6297194/6297218 (100.0%)
T=2540710.94 | W=100.4um | Current HPWL=2096016.06 um | Best HPWL=426853.12 um | Accept Rate=100.0% | Improvements: 1785/7500 (23.8%) | Refine: 14815464/14815635 (100.0%) | Explore: 6341840/6341865 (100.0%)
T=2490376.57 | W=100.4um | Current HPWL=2068831.44 um | Best HPWL=426853.12 um | Accept Rate=100.0% | Improvements: 1779/7500 (23.7%) | Refine: 14920592/14920766 (100.0%) | Explore: 6386709/6386734 (100.0%)
T=2441039.38 | W=100.4um | Current HPWL=2093858.23 um | Best HPWL=426853.12 um | Accept Rate=100.0% | Improvements: 1782/7500 (23.8%) | Refine: 15025501/15025679 (100.0%) | Explore: 6431795/6431821 (100.0%)
T=2392679.62 | W=100.4um | Current HPWL=2061630.81 um | Best HPWL=426853.12 um | Accept Rate=100.0% | Improvements: 1739/7500 (23.2%) | Refine: 15130501/15130680 (100.0%) | Explore: 6476794/6476820 (100.0%)
T=2345277.92 | W=100.4um | Current HPWL=2072773.17 um | Best HPWL=426853.12 um | Accept Rate=100.0% | Improvements: 1823/7500 (24.3%) | Refine: 15235555/15235739 (100.0%) | Explore: 6521735/6521761 (100.0%)
T=2298815.31 | W=100.4um | Current HPWL=2084297.09 um | Best HPWL=426853.12 um | Accept Rate=100.0% | Improvements: 1723/7500 (23.0%) | Refine: 15340252/15340440 (100.0%) | Explore: 6567034/6567060 (100.0%)
T=2253273.16 | W=100.4um | Current HPWL=2100366.23 um | Best HPWL=426853.12 um | Accept Rate=100.0% | Improvements: 1714/7500 (22.9%) | Refine: 15445225/15445416 (100.0%) | Explore: 6612058/6612084 (100.0%)
T=2208633.27 | W=100.4um | Current HPWL=2109861.49 um | Best HPWL=426853.12 um | Accept Rate=100.0% | Improvements: 1775/7500 (23.7%) | Refine: 15550110/15550301 (100.0%) | Explore: 6657173/6657199 (100.0%)
T=2164877.73 | W=100.4um | Current HPWL=2135197.66 um | Best HPWL=426853.12 um | Accept Rate=100.0% | Improvements: 1775/7500 (23.7%) | Refine: 15655168/15655361 (100.0%) | Explore: 6702113/6702139 (100.0%)
T=2121989.05 | W=100.4um | Current HPWL=2112352.67 um | Best HPWL=426853.12 um | Accept Rate=100.0% | Improvements: 1714/7500 (22.9%) | Refine: 15759969/15760165 (100.0%) | Explore: 6747309/6747335 (100.0%)
T=2079950.04 | W=100.4um | Current HPWL=2127397.67 um | Best HPWL=426853.12 um | Accept Rate=100.0% | Improvements: 1728/7500 (23.0%) | Refine: 15864854/15865055 (100.0%) | Explore: 6792419/6792445 (100.0%)
T=2038743.86 | W=100.4um | Current HPWL=2103194.70 um | Best HPWL=426853.12 um | Accept Rate=100.0% | Improvements: 1752/7500 (23.4%) | Refine: 15969919/15970124 (100.0%) | Explore: 6837348/6837376 (100.0%)
T=1998354.03 | W=100.4um | Current HPWL=2113901.68 um | Best HPWL=426853.12 um | Accept Rate=100.0% | Improvements: 1790/7500 (23.9%) | Refine: 16075269/16075479 (100.0%) | Explore: 6881992/6882021 (100.0%)
T=1958764.37 | W=100.4um | Current HPWL=2113902.41 um | Best HPWL=426853.12 um | Accept Rate=100.0% | Improvements: 1777/7500 (23.7%) | Refine: 16180322/16180535 (100.0%) | Explore: 6926934/6926965 (100.0%)
T=1919959.03 | W=100.4um | Current HPWL=2111894.58 um | Best HPWL=426853.12 um | Accept Rate=100.0% | Improvements: 1740/7500 (23.2%) | Refine: 16285406/16285622 (100.0%) | Explore: 6971847/6971878 (100.0%)
T=1881922.46 | W=100.4um | Current HPWL=2094657.72 um | Best HPWL=426853.12 um | Accept Rate=100.0% | Improvements: 1799/7500 (24.0%) | Refine: 16390562/16390782 (100.0%) | Explore: 7016687/7016718 (100.0%)
T=1844639.44 | W=100.4um | Current HPWL=2117223.30 um | Best HPWL=426853.12 um | Accept Rate=100.0% | Improvements: 1748/7500 (23.3%) | Refine: 16495589/16495817 (100.0%) | Explore: 7061652/7061683 (100.0%)
T=1808095.04 | W=100.4um | Current HPWL=2083398.85 um | Best HPWL=426853.12 um | Accept Rate=100.0% | Improvements: 1721/7500 (22.9%) | Refine: 16600678/16600911 (100.0%) | Explore: 7106558/7106589 (100.0%)
T=1772274.62 | W=100.4um | Current HPWL=2094072.73 um | Best HPWL=426853.12 um | Accept Rate=100.0% | Improvements: 1831/7500 (24.4%) | Refine: 16705739/16705975 (100.0%) | Explore: 7151492/7151525 (100.0%)
T=1737163.85 | W=100.4um | Current HPWL=2096162.03 um | Best HPWL=426853.12 um | Accept Rate=100.0% | Improvements: 1738/7500 (23.2%) | Refine: 16811063/16811304 (100.0%) | Explore: 7196163/7196196 (100.0%)
T=1702748.66 | W=100.4um | Current HPWL=2104430.47 um | Best HPWL=426853.12 um | Accept Rate=100.0% | Improvements: 1835/7500 (24.5%) | Refine: 16915894/16916142 (100.0%) | Explore: 7241325/7241358 (100.0%)
T=1669015.28 | W=100.4um | Current HPWL=2109874.56 um | Best HPWL=426853.12 um | Accept Rate=100.0% | Improvements: 1713/7500 (22.8%) | Refine: 17020952/17021203 (100.0%) | Explore: 7286264/7286297 (100.0%)
T=1635950.19 | W=100.4um | Current HPWL=2106425.98 um | Best HPWL=426853.12 um | Accept Rate=100.0% | Improvements: 1793/7500 (23.9%) | Refine: 17125638/17125892 (100.0%) | Explore: 7331575/7331608 (100.0%)
T=1603540.16 | W=100.4um | Current HPWL=2108464.06 um | Best HPWL=426853.12 um | Accept Rate=100.0% | Improvements: 1756/7500 (23.4%) | Refine: 17230585/17230843 (100.0%) | Explore: 7376623/7376657 (100.0%)
T=1571772.21 | W=100.4um | Current HPWL=2125864.30 um | Best HPWL=426853.12 um | Accept Rate=100.0% | Improvements: 1733/7500 (23.1%) | Refine: 17335597/17335859 (100.0%) | Explore: 7421607/7421641 (100.0%)
T=1540633.62 | W=100.4um | Current HPWL=2126676.70 um | Best HPWL=426853.12 um | Accept Rate=100.0% | Improvements: 1765/7500 (23.5%) | Refine: 17440822/17441093 (100.0%) | Explore: 7466372/7466407 (100.0%)
T=1510111.92 | W=100.4um | Current HPWL=2098364.17 um | Best HPWL=426853.12 um | Accept Rate=100.0% | Improvements: 1777/7500 (23.7%) | Refine: 17546113/17546392 (100.0%) | Explore: 7511073/7511108 (100.0%)
T=1480194.89 | W=100.4um | Current HPWL=2111488.69 um | Best HPWL=426853.12 um | Accept Rate=100.0% | Improvements: 1737/7500 (23.2%) | Refine: 17650851/17651137 (100.0%) | Explore: 7556327/7556363 (100.0%)
T=1450870.55 | W=100.4um | Current HPWL=2113221.02 um | Best HPWL=426853.12 um | Accept Rate=100.0% | Improvements: 1745/7500 (23.3%) | Refine: 17755852/17756147 (100.0%) | Explore: 7601315/7601353 (100.0%)
T=1422127.15 | W=100.4um | Current HPWL=2105021.69 um | Best HPWL=426853.12 um | Accept Rate=100.0% | Improvements: 1747/7500 (23.3%) | Refine: 17860754/17861055 (100.0%) | Explore: 7646406/7646445 (100.0%)
T=1393953.20 | W=100.4um | Current HPWL=2104589.96 um | Best HPWL=426853.12 um | Accept Rate=100.0% | Improvements: 1835/7500 (24.5%) | Refine: 17965927/17966232 (100.0%) | Explore: 7691228/7691268 (100.0%)
T=1366337.40 | W=100.4um | Current HPWL=2101696.65 um | Best HPWL=426853.12 um | Accept Rate=100.0% | Improvements: 1748/7500 (23.3%) | Refine: 18070802/18071110 (100.0%) | Explore: 7736350/7736390 (100.0%)
T=1339268.71 | W=100.4um | Current HPWL=2079238.90 um | Best HPWL=426853.12 um | Accept Rate=100.0% | Improvements: 1742/7500 (23.2%) | Refine: 18175959/18176273 (100.0%) | Explore: 7781185/7781227 (100.0%)
T=1312736.28 | W=100.4um | Current HPWL=2094112.13 um | Best HPWL=426853.12 um | Accept Rate=100.0% | Improvements: 1742/7500 (23.2%) | Refine: 18281026/18281348 (100.0%) | Explore: 7826110/7826152 (100.0%)
T=1286729.48 | W=100.4um | Current HPWL=2111417.24 um | Best HPWL=426853.12 um | Accept Rate=100.0% | Improvements: 1762/7500 (23.5%) | Refine: 18385981/18386306 (100.0%) | Explore: 7871151/7871194 (100.0%)
T=1261237.91 | W=100.4um | Current HPWL=2092053.18 um | Best HPWL=426853.12 um | Accept Rate=100.0% | Improvements: 1770/7500 (23.6%) | Refine: 18490786/18491121 (100.0%) | Explore: 7916336/7916379 (100.0%)
T=1236251.35 | W=100.4um | Current HPWL=2104105.39 um | Best HPWL=426853.12 um | Accept Rate=100.0% | Improvements: 1765/7500 (23.5%) | Refine: 18595870/18596210 (100.0%) | Explore: 7961247/7961290 (100.0%)
T=1211759.81 | W=100.4um | Current HPWL=2132003.04 um | Best HPWL=426853.12 um | Accept Rate=100.0% | Improvements: 1690/7500 (22.5%) | Refine: 18700462/18700809 (100.0%) | Explore: 8006646/8006691 (100.0%)
T=1187753.47 | W=100.4um | Current HPWL=2117235.23 um | Best HPWL=426853.12 um | Accept Rate=100.0% | Improvements: 1760/7500 (23.5%) | Refine: 18805314/18805667 (100.0%) | Explore: 8051786/8051833 (100.0%)
T=1164222.73 | W=100.4um | Current HPWL=2114649.68 um | Best HPWL=426853.12 um | Accept Rate=100.0% | Improvements: 1734/7500 (23.1%) | Refine: 18910628/18910988 (100.0%) | Explore: 8096463/8096512 (100.0%)
T=1141158.16 | W=100.4um | Current HPWL=2104907.97 um | Best HPWL=426853.12 um | Accept Rate=100.0% | Improvements: 1793/7500 (23.9%) | Refine: 19015289/19015659 (100.0%) | Explore: 8141791/8141841 (100.0%)
T=1118550.52 | W=100.4um | Current HPWL=2101310.13 um | Best HPWL=426853.12 um | Accept Rate=100.0% | Improvements: 1759/7500 (23.5%) | Refine: 19120360/19120742 (100.0%) | Explore: 8186707/8186758 (100.0%)
T=1096390.76 | W=100.4um | Current HPWL=2116538.07 um | Best HPWL=426853.12 um | Accept Rate=100.0% | Improvements: 1781/7500 (23.7%) | Refine: 19225326/19225716 (100.0%) | Explore: 8231733/8231784 (100.0%)
T=1074670.02 | W=100.4um | Current HPWL=2102452.92 um | Best HPWL=426853.12 um | Accept Rate=100.0% | Improvements: 1792/7500 (23.9%) | Refine: 19330179/19330576 (100.0%) | Explore: 8276871/8276924 (100.0%)
T=1053379.58 | W=100.4um | Current HPWL=2123507.25 um | Best HPWL=426853.12 um | Accept Rate=100.0% | Improvements: 1793/7500 (23.9%) | Refine: 19435312/19435726 (100.0%) | Explore: 8321720/8321774 (100.0%)
T=1032510.94 | W=100.4um | Current HPWL=2107758.18 um | Best HPWL=426853.12 um | Accept Rate=100.0% | Improvements: 1748/7500 (23.3%) | Refine: 19540349/19540772 (100.0%) | Explore: 8366673/8366728 (100.0%)
T=1012055.72 | W=100.4um | Current HPWL=2100015.57 um | Best HPWL=426853.12 um | Accept Rate=100.0% | Improvements: 1756/7500 (23.4%) | Refine: 19645293/19645726 (100.0%) | Explore: 8411718/8411774 (100.0%)
T=992005.75 | W=100.4um | Current HPWL=2094753.95 um | Best HPWL=426853.12 um | Accept Rate=100.0% | Improvements: 1738/7500 (23.2%) | Refine: 19750270/19750715 (100.0%) | Explore: 8456726/8456785 (100.0%)
T=972352.99 | W=100.4um | Current HPWL=2125957.26 um | Best HPWL=426853.12 um | Accept Rate=100.0% | Improvements: 1768/7500 (23.6%) | Refine: 19855215/19855666 (100.0%) | Explore: 8501773/8501834 (100.0%)
T=953089.57 | W=100.4um | Current HPWL=2103509.79 um | Best HPWL=426853.12 um | Accept Rate=100.0% | Improvements: 1744/7500 (23.3%) | Refine: 19960039/19960500 (100.0%) | Explore: 8546939/8547000 (100.0%)
T=934207.79 | W=100.4um | Current HPWL=2097786.86 um | Best HPWL=426853.12 um | Accept Rate=100.0% | Improvements: 1735/7500 (23.1%) | Refine: 20065121/20065601 (100.0%) | Explore: 8591837/8591899 (100.0%)
T=915700.07 | W=100.4um | Current HPWL=2100630.32 um | Best HPWL=426853.12 um | Accept Rate=100.0% | Improvements: 1841/7500 (24.5%) | Refine: 20170223/20170715 (100.0%) | Explore: 8636723/8636785 (100.0%)
T=897559.01 | W=100.4um | Current HPWL=2110785.80 um | Best HPWL=426853.12 um | Accept Rate=100.0% | Improvements: 1749/7500 (23.3%) | Refine: 20275360/20275863 (100.0%) | Explore: 8681575/8681637 (100.0%)
T=879777.35 | W=100.4um | Current HPWL=2120395.08 um | Best HPWL=426853.12 um | Accept Rate=100.0% | Improvements: 1775/7500 (23.7%) | Refine: 20380217/20380727 (100.0%) | Explore: 8726711/8726773 (100.0%)
T=862347.96 | W=100.4um | Current HPWL=2133839.01 um | Best HPWL=426853.12 um | Accept Rate=100.0% | Improvements: 1705/7500 (22.7%) | Refine: 20485560/20486080 (100.0%) | Explore: 8771357/8771420 (100.0%)
T=845263.87 | W=100.4um | Current HPWL=2121891.10 um | Best HPWL=426853.12 um | Accept Rate=100.0% | Improvements: 1708/7500 (22.8%) | Refine: 20590646/20591176 (100.0%) | Explore: 8816260/8816324 (100.0%)
T=828518.23 | W=100.4um | Current HPWL=2121783.64 um | Best HPWL=426853.12 um | Accept Rate=100.0% | Improvements: 1762/7500 (23.5%) | Refine: 20695880/20696423 (100.0%) | Explore: 8861010/8861077 (100.0%)
T=812104.35 | W=100.4um | Current HPWL=2133126.38 um | Best HPWL=426853.12 um | Accept Rate=100.0% | Improvements: 1764/7500 (23.5%) | Refine: 20800791/20801341 (100.0%) | Explore: 8906090/8906159 (100.0%)
T=796015.64 | W=100.4um | Current HPWL=2089283.54 um | Best HPWL=426853.12 um | Accept Rate=100.0% | Improvements: 1719/7500 (22.9%) | Refine: 20905680/20906241 (100.0%) | Explore: 8951190/8951259 (100.0%)
T=780245.66 | W=100.4um | Current HPWL=2128592.76 um | Best HPWL=426853.12 um | Accept Rate=100.0% | Improvements: 1743/7500 (23.2%) | Refine: 21010568/21011141 (100.0%) | Explore: 8996288/8996359 (100.0%)
T=764788.11 | W=100.4um | Current HPWL=2130562.21 um | Best HPWL=426853.12 um | Accept Rate=100.0% | Improvements: 1792/7500 (23.9%) | Refine: 21115275/21115859 (100.0%) | Explore: 9041568/9041641 (100.0%)
T=749636.79 | W=100.4um | Current HPWL=2111062.67 um | Best HPWL=426853.12 um | Accept Rate=100.0% | Improvements: 1745/7500 (23.3%) | Refine: 21220447/21221044 (100.0%) | Explore: 9086379/9086456 (100.0%)
T=734785.64 | W=100.4um | Current HPWL=2141251.19 um | Best HPWL=426853.12 um | Accept Rate=100.0% | Improvements: 1730/7500 (23.1%) | Refine: 21324897/21325506 (100.0%) | Explore: 9131916/9131994 (100.0%)
T=720228.70 | W=100.4um | Current HPWL=2115168.82 um | Best HPWL=426853.12 um | Accept Rate=100.0% | Improvements: 1799/7500 (24.0%) | Refine: 21430018/21430634 (100.0%) | Explore: 9176786/9176866 (100.0%)
T=705960.15 | W=100.4um | Current HPWL=2102453.22 um | Best HPWL=426853.12 um | Accept Rate=100.0% | Improvements: 1765/7500 (23.5%) | Refine: 21534909/21535539 (100.0%) | Explore: 9221881/9221961 (100.0%)
T=691974.28 | W=100.4um | Current HPWL=2119684.09 um | Best HPWL=426853.12 um | Accept Rate=100.0% | Improvements: 1728/7500 (23.0%) | Refine: 21640114/21640753 (100.0%) | Explore: 9266667/9266747 (100.0%)
T=678265.48 | W=100.4um | Current HPWL=2090834.21 um | Best HPWL=426853.12 um | Accept Rate=100.0% | Improvements: 1756/7500 (23.4%) | Refine: 21745067/21745719 (100.0%) | Explore: 9311701/9311781 (100.0%)
T=664828.27 | W=100.4um | Current HPWL=2113685.86 um | Best HPWL=426853.12 um | Accept Rate=100.0% | Improvements: 1759/7500 (23.5%) | Refine: 21850454/21851115 (100.0%) | Explore: 9356303/9356385 (100.0%)
T=651657.27 | W=100.4um | Current HPWL=2153693.70 um | Best HPWL=426853.12 um | Accept Rate=100.0% | Improvements: 1715/7500 (22.9%) | Refine: 21955014/21955692 (100.0%) | Explore: 9401723/9401808 (100.0%)
T=638747.20 | W=100.4um | Current HPWL=2118835.02 um | Best HPWL=426853.12 um | Accept Rate=100.0% | Improvements: 1744/7500 (23.3%) | Refine: 22060103/22060794 (100.0%) | Explore: 9446620/9446706 (100.0%)
T=626092.89 | W=100.4um | Current HPWL=2121522.00 um | Best HPWL=426853.12 um | Accept Rate=100.0% | Improvements: 1772/7500 (23.6%) | Refine: 22165235/22165935 (100.0%) | Explore: 9491477/9491565 (100.0%)
T=613689.28 | W=100.4um | Current HPWL=2131623.80 um | Best HPWL=426853.12 um | Accept Rate=100.0% | Improvements: 1737/7500 (23.2%) | Refine: 22270648/22271363 (100.0%) | Explore: 9536048/9536137 (100.0%)
T=601531.40 | W=100.4um | Current HPWL=2128295.36 um | Best HPWL=426853.12 um | Accept Rate=100.0% | Improvements: 1711/7500 (22.8%) | Refine: 22375323/22376049 (100.0%) | Explore: 9581360/9581451 (100.0%)
T=589614.38 | W=100.4um | Current HPWL=2103042.45 um | Best HPWL=426853.12 um | Accept Rate=100.0% | Improvements: 1740/7500 (23.2%) | Refine: 22480456/22481190 (100.0%) | Explore: 9626216/9626310 (100.0%)
T=577933.45 | W=100.4um | Current HPWL=2143452.33 um | Best HPWL=426853.12 um | Accept Rate=100.0% | Improvements: 1727/7500 (23.0%) | Refine: 22585314/22586057 (100.0%) | Explore: 9671347/9671443 (100.0%)
T=566483.93 | W=100.4um | Current HPWL=2068416.33 um | Best HPWL=426853.12 um | Accept Rate=100.0% | Improvements: 1835/7500 (24.5%) | Refine: 22690412/22691169 (100.0%) | Explore: 9716232/9716331 (100.0%)
T=555261.24 | W=100.4um | Current HPWL=2087995.79 um | Best HPWL=426853.12 um | Accept Rate=100.0% | Improvements: 1779/7500 (23.7%) | Refine: 22795661/22796429 (100.0%) | Explore: 9760970/9761071 (100.0%)
T=544260.89 | W=100.4um | Current HPWL=2096050.98 um | Best HPWL=426853.12 um | Accept Rate=100.0% | Improvements: 1751/7500 (23.3%) | Refine: 22900604/22901393 (100.0%) | Explore: 9806006/9806107 (100.0%)
T=533478.46 | W=100.4um | Current HPWL=2084254.60 um | Best HPWL=426853.12 um | Accept Rate=100.0% | Improvements: 1790/7500 (23.9%) | Refine: 23005883/23006684 (100.0%) | Explore: 9850710/9850816 (100.0%)
T=522909.65 | W=100.4um | Current HPWL=2091576.23 um | Best HPWL=426853.12 um | Accept Rate=100.0% | Improvements: 1837/7500 (24.5%) | Refine: 23111019/23111836 (100.0%) | Explore: 9895553/9895664 (100.0%)
T=512550.21 | W=100.4um | Current HPWL=2115837.53 um | Best HPWL=426853.12 um | Accept Rate=100.0% | Improvements: 1727/7500 (23.0%) | Refine: 23215980/23216834 (100.0%) | Explore: 9940552/9940666 (100.0%)
T=502396.01 | W=100.4um | Current HPWL=2126072.43 um | Best HPWL=426853.12 um | Accept Rate=100.0% | Improvements: 1787/7500 (23.8%) | Refine: 23321074/23321938 (100.0%) | Explore: 9985446/9985562 (100.0%)
T=492442.98 | W=100.4um | Current HPWL=2118854.62 um | Best HPWL=426853.12 um | Accept Rate=100.0% | Improvements: 1731/7500 (23.1%) | Refine: 23425952/23426826 (100.0%) | Explore: 10030555/10030674 (100.0%)
T=482687.12 | W=100.4um | Current HPWL=2140559.59 um | Best HPWL=426853.12 um | Accept Rate=100.0% | Improvements: 1759/7500 (23.5%) | Refine: 23530898/23531785 (100.0%) | Explore: 10075596/10075715 (100.0%)
T=473124.54 | W=100.4um | Current HPWL=2123087.72 um | Best HPWL=426853.12 um | Accept Rate=100.0% | Improvements: 1784/7500 (23.8%) | Refine: 23635744/23636648 (100.0%) | Explore: 10120729/10120852 (100.0%)
T=463751.41 | W=100.4um | Current HPWL=2123352.02 um | Best HPWL=426853.12 um | Accept Rate=100.0% | Improvements: 1785/7500 (23.8%) | Refine: 23740705/23741629 (100.0%) | Explore: 10165746/10165871 (100.0%)
T=454563.97 | W=100.4um | Current HPWL=2118457.38 um | Best HPWL=426853.12 um | Accept Rate=100.0% | Improvements: 1800/7500 (24.0%) | Refine: 23845551/23846493 (100.0%) | Explore: 10210881/10211007 (100.0%)
T=445558.54 | W=100.4um | Current HPWL=2134207.51 um | Best HPWL=426853.12 um | Accept Rate=100.0% | Improvements: 1781/7500 (23.7%) | Refine: 23950421/23951387 (100.0%) | Explore: 10255984/10256113 (100.0%)
T=436731.52 | W=100.4um | Current HPWL=2142418.30 um | Best HPWL=426853.12 um | Accept Rate=100.0% | Improvements: 1692/7500 (22.6%) | Refine: 24055292/24056278 (100.0%) | Explore: 10301091/10301222 (100.0%)
T=428079.37 | W=100.4um | Current HPWL=2105616.34 um | Best HPWL=426853.12 um | Accept Rate=100.0% | Improvements: 1748/7500 (23.3%) | Refine: 24160370/24161378 (100.0%) | Explore: 10345987/10346122 (100.0%)
T=419598.63 | W=100.4um | Current HPWL=2103139.48 um | Best HPWL=426853.12 um | Accept Rate=100.0% | Improvements: 1809/7500 (24.1%) | Refine: 24265034/24266060 (100.0%) | Explore: 10391303/10391440 (100.0%)
