
============================================================
Simulated Annealing Optimization
============================================================
Initial HPWL: 1256322.32 um
Initial Temperature: 12563223200.00
Cooling Rate (alpha): 0.9927777777777778
Moves per Temperature: 2333
Final Temperature: 0.001
Initial Window Size: 501.80 um
Window Cooling Rate (beta): 0.98
Move Probabilities: Refine=70.0%, Explore=30.0%
============================================================

T=12563223200.00 | W=501.8um | Current HPWL=2094380.21 um | Best HPWL=1256322.32 um | Accept Rate=100.0% | Improvements: 87/2333 (3.7%) | Refine: 1667/1667 (100.0%) | Explore: 666/666 (100.0%)
T=11684807165.00 | W=410.0um | Current HPWL=4367547.01 um | Best HPWL=1256322.32 um | Accept Rate=100.0% | Improvements: 545/2333 (23.4%) | Refine: 18028/18028 (100.0%) | Explore: 7635/7635 (100.0%)
T=10867809662.35 | W=335.0um | Current HPWL=4821796.44 um | Best HPWL=1256322.32 um | Accept Rate=100.0% | Improvements: 658/2333 (28.2%) | Refine: 34376/34376 (100.0%) | Explore: 14617/14617 (100.0%)
T=10107936330.42 | W=273.7um | Current HPWL=5060281.70 um | Best HPWL=1256322.32 um | Accept Rate=100.0% | Improvements: 625/2333 (26.8%) | Refine: 50746/50746 (100.0%) | Explore: 21577/21577 (100.0%)
T=9401193067.80 | W=223.7um | Current HPWL=5155256.79 um | Best HPWL=1256322.32 um | Accept Rate=100.0% | Improvements: 640/2333 (27.4%) | Refine: 67037/67037 (100.0%) | Explore: 28616/28616 (100.0%)
T=8743865039.20 | W=182.7um | Current HPWL=5232716.68 um | Best HPWL=1256322.32 um | Accept Rate=100.0% | Improvements: 621/2333 (26.6%) | Refine: 83432/83432 (100.0%) | Explore: 35551/35551 (100.0%)
T=8132497149.29 | W=149.3um | Current HPWL=5285433.93 um | Best HPWL=1256322.32 um | Accept Rate=100.0% | Improvements: 629/2333 (27.0%) | Refine: 99672/99672 (100.0%) | Explore: 42641/42641 (100.0%)
T=7563875881.73 | W=122.0um | Current HPWL=5332297.12 um | Best HPWL=1256322.32 um | Accept Rate=100.0% | Improvements: 638/2333 (27.3%) | Refine: 115941/115941 (100.0%) | Explore: 49702/49702 (100.0%)
T=7035012408.13 | W=100.4um | Current HPWL=5337421.10 um | Best HPWL=1256322.32 um | Accept Rate=100.0% | Improvements: 642/2333 (27.5%) | Refine: 132154/132154 (100.0%) | Explore: 56819/56819 (100.0%)
T=6543126877.85 | W=100.4um | Current HPWL=5350614.51 um | Best HPWL=1256322.32 um | Accept Rate=100.0% | Improvements: 644/2333 (27.6%) | Refine: 148606/148606 (100.0%) | Explore: 63697/63697 (100.0%)
T=6085633806.44 | W=100.4um | Current HPWL=5375414.97 um | Best HPWL=1256322.32 um | Accept Rate=100.0% | Improvements: 659/2333 (28.2%) | Refine: 164897/164897 (100.0%) | Explore: 70736/70736 (100.0%)
T=5660128485.58 | W=100.4um | Current HPWL=5386445.15 um | Best HPWL=1256322.32 um | Accept Rate=100.0% | Improvements: 641/2333 (27.5%) | Refine: 181312/181312 (100.0%) | Explore: 77651/77651 (100.0%)
T=5264374343.29 | W=100.4um | Current HPWL=5451084.41 um | Best HPWL=1256322.32 um | Accept Rate=100.0% | Improvements: 643/2333 (27.6%) | Refine: 197548/197548 (100.0%) | Explore: 84745/84745 (100.0%)
T=4896291187.90 | W=100.4um | Current HPWL=5434436.00 um | Best HPWL=1256322.32 um | Accept Rate=100.0% | Improvements: 666/2333 (28.5%) | Refine: 213869/213869 (100.0%) | Explore: 91754/91754 (100.0%)
T=4553944273.97 | W=100.4um | Current HPWL=5469609.09 um | Best HPWL=1256322.32 um | Accept Rate=100.0% | Improvements: 598/2333 (25.6%) | Refine: 230175/230175 (100.0%) | Explore: 98778/98778 (100.0%)
T=4235534132.79 | W=100.4um | Current HPWL=5456847.66 um | Best HPWL=1256322.32 um | Accept Rate=100.0% | Improvements: 666/2333 (28.5%) | Refine: 246537/246537 (100.0%) | Explore: 105746/105746 (100.0%)
T=3939387113.85 | W=100.4um | Current HPWL=5518714.03 um | Best HPWL=1256322.32 um | Accept Rate=100.0% | Improvements: 700/2333 (30.0%) | Refine: 262915/262915 (100.0%) | Explore: 112698/112698 (100.0%)
T=3663946587.66 | W=100.4um | Current HPWL=5527742.39 um | Best HPWL=1256322.32 um | Accept Rate=100.0% | Improvements: 640/2333 (27.4%) | Refine: 279227/279227 (100.0%) | Explore: 119716/119716 (100.0%)
T=3407764763.71 | W=100.4um | Current HPWL=5543835.22 um | Best HPWL=1256322.32 um | Accept Rate=100.0% | Improvements: 650/2333 (27.9%) | Refine: 295619/295619 (100.0%) | Explore: 126654/126654 (100.0%)
T=3169495080.50 | W=100.4um | Current HPWL=5558137.48 um | Best HPWL=1256322.32 um | Accept Rate=100.0% | Improvements: 690/2333 (29.6%) | Refine: 311962/311962 (100.0%) | Explore: 133641/133641 (100.0%)
T=2947885127.61 | W=100.4um | Current HPWL=5537239.07 um | Best HPWL=1256322.32 um | Accept Rate=100.0% | Improvements: 671/2333 (28.8%) | Refine: 328290/328290 (100.0%) | Explore: 140643/140643 (100.0%)
T=2741770062.69 | W=100.4um | Current HPWL=5574159.07 um | Best HPWL=1256322.32 um | Accept Rate=100.0% | Improvements: 644/2333 (27.6%) | Refine: 344554/344554 (100.0%) | Explore: 147709/147709 (100.0%)
T=2550066488.77 | W=100.4um | Current HPWL=5607377.11 um | Best HPWL=1256322.32 um | Accept Rate=100.0% | Improvements: 656/2333 (28.1%) | Refine: 360923/360923 (100.0%) | Explore: 154670/154670 (100.0%)
T=2371766759.60 | W=100.4um | Current HPWL=5612256.01 um | Best HPWL=1256322.32 um | Accept Rate=100.0% | Improvements: 655/2333 (28.1%) | Refine: 377307/377307 (100.0%) | Explore: 161616/161616 (100.0%)
T=2205933683.19 | W=100.4um | Current HPWL=5625134.19 um | Best HPWL=1256322.32 um | Accept Rate=100.0% | Improvements: 646/2333 (27.7%) | Refine: 393631/393631 (100.0%) | Explore: 168622/168622 (100.0%)
T=2051695595.67 | W=100.4um | Current HPWL=5638278.95 um | Best HPWL=1256322.32 um | Accept Rate=100.0% | Improvements: 623/2333 (26.7%) | Refine: 410068/410068 (100.0%) | Explore: 175515/175515 (100.0%)
T=1908241779.60 | W=100.4um | Current HPWL=5683684.74 um | Best HPWL=1256322.32 um | Accept Rate=100.0% | Improvements: 667/2333 (28.6%) | Refine: 426357/426357 (100.0%) | Explore: 182556/182556 (100.0%)
T=1774818202.61 | W=100.4um | Current HPWL=5723176.18 um | Best HPWL=1256322.32 um | Accept Rate=100.0% | Improvements: 630/2333 (27.0%) | Refine: 442706/442706 (100.0%) | Explore: 189537/189537 (100.0%)
T=1650723554.00 | W=100.4um | Current HPWL=5669165.61 um | Best HPWL=1256322.32 um | Accept Rate=100.0% | Improvements: 683/2333 (29.3%) | Refine: 458998/458998 (100.0%) | Explore: 196575/196575 (100.0%)
T=1535305558.47 | W=100.4um | Current HPWL=5715327.57 um | Best HPWL=1256322.32 um | Accept Rate=100.0% | Improvements: 656/2333 (28.1%) | Refine: 475241/475241 (100.0%) | Explore: 203662/203662 (100.0%)
T=1427957547.56 | W=100.4um | Current HPWL=5748265.05 um | Best HPWL=1256322.32 um | Accept Rate=100.0% | Improvements: 636/2333 (27.3%) | Refine: 491461/491461 (100.0%) | Explore: 210772/210772 (100.0%)
T=1328115270.85 | W=100.4um | Current HPWL=5727183.08 um | Best HPWL=1256322.32 um | Accept Rate=100.0% | Improvements: 642/2333 (27.5%) | Refine: 507820/507820 (100.0%) | Explore: 217743/217743 (100.0%)
T=1235253930.12 | W=100.4um | Current HPWL=5750553.96 um | Best HPWL=1256322.32 um | Accept Rate=100.0% | Improvements: 670/2333 (28.7%) | Refine: 524140/524140 (100.0%) | Explore: 224753/224753 (100.0%)
T=1148885420.84 | W=100.4um | Current HPWL=5810239.03 um | Best HPWL=1256322.32 um | Accept Rate=100.0% | Improvements: 662/2333 (28.4%) | Refine: 540558/540558 (100.0%) | Explore: 231665/231665 (100.0%)
T=1068555766.58 | W=100.4um | Current HPWL=5777970.77 um | Best HPWL=1256322.32 um | Accept Rate=100.0% | Improvements: 627/2333 (26.9%) | Refine: 556733/556733 (100.0%) | Explore: 238820/238820 (100.0%)
T=993842732.77 | W=100.4um | Current HPWL=5777955.83 um | Best HPWL=1256322.32 um | Accept Rate=100.0% | Improvements: 661/2333 (28.3%) | Refine: 573041/573041 (100.0%) | Explore: 245842/245842 (100.0%)
T=924353607.34 | W=100.4um | Current HPWL=5798795.56 um | Best HPWL=1256322.32 um | Accept Rate=100.0% | Improvements: 656/2333 (28.1%) | Refine: 589441/589441 (100.0%) | Explore: 252772/252772 (100.0%)
T=859723136.50 | W=100.4um | Current HPWL=5809659.54 um | Best HPWL=1256322.32 um | Accept Rate=100.0% | Improvements: 642/2333 (27.5%) | Refine: 605750/605750 (100.0%) | Explore: 259793/259793 (100.0%)
T=799611604.87 | W=100.4um | Current HPWL=5830731.05 um | Best HPWL=1256322.32 um | Accept Rate=100.0% | Improvements: 642/2333 (27.5%) | Refine: 622194/622194 (100.0%) | Explore: 266679/266679 (100.0%)
T=743703049.85 | W=100.4um | Current HPWL=5866215.57 um | Best HPWL=1256322.32 um | Accept Rate=100.0% | Improvements: 608/2333 (26.1%) | Refine: 638547/638547 (100.0%) | Explore: 273656/273656 (100.0%)
T=691703600.84 | W=100.4um | Current HPWL=5872451.00 um | Best HPWL=1256322.32 um | Accept Rate=100.0% | Improvements: 649/2333 (27.8%) | Refine: 654850/654850 (100.0%) | Explore: 280683/280683 (100.0%)
T=643339934.54 | W=100.4um | Current HPWL=5857771.63 um | Best HPWL=1256322.32 um | Accept Rate=100.0% | Improvements: 672/2333 (28.8%) | Refine: 671312/671312 (100.0%) | Explore: 287551/287551 (100.0%)
T=598357838.35 | W=100.4um | Current HPWL=5889380.00 um | Best HPWL=1256322.32 um | Accept Rate=100.0% | Improvements: 610/2333 (26.1%) | Refine: 687541/687541 (100.0%) | Explore: 294652/294652 (100.0%)
T=556520874.10 | W=100.4um | Current HPWL=5935067.21 um | Best HPWL=1256322.32 um | Accept Rate=100.0% | Improvements: 669/2333 (28.7%) | Refine: 703735/703735 (100.0%) | Explore: 301788/301788 (100.0%)
T=517609135.30 | W=100.4um | Current HPWL=5927691.35 um | Best HPWL=1256322.32 um | Accept Rate=100.0% | Improvements: 666/2333 (28.5%) | Refine: 719985/719985 (100.0%) | Explore: 308868/308868 (100.0%)
T=481418091.25 | W=100.4um | Current HPWL=5951151.88 um | Best HPWL=1256322.32 um | Accept Rate=100.0% | Improvements: 639/2333 (27.4%) | Refine: 736313/736313 (100.0%) | Explore: 315870/315870 (100.0%)
T=447757511.94 | W=100.4um | Current HPWL=5964317.14 um | Best HPWL=1256322.32 um | Accept Rate=100.0% | Improvements: 673/2333 (28.8%) | Refine: 752605/752605 (100.0%) | Explore: 322908/322908 (100.0%)
T=416450468.20 | W=100.4um | Current HPWL=5941444.90 um | Best HPWL=1256322.32 um | Accept Rate=100.0% | Improvements: 590/2333 (25.3%) | Refine: 769071/769071 (100.0%) | Explore: 329772/329772 (100.0%)
T=387332401.66 | W=100.4um | Current HPWL=5992730.24 um | Best HPWL=1256322.32 um | Accept Rate=100.0% | Improvements: 611/2333 (26.2%) | Refine: 785397/785397 (100.0%) | Explore: 336776/336776 (100.0%)
T=360250259.83 | W=100.4um | Current HPWL=5966658.38 um | Best HPWL=1256322.32 um | Accept Rate=100.0% | Improvements: 651/2333 (27.9%) | Refine: 801749/801749 (100.0%) | Explore: 343754/343754 (100.0%)
T=335061691.60 | W=100.4um | Current HPWL=5956431.67 um | Best HPWL=1256322.32 um | Accept Rate=100.0% | Improvements: 660/2333 (28.3%) | Refine: 818124/818124 (100.0%) | Explore: 350709/350709 (100.0%)
T=311634298.97 | W=100.4um | Current HPWL=6015944.73 um | Best HPWL=1256322.32 um | Accept Rate=100.0% | Improvements: 638/2333 (27.3%) | Refine: 834411/834411 (100.0%) | Explore: 357752/357752 (100.0%)
T=289844941.18 | W=100.4um | Current HPWL=6016774.26 um | Best HPWL=1256322.32 um | Accept Rate=100.0% | Improvements: 647/2333 (27.7%) | Refine: 850689/850689 (100.0%) | Explore: 364804/364804 (100.0%)
T=269579087.43 | W=100.4um | Current HPWL=6016584.14 um | Best HPWL=1256322.32 um | Accept Rate=100.0% | Improvements: 664/2333 (28.5%) | Refine: 867085/867085 (100.0%) | Explore: 371738/371738 (100.0%)
T=250730214.86 | W=100.4um | Current HPWL=6027982.56 um | Best HPWL=1256322.32 um | Accept Rate=100.0% | Improvements: 655/2333 (28.1%) | Refine: 883417/883417 (100.0%) | Explore: 378736/378736 (100.0%)
T=233199248.67 | W=100.4um | Current HPWL=6039019.69 um | Best HPWL=1256322.32 um | Accept Rate=100.0% | Improvements: 648/2333 (27.8%) | Refine: 899777/899777 (100.0%) | Explore: 385706/385706 (100.0%)
T=216894041.31 | W=100.4um | Current HPWL=6066169.17 um | Best HPWL=1256322.32 um | Accept Rate=100.0% | Improvements: 670/2333 (28.7%) | Refine: 915988/915988 (100.0%) | Explore: 392825/392825 (100.0%)
T=201728888.17 | W=100.4um | Current HPWL=6070549.04 um | Best HPWL=1256322.32 um | Accept Rate=100.0% | Improvements: 632/2333 (27.1%) | Refine: 932366/932366 (100.0%) | Explore: 399777/399777 (100.0%)
T=187624077.07 | W=100.4um | Current HPWL=6043377.75 um | Best HPWL=1256322.32 um | Accept Rate=100.0% | Improvements: 654/2333 (28.0%) | Refine: 948826/948826 (100.0%) | Explore: 406647/406647 (100.0%)
T=174505469.27 | W=100.4um | Current HPWL=6059004.87 um | Best HPWL=1256322.32 um | Accept Rate=100.0% | Improvements: 639/2333 (27.4%) | Refine: 965177/965177 (100.0%) | Explore: 413626/413626 (100.0%)
T=162304109.79 | W=100.4um | Current HPWL=6134755.87 um | Best HPWL=1256322.32 um | Accept Rate=100.0% | Improvements: 656/2333 (28.1%) | Refine: 981451/981451 (100.0%) | Explore: 420682/420682 (100.0%)
T=150955864.98 | W=100.4um | Current HPWL=6143527.18 um | Best HPWL=1256322.32 um | Accept Rate=100.0% | Improvements: 644/2333 (27.6%) | Refine: 997829/997829 (100.0%) | Explore: 427634/427634 (100.0%)
T=140401085.34 | W=100.4um | Current HPWL=6114407.53 um | Best HPWL=1256322.32 um | Accept Rate=100.0% | Improvements: 639/2333 (27.4%) | Refine: 1014125/1014125 (100.0%) | Explore: 434668/434668 (100.0%)
T=130584292.09 | W=100.4um | Current HPWL=6112129.35 um | Best HPWL=1256322.32 um | Accept Rate=100.0% | Improvements: 639/2333 (27.4%) | Refine: 1030392/1030392 (100.0%) | Explore: 441731/441731 (100.0%)
T=121453885.49 | W=100.4um | Current HPWL=6160450.92 um | Best HPWL=1256322.32 um | Accept Rate=100.0% | Improvements: 628/2333 (26.9%) | Refine: 1046703/1046703 (100.0%) | Explore: 448750/448750 (100.0%)
T=112961873.62 | W=100.4um | Current HPWL=6153004.86 um | Best HPWL=1256322.32 um | Accept Rate=100.0% | Improvements: 650/2333 (27.9%) | Refine: 1063002/1063002 (100.0%) | Explore: 455781/455781 (100.0%)
T=105063620.16 | W=100.4um | Current HPWL=6115186.87 um | Best HPWL=1256322.32 um | Accept Rate=100.0% | Improvements: 688/2333 (29.5%) | Refine: 1079271/1079271 (100.0%) | Explore: 462842/462842 (100.0%)
T=97717609.73 | W=100.4um | Current HPWL=6188463.03 um | Best HPWL=1256322.32 um | Accept Rate=100.0% | Improvements: 676/2333 (29.0%) | Refine: 1095582/1095582 (100.0%) | Explore: 469861/469861 (100.0%)
T=90885229.70 | W=100.4um | Current HPWL=6186888.32 um | Best HPWL=1256322.32 um | Accept Rate=100.0% | Improvements: 681/2333 (29.2%) | Refine: 1111904/1111904 (100.0%) | Explore: 476869/476869 (100.0%)
T=84530567.22 | W=100.4um | Current HPWL=6210202.63 um | Best HPWL=1256322.32 um | Accept Rate=100.0% | Improvements: 679/2333 (29.1%) | Refine: 1128276/1128276 (100.0%) | Explore: 483827/483827 (100.0%)
T=78620220.45 | W=100.4um | Current HPWL=6227823.51 um | Best HPWL=1256322.32 um | Accept Rate=100.0% | Improvements: 668/2333 (28.6%) | Refine: 1144485/1144485 (100.0%) | Explore: 490948/490948 (100.0%)
T=73123122.99 | W=100.4um | Current HPWL=6223270.96 um | Best HPWL=1256322.32 um | Accept Rate=100.0% | Improvements: 639/2333 (27.4%) | Refine: 1160821/1160821 (100.0%) | Explore: 497942/497942 (100.0%)
T=68010380.60 | W=100.4um | Current HPWL=6213917.47 um | Best HPWL=1256322.32 um | Accept Rate=100.0% | Improvements: 652/2333 (27.9%) | Refine: 1177261/1177261 (100.0%) | Explore: 504832/504832 (100.0%)
T=63255119.32 | W=100.4um | Current HPWL=6274288.25 um | Best HPWL=1256322.32 um | Accept Rate=100.0% | Improvements: 656/2333 (28.1%) | Refine: 1193732/1193732 (100.0%) | Explore: 511691/511691 (100.0%)
T=58832344.19 | W=100.4um | Current HPWL=6230742.21 um | Best HPWL=1256322.32 um | Accept Rate=100.0% | Improvements: 623/2333 (26.7%) | Refine: 1210159/1210159 (100.0%) | Explore: 518594/518594 (100.0%)
T=54718807.90 | W=100.4um | Current HPWL=6249419.44 um | Best HPWL=1256322.32 um | Accept Rate=100.0% | Improvements: 664/2333 (28.5%) | Refine: 1226499/1226499 (100.0%) | Explore: 525584/525584 (100.0%)
T=50892888.59 | W=100.4um | Current HPWL=6311033.23 um | Best HPWL=1256322.32 um | Accept Rate=100.0% | Improvements: 644/2333 (27.6%) | Refine: 1242807/1242807 (100.0%) | Explore: 532606/532606 (100.0%)
T=47334476.18 | W=100.4um | Current HPWL=6267354.34 um | Best HPWL=1256322.32 um | Accept Rate=100.0% | Improvements: 609/2333 (26.1%) | Refine: 1259170/1259170 (100.0%) | Explore: 539573/539573 (100.0%)
T=44024866.67 | W=100.4um | Current HPWL=6296271.20 um | Best HPWL=1256322.32 um | Accept Rate=100.0% | Improvements: 652/2333 (27.9%) | Refine: 1275609/1275609 (100.0%) | Explore: 546464/546464 (100.0%)
T=40946663.87 | W=100.4um | Current HPWL=6292645.38 um | Best HPWL=1256322.32 um | Accept Rate=100.0% | Improvements: 618/2333 (26.5%) | Refine: 1291974/1291974 (100.0%) | Explore: 553429/553429 (100.0%)
T=38083687.90 | W=100.4um | Current HPWL=6338674.25 um | Best HPWL=1256322.32 um | Accept Rate=100.0% | Improvements: 630/2333 (27.0%) | Refine: 1308377/1308377 (100.0%) | Explore: 560356/560356 (100.0%)
T=35420890.18 | W=100.4um | Current HPWL=6352786.83 um | Best HPWL=1256322.32 um | Accept Rate=100.0% | Improvements: 658/2333 (28.2%) | Refine: 1324721/1324721 (100.0%) | Explore: 567342/567342 (100.0%)
T=32944274.31 | W=100.4um | Current HPWL=6380599.63 um | Best HPWL=1256322.32 um | Accept Rate=100.0% | Improvements: 642/2333 (27.5%) | Refine: 1341078/1341078 (100.0%) | Explore: 574315/574315 (100.0%)
T=30640822.54 | W=100.4um | Current HPWL=6378094.97 um | Best HPWL=1256322.32 um | Accept Rate=100.0% | Improvements: 663/2333 (28.4%) | Refine: 1357523/1357523 (100.0%) | Explore: 581200/581200 (100.0%)
T=28498427.28 | W=100.4um | Current HPWL=6349764.38 um | Best HPWL=1256322.32 um | Accept Rate=100.0% | Improvements: 636/2333 (27.3%) | Refine: 1373902/1373902 (100.0%) | Explore: 588151/588151 (100.0%)
T=26505827.52 | W=100.4um | Current HPWL=6388790.83 um | Best HPWL=1256322.32 um | Accept Rate=100.0% | Improvements: 668/2333 (28.6%) | Refine: 1390142/1390142 (100.0%) | Explore: 595241/595241 (100.0%)
T=24652549.62 | W=100.4um | Current HPWL=6348548.65 um | Best HPWL=1256322.32 um | Accept Rate=100.0% | Improvements: 661/2333 (28.3%) | Refine: 1406541/1406541 (100.0%) | Explore: 602172/602172 (100.0%)
T=22928852.24 | W=100.4um | Current HPWL=6389601.67 um | Best HPWL=1256322.32 um | Accept Rate=100.0% | Improvements: 676/2333 (29.0%) | Refine: 1422845/1422846 (100.0%) | Explore: 609197/609197 (100.0%)
T=21325675.16 | W=100.4um | Current HPWL=6411337.17 um | Best HPWL=1256322.32 um | Accept Rate=100.0% | Improvements: 613/2333 (26.3%) | Refine: 1439139/1439140 (100.0%) | Explore: 616233/616233 (100.0%)
T=19834591.65 | W=100.4um | Current HPWL=6405427.63 um | Best HPWL=1256322.32 um | Accept Rate=100.0% | Improvements: 643/2333 (27.6%) | Refine: 1455461/1455462 (100.0%) | Explore: 623241/623241 (100.0%)
T=18447764.15 | W=100.4um | Current HPWL=6377396.08 um | Best HPWL=1256322.32 um | Accept Rate=100.0% | Improvements: 646/2333 (27.7%) | Refine: 1471926/1471927 (100.0%) | Explore: 630106/630106 (100.0%)
T=17157903.14 | W=100.4um | Current HPWL=6367767.20 um | Best HPWL=1256322.32 um | Accept Rate=100.0% | Improvements: 671/2333 (28.8%) | Refine: 1488333/1488334 (100.0%) | Explore: 637029/637029 (100.0%)
T=15958228.74 | W=100.4um | Current HPWL=6444386.21 um | Best HPWL=1256322.32 um | Accept Rate=100.0% | Improvements: 634/2333 (27.2%) | Refine: 1504719/1504720 (100.0%) | Explore: 643973/643973 (100.0%)
T=14842435.14 | W=100.4um | Current HPWL=6446908.93 um | Best HPWL=1256322.32 um | Accept Rate=100.0% | Improvements: 668/2333 (28.6%) | Refine: 1521081/1521082 (100.0%) | Explore: 650941/650941 (100.0%)
T=13804657.43 | W=100.4um | Current HPWL=6428956.01 um | Best HPWL=1256322.32 um | Accept Rate=100.0% | Improvements: 663/2333 (28.4%) | Refine: 1537345/1537346 (100.0%) | Explore: 658007/658007 (100.0%)
T=12839440.76 | W=100.4um | Current HPWL=6461891.09 um | Best HPWL=1256322.32 um | Accept Rate=100.0% | Improvements: 698/2333 (29.9%) | Refine: 1553763/1553764 (100.0%) | Explore: 664919/664919 (100.0%)
T=11941711.69 | W=100.4um | Current HPWL=6496690.38 um | Best HPWL=1256322.32 um | Accept Rate=100.0% | Improvements: 631/2333 (27.0%) | Refine: 1570168/1570169 (100.0%) | Explore: 671844/671844 (100.0%)
T=11106751.52 | W=100.4um | Current HPWL=6484103.71 um | Best HPWL=1256322.32 um | Accept Rate=100.0% | Improvements: 658/2333 (28.2%) | Refine: 1586565/1586566 (100.0%) | Explore: 678777/678777 (100.0%)
T=10330171.46 | W=100.4um | Current HPWL=6441135.29 um | Best HPWL=1256322.32 um | Accept Rate=100.0% | Improvements: 659/2333 (28.2%) | Refine: 1602976/1602977 (100.0%) | Explore: 685696/685696 (100.0%)
T=9607889.59 | W=100.4um | Current HPWL=6471889.86 um | Best HPWL=1256322.32 um | Accept Rate=100.0% | Improvements: 628/2333 (26.9%) | Refine: 1619311/1619312 (100.0%) | Explore: 692691/692691 (100.0%)
T=8936109.42 | W=100.4um | Current HPWL=6442219.92 um | Best HPWL=1256322.32 um | Accept Rate=100.0% | Improvements: 643/2333 (27.6%) | Refine: 1635714/1635715 (100.0%) | Explore: 699618/699618 (100.0%)
T=8311299.87 | W=100.4um | Current HPWL=6485593.10 um | Best HPWL=1256322.32 um | Accept Rate=100.0% | Improvements: 662/2333 (28.4%) | Refine: 1651910/1651911 (100.0%) | Explore: 706752/706752 (100.0%)
T=7730176.78 | W=100.4um | Current HPWL=6500408.12 um | Best HPWL=1256322.32 um | Accept Rate=100.0% | Improvements: 660/2333 (28.3%) | Refine: 1668221/1668222 (100.0%) | Explore: 713771/713771 (100.0%)
T=7189685.61 | W=100.4um | Current HPWL=6465292.02 um | Best HPWL=1256322.32 um | Accept Rate=100.0% | Improvements: 655/2333 (28.1%) | Refine: 1684587/1684588 (100.0%) | Explore: 720735/720735 (100.0%)
T=6686985.38 | W=100.4um | Current HPWL=6524676.55 um | Best HPWL=1256322.32 um | Accept Rate=100.0% | Improvements: 667/2333 (28.6%) | Refine: 1700885/1700887 (100.0%) | Explore: 727766/727766 (100.0%)
T=6219433.78 | W=100.4um | Current HPWL=6490661.20 um | Best HPWL=1256322.32 um | Accept Rate=100.0% | Improvements: 674/2333 (28.9%) | Refine: 1717129/1717131 (100.0%) | Explore: 734852/734852 (100.0%)
T=5784573.21 | W=100.4um | Current HPWL=6508192.80 um | Best HPWL=1256322.32 um | Accept Rate=100.0% | Improvements: 654/2333 (28.0%) | Refine: 1733619/1733621 (100.0%) | Explore: 741692/741692 (100.0%)
T=5380117.94 | W=100.4um | Current HPWL=6543128.54 um | Best HPWL=1256322.32 um | Accept Rate=100.0% | Improvements: 649/2333 (27.8%) | Refine: 1750023/1750025 (100.0%) | Explore: 748618/748618 (100.0%)
T=5003942.03 | W=100.4um | Current HPWL=6530282.19 um | Best HPWL=1256322.32 um | Accept Rate=100.0% | Improvements: 677/2333 (29.0%) | Refine: 1766344/1766347 (100.0%) | Explore: 755626/755626 (100.0%)
T=4654068.21 | W=100.4um | Current HPWL=6530877.86 um | Best HPWL=1256322.32 um | Accept Rate=100.0% | Improvements: 686/2333 (29.4%) | Refine: 1782694/1782697 (100.0%) | Explore: 762606/762606 (100.0%)
T=4328657.44 | W=100.4um | Current HPWL=6615189.55 um | Best HPWL=1256322.32 um | Accept Rate=100.0% | Improvements: 645/2333 (27.6%) | Refine: 1799057/1799060 (100.0%) | Explore: 769573/769573 (100.0%)
T=4025999.27 | W=100.4um | Current HPWL=6614362.45 um | Best HPWL=1256322.32 um | Accept Rate=100.0% | Improvements: 677/2333 (29.0%) | Refine: 1815375/1815378 (100.0%) | Explore: 776585/776585 (100.0%)
T=3744502.86 | W=100.4um | Current HPWL=6537003.88 um | Best HPWL=1256322.32 um | Accept Rate=100.0% | Improvements: 642/2333 (27.5%) | Refine: 1831656/1831660 (100.0%) | Explore: 783633/783633 (100.0%)
T=3482688.57 | W=100.4um | Current HPWL=6605456.23 um | Best HPWL=1256322.32 um | Accept Rate=100.0% | Improvements: 668/2333 (28.6%) | Refine: 1848021/1848025 (100.0%) | Explore: 790598/790598 (100.0%)
T=3239180.24 | W=100.4um | Current HPWL=6604742.75 um | Best HPWL=1256322.32 um | Accept Rate=100.0% | Improvements: 653/2333 (28.0%) | Refine: 1864336/1864340 (100.0%) | Explore: 797613/797613 (100.0%)
T=3012697.92 | W=100.4um | Current HPWL=6637495.93 um | Best HPWL=1256322.32 um | Accept Rate=100.0% | Improvements: 654/2333 (28.0%) | Refine: 1880737/1880741 (100.0%) | Explore: 804542/804542 (100.0%)
T=2802051.17 | W=100.4um | Current HPWL=6593764.39 um | Best HPWL=1256322.32 um | Accept Rate=100.0% | Improvements: 677/2333 (29.0%) | Refine: 1897154/1897158 (100.0%) | Explore: 811454/811455 (100.0%)
T=2606132.76 | W=100.4um | Current HPWL=6635838.36 um | Best HPWL=1256322.32 um | Accept Rate=100.0% | Improvements: 665/2333 (28.5%) | Refine: 1913534/1913538 (100.0%) | Explore: 818404/818405 (100.0%)
T=2423912.90 | W=100.4um | Current HPWL=6591998.09 um | Best HPWL=1256322.32 um | Accept Rate=100.0% | Improvements: 662/2333 (28.4%) | Refine: 1929872/1929877 (100.0%) | Explore: 825395/825396 (100.0%)
T=2254433.79 | W=100.4um | Current HPWL=6654583.66 um | Best HPWL=1256322.32 um | Accept Rate=100.0% | Improvements: 625/2333 (26.8%) | Refine: 1946181/1946188 (100.0%) | Explore: 832414/832415 (100.0%)
T=2096804.59 | W=100.4um | Current HPWL=6617312.68 um | Best HPWL=1256322.32 um | Accept Rate=100.0% | Improvements: 633/2333 (27.1%) | Refine: 1962446/1962454 (100.0%) | Explore: 839478/839479 (100.0%)
T=1950196.77 | W=100.4um | Current HPWL=6654474.10 um | Best HPWL=1256322.32 um | Accept Rate=100.0% | Improvements: 654/2333 (28.0%) | Refine: 1978753/1978764 (100.0%) | Explore: 846498/846499 (100.0%)
T=1813839.71 | W=100.4um | Current HPWL=6674099.84 um | Best HPWL=1256322.32 um | Accept Rate=100.0% | Improvements: 650/2333 (27.9%) | Refine: 1995026/1995038 (100.0%) | Explore: 853554/853555 (100.0%)
T=1687016.69 | W=100.4um | Current HPWL=6650180.86 um | Best HPWL=1256322.32 um | Accept Rate=100.0% | Improvements: 681/2333 (29.2%) | Refine: 2011253/2011267 (100.0%) | Explore: 860655/860656 (100.0%)
T=1569061.10 | W=100.4um | Current HPWL=6693052.17 um | Best HPWL=1256322.32 um | Accept Rate=100.0% | Improvements: 641/2333 (27.5%) | Refine: 2027622/2027637 (100.0%) | Explore: 867613/867616 (100.0%)
T=1459352.91 | W=100.4um | Current HPWL=6644170.71 um | Best HPWL=1256322.32 um | Accept Rate=100.0% | Improvements: 645/2333 (27.6%) | Refine: 2044026/2044043 (100.0%) | Explore: 874536/874540 (100.0%)
T=1357315.48 | W=100.4um | Current HPWL=6674620.18 um | Best HPWL=1256322.32 um | Accept Rate=100.0% | Improvements: 632/2333 (27.1%) | Refine: 2060363/2060382 (100.0%) | Explore: 881527/881531 (100.0%)
T=1262412.47 | W=100.4um | Current HPWL=6654199.46 um | Best HPWL=1256322.32 um | Accept Rate=100.0% | Improvements: 664/2333 (28.5%) | Refine: 2076709/2076730 (100.0%) | Explore: 888509/888513 (100.0%)
T=1174145.05 | W=100.4um | Current HPWL=6639772.09 um | Best HPWL=1256322.32 um | Accept Rate=100.0% | Improvements: 667/2333 (28.6%) | Refine: 2093079/2093101 (100.0%) | Explore: 895468/895472 (100.0%)
T=1092049.25 | W=100.4um | Current HPWL=6727104.90 um | Best HPWL=1256322.32 um | Accept Rate=100.0% | Improvements: 652/2333 (27.9%) | Refine: 2109550/2109573 (100.0%) | Explore: 902326/902330 (100.0%)
T=1015693.56 | W=100.4um | Current HPWL=6720117.67 um | Best HPWL=1256322.32 um | Accept Rate=100.0% | Improvements: 667/2333 (28.6%) | Refine: 2125863/2125886 (100.0%) | Explore: 909342/909347 (100.0%)
T=944676.63 | W=100.4um | Current HPWL=6691548.22 um | Best HPWL=1256322.32 um | Accept Rate=100.0% | Improvements: 635/2333 (27.2%) | Refine: 2142226/2142250 (100.0%) | Explore: 916307/916313 (100.0%)
T=878625.18 | W=100.4um | Current HPWL=6741446.04 um | Best HPWL=1256322.32 um | Accept Rate=100.0% | Improvements: 643/2333 (27.6%) | Refine: 2158527/2158553 (100.0%) | Explore: 923334/923340 (100.0%)
T=817192.03 | W=100.4um | Current HPWL=6713919.61 um | Best HPWL=1256322.32 um | Accept Rate=100.0% | Improvements: 670/2333 (28.7%) | Refine: 2174917/2174947 (100.0%) | Explore: 930269/930276 (100.0%)
T=760054.26 | W=100.4um | Current HPWL=6740007.02 um | Best HPWL=1256322.32 um | Accept Rate=100.0% | Improvements: 645/2333 (27.6%) | Refine: 2191240/2191273 (100.0%) | Explore: 937273/937280 (100.0%)
T=706911.54 | W=100.4um | Current HPWL=6737855.90 um | Best HPWL=1256322.32 um | Accept Rate=100.0% | Improvements: 669/2333 (28.7%) | Refine: 2207607/2207641 (100.0%) | Explore: 944235/944242 (100.0%)
T=657484.54 | W=100.4um | Current HPWL=6758213.65 um | Best HPWL=1256322.32 um | Accept Rate=100.0% | Improvements: 651/2333 (27.9%) | Refine: 2223842/2223879 (100.0%) | Explore: 951325/951334 (100.0%)
T=611513.45 | W=100.4um | Current HPWL=6765404.26 um | Best HPWL=1256322.32 um | Accept Rate=100.0% | Improvements: 648/2333 (27.8%) | Refine: 2240228/2240267 (100.0%) | Explore: 958267/958276 (100.0%)
T=568756.65 | W=100.4um | Current HPWL=6758110.18 um | Best HPWL=1256322.32 um | Accept Rate=100.0% | Improvements: 682/2333 (29.2%) | Refine: 2256635/2256677 (100.0%) | Explore: 965186/965196 (100.0%)
T=528989.39 | W=100.4um | Current HPWL=6739788.22 um | Best HPWL=1256322.32 um | Accept Rate=99.9% | Improvements: 677/2333 (29.0%) | Refine: 2272911/2272957 (100.0%) | Explore: 972236/972246 (100.0%)
T=492002.65 | W=100.4um | Current HPWL=6795972.20 um | Best HPWL=1256322.32 um | Accept Rate=100.0% | Improvements: 645/2333 (27.6%) | Refine: 2289360/2289409 (100.0%) | Explore: 979114/979124 (100.0%)
T=457602.00 | W=100.4um | Current HPWL=6736274.52 um | Best HPWL=1256322.32 um | Accept Rate=100.0% | Improvements: 651/2333 (27.9%) | Refine: 2305616/2305670 (100.0%) | Explore: 986182/986193 (100.0%)
T=425606.63 | W=100.4um | Current HPWL=6775489.46 um | Best HPWL=1256322.32 um | Accept Rate=100.0% | Improvements: 656/2333 (28.1%) | Refine: 2322029/2322087 (100.0%) | Explore: 993095/993106 (100.0%)
T=395848.37 | W=100.4um | Current HPWL=6777372.53 um | Best HPWL=1256322.32 um | Accept Rate=100.0% | Improvements: 666/2333 (28.5%) | Refine: 2338327/2338393 (100.0%) | Explore: 1000119/1000130 (100.0%)
T=368170.79 | W=100.4um | Current HPWL=6839919.20 um | Best HPWL=1256322.32 um | Accept Rate=100.0% | Improvements: 665/2333 (28.5%) | Refine: 2354690/2354759 (100.0%) | Explore: 1007083/1007094 (100.0%)
T=342428.43 | W=100.4um | Current HPWL=6818327.40 um | Best HPWL=1256322.32 um | Accept Rate=100.0% | Improvements: 676/2333 (29.0%) | Refine: 2370903/2370979 (100.0%) | Explore: 1014193/1014204 (100.0%)
T=318485.95 | W=100.4um | Current HPWL=6767432.36 um | Best HPWL=1256322.32 um | Accept Rate=100.0% | Improvements: 623/2333 (26.7%) | Refine: 2387197/2387281 (100.0%) | Explore: 1021220/1021232 (100.0%)
T=296217.53 | W=100.4um | Current HPWL=6750504.58 um | Best HPWL=1256322.32 um | Accept Rate=100.0% | Improvements: 644/2333 (27.6%) | Refine: 2403598/2403689 (100.0%) | Explore: 1028142/1028154 (100.0%)
T=275506.11 | W=100.4um | Current HPWL=6789403.56 um | Best HPWL=1256322.32 um | Accept Rate=100.0% | Improvements: 637/2333 (27.3%) | Refine: 2419933/2420031 (100.0%) | Explore: 1035130/1035142 (100.0%)
T=256242.82 | W=100.4um | Current HPWL=6808388.18 um | Best HPWL=1256322.32 um | Accept Rate=100.0% | Improvements: 635/2333 (27.2%) | Refine: 2436321/2436425 (100.0%) | Explore: 1042066/1042078 (100.0%)
T=238326.41 | W=100.4um | Current HPWL=6817526.23 um | Best HPWL=1256322.32 um | Accept Rate=100.0% | Improvements: 646/2333 (27.7%) | Refine: 2452686/2452797 (100.0%) | Explore: 1049024/1049036 (100.0%)
T=221662.72 | W=100.4um | Current HPWL=6867903.07 um | Best HPWL=1256322.32 um | Accept Rate=100.0% | Improvements: 631/2333 (27.0%) | Refine: 2469077/2469197 (100.0%) | Explore: 1055954/1055966 (100.0%)
T=206164.14 | W=100.4um | Current HPWL=6818491.02 um | Best HPWL=1256322.32 um | Accept Rate=99.9% | Improvements: 644/2333 (27.6%) | Refine: 2485384/2485510 (100.0%) | Explore: 1062970/1062983 (100.0%)
T=191749.22 | W=100.4um | Current HPWL=6802076.00 um | Best HPWL=1256322.32 um | Accept Rate=100.0% | Improvements: 689/2333 (29.5%) | Refine: 2501709/2501843 (100.0%) | Explore: 1069967/1069980 (100.0%)
T=178342.18 | W=100.4um | Current HPWL=6828700.06 um | Best HPWL=1256322.32 um | Accept Rate=100.0% | Improvements: 601/2333 (25.8%) | Refine: 2518002/2518144 (100.0%) | Explore: 1076994/1077009 (100.0%)
T=165872.56 | W=100.4um | Current HPWL=6891856.13 um | Best HPWL=1256322.32 um | Accept Rate=99.9% | Improvements: 637/2333 (27.3%) | Refine: 2534271/2534428 (100.0%) | Explore: 1084040/1084055 (100.0%)
T=154274.81 | W=100.4um | Current HPWL=6886354.67 um | Best HPWL=1256322.32 um | Accept Rate=100.0% | Improvements: 645/2333 (27.6%) | Refine: 2550626/2550791 (100.0%) | Explore: 1091006/1091022 (100.0%)
T=143487.97 | W=100.4um | Current HPWL=6832744.79 um | Best HPWL=1256322.32 um | Accept Rate=100.0% | Improvements: 643/2333 (27.6%) | Refine: 2566918/2567092 (100.0%) | Explore: 1098033/1098051 (100.0%)
T=133455.34 | W=100.4um | Current HPWL=6855473.12 um | Best HPWL=1256322.32 um | Accept Rate=100.0% | Improvements: 639/2333 (27.4%) | Refine: 2583167/2583351 (100.0%) | Explore: 1105103/1105122 (100.0%)
T=124124.20 | W=100.4um | Current HPWL=6843012.81 um | Best HPWL=1256322.32 um | Accept Rate=99.9% | Improvements: 664/2333 (28.5%) | Refine: 2599532/2599732 (100.0%) | Explore: 1112050/1112071 (100.0%)
T=115445.48 | W=100.4um | Current HPWL=6876603.22 um | Best HPWL=1256322.32 um | Accept Rate=100.0% | Improvements: 635/2333 (27.2%) | Refine: 2615898/2616108 (100.0%) | Explore: 1119000/1119025 (100.0%)
T=107373.57 | W=100.4um | Current HPWL=6815255.14 um | Best HPWL=1256322.32 um | Accept Rate=100.0% | Improvements: 643/2333 (27.6%) | Refine: 2632277/2632502 (100.0%) | Explore: 1125936/1125961 (100.0%)
T=99866.05 | W=100.4um | Current HPWL=6835992.38 um | Best HPWL=1256322.32 um | Accept Rate=99.8% | Improvements: 673/2333 (28.8%) | Refine: 2648503/2648757 (100.0%) | Explore: 1133008/1133036 (100.0%)
T=92883.45 | W=100.4um | Current HPWL=6937949.23 um | Best HPWL=1256322.32 um | Accept Rate=100.0% | Improvements: 665/2333 (28.5%) | Refine: 2664814/2665079 (100.0%) | Explore: 1140014/1140044 (100.0%)
T=86389.07 | W=100.4um | Current HPWL=6932062.51 um | Best HPWL=1256322.32 um | Accept Rate=99.7% | Improvements: 665/2333 (28.5%) | Refine: 2681120/2681402 (100.0%) | Explore: 1147020/1147051 (100.0%)
T=80348.78 | W=100.4um | Current HPWL=6884745.45 um | Best HPWL=1256322.32 um | Accept Rate=99.8% | Improvements: 672/2333 (28.8%) | Refine: 2697365/2697668 (100.0%) | Explore: 1154079/1154115 (100.0%)
T=74730.82 | W=100.4um | Current HPWL=6885455.88 um | Best HPWL=1256322.32 um | Accept Rate=100.0% | Improvements: 669/2333 (28.7%) | Refine: 2713641/2713965 (100.0%) | Explore: 1161109/1161148 (100.0%)
T=69505.67 | W=100.4um | Current HPWL=6877547.49 um | Best HPWL=1256322.32 um | Accept Rate=100.0% | Improvements: 655/2333 (28.1%) | Refine: 2729982/2730327 (100.0%) | Explore: 1168074/1168116 (100.0%)
T=64645.86 | W=100.4um | Current HPWL=6833572.88 um | Best HPWL=1256322.32 um | Accept Rate=99.9% | Improvements: 642/2333 (27.5%) | Refine: 2746299/2746660 (100.0%) | Explore: 1175066/1175113 (100.0%)
T=60125.84 | W=100.4um | Current HPWL=6905132.02 um | Best HPWL=1256322.32 um | Accept Rate=99.9% | Improvements: 650/2333 (27.9%) | Refine: 2762681/2763069 (100.0%) | Explore: 1181986/1182034 (100.0%)
T=55921.87 | W=100.4um | Current HPWL=6844431.03 um | Best HPWL=1256322.32 um | Accept Rate=99.9% | Improvements: 621/2333 (26.6%) | Refine: 2779076/2779490 (100.0%) | Explore: 1188893/1188943 (100.0%)
T=52011.83 | W=100.4um | Current HPWL=6909219.18 um | Best HPWL=1256322.32 um | Accept Rate=99.8% | Improvements: 645/2333 (27.6%) | Refine: 2795247/2795686 (100.0%) | Explore: 1196022/1196077 (100.0%)
T=48375.18 | W=100.4um | Current HPWL=6907457.44 um | Best HPWL=1256322.32 um | Accept Rate=99.8% | Improvements: 633/2333 (27.1%) | Refine: 2811591/2812067 (100.0%) | Explore: 1202965/1203026 (100.0%)
T=44992.81 | W=100.4um | Current HPWL=6886444.01 um | Best HPWL=1256322.32 um | Accept Rate=99.7% | Improvements: 652/2333 (27.9%) | Refine: 2827954/2828467 (100.0%) | Explore: 1209893/1209956 (100.0%)
T=41846.93 | W=100.4um | Current HPWL=6914562.49 um | Best HPWL=1256322.32 um | Accept Rate=99.8% | Improvements: 625/2333 (26.8%) | Refine: 2844262/2844813 (100.0%) | Explore: 1216872/1216940 (100.0%)
T=38921.00 | W=100.4um | Current HPWL=6947396.69 um | Best HPWL=1256322.32 um | Accept Rate=100.0% | Improvements: 663/2333 (28.4%) | Refine: 2860605/2861190 (100.0%) | Explore: 1223824/1223893 (100.0%)
T=36199.66 | W=100.4um | Current HPWL=6921263.81 um | Best HPWL=1256322.32 um | Accept Rate=99.8% | Improvements: 645/2333 (27.6%) | Refine: 2876720/2877357 (100.0%) | Explore: 1230982/1231056 (100.0%)
T=33668.59 | W=100.4um | Current HPWL=6937829.55 um | Best HPWL=1256322.32 um | Accept Rate=99.9% | Improvements: 680/2333 (29.1%) | Refine: 2893005/2893690 (100.0%) | Explore: 1237977/1238053 (100.0%)
T=31314.50 | W=100.4um | Current HPWL=6864614.77 um | Best HPWL=1256322.32 um | Accept Rate=99.6% | Improvements: 656/2333 (28.1%) | Refine: 2909282/2910014 (100.0%) | Explore: 1244979/1245059 (100.0%)
T=29125.00 | W=100.4um | Current HPWL=6911694.55 um | Best HPWL=1256322.32 um | Accept Rate=99.8% | Improvements: 667/2333 (28.6%) | Refine: 2925548/2926330 (100.0%) | Explore: 1251985/1252073 (100.0%)
T=27088.59 | W=100.4um | Current HPWL=6919507.73 um | Best HPWL=1256322.32 um | Accept Rate=99.8% | Improvements: 660/2333 (28.3%) | Refine: 2941802/2942640 (100.0%) | Explore: 1258996/1259093 (100.0%)
T=25194.57 | W=100.4um | Current HPWL=6911789.13 um | Best HPWL=1256322.32 um | Accept Rate=99.8% | Improvements: 659/2333 (28.2%) | Refine: 2958117/2959011 (100.0%) | Explore: 1265951/1266052 (100.0%)
T=23432.97 | W=100.4um | Current HPWL=6921528.87 um | Best HPWL=1256322.32 um | Accept Rate=99.7% | Improvements: 614/2333 (26.3%) | Refine: 2974406/2975370 (100.0%) | Explore: 1272910/1273023 (100.0%)
T=21794.55 | W=100.4um | Current HPWL=6882338.32 um | Best HPWL=1256322.32 um | Accept Rate=99.4% | Improvements: 619/2333 (26.5%) | Refine: 2990671/2991710 (100.0%) | Explore: 1279894/1280013 (100.0%)
T=20270.68 | W=100.4um | Current HPWL=6921427.70 um | Best HPWL=1256322.32 um | Accept Rate=99.5% | Improvements: 634/2333 (27.2%) | Refine: 3006887/3008019 (100.0%) | Explore: 1286905/1287034 (100.0%)
T=18853.36 | W=100.4um | Current HPWL=6916663.10 um | Best HPWL=1256322.32 um | Accept Rate=99.5% | Improvements: 656/2333 (28.1%) | Refine: 3023138/3024368 (100.0%) | Explore: 1293875/1294015 (100.0%)
T=17535.14 | W=100.4um | Current HPWL=6917170.10 um | Best HPWL=1256322.32 um | Accept Rate=99.5% | Improvements: 630/2333 (27.0%) | Refine: 3039439/3040764 (100.0%) | Explore: 1300800/1300949 (100.0%)
T=16309.09 | W=100.4um | Current HPWL=6933606.25 um | Best HPWL=1256322.32 um | Accept Rate=99.4% | Improvements: 618/2333 (26.5%) | Refine: 3055707/3057133 (100.0%) | Explore: 1307747/1307910 (100.0%)
T=15168.76 | W=100.4um | Current HPWL=6963104.09 um | Best HPWL=1256322.32 um | Accept Rate=99.1% | Improvements: 616/2333 (26.4%) | Refine: 3071854/3073386 (100.0%) | Explore: 1314807/1314987 (100.0%)
T=14108.17 | W=100.4um | Current HPWL=6923397.03 um | Best HPWL=1256322.32 um | Accept Rate=99.3% | Improvements: 651/2333 (27.9%) | Refine: 3088096/3089745 (99.9%) | Explore: 1321770/1321958 (100.0%)
T=13121.73 | W=100.4um | Current HPWL=6930524.07 um | Best HPWL=1256322.32 um | Accept Rate=99.5% | Improvements: 650/2333 (27.9%) | Refine: 3104153/3105935 (99.9%) | Explore: 1328899/1329098 (100.0%)
T=12204.26 | W=100.4um | Current HPWL=6913918.80 um | Best HPWL=1256322.32 um | Accept Rate=99.2% | Improvements: 608/2333 (26.1%) | Refine: 3120362/3122266 (99.9%) | Explore: 1335876/1336097 (100.0%)
T=11350.95 | W=100.4um | Current HPWL=6938098.95 um | Best HPWL=1256322.32 um | Accept Rate=99.6% | Improvements: 623/2333 (26.7%) | Refine: 3136452/3138500 (99.9%) | Explore: 1342961/1343193 (100.0%)
T=10557.29 | W=100.4um | Current HPWL=6927653.67 um | Best HPWL=1256322.32 um | Accept Rate=99.1% | Improvements: 614/2333 (26.3%) | Refine: 3152671/3154878 (99.9%) | Explore: 1349896/1350145 (100.0%)
T=9819.13 | W=100.4um | Current HPWL=6922265.83 um | Best HPWL=1256322.32 um | Accept Rate=99.1% | Improvements: 653/2333 (28.0%) | Refine: 3168719/3171077 (99.9%) | Explore: 1357015/1357276 (100.0%)
T=9132.58 | W=100.4um | Current HPWL=6901791.42 um | Best HPWL=1256322.32 um | Accept Rate=99.4% | Improvements: 623/2333 (26.7%) | Refine: 3184770/3187293 (99.9%) | Explore: 1364110/1364390 (100.0%)
T=8494.03 | W=100.4um | Current HPWL=6918157.49 um | Best HPWL=1256322.32 um | Accept Rate=98.9% | Improvements: 613/2333 (26.3%) | Refine: 3200923/3203633 (99.9%) | Explore: 1371079/1371380 (100.0%)
T=7900.13 | W=100.4um | Current HPWL=6951021.12 um | Best HPWL=1256322.32 um | Accept Rate=98.8% | Improvements: 653/2333 (28.0%) | Refine: 3217048/3219956 (99.9%) | Explore: 1378064/1378387 (100.0%)
T=7347.76 | W=100.4um | Current HPWL=6938805.69 um | Best HPWL=1256322.32 um | Accept Rate=98.4% | Improvements: 634/2333 (27.2%) | Refine: 3233118/3236274 (99.9%) | Explore: 1385055/1385399 (100.0%)
T=6834.01 | W=100.4um | Current HPWL=6876337.43 um | Best HPWL=1256322.32 um | Accept Rate=98.8% | Improvements: 667/2333 (28.6%) | Refine: 3249363/3252749 (99.9%) | Explore: 1391870/1392254 (100.0%)
T=6356.18 | W=100.4um | Current HPWL=6885380.44 um | Best HPWL=1256322.32 um | Accept Rate=98.5% | Improvements: 635/2333 (27.2%) | Refine: 3265405/3269065 (99.9%) | Explore: 1398858/1399268 (100.0%)
T=5911.75 | W=100.4um | Current HPWL=6834310.68 um | Best HPWL=1256322.32 um | Accept Rate=98.5% | Improvements: 642/2333 (27.5%) | Refine: 3281450/3285398 (99.9%) | Explore: 1405830/1406265 (100.0%)
T=5498.41 | W=100.4um | Current HPWL=6835949.10 um | Best HPWL=1256322.32 um | Accept Rate=98.3% | Improvements: 639/2333 (27.4%) | Refine: 3297419/3301719 (99.9%) | Explore: 1412805/1413274 (100.0%)
T=5113.96 | W=100.4um | Current HPWL=6906364.92 um | Best HPWL=1256322.32 um | Accept Rate=98.6% | Improvements: 616/2333 (26.4%) | Refine: 3313488/3318096 (99.9%) | Explore: 1419717/1420227 (100.0%)
T=4756.39 | W=100.4um | Current HPWL=6857646.81 um | Best HPWL=1256322.32 um | Accept Rate=98.2% | Improvements: 669/2333 (28.7%) | Refine: 3329400/3334361 (99.9%) | Explore: 1426744/1427292 (100.0%)
T=4423.83 | W=100.4um | Current HPWL=6827254.01 um | Best HPWL=1256322.32 um | Accept Rate=98.3% | Improvements: 603/2333 (25.8%) | Refine: 3345293/3350612 (99.8%) | Explore: 1433793/1434371 (100.0%)
T=4114.52 | W=100.4um | Current HPWL=6878137.91 um | Best HPWL=1256322.32 um | Accept Rate=97.4% | Improvements: 642/2333 (27.5%) | Refine: 3361152/3366913 (99.8%) | Explore: 1440786/1441400 (100.0%)
T=3826.83 | W=100.4um | Current HPWL=6860098.94 um | Best HPWL=1256322.32 um | Accept Rate=97.4% | Improvements: 625/2333 (26.8%) | Refine: 3377062/3383235 (99.8%) | Explore: 1447740/1448408 (100.0%)
T=3559.26 | W=100.4um | Current HPWL=6815037.68 um | Best HPWL=1256322.32 um | Accept Rate=97.6% | Improvements: 650/2333 (27.9%) | Refine: 3392894/3399526 (99.8%) | Explore: 1454732/1455447 (100.0%)
T=3310.40 | W=100.4um | Current HPWL=6829308.28 um | Best HPWL=1256322.32 um | Accept Rate=97.9% | Improvements: 634/2333 (27.2%) | Refine: 3408946/3416089 (99.8%) | Explore: 1461457/1462214 (99.9%)
T=3078.94 | W=100.4um | Current HPWL=6759356.29 um | Best HPWL=1256322.32 um | Accept Rate=97.8% | Improvements: 655/2333 (28.1%) | Refine: 3424727/3432397 (99.8%) | Explore: 1468410/1469236 (99.9%)
T=2863.66 | W=100.4um | Current HPWL=6767486.60 um | Best HPWL=1256322.32 um | Accept Rate=96.7% | Improvements: 637/2333 (27.3%) | Refine: 3440414/3448699 (99.8%) | Explore: 1475370/1476264 (99.9%)
T=2663.43 | W=100.4um | Current HPWL=6784085.26 um | Best HPWL=1256322.32 um | Accept Rate=96.5% | Improvements: 631/2333 (27.0%) | Refine: 3456090/3465022 (99.7%) | Explore: 1482313/1483271 (99.9%)
T=2477.21 | W=100.4um | Current HPWL=6777747.88 um | Best HPWL=1256322.32 um | Accept Rate=96.4% | Improvements: 604/2333 (25.9%) | Refine: 3471762/3481351 (99.7%) | Explore: 1489243/1490272 (99.9%)
T=2304.00 | W=100.4um | Current HPWL=6752665.09 um | Best HPWL=1256322.32 um | Accept Rate=96.6% | Improvements: 622/2333 (26.7%) | Refine: 3487302/3497632 (99.7%) | Explore: 1496213/1497321 (99.9%)
T=2142.91 | W=100.4um | Current HPWL=6722866.73 um | Best HPWL=1256322.32 um | Accept Rate=96.2% | Improvements: 613/2333 (26.3%) | Refine: 3502933/3513999 (99.7%) | Explore: 1503095/1504284 (99.9%)
T=1993.07 | W=100.4um | Current HPWL=6721183.80 um | Best HPWL=1256322.32 um | Accept Rate=95.5% | Improvements: 622/2333 (26.7%) | Refine: 3518316/3530244 (99.7%) | Explore: 1510094/1511369 (99.9%)
T=1853.72 | W=100.4um | Current HPWL=6648625.51 um | Best HPWL=1256322.32 um | Accept Rate=96.2% | Improvements: 585/2333 (25.1%) | Refine: 3533783/3546571 (99.6%) | Explore: 1517002/1518372 (99.9%)
T=1724.11 | W=100.4um | Current HPWL=6662339.79 um | Best HPWL=1256322.32 um | Accept Rate=95.5% | Improvements: 608/2333 (26.1%) | Refine: 3549225/3562986 (99.6%) | Explore: 1523822/1525287 (99.9%)
T=1603.56 | W=100.4um | Current HPWL=6629184.90 um | Best HPWL=1256322.32 um | Accept Rate=95.8% | Improvements: 610/2333 (26.1%) | Refine: 3564512/3579238 (99.6%) | Explore: 1530779/1532365 (99.9%)
T=1491.44 | W=100.4um | Current HPWL=6596186.63 um | Best HPWL=1256322.32 um | Accept Rate=94.3% | Improvements: 555/2333 (23.8%) | Refine: 3579681/3595579 (99.6%) | Explore: 1537654/1539354 (99.9%)
T=1387.16 | W=100.4um | Current HPWL=6541360.26 um | Best HPWL=1256322.32 um | Accept Rate=94.3% | Improvements: 568/2333 (24.3%) | Refine: 3594883/3611942 (99.5%) | Explore: 1544499/1546321 (99.9%)
T=1290.17 | W=100.4um | Current HPWL=6517162.19 um | Best HPWL=1256322.32 um | Accept Rate=93.6% | Improvements: 590/2333 (25.3%) | Refine: 3609915/3628240 (99.5%) | Explore: 1551404/1553353 (99.9%)
T=1199.96 | W=100.4um | Current HPWL=6460721.30 um | Best HPWL=1256322.32 um | Accept Rate=92.9% | Improvements: 568/2333 (24.3%) | Refine: 3624903/3644606 (99.5%) | Explore: 1558204/1560317 (99.9%)
T=1116.06 | W=100.4um | Current HPWL=6440706.34 um | Best HPWL=1256322.32 um | Accept Rate=92.4% | Improvements: 581/2333 (24.9%) | Refine: 3639637/3660843 (99.4%) | Explore: 1565119/1567410 (99.9%)
T=1038.02 | W=100.4um | Current HPWL=6396621.34 um | Best HPWL=1256322.32 um | Accept Rate=92.1% | Improvements: 580/2333 (24.9%) | Refine: 3654542/3677258 (99.4%) | Explore: 1571873/1574325 (99.8%)
T=965.45 | W=100.4um | Current HPWL=6394167.02 um | Best HPWL=1256322.32 um | Accept Rate=92.8% | Improvements: 574/2333 (24.6%) | Refine: 3669109/3693481 (99.3%) | Explore: 1578807/1581432 (99.8%)
T=897.94 | W=100.4um | Current HPWL=6323359.72 um | Best HPWL=1256322.32 um | Accept Rate=90.9% | Improvements: 512/2333 (21.9%) | Refine: 3683747/3709883 (99.3%) | Explore: 1585548/1588360 (99.8%)
T=835.16 | W=100.4um | Current HPWL=6265132.02 um | Best HPWL=1256322.32 um | Accept Rate=91.7% | Improvements: 571/2333 (24.5%) | Refine: 3698231/3726335 (99.2%) | Explore: 1592229/1595238 (99.8%)
T=776.76 | W=100.4um | Current HPWL=6181198.81 um | Best HPWL=1256322.32 um | Accept Rate=90.0% | Improvements: 552/2333 (23.7%) | Refine: 3712477/3742599 (99.2%) | Explore: 1599058/1602304 (99.8%)
T=722.45 | W=100.4um | Current HPWL=6101821.16 um | Best HPWL=1256322.32 um | Accept Rate=88.3% | Improvements: 529/2333 (22.7%) | Refine: 3726555/3758890 (99.1%) | Explore: 1605873/1609343 (99.8%)
T=671.94 | W=100.4um | Current HPWL=6082575.94 um | Best HPWL=1256322.32 um | Accept Rate=87.8% | Improvements: 505/2333 (21.6%) | Refine: 3740580/3775292 (99.1%) | Explore: 1612557/1616271 (99.8%)
T=624.96 | W=100.4um | Current HPWL=6000920.98 um | Best HPWL=1256322.32 um | Accept Rate=88.5% | Improvements: 514/2333 (22.0%) | Refine: 3754428/3791651 (99.0%) | Explore: 1619273/1623242 (99.8%)
T=581.26 | W=100.4um | Current HPWL=5984069.66 um | Best HPWL=1256322.32 um | Accept Rate=88.6% | Improvements: 525/2333 (22.5%) | Refine: 3768096/3807941 (99.0%) | Explore: 1626018/1630282 (99.7%)
T=540.62 | W=100.4um | Current HPWL=5886928.79 um | Best HPWL=1256322.32 um | Accept Rate=86.4% | Improvements: 504/2333 (21.6%) | Refine: 3781700/3824246 (98.9%) | Explore: 1632751/1637307 (99.7%)
T=502.82 | W=100.4um | Current HPWL=5806635.22 um | Best HPWL=1256322.32 um | Accept Rate=85.7% | Improvements: 515/2333 (22.1%) | Refine: 3795095/3840483 (98.8%) | Explore: 1639500/1644400 (99.7%)
T=467.66 | W=100.4um | Current HPWL=5748495.77 um | Best HPWL=1256322.32 um | Accept Rate=85.6% | Improvements: 466/2333 (20.0%) | Refine: 3808344/3856842 (98.7%) | Explore: 1646108/1651371 (99.7%)
T=434.96 | W=100.4um | Current HPWL=5646781.02 um | Best HPWL=1256322.32 um | Accept Rate=83.8% | Improvements: 453/2333 (19.4%) | Refine: 3821428/3873120 (98.7%) | Explore: 1652788/1658423 (99.7%)
T=404.55 | W=100.4um | Current HPWL=5580500.68 um | Best HPWL=1256322.32 um | Accept Rate=84.0% | Improvements: 504/2333 (21.6%) | Refine: 3834290/3889464 (98.6%) | Explore: 1659384/1665409 (99.6%)
T=376.27 | W=100.4um | Current HPWL=5492267.45 um | Best HPWL=1256322.32 um | Accept Rate=82.6% | Improvements: 482/2333 (20.7%) | Refine: 3847089/3905740 (98.5%) | Explore: 1666014/1672463 (99.6%)
T=349.96 | W=100.4um | Current HPWL=5414169.40 um | Best HPWL=1256322.32 um | Accept Rate=79.9% | Improvements: 411/2333 (17.6%) | Refine: 3859627/3922009 (98.4%) | Explore: 1672592/1679524 (99.6%)
T=325.49 | W=100.4um | Current HPWL=5322463.45 um | Best HPWL=1256322.32 um | Accept Rate=80.8% | Improvements: 462/2333 (19.8%) | Refine: 3871879/3938137 (98.3%) | Explore: 1679313/1686726 (99.6%)
T=302.73 | W=100.4um | Current HPWL=5213468.63 um | Best HPWL=1256322.32 um | Accept Rate=80.2% | Improvements: 438/2333 (18.8%) | Refine: 3884159/3954472 (98.2%) | Explore: 1685784/1693721 (99.5%)
T=281.56 | W=100.4um | Current HPWL=5124756.61 um | Best HPWL=1256322.32 um | Accept Rate=79.1% | Improvements: 391/2333 (16.8%) | Refine: 3896185/3970740 (98.1%) | Explore: 1692273/1700783 (99.5%)
T=261.88 | W=100.4um | Current HPWL=5055095.17 um | Best HPWL=1256322.32 um | Accept Rate=77.2% | Improvements: 428/2333 (18.3%) | Refine: 3908245/3987137 (98.0%) | Explore: 1698607/1707716 (99.5%)
T=243.57 | W=100.4um | Current HPWL=4962222.87 um | Best HPWL=1256322.32 um | Accept Rate=77.8% | Improvements: 425/2333 (18.2%) | Refine: 3920089/4003399 (97.9%) | Explore: 1704957/1714784 (99.4%)
T=226.54 | W=100.4um | Current HPWL=4884269.38 um | Best HPWL=1256322.32 um | Accept Rate=76.9% | Improvements: 385/2333 (16.5%) | Refine: 3931880/4019792 (97.8%) | Explore: 1711243/1721721 (99.4%)
T=210.70 | W=100.4um | Current HPWL=4802981.64 um | Best HPWL=1256322.32 um | Accept Rate=75.2% | Improvements: 416/2333 (17.8%) | Refine: 3943383/4036144 (97.7%) | Explore: 1717507/1728699 (99.4%)
T=195.97 | W=100.4um | Current HPWL=4713645.95 um | Best HPWL=1256322.32 um | Accept Rate=77.7% | Improvements: 427/2333 (18.3%) | Refine: 3954879/4052428 (97.6%) | Explore: 1723810/1735745 (99.3%)
T=182.26 | W=100.4um | Current HPWL=4609370.25 um | Best HPWL=1256322.32 um | Accept Rate=74.6% | Improvements: 370/2333 (15.9%) | Refine: 3966176/4068752 (97.5%) | Explore: 1730010/1742751 (99.3%)
T=169.52 | W=100.4um | Current HPWL=4513379.08 um | Best HPWL=1256322.32 um | Accept Rate=75.0% | Improvements: 366/2333 (15.7%) | Refine: 3977337/4084978 (97.4%) | Explore: 1736262/1749855 (99.2%)
T=157.67 | W=100.4um | Current HPWL=4420586.75 um | Best HPWL=1256322.32 um | Accept Rate=74.5% | Improvements: 406/2333 (17.4%) | Refine: 3988473/4101361 (97.2%) | Explore: 1742348/1756802 (99.2%)
T=146.64 | W=100.4um | Current HPWL=4337132.23 um | Best HPWL=1256322.32 um | Accept Rate=74.9% | Improvements: 376/2333 (16.1%) | Refine: 3999573/4117640 (97.1%) | Explore: 1748390/1763853 (99.1%)
T=136.39 | W=100.4um | Current HPWL=4269509.69 um | Best HPWL=1256322.32 um | Accept Rate=73.9% | Improvements: 336/2333 (14.4%) | Refine: 4010546/4134011 (97.0%) | Explore: 1754353/1770812 (99.1%)
T=126.85 | W=100.4um | Current HPWL=4185341.89 um | Best HPWL=1256322.32 um | Accept Rate=71.1% | Improvements: 334/2333 (14.3%) | Refine: 4021485/4150404 (96.9%) | Explore: 1760137/1777749 (99.0%)
T=117.98 | W=100.4um | Current HPWL=4102530.00 um | Best HPWL=1256322.32 um | Accept Rate=70.8% | Improvements: 342/2333 (14.7%) | Refine: 4032302/4166689 (96.8%) | Explore: 1765974/1784794 (98.9%)
T=109.73 | W=100.4um | Current HPWL=4018560.60 um | Best HPWL=1256322.32 um | Accept Rate=70.0% | Improvements: 353/2333 (15.1%) | Refine: 4043024/4183035 (96.7%) | Explore: 1771716/1791778 (98.9%)
T=102.06 | W=100.4um | Current HPWL=3945622.23 um | Best HPWL=1256322.32 um | Accept Rate=70.7% | Improvements: 353/2333 (15.1%) | Refine: 4053591/4199238 (96.5%) | Explore: 1777592/1798905 (98.8%)
T=94.93 | W=100.4um | Current HPWL=3863029.09 um | Best HPWL=1256322.32 um | Accept Rate=69.1% | Improvements: 348/2333 (14.9%) | Refine: 4064210/4215714 (96.4%) | Explore: 1783084/1805759 (98.7%)
T=88.29 | W=100.4um | Current HPWL=3791507.19 um | Best HPWL=1256322.32 um | Accept Rate=69.9% | Improvements: 334/2333 (14.3%) | Refine: 4074773/4232086 (96.3%) | Explore: 1788603/1812717 (98.7%)
T=82.12 | W=100.4um | Current HPWL=3715797.79 um | Best HPWL=1256322.32 um | Accept Rate=66.7% | Improvements: 313/2333 (13.4%) | Refine: 4085322/4248429 (96.2%) | Explore: 1794078/1819704 (98.6%)
T=76.37 | W=100.4um | Current HPWL=3647436.17 um | Best HPWL=1256322.32 um | Accept Rate=67.0% | Improvements: 332/2333 (14.2%) | Refine: 4095876/4264822 (96.0%) | Explore: 1799459/1826641 (98.5%)
T=71.03 | W=100.4um | Current HPWL=3572748.87 um | Best HPWL=1256322.32 um | Accept Rate=68.1% | Improvements: 313/2333 (13.4%) | Refine: 4106361/4281211 (95.9%) | Explore: 1804754/1833582 (98.4%)
T=66.07 | W=100.4um | Current HPWL=3507558.59 um | Best HPWL=1256322.32 um | Accept Rate=68.1% | Improvements: 310/2333 (13.3%) | Refine: 4116868/4297597 (95.8%) | Explore: 1809852/1840526 (98.3%)
T=61.45 | W=100.4um | Current HPWL=3444775.73 um | Best HPWL=1256322.32 um | Accept Rate=67.5% | Improvements: 299/2333 (12.8%) | Refine: 4127195/4314001 (95.7%) | Explore: 1814951/1847452 (98.2%)
T=57.15 | W=100.4um | Current HPWL=3377619.03 um | Best HPWL=1256322.32 um | Accept Rate=64.8% | Improvements: 304/2333 (13.0%) | Refine: 4137514/4330279 (95.5%) | Explore: 1820025/1854504 (98.1%)
T=53.16 | W=100.4um | Current HPWL=3315643.91 um | Best HPWL=1256322.32 um | Accept Rate=64.9% | Improvements: 271/2333 (11.6%) | Refine: 4147792/4346622 (95.4%) | Explore: 1824985/1861491 (98.0%)
T=49.44 | W=100.4um | Current HPWL=3251634.71 um | Best HPWL=1256322.32 um | Accept Rate=63.8% | Improvements: 270/2333 (11.6%) | Refine: 4158081/4363097 (95.3%) | Explore: 1829705/1868346 (97.9%)
T=45.98 | W=100.4um | Current HPWL=3196192.87 um | Best HPWL=1256322.32 um | Accept Rate=63.9% | Improvements: 276/2333 (11.8%) | Refine: 4168238/4379421 (95.2%) | Explore: 1834461/1875352 (97.8%)
T=42.77 | W=100.4um | Current HPWL=3135780.59 um | Best HPWL=1256322.32 um | Accept Rate=63.3% | Improvements: 285/2333 (12.2%) | Refine: 4178527/4395844 (95.1%) | Explore: 1839098/1882259 (97.7%)
T=39.78 | W=100.4um | Current HPWL=3071928.29 um | Best HPWL=1256322.32 um | Accept Rate=63.5% | Improvements: 277/2333 (11.9%) | Refine: 4188783/4412224 (94.9%) | Explore: 1843605/1889209 (97.6%)
T=37.00 | W=100.4um | Current HPWL=3013278.39 um | Best HPWL=1256322.32 um | Accept Rate=62.7% | Improvements: 282/2333 (12.1%) | Refine: 4198964/4428579 (94.8%) | Explore: 1848023/1896184 (97.5%)
T=34.41 | W=100.4um | Current HPWL=2949923.81 um | Best HPWL=1256322.32 um | Accept Rate=60.2% | Improvements: 271/2333 (11.6%) | Refine: 4209163/4445046 (94.7%) | Explore: 1852366/1903047 (97.3%)
T=32.00 | W=100.4um | Current HPWL=2890700.59 um | Best HPWL=1256322.32 um | Accept Rate=60.7% | Improvements: 256/2333 (11.0%) | Refine: 4219299/4461349 (94.6%) | Explore: 1856615/1910074 (97.2%)
T=29.77 | W=100.4um | Current HPWL=2829398.51 um | Best HPWL=1256322.32 um | Accept Rate=61.8% | Improvements: 284/2333 (12.2%) | Refine: 4229376/4477541 (94.5%) | Explore: 1860855/1917212 (97.1%)
T=27.68 | W=100.4um | Current HPWL=2774439.00 um | Best HPWL=1256322.32 um | Accept Rate=59.2% | Improvements: 223/2333 (9.6%) | Refine: 4239332/4493789 (94.3%) | Explore: 1864901/1924294 (96.9%)
T=25.75 | W=100.4um | Current HPWL=2721621.05 um | Best HPWL=1256322.32 um | Accept Rate=61.0% | Improvements: 239/2333 (10.2%) | Refine: 4249401/4510130 (94.2%) | Explore: 1868829/1931283 (96.8%)
T=23.95 | W=100.4um | Current HPWL=2660473.68 um | Best HPWL=1256322.32 um | Accept Rate=58.6% | Improvements: 239/2333 (10.2%) | Refine: 4259517/4526378 (94.1%) | Explore: 1872739/1938365 (96.6%)
T=22.27 | W=100.4um | Current HPWL=2608534.37 um | Best HPWL=1256322.32 um | Accept Rate=57.9% | Improvements: 226/2333 (9.7%) | Refine: 4269596/4542802 (94.0%) | Explore: 1876417/1945271 (96.5%)
T=20.72 | W=100.4um | Current HPWL=2561364.37 um | Best HPWL=1256322.32 um | Accept Rate=57.9% | Improvements: 216/2333 (9.3%) | Refine: 4279687/4559228 (93.9%) | Explore: 1879949/1952175 (96.3%)
T=19.27 | W=100.4um | Current HPWL=2508909.44 um | Best HPWL=1256322.32 um | Accept Rate=57.4% | Improvements: 233/2333 (10.0%) | Refine: 4289654/4575441 (93.8%) | Explore: 1883601/1959292 (96.1%)
T=17.92 | W=100.4um | Current HPWL=2457141.34 um | Best HPWL=1256322.32 um | Accept Rate=56.2% | Improvements: 192/2333 (8.2%) | Refine: 4299690/4591778 (93.6%) | Explore: 1886995/1966285 (96.0%)
T=16.67 | W=100.4um | Current HPWL=2408312.21 um | Best HPWL=1256322.32 um | Accept Rate=58.1% | Improvements: 213/2333 (9.1%) | Refine: 4309909/4608259 (93.5%) | Explore: 1890349/1973134 (95.8%)
T=15.50 | W=100.4um | Current HPWL=2358264.21 um | Best HPWL=1256322.32 um | Accept Rate=56.1% | Improvements: 202/2333 (8.7%) | Refine: 4319856/4624577 (93.4%) | Explore: 1893646/1980146 (95.6%)
T=14.42 | W=100.4um | Current HPWL=2314074.22 um | Best HPWL=1256322.32 um | Accept Rate=54.2% | Improvements: 188/2333 (8.1%) | Refine: 4329819/4640940 (93.3%) | Explore: 1896771/1987113 (95.5%)
T=13.41 | W=100.4um | Current HPWL=2270774.84 um | Best HPWL=1256322.32 um | Accept Rate=56.2% | Improvements: 170/2333 (7.3%) | Refine: 4339986/4657327 (93.2%) | Explore: 1899845/1994056 (95.3%)
T=12.47 | W=100.4um | Current HPWL=2230412.88 um | Best HPWL=1256322.32 um | Accept Rate=55.9% | Improvements: 186/2333 (8.0%) | Refine: 4349915/4673754 (93.1%) | Explore: 1902731/2000959 (95.1%)
T=11.60 | W=100.4um | Current HPWL=2187791.65 um | Best HPWL=1256322.32 um | Accept Rate=55.1% | Improvements: 167/2333 (7.2%) | Refine: 4359905/4690086 (93.0%) | Explore: 1905572/2007957 (94.9%)
T=10.79 | W=100.4um | Current HPWL=2149584.01 um | Best HPWL=1256322.32 um | Accept Rate=53.2% | Improvements: 185/2333 (7.9%) | Refine: 4369883/4706490 (92.8%) | Explore: 1908265/2014883 (94.7%)
T=10.04 | W=100.4um | Current HPWL=2112285.47 um | Best HPWL=1256322.32 um | Accept Rate=53.6% | Improvements: 176/2333 (7.5%) | Refine: 4379747/4722743 (92.7%) | Explore: 1910959/2021960 (94.5%)
T=9.33 | W=100.4um | Current HPWL=2075366.67 um | Best HPWL=1256322.32 um | Accept Rate=53.8% | Improvements: 158/2333 (6.8%) | Refine: 4389670/4738939 (92.6%) | Explore: 1913520/2029094 (94.3%)
T=8.68 | W=100.4um | Current HPWL=2041066.90 um | Best HPWL=1256322.32 um | Accept Rate=53.7% | Improvements: 169/2333 (7.2%) | Refine: 4399580/4755205 (92.5%) | Explore: 1916038/2036158 (94.1%)
T=8.07 | W=100.4um | Current HPWL=2008821.46 um | Best HPWL=1256322.32 um | Accept Rate=52.9% | Improvements: 129/2333 (5.5%) | Refine: 4409508/4771496 (92.4%) | Explore: 1918439/2043197 (93.9%)
T=7.51 | W=100.4um | Current HPWL=1976673.34 um | Best HPWL=1256322.32 um | Accept Rate=52.3% | Improvements: 152/2333 (6.5%) | Refine: 4419381/4787747 (92.3%) | Explore: 1920827/2050276 (93.7%)
T=6.98 | W=100.4um | Current HPWL=1946490.86 um | Best HPWL=1256322.32 um | Accept Rate=51.8% | Improvements: 134/2333 (5.7%) | Refine: 4429363/4804055 (92.2%) | Explore: 1923107/2057298 (93.5%)
T=6.50 | W=100.4um | Current HPWL=1914654.90 um | Best HPWL=1256322.32 um | Accept Rate=53.8% | Improvements: 148/2333 (6.3%) | Refine: 4439337/4820396 (92.1%) | Explore: 1925361/2064287 (93.3%)
T=6.04 | W=100.4um | Current HPWL=1888539.37 um | Best HPWL=1256322.32 um | Accept Rate=50.5% | Improvements: 111/2333 (4.8%) | Refine: 4449372/4836868 (92.0%) | Explore: 1927460/2071145 (93.1%)
T=5.62 | W=100.4um | Current HPWL=1860323.65 um | Best HPWL=1256322.32 um | Accept Rate=50.9% | Improvements: 141/2333 (6.0%) | Refine: 4459284/4853020 (91.9%) | Explore: 1929600/2078323 (92.8%)
T=5.23 | W=100.4um | Current HPWL=1834636.23 um | Best HPWL=1256322.32 um | Accept Rate=51.1% | Improvements: 121/2333 (5.2%) | Refine: 4469193/4869341 (91.8%) | Explore: 1931582/2085332 (92.6%)
T=4.86 | W=100.4um | Current HPWL=1808352.12 um | Best HPWL=1256322.32 um | Accept Rate=50.8% | Improvements: 131/2333 (5.6%) | Refine: 4479107/4885701 (91.7%) | Explore: 1933587/2092302 (92.4%)
T=4.52 | W=100.4um | Current HPWL=1783998.38 um | Best HPWL=1256322.32 um | Accept Rate=49.6% | Improvements: 117/2333 (5.0%) | Refine: 4489171/4902051 (91.6%) | Explore: 1935525/2099282 (92.2%)
T=4.20 | W=100.4um | Current HPWL=1759862.44 um | Best HPWL=1256322.32 um | Accept Rate=50.3% | Improvements: 131/2333 (5.6%) | Refine: 4499129/4918416 (91.5%) | Explore: 1937397/2106247 (92.0%)
T=3.91 | W=100.4um | Current HPWL=1737844.84 um | Best HPWL=1256322.32 um | Accept Rate=51.8% | Improvements: 120/2333 (5.1%) | Refine: 4509194/4934794 (91.4%) | Explore: 1939155/2113199 (91.8%)
T=3.64 | W=100.4um | Current HPWL=1714071.25 um | Best HPWL=1256322.32 um | Accept Rate=48.1% | Improvements: 95/2333 (4.1%) | Refine: 4519132/4951155 (91.3%) | Explore: 1940884/2120168 (91.5%)
T=3.38 | W=100.4um | Current HPWL=1692005.01 um | Best HPWL=1256322.32 um | Accept Rate=49.4% | Improvements: 105/2333 (4.5%) | Refine: 4528992/4967381 (91.2%) | Explore: 1942632/2127272 (91.3%)
T=3.15 | W=100.4um | Current HPWL=1670242.29 um | Best HPWL=1256322.32 um | Accept Rate=50.8% | Improvements: 105/2333 (4.5%) | Refine: 4539006/4983837 (91.1%) | Explore: 1944252/2134146 (91.1%)
T=2.93 | W=100.4um | Current HPWL=1650129.75 um | Best HPWL=1256322.32 um | Accept Rate=49.4% | Improvements: 111/2333 (4.8%) | Refine: 4548955/5000161 (91.0%) | Explore: 1945842/2141152 (90.9%)
T=2.72 | W=100.4um | Current HPWL=1630192.13 um | Best HPWL=1256322.32 um | Accept Rate=51.0% | Improvements: 97/2333 (4.2%) | Refine: 4558877/5016555 (90.9%) | Explore: 1947420/2148088 (90.7%)
T=2.53 | W=100.4um | Current HPWL=1612049.37 um | Best HPWL=1256322.32 um | Accept Rate=48.5% | Improvements: 86/2333 (3.7%) | Refine: 4568870/5032923 (90.8%) | Explore: 1948895/2155050 (90.4%)
T=2.35 | W=100.4um | Current HPWL=1593933.45 um | Best HPWL=1256322.32 um | Accept Rate=49.0% | Improvements: 89/2333 (3.8%) | Refine: 4578913/5049443 (90.7%) | Explore: 1950286/2161860 (90.2%)
T=2.19 | W=100.4um | Current HPWL=1577367.75 um | Best HPWL=1256322.32 um | Accept Rate=48.0% | Improvements: 83/2333 (3.6%) | Refine: 4588779/5065812 (90.6%) | Explore: 1951711/2168821 (90.0%)
T=2.04 | W=100.4um | Current HPWL=1559150.97 um | Best HPWL=1256322.32 um | Accept Rate=48.4% | Improvements: 77/2333 (3.3%) | Refine: 4598756/5082066 (90.5%) | Explore: 1953186/2175897 (89.8%)
T=1.89 | W=100.4um | Current HPWL=1543271.73 um | Best HPWL=1256322.32 um | Accept Rate=49.0% | Improvements: 83/2333 (3.6%) | Refine: 4608767/5098509 (90.4%) | Explore: 1954552/2182784 (89.5%)
T=1.76 | W=100.4um | Current HPWL=1527231.65 um | Best HPWL=1256322.32 um | Accept Rate=49.5% | Improvements: 100/2333 (4.3%) | Refine: 4618722/5114852 (90.3%) | Explore: 1955958/2189771 (89.3%)
T=1.64 | W=100.4um | Current HPWL=1511528.19 um | Best HPWL=1256322.32 um | Accept Rate=45.8% | Improvements: 74/2333 (3.2%) | Refine: 4628588/5131310 (90.2%) | Explore: 1957348/2196643 (89.1%)
T=1.52 | W=100.4um | Current HPWL=1495940.37 um | Best HPWL=1256322.32 um | Accept Rate=48.6% | Improvements: 93/2333 (4.0%) | Refine: 4638523/5147664 (90.1%) | Explore: 1958689/2203619 (88.9%)
T=1.42 | W=100.4um | Current HPWL=1481603.85 um | Best HPWL=1256322.32 um | Accept Rate=48.8% | Improvements: 82/2333 (3.5%) | Refine: 4648480/5163957 (90.0%) | Explore: 1960015/2210656 (88.7%)
T=1.32 | W=100.4um | Current HPWL=1467780.49 um | Best HPWL=1256322.32 um | Accept Rate=47.2% | Improvements: 54/2333 (2.3%) | Refine: 4658369/5180221 (89.9%) | Explore: 1961233/2217722 (88.4%)
T=1.23 | W=100.4um | Current HPWL=1455004.71 um | Best HPWL=1256322.32 um | Accept Rate=47.5% | Improvements: 69/2333 (3.0%) | Refine: 4668218/5196454 (89.8%) | Explore: 1962517/2224819 (88.2%)
T=1.14 | W=100.4um | Current HPWL=1441149.59 um | Best HPWL=1256322.32 um | Accept Rate=48.3% | Improvements: 84/2333 (3.6%) | Refine: 4678133/5212833 (89.7%) | Explore: 1963687/2231770 (88.0%)
T=1.06 | W=100.4um | Current HPWL=1427296.63 um | Best HPWL=1256322.32 um | Accept Rate=45.6% | Improvements: 65/2333 (2.8%) | Refine: 4687995/5229033 (89.7%) | Explore: 1964950/2238900 (87.8%)
T=0.99 | W=100.4um | Current HPWL=1414618.25 um | Best HPWL=1256322.32 um | Accept Rate=47.4% | Improvements: 67/2333 (2.9%) | Refine: 4697911/5245453 (89.6%) | Explore: 1966144/2245810 (87.5%)
