
============================================================
Simulated Annealing Optimization
============================================================
Initial HPWL: 1256322.32 um
Initial Temperature: 12563223200.00
Cooling Rate (alpha): 0.9838888888888889
Moves per Temperature: 1667
Final Temperature: 0.001
Initial Window Size: 501.80 um
Window Cooling Rate (beta): 0.98
Move Probabilities: Refine=70.0%, Explore=30.0%
============================================================

T=12563223200.00 | W=501.8um | Current HPWL=1916939.10 um | Best HPWL=1256322.32 um | Accept Rate=100.0% | Improvements: 50/1667 (3.0%) | Refine: 1166/1166 (100.0%) | Explore: 501/501 (100.0%)
T=10679763523.66 | W=410.0um | Current HPWL=4030885.53 um | Best HPWL=1256322.32 um | Accept Rate=100.0% | Improvements: 352/1667 (21.1%) | Refine: 12782/12782 (100.0%) | Explore: 5555/5555 (100.0%)
T=9078669311.65 | W=335.0um | Current HPWL=4507366.64 um | Best HPWL=1256322.32 um | Accept Rate=100.0% | Improvements: 450/1667 (27.0%) | Refine: 24440/24440 (100.0%) | Explore: 10567/10567 (100.0%)
T=7717608754.89 | W=273.7um | Current HPWL=4678316.83 um | Best HPWL=1256322.32 um | Accept Rate=100.0% | Improvements: 444/1667 (26.6%) | Refine: 36219/36219 (100.0%) | Explore: 15458/15458 (100.0%)
T=6560596365.93 | W=223.7um | Current HPWL=4835554.59 um | Best HPWL=1256322.32 um | Accept Rate=100.0% | Improvements: 455/1667 (27.3%) | Refine: 47940/47940 (100.0%) | Explore: 20407/20407 (100.0%)
T=5577041547.93 | W=182.7um | Current HPWL=4902546.19 um | Best HPWL=1256322.32 um | Accept Rate=100.0% | Improvements: 495/1667 (29.7%) | Refine: 59514/59514 (100.0%) | Explore: 25503/25503 (100.0%)
T=4740939800.66 | W=149.3um | Current HPWL=4923205.90 um | Best HPWL=1256322.32 um | Accept Rate=100.0% | Improvements: 457/1667 (27.4%) | Refine: 71220/71220 (100.0%) | Explore: 30467/30467 (100.0%)
T=4030185179.79 | W=122.0um | Current HPWL=4974355.03 um | Best HPWL=1256322.32 um | Accept Rate=100.0% | Improvements: 456/1667 (27.4%) | Refine: 82869/82869 (100.0%) | Explore: 35488/35488 (100.0%)
T=3425985831.14 | W=100.4um | Current HPWL=5002773.55 um | Best HPWL=1256322.32 um | Accept Rate=100.0% | Improvements: 460/1667 (27.6%) | Refine: 94472/94472 (100.0%) | Explore: 40555/40555 (100.0%)
T=2912367147.31 | W=100.4um | Current HPWL=5009039.96 um | Best HPWL=1256322.32 um | Accept Rate=100.0% | Improvements: 436/1667 (26.2%) | Refine: 106185/106185 (100.0%) | Explore: 45512/45512 (100.0%)
T=2475749410.18 | W=100.4um | Current HPWL=5057996.03 um | Best HPWL=1256322.32 um | Accept Rate=100.0% | Improvements: 447/1667 (26.8%) | Refine: 117935/117935 (100.0%) | Explore: 50432/50432 (100.0%)
T=2104588752.71 | W=100.4um | Current HPWL=5077128.51 um | Best HPWL=1256322.32 um | Accept Rate=100.0% | Improvements: 467/1667 (28.0%) | Refine: 129636/129636 (100.0%) | Explore: 55401/55401 (100.0%)
T=1789071947.20 | W=100.4um | Current HPWL=5093268.25 um | Best HPWL=1256322.32 um | Accept Rate=100.0% | Improvements: 457/1667 (27.4%) | Refine: 141403/141403 (100.0%) | Explore: 60304/60304 (100.0%)
T=1520856950.38 | W=100.4um | Current HPWL=5126613.47 um | Best HPWL=1256322.32 um | Accept Rate=100.0% | Improvements: 435/1667 (26.1%) | Refine: 153192/153192 (100.0%) | Explore: 65185/65185 (100.0%)
T=1292852345.68 | W=100.4um | Current HPWL=5146201.55 um | Best HPWL=1256322.32 um | Accept Rate=100.0% | Improvements: 488/1667 (29.3%) | Refine: 164831/164831 (100.0%) | Explore: 70216/70216 (100.0%)
T=1099029851.10 | W=100.4um | Current HPWL=5108959.18 um | Best HPWL=1256322.32 um | Accept Rate=100.0% | Improvements: 472/1667 (28.3%) | Refine: 176639/176639 (100.0%) | Explore: 75078/75078 (100.0%)
T=934264935.70 | W=100.4um | Current HPWL=5153102.70 um | Best HPWL=1256322.32 um | Accept Rate=100.0% | Improvements: 435/1667 (26.1%) | Refine: 188401/188401 (100.0%) | Explore: 79986/79986 (100.0%)
T=794201330.58 | W=100.4um | Current HPWL=5149601.98 um | Best HPWL=1256322.32 um | Accept Rate=100.0% | Improvements: 469/1667 (28.1%) | Refine: 200011/200011 (100.0%) | Explore: 85046/85046 (100.0%)
T=675135852.14 | W=100.4um | Current HPWL=5146207.52 um | Best HPWL=1256322.32 um | Accept Rate=100.0% | Improvements: 490/1667 (29.4%) | Refine: 211638/211638 (100.0%) | Explore: 90089/90089 (100.0%)
T=573920492.57 | W=100.4um | Current HPWL=5189992.15 um | Best HPWL=1256322.32 um | Accept Rate=100.0% | Improvements: 442/1667 (26.5%) | Refine: 223255/223255 (100.0%) | Explore: 95142/95142 (100.0%)
T=487879188.68 | W=100.4um | Current HPWL=5171302.79 um | Best HPWL=1256322.32 um | Accept Rate=100.0% | Improvements: 449/1667 (26.9%) | Refine: 234875/234875 (100.0%) | Explore: 100192/100192 (100.0%)
T=414737068.68 | W=100.4um | Current HPWL=5200771.76 um | Best HPWL=1256322.32 um | Accept Rate=100.0% | Improvements: 483/1667 (29.0%) | Refine: 246544/246544 (100.0%) | Explore: 105193/105193 (100.0%)
T=352560306.18 | W=100.4um | Current HPWL=5232907.64 um | Best HPWL=1256322.32 um | Accept Rate=100.0% | Improvements: 477/1667 (28.6%) | Refine: 258217/258217 (100.0%) | Explore: 110190/110190 (100.0%)
T=299704991.14 | W=100.4um | Current HPWL=5242792.42 um | Best HPWL=1256322.32 um | Accept Rate=100.0% | Improvements: 462/1667 (27.7%) | Refine: 269897/269897 (100.0%) | Explore: 115180/115180 (100.0%)
T=254773666.06 | W=100.4um | Current HPWL=5273284.83 um | Best HPWL=1256322.32 um | Accept Rate=100.0% | Improvements: 458/1667 (27.5%) | Refine: 281618/281618 (100.0%) | Explore: 120129/120129 (100.0%)
T=216578378.20 | W=100.4um | Current HPWL=5276664.18 um | Best HPWL=1256322.32 um | Accept Rate=100.0% | Improvements: 484/1667 (29.0%) | Refine: 293278/293278 (100.0%) | Explore: 125139/125139 (100.0%)
T=184109270.90 | W=100.4um | Current HPWL=5289049.43 um | Best HPWL=1256322.32 um | Accept Rate=100.0% | Improvements: 446/1667 (26.8%) | Refine: 304944/304944 (100.0%) | Explore: 130143/130143 (100.0%)
T=156507883.72 | W=100.4um | Current HPWL=5254006.04 um | Best HPWL=1256322.32 um | Accept Rate=100.0% | Improvements: 479/1667 (28.7%) | Refine: 316558/316558 (100.0%) | Explore: 135199/135199 (100.0%)
T=133044455.32 | W=100.4um | Current HPWL=5284613.22 um | Best HPWL=1256322.32 um | Accept Rate=100.0% | Improvements: 473/1667 (28.4%) | Refine: 328213/328213 (100.0%) | Explore: 140214/140214 (100.0%)
T=113098629.10 | W=100.4um | Current HPWL=5285408.73 um | Best HPWL=1256322.32 um | Accept Rate=100.0% | Improvements: 456/1667 (27.4%) | Refine: 339825/339825 (100.0%) | Explore: 145272/145272 (100.0%)
T=96143051.38 | W=100.4um | Current HPWL=5324051.22 um | Best HPWL=1256322.32 um | Accept Rate=100.0% | Improvements: 442/1667 (26.5%) | Refine: 351432/351432 (100.0%) | Explore: 150335/150335 (100.0%)
T=81729428.57 | W=100.4um | Current HPWL=5365314.09 um | Best HPWL=1256322.32 um | Accept Rate=100.0% | Improvements: 466/1667 (28.0%) | Refine: 363146/363146 (100.0%) | Explore: 155291/155291 (100.0%)
T=69476674.59 | W=100.4um | Current HPWL=5347037.81 um | Best HPWL=1256322.32 um | Accept Rate=100.0% | Improvements: 461/1667 (27.7%) | Refine: 374839/374839 (100.0%) | Explore: 160268/160268 (100.0%)
T=59060835.20 | W=100.4um | Current HPWL=5369247.54 um | Best HPWL=1256322.32 um | Accept Rate=100.0% | Improvements: 467/1667 (28.0%) | Refine: 386590/386590 (100.0%) | Explore: 165187/165187 (100.0%)
T=50206522.92 | W=100.4um | Current HPWL=5378504.19 um | Best HPWL=1256322.32 um | Accept Rate=100.0% | Improvements: 451/1667 (27.1%) | Refine: 398227/398227 (100.0%) | Explore: 170220/170220 (100.0%)
T=42679635.91 | W=100.4um | Current HPWL=5377043.94 um | Best HPWL=1256322.32 um | Accept Rate=100.0% | Improvements: 450/1667 (27.0%) | Refine: 409948/409948 (100.0%) | Explore: 175169/175169 (100.0%)
T=36281168.58 | W=100.4um | Current HPWL=5410030.88 um | Best HPWL=1256322.32 um | Accept Rate=100.0% | Improvements: 491/1667 (29.5%) | Refine: 421521/421521 (100.0%) | Explore: 180266/180266 (100.0%)
T=30841949.92 | W=100.4um | Current HPWL=5417222.30 um | Best HPWL=1256322.32 um | Accept Rate=100.0% | Improvements: 425/1667 (25.5%) | Refine: 433208/433208 (100.0%) | Explore: 185249/185249 (100.0%)
T=26218170.81 | W=100.4um | Current HPWL=5431596.47 um | Best HPWL=1256322.32 um | Accept Rate=100.0% | Improvements: 459/1667 (27.5%) | Refine: 444905/444905 (100.0%) | Explore: 190222/190222 (100.0%)
T=22287581.76 | W=100.4um | Current HPWL=5449876.93 um | Best HPWL=1256322.32 um | Accept Rate=100.0% | Improvements: 453/1667 (27.2%) | Refine: 456531/456531 (100.0%) | Explore: 195266/195266 (100.0%)
T=18946260.76 | W=100.4um | Current HPWL=5454350.90 um | Best HPWL=1256322.32 um | Accept Rate=100.0% | Improvements: 460/1667 (27.6%) | Refine: 468272/468272 (100.0%) | Explore: 200195/200195 (100.0%)
T=16105865.62 | W=100.4um | Current HPWL=5421040.93 um | Best HPWL=1256322.32 um | Accept Rate=100.0% | Improvements: 481/1667 (28.9%) | Refine: 479929/479929 (100.0%) | Explore: 205208/205208 (100.0%)
T=13691298.28 | W=100.4um | Current HPWL=5422935.70 um | Best HPWL=1256322.32 um | Accept Rate=100.0% | Improvements: 473/1667 (28.4%) | Refine: 491656/491656 (100.0%) | Explore: 210151/210151 (100.0%)
T=11638719.27 | W=100.4um | Current HPWL=5502663.45 um | Best HPWL=1256322.32 um | Accept Rate=100.0% | Improvements: 434/1667 (26.0%) | Refine: 503316/503316 (100.0%) | Explore: 215161/215161 (100.0%)
T=9893859.84 | W=100.4um | Current HPWL=5524186.06 um | Best HPWL=1256322.32 um | Accept Rate=100.0% | Improvements: 459/1667 (27.5%) | Refine: 514960/514961 (100.0%) | Explore: 220186/220186 (100.0%)
T=8410587.14 | W=100.4um | Current HPWL=5542870.41 um | Best HPWL=1256322.32 um | Accept Rate=100.0% | Improvements: 482/1667 (28.9%) | Refine: 526543/526544 (100.0%) | Explore: 225273/225273 (100.0%)
T=7149684.46 | W=100.4um | Current HPWL=5534279.81 um | Best HPWL=1256322.32 um | Accept Rate=100.0% | Improvements: 469/1667 (28.1%) | Refine: 538310/538311 (100.0%) | Explore: 230176/230176 (100.0%)
T=6077814.44 | W=100.4um | Current HPWL=5513406.94 um | Best HPWL=1256322.32 um | Accept Rate=100.0% | Improvements: 459/1667 (27.5%) | Refine: 550000/550001 (100.0%) | Explore: 235156/235156 (100.0%)
T=5166637.56 | W=100.4um | Current HPWL=5539114.53 um | Best HPWL=1256322.32 um | Accept Rate=100.0% | Improvements: 465/1667 (27.9%) | Refine: 561678/561680 (100.0%) | Explore: 240147/240147 (100.0%)
T=4392062.97 | W=100.4um | Current HPWL=5589262.82 um | Best HPWL=1256322.32 um | Accept Rate=100.0% | Improvements: 468/1667 (28.1%) | Refine: 573376/573378 (100.0%) | Explore: 245119/245119 (100.0%)
T=3733611.44 | W=100.4um | Current HPWL=5568740.22 um | Best HPWL=1256322.32 um | Accept Rate=100.0% | Improvements: 471/1667 (28.3%) | Refine: 584933/584936 (100.0%) | Explore: 250231/250231 (100.0%)
T=3173873.99 | W=100.4um | Current HPWL=5575932.28 um | Best HPWL=1256322.32 um | Accept Rate=100.0% | Improvements: 454/1667 (27.2%) | Refine: 596542/596545 (100.0%) | Explore: 255292/255292 (100.0%)
T=2698051.53 | W=100.4um | Current HPWL=5552538.12 um | Best HPWL=1256322.32 um | Accept Rate=100.0% | Improvements: 471/1667 (28.3%) | Refine: 608137/608140 (100.0%) | Explore: 260366/260367 (100.0%)
T=2293563.67 | W=100.4um | Current HPWL=5556854.05 um | Best HPWL=1256322.32 um | Accept Rate=100.0% | Improvements: 444/1667 (26.6%) | Refine: 619693/619696 (100.0%) | Explore: 265480/265481 (100.0%)
T=1949716.03 | W=100.4um | Current HPWL=5554601.44 um | Best HPWL=1256322.32 um | Accept Rate=100.0% | Improvements: 459/1667 (27.5%) | Refine: 631379/631382 (100.0%) | Explore: 270464/270465 (100.0%)
T=1657417.51 | W=100.4um | Current HPWL=5597275.45 um | Best HPWL=1256322.32 um | Accept Rate=100.0% | Improvements: 452/1667 (27.1%) | Refine: 643116/643119 (100.0%) | Explore: 275397/275398 (100.0%)
T=1408939.95 | W=100.4um | Current HPWL=5615793.38 um | Best HPWL=1256322.32 um | Accept Rate=100.0% | Improvements: 446/1667 (26.8%) | Refine: 654861/654865 (100.0%) | Explore: 280321/280322 (100.0%)
T=1197713.78 | W=100.4um | Current HPWL=5616296.78 um | Best HPWL=1256322.32 um | Accept Rate=99.9% | Improvements: 447/1667 (26.8%) | Refine: 666436/666442 (100.0%) | Explore: 285413/285415 (100.0%)
T=1018154.31 | W=100.4um | Current HPWL=5621528.67 um | Best HPWL=1256322.32 um | Accept Rate=100.0% | Improvements: 464/1667 (27.8%) | Refine: 678178/678187 (100.0%) | Explore: 290338/290340 (100.0%)
T=865514.14 | W=100.4um | Current HPWL=5649092.58 um | Best HPWL=1256322.32 um | Accept Rate=99.9% | Improvements: 484/1667 (29.0%) | Refine: 689930/689940 (100.0%) | Explore: 295255/295257 (100.0%)
T=735757.55 | W=100.4um | Current HPWL=5616154.23 um | Best HPWL=1256322.32 um | Accept Rate=100.0% | Improvements: 468/1667 (28.1%) | Refine: 701573/701584 (100.0%) | Explore: 300281/300283 (100.0%)
T=625453.88 | W=100.4um | Current HPWL=5659344.68 um | Best HPWL=1256322.32 um | Accept Rate=100.0% | Improvements: 468/1667 (28.1%) | Refine: 713250/713262 (100.0%) | Explore: 305273/305275 (100.0%)
T=531686.76 | W=100.4um | Current HPWL=5666627.82 um | Best HPWL=1256322.32 um | Accept Rate=100.0% | Improvements: 477/1667 (28.6%) | Refine: 724803/724817 (100.0%) | Explore: 310388/310390 (100.0%)
T=451977.08 | W=100.4um | Current HPWL=5665538.35 um | Best HPWL=1256322.32 um | Accept Rate=99.9% | Improvements: 450/1667 (27.0%) | Refine: 736489/736506 (100.0%) | Explore: 315369/315371 (100.0%)
T=384217.35 | W=100.4um | Current HPWL=5673164.18 um | Best HPWL=1256322.32 um | Accept Rate=100.0% | Improvements: 496/1667 (29.8%) | Refine: 748177/748197 (100.0%) | Explore: 320348/320350 (100.0%)
T=326616.06 | W=100.4um | Current HPWL=5690527.01 um | Best HPWL=1256322.32 um | Accept Rate=100.0% | Improvements: 446/1667 (26.8%) | Refine: 759866/759888 (100.0%) | Explore: 325327/325329 (100.0%)
T=277650.27 | W=100.4um | Current HPWL=5726448.88 um | Best HPWL=1256322.32 um | Accept Rate=99.9% | Improvements: 481/1667 (28.9%) | Refine: 771446/771471 (100.0%) | Explore: 330412/330416 (100.0%)
T=236025.35 | W=100.4um | Current HPWL=5696206.42 um | Best HPWL=1256322.32 um | Accept Rate=99.9% | Improvements: 481/1667 (28.9%) | Refine: 783143/783171 (100.0%) | Explore: 335382/335386 (100.0%)
T=200640.78 | W=100.4um | Current HPWL=5734146.52 um | Best HPWL=1256322.32 um | Accept Rate=99.9% | Improvements: 464/1667 (27.8%) | Refine: 794797/794832 (100.0%) | Explore: 340391/340395 (100.0%)
T=170561.02 | W=100.4um | Current HPWL=5720829.44 um | Best HPWL=1256322.32 um | Accept Rate=100.0% | Improvements: 450/1667 (27.0%) | Refine: 806553/806598 (100.0%) | Explore: 345294/345299 (100.0%)
T=144990.76 | W=100.4um | Current HPWL=5745900.77 um | Best HPWL=1256322.32 um | Accept Rate=100.0% | Improvements: 440/1667 (26.4%) | Refine: 818176/818227 (100.0%) | Explore: 350335/350340 (100.0%)
T=123253.96 | W=100.4um | Current HPWL=5765882.29 um | Best HPWL=1256322.32 um | Accept Rate=100.0% | Improvements: 482/1667 (28.9%) | Refine: 829874/829931 (100.0%) | Explore: 355300/355306 (100.0%)
T=104775.91 | W=100.4um | Current HPWL=5763803.61 um | Best HPWL=1256322.32 um | Accept Rate=99.9% | Improvements: 448/1667 (26.9%) | Refine: 841550/841621 (100.0%) | Explore: 360280/360286 (100.0%)
T=89068.07 | W=100.4um | Current HPWL=5759927.38 um | Best HPWL=1256322.32 um | Accept Rate=100.0% | Improvements: 486/1667 (29.2%) | Refine: 853198/853276 (100.0%) | Explore: 365294/365301 (100.0%)
T=75715.11 | W=100.4um | Current HPWL=5767016.16 um | Best HPWL=1256322.32 um | Accept Rate=99.9% | Improvements: 447/1667 (26.8%) | Refine: 864777/864870 (100.0%) | Explore: 370369/370377 (100.0%)
T=64364.02 | W=100.4um | Current HPWL=5794243.36 um | Best HPWL=1256322.32 um | Accept Rate=99.9% | Improvements: 461/1667 (27.7%) | Refine: 876478/876577 (100.0%) | Explore: 375329/375340 (100.0%)
T=54714.66 | W=100.4um | Current HPWL=5815567.13 um | Best HPWL=1256322.32 um | Accept Rate=99.8% | Improvements: 436/1667 (26.2%) | Refine: 888104/888216 (100.0%) | Explore: 380358/380371 (100.0%)
T=46511.92 | W=100.4um | Current HPWL=5815300.30 um | Best HPWL=1256322.32 um | Accept Rate=99.8% | Improvements: 444/1667 (26.6%) | Refine: 899864/899994 (100.0%) | Explore: 385247/385263 (100.0%)
T=39538.92 | W=100.4um | Current HPWL=5828778.17 um | Best HPWL=1256322.32 um | Accept Rate=99.9% | Improvements: 460/1667 (27.6%) | Refine: 911533/911688 (100.0%) | Explore: 390222/390239 (100.0%)
T=33611.31 | W=100.4um | Current HPWL=5825558.06 um | Best HPWL=1256322.32 um | Accept Rate=99.8% | Improvements: 507/1667 (30.4%) | Refine: 923176/923357 (100.0%) | Explore: 395216/395240 (100.0%)
T=28572.35 | W=100.4um | Current HPWL=5797321.71 um | Best HPWL=1256322.32 um | Accept Rate=99.8% | Improvements: 494/1667 (29.6%) | Refine: 934776/934973 (100.0%) | Explore: 400266/400294 (100.0%)
T=24288.83 | W=100.4um | Current HPWL=5827447.27 um | Best HPWL=1256322.32 um | Accept Rate=99.7% | Improvements: 430/1667 (25.8%) | Refine: 946403/946641 (100.0%) | Explore: 405264/405296 (100.0%)
T=20647.48 | W=100.4um | Current HPWL=5815652.05 um | Best HPWL=1256322.32 um | Accept Rate=99.8% | Improvements: 444/1667 (26.6%) | Refine: 958062/958345 (100.0%) | Explore: 410224/410262 (100.0%)
T=17552.04 | W=100.4um | Current HPWL=5831551.09 um | Best HPWL=1256322.32 um | Accept Rate=99.6% | Improvements: 438/1667 (26.3%) | Refine: 969756/970098 (100.0%) | Explore: 415126/415179 (100.0%)
T=14920.67 | W=100.4um | Current HPWL=5850401.97 um | Best HPWL=1256322.32 um | Accept Rate=99.7% | Improvements: 476/1667 (28.6%) | Refine: 981410/981816 (100.0%) | Explore: 420069/420131 (100.0%)
T=12683.78 | W=100.4um | Current HPWL=5850675.99 um | Best HPWL=1256322.32 um | Accept Rate=99.3% | Improvements: 472/1667 (28.3%) | Refine: 993049/993514 (100.0%) | Explore: 425034/425103 (100.0%)
T=10782.25 | W=100.4um | Current HPWL=5830035.94 um | Best HPWL=1256322.32 um | Accept Rate=99.7% | Improvements: 492/1667 (29.5%) | Refine: 1004690/1005240 (99.9%) | Explore: 429968/430047 (100.0%)
T=9165.79 | W=100.4um | Current HPWL=5855323.21 um | Best HPWL=1256322.32 um | Accept Rate=99.5% | Improvements: 469/1667 (28.1%) | Refine: 1016310/1016951 (99.9%) | Explore: 434916/435006 (100.0%)
T=7791.67 | W=100.4um | Current HPWL=5826859.66 um | Best HPWL=1256322.32 um | Accept Rate=99.4% | Improvements: 451/1667 (27.1%) | Refine: 1027826/1028575 (99.9%) | Explore: 439943/440052 (100.0%)
T=6623.55 | W=100.4um | Current HPWL=5869544.44 um | Best HPWL=1256322.32 um | Accept Rate=99.2% | Improvements: 447/1667 (26.8%) | Refine: 1039357/1040258 (99.9%) | Explore: 444910/445039 (100.0%)
T=5630.56 | W=100.4um | Current HPWL=5864845.39 um | Best HPWL=1256322.32 um | Accept Rate=98.9% | Improvements: 469/1667 (28.1%) | Refine: 1050839/1051900 (99.9%) | Explore: 449916/450067 (100.0%)
T=4786.43 | W=100.4um | Current HPWL=5879463.81 um | Best HPWL=1256322.32 um | Accept Rate=98.6% | Improvements: 425/1667 (25.5%) | Refine: 1062317/1063565 (99.9%) | Explore: 454901/455072 (100.0%)
T=4068.86 | W=100.4um | Current HPWL=5850447.42 um | Best HPWL=1256322.32 um | Accept Rate=98.3% | Improvements: 456/1667 (27.4%) | Refine: 1073825/1075290 (99.9%) | Explore: 459830/460017 (100.0%)
T=3458.86 | W=100.4um | Current HPWL=5853704.17 um | Best HPWL=1256322.32 um | Accept Rate=98.0% | Improvements: 450/1667 (27.0%) | Refine: 1085198/1086903 (99.8%) | Explore: 464852/465074 (100.0%)
T=2940.31 | W=100.4um | Current HPWL=5837980.46 um | Best HPWL=1256322.32 um | Accept Rate=97.7% | Improvements: 457/1667 (27.4%) | Refine: 1096609/1098636 (99.8%) | Explore: 469746/470011 (99.9%)
T=2499.51 | W=100.4um | Current HPWL=5792592.72 um | Best HPWL=1256322.32 um | Accept Rate=97.1% | Improvements: 435/1667 (26.1%) | Refine: 1107830/1110247 (99.8%) | Explore: 474763/475070 (99.9%)
T=2124.78 | W=100.4um | Current HPWL=5763178.92 um | Best HPWL=1256322.32 um | Accept Rate=96.7% | Improvements: 429/1667 (25.7%) | Refine: 1119049/1121937 (99.7%) | Explore: 479692/480050 (99.9%)
T=1806.24 | W=100.4um | Current HPWL=5744469.32 um | Best HPWL=1256322.32 um | Accept Rate=97.2% | Improvements: 426/1667 (25.6%) | Refine: 1130148/1133567 (99.7%) | Explore: 484673/485090 (99.9%)
T=1535.45 | W=100.4um | Current HPWL=5676593.75 um | Best HPWL=1256322.32 um | Accept Rate=94.4% | Improvements: 416/1667 (25.0%) | Refine: 1141180/1145281 (99.6%) | Explore: 489546/490046 (99.9%)
T=1305.26 | W=100.4um | Current HPWL=5616489.30 um | Best HPWL=1256322.32 um | Accept Rate=94.7% | Improvements: 420/1667 (25.2%) | Refine: 1152053/1156917 (99.6%) | Explore: 494482/495080 (99.9%)
T=1109.58 | W=100.4um | Current HPWL=5613056.73 um | Best HPWL=1256322.32 um | Accept Rate=93.7% | Improvements: 430/1667 (25.8%) | Refine: 1162865/1168615 (99.5%) | Explore: 499360/500052 (99.9%)
T=943.23 | W=100.4um | Current HPWL=5536947.31 um | Best HPWL=1256322.32 um | Accept Rate=92.6% | Improvements: 433/1667 (26.0%) | Refine: 1173543/1180281 (99.4%) | Explore: 504253/505056 (99.8%)
T=801.82 | W=100.4um | Current HPWL=5509394.66 um | Best HPWL=1256322.32 um | Accept Rate=92.7% | Improvements: 408/1667 (24.5%) | Refine: 1184089/1191928 (99.3%) | Explore: 509106/510079 (99.8%)
T=681.61 | W=100.4um | Current HPWL=5434989.16 um | Best HPWL=1256322.32 um | Accept Rate=89.2% | Improvements: 380/1667 (22.8%) | Refine: 1194386/1203516 (99.2%) | Explore: 514006/515161 (99.8%)
T=579.43 | W=100.4um | Current HPWL=5332469.20 um | Best HPWL=1256322.32 um | Accept Rate=89.1% | Improvements: 398/1667 (23.9%) | Refine: 1204639/1215199 (99.1%) | Explore: 518778/520148 (99.7%)
T=492.56 | W=100.4um | Current HPWL=5236509.56 um | Best HPWL=1256322.32 um | Accept Rate=87.0% | Improvements: 363/1667 (21.8%) | Refine: 1214551/1226897 (99.0%) | Explore: 523496/525120 (99.7%)
T=418.72 | W=100.4um | Current HPWL=5160691.80 um | Best HPWL=1256322.32 um | Accept Rate=86.7% | Improvements: 358/1667 (21.5%) | Refine: 1224395/1238611 (98.9%) | Explore: 528161/530076 (99.6%)
T=355.94 | W=100.4um | Current HPWL=5042234.13 um | Best HPWL=1256322.32 um | Accept Rate=85.0% | Improvements: 378/1667 (22.7%) | Refine: 1233839/1250223 (98.7%) | Explore: 532893/535134 (99.6%)
T=302.58 | W=100.4um | Current HPWL=4905724.19 um | Best HPWL=1256322.32 um | Accept Rate=81.2% | Improvements: 350/1667 (21.0%) | Refine: 1243174/1261949 (98.5%) | Explore: 537461/540078 (99.5%)
T=257.22 | W=100.4um | Current HPWL=4810423.50 um | Best HPWL=1256322.32 um | Accept Rate=80.7% | Improvements: 365/1667 (21.9%) | Refine: 1252111/1273549 (98.3%) | Explore: 542103/545148 (99.4%)
T=218.66 | W=100.4um | Current HPWL=4659927.77 um | Best HPWL=1256322.32 um | Accept Rate=80.7% | Improvements: 316/1667 (19.0%) | Refine: 1260963/1285190 (98.1%) | Explore: 546644/550177 (99.4%)
T=185.88 | W=100.4um | Current HPWL=4528717.81 um | Best HPWL=1256322.32 um | Accept Rate=78.2% | Improvements: 305/1667 (18.3%) | Refine: 1269605/1296961 (97.9%) | Explore: 551027/555076 (99.3%)
T=158.01 | W=100.4um | Current HPWL=4413270.15 um | Best HPWL=1256322.32 um | Accept Rate=75.8% | Improvements: 296/1667 (17.8%) | Refine: 1278094/1308583 (97.7%) | Explore: 555419/560124 (99.2%)
T=134.32 | W=100.4um | Current HPWL=4279460.17 um | Best HPWL=1256322.32 um | Accept Rate=72.3% | Improvements: 300/1667 (18.0%) | Refine: 1286400/1320293 (97.4%) | Explore: 559660/565084 (99.0%)
T=114.18 | W=100.4um | Current HPWL=4159711.17 um | Best HPWL=1256322.32 um | Accept Rate=72.5% | Improvements: 253/1667 (15.2%) | Refine: 1294605/1331992 (97.2%) | Explore: 563819/570055 (98.9%)
T=97.07 | W=100.4um | Current HPWL=4061122.00 um | Best HPWL=1256322.32 um | Accept Rate=72.2% | Improvements: 276/1667 (16.6%) | Refine: 1302629/1343642 (96.9%) | Explore: 567908/575075 (98.8%)
T=82.51 | W=100.4um | Current HPWL=3938967.80 um | Best HPWL=1256322.32 um | Accept Rate=71.7% | Improvements: 245/1667 (14.7%) | Refine: 1310528/1355374 (96.7%) | Explore: 571834/580013 (98.6%)
T=70.14 | W=100.4um | Current HPWL=3843011.70 um | Best HPWL=1256322.32 um | Accept Rate=69.1% | Improvements: 263/1667 (15.8%) | Refine: 1318266/1367058 (96.4%) | Explore: 575684/584999 (98.4%)
T=59.63 | W=100.4um | Current HPWL=3741465.03 um | Best HPWL=1256322.32 um | Accept Rate=65.8% | Improvements: 256/1667 (15.4%) | Refine: 1325920/1378683 (96.2%) | Explore: 579435/590044 (98.2%)
T=50.69 | W=100.4um | Current HPWL=3639943.17 um | Best HPWL=1256322.32 um | Accept Rate=66.6% | Improvements: 235/1667 (14.1%) | Refine: 1333587/1390345 (95.9%) | Explore: 582930/595052 (98.0%)
T=43.09 | W=100.4um | Current HPWL=3546525.68 um | Best HPWL=1256322.32 um | Accept Rate=66.2% | Improvements: 227/1667 (13.6%) | Refine: 1341172/1401947 (95.7%) | Explore: 586368/600120 (97.7%)
T=36.63 | W=100.4um | Current HPWL=3464264.48 um | Best HPWL=1256322.32 um | Accept Rate=63.8% | Improvements: 228/1667 (13.7%) | Refine: 1348688/1413627 (95.4%) | Explore: 589654/605110 (97.4%)
T=31.14 | W=100.4um | Current HPWL=3375139.78 um | Best HPWL=1256322.32 um | Accept Rate=61.7% | Improvements: 244/1667 (14.6%) | Refine: 1356015/1425271 (95.1%) | Explore: 592799/610136 (97.2%)
T=26.47 | W=100.4um | Current HPWL=3290819.30 um | Best HPWL=1256322.32 um | Accept Rate=60.8% | Improvements: 223/1667 (13.4%) | Refine: 1363368/1436879 (94.9%) | Explore: 595868/615198 (96.9%)
T=22.50 | W=100.4um | Current HPWL=3207902.44 um | Best HPWL=1256322.32 um | Accept Rate=61.8% | Improvements: 250/1667 (15.0%) | Refine: 1370701/1448521 (94.6%) | Explore: 598740/620226 (96.5%)
T=19.13 | W=100.4um | Current HPWL=3134443.75 um | Best HPWL=1256322.32 um | Accept Rate=61.7% | Improvements: 193/1667 (11.6%) | Refine: 1377996/1460227 (94.4%) | Explore: 601538/625190 (96.2%)
T=16.26 | W=100.4um | Current HPWL=3060876.85 um | Best HPWL=1256322.32 um | Accept Rate=60.9% | Improvements: 208/1667 (12.5%) | Refine: 1385346/1471927 (94.1%) | Explore: 604205/630160 (95.9%)
T=13.82 | W=100.4um | Current HPWL=2985009.73 um | Best HPWL=1256322.32 um | Accept Rate=58.5% | Improvements: 194/1667 (11.6%) | Refine: 1392628/1483659 (93.9%) | Explore: 606678/635098 (95.5%)
T=11.75 | W=100.4um | Current HPWL=2913576.40 um | Best HPWL=1256322.32 um | Accept Rate=57.6% | Improvements: 187/1667 (11.2%) | Refine: 1399787/1495331 (93.6%) | Explore: 609122/640096 (95.2%)
T=9.99 | W=100.4um | Current HPWL=2845343.45 um | Best HPWL=1256322.32 um | Accept Rate=58.7% | Improvements: 198/1667 (11.9%) | Refine: 1407084/1507022 (93.4%) | Explore: 611396/645075 (94.8%)
T=8.49 | W=100.4um | Current HPWL=2782452.71 um | Best HPWL=1256322.32 um | Accept Rate=57.2% | Improvements: 163/1667 (9.8%) | Refine: 1414302/1518609 (93.1%) | Explore: 613719/650158 (94.4%)
T=7.22 | W=100.4um | Current HPWL=2723477.77 um | Best HPWL=1256322.32 um | Accept Rate=56.0% | Improvements: 170/1667 (10.2%) | Refine: 1421383/1530136 (92.9%) | Explore: 615918/655301 (94.0%)
T=6.14 | W=100.4um | Current HPWL=2667827.59 um | Best HPWL=1256322.32 um | Accept Rate=54.0% | Improvements: 179/1667 (10.7%) | Refine: 1428490/1541756 (92.7%) | Explore: 617951/660351 (93.6%)
T=5.22 | W=100.4um | Current HPWL=2614474.81 um | Best HPWL=1256322.32 um | Accept Rate=53.5% | Improvements: 167/1667 (10.0%) | Refine: 1435703/1553475 (92.4%) | Explore: 619918/665302 (93.2%)
T=4.43 | W=100.4um | Current HPWL=2564427.85 um | Best HPWL=1256322.32 um | Accept Rate=56.3% | Improvements: 156/1667 (9.4%) | Refine: 1442892/1565165 (92.2%) | Explore: 621732/670282 (92.8%)
T=3.77 | W=100.4um | Current HPWL=2514275.89 um | Best HPWL=1256322.32 um | Accept Rate=51.8% | Improvements: 129/1667 (7.7%) | Refine: 1450071/1576872 (92.0%) | Explore: 623569/675245 (92.3%)
T=3.20 | W=100.4um | Current HPWL=2467516.34 um | Best HPWL=1256322.32 um | Accept Rate=53.1% | Improvements: 131/1667 (7.9%) | Refine: 1457335/1588620 (91.7%) | Explore: 625303/680167 (91.9%)
T=2.72 | W=100.4um | Current HPWL=2424369.82 um | Best HPWL=1256322.32 um | Accept Rate=54.9% | Improvements: 155/1667 (9.3%) | Refine: 1464567/1600405 (91.5%) | Explore: 626991/685052 (91.5%)
T=2.32 | W=100.4um | Current HPWL=2382179.38 um | Best HPWL=1256322.32 um | Accept Rate=53.7% | Improvements: 157/1667 (9.4%) | Refine: 1471728/1612072 (91.3%) | Explore: 628675/690055 (91.1%)
T=1.97 | W=100.4um | Current HPWL=2341597.84 um | Best HPWL=1256322.32 um | Accept Rate=51.0% | Improvements: 136/1667 (8.2%) | Refine: 1478734/1623689 (91.1%) | Explore: 630264/695108 (90.7%)
T=1.67 | W=100.4um | Current HPWL=2300229.32 um | Best HPWL=1256322.32 um | Accept Rate=51.1% | Improvements: 137/1667 (8.2%) | Refine: 1485901/1635406 (90.9%) | Explore: 631872/700061 (90.3%)
T=1.42 | W=100.4um | Current HPWL=2261952.74 um | Best HPWL=1256322.32 um | Accept Rate=51.9% | Improvements: 124/1667 (7.4%) | Refine: 1493033/1647121 (90.6%) | Explore: 633396/705016 (89.8%)
T=1.21 | W=100.4um | Current HPWL=2227396.70 um | Best HPWL=1256322.32 um | Accept Rate=54.2% | Improvements: 133/1667 (8.0%) | Refine: 1500231/1658821 (90.4%) | Explore: 634816/709986 (89.4%)
T=1.03 | W=100.4um | Current HPWL=2192147.38 um | Best HPWL=1256322.32 um | Accept Rate=50.1% | Improvements: 101/1667 (6.1%) | Refine: 1507312/1670414 (90.2%) | Explore: 636326/715063 (89.0%)
T=0.87 | W=100.4um | Current HPWL=2160018.48 um | Best HPWL=1256322.32 um | Accept Rate=51.2% | Improvements: 102/1667 (6.1%) | Refine: 1514440/1682103 (90.0%) | Explore: 637701/720044 (88.6%)
T=0.74 | W=100.4um | Current HPWL=2128007.58 um | Best HPWL=1256322.32 um | Accept Rate=48.9% | Improvements: 110/1667 (6.6%) | Refine: 1521578/1693838 (89.8%) | Explore: 639117/724979 (88.2%)
T=0.63 | W=100.4um | Current HPWL=2095999.32 um | Best HPWL=1256322.32 um | Accept Rate=52.0% | Improvements: 119/1667 (7.1%) | Refine: 1528688/1705569 (89.6%) | Explore: 640510/729918 (87.8%)
T=0.54 | W=100.4um | Current HPWL=2068325.12 um | Best HPWL=1256322.32 um | Accept Rate=49.5% | Improvements: 98/1667 (5.9%) | Refine: 1535836/1717301 (89.4%) | Explore: 641802/734856 (87.3%)
T=0.46 | W=100.4um | Current HPWL=2040841.82 um | Best HPWL=1256322.32 um | Accept Rate=51.3% | Improvements: 91/1667 (5.5%) | Refine: 1543001/1728928 (89.2%) | Explore: 643102/739899 (86.9%)
T=0.39 | W=100.4um | Current HPWL=2014287.56 um | Best HPWL=1256322.32 um | Accept Rate=48.2% | Improvements: 101/1667 (6.1%) | Refine: 1550056/1740473 (89.1%) | Explore: 644378/745024 (86.5%)
T=0.33 | W=100.4um | Current HPWL=1988080.58 um | Best HPWL=1256322.32 um | Accept Rate=50.3% | Improvements: 90/1667 (5.4%) | Refine: 1557010/1752073 (88.9%) | Explore: 645629/750094 (86.1%)
T=0.28 | W=100.4um | Current HPWL=1962317.78 um | Best HPWL=1256322.32 um | Accept Rate=48.7% | Improvements: 97/1667 (5.8%) | Refine: 1564114/1763809 (88.7%) | Explore: 646872/755028 (85.7%)
T=0.24 | W=100.4um | Current HPWL=1937823.92 um | Best HPWL=1256322.32 um | Accept Rate=50.4% | Improvements: 114/1667 (6.8%) | Refine: 1571212/1775491 (88.5%) | Explore: 648096/760016 (85.3%)
T=0.20 | W=100.4um | Current HPWL=1913216.90 um | Best HPWL=1256322.32 um | Accept Rate=49.3% | Improvements: 89/1667 (5.3%) | Refine: 1578373/1787246 (88.3%) | Explore: 649272/764931 (84.9%)
T=0.17 | W=100.4um | Current HPWL=1890010.22 um | Best HPWL=1256322.32 um | Accept Rate=50.1% | Improvements: 95/1667 (5.7%) | Refine: 1585508/1798896 (88.1%) | Explore: 650489/769951 (84.5%)
T=0.15 | W=100.4um | Current HPWL=1867317.82 um | Best HPWL=1256322.32 um | Accept Rate=49.0% | Improvements: 98/1667 (5.9%) | Refine: 1592502/1810524 (88.0%) | Explore: 651671/774993 (84.1%)
T=0.12 | W=100.4um | Current HPWL=1845504.58 um | Best HPWL=1256322.32 um | Accept Rate=48.5% | Improvements: 93/1667 (5.6%) | Refine: 1599554/1822157 (87.8%) | Explore: 652879/780030 (83.7%)
T=0.11 | W=100.4um | Current HPWL=1824111.08 um | Best HPWL=1256322.32 um | Accept Rate=47.0% | Improvements: 69/1667 (4.1%) | Refine: 1606598/1833883 (87.6%) | Explore: 654033/784974 (83.3%)
T=0.09 | W=100.4um | Current HPWL=1802471.42 um | Best HPWL=1256322.32 um | Accept Rate=49.4% | Improvements: 98/1667 (5.9%) | Refine: 1613659/1845541 (87.4%) | Explore: 655231/789986 (82.9%)
T=0.08 | W=100.4um | Current HPWL=1781641.67 um | Best HPWL=1256322.32 um | Accept Rate=47.4% | Improvements: 97/1667 (5.8%) | Refine: 1620638/1857165 (87.3%) | Explore: 656369/795032 (82.6%)
T=0.06 | W=100.4um | Current HPWL=1760180.03 um | Best HPWL=1256322.32 um | Accept Rate=46.7% | Improvements: 76/1667 (4.6%) | Refine: 1627690/1868763 (87.1%) | Explore: 657498/800104 (82.2%)
T=0.06 | W=100.4um | Current HPWL=1741652.99 um | Best HPWL=1256322.32 um | Accept Rate=51.0% | Improvements: 82/1667 (4.9%) | Refine: 1634819/1880411 (86.9%) | Explore: 658567/805126 (81.8%)
T=0.05 | W=100.4um | Current HPWL=1724177.15 um | Best HPWL=1256322.32 um | Accept Rate=47.5% | Improvements: 74/1667 (4.4%) | Refine: 1641886/1891999 (86.8%) | Explore: 659632/810208 (81.4%)
T=0.04 | W=100.4um | Current HPWL=1706244.01 um | Best HPWL=1256322.32 um | Accept Rate=49.5% | Improvements: 82/1667 (4.9%) | Refine: 1648983/1903602 (86.6%) | Explore: 660686/815275 (81.0%)
T=0.03 | W=100.4um | Current HPWL=1687977.75 um | Best HPWL=1256322.32 um | Accept Rate=48.3% | Improvements: 64/1667 (3.8%) | Refine: 1656175/1915288 (86.5%) | Explore: 661701/820259 (80.7%)
T=0.03 | W=100.4um | Current HPWL=1671298.96 um | Best HPWL=1256322.32 um | Accept Rate=46.6% | Improvements: 73/1667 (4.4%) | Refine: 1663225/1926898 (86.3%) | Explore: 662753/825319 (80.3%)
T=0.02 | W=100.4um | Current HPWL=1655511.16 um | Best HPWL=1256322.32 um | Accept Rate=47.6% | Improvements: 66/1667 (4.0%) | Refine: 1670407/1938612 (86.2%) | Explore: 663721/830275 (79.9%)
T=0.02 | W=100.4um | Current HPWL=1640256.16 um | Best HPWL=1256322.32 um | Accept Rate=48.1% | Improvements: 53/1667 (3.2%) | Refine: 1677544/1950334 (86.0%) | Explore: 664671/835223 (79.6%)
T=0.02 | W=100.4um | Current HPWL=1624221.60 um | Best HPWL=1256322.32 um | Accept Rate=49.4% | Improvements: 92/1667 (5.5%) | Refine: 1684696/1961986 (85.9%) | Explore: 665655/840241 (79.2%)
T=0.02 | W=100.4um | Current HPWL=1608761.92 um | Best HPWL=1256322.32 um | Accept Rate=48.8% | Improvements: 78/1667 (4.7%) | Refine: 1691746/1973523 (85.7%) | Explore: 666629/845374 (78.9%)
T=0.01 | W=100.4um | Current HPWL=1593450.88 um | Best HPWL=1256322.32 um | Accept Rate=46.1% | Improvements: 53/1667 (3.2%) | Refine: 1698800/1985107 (85.6%) | Explore: 667577/850460 (78.5%)
T=0.01 | W=100.4um | Current HPWL=1580229.28 um | Best HPWL=1256322.32 um | Accept Rate=47.5% | Improvements: 72/1667 (4.3%) | Refine: 1705891/1996787 (85.4%) | Explore: 668488/855450 (78.1%)
T=0.01 | W=100.4um | Current HPWL=1564854.82 um | Best HPWL=1256322.32 um | Accept Rate=48.0% | Improvements: 69/1667 (4.1%) | Refine: 1712930/2008396 (85.3%) | Explore: 669475/860511 (77.8%)
T=0.01 | W=100.4um | Current HPWL=1552135.90 um | Best HPWL=1256322.32 um | Accept Rate=45.8% | Improvements: 55/1667 (3.3%) | Refine: 1719941/2020072 (85.1%) | Explore: 670344/865505 (77.5%)
T=0.01 | W=100.4um | Current HPWL=1538060.98 um | Best HPWL=1256322.32 um | Accept Rate=48.1% | Improvements: 54/1667 (3.2%) | Refine: 1727026/2031710 (85.0%) | Explore: 671268/870537 (77.1%)
T=0.01 | W=100.4um | Current HPWL=1525982.26 um | Best HPWL=1256322.32 um | Accept Rate=47.5% | Improvements: 66/1667 (4.0%) | Refine: 1734148/2043470 (84.9%) | Explore: 672130/875447 (76.8%)
T=0.00 | W=100.4um | Current HPWL=1512714.05 um | Best HPWL=1256322.32 um | Accept Rate=47.8% | Improvements: 61/1667 (3.7%) | Refine: 1741252/2055088 (84.7%) | Explore: 673014/880499 (76.4%)
T=0.00 | W=100.4um | Current HPWL=1500560.25 um | Best HPWL=1256322.32 um | Accept Rate=47.5% | Improvements: 59/1667 (3.5%) | Refine: 1748303/2066709 (84.6%) | Explore: 673883/885548 (76.1%)
T=0.00 | W=100.4um | Current HPWL=1488416.81 um | Best HPWL=1256322.32 um | Accept Rate=47.6% | Improvements: 69/1667 (4.1%) | Refine: 1755463/2078464 (84.5%) | Explore: 674768/890463 (75.8%)
T=0.00 | W=100.4um | Current HPWL=1475897.17 um | Best HPWL=1256322.32 um | Accept Rate=47.0% | Improvements: 73/1667 (4.4%) | Refine: 1762497/2090126 (84.3%) | Explore: 675682/895471 (75.5%)
T=0.00 | W=100.4um | Current HPWL=1464258.55 um | Best HPWL=1256322.32 um | Accept Rate=48.3% | Improvements: 62/1667 (3.7%) | Refine: 1769452/2101720 (84.2%) | Explore: 676542/900547 (75.1%)
T=0.00 | W=100.4um | Current HPWL=1452129.65 um | Best HPWL=1256322.32 um | Accept Rate=47.6% | Improvements: 52/1667 (3.1%) | Refine: 1776587/2113427 (84.1%) | Explore: 677385/905510 (74.8%)
T=0.00 | W=100.4um | Current HPWL=1445956.39 um | Best HPWL=1256322.32 um | Accept Rate=50.3% | Improvements: 66/1667 (4.0%) | Refine: 1780199/2119266 (84.0%) | Explore: 677816/908006 (74.6%)
T=0.00 | W=100.4um | Current HPWL=1445257.49 um | Best HPWL=1256322.32 um | Accept Rate=47.2% | Improvements: 54/1667 (3.2%) | Refine: 1780906/2120443 (84.0%) | Explore: 677896/908496 (74.6%)
T=0.00 | W=100.4um | Current HPWL=1444431.01 um | Best HPWL=1256322.32 um | Accept Rate=48.1% | Improvements: 57/1667 (3.4%) | Refine: 1781617/2121608 (84.0%) | Explore: 677986/908998 (74.6%)
T=0.00 | W=100.4um | Current HPWL=1443208.57 um | Best HPWL=1256322.32 um | Accept Rate=48.5% | Improvements: 54/1667 (3.2%) | Refine: 1782354/2122802 (84.0%) | Explore: 678058/909471 (74.6%)
T=0.00 | W=100.4um | Current HPWL=1442396.63 um | Best HPWL=1256322.32 um | Accept Rate=47.6% | Improvements: 55/1667 (3.3%) | Refine: 1783067/2123971 (83.9%) | Explore: 678138/909969 (74.5%)
T=0.00 | W=100.4um | Current HPWL=1441556.59 um | Best HPWL=1256322.32 um | Accept Rate=46.6% | Improvements: 41/1667 (2.5%) | Refine: 1783776/2125153 (83.9%) | Explore: 678206/910454 (74.5%)
T=0.00 | W=100.4um | Current HPWL=1440353.43 um | Best HPWL=1256322.32 um | Accept Rate=48.2% | Improvements: 73/1667 (4.4%) | Refine: 1784479/2126296 (83.9%) | Explore: 678307/910978 (74.5%)
T=0.00 | W=100.4um | Current HPWL=1439316.43 um | Best HPWL=1256322.32 um | Accept Rate=47.8% | Improvements: 55/1667 (3.3%) | Refine: 1785187/2127435 (83.9%) | Explore: 678395/911506 (74.4%)
T=0.00 | W=100.4um | Current HPWL=1438149.91 um | Best HPWL=1256322.32 um | Accept Rate=46.6% | Improvements: 58/1667 (3.5%) | Refine: 1785878/2128600 (83.9%) | Explore: 678481/912008 (74.4%)
T=0.00 | W=100.4um | Current HPWL=1437272.51 um | Best HPWL=1256322.32 um | Accept Rate=45.7% | Improvements: 49/1667 (2.9%) | Refine: 1786567/2129757 (83.9%) | Explore: 678554/912518 (74.4%)
T=0.00 | W=100.4um | Current HPWL=1436384.81 um | Best HPWL=1256322.32 um | Accept Rate=49.1% | Improvements: 54/1667 (3.2%) | Refine: 1787305/2130935 (83.9%) | Explore: 678635/913007 (74.3%)
T=0.00 | W=100.4um | Current HPWL=1435589.83 um | Best HPWL=1256322.32 um | Accept Rate=47.0% | Improvements: 53/1667 (3.2%) | Refine: 1788009/2132112 (83.9%) | Explore: 678714/913497 (74.3%)
T=0.00 | W=100.4um | Current HPWL=1434615.01 um | Best HPWL=1256322.32 um | Accept Rate=50.4% | Improvements: 52/1667 (3.1%) | Refine: 1788781/2133298 (83.9%) | Explore: 678783/913978 (74.3%)
T=0.00 | W=100.4um | Current HPWL=1433555.67 um | Best HPWL=1256322.32 um | Accept Rate=48.5% | Improvements: 58/1667 (3.5%) | Refine: 1789507/2134475 (83.8%) | Explore: 678866/914468 (74.2%)
T=0.00 | W=100.4um | Current HPWL=1432465.65 um | Best HPWL=1256322.32 um | Accept Rate=48.7% | Improvements: 53/1667 (3.2%) | Refine: 1790238/2135636 (83.8%) | Explore: 678947/914974 (74.2%)
T=0.00 | W=100.4um | Current HPWL=1431463.45 um | Best HPWL=1256322.32 um | Accept Rate=46.4% | Improvements: 53/1667 (3.2%) | Refine: 1790932/2136767 (83.8%) | Explore: 679026/915510 (74.2%)
T=0.00 | W=100.4um | Current HPWL=1430510.35 um | Best HPWL=1256322.32 um | Accept Rate=47.1% | Improvements: 52/1667 (3.1%) | Refine: 1791643/2137948 (83.8%) | Explore: 679100/915996 (74.1%)
T=0.00 | W=100.4um | Current HPWL=1429633.11 um | Best HPWL=1256322.32 um | Accept Rate=47.9% | Improvements: 46/1667 (2.8%) | Refine: 1792374/2139113 (83.8%) | Explore: 679167/916498 (74.1%)
T=0.00 | W=100.4um | Current HPWL=1428806.91 um | Best HPWL=1256322.32 um | Accept Rate=46.8% | Improvements: 57/1667 (3.4%) | Refine: 1793071/2140282 (83.8%) | Explore: 679250/916996 (74.1%)
T=0.00 | W=100.4um | Current HPWL=1427276.33 um | Best HPWL=1256322.32 um | Accept Rate=48.2% | Improvements: 63/1667 (3.8%) | Refine: 1793786/2141434 (83.8%) | Explore: 679339/917511 (74.0%)
T=0.00 | W=100.4um | Current HPWL=1426159.73 um | Best HPWL=1256322.32 um | Accept Rate=46.6% | Improvements: 57/1667 (3.4%) | Refine: 1794482/2142577 (83.8%) | Explore: 679420/918035 (74.0%)
T=0.00 | W=100.4um | Current HPWL=1424894.15 um | Best HPWL=1256322.32 um | Accept Rate=48.0% | Improvements: 54/1667 (3.2%) | Refine: 1795209/2143714 (83.7%) | Explore: 679493/918565 (74.0%)
T=0.00 | W=100.4um | Current HPWL=1423454.33 um | Best HPWL=1256322.32 um | Accept Rate=47.5% | Improvements: 66/1667 (4.0%) | Refine: 1795906/2144875 (83.7%) | Explore: 679587/919071 (73.9%)
T=0.00 | W=100.4um | Current HPWL=1422356.11 um | Best HPWL=1256322.32 um | Accept Rate=46.1% | Improvements: 59/1667 (3.5%) | Refine: 1796597/2146051 (83.7%) | Explore: 679665/919562 (73.9%)
T=0.00 | W=100.4um | Current HPWL=1421180.49 um | Best HPWL=1256322.32 um | Accept Rate=47.1% | Improvements: 60/1667 (3.6%) | Refine: 1797289/2147221 (83.7%) | Explore: 679758/920059 (73.9%)
T=0.00 | W=100.4um | Current HPWL=1420098.91 um | Best HPWL=1256322.32 um | Accept Rate=49.1% | Improvements: 68/1667 (4.1%) | Refine: 1798021/2148406 (83.7%) | Explore: 679844/920541 (73.9%)
T=0.00 | W=100.4um | Current HPWL=1418996.87 um | Best HPWL=1256322.32 um | Accept Rate=47.5% | Improvements: 63/1667 (3.8%) | Refine: 1798723/2149550 (83.7%) | Explore: 679933/921064 (73.8%)
T=0.00 | W=100.4um | Current HPWL=1418168.69 um | Best HPWL=1256322.32 um | Accept Rate=48.0% | Improvements: 62/1667 (3.7%) | Refine: 1799435/2150706 (83.7%) | Explore: 680021/921575 (73.8%)
T=0.00 | W=100.4um | Current HPWL=1417069.03 um | Best HPWL=1256322.32 um | Accept Rate=46.7% | Improvements: 66/1667 (4.0%) | Refine: 1800126/2151863 (83.7%) | Explore: 680109/922085 (73.8%)
T=0.00 | W=100.4um | Current HPWL=1415916.95 um | Best HPWL=1256322.32 um | Accept Rate=47.6% | Improvements: 51/1667 (3.1%) | Refine: 1800839/2153042 (83.6%) | Explore: 680190/922573 (73.7%)
T=0.00 | W=100.4um | Current HPWL=1414665.53 um | Best HPWL=1256322.32 um | Accept Rate=47.8% | Improvements: 53/1667 (3.2%) | Refine: 1801549/2154191 (83.6%) | Explore: 680276/923091 (73.7%)
T=0.00 | W=100.4um | Current HPWL=1413386.51 um | Best HPWL=1256322.32 um | Accept Rate=47.0% | Improvements: 60/1667 (3.6%) | Refine: 1802252/2155373 (83.6%) | Explore: 680357/923576 (73.7%)
T=0.00 | W=100.4um | Current HPWL=1412616.99 um | Best HPWL=1256322.32 um | Accept Rate=44.5% | Improvements: 54/1667 (3.2%) | Refine: 1802917/2156510 (83.6%) | Explore: 680434/924106 (73.6%)
T=0.00 | W=100.4um | Current HPWL=1411360.17 um | Best HPWL=1256322.32 um | Accept Rate=46.4% | Improvements: 59/1667 (3.5%) | Refine: 1803605/2157673 (83.6%) | Explore: 680520/924610 (73.6%)
T=0.00 | W=100.4um | Current HPWL=1410415.27 um | Best HPWL=1256322.32 um | Accept Rate=45.4% | Improvements: 55/1667 (3.3%) | Refine: 1804277/2158821 (83.6%) | Explore: 680605/925129 (73.6%)
T=0.00 | W=100.4um | Current HPWL=1409203.29 um | Best HPWL=1256322.32 um | Accept Rate=46.9% | Improvements: 55/1667 (3.3%) | Refine: 1804976/2159982 (83.6%) | Explore: 680687/925635 (73.5%)
T=0.00 | W=100.4um | Current HPWL=1407967.95 um | Best HPWL=1256322.32 um | Accept Rate=47.5% | Improvements: 49/1667 (2.9%) | Refine: 1805697/2161193 (83.6%) | Explore: 680758/926091 (73.5%)
T=0.00 | W=100.4um | Current HPWL=1406760.77 um | Best HPWL=1256322.32 um | Accept Rate=46.2% | Improvements: 55/1667 (3.3%) | Refine: 1806386/2162352 (83.5%) | Explore: 680839/926599 (73.5%)
T=0.00 | W=100.4um | Current HPWL=1405702.15 um | Best HPWL=1256322.32 um | Accept Rate=47.4% | Improvements: 57/1667 (3.4%) | Refine: 1807101/2163534 (83.5%) | Explore: 680914/927084 (73.4%)
T=0.00 | W=100.4um | Current HPWL=1404954.59 um | Best HPWL=1256322.32 um | Accept Rate=46.9% | Improvements: 45/1667 (2.7%) | Refine: 1807815/2164707 (83.5%) | Explore: 680982/927578 (73.4%)
T=0.00 | W=100.4um | Current HPWL=1403932.51 um | Best HPWL=1256322.32 um | Accept Rate=50.0% | Improvements: 47/1667 (2.8%) | Refine: 1808573/2165877 (83.5%) | Explore: 681057/928075 (73.4%)
T=0.00 | W=100.4um | Current HPWL=1402669.17 um | Best HPWL=1256322.32 um | Accept Rate=45.4% | Improvements: 63/1667 (3.8%) | Refine: 1809245/2167011 (83.5%) | Explore: 681142/928608 (73.4%)

============================================================
SA Optimization Complete
============================================================
Initial HPWL: 1256322.32 um
Final Total HPWL: 1256322.32 um
Improvement: 0.00 um (0.00%)
Total Iterations: 1857
============================================================

