
============================================================
Simulated Annealing Optimization
============================================================
Initial HPWL: 1256322.32 um
Initial Temperature: 12563223200.00
Cooling Rate (alpha): 0.9816666666666667
Moves per Temperature: 1500
Final Temperature: 0.001
Initial Window Size: 501.80 um
Window Cooling Rate (beta): 0.98
Move Probabilities: Refine=70.0%, Explore=30.0%
============================================================

T=12563223200.00 | W=501.8um | Current HPWL=1871440.22 um | Best HPWL=1256322.32 um | Accept Rate=100.0% | Improvements: 54/1500 (3.6%) | Refine: 1028/1028 (100.0%) | Explore: 472/472 (100.0%)
T=10440986148.64 | W=410.0um | Current HPWL=3952944.06 um | Best HPWL=1256322.32 um | Accept Rate=100.0% | Improvements: 339/1500 (22.6%) | Refine: 11606/11606 (100.0%) | Explore: 4894/4894 (100.0%)
T=8677247074.32 | W=335.0um | Current HPWL=4407891.56 um | Best HPWL=1256322.32 um | Accept Rate=100.0% | Improvements: 394/1500 (26.3%) | Refine: 22162/22162 (100.0%) | Explore: 9338/9338 (100.0%)
T=7211446861.13 | W=273.7um | Current HPWL=4624238.06 um | Best HPWL=1256322.32 um | Accept Rate=100.0% | Improvements: 395/1500 (26.3%) | Refine: 32635/32635 (100.0%) | Explore: 13865/13865 (100.0%)
T=5993256315.68 | W=223.7um | Current HPWL=4767717.53 um | Best HPWL=1256322.32 um | Accept Rate=100.0% | Improvements: 406/1500 (27.1%) | Refine: 43185/43185 (100.0%) | Explore: 18315/18315 (100.0%)
T=4980848081.83 | W=182.7um | Current HPWL=4803843.29 um | Best HPWL=1256322.32 um | Accept Rate=100.0% | Improvements: 431/1500 (28.7%) | Refine: 53657/53657 (100.0%) | Explore: 22843/22843 (100.0%)
T=4139460471.49 | W=149.3um | Current HPWL=4862269.78 um | Best HPWL=1256322.32 um | Accept Rate=100.0% | Improvements: 423/1500 (28.2%) | Refine: 64128/64128 (100.0%) | Explore: 27372/27372 (100.0%)
T=3440203899.72 | W=122.0um | Current HPWL=4866139.67 um | Best HPWL=1256322.32 um | Accept Rate=100.0% | Improvements: 398/1500 (26.5%) | Refine: 74615/74615 (100.0%) | Explore: 31885/31885 (100.0%)
T=2859068942.23 | W=100.4um | Current HPWL=4920933.85 um | Best HPWL=1256322.32 um | Accept Rate=100.0% | Improvements: 426/1500 (28.4%) | Refine: 85022/85022 (100.0%) | Explore: 36478/36478 (100.0%)
T=2376101956.37 | W=100.4um | Current HPWL=4925356.38 um | Best HPWL=1256322.32 um | Accept Rate=100.0% | Improvements: 414/1500 (27.6%) | Refine: 95388/95388 (100.0%) | Explore: 41112/41112 (100.0%)
T=1974719959.94 | W=100.4um | Current HPWL=4971871.10 um | Best HPWL=1256322.32 um | Accept Rate=100.0% | Improvements: 449/1500 (29.9%) | Refine: 105949/105949 (100.0%) | Explore: 45551/45551 (100.0%)
T=1641141243.85 | W=100.4um | Current HPWL=4948674.16 um | Best HPWL=1256322.32 um | Accept Rate=100.0% | Improvements: 415/1500 (27.7%) | Refine: 116531/116531 (100.0%) | Explore: 49969/49969 (100.0%)
T=1363912168.26 | W=100.4um | Current HPWL=4934681.39 um | Best HPWL=1256322.32 um | Accept Rate=100.0% | Improvements: 390/1500 (26.0%) | Refine: 127062/127062 (100.0%) | Explore: 54438/54438 (100.0%)
T=1133513894.49 | W=100.4um | Current HPWL=4989191.15 um | Best HPWL=1256322.32 um | Accept Rate=100.0% | Improvements: 388/1500 (25.9%) | Refine: 137535/137535 (100.0%) | Explore: 58965/58965 (100.0%)
T=942035549.57 | W=100.4um | Current HPWL=5008828.75 um | Best HPWL=1256322.32 um | Accept Rate=100.0% | Improvements: 416/1500 (27.7%) | Refine: 148114/148114 (100.0%) | Explore: 63386/63386 (100.0%)
T=782902601.35 | W=100.4um | Current HPWL=5035407.74 um | Best HPWL=1256322.32 um | Accept Rate=100.0% | Improvements: 421/1500 (28.1%) | Refine: 158673/158673 (100.0%) | Explore: 67827/67827 (100.0%)
T=650651117.66 | W=100.4um | Current HPWL=5033050.17 um | Best HPWL=1256322.32 um | Accept Rate=100.0% | Improvements: 398/1500 (26.5%) | Refine: 169150/169150 (100.0%) | Explore: 72350/72350 (100.0%)
T=540740158.71 | W=100.4um | Current HPWL=5045293.16 um | Best HPWL=1256322.32 um | Accept Rate=100.0% | Improvements: 374/1500 (24.9%) | Refine: 179685/179685 (100.0%) | Explore: 76815/76815 (100.0%)
T=449395861.01 | W=100.4um | Current HPWL=5058192.18 um | Best HPWL=1256322.32 um | Accept Rate=100.0% | Improvements: 440/1500 (29.3%) | Refine: 190198/190198 (100.0%) | Explore: 81302/81302 (100.0%)
T=373481859.35 | W=100.4um | Current HPWL=5082538.60 um | Best HPWL=1256322.32 um | Accept Rate=100.0% | Improvements: 441/1500 (29.4%) | Refine: 200598/200598 (100.0%) | Explore: 85902/85902 (100.0%)
T=310391597.61 | W=100.4um | Current HPWL=5086196.79 um | Best HPWL=1256322.32 um | Accept Rate=100.0% | Improvements: 443/1500 (29.5%) | Refine: 211099/211099 (100.0%) | Explore: 90401/90401 (100.0%)
T=257958831.08 | W=100.4um | Current HPWL=5117506.07 um | Best HPWL=1256322.32 um | Accept Rate=100.0% | Improvements: 419/1500 (27.9%) | Refine: 221677/221677 (100.0%) | Explore: 94823/94823 (100.0%)
T=214383246.99 | W=100.4um | Current HPWL=5107169.88 um | Best HPWL=1256322.32 um | Accept Rate=100.0% | Improvements: 422/1500 (28.1%) | Refine: 232215/232215 (100.0%) | Explore: 99285/99285 (100.0%)
T=178168649.61 | W=100.4um | Current HPWL=5152560.12 um | Best HPWL=1256322.32 um | Accept Rate=100.0% | Improvements: 407/1500 (27.1%) | Refine: 242621/242621 (100.0%) | Explore: 103879/103879 (100.0%)
T=148071587.45 | W=100.4um | Current HPWL=5159224.67 um | Best HPWL=1256322.32 um | Accept Rate=100.0% | Improvements: 430/1500 (28.7%) | Refine: 253073/253073 (100.0%) | Explore: 108427/108427 (100.0%)
T=123058658.51 | W=100.4um | Current HPWL=5200359.52 um | Best HPWL=1256322.32 um | Accept Rate=100.0% | Improvements: 395/1500 (26.3%) | Refine: 263538/263538 (100.0%) | Explore: 112962/112962 (100.0%)
T=102271027.79 | W=100.4um | Current HPWL=5196862.10 um | Best HPWL=1256322.32 um | Accept Rate=100.0% | Improvements: 427/1500 (28.5%) | Refine: 274003/274003 (100.0%) | Explore: 117497/117497 (100.0%)
T=84994938.60 | W=100.4um | Current HPWL=5195249.43 um | Best HPWL=1256322.32 um | Accept Rate=100.0% | Improvements: 431/1500 (28.7%) | Refine: 284470/284470 (100.0%) | Explore: 122030/122030 (100.0%)
T=70637205.32 | W=100.4um | Current HPWL=5206630.65 um | Best HPWL=1256322.32 um | Accept Rate=100.0% | Improvements: 390/1500 (26.0%) | Refine: 294932/294932 (100.0%) | Explore: 126568/126568 (100.0%)
T=58704845.93 | W=100.4um | Current HPWL=5224472.79 um | Best HPWL=1256322.32 um | Accept Rate=100.0% | Improvements: 412/1500 (27.5%) | Refine: 305385/305385 (100.0%) | Explore: 131115/131115 (100.0%)
T=48788155.19 | W=100.4um | Current HPWL=5245939.44 um | Best HPWL=1256322.32 um | Accept Rate=100.0% | Improvements: 372/1500 (24.8%) | Refine: 315902/315902 (100.0%) | Explore: 135598/135598 (100.0%)
T=40546637.15 | W=100.4um | Current HPWL=5246494.81 um | Best HPWL=1256322.32 um | Accept Rate=100.0% | Improvements: 421/1500 (28.1%) | Refine: 326447/326447 (100.0%) | Explore: 140053/140053 (100.0%)
T=33697313.99 | W=100.4um | Current HPWL=5256023.53 um | Best HPWL=1256322.32 um | Accept Rate=100.0% | Improvements: 430/1500 (28.7%) | Refine: 336989/336989 (100.0%) | Explore: 144511/144511 (100.0%)
T=28005009.78 | W=100.4um | Current HPWL=5315212.05 um | Best HPWL=1256322.32 um | Accept Rate=100.0% | Improvements: 424/1500 (28.3%) | Refine: 347338/347338 (100.0%) | Explore: 149162/149162 (100.0%)
T=23274275.60 | W=100.4um | Current HPWL=5284086.77 um | Best HPWL=1256322.32 um | Accept Rate=100.0% | Improvements: 394/1500 (26.3%) | Refine: 357874/357874 (100.0%) | Explore: 153626/153626 (100.0%)
T=19342678.65 | W=100.4um | Current HPWL=5285712.40 um | Best HPWL=1256322.32 um | Accept Rate=100.0% | Improvements: 460/1500 (30.7%) | Refine: 368411/368411 (100.0%) | Explore: 158089/158089 (100.0%)
T=16075225.02 | W=100.4um | Current HPWL=5298653.91 um | Best HPWL=1256322.32 um | Accept Rate=100.0% | Improvements: 435/1500 (29.0%) | Refine: 378955/378955 (100.0%) | Explore: 162545/162545 (100.0%)
T=13359724.58 | W=100.4um | Current HPWL=5329420.52 um | Best HPWL=1256322.32 um | Accept Rate=100.0% | Improvements: 393/1500 (26.2%) | Refine: 389486/389486 (100.0%) | Explore: 167014/167014 (100.0%)
T=11102938.87 | W=100.4um | Current HPWL=5327126.28 um | Best HPWL=1256322.32 um | Accept Rate=100.0% | Improvements: 416/1500 (27.7%) | Refine: 400010/400010 (100.0%) | Explore: 171489/171490 (100.0%)
T=9227379.72 | W=100.4um | Current HPWL=5329867.00 um | Best HPWL=1256322.32 um | Accept Rate=100.0% | Improvements: 400/1500 (26.7%) | Refine: 410589/410589 (100.0%) | Explore: 175910/175911 (100.0%)
T=7668648.59 | W=100.4um | Current HPWL=5355904.82 um | Best HPWL=1256322.32 um | Accept Rate=100.0% | Improvements: 439/1500 (29.3%) | Refine: 421021/421021 (100.0%) | Explore: 180478/180479 (100.0%)
T=6373225.44 | W=100.4um | Current HPWL=5365182.81 um | Best HPWL=1256322.32 um | Accept Rate=100.0% | Improvements: 407/1500 (27.1%) | Refine: 431549/431549 (100.0%) | Explore: 184950/184951 (100.0%)
T=5296631.09 | W=100.4um | Current HPWL=5385291.97 um | Best HPWL=1256322.32 um | Accept Rate=100.0% | Improvements: 436/1500 (29.1%) | Refine: 442033/442033 (100.0%) | Explore: 189466/189467 (100.0%)
T=4401899.97 | W=100.4um | Current HPWL=5390914.52 um | Best HPWL=1256322.32 um | Accept Rate=100.0% | Improvements: 419/1500 (27.9%) | Refine: 452493/452493 (100.0%) | Explore: 194006/194007 (100.0%)
T=3658310.92 | W=100.4um | Current HPWL=5412434.77 um | Best HPWL=1256322.32 um | Accept Rate=100.0% | Improvements: 403/1500 (26.9%) | Refine: 463050/463050 (100.0%) | Explore: 198449/198450 (100.0%)
T=3040332.33 | W=100.4um | Current HPWL=5426346.82 um | Best HPWL=1256322.32 um | Accept Rate=100.0% | Improvements: 421/1500 (28.1%) | Refine: 473549/473550 (100.0%) | Explore: 202949/202950 (100.0%)
T=2526745.50 | W=100.4um | Current HPWL=5416590.95 um | Best HPWL=1256322.32 um | Accept Rate=100.0% | Improvements: 414/1500 (27.6%) | Refine: 483957/483959 (100.0%) | Explore: 207540/207541 (100.0%)
T=2099916.11 | W=100.4um | Current HPWL=5444126.13 um | Best HPWL=1256322.32 um | Accept Rate=100.0% | Improvements: 399/1500 (26.6%) | Refine: 494460/494462 (100.0%) | Explore: 212037/212038 (100.0%)
T=1745188.69 | W=100.4um | Current HPWL=5449449.84 um | Best HPWL=1256322.32 um | Accept Rate=100.0% | Improvements: 416/1500 (27.7%) | Refine: 504952/504954 (100.0%) | Explore: 216545/216546 (100.0%)
T=1450383.44 | W=100.4um | Current HPWL=5509716.85 um | Best HPWL=1256322.32 um | Accept Rate=100.0% | Improvements: 371/1500 (24.7%) | Refine: 515483/515485 (100.0%) | Explore: 221014/221015 (100.0%)
T=1205378.05 | W=100.4um | Current HPWL=5516777.29 um | Best HPWL=1256322.32 um | Accept Rate=100.0% | Improvements: 389/1500 (25.9%) | Refine: 525918/525920 (100.0%) | Explore: 225579/225580 (100.0%)
T=1001760.08 | W=100.4um | Current HPWL=5501797.87 um | Best HPWL=1256322.32 um | Accept Rate=100.0% | Improvements: 404/1500 (26.9%) | Refine: 536375/536378 (100.0%) | Explore: 230121/230122 (100.0%)
T=832538.19 | W=100.4um | Current HPWL=5513839.97 um | Best HPWL=1256322.32 um | Accept Rate=100.0% | Improvements: 415/1500 (27.7%) | Refine: 546872/546875 (100.0%) | Explore: 234624/234625 (100.0%)
T=691902.04 | W=100.4um | Current HPWL=5533896.99 um | Best HPWL=1256322.32 um | Accept Rate=100.0% | Improvements: 398/1500 (26.5%) | Refine: 557341/557344 (100.0%) | Explore: 239155/239156 (100.0%)
T=575022.78 | W=100.4um | Current HPWL=5525662.82 um | Best HPWL=1256322.32 um | Accept Rate=100.0% | Improvements: 432/1500 (28.8%) | Refine: 567753/567756 (100.0%) | Explore: 243743/243744 (100.0%)
T=477887.31 | W=100.4um | Current HPWL=5529322.69 um | Best HPWL=1256322.32 um | Accept Rate=100.0% | Improvements: 420/1500 (28.0%) | Refine: 578247/578251 (100.0%) | Explore: 248247/248249 (100.0%)
T=397160.40 | W=100.4um | Current HPWL=5542857.57 um | Best HPWL=1256322.32 um | Accept Rate=100.0% | Improvements: 425/1500 (28.3%) | Refine: 588753/588758 (100.0%) | Explore: 252740/252742 (100.0%)
T=330070.25 | W=100.4um | Current HPWL=5524172.26 um | Best HPWL=1256322.32 um | Accept Rate=100.0% | Improvements: 448/1500 (29.9%) | Refine: 599231/599238 (100.0%) | Explore: 257260/257262 (100.0%)
T=274313.28 | W=100.4um | Current HPWL=5560403.87 um | Best HPWL=1256322.32 um | Accept Rate=100.0% | Improvements: 422/1500 (28.1%) | Refine: 609667/609676 (100.0%) | Explore: 261822/261824 (100.0%)
T=227975.03 | W=100.4um | Current HPWL=5581032.41 um | Best HPWL=1256322.32 um | Accept Rate=100.0% | Improvements: 434/1500 (28.9%) | Refine: 620204/620214 (100.0%) | Explore: 266283/266286 (100.0%)
T=189464.44 | W=100.4um | Current HPWL=5581011.64 um | Best HPWL=1256322.32 um | Accept Rate=99.9% | Improvements: 445/1500 (29.7%) | Refine: 630666/630682 (100.0%) | Explore: 270815/270818 (100.0%)
T=157459.24 | W=100.4um | Current HPWL=5593065.75 um | Best HPWL=1256322.32 um | Accept Rate=99.9% | Improvements: 414/1500 (27.6%) | Refine: 641079/641102 (100.0%) | Explore: 275395/275398 (100.0%)
T=130860.51 | W=100.4um | Current HPWL=5605160.76 um | Best HPWL=1256322.32 um | Accept Rate=100.0% | Improvements: 433/1500 (28.9%) | Refine: 651625/651654 (100.0%) | Explore: 279842/279846 (100.0%)
T=108754.95 | W=100.4um | Current HPWL=5615495.11 um | Best HPWL=1256322.32 um | Accept Rate=99.9% | Improvements: 385/1500 (25.7%) | Refine: 662140/662172 (100.0%) | Explore: 284323/284328 (100.0%)
T=90383.57 | W=100.4um | Current HPWL=5622210.43 um | Best HPWL=1256322.32 um | Accept Rate=100.0% | Improvements: 412/1500 (27.5%) | Refine: 672520/672561 (100.0%) | Explore: 288933/288939 (100.0%)
T=75115.56 | W=100.4um | Current HPWL=5653441.80 um | Best HPWL=1256322.32 um | Accept Rate=100.0% | Improvements: 400/1500 (26.7%) | Refine: 683028/683077 (100.0%) | Explore: 293415/293423 (100.0%)
T=62426.70 | W=100.4um | Current HPWL=5687966.25 um | Best HPWL=1256322.32 um | Accept Rate=99.9% | Improvements: 409/1500 (27.3%) | Refine: 693531/693589 (100.0%) | Explore: 297902/297911 (100.0%)
T=51881.30 | W=100.4um | Current HPWL=5664448.48 um | Best HPWL=1256322.32 um | Accept Rate=100.0% | Improvements: 415/1500 (27.7%) | Refine: 704064/704133 (100.0%) | Explore: 302355/302367 (100.0%)
T=43117.27 | W=100.4um | Current HPWL=5681467.42 um | Best HPWL=1256322.32 um | Accept Rate=99.9% | Improvements: 445/1500 (29.7%) | Refine: 714498/714588 (100.0%) | Explore: 306900/306912 (100.0%)
T=35833.70 | W=100.4um | Current HPWL=5709040.67 um | Best HPWL=1256322.32 um | Accept Rate=99.9% | Improvements: 411/1500 (27.4%) | Refine: 724916/725029 (100.0%) | Explore: 311457/311471 (100.0%)
T=29780.51 | W=100.4um | Current HPWL=5712598.83 um | Best HPWL=1256322.32 um | Accept Rate=99.8% | Improvements: 412/1500 (27.5%) | Refine: 735430/735567 (100.0%) | Explore: 315914/315933 (100.0%)
T=24749.85 | W=100.4um | Current HPWL=5702680.34 um | Best HPWL=1256322.32 um | Accept Rate=99.8% | Improvements: 405/1500 (27.0%) | Refine: 745842/746014 (100.0%) | Explore: 320462/320486 (100.0%)
T=20568.99 | W=100.4um | Current HPWL=5696514.17 um | Best HPWL=1256322.32 um | Accept Rate=99.7% | Improvements: 393/1500 (26.2%) | Refine: 756253/756465 (100.0%) | Explore: 325006/325035 (100.0%)
T=17094.39 | W=100.4um | Current HPWL=5702611.84 um | Best HPWL=1256322.32 um | Accept Rate=99.5% | Improvements: 389/1500 (25.9%) | Refine: 766788/767055 (100.0%) | Explore: 329411/329445 (100.0%)
T=14206.72 | W=100.4um | Current HPWL=5732807.73 um | Best HPWL=1256322.32 um | Accept Rate=99.3% | Improvements: 406/1500 (27.1%) | Refine: 777298/777618 (100.0%) | Explore: 333841/333882 (100.0%)
T=11806.86 | W=100.4um | Current HPWL=5707183.33 um | Best HPWL=1256322.32 um | Accept Rate=99.3% | Improvements: 435/1500 (29.0%) | Refine: 787667/788066 (99.9%) | Explore: 338384/338434 (100.0%)
T=9812.39 | W=100.4um | Current HPWL=5686381.07 um | Best HPWL=1256322.32 um | Accept Rate=98.9% | Improvements: 402/1500 (26.8%) | Refine: 798074/798547 (99.9%) | Explore: 342889/342953 (100.0%)
T=8154.84 | W=100.4um | Current HPWL=5716529.04 um | Best HPWL=1256322.32 um | Accept Rate=99.1% | Improvements: 370/1500 (24.7%) | Refine: 808458/809019 (99.9%) | Explore: 347402/347481 (100.0%)
T=6777.28 | W=100.4um | Current HPWL=5754267.58 um | Best HPWL=1256322.32 um | Accept Rate=98.7% | Improvements: 417/1500 (27.8%) | Refine: 818892/819566 (99.9%) | Explore: 351840/351934 (100.0%)
T=5632.43 | W=100.4um | Current HPWL=5695606.51 um | Best HPWL=1256322.32 um | Accept Rate=99.3% | Improvements: 434/1500 (28.9%) | Refine: 829329/830149 (99.9%) | Explore: 356241/356351 (100.0%)
T=4680.98 | W=100.4um | Current HPWL=5709454.69 um | Best HPWL=1256322.32 um | Accept Rate=99.1% | Improvements: 410/1500 (27.3%) | Refine: 839669/840658 (99.9%) | Explore: 360710/360842 (100.0%)
T=3890.25 | W=100.4um | Current HPWL=5700050.76 um | Best HPWL=1256322.32 um | Accept Rate=97.9% | Improvements: 410/1500 (27.3%) | Refine: 849912/851112 (99.9%) | Explore: 365224/365388 (100.0%)
T=3233.09 | W=100.4um | Current HPWL=5695330.01 um | Best HPWL=1256322.32 um | Accept Rate=98.5% | Improvements: 425/1500 (28.3%) | Refine: 860129/861566 (99.8%) | Explore: 369727/369934 (99.9%)
T=2686.94 | W=100.4um | Current HPWL=5698451.18 um | Best HPWL=1256322.32 um | Accept Rate=98.1% | Improvements: 410/1500 (27.3%) | Refine: 870447/872164 (99.8%) | Explore: 374074/374336 (99.9%)
T=2233.05 | W=100.4um | Current HPWL=5660315.48 um | Best HPWL=1256322.32 um | Accept Rate=97.3% | Improvements: 395/1500 (26.3%) | Refine: 880648/882698 (99.8%) | Explore: 378476/378802 (99.9%)
T=1855.83 | W=100.4um | Current HPWL=5589902.52 um | Best HPWL=1256322.32 um | Accept Rate=96.7% | Improvements: 379/1500 (25.3%) | Refine: 890822/893320 (99.7%) | Explore: 382797/383180 (99.9%)
T=1542.34 | W=100.4um | Current HPWL=5578615.06 um | Best HPWL=1256322.32 um | Accept Rate=96.5% | Improvements: 348/1500 (23.2%) | Refine: 900831/903858 (99.7%) | Explore: 387200/387642 (99.9%)
T=1281.80 | W=100.4um | Current HPWL=5526985.75 um | Best HPWL=1256322.32 um | Accept Rate=94.8% | Improvements: 399/1500 (26.6%) | Refine: 910769/914426 (99.6%) | Explore: 391540/392074 (99.9%)
T=1065.27 | W=100.4um | Current HPWL=5465585.99 um | Best HPWL=1256322.32 um | Accept Rate=93.1% | Improvements: 386/1500 (25.7%) | Refine: 920521/924945 (99.5%) | Explore: 395909/396555 (99.8%)
T=885.32 | W=100.4um | Current HPWL=5373536.49 um | Best HPWL=1256322.32 um | Accept Rate=92.3% | Improvements: 386/1500 (25.7%) | Refine: 930150/935499 (99.4%) | Explore: 400242/401001 (99.8%)
T=735.77 | W=100.4um | Current HPWL=5366901.20 um | Best HPWL=1256322.32 um | Accept Rate=91.4% | Improvements: 372/1500 (24.8%) | Refine: 939579/945982 (99.3%) | Explore: 404634/405518 (99.8%)
T=611.48 | W=100.4um | Current HPWL=5265259.17 um | Best HPWL=1256322.32 um | Accept Rate=89.4% | Improvements: 370/1500 (24.7%) | Refine: 948774/956388 (99.2%) | Explore: 409034/410112 (99.7%)
T=508.19 | W=100.4um | Current HPWL=5168349.84 um | Best HPWL=1256322.32 um | Accept Rate=88.5% | Improvements: 356/1500 (23.7%) | Refine: 957873/966880 (99.1%) | Explore: 413329/414620 (99.7%)
T=422.34 | W=100.4um | Current HPWL=5054450.33 um | Best HPWL=1256322.32 um | Accept Rate=84.6% | Improvements: 337/1500 (22.5%) | Refine: 966543/977306 (98.9%) | Explore: 417668/419194 (99.6%)
T=351.00 | W=100.4um | Current HPWL=4970897.13 um | Best HPWL=1256322.32 um | Accept Rate=83.5% | Improvements: 292/1500 (19.5%) | Refine: 975163/987822 (98.7%) | Explore: 421853/423678 (99.6%)
T=291.70 | W=100.4um | Current HPWL=4836737.17 um | Best HPWL=1256322.32 um | Accept Rate=82.3% | Improvements: 307/1500 (20.5%) | Refine: 983522/998311 (98.5%) | Explore: 426033/428189 (99.5%)
T=242.43 | W=100.4um | Current HPWL=4714030.63 um | Best HPWL=1256322.32 um | Accept Rate=80.8% | Improvements: 294/1500 (19.6%) | Refine: 991743/1008920 (98.3%) | Explore: 430066/432580 (99.4%)
T=201.48 | W=100.4um | Current HPWL=4601927.42 um | Best HPWL=1256322.32 um | Accept Rate=78.7% | Improvements: 263/1500 (17.5%) | Refine: 999735/1019486 (98.1%) | Explore: 434003/437014 (99.3%)
T=167.44 | W=100.4um | Current HPWL=4470645.28 um | Best HPWL=1256322.32 um | Accept Rate=77.7% | Improvements: 268/1500 (17.9%) | Refine: 1007495/1030030 (97.8%) | Explore: 437909/441470 (99.2%)
T=139.16 | W=100.4um | Current HPWL=4341986.40 um | Best HPWL=1256322.32 um | Accept Rate=75.6% | Improvements: 274/1500 (18.3%) | Refine: 1015007/1040560 (97.5%) | Explore: 441799/445940 (99.1%)
T=115.65 | W=100.4um | Current HPWL=4212340.92 um | Best HPWL=1256322.32 um | Accept Rate=73.2% | Improvements: 254/1500 (16.9%) | Refine: 1022461/1051156 (97.3%) | Explore: 445493/450344 (98.9%)
T=96.11 | W=100.4um | Current HPWL=4092630.72 um | Best HPWL=1256322.32 um | Accept Rate=71.6% | Improvements: 272/1500 (18.1%) | Refine: 1029639/1061594 (97.0%) | Explore: 449181/454906 (98.7%)
T=79.88 | W=100.4um | Current HPWL=3980753.90 um | Best HPWL=1256322.32 um | Accept Rate=72.1% | Improvements: 252/1500 (16.8%) | Refine: 1036853/1072211 (96.7%) | Explore: 452633/459289 (98.6%)
T=66.38 | W=100.4um | Current HPWL=3872420.10 um | Best HPWL=1256322.32 um | Accept Rate=70.1% | Improvements: 214/1500 (14.3%) | Refine: 1043912/1082695 (96.4%) | Explore: 456040/463805 (98.3%)
T=55.17 | W=100.4um | Current HPWL=3771546.85 um | Best HPWL=1256322.32 um | Accept Rate=67.9% | Improvements: 224/1500 (14.9%) | Refine: 1050952/1093235 (96.1%) | Explore: 459331/468265 (98.1%)
T=45.85 | W=100.4um | Current HPWL=3673307.85 um | Best HPWL=1256322.32 um | Accept Rate=66.1% | Improvements: 226/1500 (15.1%) | Refine: 1057841/1103749 (95.8%) | Explore: 462474/472751 (97.8%)
T=38.11 | W=100.4um | Current HPWL=3583304.51 um | Best HPWL=1256322.32 um | Accept Rate=64.7% | Improvements: 211/1500 (14.1%) | Refine: 1064654/1114272 (95.5%) | Explore: 465435/477228 (97.5%)
T=31.67 | W=100.4um | Current HPWL=3485044.27 um | Best HPWL=1256322.32 um | Accept Rate=62.7% | Improvements: 211/1500 (14.1%) | Refine: 1071254/1124682 (95.2%) | Explore: 468337/481818 (97.2%)
T=26.32 | W=100.4um | Current HPWL=3396741.71 um | Best HPWL=1256322.32 um | Accept Rate=61.5% | Improvements: 179/1500 (11.9%) | Refine: 1078033/1135249 (95.0%) | Explore: 471031/486251 (96.9%)
T=21.87 | W=100.4um | Current HPWL=3312931.51 um | Best HPWL=1256322.32 um | Accept Rate=63.1% | Improvements: 203/1500 (13.5%) | Refine: 1084688/1145711 (94.7%) | Explore: 473672/490789 (96.5%)
T=18.18 | W=100.4um | Current HPWL=3232693.85 um | Best HPWL=1256322.32 um | Accept Rate=59.7% | Improvements: 194/1500 (12.9%) | Refine: 1091376/1156239 (94.4%) | Explore: 476123/495261 (96.1%)
T=15.11 | W=100.4um | Current HPWL=3157129.65 um | Best HPWL=1256322.32 um | Accept Rate=58.5% | Improvements: 183/1500 (12.2%) | Refine: 1097851/1166590 (94.1%) | Explore: 478550/499910 (95.7%)
T=12.56 | W=100.4um | Current HPWL=3083928.41 um | Best HPWL=1256322.32 um | Accept Rate=57.7% | Improvements: 189/1500 (12.6%) | Refine: 1104404/1177059 (93.8%) | Explore: 480849/504441 (95.3%)
T=10.43 | W=100.4um | Current HPWL=3010519.95 um | Best HPWL=1256322.32 um | Accept Rate=58.8% | Improvements: 177/1500 (11.8%) | Refine: 1111020/1187560 (93.6%) | Explore: 483061/508940 (94.9%)
T=8.67 | W=100.4um | Current HPWL=2940282.39 um | Best HPWL=1256322.32 um | Accept Rate=58.1% | Improvements: 169/1500 (11.3%) | Refine: 1117679/1198023 (93.3%) | Explore: 485164/513477 (94.5%)
T=7.21 | W=100.4um | Current HPWL=2874305.73 um | Best HPWL=1256322.32 um | Accept Rate=56.5% | Improvements: 162/1500 (10.8%) | Refine: 1124236/1208494 (93.0%) | Explore: 487185/518006 (94.1%)
T=5.99 | W=100.4um | Current HPWL=2812859.67 um | Best HPWL=1256322.32 um | Accept Rate=55.5% | Improvements: 151/1500 (10.1%) | Refine: 1130755/1218947 (92.8%) | Explore: 489098/522553 (93.6%)
T=4.98 | W=100.4um | Current HPWL=2757849.46 um | Best HPWL=1256322.32 um | Accept Rate=56.4% | Improvements: 137/1500 (9.1%) | Refine: 1137207/1229493 (92.5%) | Explore: 490878/527007 (93.1%)
T=4.14 | W=100.4um | Current HPWL=2702879.30 um | Best HPWL=1256322.32 um | Accept Rate=53.5% | Improvements: 156/1500 (10.4%) | Refine: 1143656/1239980 (92.2%) | Explore: 492651/531520 (92.7%)
T=3.44 | W=100.4um | Current HPWL=2650427.52 um | Best HPWL=1256322.32 um | Accept Rate=55.1% | Improvements: 141/1500 (9.4%) | Refine: 1150176/1250544 (92.0%) | Explore: 494377/535956 (92.2%)
T=2.86 | W=100.4um | Current HPWL=2602418.00 um | Best HPWL=1256322.32 um | Accept Rate=52.7% | Improvements: 143/1500 (9.5%) | Refine: 1156579/1261032 (91.7%) | Explore: 496044/540468 (91.8%)
T=2.37 | W=100.4um | Current HPWL=2556681.70 um | Best HPWL=1256322.32 um | Accept Rate=52.5% | Improvements: 137/1500 (9.1%) | Refine: 1162982/1271542 (91.5%) | Explore: 497623/544958 (91.3%)
T=1.97 | W=100.4um | Current HPWL=2511078.30 um | Best HPWL=1256322.32 um | Accept Rate=55.9% | Improvements: 139/1500 (9.3%) | Refine: 1169399/1282023 (91.2%) | Explore: 499240/549477 (90.9%)
T=1.64 | W=100.4um | Current HPWL=2469846.66 um | Best HPWL=1256322.32 um | Accept Rate=52.3% | Improvements: 135/1500 (9.0%) | Refine: 1175903/1292554 (91.0%) | Explore: 500788/553946 (90.4%)
T=1.36 | W=100.4um | Current HPWL=2426022.36 um | Best HPWL=1256322.32 um | Accept Rate=51.2% | Improvements: 133/1500 (8.9%) | Refine: 1182322/1303058 (90.7%) | Explore: 502329/558442 (90.0%)
T=1.13 | W=100.4um | Current HPWL=2385817.32 um | Best HPWL=1256322.32 um | Accept Rate=53.5% | Improvements: 121/1500 (8.1%) | Refine: 1188758/1313561 (90.5%) | Explore: 503788/562939 (89.5%)
T=0.94 | W=100.4um | Current HPWL=2348853.40 um | Best HPWL=1256322.32 um | Accept Rate=53.1% | Improvements: 118/1500 (7.9%) | Refine: 1195253/1324111 (90.3%) | Explore: 505155/567389 (89.0%)
T=0.78 | W=100.4um | Current HPWL=2316202.45 um | Best HPWL=1256322.32 um | Accept Rate=52.4% | Improvements: 110/1500 (7.3%) | Refine: 1201716/1334601 (90.0%) | Explore: 506530/571899 (88.6%)
T=0.65 | W=100.4um | Current HPWL=2280136.31 um | Best HPWL=1256322.32 um | Accept Rate=53.5% | Improvements: 112/1500 (7.5%) | Refine: 1208129/1345166 (89.8%) | Explore: 507907/576334 (88.1%)
T=0.54 | W=100.4um | Current HPWL=2244042.39 um | Best HPWL=1256322.32 um | Accept Rate=51.5% | Improvements: 121/1500 (8.1%) | Refine: 1214543/1355647 (89.6%) | Explore: 509291/580853 (87.7%)
T=0.45 | W=100.4um | Current HPWL=2212023.33 um | Best HPWL=1256322.32 um | Accept Rate=51.2% | Improvements: 112/1500 (7.5%) | Refine: 1221001/1366144 (89.4%) | Explore: 510599/585356 (87.2%)
T=0.37 | W=100.4um | Current HPWL=2181164.34 um | Best HPWL=1256322.32 um | Accept Rate=49.0% | Improvements: 87/1500 (5.8%) | Refine: 1227450/1376695 (89.2%) | Explore: 511867/589805 (86.8%)
T=0.31 | W=100.4um | Current HPWL=2148995.44 um | Best HPWL=1256322.32 um | Accept Rate=51.8% | Improvements: 100/1500 (6.7%) | Refine: 1233874/1387174 (88.9%) | Explore: 513184/594326 (86.3%)
T=0.26 | W=100.4um | Current HPWL=2120178.82 um | Best HPWL=1256322.32 um | Accept Rate=51.9% | Improvements: 100/1500 (6.7%) | Refine: 1240352/1397789 (88.7%) | Explore: 514425/598711 (85.9%)
T=0.21 | W=100.4um | Current HPWL=2091433.81 um | Best HPWL=1256322.32 um | Accept Rate=51.7% | Improvements: 101/1500 (6.7%) | Refine: 1246871/1408378 (88.5%) | Explore: 515692/603122 (85.5%)
T=0.18 | W=100.4um | Current HPWL=2065079.49 um | Best HPWL=1256322.32 um | Accept Rate=50.9% | Improvements: 92/1500 (6.1%) | Refine: 1253269/1418934 (88.3%) | Explore: 516879/607566 (85.1%)
T=0.15 | W=100.4um | Current HPWL=2037578.85 um | Best HPWL=1256322.32 um | Accept Rate=53.0% | Improvements: 106/1500 (7.1%) | Refine: 1259751/1429456 (88.1%) | Explore: 518110/612044 (84.7%)
T=0.12 | W=100.4um | Current HPWL=2011399.47 um | Best HPWL=1256322.32 um | Accept Rate=50.9% | Improvements: 91/1500 (6.1%) | Refine: 1266184/1440030 (87.9%) | Explore: 519298/616470 (84.2%)
T=0.10 | W=100.4um | Current HPWL=1985049.59 um | Best HPWL=1256322.32 um | Accept Rate=50.0% | Improvements: 85/1500 (5.7%) | Refine: 1272566/1450579 (87.7%) | Explore: 520444/620921 (83.8%)
T=0.08 | W=100.4um | Current HPWL=1960753.81 um | Best HPWL=1256322.32 um | Accept Rate=50.6% | Improvements: 97/1500 (6.5%) | Refine: 1278867/1460915 (87.5%) | Explore: 521614/625585 (83.4%)
T=0.07 | W=100.4um | Current HPWL=1937598.73 um | Best HPWL=1256322.32 um | Accept Rate=49.6% | Improvements: 95/1500 (6.3%) | Refine: 1285344/1471438 (87.4%) | Explore: 522720/630062 (83.0%)
T=0.06 | W=100.4um | Current HPWL=1914642.13 um | Best HPWL=1256322.32 um | Accept Rate=50.1% | Improvements: 97/1500 (6.5%) | Refine: 1291828/1481987 (87.2%) | Explore: 523821/634513 (82.6%)
T=0.05 | W=100.4um | Current HPWL=1893201.90 um | Best HPWL=1256322.32 um | Accept Rate=49.5% | Improvements: 89/1500 (5.9%) | Refine: 1298282/1492518 (87.0%) | Explore: 524919/638982 (82.1%)
T=0.04 | W=100.4um | Current HPWL=1872162.86 um | Best HPWL=1256322.32 um | Accept Rate=50.5% | Improvements: 93/1500 (6.2%) | Refine: 1304617/1502993 (86.8%) | Explore: 525987/643507 (81.7%)
T=0.03 | W=100.4um | Current HPWL=1850397.26 um | Best HPWL=1256322.32 um | Accept Rate=51.1% | Improvements: 88/1500 (5.9%) | Refine: 1311014/1513475 (86.6%) | Explore: 527079/648025 (81.3%)
T=0.03 | W=100.4um | Current HPWL=1829135.58 um | Best HPWL=1256322.32 um | Accept Rate=52.3% | Improvements: 100/1500 (6.7%) | Refine: 1317489/1524091 (86.4%) | Explore: 528084/652409 (80.9%)
T=0.02 | W=100.4um | Current HPWL=1810130.52 um | Best HPWL=1256322.32 um | Accept Rate=49.4% | Improvements: 77/1500 (5.1%) | Refine: 1323982/1534680 (86.3%) | Explore: 529073/656820 (80.6%)
T=0.02 | W=100.4um | Current HPWL=1791664.49 um | Best HPWL=1256322.32 um | Accept Rate=48.0% | Improvements: 83/1500 (5.5%) | Refine: 1330372/1545219 (86.1%) | Explore: 530094/661281 (80.2%)
T=0.02 | W=100.4um | Current HPWL=1774718.63 um | Best HPWL=1256322.32 um | Accept Rate=50.2% | Improvements: 71/1500 (4.7%) | Refine: 1336808/1555774 (85.9%) | Explore: 531054/665726 (79.8%)
T=0.01 | W=100.4um | Current HPWL=1756073.25 um | Best HPWL=1256322.32 um | Accept Rate=47.6% | Improvements: 61/1500 (4.1%) | Refine: 1343207/1566330 (85.8%) | Explore: 532073/670170 (79.4%)
T=0.01 | W=100.4um | Current HPWL=1739555.67 um | Best HPWL=1256322.32 um | Accept Rate=47.9% | Improvements: 64/1500 (4.3%) | Refine: 1349536/1576772 (85.6%) | Explore: 533017/674728 (79.0%)
T=0.01 | W=100.4um | Current HPWL=1724454.98 um | Best HPWL=1256322.32 um | Accept Rate=50.9% | Improvements: 73/1500 (4.9%) | Refine: 1355967/1587347 (85.4%) | Explore: 533946/679153 (78.6%)
T=0.01 | W=100.4um | Current HPWL=1707171.69 um | Best HPWL=1256322.32 um | Accept Rate=49.7% | Improvements: 73/1500 (4.9%) | Refine: 1362412/1597960 (85.3%) | Explore: 534903/683540 (78.3%)
T=0.01 | W=100.4um | Current HPWL=1690968.51 um | Best HPWL=1256322.32 um | Accept Rate=48.5% | Improvements: 60/1500 (4.0%) | Refine: 1368811/1608539 (85.1%) | Explore: 535806/687961 (77.9%)
T=0.01 | W=100.4um | Current HPWL=1674330.51 um | Best HPWL=1256322.32 um | Accept Rate=49.1% | Improvements: 81/1500 (5.4%) | Refine: 1375235/1619102 (84.9%) | Explore: 536750/692398 (77.5%)
T=0.00 | W=100.4um | Current HPWL=1660467.47 um | Best HPWL=1256322.32 um | Accept Rate=48.8% | Improvements: 57/1500 (3.8%) | Refine: 1381648/1629621 (84.8%) | Explore: 537642/696879 (77.1%)
T=0.00 | W=100.4um | Current HPWL=1643339.79 um | Best HPWL=1256322.32 um | Accept Rate=48.8% | Improvements: 73/1500 (4.9%) | Refine: 1388002/1640106 (84.6%) | Explore: 538585/701394 (76.8%)
T=0.00 | W=100.4um | Current HPWL=1628021.13 um | Best HPWL=1256322.32 um | Accept Rate=48.3% | Improvements: 65/1500 (4.3%) | Refine: 1394419/1650629 (84.5%) | Explore: 539430/705871 (76.4%)
T=0.00 | W=100.4um | Current HPWL=1613595.59 um | Best HPWL=1256322.32 um | Accept Rate=47.9% | Improvements: 73/1500 (4.9%) | Refine: 1400847/1661137 (84.3%) | Explore: 540300/710363 (76.1%)
T=0.00 | W=100.4um | Current HPWL=1600647.05 um | Best HPWL=1256322.32 um | Accept Rate=49.3% | Improvements: 76/1500 (5.1%) | Refine: 1407241/1671611 (84.2%) | Explore: 541134/714889 (75.7%)
T=0.00 | W=100.4um | Current HPWL=1596350.21 um | Best HPWL=1256322.32 um | Accept Rate=50.9% | Improvements: 57/1500 (3.8%) | Refine: 1409172/1674753 (84.1%) | Explore: 541397/716247 (75.6%)
T=0.00 | W=100.4um | Current HPWL=1595390.09 um | Best HPWL=1256322.32 um | Accept Rate=48.5% | Improvements: 47/1500 (3.1%) | Refine: 1409825/1675801 (84.1%) | Explore: 541471/716699 (75.6%)
T=0.00 | W=100.4um | Current HPWL=1594210.81 um | Best HPWL=1256322.32 um | Accept Rate=47.7% | Improvements: 61/1500 (4.1%) | Refine: 1410457/1676822 (84.1%) | Explore: 541555/717178 (75.5%)
T=0.00 | W=100.4um | Current HPWL=1592790.75 um | Best HPWL=1256322.32 um | Accept Rate=47.1% | Improvements: 64/1500 (4.3%) | Refine: 1411082/1677879 (84.1%) | Explore: 541636/717621 (75.5%)
T=0.00 | W=100.4um | Current HPWL=1591844.25 um | Best HPWL=1256322.32 um | Accept Rate=49.6% | Improvements: 58/1500 (3.9%) | Refine: 1411744/1678936 (84.1%) | Explore: 541718/718064 (75.4%)
T=0.00 | W=100.4um | Current HPWL=1590520.79 um | Best HPWL=1256322.32 um | Accept Rate=47.8% | Improvements: 66/1500 (4.4%) | Refine: 1412375/1680007 (84.1%) | Explore: 541804/718493 (75.4%)
T=0.00 | W=100.4um | Current HPWL=1589121.39 um | Best HPWL=1256322.32 um | Accept Rate=49.2% | Improvements: 67/1500 (4.5%) | Refine: 1413029/1681082 (84.1%) | Explore: 541888/718918 (75.4%)
T=0.00 | W=100.4um | Current HPWL=1587896.91 um | Best HPWL=1256322.32 um | Accept Rate=48.3% | Improvements: 63/1500 (4.2%) | Refine: 1413667/1682143 (84.0%) | Explore: 541974/719357 (75.3%)
T=0.00 | W=100.4um | Current HPWL=1586787.63 um | Best HPWL=1256322.32 um | Accept Rate=46.3% | Improvements: 60/1500 (4.0%) | Refine: 1414275/1683178 (84.0%) | Explore: 542061/719822 (75.3%)
T=0.00 | W=100.4um | Current HPWL=1585728.09 um | Best HPWL=1256322.32 um | Accept Rate=49.0% | Improvements: 62/1500 (4.1%) | Refine: 1414928/1684240 (84.0%) | Explore: 542143/720260 (75.3%)
T=0.00 | W=100.4um | Current HPWL=1584678.45 um | Best HPWL=1256322.32 um | Accept Rate=47.5% | Improvements: 49/1500 (3.3%) | Refine: 1415572/1685281 (84.0%) | Explore: 542211/720719 (75.2%)
T=0.00 | W=100.4um | Current HPWL=1583361.35 um | Best HPWL=1256322.32 um | Accept Rate=48.8% | Improvements: 51/1500 (3.4%) | Refine: 1416230/1686339 (84.0%) | Explore: 542285/721161 (75.2%)
T=0.00 | W=100.4um | Current HPWL=1581490.47 um | Best HPWL=1256322.32 um | Accept Rate=47.7% | Improvements: 75/1500 (5.0%) | Refine: 1416848/1687358 (84.0%) | Explore: 542382/721642 (75.2%)
T=0.00 | W=100.4um | Current HPWL=1580074.69 um | Best HPWL=1256322.32 um | Accept Rate=46.5% | Improvements: 61/1500 (4.1%) | Refine: 1417460/1688402 (84.0%) | Explore: 542467/722098 (75.1%)
T=0.00 | W=100.4um | Current HPWL=1579059.99 um | Best HPWL=1256322.32 um | Accept Rate=48.3% | Improvements: 59/1500 (3.9%) | Refine: 1418102/1689431 (83.9%) | Explore: 542549/722569 (75.1%)
T=0.00 | W=100.4um | Current HPWL=1577536.79 um | Best HPWL=1256322.32 um | Accept Rate=48.5% | Improvements: 69/1500 (4.6%) | Refine: 1418740/1690464 (83.9%) | Explore: 542639/723036 (75.1%)
T=0.00 | W=100.4um | Current HPWL=1576509.71 um | Best HPWL=1256322.32 um | Accept Rate=47.7% | Improvements: 58/1500 (3.9%) | Refine: 1419381/1691527 (83.9%) | Explore: 542713/723473 (75.0%)
T=0.00 | W=100.4um | Current HPWL=1575426.67 um | Best HPWL=1256322.32 um | Accept Rate=45.4% | Improvements: 57/1500 (3.8%) | Refine: 1419985/1692546 (83.9%) | Explore: 542790/723954 (75.0%)
T=0.00 | W=100.4um | Current HPWL=1573918.55 um | Best HPWL=1256322.32 um | Accept Rate=50.5% | Improvements: 63/1500 (4.2%) | Refine: 1420658/1693612 (83.9%) | Explore: 542875/724388 (74.9%)
T=0.00 | W=100.4um | Current HPWL=1572302.17 um | Best HPWL=1256322.32 um | Accept Rate=48.7% | Improvements: 62/1500 (4.1%) | Refine: 1421313/1694637 (83.9%) | Explore: 542951/724863 (74.9%)
T=0.00 | W=100.4um | Current HPWL=1571021.23 um | Best HPWL=1256322.32 um | Accept Rate=49.5% | Improvements: 57/1500 (3.8%) | Refine: 1421974/1695697 (83.9%) | Explore: 543032/725303 (74.9%)
T=0.00 | W=100.4um | Current HPWL=1569852.77 um | Best HPWL=1256322.32 um | Accept Rate=47.5% | Improvements: 58/1500 (3.9%) | Refine: 1422601/1696727 (83.8%) | Explore: 543118/725773 (74.8%)
T=0.00 | W=100.4um | Current HPWL=1568669.51 um | Best HPWL=1256322.32 um | Accept Rate=48.7% | Improvements: 51/1500 (3.4%) | Refine: 1423257/1697794 (83.8%) | Explore: 543192/726206 (74.8%)
T=0.00 | W=100.4um | Current HPWL=1566876.25 um | Best HPWL=1256322.32 um | Accept Rate=48.1% | Improvements: 65/1500 (4.3%) | Refine: 1423895/1698824 (83.8%) | Explore: 543275/726676 (74.8%)
T=0.00 | W=100.4um | Current HPWL=1565523.51 um | Best HPWL=1256322.32 um | Accept Rate=49.1% | Improvements: 59/1500 (3.9%) | Refine: 1424553/1699908 (83.8%) | Explore: 543354/727092 (74.7%)
T=0.00 | W=100.4um | Current HPWL=1564155.69 um | Best HPWL=1256322.32 um | Accept Rate=47.6% | Improvements: 53/1500 (3.5%) | Refine: 1425182/1700974 (83.8%) | Explore: 543439/727526 (74.7%)
T=0.00 | W=100.4um | Current HPWL=1562812.71 um | Best HPWL=1256322.32 um | Accept Rate=47.3% | Improvements: 61/1500 (4.1%) | Refine: 1425812/1702029 (83.8%) | Explore: 543519/727971 (74.7%)
T=0.00 | W=100.4um | Current HPWL=1561352.43 um | Best HPWL=1256322.32 um | Accept Rate=46.5% | Improvements: 65/1500 (4.3%) | Refine: 1426420/1703040 (83.8%) | Explore: 543609/728460 (74.6%)
T=0.00 | W=100.4um | Current HPWL=1560118.55 um | Best HPWL=1256322.32 um | Accept Rate=50.1% | Improvements: 58/1500 (3.9%) | Refine: 1427096/1704094 (83.7%) | Explore: 543685/728906 (74.6%)
T=0.00 | W=100.4um | Current HPWL=1558224.71 um | Best HPWL=1256322.32 um | Accept Rate=47.7% | Improvements: 74/1500 (4.9%) | Refine: 1427720/1705147 (83.7%) | Explore: 543776/729353 (74.6%)
T=0.00 | W=100.4um | Current HPWL=1556540.47 um | Best HPWL=1256322.32 um | Accept Rate=48.7% | Improvements: 63/1500 (4.2%) | Refine: 1428365/1706201 (83.7%) | Explore: 543862/729799 (74.5%)
T=0.00 | W=100.4um | Current HPWL=1555110.53 um | Best HPWL=1256322.32 um | Accept Rate=49.3% | Improvements: 70/1500 (4.7%) | Refine: 1429013/1707230 (83.7%) | Explore: 543953/730270 (74.5%)
T=0.00 | W=100.4um | Current HPWL=1553955.01 um | Best HPWL=1256322.32 um | Accept Rate=47.7% | Improvements: 51/1500 (3.4%) | Refine: 1429657/1708276 (83.7%) | Explore: 544024/730724 (74.4%)
T=0.00 | W=100.4um | Current HPWL=1552860.37 um | Best HPWL=1256322.32 um | Accept Rate=48.9% | Improvements: 50/1500 (3.3%) | Refine: 1430309/1709342 (83.7%) | Explore: 544106/731158 (74.4%)
T=0.00 | W=100.4um | Current HPWL=1551633.35 um | Best HPWL=1256322.32 um | Accept Rate=49.8% | Improvements: 60/1500 (4.0%) | Refine: 1430970/1710409 (83.7%) | Explore: 544192/731591 (74.4%)
T=0.00 | W=100.4um | Current HPWL=1550179.51 um | Best HPWL=1256322.32 um | Accept Rate=50.1% | Improvements: 64/1500 (4.3%) | Refine: 1431632/1711476 (83.6%) | Explore: 544281/732024 (74.4%)
T=0.00 | W=100.4um | Current HPWL=1548973.59 um | Best HPWL=1256322.32 um | Accept Rate=48.3% | Improvements: 59/1500 (3.9%) | Refine: 1432284/1712513 (83.6%) | Explore: 544354/732487 (74.3%)
T=0.00 | W=100.4um | Current HPWL=1547121.41 um | Best HPWL=1256322.32 um | Accept Rate=47.2% | Improvements: 71/1500 (4.7%) | Refine: 1432911/1713576 (83.6%) | Explore: 544435/732924 (74.3%)

============================================================
SA Optimization Complete
============================================================
Initial HPWL: 1256322.32 um
Final Total HPWL: 1256322.32 um
Improvement: 0.00 um (0.00%)
Total Iterations: 1631
============================================================

