
============================================================
Simulated Annealing Optimization
============================================================
Initial HPWL: 1256322.32 um
Initial Temperature: 12563223200.00
Cooling Rate (alpha): 0.9794444444444445
Moves per Temperature: 1333
Final Temperature: 0.001
Initial Window Size: 501.80 um
Window Cooling Rate (beta): 0.98
Move Probabilities: Refine=70.0%, Explore=30.0%
============================================================

T=12563223200.00 | W=501.8um | Current HPWL=1807122.00 um | Best HPWL=1256322.32 um | Accept Rate=100.0% | Improvements: 30/1333 (2.3%) | Refine: 926/926 (100.0%) | Explore: 407/407 (100.0%)
T=10207024272.65 | W=410.0um | Current HPWL=3823008.59 um | Best HPWL=1256322.32 um | Accept Rate=100.0% | Improvements: 272/1333 (20.4%) | Refine: 10204/10204 (100.0%) | Explore: 4459/4459 (100.0%)
T=8292724155.56 | W=335.0um | Current HPWL=4334763.26 um | Best HPWL=1256322.32 um | Accept Rate=100.0% | Improvements: 315/1333 (23.6%) | Refine: 19451/19451 (100.0%) | Explore: 8542/8542 (100.0%)
T=6737445908.16 | W=273.7um | Current HPWL=4576474.93 um | Best HPWL=1256322.32 um | Accept Rate=100.0% | Improvements: 327/1333 (24.5%) | Refine: 28689/28689 (100.0%) | Explore: 12634/12634 (100.0%)
T=5473855938.52 | W=223.7um | Current HPWL=4640310.55 um | Best HPWL=1256322.32 um | Accept Rate=100.0% | Improvements: 344/1333 (25.8%) | Refine: 37968/37968 (100.0%) | Explore: 16685/16685 (100.0%)
T=4447248889.87 | W=182.7um | Current HPWL=4727062.76 um | Best HPWL=1256322.32 um | Accept Rate=100.0% | Improvements: 369/1333 (27.7%) | Refine: 47429/47429 (100.0%) | Explore: 20554/20554 (100.0%)
T=3613179248.89 | W=149.3um | Current HPWL=4725066.94 um | Best HPWL=1256322.32 um | Accept Rate=100.0% | Improvements: 353/1333 (26.5%) | Refine: 56752/56752 (100.0%) | Explore: 24561/24561 (100.0%)
T=2935537139.45 | W=122.0um | Current HPWL=4751035.21 um | Best HPWL=1256322.32 um | Accept Rate=100.0% | Improvements: 361/1333 (27.1%) | Refine: 66138/66138 (100.0%) | Explore: 28505/28505 (100.0%)
T=2384984996.18 | W=100.4um | Current HPWL=4785326.79 um | Best HPWL=1256322.32 um | Accept Rate=100.0% | Improvements: 356/1333 (26.7%) | Refine: 75499/75499 (100.0%) | Explore: 32474/32474 (100.0%)
T=1937687435.65 | W=100.4um | Current HPWL=4792956.37 um | Best HPWL=1256322.32 um | Accept Rate=100.0% | Improvements: 373/1333 (28.0%) | Refine: 84790/84790 (100.0%) | Explore: 36513/36513 (100.0%)
T=1574279336.89 | W=100.4um | Current HPWL=4805753.90 um | Best HPWL=1256322.32 um | Accept Rate=100.0% | Improvements: 374/1333 (28.1%) | Refine: 94107/94107 (100.0%) | Explore: 40526/40526 (100.0%)
T=1279027455.59 | W=100.4um | Current HPWL=4833607.67 um | Best HPWL=1256322.32 um | Accept Rate=100.0% | Improvements: 377/1333 (28.3%) | Refine: 103397/103397 (100.0%) | Explore: 44566/44566 (100.0%)
T=1039149275.37 | W=100.4um | Current HPWL=4838968.26 um | Best HPWL=1256322.32 um | Accept Rate=100.0% | Improvements: 346/1333 (26.0%) | Refine: 112671/112671 (100.0%) | Explore: 48622/48622 (100.0%)
T=844259606.61 | W=100.4um | Current HPWL=4853256.84 um | Best HPWL=1256322.32 um | Accept Rate=100.0% | Improvements: 372/1333 (27.9%) | Refine: 121971/121971 (100.0%) | Explore: 52652/52652 (100.0%)
T=685920974.25 | W=100.4um | Current HPWL=4848543.27 um | Best HPWL=1256322.32 um | Accept Rate=100.0% | Improvements: 382/1333 (28.7%) | Refine: 131289/131289 (100.0%) | Explore: 56664/56664 (100.0%)
T=557278329.13 | W=100.4um | Current HPWL=4879940.52 um | Best HPWL=1256322.32 um | Accept Rate=100.0% | Improvements: 332/1333 (24.9%) | Refine: 140657/140657 (100.0%) | Explore: 60626/60626 (100.0%)
T=452762268.21 | W=100.4um | Current HPWL=4872205.56 um | Best HPWL=1256322.32 um | Accept Rate=100.0% | Improvements: 356/1333 (26.7%) | Refine: 149971/149971 (100.0%) | Explore: 64642/64642 (100.0%)
T=367847915.12 | W=100.4um | Current HPWL=4896040.00 um | Best HPWL=1256322.32 um | Accept Rate=100.0% | Improvements: 365/1333 (27.4%) | Refine: 159389/159389 (100.0%) | Explore: 68554/68554 (100.0%)
T=298859021.96 | W=100.4um | Current HPWL=4905353.27 um | Best HPWL=1256322.32 um | Accept Rate=100.0% | Improvements: 357/1333 (26.8%) | Refine: 168711/168711 (100.0%) | Explore: 72562/72562 (100.0%)
T=242808811.30 | W=100.4um | Current HPWL=4931262.13 um | Best HPWL=1256322.32 um | Accept Rate=100.0% | Improvements: 345/1333 (25.9%) | Refine: 177949/177949 (100.0%) | Explore: 76654/76654 (100.0%)
T=197270667.81 | W=100.4um | Current HPWL=4965106.45 um | Best HPWL=1256322.32 um | Accept Rate=100.0% | Improvements: 374/1333 (28.1%) | Refine: 187332/187332 (100.0%) | Explore: 80601/80601 (100.0%)
T=160273081.41 | W=100.4um | Current HPWL=4966846.17 um | Best HPWL=1256322.32 um | Accept Rate=100.0% | Improvements: 360/1333 (27.0%) | Refine: 196570/196570 (100.0%) | Explore: 84693/84693 (100.0%)
T=130214293.43 | W=100.4um | Current HPWL=4971097.10 um | Best HPWL=1256322.32 um | Accept Rate=100.0% | Improvements: 382/1333 (28.7%) | Refine: 205952/205952 (100.0%) | Explore: 88641/88641 (100.0%)
T=105792950.78 | W=100.4um | Current HPWL=4972059.03 um | Best HPWL=1256322.32 um | Accept Rate=100.0% | Improvements: 381/1333 (28.6%) | Refine: 215354/215354 (100.0%) | Explore: 92569/92569 (100.0%)
T=85951765.67 | W=100.4um | Current HPWL=4986667.00 um | Best HPWL=1256322.32 um | Accept Rate=100.0% | Improvements: 343/1333 (25.7%) | Refine: 224808/224808 (100.0%) | Explore: 96445/96445 (100.0%)
T=69831741.78 | W=100.4um | Current HPWL=5011284.33 um | Best HPWL=1256322.32 um | Accept Rate=100.0% | Improvements: 323/1333 (24.2%) | Refine: 234139/234139 (100.0%) | Explore: 100444/100444 (100.0%)
T=56734985.28 | W=100.4um | Current HPWL=5011290.55 um | Best HPWL=1256322.32 um | Accept Rate=100.0% | Improvements: 384/1333 (28.8%) | Refine: 243450/243450 (100.0%) | Explore: 104463/104463 (100.0%)
T=46094490.46 | W=100.4um | Current HPWL=5031317.82 um | Best HPWL=1256322.32 um | Accept Rate=100.0% | Improvements: 343/1333 (25.7%) | Refine: 252750/252750 (100.0%) | Explore: 108493/108493 (100.0%)
T=37449591.99 | W=100.4um | Current HPWL=5074543.86 um | Best HPWL=1256322.32 um | Accept Rate=100.0% | Improvements: 363/1333 (27.2%) | Refine: 261994/261994 (100.0%) | Explore: 112579/112579 (100.0%)
T=30426021.12 | W=100.4um | Current HPWL=5055218.68 um | Best HPWL=1256322.32 um | Accept Rate=100.0% | Improvements: 330/1333 (24.8%) | Refine: 271327/271327 (100.0%) | Explore: 116576/116576 (100.0%)
T=24719702.19 | W=100.4um | Current HPWL=5080667.44 um | Best HPWL=1256322.32 um | Accept Rate=100.0% | Improvements: 392/1333 (29.4%) | Refine: 280687/280687 (100.0%) | Explore: 120546/120546 (100.0%)
T=20083588.13 | W=100.4um | Current HPWL=5075763.47 um | Best HPWL=1256322.32 um | Accept Rate=100.0% | Improvements: 395/1333 (29.6%) | Refine: 290029/290029 (100.0%) | Explore: 124534/124534 (100.0%)
T=16316964.86 | W=100.4um | Current HPWL=5089167.62 um | Best HPWL=1256322.32 um | Accept Rate=100.0% | Improvements: 366/1333 (27.5%) | Refine: 299369/299369 (100.0%) | Explore: 128524/128524 (100.0%)
T=13256761.72 | W=100.4um | Current HPWL=5102026.75 um | Best HPWL=1256322.32 um | Accept Rate=99.9% | Improvements: 363/1333 (27.2%) | Refine: 308762/308763 (100.0%) | Explore: 132460/132460 (100.0%)
T=10770491.50 | W=100.4um | Current HPWL=5132806.42 um | Best HPWL=1256322.32 um | Accept Rate=100.0% | Improvements: 369/1333 (27.7%) | Refine: 318179/318180 (100.0%) | Explore: 136373/136373 (100.0%)
T=8750514.61 | W=100.4um | Current HPWL=5151501.25 um | Best HPWL=1256322.32 um | Accept Rate=100.0% | Improvements: 381/1333 (28.6%) | Refine: 327523/327524 (100.0%) | Explore: 140359/140359 (100.0%)
T=7109378.99 | W=100.4um | Current HPWL=5163701.93 um | Best HPWL=1256322.32 um | Accept Rate=100.0% | Improvements: 383/1333 (28.7%) | Refine: 336810/336811 (100.0%) | Explore: 144402/144402 (100.0%)
T=5776033.96 | W=100.4um | Current HPWL=5156749.23 um | Best HPWL=1256322.32 um | Accept Rate=99.9% | Improvements: 359/1333 (26.9%) | Refine: 346138/346140 (100.0%) | Explore: 148402/148403 (100.0%)
T=4692754.23 | W=100.4um | Current HPWL=5178087.84 um | Best HPWL=1256322.32 um | Accept Rate=100.0% | Improvements: 378/1333 (28.4%) | Refine: 355445/355447 (100.0%) | Explore: 152425/152426 (100.0%)
T=3812640.72 | W=100.4um | Current HPWL=5198546.97 um | Best HPWL=1256322.32 um | Accept Rate=100.0% | Improvements: 396/1333 (29.7%) | Refine: 364768/364771 (100.0%) | Explore: 156431/156432 (100.0%)
T=3097590.15 | W=100.4um | Current HPWL=5213428.76 um | Best HPWL=1256322.32 um | Accept Rate=100.0% | Improvements: 358/1333 (26.9%) | Refine: 374019/374022 (100.0%) | Explore: 160510/160511 (100.0%)
T=2516645.39 | W=100.4um | Current HPWL=5215371.24 um | Best HPWL=1256322.32 um | Accept Rate=100.0% | Improvements: 389/1333 (29.2%) | Refine: 383360/383363 (100.0%) | Explore: 164499/164500 (100.0%)
T=2044655.28 | W=100.4um | Current HPWL=5199373.18 um | Best HPWL=1256322.32 um | Accept Rate=99.9% | Improvements: 366/1333 (27.5%) | Refine: 392641/392645 (100.0%) | Explore: 168547/168548 (100.0%)
T=1661185.65 | W=100.4um | Current HPWL=5229003.18 um | Best HPWL=1256322.32 um | Accept Rate=100.0% | Improvements: 366/1333 (27.5%) | Refine: 401920/401925 (100.0%) | Explore: 172597/172598 (100.0%)
T=1349634.72 | W=100.4um | Current HPWL=5232399.12 um | Best HPWL=1256322.32 um | Accept Rate=100.0% | Improvements: 372/1333 (27.9%) | Refine: 411237/411242 (100.0%) | Explore: 176610/176611 (100.0%)
T=1096514.34 | W=100.4um | Current HPWL=5250860.11 um | Best HPWL=1256322.32 um | Accept Rate=100.0% | Improvements: 374/1333 (28.1%) | Refine: 420607/420612 (100.0%) | Explore: 180570/180571 (100.0%)
T=890866.00 | W=100.4um | Current HPWL=5261425.41 um | Best HPWL=1256322.32 um | Accept Rate=100.0% | Improvements: 356/1333 (26.7%) | Refine: 429963/429969 (100.0%) | Explore: 184543/184544 (100.0%)
T=723786.47 | W=100.4um | Current HPWL=5255815.02 um | Best HPWL=1256322.32 um | Accept Rate=100.0% | Improvements: 344/1333 (25.8%) | Refine: 439262/439270 (100.0%) | Explore: 188572/188573 (100.0%)
T=588042.25 | W=100.4um | Current HPWL=5260703.87 um | Best HPWL=1256322.32 um | Accept Rate=100.0% | Improvements: 359/1333 (26.9%) | Refine: 448626/448636 (100.0%) | Explore: 192536/192537 (100.0%)
T=477756.50 | W=100.4um | Current HPWL=5287036.86 um | Best HPWL=1256322.32 um | Accept Rate=100.0% | Improvements: 380/1333 (28.5%) | Refine: 457904/457916 (100.0%) | Explore: 196586/196587 (100.0%)
T=388154.54 | W=100.4um | Current HPWL=5334042.40 um | Best HPWL=1256322.32 um | Accept Rate=100.0% | Improvements: 387/1333 (29.0%) | Refine: 467237/467251 (100.0%) | Explore: 200581/200582 (100.0%)
T=315357.20 | W=100.4um | Current HPWL=5332377.84 um | Best HPWL=1256322.32 um | Accept Rate=100.0% | Improvements: 377/1333 (28.3%) | Refine: 476522/476538 (100.0%) | Explore: 204624/204625 (100.0%)
T=256212.80 | W=100.4um | Current HPWL=5301600.91 um | Best HPWL=1256322.32 um | Accept Rate=100.0% | Improvements: 353/1333 (26.5%) | Refine: 485948/485965 (100.0%) | Explore: 208527/208528 (100.0%)
T=208160.77 | W=100.4um | Current HPWL=5331758.99 um | Best HPWL=1256322.32 um | Accept Rate=99.9% | Improvements: 347/1333 (26.0%) | Refine: 495313/495333 (100.0%) | Explore: 212488/212490 (100.0%)
T=169120.78 | W=100.4um | Current HPWL=5328851.46 um | Best HPWL=1256322.32 um | Accept Rate=100.0% | Improvements: 375/1333 (28.1%) | Refine: 504670/504695 (100.0%) | Explore: 216455/216458 (100.0%)
T=137402.63 | W=100.4um | Current HPWL=5351258.55 um | Best HPWL=1256322.32 um | Accept Rate=100.0% | Improvements: 384/1333 (28.8%) | Refine: 514021/514050 (100.0%) | Explore: 220429/220433 (100.0%)
T=111633.13 | W=100.4um | Current HPWL=5343303.52 um | Best HPWL=1256322.32 um | Accept Rate=100.0% | Improvements: 354/1333 (26.6%) | Refine: 523352/523388 (100.0%) | Explore: 224420/224425 (100.0%)
T=90696.64 | W=100.4um | Current HPWL=5364627.00 um | Best HPWL=1256322.32 um | Accept Rate=100.0% | Improvements: 385/1333 (28.9%) | Refine: 532611/532651 (100.0%) | Explore: 228486/228492 (100.0%)
T=73686.72 | W=100.4um | Current HPWL=5391388.89 um | Best HPWL=1256322.32 um | Accept Rate=100.0% | Improvements: 351/1333 (26.3%) | Refine: 541959/542007 (100.0%) | Explore: 232458/232466 (100.0%)
T=59866.98 | W=100.4um | Current HPWL=5381217.92 um | Best HPWL=1256322.32 um | Accept Rate=99.9% | Improvements: 408/1333 (30.6%) | Refine: 551285/551341 (100.0%) | Explore: 236452/236462 (100.0%)
T=48639.08 | W=100.4um | Current HPWL=5378112.02 um | Best HPWL=1256322.32 um | Accept Rate=99.8% | Improvements: 373/1333 (28.0%) | Refine: 560606/560683 (100.0%) | Explore: 240437/240450 (100.0%)
T=39516.95 | W=100.4um | Current HPWL=5386446.80 um | Best HPWL=1256322.32 um | Accept Rate=99.7% | Improvements: 356/1333 (26.7%) | Refine: 569931/570024 (100.0%) | Explore: 244425/244439 (100.0%)
T=32105.66 | W=100.4um | Current HPWL=5376237.90 um | Best HPWL=1256322.32 um | Accept Rate=99.7% | Improvements: 394/1333 (29.6%) | Refine: 579292/579415 (100.0%) | Explore: 248361/248378 (100.0%)
T=26084.33 | W=100.4um | Current HPWL=5403944.63 um | Best HPWL=1256322.32 um | Accept Rate=99.8% | Improvements: 375/1333 (28.1%) | Refine: 588611/588761 (100.0%) | Explore: 252344/252362 (100.0%)
T=21192.28 | W=100.4um | Current HPWL=5430705.43 um | Best HPWL=1256322.32 um | Accept Rate=99.7% | Improvements: 385/1333 (28.9%) | Refine: 597816/598017 (100.0%) | Explore: 256417/256436 (100.0%)
T=17217.72 | W=100.4um | Current HPWL=5448523.38 um | Best HPWL=1256322.32 um | Accept Rate=99.7% | Improvements: 355/1333 (26.6%) | Refine: 607053/607285 (100.0%) | Explore: 260476/260498 (100.0%)
T=13988.59 | W=100.4um | Current HPWL=5421057.98 um | Best HPWL=1256322.32 um | Accept Rate=99.2% | Improvements: 408/1333 (30.6%) | Refine: 616317/616595 (100.0%) | Explore: 264489/264518 (100.0%)
T=11365.06 | W=100.4um | Current HPWL=5428476.40 um | Best HPWL=1256322.32 um | Accept Rate=99.4% | Improvements: 381/1333 (28.6%) | Refine: 625498/625837 (99.9%) | Explore: 268563/268606 (100.0%)
T=9233.58 | W=100.4um | Current HPWL=5437359.98 um | Best HPWL=1256322.32 um | Accept Rate=99.4% | Improvements: 342/1333 (25.7%) | Refine: 634773/635176 (99.9%) | Explore: 272540/272597 (100.0%)
T=7501.84 | W=100.4um | Current HPWL=5427510.84 um | Best HPWL=1256322.32 um | Accept Rate=99.0% | Improvements: 380/1333 (28.5%) | Refine: 643947/644442 (99.9%) | Explore: 276594/276661 (100.0%)
T=6094.89 | W=100.4um | Current HPWL=5438491.55 um | Best HPWL=1256322.32 um | Accept Rate=99.0% | Improvements: 357/1333 (26.8%) | Refine: 653113/653723 (99.9%) | Explore: 280612/280710 (100.0%)
T=4951.81 | W=100.4um | Current HPWL=5451757.86 um | Best HPWL=1256322.32 um | Accept Rate=98.5% | Improvements: 369/1333 (27.7%) | Refine: 662311/663084 (99.9%) | Explore: 284563/284679 (100.0%)
T=4023.11 | W=100.4um | Current HPWL=5432983.06 um | Best HPWL=1256322.32 um | Accept Rate=98.5% | Improvements: 361/1333 (27.1%) | Refine: 671467/672413 (99.9%) | Explore: 288538/288680 (100.0%)
T=3268.59 | W=100.4um | Current HPWL=5391958.65 um | Best HPWL=1256322.32 um | Accept Rate=98.1% | Improvements: 379/1333 (28.4%) | Refine: 680571/681717 (99.8%) | Explore: 292530/292706 (99.9%)
T=2655.57 | W=100.4um | Current HPWL=5399583.31 um | Best HPWL=1256322.32 um | Accept Rate=97.9% | Improvements: 348/1333 (26.1%) | Refine: 689669/691073 (99.8%) | Explore: 296469/296680 (99.9%)
T=2157.53 | W=100.4um | Current HPWL=5393836.19 um | Best HPWL=1256322.32 um | Accept Rate=97.0% | Improvements: 348/1333 (26.1%) | Refine: 698710/700443 (99.8%) | Explore: 300375/300640 (99.9%)
T=1752.89 | W=100.4um | Current HPWL=5331387.15 um | Best HPWL=1256322.32 um | Accept Rate=96.8% | Improvements: 356/1333 (26.7%) | Refine: 707571/709689 (99.7%) | Explore: 304411/304724 (99.9%)
T=1424.14 | W=100.4um | Current HPWL=5306792.46 um | Best HPWL=1256322.32 um | Accept Rate=95.0% | Improvements: 328/1333 (24.6%) | Refine: 716383/718954 (99.6%) | Explore: 308413/308789 (99.9%)
T=1157.05 | W=100.4um | Current HPWL=5273898.88 um | Best HPWL=1256322.32 um | Accept Rate=94.3% | Improvements: 334/1333 (25.1%) | Refine: 725134/728261 (99.6%) | Explore: 312352/312812 (99.9%)
T=940.05 | W=100.4um | Current HPWL=5204132.99 um | Best HPWL=1256322.32 um | Accept Rate=93.4% | Improvements: 335/1333 (25.1%) | Refine: 733691/737545 (99.5%) | Explore: 316309/316858 (99.8%)
T=763.74 | W=100.4um | Current HPWL=5167624.42 um | Best HPWL=1256322.32 um | Accept Rate=91.1% | Improvements: 335/1333 (25.1%) | Refine: 742193/746869 (99.4%) | Explore: 320185/320864 (99.8%)
T=620.50 | W=100.4um | Current HPWL=5123145.02 um | Best HPWL=1256322.32 um | Accept Rate=90.5% | Improvements: 324/1333 (24.3%) | Refine: 750609/756236 (99.3%) | Explore: 323990/324827 (99.7%)
T=504.13 | W=100.4um | Current HPWL=5020615.61 um | Best HPWL=1256322.32 um | Accept Rate=87.8% | Improvements: 308/1333 (23.1%) | Refine: 758747/765579 (99.1%) | Explore: 327784/328814 (99.7%)
T=409.58 | W=100.4um | Current HPWL=4877170.33 um | Best HPWL=1256322.32 um | Accept Rate=86.6% | Improvements: 306/1333 (23.0%) | Refine: 766641/774904 (98.9%) | Explore: 331552/332819 (99.6%)
T=332.77 | W=100.4um | Current HPWL=4760947.00 um | Best HPWL=1256322.32 um | Accept Rate=86.0% | Improvements: 293/1333 (22.0%) | Refine: 774471/784332 (98.7%) | Explore: 335199/336721 (99.5%)
T=270.36 | W=100.4um | Current HPWL=4632870.86 um | Best HPWL=1256322.32 um | Accept Rate=80.6% | Improvements: 291/1333 (21.8%) | Refine: 781877/793575 (98.5%) | Explore: 338944/340808 (99.5%)
T=219.65 | W=100.4um | Current HPWL=4518504.76 um | Best HPWL=1256322.32 um | Accept Rate=77.5% | Improvements: 248/1333 (18.6%) | Refine: 789145/802988 (98.3%) | Explore: 342435/344725 (99.3%)
T=178.46 | W=100.4um | Current HPWL=4399591.40 um | Best HPWL=1256322.32 um | Accept Rate=78.0% | Improvements: 252/1333 (18.9%) | Refine: 796197/812339 (98.0%) | Explore: 345970/348704 (99.2%)
T=144.99 | W=100.4um | Current HPWL=4286653.79 um | Best HPWL=1256322.32 um | Accept Rate=76.1% | Improvements: 253/1333 (19.0%) | Refine: 803052/821691 (97.7%) | Explore: 349400/352682 (99.1%)
T=117.80 | W=100.4um | Current HPWL=4159607.42 um | Best HPWL=1256322.32 um | Accept Rate=76.3% | Improvements: 264/1333 (19.8%) | Refine: 809766/831002 (97.4%) | Explore: 352808/356701 (98.9%)
T=95.70 | W=100.4um | Current HPWL=4036839.53 um | Best HPWL=1256322.32 um | Accept Rate=72.8% | Improvements: 231/1333 (17.3%) | Refine: 816317/840258 (97.2%) | Explore: 356137/360775 (98.7%)
T=77.75 | W=100.4um | Current HPWL=3929450.94 um | Best HPWL=1256322.32 um | Accept Rate=73.2% | Improvements: 238/1333 (17.9%) | Refine: 822721/849558 (96.8%) | Explore: 359324/364805 (98.5%)
T=63.17 | W=100.4um | Current HPWL=3820033.90 um | Best HPWL=1256322.32 um | Accept Rate=69.2% | Improvements: 232/1333 (17.4%) | Refine: 829052/858860 (96.5%) | Explore: 362368/368833 (98.2%)
T=51.32 | W=100.4um | Current HPWL=3719099.14 um | Best HPWL=1256322.32 um | Accept Rate=68.0% | Improvements: 214/1333 (16.1%) | Refine: 835354/868221 (96.2%) | Explore: 365241/372802 (98.0%)
T=41.70 | W=100.4um | Current HPWL=3624109.66 um | Best HPWL=1256322.32 um | Accept Rate=66.5% | Improvements: 221/1333 (16.6%) | Refine: 841583/877576 (95.9%) | Explore: 367968/376777 (97.7%)
T=33.88 | W=100.4um | Current HPWL=3524095.04 um | Best HPWL=1256322.32 um | Accept Rate=65.7% | Improvements: 204/1333 (15.3%) | Refine: 847637/886880 (95.6%) | Explore: 370597/380803 (97.3%)
T=27.52 | W=100.4um | Current HPWL=3429985.11 um | Best HPWL=1256322.32 um | Accept Rate=61.1% | Improvements: 176/1333 (13.2%) | Refine: 853659/896266 (95.2%) | Explore: 372998/384747 (96.9%)
T=22.36 | W=100.4um | Current HPWL=3347810.35 um | Best HPWL=1256322.32 um | Accept Rate=63.6% | Improvements: 165/1333 (12.4%) | Refine: 859747/905646 (94.9%) | Explore: 375312/388697 (96.6%)
T=18.17 | W=100.4um | Current HPWL=3261588.80 um | Best HPWL=1256322.32 um | Accept Rate=61.4% | Improvements: 178/1333 (13.4%) | Refine: 865639/914914 (94.6%) | Explore: 377548/392759 (96.1%)
T=14.76 | W=100.4um | Current HPWL=3177137.02 um | Best HPWL=1256322.32 um | Accept Rate=61.9% | Improvements: 166/1333 (12.5%) | Refine: 871487/924268 (94.3%) | Explore: 379650/396735 (95.7%)
T=11.99 | W=100.4um | Current HPWL=3098307.83 um | Best HPWL=1256322.32 um | Accept Rate=61.1% | Improvements: 164/1333 (12.3%) | Refine: 877435/933614 (94.0%) | Explore: 381694/400719 (95.3%)
T=9.74 | W=100.4um | Current HPWL=3020857.28 um | Best HPWL=1256322.32 um | Accept Rate=56.9% | Improvements: 161/1333 (12.1%) | Refine: 883214/942857 (93.7%) | Explore: 383695/404806 (94.8%)
T=7.92 | W=100.4um | Current HPWL=2952102.13 um | Best HPWL=1256322.32 um | Accept Rate=57.6% | Improvements: 163/1333 (12.2%) | Refine: 889049/952227 (93.4%) | Explore: 385543/408766 (94.3%)
T=6.43 | W=100.4um | Current HPWL=2893208.65 um | Best HPWL=1256322.32 um | Accept Rate=54.7% | Improvements: 164/1333 (12.3%) | Refine: 894829/961572 (93.1%) | Explore: 387250/412751 (93.8%)
T=5.23 | W=100.4um | Current HPWL=2826925.18 um | Best HPWL=1256322.32 um | Accept Rate=55.4% | Improvements: 168/1333 (12.6%) | Refine: 900726/970934 (92.8%) | Explore: 388901/416719 (93.3%)
T=4.25 | W=100.4um | Current HPWL=2766616.38 um | Best HPWL=1256322.32 um | Accept Rate=57.8% | Improvements: 143/1333 (10.7%) | Refine: 906558/980281 (92.5%) | Explore: 390547/420702 (92.8%)
T=3.45 | W=100.4um | Current HPWL=2715295.55 um | Best HPWL=1256322.32 um | Accept Rate=54.5% | Improvements: 133/1333 (10.0%) | Refine: 912423/989638 (92.2%) | Explore: 392129/424675 (92.3%)
T=2.80 | W=100.4um | Current HPWL=2665948.35 um | Best HPWL=1256322.32 um | Accept Rate=54.2% | Improvements: 126/1333 (9.5%) | Refine: 918163/998917 (91.9%) | Explore: 393667/428726 (91.8%)
T=2.28 | W=100.4um | Current HPWL=2616268.87 um | Best HPWL=1256322.32 um | Accept Rate=56.3% | Improvements: 138/1333 (10.4%) | Refine: 923911/1008271 (91.6%) | Explore: 395171/432702 (91.3%)
T=1.85 | W=100.4um | Current HPWL=2569001.77 um | Best HPWL=1256322.32 um | Accept Rate=53.5% | Improvements: 124/1333 (9.3%) | Refine: 929754/1017645 (91.4%) | Explore: 396629/436658 (90.8%)
T=1.50 | W=100.4um | Current HPWL=2524354.73 um | Best HPWL=1256322.32 um | Accept Rate=54.7% | Improvements: 123/1333 (9.2%) | Refine: 935569/1027003 (91.1%) | Explore: 398003/440630 (90.3%)
T=1.22 | W=100.4um | Current HPWL=2478868.87 um | Best HPWL=1256322.32 um | Accept Rate=55.4% | Improvements: 133/1333 (10.0%) | Refine: 941371/1036296 (90.8%) | Explore: 399431/444667 (89.8%)
T=0.99 | W=100.4um | Current HPWL=2439569.75 um | Best HPWL=1256322.32 um | Accept Rate=53.0% | Improvements: 116/1333 (8.7%) | Refine: 947112/1045714 (90.6%) | Explore: 400729/448579 (89.3%)
T=0.81 | W=100.4um | Current HPWL=2396990.65 um | Best HPWL=1256322.32 um | Accept Rate=54.0% | Improvements: 123/1333 (9.2%) | Refine: 952894/1055083 (90.3%) | Explore: 402100/452540 (88.9%)
T=0.65 | W=100.4um | Current HPWL=2357997.85 um | Best HPWL=1256322.32 um | Accept Rate=52.3% | Improvements: 125/1333 (9.4%) | Refine: 958673/1064389 (90.1%) | Explore: 403364/456564 (88.3%)
T=0.53 | W=100.4um | Current HPWL=2323924.27 um | Best HPWL=1256322.32 um | Accept Rate=51.2% | Improvements: 111/1333 (8.3%) | Refine: 964338/1073708 (89.8%) | Explore: 404609/460575 (87.8%)
T=0.43 | W=100.4um | Current HPWL=2286572.24 um | Best HPWL=1256322.32 um | Accept Rate=51.2% | Improvements: 110/1333 (8.3%) | Refine: 970030/1083054 (89.6%) | Explore: 405884/464559 (87.4%)
T=0.35 | W=100.4um | Current HPWL=2254067.94 um | Best HPWL=1256322.32 um | Accept Rate=52.7% | Improvements: 107/1333 (8.0%) | Refine: 975800/1092456 (89.3%) | Explore: 407117/468487 (86.9%)
T=0.29 | W=100.4um | Current HPWL=2220809.67 um | Best HPWL=1256322.32 um | Accept Rate=51.1% | Improvements: 107/1333 (8.0%) | Refine: 981477/1101756 (89.1%) | Explore: 408349/472517 (86.4%)
T=0.23 | W=100.4um | Current HPWL=2189507.89 um | Best HPWL=1256322.32 um | Accept Rate=53.0% | Improvements: 112/1333 (8.4%) | Refine: 987210/1111131 (88.8%) | Explore: 409529/476472 (86.0%)
T=0.19 | W=100.4um | Current HPWL=2160668.53 um | Best HPWL=1256322.32 um | Accept Rate=51.0% | Improvements: 90/1333 (6.8%) | Refine: 992940/1120452 (88.6%) | Explore: 410681/480481 (85.5%)
T=0.15 | W=100.4um | Current HPWL=2130696.84 um | Best HPWL=1256322.32 um | Accept Rate=51.8% | Improvements: 99/1333 (7.4%) | Refine: 998631/1129789 (88.4%) | Explore: 411825/484474 (85.0%)
T=0.12 | W=100.4um | Current HPWL=2103450.52 um | Best HPWL=1256322.32 um | Accept Rate=52.3% | Improvements: 92/1333 (6.9%) | Refine: 1004351/1139110 (88.2%) | Explore: 412949/488483 (84.5%)
T=0.10 | W=100.4um | Current HPWL=2076786.90 um | Best HPWL=1256322.32 um | Accept Rate=49.1% | Improvements: 85/1333 (6.4%) | Refine: 1010066/1148436 (88.0%) | Explore: 414040/492487 (84.1%)
T=0.08 | W=100.4um | Current HPWL=2051371.24 um | Best HPWL=1256322.32 um | Accept Rate=51.0% | Improvements: 83/1333 (6.2%) | Refine: 1015895/1157793 (87.7%) | Explore: 415119/496460 (83.6%)
T=0.07 | W=100.4um | Current HPWL=2028443.40 um | Best HPWL=1256322.32 um | Accept Rate=49.9% | Improvements: 89/1333 (6.7%) | Refine: 1021680/1167139 (87.5%) | Explore: 416194/500444 (83.2%)
T=0.05 | W=100.4um | Current HPWL=2006023.71 um | Best HPWL=1256322.32 um | Accept Rate=49.7% | Improvements: 84/1333 (6.3%) | Refine: 1027415/1176548 (87.3%) | Explore: 417183/504365 (82.7%)
T=0.04 | W=100.4um | Current HPWL=1984505.35 um | Best HPWL=1256322.32 um | Accept Rate=53.2% | Improvements: 79/1333 (5.9%) | Refine: 1033254/1185965 (87.1%) | Explore: 418201/508278 (82.3%)
T=0.04 | W=100.4um | Current HPWL=1961621.14 um | Best HPWL=1256322.32 um | Accept Rate=49.7% | Improvements: 86/1333 (6.5%) | Refine: 1039010/1195355 (86.9%) | Explore: 419193/512218 (81.8%)
T=0.03 | W=100.4um | Current HPWL=1939236.58 um | Best HPWL=1256322.32 um | Accept Rate=51.5% | Improvements: 82/1333 (6.2%) | Refine: 1044690/1204601 (86.7%) | Explore: 420198/516302 (81.4%)
T=0.02 | W=100.4um | Current HPWL=1917544.66 um | Best HPWL=1256322.32 um | Accept Rate=50.8% | Improvements: 80/1333 (6.0%) | Refine: 1050405/1213950 (86.5%) | Explore: 421173/520283 (81.0%)
T=0.02 | W=100.4um | Current HPWL=1896739.04 um | Best HPWL=1256322.32 um | Accept Rate=48.8% | Improvements: 79/1333 (5.9%) | Refine: 1056102/1223275 (86.3%) | Explore: 422141/524288 (80.5%)
T=0.02 | W=100.4um | Current HPWL=1875708.78 um | Best HPWL=1256322.32 um | Accept Rate=47.6% | Improvements: 80/1333 (6.0%) | Refine: 1061726/1232590 (86.1%) | Explore: 423112/528303 (80.1%)
T=0.01 | W=100.4um | Current HPWL=1857008.24 um | Best HPWL=1256322.32 um | Accept Rate=52.1% | Improvements: 70/1333 (5.3%) | Refine: 1067371/1241956 (85.9%) | Explore: 424070/532267 (79.7%)
T=0.01 | W=100.4um | Current HPWL=1838685.26 um | Best HPWL=1256322.32 um | Accept Rate=51.4% | Improvements: 63/1333 (4.7%) | Refine: 1073069/1251279 (85.8%) | Explore: 424992/536274 (79.2%)
T=0.01 | W=100.4um | Current HPWL=1818167.04 um | Best HPWL=1256322.32 um | Accept Rate=51.5% | Improvements: 92/1333 (6.9%) | Refine: 1078750/1260614 (85.6%) | Explore: 425999/540269 (78.8%)
T=0.01 | W=100.4um | Current HPWL=1800599.98 um | Best HPWL=1256322.32 um | Accept Rate=49.1% | Improvements: 72/1333 (5.4%) | Refine: 1084550/1270024 (85.4%) | Explore: 426889/544189 (78.4%)
T=0.01 | W=100.4um | Current HPWL=1781369.24 um | Best HPWL=1256322.32 um | Accept Rate=51.5% | Improvements: 83/1333 (6.2%) | Refine: 1090177/1279246 (85.2%) | Explore: 427799/548297 (78.0%)
T=0.00 | W=100.4um | Current HPWL=1762552.30 um | Best HPWL=1256322.32 um | Accept Rate=50.8% | Improvements: 77/1333 (5.8%) | Refine: 1095923/1288582 (85.0%) | Explore: 428723/552291 (77.6%)
T=0.00 | W=100.4um | Current HPWL=1745725.10 um | Best HPWL=1256322.32 um | Accept Rate=51.1% | Improvements: 79/1333 (5.9%) | Refine: 1101633/1297923 (84.9%) | Explore: 429600/556280 (77.2%)
T=0.00 | W=100.4um | Current HPWL=1728674.88 um | Best HPWL=1256322.32 um | Accept Rate=50.6% | Improvements: 71/1333 (5.3%) | Refine: 1107312/1307260 (84.7%) | Explore: 430454/560273 (76.8%)
T=0.00 | W=100.4um | Current HPWL=1711906.68 um | Best HPWL=1256322.32 um | Accept Rate=51.2% | Improvements: 70/1333 (5.3%) | Refine: 1113009/1316604 (84.5%) | Explore: 431326/564259 (76.4%)
T=0.00 | W=100.4um | Current HPWL=1697843.44 um | Best HPWL=1256322.32 um | Accept Rate=49.7% | Improvements: 66/1333 (5.0%) | Refine: 1118145/1325017 (84.4%) | Explore: 432113/567843 (76.1%)
T=0.00 | W=100.4um | Current HPWL=1696772.56 um | Best HPWL=1256322.32 um | Accept Rate=48.1% | Improvements: 53/1333 (4.0%) | Refine: 1118714/1325948 (84.4%) | Explore: 432185/568245 (76.1%)
T=0.00 | W=100.4um | Current HPWL=1695366.12 um | Best HPWL=1256322.32 um | Accept Rate=47.4% | Improvements: 54/1333 (4.1%) | Refine: 1119276/1326880 (84.4%) | Explore: 432255/568646 (76.0%)
T=0.00 | W=100.4um | Current HPWL=1693911.68 um | Best HPWL=1256322.32 um | Accept Rate=49.3% | Improvements: 61/1333 (4.6%) | Refine: 1119859/1327816 (84.3%) | Explore: 432329/569043 (76.0%)
T=0.00 | W=100.4um | Current HPWL=1692590.10 um | Best HPWL=1256322.32 um | Accept Rate=47.6% | Improvements: 52/1333 (3.9%) | Refine: 1120422/1328737 (84.3%) | Explore: 432400/569455 (75.9%)
T=0.00 | W=100.4um | Current HPWL=1690841.40 um | Best HPWL=1256322.32 um | Accept Rate=49.9% | Improvements: 70/1333 (5.3%) | Refine: 1121002/1329665 (84.3%) | Explore: 432485/569860 (75.9%)
T=0.00 | W=100.4um | Current HPWL=1689205.28 um | Best HPWL=1256322.32 um | Accept Rate=47.7% | Improvements: 70/1333 (5.3%) | Refine: 1121546/1330575 (84.3%) | Explore: 432577/570283 (75.9%)
T=0.00 | W=100.4um | Current HPWL=1687200.04 um | Best HPWL=1256322.32 um | Accept Rate=50.2% | Improvements: 68/1333 (5.1%) | Refine: 1122128/1331506 (84.3%) | Explore: 432664/570685 (75.8%)
T=0.00 | W=100.4um | Current HPWL=1685440.94 um | Best HPWL=1256322.32 um | Accept Rate=50.6% | Improvements: 70/1333 (5.3%) | Refine: 1122703/1332443 (84.3%) | Explore: 432763/571081 (75.8%)
T=0.00 | W=100.4um | Current HPWL=1683787.30 um | Best HPWL=1256322.32 um | Accept Rate=49.7% | Improvements: 68/1333 (5.1%) | Refine: 1123275/1333383 (84.2%) | Explore: 432854/571474 (75.7%)
T=0.00 | W=100.4um | Current HPWL=1682264.10 um | Best HPWL=1256322.32 um | Accept Rate=49.2% | Improvements: 67/1333 (5.0%) | Refine: 1123841/1334319 (84.2%) | Explore: 432944/571871 (75.7%)
T=0.00 | W=100.4um | Current HPWL=1680673.18 um | Best HPWL=1256322.32 um | Accept Rate=47.6% | Improvements: 69/1333 (5.2%) | Refine: 1124392/1335237 (84.2%) | Explore: 433028/572286 (75.7%)
T=0.00 | W=100.4um | Current HPWL=1679332.06 um | Best HPWL=1256322.32 um | Accept Rate=49.1% | Improvements: 63/1333 (4.7%) | Refine: 1124960/1336178 (84.2%) | Explore: 433115/572678 (75.6%)
T=0.00 | W=100.4um | Current HPWL=1677897.78 um | Best HPWL=1256322.32 um | Accept Rate=47.1% | Improvements: 58/1333 (4.4%) | Refine: 1125503/1337104 (84.2%) | Explore: 433200/573085 (75.6%)
T=0.00 | W=100.4um | Current HPWL=1676613.06 um | Best HPWL=1256322.32 um | Accept Rate=50.6% | Improvements: 69/1333 (5.2%) | Refine: 1126086/1338035 (84.2%) | Explore: 433291/573487 (75.6%)
T=0.00 | W=100.4um | Current HPWL=1674843.06 um | Best HPWL=1256322.32 um | Accept Rate=50.3% | Improvements: 69/1333 (5.2%) | Refine: 1126663/1338980 (84.1%) | Explore: 433385/573875 (75.5%)
T=0.00 | W=100.4um | Current HPWL=1673056.92 um | Best HPWL=1256322.32 um | Accept Rate=48.5% | Improvements: 74/1333 (5.6%) | Refine: 1127218/1339884 (84.1%) | Explore: 433477/574304 (75.5%)
T=0.00 | W=100.4um | Current HPWL=1671267.86 um | Best HPWL=1256322.32 um | Accept Rate=48.7% | Improvements: 74/1333 (5.6%) | Refine: 1127773/1340809 (84.1%) | Explore: 433571/574712 (75.4%)
T=0.00 | W=100.4um | Current HPWL=1670067.48 um | Best HPWL=1256322.32 um | Accept Rate=49.9% | Improvements: 58/1333 (4.4%) | Refine: 1128361/1341742 (84.1%) | Explore: 433648/575112 (75.4%)
T=0.00 | W=100.4um | Current HPWL=1668110.22 um | Best HPWL=1256322.32 um | Accept Rate=50.3% | Improvements: 70/1333 (5.3%) | Refine: 1128950/1342706 (84.1%) | Explore: 433730/575481 (75.4%)
T=0.00 | W=100.4um | Current HPWL=1666711.94 um | Best HPWL=1256322.32 um | Accept Rate=50.8% | Improvements: 69/1333 (5.2%) | Refine: 1129531/1343663 (84.1%) | Explore: 433826/575857 (75.3%)
T=0.00 | W=100.4um | Current HPWL=1664951.34 um | Best HPWL=1256322.32 um | Accept Rate=47.6% | Improvements: 58/1333 (4.4%) | Refine: 1130086/1344580 (84.0%) | Explore: 433906/576273 (75.3%)
T=0.00 | W=100.4um | Current HPWL=1663184.50 um | Best HPWL=1256322.32 um | Accept Rate=46.6% | Improvements: 57/1333 (4.3%) | Refine: 1130631/1345484 (84.0%) | Explore: 433982/576702 (75.3%)
T=0.00 | W=100.4um | Current HPWL=1662000.68 um | Best HPWL=1256322.32 um | Accept Rate=49.1% | Improvements: 65/1333 (4.9%) | Refine: 1131200/1346407 (84.0%) | Explore: 434067/577112 (75.2%)
T=0.00 | W=100.4um | Current HPWL=1660586.88 um | Best HPWL=1256322.32 um | Accept Rate=49.6% | Improvements: 68/1333 (5.1%) | Refine: 1131772/1347328 (84.0%) | Explore: 434156/577524 (75.2%)
T=0.00 | W=100.4um | Current HPWL=1658878.52 um | Best HPWL=1256322.32 um | Accept Rate=48.7% | Improvements: 68/1333 (5.1%) | Refine: 1132335/1348228 (84.0%) | Explore: 434242/577957 (75.1%)
T=0.00 | W=100.4um | Current HPWL=1657204.76 um | Best HPWL=1256322.32 um | Accept Rate=48.5% | Improvements: 64/1333 (4.8%) | Refine: 1132901/1349159 (84.0%) | Explore: 434322/578359 (75.1%)
T=0.00 | W=100.4um | Current HPWL=1655244.82 um | Best HPWL=1256322.32 um | Accept Rate=47.6% | Improvements: 79/1333 (5.9%) | Refine: 1133439/1350063 (84.0%) | Explore: 434419/578788 (75.1%)
T=0.00 | W=100.4um | Current HPWL=1654107.20 um | Best HPWL=1256322.32 um | Accept Rate=50.3% | Improvements: 60/1333 (4.5%) | Refine: 1134033/1351022 (83.9%) | Explore: 434495/579162 (75.0%)
T=0.00 | W=100.4um | Current HPWL=1652459.62 um | Best HPWL=1256322.32 um | Accept Rate=48.8% | Improvements: 64/1333 (4.8%) | Refine: 1134603/1351940 (83.9%) | Explore: 434575/579577 (75.0%)
T=0.00 | W=100.4um | Current HPWL=1650804.32 um | Best HPWL=1256322.32 um | Accept Rate=49.1% | Improvements: 77/1333 (5.8%) | Refine: 1135173/1352856 (83.9%) | Explore: 434660/579994 (74.9%)
T=0.00 | W=100.4um | Current HPWL=1649138.46 um | Best HPWL=1256322.32 um | Accept Rate=48.5% | Improvements: 62/1333 (4.7%) | Refine: 1135732/1353785 (83.9%) | Explore: 434747/580398 (74.9%)
T=0.00 | W=100.4um | Current HPWL=1648098.38 um | Best HPWL=1256322.32 um | Accept Rate=47.9% | Improvements: 49/1333 (3.7%) | Refine: 1136303/1354757 (83.9%) | Explore: 434814/580759 (74.9%)
T=0.00 | W=100.4um | Current HPWL=1646660.76 um | Best HPWL=1256322.32 um | Accept Rate=47.9% | Improvements: 69/1333 (5.2%) | Refine: 1136853/1355658 (83.9%) | Explore: 434903/581191 (74.8%)

============================================================
SA Optimization Complete
============================================================
Initial HPWL: 1256322.32 um
Final Total HPWL: 1256322.32 um
Improvement: 0.00 um (0.00%)
Total Iterations: 1453
============================================================

