
============================================================
Simulated Annealing Optimization
============================================================
Initial HPWL: 1256322.32 um
Initial Temperature: 12563223200.00
Cooling Rate (alpha): 0.9905555555555555
Moves per Temperature: 2167
Final Temperature: 0.001
Initial Window Size: 501.80 um
Window Cooling Rate (beta): 0.98
Move Probabilities: Refine=70.0%, Explore=30.0%
============================================================

T=12563223200.00 | W=501.8um | Current HPWL=2066800.44 um | Best HPWL=1256322.32 um | Accept Rate=100.0% | Improvements: 75/2167 (3.5%) | Refine: 1508/1508 (100.0%) | Explore: 659/659 (100.0%)
T=11425874678.13 | W=410.0um | Current HPWL=4291938.82 um | Best HPWL=1256322.32 um | Accept Rate=100.0% | Improvements: 516/2167 (23.8%) | Refine: 16727/16727 (100.0%) | Explore: 7110/7110 (100.0%)
T=10391490311.20 | W=335.0um | Current HPWL=4770654.12 um | Best HPWL=1256322.32 um | Accept Rate=100.0% | Improvements: 542/2167 (25.0%) | Refine: 31884/31884 (100.0%) | Explore: 13623/13623 (100.0%)
T=9450748754.89 | W=273.7um | Current HPWL=4947839.64 um | Best HPWL=1256322.32 um | Accept Rate=100.0% | Improvements: 580/2167 (26.8%) | Refine: 47156/47156 (100.0%) | Explore: 20021/20021 (100.0%)
T=8595172526.09 | W=223.7um | Current HPWL=5091812.32 um | Best HPWL=1256322.32 um | Accept Rate=100.0% | Improvements: 594/2167 (27.4%) | Refine: 62275/62275 (100.0%) | Explore: 26572/26572 (100.0%)
T=7817051608.22 | W=182.7um | Current HPWL=5142734.95 um | Best HPWL=1256322.32 um | Accept Rate=100.0% | Improvements: 600/2167 (27.7%) | Refine: 77427/77427 (100.0%) | Explore: 33090/33090 (100.0%)
T=7109373972.43 | W=149.3um | Current HPWL=5224749.16 um | Best HPWL=1256322.32 um | Accept Rate=100.0% | Improvements: 581/2167 (26.8%) | Refine: 92599/92599 (100.0%) | Explore: 39588/39588 (100.0%)
T=6465762388.82 | W=122.0um | Current HPWL=5230664.14 um | Best HPWL=1256322.32 um | Accept Rate=100.0% | Improvements: 638/2167 (29.4%) | Refine: 107790/107790 (100.0%) | Explore: 46067/46067 (100.0%)
T=5880416958.07 | W=100.4um | Current HPWL=5280511.60 um | Best HPWL=1256322.32 um | Accept Rate=100.0% | Improvements: 615/2167 (28.4%) | Refine: 122849/122849 (100.0%) | Explore: 52678/52678 (100.0%)
T=5348062845.69 | W=100.4um | Current HPWL=5292725.06 um | Best HPWL=1256322.32 um | Accept Rate=100.0% | Improvements: 583/2167 (26.9%) | Refine: 138011/138011 (100.0%) | Explore: 59186/59186 (100.0%)
T=4863902747.95 | W=100.4um | Current HPWL=5307818.51 um | Best HPWL=1256322.32 um | Accept Rate=100.0% | Improvements: 592/2167 (27.3%) | Refine: 153173/153173 (100.0%) | Explore: 65694/65694 (100.0%)
T=4423573660.99 | W=100.4um | Current HPWL=5349080.72 um | Best HPWL=1256322.32 um | Accept Rate=100.0% | Improvements: 612/2167 (28.2%) | Refine: 168226/168226 (100.0%) | Explore: 72311/72311 (100.0%)
T=4023107563.66 | W=100.4um | Current HPWL=5365217.11 um | Best HPWL=1256322.32 um | Accept Rate=100.0% | Improvements: 620/2167 (28.6%) | Refine: 183368/183368 (100.0%) | Explore: 78839/78839 (100.0%)
T=3658895659.76 | W=100.4um | Current HPWL=5362256.56 um | Best HPWL=1256322.32 um | Accept Rate=100.0% | Improvements: 624/2167 (28.8%) | Refine: 198527/198527 (100.0%) | Explore: 85350/85350 (100.0%)
T=3327655857.36 | W=100.4um | Current HPWL=5422134.60 um | Best HPWL=1256322.32 um | Accept Rate=100.0% | Improvements: 579/2167 (26.7%) | Refine: 213667/213667 (100.0%) | Explore: 91880/91880 (100.0%)
T=3026403192.30 | W=100.4um | Current HPWL=5392791.08 um | Best HPWL=1256322.32 um | Accept Rate=100.0% | Improvements: 577/2167 (26.6%) | Refine: 228859/228859 (100.0%) | Explore: 98358/98358 (100.0%)
T=2752422929.23 | W=100.4um | Current HPWL=5429997.67 um | Best HPWL=1256322.32 um | Accept Rate=100.0% | Improvements: 619/2167 (28.6%) | Refine: 243933/243933 (100.0%) | Explore: 104954/104954 (100.0%)
T=2503246097.75 | W=100.4um | Current HPWL=5471628.22 um | Best HPWL=1256322.32 um | Accept Rate=100.0% | Improvements: 595/2167 (27.5%) | Refine: 259121/259121 (100.0%) | Explore: 111436/111436 (100.0%)
T=2276627243.35 | W=100.4um | Current HPWL=5461266.77 um | Best HPWL=1256322.32 um | Accept Rate=100.0% | Improvements: 618/2167 (28.5%) | Refine: 274336/274336 (100.0%) | Explore: 117891/117891 (100.0%)
T=2070524192.50 | W=100.4um | Current HPWL=5507788.52 um | Best HPWL=1256322.32 um | Accept Rate=100.0% | Improvements: 617/2167 (28.5%) | Refine: 289498/289498 (100.0%) | Explore: 124399/124399 (100.0%)
T=1883079649.62 | W=100.4um | Current HPWL=5529035.44 um | Best HPWL=1256322.32 um | Accept Rate=100.0% | Improvements: 599/2167 (27.6%) | Refine: 304711/304711 (100.0%) | Explore: 130856/130856 (100.0%)
T=1712604460.09 | W=100.4um | Current HPWL=5524802.65 um | Best HPWL=1256322.32 um | Accept Rate=100.0% | Improvements: 601/2167 (27.7%) | Refine: 319842/319842 (100.0%) | Explore: 137395/137395 (100.0%)
T=1557562388.46 | W=100.4um | Current HPWL=5542839.50 um | Best HPWL=1256322.32 um | Accept Rate=100.0% | Improvements: 579/2167 (26.7%) | Refine: 334965/334965 (100.0%) | Explore: 143942/143942 (100.0%)
T=1416556274.66 | W=100.4um | Current HPWL=5542897.76 um | Best HPWL=1256322.32 um | Accept Rate=100.0% | Improvements: 620/2167 (28.6%) | Refine: 350059/350059 (100.0%) | Explore: 150518/150518 (100.0%)
T=1288315443.51 | W=100.4um | Current HPWL=5539923.43 um | Best HPWL=1256322.32 um | Accept Rate=100.0% | Improvements: 603/2167 (27.8%) | Refine: 365111/365111 (100.0%) | Explore: 157136/157136 (100.0%)
T=1171684254.04 | W=100.4um | Current HPWL=5601555.60 um | Best HPWL=1256322.32 um | Accept Rate=100.0% | Improvements: 599/2167 (27.6%) | Refine: 380277/380277 (100.0%) | Explore: 163640/163640 (100.0%)
T=1065611685.46 | W=100.4um | Current HPWL=5629194.60 um | Best HPWL=1256322.32 um | Accept Rate=100.0% | Improvements: 598/2167 (27.6%) | Refine: 395541/395541 (100.0%) | Explore: 170046/170046 (100.0%)
T=969141865.89 | W=100.4um | Current HPWL=5547000.65 um | Best HPWL=1256322.32 um | Accept Rate=100.0% | Improvements: 652/2167 (30.1%) | Refine: 410721/410721 (100.0%) | Explore: 176536/176536 (100.0%)
T=881405458.51 | W=100.4um | Current HPWL=5603904.11 um | Best HPWL=1256322.32 um | Accept Rate=100.0% | Improvements: 620/2167 (28.6%) | Refine: 425950/425950 (100.0%) | Explore: 182977/182977 (100.0%)
T=801611827.57 | W=100.4um | Current HPWL=5621910.90 um | Best HPWL=1256322.32 um | Accept Rate=100.0% | Improvements: 602/2167 (27.8%) | Refine: 441098/441098 (100.0%) | Explore: 189499/189499 (100.0%)
T=729041913.57 | W=100.4um | Current HPWL=5635582.34 um | Best HPWL=1256322.32 um | Accept Rate=100.0% | Improvements: 586/2167 (27.0%) | Refine: 456332/456332 (100.0%) | Explore: 195935/195935 (100.0%)
T=663041753.46 | W=100.4um | Current HPWL=5667777.47 um | Best HPWL=1256322.32 um | Accept Rate=100.0% | Improvements: 565/2167 (26.1%) | Refine: 471458/471458 (100.0%) | Explore: 202479/202479 (100.0%)
T=603016587.44 | W=100.4um | Current HPWL=5674879.21 um | Best HPWL=1256322.32 um | Accept Rate=100.0% | Improvements: 596/2167 (27.5%) | Refine: 486548/486548 (100.0%) | Explore: 209059/209059 (100.0%)
T=548425499.35 | W=100.4um | Current HPWL=5683545.69 um | Best HPWL=1256322.32 um | Accept Rate=100.0% | Improvements: 591/2167 (27.3%) | Refine: 501710/501710 (100.0%) | Explore: 215567/215567 (100.0%)
T=498776542.15 | W=100.4um | Current HPWL=5656692.24 um | Best HPWL=1256322.32 um | Accept Rate=100.0% | Improvements: 598/2167 (27.6%) | Refine: 516833/516833 (100.0%) | Explore: 222114/222114 (100.0%)
T=453622304.74 | W=100.4um | Current HPWL=5699228.18 um | Best HPWL=1256322.32 um | Accept Rate=100.0% | Improvements: 608/2167 (28.1%) | Refine: 532024/532024 (100.0%) | Explore: 228593/228593 (100.0%)
T=412555880.18 | W=100.4um | Current HPWL=5711917.14 um | Best HPWL=1256322.32 um | Accept Rate=100.0% | Improvements: 601/2167 (27.7%) | Refine: 547328/547328 (100.0%) | Explore: 234959/234959 (100.0%)
T=375207198.79 | W=100.4um | Current HPWL=5724174.52 um | Best HPWL=1256322.32 um | Accept Rate=100.0% | Improvements: 632/2167 (29.2%) | Refine: 562395/562395 (100.0%) | Explore: 241562/241562 (100.0%)
T=341239693.31 | W=100.4um | Current HPWL=5751816.97 um | Best HPWL=1256322.32 um | Accept Rate=100.0% | Improvements: 604/2167 (27.9%) | Refine: 577579/577579 (100.0%) | Explore: 248048/248048 (100.0%)
T=310347265.89 | W=100.4um | Current HPWL=5781330.71 um | Best HPWL=1256322.32 um | Accept Rate=100.0% | Improvements: 608/2167 (28.1%) | Refine: 592610/592610 (100.0%) | Explore: 254687/254687 (100.0%)
T=282251529.75 | W=100.4um | Current HPWL=5785812.82 um | Best HPWL=1256322.32 um | Accept Rate=100.0% | Improvements: 627/2167 (28.9%) | Refine: 607796/607796 (100.0%) | Explore: 261171/261171 (100.0%)
T=256699300.43 | W=100.4um | Current HPWL=5816796.78 um | Best HPWL=1256322.32 um | Accept Rate=100.0% | Improvements: 618/2167 (28.5%) | Refine: 622960/622960 (100.0%) | Explore: 267677/267677 (100.0%)
T=233460314.29 | W=100.4um | Current HPWL=5809497.10 um | Best HPWL=1256322.32 um | Accept Rate=100.0% | Improvements: 639/2167 (29.5%) | Refine: 638111/638111 (100.0%) | Explore: 274196/274196 (100.0%)
T=212325153.42 | W=100.4um | Current HPWL=5825382.28 um | Best HPWL=1256322.32 um | Accept Rate=100.0% | Improvements: 578/2167 (26.7%) | Refine: 653217/653217 (100.0%) | Explore: 280760/280760 (100.0%)
T=193103358.54 | W=100.4um | Current HPWL=5820537.33 um | Best HPWL=1256322.32 um | Accept Rate=100.0% | Improvements: 611/2167 (28.2%) | Refine: 668446/668446 (100.0%) | Explore: 287201/287201 (100.0%)
T=175621712.63 | W=100.4um | Current HPWL=5825644.95 um | Best HPWL=1256322.32 um | Accept Rate=100.0% | Improvements: 565/2167 (26.1%) | Refine: 683667/683667 (100.0%) | Explore: 293650/293650 (100.0%)
T=159722680.03 | W=100.4um | Current HPWL=5849416.89 um | Best HPWL=1256322.32 um | Accept Rate=100.0% | Improvements: 588/2167 (27.1%) | Refine: 698739/698739 (100.0%) | Explore: 300248/300248 (100.0%)
T=145262986.75 | W=100.4um | Current HPWL=5908384.74 um | Best HPWL=1256322.32 um | Accept Rate=100.0% | Improvements: 599/2167 (27.6%) | Refine: 713974/713974 (100.0%) | Explore: 306683/306683 (100.0%)
T=132112329.42 | W=100.4um | Current HPWL=5899095.19 um | Best HPWL=1256322.32 um | Accept Rate=100.0% | Improvements: 603/2167 (27.8%) | Refine: 729197/729197 (100.0%) | Explore: 313130/313130 (100.0%)
T=120152201.02 | W=100.4um | Current HPWL=5889909.11 um | Best HPWL=1256322.32 um | Accept Rate=100.0% | Improvements: 580/2167 (26.8%) | Refine: 744435/744435 (100.0%) | Explore: 319562/319562 (100.0%)
T=109274822.97 | W=100.4um | Current HPWL=5913715.98 um | Best HPWL=1256322.32 um | Accept Rate=100.0% | Improvements: 615/2167 (28.4%) | Refine: 759599/759599 (100.0%) | Explore: 326068/326068 (100.0%)
T=99382173.90 | W=100.4um | Current HPWL=5918048.91 um | Best HPWL=1256322.32 um | Accept Rate=100.0% | Improvements: 586/2167 (27.0%) | Refine: 774814/774814 (100.0%) | Explore: 332523/332523 (100.0%)
T=90385106.28 | W=100.4um | Current HPWL=5921917.36 um | Best HPWL=1256322.32 um | Accept Rate=100.0% | Improvements: 612/2167 (28.2%) | Refine: 789881/789881 (100.0%) | Explore: 339126/339126 (100.0%)
T=82202543.15 | W=100.4um | Current HPWL=5927846.71 um | Best HPWL=1256322.32 um | Accept Rate=100.0% | Improvements: 627/2167 (28.9%) | Refine: 804970/804970 (100.0%) | Explore: 345707/345707 (100.0%)
T=74760747.40 | W=100.4um | Current HPWL=5966237.15 um | Best HPWL=1256322.32 um | Accept Rate=100.0% | Improvements: 591/2167 (27.3%) | Refine: 820246/820246 (100.0%) | Explore: 352101/352101 (100.0%)
T=67992657.38 | W=100.4um | Current HPWL=5947589.26 um | Best HPWL=1256322.32 um | Accept Rate=100.0% | Improvements: 602/2167 (27.8%) | Refine: 835545/835545 (100.0%) | Explore: 358472/358472 (100.0%)
T=61837282.51 | W=100.4um | Current HPWL=5974053.84 um | Best HPWL=1256322.32 um | Accept Rate=100.0% | Improvements: 589/2167 (27.2%) | Refine: 850789/850789 (100.0%) | Explore: 364898/364898 (100.0%)
T=56239153.69 | W=100.4um | Current HPWL=5979334.24 um | Best HPWL=1256322.32 um | Accept Rate=100.0% | Improvements: 628/2167 (29.0%) | Refine: 865995/865995 (100.0%) | Explore: 371362/371362 (100.0%)
T=51147823.44 | W=100.4um | Current HPWL=6000047.74 um | Best HPWL=1256322.32 um | Accept Rate=100.0% | Improvements: 596/2167 (27.5%) | Refine: 881197/881197 (100.0%) | Explore: 377830/377830 (100.0%)
T=46517411.29 | W=100.4um | Current HPWL=5993112.84 um | Best HPWL=1256322.32 um | Accept Rate=100.0% | Improvements: 625/2167 (28.8%) | Refine: 896455/896455 (100.0%) | Explore: 384242/384242 (100.0%)
T=42306190.32 | W=100.4um | Current HPWL=6019124.43 um | Best HPWL=1256322.32 um | Accept Rate=100.0% | Improvements: 577/2167 (26.6%) | Refine: 911574/911574 (100.0%) | Explore: 390793/390793 (100.0%)
T=38476211.16 | W=100.4um | Current HPWL=6020995.73 um | Best HPWL=1256322.32 um | Accept Rate=100.0% | Improvements: 557/2167 (25.7%) | Refine: 926871/926871 (100.0%) | Explore: 397166/397166 (100.0%)
T=34992959.99 | W=100.4um | Current HPWL=6071815.45 um | Best HPWL=1256322.32 um | Accept Rate=100.0% | Improvements: 580/2167 (26.8%) | Refine: 942089/942089 (100.0%) | Explore: 403618/403618 (100.0%)
T=31825047.53 | W=100.4um | Current HPWL=6057346.17 um | Best HPWL=1256322.32 um | Accept Rate=100.0% | Improvements: 614/2167 (28.3%) | Refine: 957274/957274 (100.0%) | Explore: 410103/410103 (100.0%)
T=28943926.17 | W=100.4um | Current HPWL=6047381.77 um | Best HPWL=1256322.32 um | Accept Rate=100.0% | Improvements: 564/2167 (26.0%) | Refine: 972541/972541 (100.0%) | Explore: 416506/416506 (100.0%)
T=26323632.70 | W=100.4um | Current HPWL=6080787.53 um | Best HPWL=1256322.32 um | Accept Rate=100.0% | Improvements: 602/2167 (27.8%) | Refine: 987731/987731 (100.0%) | Explore: 422986/422986 (100.0%)
T=23940554.39 | W=100.4um | Current HPWL=6072867.27 um | Best HPWL=1256322.32 um | Accept Rate=100.0% | Improvements: 609/2167 (28.1%) | Refine: 1002883/1002883 (100.0%) | Explore: 429504/429504 (100.0%)
T=21773216.14 | W=100.4um | Current HPWL=6091558.84 um | Best HPWL=1256322.32 um | Accept Rate=100.0% | Improvements: 624/2167 (28.8%) | Refine: 1018191/1018191 (100.0%) | Explore: 435866/435866 (100.0%)
T=19802087.02 | W=100.4um | Current HPWL=6097596.56 um | Best HPWL=1256322.32 um | Accept Rate=100.0% | Improvements: 604/2167 (27.9%) | Refine: 1033329/1033329 (100.0%) | Explore: 442398/442398 (100.0%)
T=18009404.19 | W=100.4um | Current HPWL=6147189.45 um | Best HPWL=1256322.32 um | Accept Rate=100.0% | Improvements: 586/2167 (27.0%) | Refine: 1048521/1048521 (100.0%) | Explore: 448876/448876 (100.0%)
T=16379012.94 | W=100.4um | Current HPWL=6122926.22 um | Best HPWL=1256322.32 um | Accept Rate=100.0% | Improvements: 609/2167 (28.1%) | Refine: 1063664/1063664 (100.0%) | Explore: 455403/455403 (100.0%)
T=14896221.00 | W=100.4um | Current HPWL=6128354.56 um | Best HPWL=1256322.32 um | Accept Rate=100.0% | Improvements: 616/2167 (28.4%) | Refine: 1078868/1078868 (100.0%) | Explore: 461869/461869 (100.0%)
T=13547666.20 | W=100.4um | Current HPWL=6158718.83 um | Best HPWL=1256322.32 um | Accept Rate=100.0% | Improvements: 586/2167 (27.0%) | Refine: 1094033/1094033 (100.0%) | Explore: 468374/468374 (100.0%)
T=12321196.06 | W=100.4um | Current HPWL=6150001.11 um | Best HPWL=1256322.32 um | Accept Rate=100.0% | Improvements: 601/2167 (27.7%) | Refine: 1109235/1109235 (100.0%) | Explore: 474842/474842 (100.0%)
T=11205758.25 | W=100.4um | Current HPWL=6170460.43 um | Best HPWL=1256322.32 um | Accept Rate=100.0% | Improvements: 618/2167 (28.5%) | Refine: 1124313/1124314 (100.0%) | Explore: 481433/481433 (100.0%)
T=10191301.02 | W=100.4um | Current HPWL=6179669.08 um | Best HPWL=1256322.32 um | Accept Rate=100.0% | Improvements: 585/2167 (27.0%) | Refine: 1139409/1139410 (100.0%) | Explore: 488007/488007 (100.0%)
T=9268682.60 | W=100.4um | Current HPWL=6184968.89 um | Best HPWL=1256322.32 um | Accept Rate=100.0% | Improvements: 598/2167 (27.6%) | Refine: 1154496/1154497 (100.0%) | Explore: 494590/494590 (100.0%)
T=8429588.82 | W=100.4um | Current HPWL=6195100.79 um | Best HPWL=1256322.32 um | Accept Rate=100.0% | Improvements: 600/2167 (27.7%) | Refine: 1169626/1169629 (100.0%) | Explore: 501128/501128 (100.0%)
T=7666458.19 | W=100.4um | Current HPWL=6205971.56 um | Best HPWL=1256322.32 um | Accept Rate=100.0% | Improvements: 598/2167 (27.6%) | Refine: 1184785/1184788 (100.0%) | Explore: 507639/507639 (100.0%)
T=6972413.78 | W=100.4um | Current HPWL=6212746.08 um | Best HPWL=1256322.32 um | Accept Rate=100.0% | Improvements: 634/2167 (29.3%) | Refine: 1200042/1200045 (100.0%) | Explore: 514052/514052 (100.0%)
T=6341201.20 | W=100.4um | Current HPWL=6226801.83 um | Best HPWL=1256322.32 um | Accept Rate=100.0% | Improvements: 587/2167 (27.1%) | Refine: 1215170/1215173 (100.0%) | Explore: 520593/520594 (100.0%)
T=5767132.29 | W=100.4um | Current HPWL=6226443.88 um | Best HPWL=1256322.32 um | Accept Rate=100.0% | Improvements: 627/2167 (28.9%) | Refine: 1230303/1230307 (100.0%) | Explore: 527129/527130 (100.0%)
T=5245033.84 | W=100.4um | Current HPWL=6263458.58 um | Best HPWL=1256322.32 um | Accept Rate=100.0% | Improvements: 573/2167 (26.4%) | Refine: 1245481/1245485 (100.0%) | Explore: 533621/533622 (100.0%)
T=4770200.96 | W=100.4um | Current HPWL=6255422.63 um | Best HPWL=1256322.32 um | Accept Rate=100.0% | Improvements: 623/2167 (28.7%) | Refine: 1260558/1260563 (100.0%) | Explore: 540213/540214 (100.0%)
T=4338354.69 | W=100.4um | Current HPWL=6256987.66 um | Best HPWL=1256322.32 um | Accept Rate=100.0% | Improvements: 607/2167 (28.0%) | Refine: 1275763/1275768 (100.0%) | Explore: 546678/546679 (100.0%)
T=3945603.47 | W=100.4um | Current HPWL=6263360.94 um | Best HPWL=1256322.32 um | Accept Rate=100.0% | Improvements: 599/2167 (27.6%) | Refine: 1291110/1291115 (100.0%) | Explore: 553001/553002 (100.0%)
T=3588408.01 | W=100.4um | Current HPWL=6297996.34 um | Best HPWL=1256322.32 um | Accept Rate=100.0% | Improvements: 638/2167 (29.4%) | Refine: 1306254/1306262 (100.0%) | Explore: 559524/559525 (100.0%)
T=3263549.45 | W=100.4um | Current HPWL=6300057.46 um | Best HPWL=1256322.32 um | Accept Rate=100.0% | Improvements: 602/2167 (27.8%) | Refine: 1321406/1321414 (100.0%) | Explore: 566042/566043 (100.0%)
T=2968100.34 | W=100.4um | Current HPWL=6354874.28 um | Best HPWL=1256322.32 um | Accept Rate=100.0% | Improvements: 612/2167 (28.2%) | Refine: 1336501/1336510 (100.0%) | Explore: 572616/572617 (100.0%)
T=2699398.24 | W=100.4um | Current HPWL=6325421.03 um | Best HPWL=1256322.32 um | Accept Rate=100.0% | Improvements: 600/2167 (27.7%) | Refine: 1351669/1351678 (100.0%) | Explore: 579118/579119 (100.0%)
T=2455021.73 | W=100.4um | Current HPWL=6356448.71 um | Best HPWL=1256322.32 um | Accept Rate=100.0% | Improvements: 596/2167 (27.5%) | Refine: 1366647/1366656 (100.0%) | Explore: 585810/585811 (100.0%)
T=2232768.63 | W=100.4um | Current HPWL=6289414.96 um | Best HPWL=1256322.32 um | Accept Rate=100.0% | Improvements: 630/2167 (29.1%) | Refine: 1381654/1381663 (100.0%) | Explore: 592473/592474 (100.0%)
T=2030636.10 | W=100.4um | Current HPWL=6381746.18 um | Best HPWL=1256322.32 um | Accept Rate=100.0% | Improvements: 572/2167 (26.4%) | Refine: 1396818/1396828 (100.0%) | Explore: 598978/598979 (100.0%)
T=1846802.62 | W=100.4um | Current HPWL=6377175.71 um | Best HPWL=1256322.32 um | Accept Rate=100.0% | Improvements: 560/2167 (25.8%) | Refine: 1412089/1412099 (100.0%) | Explore: 605377/605378 (100.0%)
T=1679611.59 | W=100.4um | Current HPWL=6384743.83 um | Best HPWL=1256322.32 um | Accept Rate=100.0% | Improvements: 621/2167 (28.7%) | Refine: 1427236/1427247 (100.0%) | Explore: 611899/611900 (100.0%)
T=1527556.36 | W=100.4um | Current HPWL=6357747.94 um | Best HPWL=1256322.32 um | Accept Rate=100.0% | Improvements: 629/2167 (29.0%) | Refine: 1442362/1442373 (100.0%) | Explore: 618443/618444 (100.0%)
T=1389266.70 | W=100.4um | Current HPWL=6404013.65 um | Best HPWL=1256322.32 um | Accept Rate=100.0% | Improvements: 593/2167 (27.4%) | Refine: 1457646/1457657 (100.0%) | Explore: 624829/624830 (100.0%)
T=1263496.39 | W=100.4um | Current HPWL=6389495.10 um | Best HPWL=1256322.32 um | Accept Rate=100.0% | Improvements: 593/2167 (27.4%) | Refine: 1472820/1472831 (100.0%) | Explore: 631325/631326 (100.0%)
T=1149112.07 | W=100.4um | Current HPWL=6410726.88 um | Best HPWL=1256322.32 um | Accept Rate=100.0% | Improvements: 595/2167 (27.5%) | Refine: 1487972/1487984 (100.0%) | Explore: 637842/637843 (100.0%)
T=1045082.96 | W=100.4um | Current HPWL=6390834.82 um | Best HPWL=1256322.32 um | Accept Rate=100.0% | Improvements: 600/2167 (27.7%) | Refine: 1503018/1503032 (100.0%) | Explore: 644464/644465 (100.0%)
T=950471.61 | W=100.4um | Current HPWL=6387580.67 um | Best HPWL=1256322.32 um | Accept Rate=100.0% | Improvements: 592/2167 (27.3%) | Refine: 1518156/1518174 (100.0%) | Explore: 650992/650993 (100.0%)
T=864425.42 | W=100.4um | Current HPWL=6399327.34 um | Best HPWL=1256322.32 um | Accept Rate=100.0% | Improvements: 608/2167 (28.1%) | Refine: 1533340/1533361 (100.0%) | Explore: 657475/657476 (100.0%)
T=786168.99 | W=100.4um | Current HPWL=6414229.94 um | Best HPWL=1256322.32 um | Accept Rate=100.0% | Improvements: 577/2167 (26.6%) | Refine: 1548533/1548555 (100.0%) | Explore: 663950/663952 (100.0%)
T=714997.12 | W=100.4um | Current HPWL=6417609.50 um | Best HPWL=1256322.32 um | Accept Rate=100.0% | Improvements: 614/2167 (28.3%) | Refine: 1563657/1563682 (100.0%) | Explore: 670493/670495 (100.0%)
T=650268.43 | W=100.4um | Current HPWL=6408487.09 um | Best HPWL=1256322.32 um | Accept Rate=100.0% | Improvements: 598/2167 (27.6%) | Refine: 1578752/1578778 (100.0%) | Explore: 677067/677069 (100.0%)
T=591399.63 | W=100.4um | Current HPWL=6430284.65 um | Best HPWL=1256322.32 um | Accept Rate=100.0% | Improvements: 593/2167 (27.4%) | Refine: 1593858/1593887 (100.0%) | Explore: 683628/683630 (100.0%)
T=537860.23 | W=100.4um | Current HPWL=6449006.86 um | Best HPWL=1256322.32 um | Accept Rate=99.9% | Improvements: 562/2167 (25.9%) | Refine: 1608973/1609005 (100.0%) | Explore: 690180/690182 (100.0%)
T=489167.75 | W=100.4um | Current HPWL=6478422.73 um | Best HPWL=1256322.32 um | Accept Rate=100.0% | Improvements: 629/2167 (29.0%) | Refine: 1624193/1624228 (100.0%) | Explore: 696627/696629 (100.0%)
T=444883.39 | W=100.4um | Current HPWL=6524741.54 um | Best HPWL=1256322.32 um | Accept Rate=100.0% | Improvements: 623/2167 (28.7%) | Refine: 1639467/1639503 (100.0%) | Explore: 703020/703024 (100.0%)
T=404608.10 | W=100.4um | Current HPWL=6515854.60 um | Best HPWL=1256322.32 um | Accept Rate=100.0% | Improvements: 583/2167 (26.9%) | Refine: 1654739/1654776 (100.0%) | Explore: 709417/709421 (100.0%)
T=367978.93 | W=100.4um | Current HPWL=6486100.65 um | Best HPWL=1256322.32 um | Accept Rate=100.0% | Improvements: 626/2167 (28.9%) | Refine: 1669962/1670001 (100.0%) | Explore: 715862/715866 (100.0%)
T=334665.80 | W=100.4um | Current HPWL=6496325.03 um | Best HPWL=1256322.32 um | Accept Rate=100.0% | Improvements: 619/2167 (28.6%) | Refine: 1685115/1685161 (100.0%) | Explore: 722371/722376 (100.0%)
T=304368.51 | W=100.4um | Current HPWL=6497830.10 um | Best HPWL=1256322.32 um | Accept Rate=100.0% | Improvements: 605/2167 (27.9%) | Refine: 1700314/1700370 (100.0%) | Explore: 728831/728837 (100.0%)
T=276814.03 | W=100.4um | Current HPWL=6474350.37 um | Best HPWL=1256322.32 um | Accept Rate=100.0% | Improvements: 635/2167 (29.3%) | Refine: 1715480/1715541 (100.0%) | Explore: 735330/735336 (100.0%)
T=251754.06 | W=100.4um | Current HPWL=6541676.42 um | Best HPWL=1256322.32 um | Accept Rate=100.0% | Improvements: 572/2167 (26.4%) | Refine: 1730608/1730673 (100.0%) | Explore: 741868/741874 (100.0%)
T=228962.76 | W=100.4um | Current HPWL=6520449.33 um | Best HPWL=1256322.32 um | Accept Rate=100.0% | Improvements: 618/2167 (28.5%) | Refine: 1745784/1745853 (100.0%) | Explore: 748358/748364 (100.0%)
T=208234.77 | W=100.4um | Current HPWL=6551615.52 um | Best HPWL=1256322.32 um | Accept Rate=100.0% | Improvements: 635/2167 (29.3%) | Refine: 1760887/1760959 (100.0%) | Explore: 754921/754928 (100.0%)
T=189383.27 | W=100.4um | Current HPWL=6544281.80 um | Best HPWL=1256322.32 um | Accept Rate=100.0% | Improvements: 603/2167 (27.8%) | Refine: 1776096/1776179 (100.0%) | Explore: 761369/761378 (100.0%)
T=172238.41 | W=100.4um | Current HPWL=6520737.40 um | Best HPWL=1256322.32 um | Accept Rate=99.9% | Improvements: 624/2167 (28.8%) | Refine: 1791359/1791450 (100.0%) | Explore: 767766/767777 (100.0%)
T=156645.67 | W=100.4um | Current HPWL=6560682.55 um | Best HPWL=1256322.32 um | Accept Rate=100.0% | Improvements: 603/2167 (27.8%) | Refine: 1806586/1806685 (100.0%) | Explore: 774200/774212 (100.0%)
T=142464.53 | W=100.4um | Current HPWL=6554019.32 um | Best HPWL=1256322.32 um | Accept Rate=100.0% | Improvements: 604/2167 (27.9%) | Refine: 1821727/1821836 (100.0%) | Explore: 780718/780731 (100.0%)
T=129567.22 | W=100.4um | Current HPWL=6546926.14 um | Best HPWL=1256322.32 um | Accept Rate=99.9% | Improvements: 602/2167 (27.8%) | Refine: 1836931/1837048 (100.0%) | Explore: 787173/787189 (100.0%)
T=117837.50 | W=100.4um | Current HPWL=6576490.77 um | Best HPWL=1256322.32 um | Accept Rate=100.0% | Improvements: 597/2167 (27.5%) | Refine: 1852078/1852209 (100.0%) | Explore: 793681/793698 (100.0%)
T=107169.67 | W=100.4um | Current HPWL=6589504.33 um | Best HPWL=1256322.32 um | Accept Rate=99.9% | Improvements: 569/2167 (26.3%) | Refine: 1867170/1867313 (100.0%) | Explore: 800245/800264 (100.0%)
T=97467.60 | W=100.4um | Current HPWL=6595293.66 um | Best HPWL=1256322.32 um | Accept Rate=100.0% | Improvements: 628/2167 (29.0%) | Refine: 1882431/1882587 (100.0%) | Explore: 806641/806660 (100.0%)
T=88643.86 | W=100.4um | Current HPWL=6566869.01 um | Best HPWL=1256322.32 um | Accept Rate=99.9% | Improvements: 612/2167 (28.2%) | Refine: 1897579/1897751 (100.0%) | Explore: 813145/813166 (100.0%)
T=80618.93 | W=100.4um | Current HPWL=6594322.01 um | Best HPWL=1256322.32 um | Accept Rate=100.0% | Improvements: 625/2167 (28.8%) | Refine: 1912682/1912866 (100.0%) | Explore: 819697/819721 (100.0%)
T=73320.50 | W=100.4um | Current HPWL=6583043.62 um | Best HPWL=1256322.32 um | Accept Rate=99.9% | Improvements: 620/2167 (28.6%) | Refine: 1927826/1928027 (100.0%) | Explore: 826203/826230 (100.0%)
T=66682.80 | W=100.4um | Current HPWL=6592202.99 um | Best HPWL=1256322.32 um | Accept Rate=100.0% | Improvements: 593/2167 (27.4%) | Refine: 1943045/1943256 (100.0%) | Explore: 832640/832671 (100.0%)
T=60646.00 | W=100.4um | Current HPWL=6571371.34 um | Best HPWL=1256322.32 um | Accept Rate=100.0% | Improvements: 652/2167 (30.1%) | Refine: 1958171/1958391 (100.0%) | Explore: 839171/839206 (100.0%)
T=55155.72 | W=100.4um | Current HPWL=6622256.86 um | Best HPWL=1256322.32 um | Accept Rate=100.0% | Improvements: 585/2167 (27.0%) | Refine: 1973311/1973558 (100.0%) | Explore: 845672/845709 (100.0%)
T=50162.47 | W=100.4um | Current HPWL=6586679.80 um | Best HPWL=1256322.32 um | Accept Rate=99.9% | Improvements: 584/2167 (26.9%) | Refine: 1988442/1988719 (100.0%) | Explore: 852180/852218 (100.0%)
T=45621.27 | W=100.4um | Current HPWL=6659582.96 um | Best HPWL=1256322.32 um | Accept Rate=99.9% | Improvements: 580/2167 (26.8%) | Refine: 2003571/2003882 (100.0%) | Explore: 858684/858725 (100.0%)
T=41491.17 | W=100.4um | Current HPWL=6615822.45 um | Best HPWL=1256322.32 um | Accept Rate=99.9% | Improvements: 652/2167 (30.1%) | Refine: 2018698/2019041 (100.0%) | Explore: 865193/865236 (100.0%)
T=37734.98 | W=100.4um | Current HPWL=6649612.86 um | Best HPWL=1256322.32 um | Accept Rate=100.0% | Improvements: 646/2167 (29.8%) | Refine: 2033888/2034264 (100.0%) | Explore: 871636/871683 (100.0%)
T=34318.83 | W=100.4um | Current HPWL=6625634.23 um | Best HPWL=1256322.32 um | Accept Rate=99.9% | Improvements: 579/2167 (26.7%) | Refine: 2048939/2049356 (100.0%) | Explore: 878206/878261 (100.0%)
T=31211.95 | W=100.4um | Current HPWL=6585147.67 um | Best HPWL=1256322.32 um | Accept Rate=99.7% | Improvements: 563/2167 (26.0%) | Refine: 2064050/2064525 (100.0%) | Explore: 884700/884762 (100.0%)
T=28386.33 | W=100.4um | Current HPWL=6646415.63 um | Best HPWL=1256322.32 um | Accept Rate=99.8% | Improvements: 615/2167 (28.4%) | Refine: 2079205/2079722 (100.0%) | Explore: 891170/891235 (100.0%)
T=25816.51 | W=100.4um | Current HPWL=6583412.13 um | Best HPWL=1256322.32 um | Accept Rate=99.6% | Improvements: 617/2167 (28.5%) | Refine: 2094316/2094905 (100.0%) | Explore: 897654/897722 (100.0%)
T=23479.35 | W=100.4um | Current HPWL=6599801.70 um | Best HPWL=1256322.32 um | Accept Rate=99.6% | Improvements: 588/2167 (27.1%) | Refine: 2109536/2110189 (100.0%) | Explore: 904033/904108 (100.0%)
T=21353.76 | W=100.4um | Current HPWL=6648774.96 um | Best HPWL=1256322.32 um | Accept Rate=99.6% | Improvements: 622/2167 (28.7%) | Refine: 2124661/2125390 (100.0%) | Explore: 910496/910577 (100.0%)
T=19420.61 | W=100.4um | Current HPWL=6612830.62 um | Best HPWL=1256322.32 um | Accept Rate=99.7% | Improvements: 623/2167 (28.7%) | Refine: 2139766/2140556 (100.0%) | Explore: 916984/917081 (100.0%)
T=17662.46 | W=100.4um | Current HPWL=6631115.63 um | Best HPWL=1256322.32 um | Accept Rate=99.6% | Improvements: 589/2167 (27.2%) | Refine: 2154899/2155769 (100.0%) | Explore: 923436/923538 (100.0%)
T=16063.48 | W=100.4um | Current HPWL=6664830.34 um | Best HPWL=1256322.32 um | Accept Rate=99.4% | Improvements: 593/2167 (27.4%) | Refine: 2169918/2170877 (100.0%) | Explore: 929986/930100 (100.0%)
T=14609.25 | W=100.4um | Current HPWL=6665328.68 um | Best HPWL=1256322.32 um | Accept Rate=99.7% | Improvements: 604/2167 (27.9%) | Refine: 2184994/2186039 (100.0%) | Explore: 936484/936608 (100.0%)
T=13286.67 | W=100.4um | Current HPWL=6673595.00 um | Best HPWL=1256322.32 um | Accept Rate=99.7% | Improvements: 597/2167 (27.5%) | Refine: 2200074/2201223 (99.9%) | Explore: 942955/943094 (100.0%)
T=12083.83 | W=100.4um | Current HPWL=6622056.52 um | Best HPWL=1256322.32 um | Accept Rate=99.4% | Improvements: 607/2167 (28.0%) | Refine: 2215042/2216306 (99.9%) | Explore: 949532/949681 (100.0%)
T=10989.88 | W=100.4um | Current HPWL=6669971.50 um | Best HPWL=1256322.32 um | Accept Rate=99.3% | Improvements: 588/2167 (27.1%) | Refine: 2230067/2231460 (99.9%) | Explore: 956030/956197 (100.0%)
T=9994.97 | W=100.4um | Current HPWL=6665297.44 um | Best HPWL=1256322.32 um | Accept Rate=99.4% | Improvements: 578/2167 (26.7%) | Refine: 2245090/2246621 (99.9%) | Explore: 962515/962706 (100.0%)
T=9090.12 | W=100.4um | Current HPWL=6629238.67 um | Best HPWL=1256322.32 um | Accept Rate=99.4% | Improvements: 582/2167 (26.9%) | Refine: 2260100/2261795 (99.9%) | Explore: 968992/969202 (100.0%)
T=8267.20 | W=100.4um | Current HPWL=6703461.08 um | Best HPWL=1256322.32 um | Accept Rate=98.9% | Improvements: 580/2167 (26.8%) | Refine: 2275031/2276903 (99.9%) | Explore: 975534/975764 (100.0%)
T=7518.77 | W=100.4um | Current HPWL=6643510.97 um | Best HPWL=1256322.32 um | Accept Rate=98.8% | Improvements: 598/2167 (27.6%) | Refine: 2290026/2292076 (99.9%) | Explore: 982009/982261 (100.0%)
T=6838.09 | W=100.4um | Current HPWL=6648353.59 um | Best HPWL=1256322.32 um | Accept Rate=98.8% | Improvements: 599/2167 (27.6%) | Refine: 2304933/2307196 (99.9%) | Explore: 988534/988811 (100.0%)
T=6219.04 | W=100.4um | Current HPWL=6609310.41 um | Best HPWL=1256322.32 um | Accept Rate=98.4% | Improvements: 598/2167 (27.6%) | Refine: 2319754/2322276 (99.9%) | Explore: 995094/995401 (100.0%)
T=5656.03 | W=100.4um | Current HPWL=6650869.46 um | Best HPWL=1256322.32 um | Accept Rate=98.4% | Improvements: 595/2167 (27.5%) | Refine: 2334847/2337625 (99.9%) | Explore: 1001377/1001722 (100.0%)
T=5143.99 | W=100.4um | Current HPWL=6648092.58 um | Best HPWL=1256322.32 um | Accept Rate=98.7% | Improvements: 554/2167 (25.6%) | Refine: 2349697/2352769 (99.9%) | Explore: 1007870/1008248 (100.0%)
T=4678.30 | W=100.4um | Current HPWL=6620941.08 um | Best HPWL=1256322.32 um | Accept Rate=98.3% | Improvements: 583/2167 (26.9%) | Refine: 2364615/2368003 (99.9%) | Explore: 1014269/1014684 (100.0%)
T=4254.78 | W=100.4um | Current HPWL=6596963.39 um | Best HPWL=1256322.32 um | Accept Rate=98.0% | Improvements: 599/2167 (27.6%) | Refine: 2379450/2383180 (99.8%) | Explore: 1020719/1021177 (100.0%)
T=3869.59 | W=100.4um | Current HPWL=6539463.42 um | Best HPWL=1256322.32 um | Accept Rate=97.9% | Improvements: 606/2167 (28.0%) | Refine: 2394232/2398353 (99.8%) | Explore: 1027175/1027674 (100.0%)
T=3519.28 | W=100.4um | Current HPWL=6531493.10 um | Best HPWL=1256322.32 um | Accept Rate=97.6% | Improvements: 600/2167 (27.7%) | Refine: 2409036/2413537 (99.8%) | Explore: 1033613/1034160 (99.9%)
T=3200.68 | W=100.4um | Current HPWL=6526573.82 um | Best HPWL=1256322.32 um | Accept Rate=97.9% | Improvements: 588/2167 (27.1%) | Refine: 2423740/2428732 (99.8%) | Explore: 1040038/1040635 (99.9%)
T=2910.92 | W=100.4um | Current HPWL=6535070.21 um | Best HPWL=1256322.32 um | Accept Rate=97.4% | Improvements: 559/2167 (25.8%) | Refine: 2438458/2443910 (99.8%) | Explore: 1046486/1047127 (99.9%)
T=2647.40 | W=100.4um | Current HPWL=6510733.29 um | Best HPWL=1256322.32 um | Accept Rate=96.9% | Improvements: 581/2167 (26.8%) | Refine: 2453085/2459090 (99.8%) | Explore: 1052934/1053617 (99.9%)
T=2407.73 | W=100.4um | Current HPWL=6538784.29 um | Best HPWL=1256322.32 um | Accept Rate=96.9% | Improvements: 569/2167 (26.3%) | Refine: 2467588/2474207 (99.7%) | Explore: 1059412/1060170 (99.9%)
T=2189.75 | W=100.4um | Current HPWL=6507113.70 um | Best HPWL=1256322.32 um | Accept Rate=96.7% | Improvements: 564/2167 (26.0%) | Refine: 2482116/2489386 (99.7%) | Explore: 1065834/1066661 (99.9%)
T=1991.52 | W=100.4um | Current HPWL=6465290.85 um | Best HPWL=1256322.32 um | Accept Rate=95.9% | Improvements: 585/2167 (27.0%) | Refine: 2496509/2504510 (99.7%) | Explore: 1072301/1073207 (99.9%)
T=1811.22 | W=100.4um | Current HPWL=6390946.01 um | Best HPWL=1256322.32 um | Accept Rate=95.2% | Improvements: 546/2167 (25.2%) | Refine: 2510889/2519691 (99.7%) | Explore: 1078686/1079696 (99.9%)
T=1647.25 | W=100.4um | Current HPWL=6444659.06 um | Best HPWL=1256322.32 um | Accept Rate=95.0% | Improvements: 533/2167 (24.6%) | Refine: 2525123/2534806 (99.6%) | Explore: 1085147/1086251 (99.9%)
T=1498.13 | W=100.4um | Current HPWL=6370069.93 um | Best HPWL=1256322.32 um | Accept Rate=94.8% | Improvements: 558/2167 (25.7%) | Refine: 2539412/2550058 (99.6%) | Explore: 1091476/1092669 (99.9%)
T=1362.50 | W=100.4um | Current HPWL=6344679.40 um | Best HPWL=1256322.32 um | Accept Rate=94.0% | Improvements: 551/2167 (25.4%) | Refine: 2553372/2565104 (99.5%) | Explore: 1097976/1099293 (99.9%)
T=1239.16 | W=100.4um | Current HPWL=6259076.53 um | Best HPWL=1256322.32 um | Accept Rate=93.8% | Improvements: 561/2167 (25.9%) | Refine: 2567349/2580206 (99.5%) | Explore: 1104414/1105861 (99.9%)
T=1126.97 | W=100.4um | Current HPWL=6266229.40 um | Best HPWL=1256322.32 um | Accept Rate=92.6% | Improvements: 527/2167 (24.3%) | Refine: 2581286/2595417 (99.5%) | Explore: 1110724/1112320 (99.9%)
T=1024.95 | W=100.4um | Current HPWL=6188214.37 um | Best HPWL=1256322.32 um | Accept Rate=92.1% | Improvements: 541/2167 (25.0%) | Refine: 2594923/2610498 (99.4%) | Explore: 1117151/1118909 (99.8%)
T=932.16 | W=100.4um | Current HPWL=6132146.09 um | Best HPWL=1256322.32 um | Accept Rate=92.3% | Improvements: 529/2167 (24.4%) | Refine: 2608575/2625697 (99.3%) | Explore: 1123468/1125380 (99.8%)
T=847.77 | W=100.4um | Current HPWL=6115109.26 um | Best HPWL=1256322.32 um | Accept Rate=91.6% | Improvements: 546/2167 (25.2%) | Refine: 2621986/2640797 (99.3%) | Explore: 1129857/1131950 (99.8%)
T=771.02 | W=100.4um | Current HPWL=6043850.28 um | Best HPWL=1256322.32 um | Accept Rate=89.6% | Improvements: 538/2167 (24.8%) | Refine: 2635254/2655903 (99.2%) | Explore: 1136190/1138514 (99.8%)
T=701.22 | W=100.4um | Current HPWL=5965419.50 um | Best HPWL=1256322.32 um | Accept Rate=89.8% | Improvements: 515/2167 (23.8%) | Refine: 2648356/2671008 (99.2%) | Explore: 1142528/1145079 (99.8%)
T=637.74 | W=100.4um | Current HPWL=5900376.07 um | Best HPWL=1256322.32 um | Accept Rate=87.9% | Improvements: 476/2167 (22.0%) | Refine: 2661323/2686142 (99.1%) | Explore: 1148806/1151615 (99.8%)
T=580.01 | W=100.4um | Current HPWL=5844540.00 um | Best HPWL=1256322.32 um | Accept Rate=87.4% | Improvements: 514/2167 (23.7%) | Refine: 2674150/2701246 (99.0%) | Explore: 1155104/1158181 (99.7%)
T=527.50 | W=100.4um | Current HPWL=5718526.54 um | Best HPWL=1256322.32 um | Accept Rate=87.3% | Improvements: 476/2167 (22.0%) | Refine: 2686873/2716480 (98.9%) | Explore: 1161263/1164617 (99.7%)
T=479.74 | W=100.4um | Current HPWL=5661358.70 um | Best HPWL=1256322.32 um | Accept Rate=86.1% | Improvements: 448/2167 (20.7%) | Refine: 2699386/2731621 (98.8%) | Explore: 1167497/1171146 (99.7%)
T=436.31 | W=100.4um | Current HPWL=5590554.03 um | Best HPWL=1256322.32 um | Accept Rate=85.7% | Improvements: 463/2167 (21.4%) | Refine: 2711728/2746757 (98.7%) | Explore: 1173694/1177680 (99.7%)
T=396.81 | W=100.4um | Current HPWL=5510730.19 um | Best HPWL=1256322.32 um | Accept Rate=82.6% | Improvements: 418/2167 (19.3%) | Refine: 2723966/2762083 (98.6%) | Explore: 1179658/1184024 (99.6%)
T=360.89 | W=100.4um | Current HPWL=5404685.57 um | Best HPWL=1256322.32 um | Accept Rate=83.6% | Improvements: 454/2167 (21.0%) | Refine: 2735873/2777243 (98.5%) | Explore: 1185766/1190534 (99.6%)
T=328.22 | W=100.4um | Current HPWL=5296575.86 um | Best HPWL=1256322.32 um | Accept Rate=81.6% | Improvements: 447/2167 (20.6%) | Refine: 2747591/2792400 (98.4%) | Explore: 1191830/1197047 (99.6%)
T=298.50 | W=100.4um | Current HPWL=5205603.08 um | Best HPWL=1256322.32 um | Accept Rate=81.2% | Improvements: 420/2167 (19.4%) | Refine: 2759276/2807621 (98.3%) | Explore: 1197824/1203496 (99.5%)
T=271.48 | W=100.4um | Current HPWL=5102700.91 um | Best HPWL=1256322.32 um | Accept Rate=79.1% | Improvements: 421/2167 (19.4%) | Refine: 2770780/2822938 (98.2%) | Explore: 1203667/1209849 (99.5%)
T=246.90 | W=100.4um | Current HPWL=4996100.07 um | Best HPWL=1256322.32 um | Accept Rate=78.0% | Improvements: 401/2167 (18.5%) | Refine: 2782135/2838214 (98.0%) | Explore: 1209502/1216243 (99.4%)
T=224.55 | W=100.4um | Current HPWL=4864779.64 um | Best HPWL=1256322.32 um | Accept Rate=76.8% | Improvements: 392/2167 (18.1%) | Refine: 2793088/2853351 (97.9%) | Explore: 1215391/1222776 (99.4%)
T=204.22 | W=100.4um | Current HPWL=4752307.18 um | Best HPWL=1256322.32 um | Accept Rate=75.5% | Improvements: 377/2167 (17.4%) | Refine: 2803948/2868452 (97.8%) | Explore: 1221298/1229345 (99.3%)
T=185.73 | W=100.4um | Current HPWL=4650018.31 um | Best HPWL=1256322.32 um | Accept Rate=75.0% | Improvements: 393/2167 (18.1%) | Refine: 2814651/2883570 (97.6%) | Explore: 1227114/1235897 (99.3%)
T=168.92 | W=100.4um | Current HPWL=4554401.66 um | Best HPWL=1256322.32 um | Accept Rate=75.0% | Improvements: 362/2167 (16.7%) | Refine: 2825250/2898793 (97.5%) | Explore: 1232783/1242344 (99.2%)
T=153.63 | W=100.4um | Current HPWL=4456041.93 um | Best HPWL=1256322.32 um | Accept Rate=74.2% | Improvements: 332/2167 (15.3%) | Refine: 2835697/2914003 (97.3%) | Explore: 1238400/1248804 (99.2%)
T=139.72 | W=100.4um | Current HPWL=4351294.42 um | Best HPWL=1256322.32 um | Accept Rate=73.0% | Improvements: 335/2167 (15.5%) | Refine: 2845980/2929177 (97.2%) | Explore: 1243999/1255300 (99.1%)
T=127.07 | W=100.4um | Current HPWL=4267351.50 um | Best HPWL=1256322.32 um | Accept Rate=71.3% | Improvements: 350/2167 (16.2%) | Refine: 2856308/2944440 (97.0%) | Explore: 1249373/1261707 (99.0%)
T=115.57 | W=100.4um | Current HPWL=4193001.58 um | Best HPWL=1256322.32 um | Accept Rate=73.2% | Improvements: 344/2167 (15.9%) | Refine: 2866464/2959634 (96.9%) | Explore: 1254784/1268183 (98.9%)
T=105.11 | W=100.4um | Current HPWL=4096295.03 um | Best HPWL=1256322.32 um | Accept Rate=72.0% | Improvements: 350/2167 (16.2%) | Refine: 2876542/2974902 (96.7%) | Explore: 1260040/1274585 (98.9%)
T=95.59 | W=100.4um | Current HPWL=4008888.26 um | Best HPWL=1256322.32 um | Accept Rate=71.1% | Improvements: 333/2167 (15.4%) | Refine: 2886554/2990033 (96.5%) | Explore: 1265325/1281124 (98.8%)
T=86.94 | W=100.4um | Current HPWL=3922538.09 um | Best HPWL=1256322.32 um | Accept Rate=69.8% | Improvements: 330/2167 (15.2%) | Refine: 2896505/3005192 (96.4%) | Explore: 1270452/1287635 (98.7%)
T=79.07 | W=100.4um | Current HPWL=3839533.52 um | Best HPWL=1256322.32 um | Accept Rate=68.4% | Improvements: 354/2167 (16.3%) | Refine: 2906346/3020389 (96.2%) | Explore: 1275543/1294108 (98.6%)
T=71.91 | W=100.4um | Current HPWL=3755351.12 um | Best HPWL=1256322.32 um | Accept Rate=67.9% | Improvements: 300/2167 (13.8%) | Refine: 2916213/3035600 (96.1%) | Explore: 1280474/1300567 (98.5%)
T=65.40 | W=100.4um | Current HPWL=3668492.54 um | Best HPWL=1256322.32 um | Accept Rate=66.7% | Improvements: 314/2167 (14.5%) | Refine: 2925986/3050718 (95.9%) | Explore: 1285327/1307119 (98.3%)
T=59.48 | W=100.4um | Current HPWL=3587665.26 um | Best HPWL=1256322.32 um | Accept Rate=65.8% | Improvements: 259/2167 (12.0%) | Refine: 2935760/3066001 (95.8%) | Explore: 1290025/1313506 (98.2%)
T=54.09 | W=100.4um | Current HPWL=3507909.87 um | Best HPWL=1256322.32 um | Accept Rate=65.5% | Improvements: 287/2167 (13.2%) | Refine: 2945598/3081261 (95.6%) | Explore: 1294569/1319916 (98.1%)
T=49.20 | W=100.4um | Current HPWL=3431054.88 um | Best HPWL=1256322.32 um | Accept Rate=64.0% | Improvements: 252/2167 (11.6%) | Refine: 2955378/3096574 (95.4%) | Explore: 1299030/1326273 (97.9%)
T=44.74 | W=100.4um | Current HPWL=3355750.33 um | Best HPWL=1256322.32 um | Accept Rate=64.4% | Improvements: 276/2167 (12.7%) | Refine: 2964938/3111738 (95.3%) | Explore: 1303485/1332779 (97.8%)
T=40.69 | W=100.4um | Current HPWL=3277850.11 um | Best HPWL=1256322.32 um | Accept Rate=63.6% | Improvements: 276/2167 (12.7%) | Refine: 2974511/3127039 (95.1%) | Explore: 1307767/1339148 (97.7%)
T=37.01 | W=100.4um | Current HPWL=3199327.07 um | Best HPWL=1256322.32 um | Accept Rate=62.3% | Improvements: 264/2167 (12.2%) | Refine: 2984099/3142157 (95.0%) | Explore: 1311924/1345700 (97.5%)
T=33.66 | W=100.4um | Current HPWL=3127923.77 um | Best HPWL=1256322.32 um | Accept Rate=60.6% | Improvements: 259/2167 (12.0%) | Refine: 2993706/3157385 (94.8%) | Explore: 1315950/1352142 (97.3%)
T=30.61 | W=100.4um | Current HPWL=3056886.95 um | Best HPWL=1256322.32 um | Accept Rate=60.5% | Improvements: 250/2167 (11.5%) | Refine: 3003282/3172646 (94.7%) | Explore: 1319836/1358551 (97.2%)
T=27.84 | W=100.4um | Current HPWL=2990832.37 um | Best HPWL=1256322.32 um | Accept Rate=60.3% | Improvements: 229/2167 (10.6%) | Refine: 3012778/3187822 (94.5%) | Explore: 1323639/1365045 (97.0%)
T=25.32 | W=100.4um | Current HPWL=2926161.70 um | Best HPWL=1256322.32 um | Accept Rate=60.5% | Improvements: 231/2167 (10.7%) | Refine: 3022178/3202961 (94.4%) | Explore: 1327390/1371576 (96.8%)
T=23.03 | W=100.4um | Current HPWL=2861105.62 um | Best HPWL=1256322.32 um | Accept Rate=59.7% | Improvements: 230/2167 (10.6%) | Refine: 3031578/3218116 (94.2%) | Explore: 1330975/1378091 (96.6%)
T=20.94 | W=100.4um | Current HPWL=2797781.50 um | Best HPWL=1256322.32 um | Accept Rate=59.5% | Improvements: 244/2167 (11.3%) | Refine: 3040962/3233237 (94.1%) | Explore: 1334465/1384640 (96.4%)
T=19.05 | W=100.4um | Current HPWL=2739833.88 um | Best HPWL=1256322.32 um | Accept Rate=57.4% | Improvements: 197/2167 (9.1%) | Refine: 3050332/3248467 (93.9%) | Explore: 1337841/1391080 (96.2%)
T=17.32 | W=100.4um | Current HPWL=2678647.41 um | Best HPWL=1256322.32 um | Accept Rate=58.1% | Improvements: 211/2167 (9.7%) | Refine: 3059676/3263605 (93.8%) | Explore: 1341141/1397612 (96.0%)
T=15.75 | W=100.4um | Current HPWL=2622066.65 um | Best HPWL=1256322.32 um | Accept Rate=57.3% | Improvements: 198/2167 (9.1%) | Refine: 3068916/3278612 (93.6%) | Explore: 1344367/1404275 (95.7%)
T=14.33 | W=100.4um | Current HPWL=2567265.92 um | Best HPWL=1256322.32 um | Accept Rate=56.4% | Improvements: 181/2167 (8.4%) | Refine: 3078130/3293696 (93.5%) | Explore: 1347448/1410861 (95.5%)
T=13.03 | W=100.4um | Current HPWL=2514201.72 um | Best HPWL=1256322.32 um | Accept Rate=57.6% | Improvements: 198/2167 (9.1%) | Refine: 3087602/3308934 (93.3%) | Explore: 1350414/1417293 (95.3%)
T=11.85 | W=100.4um | Current HPWL=2464369.37 um | Best HPWL=1256322.32 um | Accept Rate=53.9% | Improvements: 205/2167 (9.5%) | Refine: 3096842/3324084 (93.2%) | Explore: 1353265/1423813 (95.0%)
T=10.78 | W=100.4um | Current HPWL=2414872.96 um | Best HPWL=1256322.32 um | Accept Rate=56.3% | Improvements: 190/2167 (8.8%) | Refine: 3106114/3339098 (93.0%) | Explore: 1356040/1430469 (94.8%)
T=9.80 | W=100.4um | Current HPWL=2365067.81 um | Best HPWL=1256322.32 um | Accept Rate=55.6% | Improvements: 174/2167 (8.0%) | Refine: 3115338/3354246 (92.9%) | Explore: 1358784/1436991 (94.6%)
T=8.92 | W=100.4um | Current HPWL=2322665.27 um | Best HPWL=1256322.32 um | Accept Rate=54.3% | Improvements: 165/2167 (7.6%) | Refine: 3124541/3369400 (92.7%) | Explore: 1361350/1443507 (94.3%)
T=8.11 | W=100.4um | Current HPWL=2279943.95 um | Best HPWL=1256322.32 um | Accept Rate=52.1% | Improvements: 156/2167 (7.2%) | Refine: 3133877/3384583 (92.6%) | Explore: 1363756/1449994 (94.1%)
T=7.37 | W=100.4um | Current HPWL=2238025.83 um | Best HPWL=1256322.32 um | Accept Rate=52.9% | Improvements: 147/2167 (6.8%) | Refine: 3143319/3399877 (92.5%) | Explore: 1366083/1456370 (93.8%)
T=6.71 | W=100.4um | Current HPWL=2198570.14 um | Best HPWL=1256322.32 um | Accept Rate=52.7% | Improvements: 146/2167 (6.7%) | Refine: 3152595/3415058 (92.3%) | Explore: 1368381/1462859 (93.5%)
T=6.10 | W=100.4um | Current HPWL=2161430.78 um | Best HPWL=1256322.32 um | Accept Rate=51.5% | Improvements: 140/2167 (6.5%) | Refine: 3161807/3430197 (92.2%) | Explore: 1370567/1469390 (93.3%)
T=5.55 | W=100.4um | Current HPWL=2123068.22 um | Best HPWL=1256322.32 um | Accept Rate=54.3% | Improvements: 145/2167 (6.7%) | Refine: 3171110/3445289 (92.0%) | Explore: 1372768/1475968 (93.0%)
T=5.04 | W=100.4um | Current HPWL=2087990.00 um | Best HPWL=1256322.32 um | Accept Rate=51.8% | Improvements: 132/2167 (6.1%) | Refine: 3180264/3460403 (91.9%) | Explore: 1374868/1482524 (92.7%)
T=4.59 | W=100.4um | Current HPWL=2052940.62 um | Best HPWL=1256322.32 um | Accept Rate=50.2% | Improvements: 129/2167 (6.0%) | Refine: 3189505/3475466 (91.8%) | Explore: 1376883/1489131 (92.5%)
T=4.17 | W=100.4um | Current HPWL=2019152.92 um | Best HPWL=1256322.32 um | Accept Rate=50.3% | Improvements: 146/2167 (6.7%) | Refine: 3198591/3490599 (91.6%) | Explore: 1378829/1495668 (92.2%)
T=3.80 | W=100.4um | Current HPWL=1987747.74 um | Best HPWL=1256322.32 um | Accept Rate=49.4% | Improvements: 124/2167 (5.7%) | Refine: 3207814/3505704 (91.5%) | Explore: 1380732/1502233 (91.9%)
T=3.45 | W=100.4um | Current HPWL=1958075.14 um | Best HPWL=1256322.32 um | Accept Rate=51.2% | Improvements: 112/2167 (5.2%) | Refine: 3217158/3521051 (91.4%) | Explore: 1382510/1508556 (91.6%)
T=3.14 | W=100.4um | Current HPWL=1930694.02 um | Best HPWL=1256322.32 um | Accept Rate=50.4% | Improvements: 126/2167 (5.8%) | Refine: 3226353/3536131 (91.2%) | Explore: 1384287/1515146 (91.4%)
T=2.85 | W=100.4um | Current HPWL=1903049.78 um | Best HPWL=1256322.32 um | Accept Rate=52.0% | Improvements: 106/2167 (4.9%) | Refine: 3235567/3551300 (91.1%) | Explore: 1386003/1521647 (91.1%)
T=2.60 | W=100.4um | Current HPWL=1874530.08 um | Best HPWL=1256322.32 um | Accept Rate=51.0% | Improvements: 138/2167 (6.4%) | Refine: 3244830/3566533 (91.0%) | Explore: 1387644/1528084 (90.8%)
T=2.36 | W=100.4um | Current HPWL=1848698.40 um | Best HPWL=1256322.32 um | Accept Rate=50.6% | Improvements: 102/2167 (4.7%) | Refine: 3254109/3581691 (90.9%) | Explore: 1389255/1534596 (90.5%)
T=2.15 | W=100.4um | Current HPWL=1823852.99 um | Best HPWL=1256322.32 um | Accept Rate=50.0% | Improvements: 123/2167 (5.7%) | Refine: 3263310/3596834 (90.7%) | Explore: 1390870/1541123 (90.3%)
T=1.95 | W=100.4um | Current HPWL=1798652.15 um | Best HPWL=1256322.32 um | Accept Rate=47.7% | Improvements: 96/2167 (4.4%) | Refine: 3272525/3612040 (90.6%) | Explore: 1392451/1547587 (90.0%)
T=1.78 | W=100.4um | Current HPWL=1775902.49 um | Best HPWL=1256322.32 um | Accept Rate=51.1% | Improvements: 112/2167 (5.2%) | Refine: 3281834/3627170 (90.5%) | Explore: 1394011/1554127 (89.7%)
