Startpoint: T22Y36__R1_DFBBP_0 (rising edge-triggered flip-flop clocked by clk)
Endpoint: T17Y45__R3_DFBBP_0 (rising edge-triggered flip-flop clocked by clk)
Path Group: clk
Path Type: max

Fanout     Cap    Slew   Delay    Time   Description
-----------------------------------------------------------------------------
                          0.00    0.00   clock clk (rise edge)
                          0.00    0.00   clock source latency
   143    0.27    0.00    0.00    0.00 ^ clk (in)
                                         clk (net)
                  0.00    0.00    0.00 ^ T22Y36__R1_DFBBP_0/CLK (sky130_fd_sc_hd__dfbbp_1)
     3    0.01    0.08    0.51    0.51 ^ T22Y36__R1_DFBBP_0/Q (sky130_fd_sc_hd__dfbbp_1)
                                         n1383 (net)
                  0.08    0.00    0.51 ^ T22Y36__R2_OR_0/A (sky130_fd_sc_hd__or2_2)
    17    0.03    0.16    0.21    0.72 ^ T22Y36__R2_OR_0/X (sky130_fd_sc_hd__or2_2)
                                         n614 (net)
                  0.16    0.00    0.72 ^ T20Y40__R0_OR_1/B (sky130_fd_sc_hd__or2_2)
    21    0.07    0.38    0.38    1.10 ^ T20Y40__R0_OR_1/X (sky130_fd_sc_hd__or2_2)
                                         n1274 (net)
                  0.38    0.00    1.10 ^ T20Y44__R0_INV_0/A (sky130_fd_sc_hd__clkinv_2)
     2    0.00    0.07    0.08    1.18 v T20Y44__R0_INV_0/Y (sky130_fd_sc_hd__clkinv_2)
                                         n2156 (net)
                  0.07    0.00    1.18 v T20Y42__R2_OR_0/A (sky130_fd_sc_hd__or2_2)
     1    0.00    0.05    0.29    1.47 v T20Y42__R2_OR_0/X (sky130_fd_sc_hd__or2_2)
                                         n2160 (net)
                  0.05    0.00    1.47 v T20Y42__R2_OR_1/B (sky130_fd_sc_hd__or2_2)
     4    0.01    0.08    0.31    1.78 v T20Y42__R2_OR_1/X (sky130_fd_sc_hd__or2_2)
                                         n603 (net)
                  0.08    0.00    1.78 v T20Y38__R2_OR_1/A (sky130_fd_sc_hd__or2_2)
     2    0.00    0.05    0.30    2.08 v T20Y38__R2_OR_1/X (sky130_fd_sc_hd__or2_2)
                                         n2169 (net)
                  0.05    0.00    2.08 v T20Y33__R2_OR_2/A (sky130_fd_sc_hd__or2_2)
     2    0.00    0.05    0.29    2.37 v T20Y33__R2_OR_2/X (sky130_fd_sc_hd__or2_2)
                                         n2170 (net)
                  0.05    0.00    2.37 v T20Y33__R2_OR_1/A (sky130_fd_sc_hd__or2_2)
     1    0.00    0.06    0.30    2.67 v T20Y33__R2_OR_1/X (sky130_fd_sc_hd__or2_2)
                                         n2174 (net)
                  0.06    0.00    2.67 v T20Y34__R0_NAND_3/A (sky130_fd_sc_hd__nand2_2)
    16    0.06    0.31    0.25    2.92 ^ T20Y34__R0_NAND_3/Y (sky130_fd_sc_hd__nand2_2)
                                         n588 (net)
                  0.31    0.00    2.92 ^ T19Y53__R2_OR_0/A (sky130_fd_sc_hd__or2_2)
     8    0.01    0.08    0.21    3.13 ^ T19Y53__R2_OR_0/X (sky130_fd_sc_hd__or2_2)
                                         n715 (net)
                  0.08    0.00    3.13 ^ T19Y54__R2_OR_0/B (sky130_fd_sc_hd__or2_2)
     1    0.00    0.04    0.11    3.24 ^ T19Y54__R2_OR_0/X (sky130_fd_sc_hd__or2_2)
                                         n716 (net)
                  0.04    0.00    3.24 ^ T19Y54__R0_NAND_3/B (sky130_fd_sc_hd__nand2_2)
     1    0.00    0.02    0.04    3.27 v T19Y54__R0_NAND_3/Y (sky130_fd_sc_hd__nand2_2)
                                         n717 (net)
                  0.02    0.00    3.27 v T18Y52__R2_OR_3/B (sky130_fd_sc_hd__or2_2)
     3    0.00    0.06    0.27    3.54 v T18Y52__R2_OR_3/X (sky130_fd_sc_hd__or2_2)
                                         n718 (net)
                  0.06    0.00    3.54 v T17Y43__R2_OR_2/A (sky130_fd_sc_hd__or2_2)
     1    0.00    0.06    0.30    3.84 v T17Y43__R2_OR_2/X (sky130_fd_sc_hd__or2_2)
                                         n1815 (net)
                  0.06    0.00    3.84 v T17Y43__R1_NAND_1/A (sky130_fd_sc_hd__nand2_2)
     3    0.01    0.07    0.08    3.93 ^ T17Y43__R1_NAND_1/Y (sky130_fd_sc_hd__nand2_2)
                                         n1824 (net)
                  0.07    0.00    3.93 ^ T15Y41__R3_NAND_2/B (sky130_fd_sc_hd__nand2_2)
     1    0.00    0.05    0.05    3.98 v T15Y41__R3_NAND_2/Y (sky130_fd_sc_hd__nand2_2)
                                         n1844 (net)
                  0.05    0.00    3.98 v T15Y41__R3_NAND_1/A (sky130_fd_sc_hd__nand2_2)
     2    0.01    0.05    0.06    4.04 ^ T15Y41__R3_NAND_1/Y (sky130_fd_sc_hd__nand2_2)
                                         n1862 (net)
                  0.05    0.00    4.04 ^ T14Y41__R0_OR_2/B (sky130_fd_sc_hd__or2_2)
     1    0.00    0.04    0.10    4.15 ^ T14Y41__R0_OR_2/X (sky130_fd_sc_hd__or2_2)
                                         n1864 (net)
                  0.04    0.00    4.15 ^ T15Y41__R0_NAND_0/B (sky130_fd_sc_hd__nand2_2)
     2    0.01    0.04    0.05    4.20 v T15Y41__R0_NAND_0/Y (sky130_fd_sc_hd__nand2_2)
                                         n1865 (net)
                  0.04    0.00    4.20 v T15Y40__R2_OR_0/A (sky130_fd_sc_hd__or2_2)
     2    0.01    0.07    0.31    4.51 v T15Y40__R2_OR_0/X (sky130_fd_sc_hd__or2_2)
                                         n1871 (net)
                  0.07    0.00    4.51 v T15Y41__R0_NAND_1/B (sky130_fd_sc_hd__nand2_2)
     2    0.01    0.05    0.08    4.59 ^ T15Y41__R0_NAND_1/Y (sky130_fd_sc_hd__nand2_2)
                                         n1872 (net)
                  0.05    0.00    4.59 ^ T14Y43__R2_NAND_2/A (sky130_fd_sc_hd__nand2_2)
     2    0.01    0.05    0.06    4.65 v T14Y43__R2_NAND_2/Y (sky130_fd_sc_hd__nand2_2)
                                         n1876 (net)
                  0.05    0.00    4.65 v T14Y44__R0_NAND_2/B (sky130_fd_sc_hd__nand2_2)
     2    0.01    0.05    0.07    4.71 ^ T14Y44__R0_NAND_2/Y (sky130_fd_sc_hd__nand2_2)
                                         n1877 (net)
                  0.05    0.00    4.71 ^ T14Y45__R3_NAND_1/A (sky130_fd_sc_hd__nand2_2)
     2    0.01    0.04    0.06    4.77 v T14Y45__R3_NAND_1/Y (sky130_fd_sc_hd__nand2_2)
                                         n1881 (net)
                  0.04    0.00    4.77 v T14Y46__R2_NAND_2/B (sky130_fd_sc_hd__nand2_2)
     2    0.01    0.05    0.07    4.84 ^ T14Y46__R2_NAND_2/Y (sky130_fd_sc_hd__nand2_2)
                                         n1882 (net)
                  0.05    0.00    4.84 ^ T14Y47__R2_OR_0/B (sky130_fd_sc_hd__or2_2)
     1    0.00    0.04    0.10    4.94 ^ T14Y47__R2_OR_0/X (sky130_fd_sc_hd__or2_2)
                                         n1884 (net)
                  0.04    0.00    4.94 ^ T14Y48__R0_NAND_3/B (sky130_fd_sc_hd__nand2_2)
     2    0.01    0.04    0.05    4.99 v T14Y48__R0_NAND_3/Y (sky130_fd_sc_hd__nand2_2)
                                         n1885 (net)
                  0.04    0.00    4.99 v T14Y47__R2_OR_1/A (sky130_fd_sc_hd__or2_2)
     1    0.00    0.06    0.29    5.29 v T14Y47__R2_OR_1/X (sky130_fd_sc_hd__or2_2)
                                         n1895 (net)
                  0.06    0.00    5.29 v T14Y47__R2_NAND_0/A (sky130_fd_sc_hd__nand2_2)
     3    0.01    0.07    0.08    5.37 ^ T14Y47__R2_NAND_0/Y (sky130_fd_sc_hd__nand2_2)
                                         n1898 (net)
                  0.07    0.00    5.37 ^ T14Y47__R0_NAND_2/A (sky130_fd_sc_hd__nand2_2)
     2    0.01    0.05    0.06    5.43 v T14Y47__R0_NAND_2/Y (sky130_fd_sc_hd__nand2_2)
                                         n1902 (net)
                  0.05    0.00    5.43 v T14Y47__R0_NAND_0/B (sky130_fd_sc_hd__nand2_2)
     2    0.01    0.05    0.07    5.50 ^ T14Y47__R0_NAND_0/Y (sky130_fd_sc_hd__nand2_2)
                                         n1903 (net)
                  0.05    0.00    5.50 ^ T14Y46__R0_NAND_0/A (sky130_fd_sc_hd__nand2_2)
     2    0.01    0.04    0.06    5.56 v T14Y46__R0_NAND_0/Y (sky130_fd_sc_hd__nand2_2)
                                         n1907 (net)
                  0.04    0.00    5.56 v T14Y45__R1_NAND_0/B (sky130_fd_sc_hd__nand2_2)
     2    0.01    0.05    0.07    5.63 ^ T14Y45__R1_NAND_0/Y (sky130_fd_sc_hd__nand2_2)
                                         n1908 (net)
                  0.05    0.00    5.63 ^ T14Y45__R0_NAND_0/A (sky130_fd_sc_hd__nand2_2)
     2    0.01    0.04    0.06    5.68 v T14Y45__R0_NAND_0/Y (sky130_fd_sc_hd__nand2_2)
                                         n1912 (net)
                  0.04    0.00    5.68 v T14Y44__R2_NAND_0/B (sky130_fd_sc_hd__nand2_2)
     3    0.01    0.06    0.07    5.76 ^ T14Y44__R2_NAND_0/Y (sky130_fd_sc_hd__nand2_2)
                                         n1913 (net)
                  0.06    0.00    5.76 ^ T13Y42__R2_OR_3/A (sky130_fd_sc_hd__or2_2)
     1    0.00    0.04    0.11    5.86 ^ T13Y42__R2_OR_3/X (sky130_fd_sc_hd__or2_2)
                                         n1918 (net)
                  0.04    0.00    5.86 ^ T14Y42__R2_NAND_1/B (sky130_fd_sc_hd__nand2_2)
     1    0.00    0.02    0.04    5.90 v T14Y42__R2_NAND_1/Y (sky130_fd_sc_hd__nand2_2)
                                         n1919 (net)
                  0.02    0.00    5.90 v T14Y42__R2_OR_0/B (sky130_fd_sc_hd__or2_2)
     2    0.01    0.07    0.29    6.19 v T14Y42__R2_OR_0/X (sky130_fd_sc_hd__or2_2)
                                         n1920 (net)
                  0.07    0.00    6.19 v T14Y43__R0_NAND_3/A (sky130_fd_sc_hd__nand2_2)
     1    0.00    0.05    0.07    6.25 ^ T14Y43__R0_NAND_3/Y (sky130_fd_sc_hd__nand2_2)
                                         n1979 (net)
                  0.05    0.00    6.25 ^ T16Y43__R0_NAND_0/B (sky130_fd_sc_hd__nand2_2)
     1    0.00    0.03    0.05    6.30 v T16Y43__R0_NAND_0/Y (sky130_fd_sc_hd__nand2_2)
                                         n1980 (net)
                  0.03    0.00    6.30 v T16Y45__R0_NAND_4/B (sky130_fd_sc_hd__nand2_2)
     1    0.01    0.05    0.06    6.36 ^ T16Y45__R0_NAND_4/Y (sky130_fd_sc_hd__nand2_2)
                                         n1981 (net)
                  0.05    0.00    6.36 ^ T17Y45__R2_INV_0/A (sky130_fd_sc_hd__clkinv_2)
     1    0.00    0.02    0.03    6.40 v T17Y45__R2_INV_0/Y (sky130_fd_sc_hd__clkinv_2)
                                         n1982 (net)
                  0.02    0.00    6.40 v T17Y45__R3_DFBBP_0/D (sky130_fd_sc_hd__dfbbp_1)
                                  6.40   data arrival time

                         60.00   60.00   clock clk (rise edge)
                          0.00   60.00   clock source latency
   143    0.27    0.00    0.00   60.00 ^ clk (in)
                                         clk (net)
                  0.00    0.00   60.00 ^ T17Y45__R3_DFBBP_0/CLK (sky130_fd_sc_hd__dfbbp_1)
                         -0.25   59.75   clock uncertainty
                          0.00   59.75   clock reconvergence pessimism
                         -0.18   59.57   library setup time
                                 59.57   data required time
-----------------------------------------------------------------------------
                                 59.57   data required time
                                 -6.40   data arrival time
-----------------------------------------------------------------------------
                                 53.18   slack (MET)


