# Log file for: designs/arith_mapped.json
# Configuration: {'alpha': 0.8, 'moves': 200, 't_final': 0.001}
# Start time: 2025-11-23T05:44:38.889004
# Command: /home/mohab/Downloads/work/venv/bin/python placer.py --design designs/arith_mapped.json --fabric-cells fabric/fabric_cells.yaml --pins fabric/pins.yaml --output build/arith/sa_alpha0.8_moves200_Tfinal0.001 --sa-alpha 0.8 --sa-moves 200 --sa-T-final 0.001 --seed 2106759531
================================================================================

Random seed set to: 2106759531
Validating design against fabric...
============================================================
Fabric Utilization Report
============================================================
sky130_fd_sc_hd__clkbuf_4: 67/9720 used (0.7%)
sky130_fd_sc_hd__clkinv_2: 68/12960 used (0.5%)
sky130_fd_sc_hd__conb_1: 3/9720 used (0.0%)
sky130_fd_sc_hd__decap_3: 0/9720 used (0.0%)
sky130_fd_sc_hd__decap_4: 0/9720 used (0.0%)
sky130_fd_sc_hd__dfbbp_1: 11/6480 used (0.2%)
sky130_fd_sc_hd__nand2_2: 187/48600 used (0.4%)
sky130_fd_sc_hd__or2_2: 127/25920 used (0.5%)
sky130_fd_sc_hd__tapvpwrvgnd_1: 0/25920 used (0.0%)
============================================================

VALIDATION PASSED: Design can be built on this fabric.

Validation passed. Proceeding with placement...

Loading fabric and design data...
Building optimization indices...
Using linear search for slot finding

Placing cells connected to I/O pins...

Placing I/O cells:   0%|          | 0/188 [00:00<?, ?it/s]
Placing I/O cells:   2%|▏         | 4/188 [00:00<00:04, 39.44it/s]
Placing I/O cells:   4%|▍         | 8/188 [00:00<00:04, 36.25it/s]
Placing I/O cells:   7%|▋         | 13/188 [00:00<00:04, 41.05it/s]
Placing I/O cells:  10%|▉         | 18/188 [00:00<00:04, 34.83it/s]
Placing I/O cells:  12%|█▏        | 23/188 [00:00<00:04, 36.27it/s]
Placing I/O cells:  14%|█▍        | 27/188 [00:00<00:04, 36.23it/s]
Placing I/O cells:  17%|█▋        | 32/188 [00:00<00:04, 36.60it/s]
Placing I/O cells:  20%|█▉        | 37/188 [00:00<00:03, 39.65it/s]
Placing I/O cells:  22%|██▏       | 42/188 [00:01<00:03, 41.42it/s]
Placing I/O cells:  25%|██▌       | 47/188 [00:01<00:03, 40.58it/s]
Placing I/O cells:  28%|██▊       | 52/188 [00:01<00:03, 42.62it/s]
Placing I/O cells:  32%|███▏      | 60/188 [00:01<00:02, 46.81it/s]
Placing I/O cells:  35%|███▍      | 65/188 [00:01<00:02, 44.91it/s]
Placing I/O cells:  37%|███▋      | 70/188 [00:01<00:02, 44.50it/s]
Placing I/O cells:  40%|████      | 76/188 [00:01<00:02, 48.10it/s]
Placing I/O cells:  43%|████▎     | 81/188 [00:01<00:02, 44.05it/s]
Placing I/O cells:  46%|████▋     | 87/188 [00:02<00:02, 43.68it/s]
Placing I/O cells:  49%|████▉     | 92/188 [00:02<00:02, 40.55it/s]
Placing I/O cells:  52%|█████▏    | 97/188 [00:02<00:02, 38.08it/s]
Placing I/O cells:  54%|█████▍    | 102/188 [00:02<00:02, 40.16it/s]
Placing I/O cells:  57%|█████▋    | 107/188 [00:02<00:01, 41.98it/s]
Placing I/O cells:  60%|██████    | 113/188 [00:02<00:01, 44.16it/s]
Placing I/O cells:  63%|██████▎   | 118/188 [00:02<00:01, 43.31it/s]
Placing I/O cells:  66%|██████▌   | 124/188 [00:02<00:01, 45.78it/s]
Placing I/O cells:  69%|██████▊   | 129/188 [00:03<00:01, 44.34it/s]
Placing I/O cells:  71%|███████▏  | 134/188 [00:03<00:01, 42.30it/s]
Placing I/O cells:  76%|███████▌  | 142/188 [00:03<00:00, 51.02it/s]
Placing I/O cells:  79%|███████▊  | 148/188 [00:03<00:00, 49.34it/s]
Placing I/O cells:  82%|████████▏ | 154/188 [00:03<00:00, 50.21it/s]
Placing I/O cells:  85%|████████▌ | 160/188 [00:03<00:00, 50.44it/s]
Placing I/O cells:  88%|████████▊ | 166/188 [00:03<00:00, 43.03it/s]
Placing I/O cells:  91%|█████████ | 171/188 [00:04<00:00, 39.52it/s]
Placing I/O cells:  94%|█████████▍| 177/188 [00:04<00:00, 40.35it/s]
Placing I/O cells:  97%|█████████▋| 182/188 [00:04<00:00, 41.86it/s]
Placing I/O cells:  99%|█████████▉| 187/188 [00:04<00:00, 43.13it/s]
Placing I/O cells: 100%|██████████| 188/188 [00:04<00:00, 42.82it/s]
Placed 188 cells connected to I/O pins.

Placing remaining cells using optimized greedy barycenter algorithm...
Computing initial cell scores...

Initial scoring:   0%|          | 0/275 [00:00<?, ?it/s]
Initial scoring: 100%|██████████| 275/275 [00:00<00:00, 24107.71it/s]
Placing cells with incremental updates...

Placing remaining cells:   0%|          | 0/275 [00:00<?, ?it/s]
Placing remaining cells:   2%|▏         | 5/275 [00:00<00:06, 40.21it/s]
Placing remaining cells:   4%|▎         | 10/275 [00:00<00:08, 32.97it/s]
Placing remaining cells:   5%|▌         | 14/275 [00:00<00:07, 32.97it/s]
Placing remaining cells:   7%|▋         | 18/275 [00:00<00:07, 34.13it/s]
Placing remaining cells:   8%|▊         | 22/275 [00:00<00:08, 31.38it/s]
Placing remaining cells:   9%|▉         | 26/275 [00:00<00:08, 30.21it/s]
Placing remaining cells:  11%|█         | 30/275 [00:00<00:08, 27.81it/s]
Placing remaining cells:  12%|█▏        | 33/275 [00:01<00:09, 25.70it/s]
Placing remaining cells:  13%|█▎        | 36/275 [00:01<00:09, 25.95it/s]
Placing remaining cells:  14%|█▍        | 39/275 [00:01<00:09, 24.30it/s]
Placing remaining cells:  15%|█▌        | 42/275 [00:01<00:09, 23.37it/s]
Placing remaining cells:  17%|█▋        | 47/275 [00:01<00:08, 28.10it/s]
Placing remaining cells:  19%|█▊        | 51/275 [00:01<00:07, 29.44it/s]
Placing remaining cells:  20%|█▉        | 54/275 [00:01<00:07, 28.00it/s]
Placing remaining cells:  21%|██        | 57/275 [00:02<00:08, 25.70it/s]
Placing remaining cells:  22%|██▏       | 60/275 [00:02<00:08, 25.47it/s]
Placing remaining cells:  23%|██▎       | 63/275 [00:02<00:08, 23.95it/s]
Placing remaining cells:  24%|██▍       | 67/275 [00:02<00:07, 27.08it/s]
Placing remaining cells:  26%|██▌       | 72/275 [00:02<00:06, 31.78it/s]
Placing remaining cells:  28%|██▊       | 76/275 [00:02<00:06, 32.02it/s]
Placing remaining cells:  29%|██▉       | 81/275 [00:02<00:05, 33.45it/s]
Placing remaining cells:  31%|███▏      | 86/275 [00:02<00:05, 36.84it/s]
Placing remaining cells:  33%|███▎      | 90/275 [00:03<00:06, 30.21it/s]
Placing remaining cells:  34%|███▍      | 94/275 [00:03<00:06, 27.77it/s]
Placing remaining cells:  35%|███▌      | 97/275 [00:03<00:06, 25.65it/s]
Placing remaining cells:  36%|███▋      | 100/275 [00:03<00:07, 24.21it/s]
Placing remaining cells:  37%|███▋      | 103/275 [00:03<00:07, 23.20it/s]
Placing remaining cells:  39%|███▊      | 106/275 [00:03<00:07, 24.06it/s]
Placing remaining cells:  40%|███▉      | 109/275 [00:03<00:06, 24.24it/s]
Placing remaining cells:  41%|████      | 112/275 [00:04<00:06, 24.33it/s]
Placing remaining cells:  42%|████▏     | 115/275 [00:04<00:06, 23.17it/s]
Placing remaining cells:  43%|████▎     | 118/275 [00:04<00:07, 22.43it/s]
Placing remaining cells:  44%|████▍     | 122/275 [00:04<00:06, 24.60it/s]
Placing remaining cells:  46%|████▌     | 126/275 [00:04<00:05, 27.58it/s]
Placing remaining cells:  47%|████▋     | 129/275 [00:04<00:05, 25.54it/s]
Placing remaining cells:  48%|████▊     | 132/275 [00:04<00:05, 25.26it/s]
Placing remaining cells:  49%|████▉     | 136/275 [00:04<00:04, 28.26it/s]
Placing remaining cells:  51%|█████     | 139/275 [00:05<00:04, 27.76it/s]
Placing remaining cells:  52%|█████▏    | 142/275 [00:05<00:05, 25.35it/s]
Placing remaining cells:  53%|█████▎    | 145/275 [00:05<00:05, 25.68it/s]
Placing remaining cells:  54%|█████▍    | 148/275 [00:05<00:05, 23.99it/s]
Placing remaining cells:  56%|█████▌    | 153/275 [00:05<00:04, 30.00it/s]
Placing remaining cells:  58%|█████▊    | 159/275 [00:05<00:03, 37.14it/s]
Placing remaining cells:  60%|██████    | 166/275 [00:05<00:02, 44.67it/s]
Placing remaining cells:  63%|██████▎   | 172/275 [00:05<00:02, 48.18it/s]
Placing remaining cells:  65%|██████▌   | 179/275 [00:06<00:01, 54.07it/s]
Placing remaining cells:  68%|██████▊   | 186/275 [00:06<00:01, 55.61it/s]
Placing remaining cells:  70%|██████▉   | 192/275 [00:06<00:01, 43.36it/s]
Placing remaining cells:  72%|███████▏  | 197/275 [00:06<00:02, 37.58it/s]
Placing remaining cells:  74%|███████▍  | 203/275 [00:06<00:01, 41.76it/s]
Placing remaining cells:  76%|███████▋  | 210/275 [00:06<00:01, 47.21it/s]
Placing remaining cells:  79%|███████▊  | 216/275 [00:06<00:01, 48.60it/s]
Placing remaining cells:  81%|████████▏ | 224/275 [00:06<00:00, 56.08it/s]
Placing remaining cells:  85%|████████▌ | 235/275 [00:07<00:00, 69.53it/s]
Placing remaining cells:  89%|████████▉ | 245/275 [00:07<00:00, 76.45it/s]
Placing remaining cells:  93%|█████████▎| 255/275 [00:07<00:00, 81.22it/s]
Placing remaining cells:  96%|█████████▌| 264/275 [00:07<00:00, 83.06it/s]
Placing remaining cells:  99%|█████████▉| 273/275 [00:07<00:00, 84.41it/s]
Placing remaining cells: 100%|██████████| 275/275 [00:07<00:00, 36.68it/s]

Placed 275 remaining cells.

Placement Summary: 463/463 cells placed (100.0%)

============================================================
Simulated Annealing Optimization
============================================================
Initial HPWL: 167199.00 um
Initial Temperature: 1671990000.00
Cooling Rate (alpha): 0.8
Moves per Temperature: 200
Final Temperature: 0.001
Initial Window Size: 501.80 um
Window Cooling Rate (beta): 0.98
Move Probabilities: Refine=70.0%, Explore=30.0%
============================================================

T=1671990000.00 | W=501.8um | Current HPWL=219673.74 um | Best HPWL=167199.00 um | Accept Rate=100.0% | Improvements: 19/200 (9.5%) | Refine: 132/132 (100.0%) | Explore: 68/68 (100.0%)
T=179528559.23 | W=410.0um | Current HPWL=368123.89 um | Best HPWL=167199.00 um | Accept Rate=100.0% | Improvements: 48/200 (24.0%) | Refine: 1554/1554 (100.0%) | Explore: 646/646 (100.0%)
T=19276732.26 | W=335.0um | Current HPWL=384478.64 um | Best HPWL=167199.00 um | Accept Rate=100.0% | Improvements: 43/200 (21.5%) | Refine: 2975/2975 (100.0%) | Explore: 1225/1225 (100.0%)
T=2069823.37 | W=273.7um | Current HPWL=369270.55 um | Best HPWL=167199.00 um | Accept Rate=100.0% | Improvements: 58/200 (29.0%) | Refine: 4378/4378 (100.0%) | Explore: 1822/1822 (100.0%)
T=222245.59 | W=223.7um | Current HPWL=385372.33 um | Best HPWL=167199.00 um | Accept Rate=100.0% | Improvements: 48/200 (24.0%) | Refine: 5776/5776 (100.0%) | Explore: 2424/2424 (100.0%)
T=23863.44 | W=182.7um | Current HPWL=393193.31 um | Best HPWL=167199.00 um | Accept Rate=100.0% | Improvements: 49/200 (24.5%) | Refine: 7150/7154 (99.9%) | Explore: 3046/3046 (100.0%)
T=2562.32 | W=149.3um | Current HPWL=383682.46 um | Best HPWL=167199.00 um | Accept Rate=95.5% | Improvements: 41/200 (20.5%) | Refine: 8561/8580 (99.8%) | Explore: 3616/3620 (99.9%)
T=275.13 | W=122.0um | Current HPWL=347691.45 um | Best HPWL=167199.00 um | Accept Rate=88.0% | Improvements: 47/200 (23.5%) | Refine: 9815/9954 (98.6%) | Explore: 4209/4246 (99.1%)
T=29.54 | W=100.4um | Current HPWL=298981.44 um | Best HPWL=167199.00 um | Accept Rate=76.0% | Improvements: 37/200 (18.5%) | Refine: 10940/11347 (96.4%) | Explore: 4670/4853 (96.2%)
T=3.17 | W=100.4um | Current HPWL=270462.64 um | Best HPWL=167199.00 um | Accept Rate=71.0% | Improvements: 42/200 (21.0%) | Refine: 11984/12699 (94.4%) | Explore: 5047/5501 (91.7%)
T=0.34 | W=100.4um | Current HPWL=254481.52 um | Best HPWL=167199.00 um | Accept Rate=65.0% | Improvements: 35/200 (17.5%) | Refine: 13033/14097 (92.5%) | Explore: 5340/6103 (87.5%)
T=0.04 | W=100.4um | Current HPWL=239413.76 um | Best HPWL=167199.00 um | Accept Rate=68.0% | Improvements: 24/200 (12.0%) | Refine: 14075/15493 (90.8%) | Explore: 5627/6707 (83.9%)
T=0.00 | W=100.4um | Current HPWL=224414.48 um | Best HPWL=167199.00 um | Accept Rate=65.5% | Improvements: 29/200 (14.5%) | Refine: 15100/16874 (89.5%) | Explore: 5898/7326 (80.5%)
T=0.00 | W=100.4um | Current HPWL=218440.30 um | Best HPWL=167199.00 um | Accept Rate=68.5% | Improvements: 39/200 (19.5%) | Refine: 15504/17410 (89.1%) | Explore: 6014/7590 (79.2%)
T=0.00 | W=100.4um | Current HPWL=217158.22 um | Best HPWL=167199.00 um | Accept Rate=64.0% | Improvements: 24/200 (12.0%) | Refine: 15608/17549 (88.9%) | Explore: 6038/7651 (78.9%)
T=0.00 | W=100.4um | Current HPWL=216183.76 um | Best HPWL=167199.00 um | Accept Rate=65.5% | Improvements: 29/200 (14.5%) | Refine: 15709/17688 (88.8%) | Explore: 6068/7712 (78.7%)

============================================================
SA Optimization Complete
============================================================
Initial HPWL: 167199.00 um
Final Total HPWL: 167199.00 um
Improvement: 0.00 um (0.00%)
Total Iterations: 127
============================================================


Placement map written to: build/arith/sa_alpha0.8_moves200_Tfinal0.001/arith.map
Total instances: 463

Placement saved to build/arith/sa_alpha0.8_moves200_Tfinal0.001/arith_placement.json

============================================================
Placement Summary
============================================================
Final Total HPWL: 167199.00 um
Total Instances: 463
============================================================

Placement completed successfully!
Map file: build/arith/sa_alpha0.8_moves200_Tfinal0.001/arith.map
JSON file: build/arith/sa_alpha0.8_moves200_Tfinal0.001/arith_placement.json

================================================================================
# End time: 2025-11-23T05:44:38.889074
# Return code: 0
