Startpoint: T14Y58__R1_DFBBP_0 (rising edge-triggered flip-flop clocked by clk)
Endpoint: T11Y68__R3_DFBBP_0 (rising edge-triggered flip-flop clocked by clk)
Path Group: clk
Path Type: max

Fanout     Cap    Slew   Delay    Time   Description
-----------------------------------------------------------------------------
                          0.00    0.00   clock clk (rise edge)
                          0.00    0.00   clock source latency
    11    0.02    0.00    0.00    0.00 ^ clk (in)
                                         clk (net)
                  0.00    0.00    0.00 ^ T14Y58__R1_DFBBP_0/CLK (sky130_fd_sc_hd__dfbbp_1)
     6    0.02    0.19    0.58    0.58 ^ T14Y58__R1_DFBBP_0/Q (sky130_fd_sc_hd__dfbbp_1)
                                         n125 (net)
                  0.19    0.00    0.58 ^ T14Y58__R1_NAND_2/A (sky130_fd_sc_hd__nand2_2)
     2    0.01    0.06    0.07    0.66 v T14Y58__R1_NAND_2/Y (sky130_fd_sc_hd__nand2_2)
                                         n164 (net)
                  0.06    0.00    0.66 v T14Y58__R2_OR_0/B (sky130_fd_sc_hd__or2_2)
     3    0.01    0.08    0.30    0.96 v T14Y58__R2_OR_0/X (sky130_fd_sc_hd__or2_2)
                                         n165 (net)
                  0.08    0.00    0.96 v T11Y68__R2_OR_3/B (sky130_fd_sc_hd__or2_2)
     1    0.00    0.06    0.29    1.25 v T11Y68__R2_OR_3/X (sky130_fd_sc_hd__or2_2)
                                         n170 (net)
                  0.06    0.00    1.25 v T11Y69__R0_NAND_4/B (sky130_fd_sc_hd__nand2_2)
     1    0.00    0.03    0.06    1.31 ^ T11Y69__R0_NAND_4/Y (sky130_fd_sc_hd__nand2_2)
                                         n171 (net)
                  0.03    0.00    1.31 ^ T11Y68__R3_DFBBP_0/D (sky130_fd_sc_hd__dfbbp_1)
                                  1.31   data arrival time

                         60.00   60.00   clock clk (rise edge)
                          0.00   60.00   clock source latency
    11    0.02    0.00    0.00   60.00 ^ clk (in)
                                         clk (net)
                  0.00    0.00   60.00 ^ T11Y68__R3_DFBBP_0/CLK (sky130_fd_sc_hd__dfbbp_1)
                         -0.25   59.75   clock uncertainty
                          0.00   59.75   clock reconvergence pessimism
                         -0.08   59.67   library setup time
                                 59.67   data required time
-----------------------------------------------------------------------------
                                 59.67   data required time
                                 -1.31   data arrival time
-----------------------------------------------------------------------------
                                 58.36   slack (MET)


