
============================================================
Simulated Annealing Optimization
============================================================
Initial HPWL: 1256322.32 um
Initial Temperature: 12563223200.00
Cooling Rate (alpha): 0.9883333333333333
Moves per Temperature: 2000
Final Temperature: 0.001
Initial Window Size: 501.80 um
Window Cooling Rate (beta): 0.98
Move Probabilities: Refine=70.0%, Explore=30.0%
============================================================

T=12563223200.00 | W=501.8um | Current HPWL=2032754.33 um | Best HPWL=1256322.32 um | Accept Rate=100.0% | Improvements: 72/2000 (3.6%) | Refine: 1400/1400 (100.0%) | Explore: 600/600 (100.0%)
T=11172117776.45 | W=410.0um | Current HPWL=4275911.05 um | Best HPWL=1256322.32 um | Accept Rate=100.0% | Improvements: 475/2000 (23.8%) | Refine: 15298/15298 (100.0%) | Explore: 6702/6702 (100.0%)
T=9935047210.73 | W=335.0um | Current HPWL=4700671.51 um | Best HPWL=1256322.32 um | Accept Rate=100.0% | Improvements: 491/2000 (24.6%) | Refine: 29260/29260 (100.0%) | Explore: 12740/12740 (100.0%)
T=8834955471.69 | W=273.7um | Current HPWL=4879538.17 um | Best HPWL=1256322.32 um | Accept Rate=100.0% | Improvements: 556/2000 (27.8%) | Refine: 43210/43210 (100.0%) | Explore: 18790/18790 (100.0%)
T=7856675114.98 | W=223.7um | Current HPWL=5048859.86 um | Best HPWL=1256322.32 um | Accept Rate=100.0% | Improvements: 546/2000 (27.3%) | Refine: 57149/57149 (100.0%) | Explore: 24851/24851 (100.0%)
T=6986718162.89 | W=182.7um | Current HPWL=5100791.44 um | Best HPWL=1256322.32 um | Accept Rate=100.0% | Improvements: 576/2000 (28.8%) | Refine: 71169/71169 (100.0%) | Explore: 30831/30831 (100.0%)
T=6213090139.69 | W=149.3um | Current HPWL=5159333.64 um | Best HPWL=1256322.32 um | Accept Rate=100.0% | Improvements: 559/2000 (28.0%) | Refine: 85042/85042 (100.0%) | Explore: 36958/36958 (100.0%)
T=5525124698.60 | W=122.0um | Current HPWL=5187460.47 um | Best HPWL=1256322.32 um | Accept Rate=100.0% | Improvements: 563/2000 (28.1%) | Refine: 99039/99039 (100.0%) | Explore: 42961/42961 (100.0%)
T=4913336560.19 | W=100.4um | Current HPWL=5214965.95 um | Best HPWL=1256322.32 um | Accept Rate=100.0% | Improvements: 578/2000 (28.9%) | Refine: 112879/112879 (100.0%) | Explore: 49121/49121 (100.0%)
T=4369290734.70 | W=100.4um | Current HPWL=5231122.99 um | Best HPWL=1256322.32 um | Accept Rate=100.0% | Improvements: 589/2000 (29.4%) | Refine: 126950/126950 (100.0%) | Explore: 55050/55050 (100.0%)
T=3885486225.20 | W=100.4um | Current HPWL=5265951.79 um | Best HPWL=1256322.32 um | Accept Rate=100.0% | Improvements: 575/2000 (28.7%) | Refine: 140981/140981 (100.0%) | Explore: 61019/61019 (100.0%)
T=3455252608.00 | W=100.4um | Current HPWL=5275120.59 um | Best HPWL=1256322.32 um | Accept Rate=100.0% | Improvements: 593/2000 (29.6%) | Refine: 154931/154931 (100.0%) | Explore: 67069/67069 (100.0%)
T=3072658064.69 | W=100.4um | Current HPWL=5278812.24 um | Best HPWL=1256322.32 um | Accept Rate=100.0% | Improvements: 542/2000 (27.1%) | Refine: 168983/168983 (100.0%) | Explore: 73017/73017 (100.0%)
T=2732427597.52 | W=100.4um | Current HPWL=5310451.35 um | Best HPWL=1256322.32 um | Accept Rate=100.0% | Improvements: 563/2000 (28.1%) | Refine: 182979/182979 (100.0%) | Explore: 79021/79021 (100.0%)
T=2429870300.73 | W=100.4um | Current HPWL=5348003.02 um | Best HPWL=1256322.32 um | Accept Rate=100.0% | Improvements: 552/2000 (27.6%) | Refine: 196946/196946 (100.0%) | Explore: 85054/85054 (100.0%)
T=2160814684.98 | W=100.4um | Current HPWL=5343557.50 um | Best HPWL=1256322.32 um | Accept Rate=100.0% | Improvements: 547/2000 (27.4%) | Refine: 210844/210844 (100.0%) | Explore: 91156/91156 (100.0%)
T=1921551163.22 | W=100.4um | Current HPWL=5358446.68 um | Best HPWL=1256322.32 um | Accept Rate=100.0% | Improvements: 548/2000 (27.4%) | Refine: 224868/224868 (100.0%) | Explore: 97132/97132 (100.0%)
T=1708780904.96 | W=100.4um | Current HPWL=5414062.51 um | Best HPWL=1256322.32 um | Accept Rate=100.0% | Improvements: 529/2000 (26.5%) | Refine: 238909/238909 (100.0%) | Explore: 103091/103091 (100.0%)
T=1519570353.92 | W=100.4um | Current HPWL=5394718.03 um | Best HPWL=1256322.32 um | Accept Rate=100.0% | Improvements: 556/2000 (27.8%) | Refine: 252828/252828 (100.0%) | Explore: 109172/109172 (100.0%)
T=1351310781.74 | W=100.4um | Current HPWL=5413151.61 um | Best HPWL=1256322.32 um | Accept Rate=100.0% | Improvements: 561/2000 (28.1%) | Refine: 266897/266897 (100.0%) | Explore: 115103/115103 (100.0%)
T=1201682320.36 | W=100.4um | Current HPWL=5431536.99 um | Best HPWL=1256322.32 um | Accept Rate=100.0% | Improvements: 556/2000 (27.8%) | Refine: 280754/280754 (100.0%) | Explore: 121246/121246 (100.0%)
T=1068621976.96 | W=100.4um | Current HPWL=5483027.77 um | Best HPWL=1256322.32 um | Accept Rate=100.0% | Improvements: 542/2000 (27.1%) | Refine: 294846/294846 (100.0%) | Explore: 127154/127154 (100.0%)
T=950295190.58 | W=100.4um | Current HPWL=5454494.37 um | Best HPWL=1256322.32 um | Accept Rate=100.0% | Improvements: 540/2000 (27.0%) | Refine: 308907/308907 (100.0%) | Explore: 133093/133093 (100.0%)
T=845070538.23 | W=100.4um | Current HPWL=5464875.86 um | Best HPWL=1256322.32 um | Accept Rate=100.0% | Improvements: 541/2000 (27.1%) | Refine: 323021/323021 (100.0%) | Explore: 138979/138979 (100.0%)
T=751497241.77 | W=100.4um | Current HPWL=5468219.38 um | Best HPWL=1256322.32 um | Accept Rate=100.0% | Improvements: 568/2000 (28.4%) | Refine: 337075/337075 (100.0%) | Explore: 144925/144925 (100.0%)
T=668285165.36 | W=100.4um | Current HPWL=5483701.62 um | Best HPWL=1256322.32 um | Accept Rate=100.0% | Improvements: 567/2000 (28.3%) | Refine: 351056/351056 (100.0%) | Explore: 150944/150944 (100.0%)
T=594287027.85 | W=100.4um | Current HPWL=5564602.27 um | Best HPWL=1256322.32 um | Accept Rate=100.0% | Improvements: 534/2000 (26.7%) | Refine: 365046/365046 (100.0%) | Explore: 156954/156954 (100.0%)
T=528482584.64 | W=100.4um | Current HPWL=5532836.94 um | Best HPWL=1256322.32 um | Accept Rate=100.0% | Improvements: 553/2000 (27.7%) | Refine: 379005/379005 (100.0%) | Explore: 162995/162995 (100.0%)
T=469964561.19 | W=100.4um | Current HPWL=5543916.48 um | Best HPWL=1256322.32 um | Accept Rate=100.0% | Improvements: 528/2000 (26.4%) | Refine: 393017/393017 (100.0%) | Explore: 168983/168983 (100.0%)
T=417926144.02 | W=100.4um | Current HPWL=5550928.06 um | Best HPWL=1256322.32 um | Accept Rate=100.0% | Improvements: 541/2000 (27.1%) | Refine: 407039/407039 (100.0%) | Explore: 174961/174961 (100.0%)
T=371649856.77 | W=100.4um | Current HPWL=5557346.67 um | Best HPWL=1256322.32 um | Accept Rate=100.0% | Improvements: 555/2000 (27.8%) | Refine: 421072/421072 (100.0%) | Explore: 180928/180928 (100.0%)
T=330497668.10 | W=100.4um | Current HPWL=5607042.90 um | Best HPWL=1256322.32 um | Accept Rate=100.0% | Improvements: 544/2000 (27.2%) | Refine: 435045/435045 (100.0%) | Explore: 186955/186955 (100.0%)
T=293902194.85 | W=100.4um | Current HPWL=5617029.90 um | Best HPWL=1256322.32 um | Accept Rate=100.0% | Improvements: 542/2000 (27.1%) | Refine: 448948/448948 (100.0%) | Explore: 193052/193052 (100.0%)
T=261358879.27 | W=100.4um | Current HPWL=5623111.78 um | Best HPWL=1256322.32 um | Accept Rate=100.0% | Improvements: 553/2000 (27.7%) | Refine: 462893/462893 (100.0%) | Explore: 199107/199107 (100.0%)
T=232419032.49 | W=100.4um | Current HPWL=5629395.53 um | Best HPWL=1256322.32 um | Accept Rate=100.0% | Improvements: 574/2000 (28.7%) | Refine: 476970/476970 (100.0%) | Explore: 205030/205030 (100.0%)
T=206683648.23 | W=100.4um | Current HPWL=5660384.40 um | Best HPWL=1256322.32 um | Accept Rate=100.0% | Improvements: 582/2000 (29.1%) | Refine: 490942/490942 (100.0%) | Explore: 211058/211058 (100.0%)
T=183797901.52 | W=100.4um | Current HPWL=5636917.31 um | Best HPWL=1256322.32 um | Accept Rate=100.0% | Improvements: 548/2000 (27.4%) | Refine: 504933/504933 (100.0%) | Explore: 217067/217067 (100.0%)
T=163446256.60 | W=100.4um | Current HPWL=5665707.25 um | Best HPWL=1256322.32 um | Accept Rate=100.0% | Improvements: 531/2000 (26.6%) | Refine: 518944/518944 (100.0%) | Explore: 223056/223056 (100.0%)
T=145348116.46 | W=100.4um | Current HPWL=5669728.27 um | Best HPWL=1256322.32 um | Accept Rate=100.0% | Improvements: 575/2000 (28.7%) | Refine: 532904/532904 (100.0%) | Explore: 229096/229096 (100.0%)
T=129253954.17 | W=100.4um | Current HPWL=5713468.47 um | Best HPWL=1256322.32 um | Accept Rate=100.0% | Improvements: 552/2000 (27.6%) | Refine: 546932/546932 (100.0%) | Explore: 235068/235068 (100.0%)
T=114941872.49 | W=100.4um | Current HPWL=5713513.92 um | Best HPWL=1256322.32 um | Accept Rate=100.0% | Improvements: 529/2000 (26.5%) | Refine: 560964/560964 (100.0%) | Explore: 241036/241036 (100.0%)
T=102214544.50 | W=100.4um | Current HPWL=5728666.38 um | Best HPWL=1256322.32 um | Accept Rate=100.0% | Improvements: 515/2000 (25.8%) | Refine: 575035/575035 (100.0%) | Explore: 246965/246965 (100.0%)
T=90896493.00 | W=100.4um | Current HPWL=5761130.19 um | Best HPWL=1256322.32 um | Accept Rate=100.0% | Improvements: 545/2000 (27.3%) | Refine: 589068/589068 (100.0%) | Explore: 252932/252932 (100.0%)
T=80831671.07 | W=100.4um | Current HPWL=5749589.83 um | Best HPWL=1256322.32 um | Accept Rate=100.0% | Improvements: 527/2000 (26.4%) | Refine: 603159/603159 (100.0%) | Explore: 258841/258841 (100.0%)
T=71881310.62 | W=100.4um | Current HPWL=5761569.83 um | Best HPWL=1256322.32 um | Accept Rate=100.0% | Improvements: 574/2000 (28.7%) | Refine: 617119/617119 (100.0%) | Explore: 264881/264881 (100.0%)
T=63922009.14 | W=100.4um | Current HPWL=5758521.46 um | Best HPWL=1256322.32 um | Accept Rate=100.0% | Improvements: 575/2000 (28.7%) | Refine: 631062/631062 (100.0%) | Explore: 270938/270938 (100.0%)
T=56844028.26 | W=100.4um | Current HPWL=5747126.53 um | Best HPWL=1256322.32 um | Accept Rate=100.0% | Improvements: 566/2000 (28.3%) | Refine: 644976/644976 (100.0%) | Explore: 277024/277024 (100.0%)
T=50549780.77 | W=100.4um | Current HPWL=5772185.38 um | Best HPWL=1256322.32 um | Accept Rate=100.0% | Improvements: 574/2000 (28.7%) | Refine: 658981/658981 (100.0%) | Explore: 283019/283019 (100.0%)
T=44952485.15 | W=100.4um | Current HPWL=5765209.28 um | Best HPWL=1256322.32 um | Accept Rate=100.0% | Improvements: 593/2000 (29.6%) | Refine: 673040/673040 (100.0%) | Explore: 288960/288960 (100.0%)
T=39974969.04 | W=100.4um | Current HPWL=5784377.83 um | Best HPWL=1256322.32 um | Accept Rate=100.0% | Improvements: 523/2000 (26.2%) | Refine: 687005/687005 (100.0%) | Explore: 294995/294995 (100.0%)
T=35548605.25 | W=100.4um | Current HPWL=5791355.83 um | Best HPWL=1256322.32 um | Accept Rate=100.0% | Improvements: 543/2000 (27.2%) | Refine: 701014/701014 (100.0%) | Explore: 300986/300986 (100.0%)
T=31612365.58 | W=100.4um | Current HPWL=5833698.92 um | Best HPWL=1256322.32 um | Accept Rate=100.0% | Improvements: 541/2000 (27.1%) | Refine: 714968/714968 (100.0%) | Explore: 307032/307032 (100.0%)
T=28111979.37 | W=100.4um | Current HPWL=5824850.00 um | Best HPWL=1256322.32 um | Accept Rate=100.0% | Improvements: 587/2000 (29.3%) | Refine: 728892/728892 (100.0%) | Explore: 313108/313108 (100.0%)
T=24999185.28 | W=100.4um | Current HPWL=5877641.74 um | Best HPWL=1256322.32 um | Accept Rate=100.0% | Improvements: 545/2000 (27.3%) | Refine: 742879/742879 (100.0%) | Explore: 319121/319121 (100.0%)
T=22231065.85 | W=100.4um | Current HPWL=5896415.50 um | Best HPWL=1256322.32 um | Accept Rate=100.0% | Improvements: 538/2000 (26.9%) | Refine: 756907/756907 (100.0%) | Explore: 325093/325093 (100.0%)
T=19769455.82 | W=100.4um | Current HPWL=5883097.51 um | Best HPWL=1256322.32 um | Accept Rate=100.0% | Improvements: 542/2000 (27.1%) | Refine: 770894/770894 (100.0%) | Explore: 331106/331106 (100.0%)
T=17580415.89 | W=100.4um | Current HPWL=5859887.99 um | Best HPWL=1256322.32 um | Accept Rate=100.0% | Improvements: 559/2000 (28.0%) | Refine: 784880/784880 (100.0%) | Explore: 337120/337120 (100.0%)
T=15633764.82 | W=100.4um | Current HPWL=5865382.76 um | Best HPWL=1256322.32 um | Accept Rate=100.0% | Improvements: 554/2000 (27.7%) | Refine: 798824/798825 (100.0%) | Explore: 343175/343175 (100.0%)
T=13902663.28 | W=100.4um | Current HPWL=5889211.37 um | Best HPWL=1256322.32 um | Accept Rate=100.0% | Improvements: 601/2000 (30.0%) | Refine: 812677/812678 (100.0%) | Explore: 349322/349322 (100.0%)
T=12363243.82 | W=100.4um | Current HPWL=5941435.13 um | Best HPWL=1256322.32 um | Accept Rate=100.0% | Improvements: 547/2000 (27.4%) | Refine: 826693/826694 (100.0%) | Explore: 355306/355306 (100.0%)
T=10994281.79 | W=100.4um | Current HPWL=5944915.56 um | Best HPWL=1256322.32 um | Accept Rate=100.0% | Improvements: 559/2000 (28.0%) | Refine: 840656/840658 (100.0%) | Explore: 361342/361342 (100.0%)
T=9776902.71 | W=100.4um | Current HPWL=5930059.34 um | Best HPWL=1256322.32 um | Accept Rate=100.0% | Improvements: 556/2000 (27.8%) | Refine: 854601/854603 (100.0%) | Explore: 367397/367397 (100.0%)
T=8694322.06 | W=100.4um | Current HPWL=5946388.12 um | Best HPWL=1256322.32 um | Accept Rate=100.0% | Improvements: 562/2000 (28.1%) | Refine: 868577/868579 (100.0%) | Explore: 373421/373421 (100.0%)
T=7731613.81 | W=100.4um | Current HPWL=5953980.83 um | Best HPWL=1256322.32 um | Accept Rate=100.0% | Improvements: 586/2000 (29.3%) | Refine: 882553/882555 (100.0%) | Explore: 379445/379445 (100.0%)
T=6875504.70 | W=100.4um | Current HPWL=5969611.59 um | Best HPWL=1256322.32 um | Accept Rate=100.0% | Improvements: 531/2000 (26.6%) | Refine: 896628/896630 (100.0%) | Explore: 385370/385370 (100.0%)
T=6114191.16 | W=100.4um | Current HPWL=5960346.73 um | Best HPWL=1256322.32 um | Accept Rate=100.0% | Improvements: 574/2000 (28.7%) | Refine: 910534/910536 (100.0%) | Explore: 391464/391464 (100.0%)
T=5437176.65 | W=100.4um | Current HPWL=5997609.80 um | Best HPWL=1256322.32 um | Accept Rate=100.0% | Improvements: 568/2000 (28.4%) | Refine: 924469/924472 (100.0%) | Explore: 397528/397528 (100.0%)
T=4835126.85 | W=100.4um | Current HPWL=6019194.65 um | Best HPWL=1256322.32 um | Accept Rate=100.0% | Improvements: 553/2000 (27.7%) | Refine: 938501/938504 (100.0%) | Explore: 403496/403496 (100.0%)
T=4299741.06 | W=100.4um | Current HPWL=5984726.07 um | Best HPWL=1256322.32 um | Accept Rate=100.0% | Improvements: 579/2000 (28.9%) | Refine: 952453/952456 (100.0%) | Explore: 409544/409544 (100.0%)
T=3823637.68 | W=100.4um | Current HPWL=6016724.49 um | Best HPWL=1256322.32 um | Accept Rate=100.0% | Improvements: 552/2000 (27.6%) | Refine: 966507/966510 (100.0%) | Explore: 415490/415490 (100.0%)
T=3400252.45 | W=100.4um | Current HPWL=6023772.21 um | Best HPWL=1256322.32 um | Accept Rate=100.0% | Improvements: 568/2000 (28.4%) | Refine: 980497/980500 (100.0%) | Explore: 421500/421500 (100.0%)
T=3023747.98 | W=100.4um | Current HPWL=6085704.27 um | Best HPWL=1256322.32 um | Accept Rate=100.0% | Improvements: 568/2000 (28.4%) | Refine: 994450/994453 (100.0%) | Explore: 427547/427547 (100.0%)
T=2688933.25 | W=100.4um | Current HPWL=6044785.96 um | Best HPWL=1256322.32 um | Accept Rate=100.0% | Improvements: 547/2000 (27.4%) | Refine: 1008349/1008352 (100.0%) | Explore: 433647/433648 (100.0%)
T=2391192.01 | W=100.4um | Current HPWL=6056854.80 um | Best HPWL=1256322.32 um | Accept Rate=100.0% | Improvements: 578/2000 (28.9%) | Refine: 1022420/1022424 (100.0%) | Explore: 439575/439576 (100.0%)
T=2126419.18 | W=100.4um | Current HPWL=6079660.86 um | Best HPWL=1256322.32 um | Accept Rate=100.0% | Improvements: 574/2000 (28.7%) | Refine: 1036507/1036512 (100.0%) | Explore: 445487/445488 (100.0%)
T=1890964.22 | W=100.4um | Current HPWL=6060877.60 um | Best HPWL=1256322.32 um | Accept Rate=100.0% | Improvements: 558/2000 (27.9%) | Refine: 1050638/1050644 (100.0%) | Explore: 451354/451356 (100.0%)
T=1681580.80 | W=100.4um | Current HPWL=6059680.60 um | Best HPWL=1256322.32 um | Accept Rate=100.0% | Improvements: 553/2000 (27.7%) | Refine: 1064732/1064738 (100.0%) | Explore: 457260/457262 (100.0%)
T=1495382.08 | W=100.4um | Current HPWL=6080991.38 um | Best HPWL=1256322.32 um | Accept Rate=100.0% | Improvements: 545/2000 (27.3%) | Refine: 1078705/1078712 (100.0%) | Explore: 463286/463288 (100.0%)
T=1329800.83 | W=100.4um | Current HPWL=6105549.07 um | Best HPWL=1256322.32 um | Accept Rate=100.0% | Improvements: 562/2000 (28.1%) | Refine: 1092749/1092757 (100.0%) | Explore: 469241/469243 (100.0%)
T=1182554.13 | W=100.4um | Current HPWL=6105764.43 um | Best HPWL=1256322.32 um | Accept Rate=100.0% | Improvements: 561/2000 (28.1%) | Refine: 1106710/1106720 (100.0%) | Explore: 475278/475280 (100.0%)
T=1051611.82 | W=100.4um | Current HPWL=6144305.53 um | Best HPWL=1256322.32 um | Accept Rate=100.0% | Improvements: 560/2000 (28.0%) | Refine: 1120778/1120789 (100.0%) | Explore: 481209/481211 (100.0%)
T=935168.54 | W=100.4um | Current HPWL=6130467.66 um | Best HPWL=1256322.32 um | Accept Rate=100.0% | Improvements: 562/2000 (28.1%) | Refine: 1134755/1134768 (100.0%) | Explore: 487230/487232 (100.0%)
T=831618.84 | W=100.4um | Current HPWL=6130404.93 um | Best HPWL=1256322.32 um | Accept Rate=100.0% | Improvements: 568/2000 (28.4%) | Refine: 1148744/1148759 (100.0%) | Explore: 493239/493241 (100.0%)
T=739535.03 | W=100.4um | Current HPWL=6162194.29 um | Best HPWL=1256322.32 um | Accept Rate=100.0% | Improvements: 563/2000 (28.1%) | Refine: 1162865/1162881 (100.0%) | Explore: 499117/499119 (100.0%)
T=657647.51 | W=100.4um | Current HPWL=6190343.48 um | Best HPWL=1256322.32 um | Accept Rate=100.0% | Improvements: 545/2000 (27.3%) | Refine: 1176893/1176909 (100.0%) | Explore: 505089/505091 (100.0%)
T=584827.26 | W=100.4um | Current HPWL=6162233.43 um | Best HPWL=1256322.32 um | Accept Rate=100.0% | Improvements: 566/2000 (28.3%) | Refine: 1190750/1190767 (100.0%) | Explore: 511231/511233 (100.0%)
T=520070.28 | W=100.4um | Current HPWL=6211080.47 um | Best HPWL=1256322.32 um | Accept Rate=100.0% | Improvements: 590/2000 (29.5%) | Refine: 1204759/1204782 (100.0%) | Explore: 517216/517218 (100.0%)
T=462483.74 | W=100.4um | Current HPWL=6214302.53 um | Best HPWL=1256322.32 um | Accept Rate=100.0% | Improvements: 584/2000 (29.2%) | Refine: 1218680/1218706 (100.0%) | Explore: 523292/523294 (100.0%)
T=411273.66 | W=100.4um | Current HPWL=6214585.98 um | Best HPWL=1256322.32 um | Accept Rate=99.9% | Improvements: 545/2000 (27.3%) | Refine: 1232608/1232642 (100.0%) | Explore: 529356/529358 (100.0%)
T=365733.99 | W=100.4um | Current HPWL=6205872.82 um | Best HPWL=1256322.32 um | Accept Rate=100.0% | Improvements: 570/2000 (28.5%) | Refine: 1246544/1246582 (100.0%) | Explore: 535416/535418 (100.0%)
T=325236.86 | W=100.4um | Current HPWL=6213561.40 um | Best HPWL=1256322.32 um | Accept Rate=100.0% | Improvements: 545/2000 (27.3%) | Refine: 1260608/1260649 (100.0%) | Explore: 541349/541351 (100.0%)
T=289223.91 | W=100.4um | Current HPWL=6241940.14 um | Best HPWL=1256322.32 um | Accept Rate=100.0% | Improvements: 531/2000 (26.6%) | Refine: 1274553/1274596 (100.0%) | Explore: 547402/547404 (100.0%)
T=257198.61 | W=100.4um | Current HPWL=6238668.43 um | Best HPWL=1256322.32 um | Accept Rate=100.0% | Improvements: 559/2000 (28.0%) | Refine: 1288703/1288752 (100.0%) | Explore: 553246/553248 (100.0%)
T=228719.42 | W=100.4um | Current HPWL=6242186.86 um | Best HPWL=1256322.32 um | Accept Rate=100.0% | Improvements: 538/2000 (26.9%) | Refine: 1302667/1302722 (100.0%) | Explore: 559274/559278 (100.0%)
T=203393.69 | W=100.4um | Current HPWL=6334806.75 um | Best HPWL=1256322.32 um | Accept Rate=99.9% | Improvements: 542/2000 (27.1%) | Refine: 1316731/1316793 (100.0%) | Explore: 565201/565207 (100.0%)
T=180872.24 | W=100.4um | Current HPWL=6256846.03 um | Best HPWL=1256322.32 um | Accept Rate=99.9% | Improvements: 554/2000 (27.7%) | Refine: 1330904/1330975 (100.0%) | Explore: 571018/571025 (100.0%)
T=160844.55 | W=100.4um | Current HPWL=6255468.32 um | Best HPWL=1256322.32 um | Accept Rate=100.0% | Improvements: 606/2000 (30.3%) | Refine: 1344751/1344829 (100.0%) | Explore: 577163/577171 (100.0%)
T=143034.49 | W=100.4um | Current HPWL=6293721.90 um | Best HPWL=1256322.32 um | Accept Rate=100.0% | Improvements: 519/2000 (25.9%) | Refine: 1358724/1358811 (100.0%) | Explore: 583178/583189 (100.0%)
T=127196.51 | W=100.4um | Current HPWL=6304193.07 um | Best HPWL=1256322.32 um | Accept Rate=100.0% | Improvements: 569/2000 (28.4%) | Refine: 1372807/1372901 (100.0%) | Explore: 589088/589099 (100.0%)
T=113112.25 | W=100.4um | Current HPWL=6331863.24 um | Best HPWL=1256322.32 um | Accept Rate=100.0% | Improvements: 596/2000 (29.8%) | Refine: 1386840/1386943 (100.0%) | Explore: 595045/595057 (100.0%)
T=100587.51 | W=100.4um | Current HPWL=6321730.63 um | Best HPWL=1256322.32 um | Accept Rate=99.9% | Improvements: 549/2000 (27.5%) | Refine: 1400924/1401037 (100.0%) | Explore: 600947/600963 (100.0%)
T=89449.62 | W=100.4um | Current HPWL=6338188.97 um | Best HPWL=1256322.32 um | Accept Rate=100.0% | Improvements: 595/2000 (29.8%) | Refine: 1414998/1415120 (100.0%) | Explore: 606862/606880 (100.0%)
T=79545.01 | W=100.4um | Current HPWL=6296572.45 um | Best HPWL=1256322.32 um | Accept Rate=99.9% | Improvements: 557/2000 (27.9%) | Refine: 1428918/1429057 (100.0%) | Explore: 612925/612943 (100.0%)
T=70737.12 | W=100.4um | Current HPWL=6276860.70 um | Best HPWL=1256322.32 um | Accept Rate=100.0% | Improvements: 576/2000 (28.8%) | Refine: 1442795/1442953 (100.0%) | Explore: 619027/619047 (100.0%)
T=62904.51 | W=100.4um | Current HPWL=6310042.01 um | Best HPWL=1256322.32 um | Accept Rate=99.9% | Improvements: 551/2000 (27.6%) | Refine: 1456768/1456937 (100.0%) | Explore: 625039/625063 (100.0%)
T=55939.19 | W=100.4um | Current HPWL=6313061.97 um | Best HPWL=1256322.32 um | Accept Rate=99.7% | Improvements: 542/2000 (27.1%) | Refine: 1470704/1470908 (100.0%) | Explore: 631061/631092 (100.0%)
T=49745.14 | W=100.4um | Current HPWL=6379477.15 um | Best HPWL=1256322.32 um | Accept Rate=99.9% | Improvements: 551/2000 (27.6%) | Refine: 1484749/1484982 (100.0%) | Explore: 636984/637018 (100.0%)
T=44236.94 | W=100.4um | Current HPWL=6358441.61 um | Best HPWL=1256322.32 um | Accept Rate=99.9% | Improvements: 564/2000 (28.2%) | Refine: 1498623/1498874 (100.0%) | Explore: 643091/643126 (100.0%)
T=39338.65 | W=100.4um | Current HPWL=6317496.34 um | Best HPWL=1256322.32 um | Accept Rate=99.9% | Improvements: 529/2000 (26.5%) | Refine: 1512536/1512821 (100.0%) | Explore: 649142/649179 (100.0%)
T=34982.75 | W=100.4um | Current HPWL=6351204.51 um | Best HPWL=1256322.32 um | Accept Rate=99.9% | Improvements: 516/2000 (25.8%) | Refine: 1526461/1526770 (100.0%) | Explore: 655189/655230 (100.0%)
T=31109.16 | W=100.4um | Current HPWL=6365039.31 um | Best HPWL=1256322.32 um | Accept Rate=100.0% | Improvements: 559/2000 (28.0%) | Refine: 1540518/1540870 (100.0%) | Explore: 661085/661130 (100.0%)
T=27664.50 | W=100.4um | Current HPWL=6364653.22 um | Best HPWL=1256322.32 um | Accept Rate=99.9% | Improvements: 541/2000 (27.1%) | Refine: 1554486/1554886 (100.0%) | Explore: 667066/667114 (100.0%)
T=24601.25 | W=100.4um | Current HPWL=6399539.42 um | Best HPWL=1256322.32 um | Accept Rate=100.0% | Improvements: 547/2000 (27.4%) | Refine: 1568419/1568861 (100.0%) | Explore: 673084/673139 (100.0%)
T=21877.20 | W=100.4um | Current HPWL=6437475.16 um | Best HPWL=1256322.32 um | Accept Rate=100.0% | Improvements: 587/2000 (29.3%) | Refine: 1582309/1582806 (100.0%) | Explore: 679132/679194 (100.0%)
T=19454.77 | W=100.4um | Current HPWL=6412347.50 um | Best HPWL=1256322.32 um | Accept Rate=99.6% | Improvements: 551/2000 (27.6%) | Refine: 1596343/1596903 (100.0%) | Explore: 685030/685097 (100.0%)
T=17300.57 | W=100.4um | Current HPWL=6397604.20 um | Best HPWL=1256322.32 um | Accept Rate=99.5% | Improvements: 554/2000 (27.7%) | Refine: 1610117/1610759 (100.0%) | Explore: 691166/691241 (100.0%)
T=15384.91 | W=100.4um | Current HPWL=6416839.41 um | Best HPWL=1256322.32 um | Accept Rate=99.4% | Improvements: 620/2000 (31.0%) | Refine: 1624032/1624760 (100.0%) | Explore: 697156/697240 (100.0%)
T=13681.36 | W=100.4um | Current HPWL=6411657.08 um | Best HPWL=1256322.32 um | Accept Rate=99.4% | Improvements: 541/2000 (27.1%) | Refine: 1637973/1638799 (99.9%) | Explore: 703105/703201 (100.0%)
T=12166.45 | W=100.4um | Current HPWL=6433353.47 um | Best HPWL=1256322.32 um | Accept Rate=99.5% | Improvements: 557/2000 (27.9%) | Refine: 1651958/1652872 (99.9%) | Explore: 709017/709128 (100.0%)
T=10819.28 | W=100.4um | Current HPWL=6404743.25 um | Best HPWL=1256322.32 um | Accept Rate=99.1% | Improvements: 557/2000 (27.9%) | Refine: 1665982/1667009 (99.9%) | Explore: 714867/714991 (100.0%)
T=9621.28 | W=100.4um | Current HPWL=6421024.80 um | Best HPWL=1256322.32 um | Accept Rate=99.5% | Improvements: 547/2000 (27.4%) | Refine: 1679871/1681042 (99.9%) | Explore: 720820/720958 (100.0%)
T=8555.93 | W=100.4um | Current HPWL=6445381.06 um | Best HPWL=1256322.32 um | Accept Rate=99.0% | Improvements: 541/2000 (27.1%) | Refine: 1693687/1695002 (99.9%) | Explore: 726840/726998 (100.0%)
T=7608.54 | W=100.4um | Current HPWL=6445825.16 um | Best HPWL=1256322.32 um | Accept Rate=98.9% | Improvements: 533/2000 (26.7%) | Refine: 1707513/1708992 (99.9%) | Explore: 732838/733008 (100.0%)
T=6766.06 | W=100.4um | Current HPWL=6414310.22 um | Best HPWL=1256322.32 um | Accept Rate=98.3% | Improvements: 560/2000 (28.0%) | Refine: 1721290/1722969 (99.9%) | Explore: 738834/739031 (100.0%)
T=6016.87 | W=100.4um | Current HPWL=6430812.99 um | Best HPWL=1256322.32 um | Accept Rate=98.8% | Improvements: 553/2000 (27.7%) | Refine: 1735070/1736946 (99.9%) | Explore: 744839/745054 (100.0%)
T=5350.63 | W=100.4um | Current HPWL=6401273.61 um | Best HPWL=1256322.32 um | Accept Rate=98.4% | Improvements: 545/2000 (27.3%) | Refine: 1748802/1750938 (99.9%) | Explore: 750815/751062 (100.0%)
T=4758.16 | W=100.4um | Current HPWL=6385279.58 um | Best HPWL=1256322.32 um | Accept Rate=98.6% | Improvements: 526/2000 (26.3%) | Refine: 1762466/1764858 (99.9%) | Explore: 756863/757142 (100.0%)
T=4231.30 | W=100.4um | Current HPWL=6392985.87 um | Best HPWL=1256322.32 um | Accept Rate=97.8% | Improvements: 540/2000 (27.0%) | Refine: 1776153/1778834 (99.8%) | Explore: 762843/763166 (100.0%)
T=3762.77 | W=100.4um | Current HPWL=6412977.76 um | Best HPWL=1256322.32 um | Accept Rate=97.9% | Improvements: 558/2000 (27.9%) | Refine: 1789882/1792856 (99.8%) | Explore: 768776/769144 (100.0%)
T=3346.13 | W=100.4um | Current HPWL=6330194.89 um | Best HPWL=1256322.32 um | Accept Rate=97.6% | Improvements: 533/2000 (26.7%) | Refine: 1803501/1806829 (99.8%) | Explore: 774742/775171 (99.9%)
T=2975.62 | W=100.4um | Current HPWL=6381460.25 um | Best HPWL=1256322.32 um | Accept Rate=97.5% | Improvements: 505/2000 (25.2%) | Refine: 1817184/1820920 (99.8%) | Explore: 780605/781080 (99.9%)
T=2646.13 | W=100.4um | Current HPWL=6322610.61 um | Best HPWL=1256322.32 um | Accept Rate=96.9% | Improvements: 519/2000 (25.9%) | Refine: 1830632/1834854 (99.8%) | Explore: 786600/787146 (99.9%)
T=2353.13 | W=100.4um | Current HPWL=6288716.75 um | Best HPWL=1256322.32 um | Accept Rate=96.7% | Improvements: 523/2000 (26.2%) | Refine: 1844054/1848831 (99.7%) | Explore: 792547/793169 (99.9%)
T=2092.57 | W=100.4um | Current HPWL=6255605.32 um | Best HPWL=1256322.32 um | Accept Rate=95.9% | Improvements: 518/2000 (25.9%) | Refine: 1857383/1862797 (99.7%) | Explore: 798505/799203 (99.9%)
T=1860.86 | W=100.4um | Current HPWL=6243487.86 um | Best HPWL=1256322.32 um | Accept Rate=95.7% | Improvements: 489/2000 (24.4%) | Refine: 1870715/1876796 (99.7%) | Explore: 804421/805204 (99.9%)
T=1654.81 | W=100.4um | Current HPWL=6207939.84 um | Best HPWL=1256322.32 um | Accept Rate=94.3% | Improvements: 564/2000 (28.2%) | Refine: 1883971/1890855 (99.6%) | Explore: 810262/811145 (99.9%)
T=1471.58 | W=100.4um | Current HPWL=6178126.14 um | Best HPWL=1256322.32 um | Accept Rate=94.5% | Improvements: 509/2000 (25.4%) | Refine: 1897195/1904940 (99.6%) | Explore: 816083/817060 (99.9%)
T=1308.63 | W=100.4um | Current HPWL=6140961.14 um | Best HPWL=1256322.32 um | Accept Rate=95.5% | Improvements: 530/2000 (26.5%) | Refine: 1910314/1919004 (99.5%) | Explore: 821923/822996 (99.9%)
T=1163.73 | W=100.4um | Current HPWL=6101082.37 um | Best HPWL=1256322.32 um | Accept Rate=92.9% | Improvements: 497/2000 (24.9%) | Refine: 1923172/1932981 (99.5%) | Explore: 827816/829019 (99.9%)
T=1034.87 | W=100.4um | Current HPWL=6072012.50 um | Best HPWL=1256322.32 um | Accept Rate=92.3% | Improvements: 512/2000 (25.6%) | Refine: 1935928/1946953 (99.4%) | Explore: 833698/835047 (99.8%)
T=920.28 | W=100.4um | Current HPWL=6011667.52 um | Best HPWL=1256322.32 um | Accept Rate=93.4% | Improvements: 524/2000 (26.2%) | Refine: 1948709/1961058 (99.4%) | Explore: 839411/840942 (99.8%)
T=818.38 | W=100.4um | Current HPWL=5952492.46 um | Best HPWL=1256322.32 um | Accept Rate=91.0% | Improvements: 473/2000 (23.6%) | Refine: 1961307/1975097 (99.3%) | Explore: 845182/846903 (99.8%)
T=727.76 | W=100.4um | Current HPWL=5888835.75 um | Best HPWL=1256322.32 um | Accept Rate=91.5% | Improvements: 473/2000 (23.6%) | Refine: 1973565/1988954 (99.2%) | Explore: 851100/853046 (99.8%)
T=647.18 | W=100.4um | Current HPWL=5762568.04 um | Best HPWL=1256322.32 um | Accept Rate=89.5% | Improvements: 496/2000 (24.8%) | Refine: 1985690/2002899 (99.1%) | Explore: 856950/859101 (99.7%)
T=575.52 | W=100.4um | Current HPWL=5694947.34 um | Best HPWL=1256322.32 um | Accept Rate=87.2% | Improvements: 474/2000 (23.7%) | Refine: 1997682/2016982 (99.0%) | Explore: 862624/865018 (99.7%)
T=511.79 | W=100.4um | Current HPWL=5568149.81 um | Best HPWL=1256322.32 um | Accept Rate=87.9% | Improvements: 448/2000 (22.4%) | Refine: 2009434/2030952 (98.9%) | Explore: 868361/871048 (99.7%)
T=455.12 | W=100.4um | Current HPWL=5508329.86 um | Best HPWL=1256322.32 um | Accept Rate=84.2% | Improvements: 435/2000 (21.8%) | Refine: 2021043/2045062 (98.8%) | Explore: 873926/876938 (99.7%)
T=404.73 | W=100.4um | Current HPWL=5415642.04 um | Best HPWL=1256322.32 um | Accept Rate=85.5% | Improvements: 426/2000 (21.3%) | Refine: 2032384/2059073 (98.7%) | Explore: 879570/882927 (99.6%)
T=359.91 | W=100.4um | Current HPWL=5316348.67 um | Best HPWL=1256322.32 um | Accept Rate=83.0% | Improvements: 378/2000 (18.9%) | Refine: 2043616/2073205 (98.6%) | Explore: 885064/888795 (99.6%)
T=320.06 | W=100.4um | Current HPWL=5196075.49 um | Best HPWL=1256322.32 um | Accept Rate=83.5% | Improvements: 399/2000 (20.0%) | Refine: 2054590/2087212 (98.4%) | Explore: 890596/894788 (99.5%)
T=284.62 | W=100.4um | Current HPWL=5082230.64 um | Best HPWL=1256322.32 um | Accept Rate=79.3% | Improvements: 383/2000 (19.1%) | Refine: 2065302/2101110 (98.3%) | Explore: 896212/900890 (99.5%)
T=253.10 | W=100.4um | Current HPWL=4979985.55 um | Best HPWL=1256322.32 um | Accept Rate=79.0% | Improvements: 382/2000 (19.1%) | Refine: 2075917/2115258 (98.1%) | Explore: 901567/906742 (99.4%)
T=225.08 | W=100.4um | Current HPWL=4848533.57 um | Best HPWL=1256322.32 um | Accept Rate=76.7% | Improvements: 387/2000 (19.4%) | Refine: 2086187/2129303 (98.0%) | Explore: 906942/912697 (99.4%)
T=200.16 | W=100.4um | Current HPWL=4741314.23 um | Best HPWL=1256322.32 um | Accept Rate=76.6% | Improvements: 358/2000 (17.9%) | Refine: 2096253/2143313 (97.8%) | Explore: 912286/918687 (99.3%)
T=177.99 | W=100.4um | Current HPWL=4620312.18 um | Best HPWL=1256322.32 um | Accept Rate=76.7% | Improvements: 396/2000 (19.8%) | Refine: 2106232/2157346 (97.6%) | Explore: 917574/924654 (99.2%)
T=158.28 | W=100.4um | Current HPWL=4491030.93 um | Best HPWL=1256322.32 um | Accept Rate=74.7% | Improvements: 311/2000 (15.6%) | Refine: 2116041/2171351 (97.5%) | Explore: 922809/930649 (99.2%)
T=140.76 | W=100.4um | Current HPWL=4403947.81 um | Best HPWL=1256322.32 um | Accept Rate=74.0% | Improvements: 329/2000 (16.4%) | Refine: 2125620/2185272 (97.3%) | Explore: 928002/936728 (99.1%)
T=125.17 | W=100.4um | Current HPWL=4294282.74 um | Best HPWL=1256322.32 um | Accept Rate=72.8% | Improvements: 332/2000 (16.6%) | Refine: 2135187/2199289 (97.1%) | Explore: 933023/942711 (99.0%)
T=111.31 | W=100.4um | Current HPWL=4190646.67 um | Best HPWL=1256322.32 um | Accept Rate=74.1% | Improvements: 322/2000 (16.1%) | Refine: 2144634/2213246 (96.9%) | Explore: 938083/948754 (98.9%)
T=98.99 | W=100.4um | Current HPWL=4098432.25 um | Best HPWL=1256322.32 um | Accept Rate=71.4% | Improvements: 293/2000 (14.6%) | Refine: 2153926/2227211 (96.7%) | Explore: 942995/954789 (98.8%)
T=88.03 | W=100.4um | Current HPWL=3999017.28 um | Best HPWL=1256322.32 um | Accept Rate=70.0% | Improvements: 291/2000 (14.5%) | Refine: 2163209/2241242 (96.5%) | Explore: 947814/960758 (98.7%)
T=78.28 | W=100.4um | Current HPWL=3905787.55 um | Best HPWL=1256322.32 um | Accept Rate=65.8% | Improvements: 289/2000 (14.4%) | Refine: 2172272/2255212 (96.3%) | Explore: 952467/966788 (98.5%)
T=69.61 | W=100.4um | Current HPWL=3818565.81 um | Best HPWL=1256322.32 um | Accept Rate=69.2% | Improvements: 306/2000 (15.3%) | Refine: 2181404/2269230 (96.1%) | Explore: 957046/972770 (98.4%)
T=61.90 | W=100.4um | Current HPWL=3732714.09 um | Best HPWL=1256322.32 um | Accept Rate=65.6% | Improvements: 272/2000 (13.6%) | Refine: 2190270/2283196 (95.9%) | Explore: 961528/978804 (98.2%)
T=55.05 | W=100.4um | Current HPWL=3642852.90 um | Best HPWL=1256322.32 um | Accept Rate=64.6% | Improvements: 265/2000 (13.2%) | Refine: 2199326/2297195 (95.7%) | Explore: 965832/984805 (98.1%)
T=48.95 | W=100.4um | Current HPWL=3555171.16 um | Best HPWL=1256322.32 um | Accept Rate=64.0% | Improvements: 252/2000 (12.6%) | Refine: 2208279/2311210 (95.5%) | Explore: 970018/990790 (97.9%)
T=43.53 | W=100.4um | Current HPWL=3476880.72 um | Best HPWL=1256322.32 um | Accept Rate=67.3% | Improvements: 261/2000 (13.1%) | Refine: 2217274/2325146 (95.4%) | Explore: 974156/996854 (97.7%)
T=38.71 | W=100.4um | Current HPWL=3391330.90 um | Best HPWL=1256322.32 um | Accept Rate=64.2% | Improvements: 275/2000 (13.8%) | Refine: 2226175/2339144 (95.2%) | Explore: 978211/1002856 (97.5%)
T=34.43 | W=100.4um | Current HPWL=3309867.29 um | Best HPWL=1256322.32 um | Accept Rate=61.4% | Improvements: 254/2000 (12.7%) | Refine: 2235000/2353185 (95.0%) | Explore: 982016/1008815 (97.3%)
T=30.61 | W=100.4um | Current HPWL=3230449.08 um | Best HPWL=1256322.32 um | Accept Rate=61.6% | Improvements: 249/2000 (12.4%) | Refine: 2243872/2367258 (94.8%) | Explore: 985722/1014742 (97.1%)
T=27.22 | W=100.4um | Current HPWL=3152757.24 um | Best HPWL=1256322.32 um | Accept Rate=60.7% | Improvements: 261/2000 (13.1%) | Refine: 2252503/2381162 (94.6%) | Explore: 989392/1020838 (96.9%)
T=24.21 | W=100.4um | Current HPWL=3078902.30 um | Best HPWL=1256322.32 um | Accept Rate=59.1% | Improvements: 241/2000 (12.0%) | Refine: 2261339/2395133 (94.4%) | Explore: 992845/1026867 (96.7%)
T=21.53 | W=100.4um | Current HPWL=3006673.74 um | Best HPWL=1256322.32 um | Accept Rate=59.9% | Improvements: 223/2000 (11.2%) | Refine: 2270035/2409138 (94.2%) | Explore: 996146/1032862 (96.4%)
T=19.15 | W=100.4um | Current HPWL=2937417.58 um | Best HPWL=1256322.32 um | Accept Rate=59.9% | Improvements: 231/2000 (11.6%) | Refine: 2278736/2423096 (94.0%) | Explore: 999347/1038904 (96.2%)
T=17.03 | W=100.4um | Current HPWL=2870866.45 um | Best HPWL=1256322.32 um | Accept Rate=58.0% | Improvements: 196/2000 (9.8%) | Refine: 2287527/2437154 (93.9%) | Explore: 1002422/1044846 (95.9%)
T=15.14 | W=100.4um | Current HPWL=2807280.12 um | Best HPWL=1256322.32 um | Accept Rate=59.2% | Improvements: 202/2000 (10.1%) | Refine: 2296340/2451254 (93.7%) | Explore: 1005338/1050746 (95.7%)
T=13.46 | W=100.4um | Current HPWL=2748044.05 um | Best HPWL=1256322.32 um | Accept Rate=56.3% | Improvements: 192/2000 (9.6%) | Refine: 2304989/2465363 (93.5%) | Explore: 1008115/1056637 (95.4%)
T=11.97 | W=100.4um | Current HPWL=2690738.72 um | Best HPWL=1256322.32 um | Accept Rate=58.4% | Improvements: 164/2000 (8.2%) | Refine: 2313648/2479285 (93.3%) | Explore: 1010911/1062715 (95.1%)
T=10.65 | W=100.4um | Current HPWL=2634600.64 um | Best HPWL=1256322.32 um | Accept Rate=55.5% | Improvements: 174/2000 (8.7%) | Refine: 2322417/2493348 (93.1%) | Explore: 1013523/1068652 (94.8%)
T=9.47 | W=100.4um | Current HPWL=2580500.74 um | Best HPWL=1256322.32 um | Accept Rate=58.7% | Improvements: 178/2000 (8.9%) | Refine: 2331170/2507470 (93.0%) | Explore: 1016043/1074530 (94.6%)
T=8.42 | W=100.4um | Current HPWL=2526986.26 um | Best HPWL=1256322.32 um | Accept Rate=54.7% | Improvements: 189/2000 (9.4%) | Refine: 2339780/2521530 (92.8%) | Explore: 1018559/1080470 (94.3%)
T=7.49 | W=100.4um | Current HPWL=2479000.57 um | Best HPWL=1256322.32 um | Accept Rate=53.8% | Improvements: 199/2000 (10.0%) | Refine: 2348349/2535543 (92.6%) | Explore: 1020876/1086457 (94.0%)
T=6.66 | W=100.4um | Current HPWL=2431658.86 um | Best HPWL=1256322.32 um | Accept Rate=54.5% | Improvements: 157/2000 (7.8%) | Refine: 2357015/2549608 (92.4%) | Explore: 1023096/1092392 (93.7%)
T=5.92 | W=100.4um | Current HPWL=2385390.33 um | Best HPWL=1256322.32 um | Accept Rate=53.2% | Improvements: 152/2000 (7.6%) | Refine: 2365638/2563607 (92.3%) | Explore: 1025272/1098393 (93.3%)
T=5.27 | W=100.4um | Current HPWL=2344003.03 um | Best HPWL=1256322.32 um | Accept Rate=53.3% | Improvements: 154/2000 (7.7%) | Refine: 2374228/2577644 (92.1%) | Explore: 1027277/1104356 (93.0%)
T=4.68 | W=100.4um | Current HPWL=2301711.89 um | Best HPWL=1256322.32 um | Accept Rate=53.1% | Improvements: 151/2000 (7.5%) | Refine: 2382879/2591731 (91.9%) | Explore: 1029315/1110269 (92.7%)
T=4.16 | W=100.4um | Current HPWL=2264360.07 um | Best HPWL=1256322.32 um | Accept Rate=54.1% | Improvements: 149/2000 (7.4%) | Refine: 2391529/2605882 (91.8%) | Explore: 1031244/1116118 (92.4%)
T=3.70 | W=100.4um | Current HPWL=2226643.26 um | Best HPWL=1256322.32 um | Accept Rate=53.3% | Improvements: 139/2000 (7.0%) | Refine: 2400203/2620050 (91.6%) | Explore: 1033119/1121950 (92.1%)
T=3.29 | W=100.4um | Current HPWL=2190225.28 um | Best HPWL=1256322.32 um | Accept Rate=52.6% | Improvements: 160/2000 (8.0%) | Refine: 2408802/2634012 (91.4%) | Explore: 1034975/1127988 (91.8%)
T=2.93 | W=100.4um | Current HPWL=2154930.64 um | Best HPWL=1256322.32 um | Accept Rate=50.6% | Improvements: 122/2000 (6.1%) | Refine: 2417267/2648082 (91.3%) | Explore: 1036735/1133918 (91.4%)
T=2.60 | W=100.4um | Current HPWL=2122374.39 um | Best HPWL=1256322.32 um | Accept Rate=49.9% | Improvements: 129/2000 (6.5%) | Refine: 2425738/2662062 (91.1%) | Explore: 1038523/1139938 (91.1%)
T=2.32 | W=100.4um | Current HPWL=2089389.98 um | Best HPWL=1256322.32 um | Accept Rate=52.1% | Improvements: 134/2000 (6.7%) | Refine: 2434173/2675910 (91.0%) | Explore: 1040280/1146090 (90.8%)
T=2.06 | W=100.4um | Current HPWL=2054923.52 um | Best HPWL=1256322.32 um | Accept Rate=52.5% | Improvements: 124/2000 (6.2%) | Refine: 2442764/2689890 (90.8%) | Explore: 1041966/1152110 (90.4%)
T=1.83 | W=100.4um | Current HPWL=2025322.90 um | Best HPWL=1256322.32 um | Accept Rate=50.1% | Improvements: 98/2000 (4.9%) | Refine: 2451265/2703859 (90.7%) | Explore: 1043575/1158141 (90.1%)
T=1.63 | W=100.4um | Current HPWL=1997721.04 um | Best HPWL=1256322.32 um | Accept Rate=51.7% | Improvements: 106/2000 (5.3%) | Refine: 2459779/2717721 (90.5%) | Explore: 1045098/1164279 (89.8%)
T=1.45 | W=100.4um | Current HPWL=1968735.78 um | Best HPWL=1256322.32 um | Accept Rate=50.4% | Improvements: 113/2000 (5.7%) | Refine: 2468250/2731652 (90.4%) | Explore: 1046647/1170348 (89.4%)
T=1.29 | W=100.4um | Current HPWL=1939571.02 um | Best HPWL=1256322.32 um | Accept Rate=50.4% | Improvements: 126/2000 (6.3%) | Refine: 2476765/2745664 (90.2%) | Explore: 1048138/1176336 (89.1%)
T=1.15 | W=100.4um | Current HPWL=1912209.94 um | Best HPWL=1256322.32 um | Accept Rate=49.5% | Improvements: 111/2000 (5.5%) | Refine: 2485233/2759603 (90.1%) | Explore: 1049681/1182397 (88.8%)
T=1.02 | W=100.4um | Current HPWL=1887491.90 um | Best HPWL=1256322.32 um | Accept Rate=51.1% | Improvements: 101/2000 (5.1%) | Refine: 2493813/2773562 (89.9%) | Explore: 1051103/1188438 (88.4%)
T=0.91 | W=100.4um | Current HPWL=1862148.62 um | Best HPWL=1256322.32 um | Accept Rate=48.4% | Improvements: 110/2000 (5.5%) | Refine: 2502219/2787561 (89.8%) | Explore: 1052551/1194439 (88.1%)
T=0.81 | W=100.4um | Current HPWL=1838719.91 um | Best HPWL=1256322.32 um | Accept Rate=51.0% | Improvements: 110/2000 (5.5%) | Refine: 2510849/2801591 (89.6%) | Explore: 1053933/1200409 (87.8%)
T=0.72 | W=100.4um | Current HPWL=1815523.31 um | Best HPWL=1256322.32 um | Accept Rate=49.6% | Improvements: 88/2000 (4.4%) | Refine: 2519318/2815522 (89.5%) | Explore: 1055309/1206478 (87.5%)
T=0.64 | W=100.4um | Current HPWL=1793615.27 um | Best HPWL=1256322.32 um | Accept Rate=47.9% | Improvements: 103/2000 (5.1%) | Refine: 2527761/2829439 (89.3%) | Explore: 1056690/1212561 (87.1%)
T=0.57 | W=100.4um | Current HPWL=1771886.74 um | Best HPWL=1256322.32 um | Accept Rate=48.4% | Improvements: 102/2000 (5.1%) | Refine: 2536122/2843382 (89.2%) | Explore: 1058079/1218618 (86.8%)
T=0.50 | W=100.4um | Current HPWL=1751691.08 um | Best HPWL=1256322.32 um | Accept Rate=49.0% | Improvements: 94/2000 (4.7%) | Refine: 2544571/2857289 (89.1%) | Explore: 1059361/1224711 (86.5%)
T=0.45 | W=100.4um | Current HPWL=1731208.14 um | Best HPWL=1256322.32 um | Accept Rate=47.6% | Improvements: 91/2000 (4.5%) | Refine: 2552976/2871262 (88.9%) | Explore: 1060660/1230738 (86.2%)
T=0.40 | W=100.4um | Current HPWL=1711134.00 um | Best HPWL=1256322.32 um | Accept Rate=48.3% | Improvements: 117/2000 (5.9%) | Refine: 2561470/2885254 (88.8%) | Explore: 1061903/1236746 (85.9%)
T=0.35 | W=100.4um | Current HPWL=1692634.10 um | Best HPWL=1256322.32 um | Accept Rate=49.4% | Improvements: 75/2000 (3.8%) | Refine: 2570032/2899337 (88.6%) | Explore: 1063121/1242663 (85.6%)
T=0.31 | W=100.4um | Current HPWL=1675355.70 um | Best HPWL=1256322.32 um | Accept Rate=50.0% | Improvements: 88/2000 (4.4%) | Refine: 2578606/2913360 (88.5%) | Explore: 1064367/1248640 (85.2%)
T=0.28 | W=100.4um | Current HPWL=1658743.03 um | Best HPWL=1256322.32 um | Accept Rate=47.2% | Improvements: 78/2000 (3.9%) | Refine: 2587113/2927383 (88.4%) | Explore: 1065548/1254617 (84.9%)
T=0.25 | W=100.4um | Current HPWL=1642339.61 um | Best HPWL=1256322.32 um | Accept Rate=48.4% | Improvements: 76/2000 (3.8%) | Refine: 2595524/2941385 (88.2%) | Explore: 1066712/1260615 (84.6%)
T=0.22 | W=100.4um | Current HPWL=1626086.41 um | Best HPWL=1256322.32 um | Accept Rate=47.0% | Improvements: 75/2000 (3.8%) | Refine: 2604061/2955463 (88.1%) | Explore: 1067875/1266537 (84.3%)
T=0.20 | W=100.4um | Current HPWL=1611012.57 um | Best HPWL=1256322.32 um | Accept Rate=47.4% | Improvements: 76/2000 (3.8%) | Refine: 2612566/2969488 (88.0%) | Explore: 1068983/1272512 (84.0%)
T=0.18 | W=100.4um | Current HPWL=1594904.49 um | Best HPWL=1256322.32 um | Accept Rate=50.3% | Improvements: 77/2000 (3.9%) | Refine: 2621211/2983564 (87.9%) | Explore: 1070077/1278436 (83.7%)
T=0.16 | W=100.4um | Current HPWL=1580091.31 um | Best HPWL=1256322.32 um | Accept Rate=48.9% | Improvements: 82/2000 (4.1%) | Refine: 2629781/2997666 (87.7%) | Explore: 1071167/1284334 (83.4%)
T=0.14 | W=100.4um | Current HPWL=1565460.97 um | Best HPWL=1256322.32 um | Accept Rate=47.4% | Improvements: 82/2000 (4.1%) | Refine: 2638189/3011693 (87.6%) | Explore: 1072254/1290307 (83.1%)
T=0.12 | W=100.4um | Current HPWL=1550220.49 um | Best HPWL=1256322.32 um | Accept Rate=48.5% | Improvements: 89/2000 (4.5%) | Refine: 2646616/3025708 (87.5%) | Explore: 1073350/1296292 (82.8%)
T=0.11 | W=100.4um | Current HPWL=1536271.31 um | Best HPWL=1256322.32 um | Accept Rate=47.9% | Improvements: 79/2000 (4.0%) | Refine: 2655207/3039741 (87.3%) | Explore: 1074438/1302259 (82.5%)
T=0.10 | W=100.4um | Current HPWL=1521159.37 um | Best HPWL=1256322.32 um | Accept Rate=46.5% | Improvements: 69/2000 (3.5%) | Refine: 2663664/3053761 (87.2%) | Explore: 1075516/1308239 (82.2%)
T=0.09 | W=100.4um | Current HPWL=1508014.11 um | Best HPWL=1256322.32 um | Accept Rate=48.0% | Improvements: 55/2000 (2.8%) | Refine: 2672092/3067717 (87.1%) | Explore: 1076535/1314283 (81.9%)
T=0.08 | W=100.4um | Current HPWL=1493944.51 um | Best HPWL=1256322.32 um | Accept Rate=48.6% | Improvements: 74/2000 (3.7%) | Refine: 2680686/3081710 (87.0%) | Explore: 1077565/1320290 (81.6%)
T=0.07 | W=100.4um | Current HPWL=1480832.39 um | Best HPWL=1256322.32 um | Accept Rate=46.1% | Improvements: 65/2000 (3.2%) | Refine: 2689258/3095718 (86.9%) | Explore: 1078535/1326282 (81.3%)
T=0.06 | W=100.4um | Current HPWL=1467970.21 um | Best HPWL=1256322.32 um | Accept Rate=47.1% | Improvements: 67/2000 (3.4%) | Refine: 2697662/3109685 (86.8%) | Explore: 1079553/1332315 (81.0%)
T=0.05 | W=100.4um | Current HPWL=1455504.23 um | Best HPWL=1256322.32 um | Accept Rate=47.3% | Improvements: 68/2000 (3.4%) | Refine: 2706114/3123649 (86.6%) | Explore: 1080559/1338351 (80.7%)
T=0.05 | W=100.4um | Current HPWL=1444387.87 um | Best HPWL=1256322.32 um | Accept Rate=48.6% | Improvements: 74/2000 (3.7%) | Refine: 2714565/3137588 (86.5%) | Explore: 1081574/1344412 (80.4%)
T=0.04 | W=100.4um | Current HPWL=1432282.37 um | Best HPWL=1256322.32 um | Accept Rate=48.4% | Improvements: 59/2000 (2.9%) | Refine: 2723023/3151496 (86.4%) | Explore: 1082553/1350504 (80.2%)
T=0.04 | W=100.4um | Current HPWL=1420453.12 um | Best HPWL=1256322.32 um | Accept Rate=48.0% | Improvements: 48/2000 (2.4%) | Refine: 2731583/3165553 (86.3%) | Explore: 1083511/1356447 (79.9%)
T=0.03 | W=100.4um | Current HPWL=1409495.78 um | Best HPWL=1256322.32 um | Accept Rate=48.6% | Improvements: 70/2000 (3.5%) | Refine: 2740141/3179462 (86.2%) | Explore: 1084481/1362538 (79.6%)
T=0.03 | W=100.4um | Current HPWL=1399304.63 um | Best HPWL=1256322.32 um | Accept Rate=47.5% | Improvements: 63/2000 (3.1%) | Refine: 2748661/3193440 (86.1%) | Explore: 1085391/1368560 (79.3%)
T=0.03 | W=100.4um | Current HPWL=1388660.15 um | Best HPWL=1256322.32 um | Accept Rate=49.8% | Improvements: 65/2000 (3.2%) | Refine: 2757271/3207497 (86.0%) | Explore: 1086277/1374503 (79.0%)
T=0.02 | W=100.4um | Current HPWL=1379058.49 um | Best HPWL=1256322.32 um | Accept Rate=48.0% | Improvements: 50/2000 (2.5%) | Refine: 2765714/3221339 (85.9%) | Explore: 1087169/1380661 (78.7%)
T=0.02 | W=100.4um | Current HPWL=1368180.67 um | Best HPWL=1256322.32 um | Accept Rate=47.3% | Improvements: 71/2000 (3.5%) | Refine: 2774262/3235419 (85.7%) | Explore: 1088099/1386581 (78.5%)
T=0.02 | W=100.4um | Current HPWL=1359054.41 um | Best HPWL=1256322.32 um | Accept Rate=47.1% | Improvements: 43/2000 (2.1%) | Refine: 2782850/3249531 (85.6%) | Explore: 1089004/1392469 (78.2%)
T=0.02 | W=100.4um | Current HPWL=1349906.07 um | Best HPWL=1256322.32 um | Accept Rate=46.6% | Improvements: 44/2000 (2.2%) | Refine: 2791455/3263628 (85.5%) | Explore: 1089850/1398372 (77.9%)
T=0.01 | W=100.4um | Current HPWL=1341677.69 um | Best HPWL=1256322.32 um | Accept Rate=45.8% | Improvements: 46/2000 (2.3%) | Refine: 2799943/3277600 (85.4%) | Explore: 1090691/1404400 (77.7%)
T=0.01 | W=100.4um | Current HPWL=1332922.78 um | Best HPWL=1256322.32 um | Accept Rate=45.5% | Improvements: 43/2000 (2.1%) | Refine: 2808407/3291545 (85.3%) | Explore: 1091559/1410455 (77.4%)
T=0.01 | W=100.4um | Current HPWL=1324579.84 um | Best HPWL=1256322.32 um | Accept Rate=46.9% | Improvements: 41/2000 (2.1%) | Refine: 2816871/3305552 (85.2%) | Explore: 1092372/1416448 (77.1%)
T=0.01 | W=100.4um | Current HPWL=1314928.08 um | Best HPWL=1256322.32 um | Accept Rate=47.1% | Improvements: 52/2000 (2.6%) | Refine: 2825490/3319567 (85.1%) | Explore: 1093215/1422433 (76.9%)
T=0.01 | W=100.4um | Current HPWL=1305980.68 um | Best HPWL=1256322.32 um | Accept Rate=47.6% | Improvements: 50/2000 (2.5%) | Refine: 2834018/3333612 (85.0%) | Explore: 1094046/1428388 (76.6%)
T=0.01 | W=100.4um | Current HPWL=1297406.98 um | Best HPWL=1256322.32 um | Accept Rate=46.7% | Improvements: 44/2000 (2.2%) | Refine: 2842510/3347609 (84.9%) | Explore: 1094886/1434391 (76.3%)
T=0.01 | W=100.4um | Current HPWL=1289373.22 um | Best HPWL=1256322.32 um | Accept Rate=46.7% | Improvements: 58/2000 (2.9%) | Refine: 2850855/3361475 (84.8%) | Explore: 1095701/1440525 (76.1%)
T=0.01 | W=100.4um | Current HPWL=1281600.10 um | Best HPWL=1256322.32 um | Accept Rate=47.3% | Improvements: 38/2000 (1.9%) | Refine: 2859263/3375439 (84.7%) | Explore: 1096507/1446561 (75.8%)
T=0.01 | W=100.4um | Current HPWL=1273448.42 um | Best HPWL=1256322.32 um | Accept Rate=46.0% | Improvements: 53/2000 (2.6%) | Refine: 2867667/3389416 (84.6%) | Explore: 1097314/1452584 (75.5%)
T=0.01 | W=100.4um | Current HPWL=1267002.64 um | Best HPWL=1256322.32 um | Accept Rate=45.9% | Improvements: 49/2000 (2.5%) | Refine: 2876280/3403483 (84.5%) | Explore: 1098047/1458517 (75.3%)
T=0.00 | W=100.4um | Current HPWL=1259443.76 um | Best HPWL=1256322.32 um | Accept Rate=47.2% | Improvements: 34/2000 (1.7%) | Refine: 2884886/3417435 (84.4%) | Explore: 1098801/1464565 (75.0%)
  → Found improvement! New best HPWL: 1252156.34 um (improvement: -33.24 um)
  → Found improvement! New best HPWL: 1252131.04 um (improvement: -25.30 um)
  → Found improvement! New best HPWL: 1252107.82 um (improvement: -23.22 um)
  → Found improvement! New best HPWL: 1252102.38 um (improvement: -5.44 um)
  → Found improvement! New best HPWL: 1252058.46 um (improvement: -43.92 um)
  → Found improvement! New best HPWL: 1252047.04 um (improvement: -11.42 um)
  → Found improvement! New best HPWL: 1252042.44 um (improvement: -4.60 um)
  → Found improvement! New best HPWL: 1252019.44 um (improvement: -23.00 um)
  → Found improvement! New best HPWL: 1251999.98 um (improvement: -19.46 um)
  → Found improvement! New best HPWL: 1251996.84 um (improvement: -3.14 um)
  → Found improvement! New best HPWL: 1251993.50 um (improvement: -3.34 um)
  → Found improvement! New best HPWL: 1251993.50 um (improvement: 0.00 um)
  → Found improvement! New best HPWL: 1251977.18 um (improvement: -16.32 um)
  → Found improvement! New best HPWL: 1251944.54 um (improvement: -32.64 um)
  → Found improvement! New best HPWL: 1251944.54 um (improvement: 0.00 um)
  → Found improvement! New best HPWL: 1251921.54 um (improvement: -23.00 um)
  → Found improvement! New best HPWL: 1251892.04 um (improvement: -29.50 um)
  → Found improvement! New best HPWL: 1251872.18 um (improvement: -19.86 um)
  → Found improvement! New best HPWL: 1251866.74 um (improvement: -5.44 um)
  → Found improvement! New best HPWL: 1251864.02 um (improvement: -2.72 um)
  → Found improvement! New best HPWL: 1251836.82 um (improvement: -27.20 um)
  → Found improvement! New best HPWL: 1251822.80 um (improvement: -14.02 um)
  → Found improvement! New best HPWL: 1251813.60 um (improvement: -9.20 um)
  → Found improvement! New best HPWL: 1251803.96 um (improvement: -9.64 um)
  → Found improvement! New best HPWL: 1251788.78 um (improvement: -15.18 um)
  → Found improvement! New best HPWL: 1251780.70 um (improvement: -8.08 um)
  → Found improvement! New best HPWL: 1251776.94 um (improvement: -3.76 um)
  → Found improvement! New best HPWL: 1251765.60 um (improvement: -11.34 um)
  → Found improvement! New best HPWL: 1251746.56 um (improvement: -19.04 um)
  → Found improvement! New best HPWL: 1251707.24 um (improvement: -39.32 um)
  → Found improvement! New best HPWL: 1251691.14 um (improvement: -16.10 um)
  → Found improvement! New best HPWL: 1251687.46 um (improvement: -3.68 um)
  → Found improvement! New best HPWL: 1251684.74 um (improvement: -2.72 um)
  → Found improvement! New best HPWL: 1251646.66 um (improvement: -38.08 um)
  → Found improvement! New best HPWL: 1251599.38 um (improvement: -47.28 um)
  → Found improvement! New best HPWL: 1251590.58 um (improvement: -8.80 um)
  → Found improvement! New best HPWL: 1251574.26 um (improvement: -16.32 um)
  → Found improvement! New best HPWL: 1251563.92 um (improvement: -10.34 um)
  → Found improvement! New best HPWL: 1251563.76 um (improvement: -0.16 um)
  → Found improvement! New best HPWL: 1251541.80 um (improvement: -21.96 um)
  → Found improvement! New best HPWL: 1251503.72 um (improvement: -38.08 um)
  → Found improvement! New best HPWL: 1251488.86 um (improvement: -14.86 um)
  → Found improvement! New best HPWL: 1251458.90 um (improvement: -29.96 um)
T=0.00 | W=100.4um | Current HPWL=1251458.90 um | Best HPWL=1251458.90 um | Accept Rate=46.9% | Improvements: 44/2000 (2.2%) | Refine: 2893525/3431516 (84.3%) | Explore: 1099535/1470484 (74.8%)
  → Found improvement! New best HPWL: 1245466.72 um (improvement: -29.90 um)
  → Found improvement! New best HPWL: 1245439.86 um (improvement: -26.86 um)
  → Found improvement! New best HPWL: 1245428.78 um (improvement: -11.08 um)
  → Found improvement! New best HPWL: 1245329.28 um (improvement: -99.50 um)
  → Found improvement! New best HPWL: 1245311.30 um (improvement: -17.98 um)
  → Found improvement! New best HPWL: 1245293.10 um (improvement: -18.20 um)
  → Found improvement! New best HPWL: 1245286.20 um (improvement: -6.90 um)
  → Found improvement! New best HPWL: 1245265.28 um (improvement: -20.92 um)
  → Found improvement! New best HPWL: 1245259.84 um (improvement: -5.44 um)
  → Found improvement! New best HPWL: 1245259.84 um (improvement: 0.00 um)
  → Found improvement! New best HPWL: 1245230.86 um (improvement: -28.98 um)
  → Found improvement! New best HPWL: 1245200.96 um (improvement: -29.90 um)
  → Found improvement! New best HPWL: 1245195.52 um (improvement: -5.44 um)
  → Found improvement! New best HPWL: 1245193.22 um (improvement: -2.30 um)
  → Found improvement! New best HPWL: 1245158.72 um (improvement: -34.50 um)
  → Found improvement! New best HPWL: 1245126.74 um (improvement: -31.98 um)
  → Found improvement! New best HPWL: 1245125.28 um (improvement: -1.46 um)
  → Found improvement! New best HPWL: 1245097.26 um (improvement: -28.02 um)
  → Found improvement! New best HPWL: 1245085.76 um (improvement: -11.50 um)
  → Found improvement! New best HPWL: 1245035.16 um (improvement: -50.60 um)
  → Found improvement! New best HPWL: 1245009.86 um (improvement: -25.30 um)
  → Found improvement! New best HPWL: 1244991.24 um (improvement: -18.62 um)
  → Found improvement! New best HPWL: 1244988.32 um (improvement: -2.92 um)
  → Found improvement! New best HPWL: 1244978.68 um (improvement: -9.64 um)
  → Found improvement! New best HPWL: 1244977.76 um (improvement: -0.92 um)
  → Found improvement! New best HPWL: 1244962.08 um (improvement: -15.68 um)
  → Found improvement! New best HPWL: 1244959.78 um (improvement: -2.30 um)
  → Found improvement! New best HPWL: 1244953.16 um (improvement: -6.62 um)
  → Found improvement! New best HPWL: 1244942.28 um (improvement: -10.88 um)
  → Found improvement! New best HPWL: 1244936.44 um (improvement: -5.84 um)
  → Found improvement! New best HPWL: 1244913.54 um (improvement: -22.90 um)
  → Found improvement! New best HPWL: 1244910.82 um (improvement: -2.72 um)
  → Found improvement! New best HPWL: 1244902.24 um (improvement: -8.58 um)
  → Found improvement! New best HPWL: 1244896.80 um (improvement: -5.44 um)
  → Found improvement! New best HPWL: 1244882.06 um (improvement: -14.74 um)
  → Found improvement! New best HPWL: 1244875.14 um (improvement: -6.92 um)
  → Found improvement! New best HPWL: 1244802.52 um (improvement: -72.62 um)
  → Found improvement! New best HPWL: 1244797.08 um (improvement: -5.44 um)
  → Found improvement! New best HPWL: 1244769.88 um (improvement: -27.20 um)
  → Found improvement! New best HPWL: 1244753.56 um (improvement: -16.32 um)
  → Found improvement! New best HPWL: 1244740.00 um (improvement: -13.56 um)
  → Found improvement! New best HPWL: 1244715.08 um (improvement: -24.92 um)
  → Found improvement! New best HPWL: 1244711.40 um (improvement: -3.68 um)
  → Found improvement! New best HPWL: 1244710.24 um (improvement: -1.16 um)
  → Found improvement! New best HPWL: 1244641.24 um (improvement: -69.00 um)
  → Found improvement! New best HPWL: 1244625.86 um (improvement: -15.38 um)
  → Found improvement! New best HPWL: 1244574.60 um (improvement: -51.26 um)
  → Found improvement! New best HPWL: 1244547.40 um (improvement: -27.20 um)
T=0.00 | W=100.4um | Current HPWL=1244547.40 um | Best HPWL=1244547.40 um | Accept Rate=45.0% | Improvements: 51/2000 (2.5%) | Refine: 2902062/3445494 (84.2%) | Explore: 1100246/1476506 (74.5%)
  → Found improvement! New best HPWL: 1238335.08 um (improvement: -10.88 um)
  → Found improvement! New best HPWL: 1238321.48 um (improvement: -13.60 um)
  → Found improvement! New best HPWL: 1238313.96 um (improvement: -7.52 um)
  → Found improvement! New best HPWL: 1238278.82 um (improvement: -35.14 um)
  → Found improvement! New best HPWL: 1238253.50 um (improvement: -25.32 um)
  → Found improvement! New best HPWL: 1238245.76 um (improvement: -7.74 um)
  → Found improvement! New best HPWL: 1238238.86 um (improvement: -6.90 um)
  → Found improvement! New best HPWL: 1238201.58 um (improvement: -37.28 um)
  → Found improvement! New best HPWL: 1238193.30 um (improvement: -8.28 um)
  → Found improvement! New best HPWL: 1238182.42 um (improvement: -10.88 um)
  → Found improvement! New best HPWL: 1238175.52 um (improvement: -6.90 um)
  → Found improvement! New best HPWL: 1238166.94 um (improvement: -8.58 um)
  → Found improvement! New best HPWL: 1238154.82 um (improvement: -12.12 um)
  → Found improvement! New best HPWL: 1238131.82 um (improvement: -23.00 um)
  → Found improvement! New best HPWL: 1238120.94 um (improvement: -10.88 um)
  → Found improvement! New best HPWL: 1238117.70 um (improvement: -3.24 um)
  → Found improvement! New best HPWL: 1238101.38 um (improvement: -16.32 um)
  → Found improvement! New best HPWL: 1238087.58 um (improvement: -13.80 um)
  → Found improvement! New best HPWL: 1238085.06 um (improvement: -2.52 um)
  → Found improvement! New best HPWL: 1238052.02 um (improvement: -33.04 um)
  → Found improvement! New best HPWL: 1238047.94 um (improvement: -4.08 um)
  → Found improvement! New best HPWL: 1238038.74 um (improvement: -9.20 um)
  → Found improvement! New best HPWL: 1238027.32 um (improvement: -11.42 um)
  → Found improvement! New best HPWL: 1238005.56 um (improvement: -21.76 um)
  → Found improvement! New best HPWL: 1238001.46 um (improvement: -4.10 um)
  → Found improvement! New best HPWL: 1237999.16 um (improvement: -2.30 um)
  → Found improvement! New best HPWL: 1237997.08 um (improvement: -2.08 um)
  → Found improvement! New best HPWL: 1237978.06 um (improvement: -19.02 um)
  → Found improvement! New best HPWL: 1237964.50 um (improvement: -13.56 um)
  → Found improvement! New best HPWL: 1237916.82 um (improvement: -47.68 um)
  → Found improvement! New best HPWL: 1237903.22 um (improvement: -13.60 um)
  → Found improvement! New best HPWL: 1237886.90 um (improvement: -16.32 um)
  → Found improvement! New best HPWL: 1237880.30 um (improvement: -6.60 um)
  → Found improvement! New best HPWL: 1237858.16 um (improvement: -22.14 um)
  → Found improvement! New best HPWL: 1237830.52 um (improvement: -27.64 um)
  → Found improvement! New best HPWL: 1237816.72 um (improvement: -13.80 um)
  → Found improvement! New best HPWL: 1237811.68 um (improvement: -5.04 um)
  → Found improvement! New best HPWL: 1237792.66 um (improvement: -19.02 um)
T=0.00 | W=100.4um | Current HPWL=1237792.66 um | Best HPWL=1237792.66 um | Accept Rate=46.7% | Improvements: 38/2000 (1.9%) | Refine: 2910554/3459534 (84.1%) | Explore: 1100968/1482466 (74.3%)
  → Found improvement! New best HPWL: 1231354.84 um (improvement: -4.60 um)
  → Found improvement! New best HPWL: 1231343.96 um (improvement: -10.88 um)
  → Found improvement! New best HPWL: 1231337.90 um (improvement: -6.06 um)
  → Found improvement! New best HPWL: 1231328.70 um (improvement: -9.20 um)
  → Found improvement! New best HPWL: 1231328.48 um (improvement: -0.22 um)
  → Found improvement! New best HPWL: 1231311.92 um (improvement: -16.56 um)
  → Found improvement! New best HPWL: 1231309.74 um (improvement: -2.18 um)
  → Found improvement! New best HPWL: 1231295.92 um (improvement: -13.82 um)
  → Found improvement! New best HPWL: 1231293.62 um (improvement: -2.30 um)
  → Found improvement! New best HPWL: 1231293.08 um (improvement: -0.54 um)
  → Found improvement! New best HPWL: 1231287.64 um (improvement: -5.44 um)
  → Found improvement! New best HPWL: 1231282.20 um (improvement: -5.44 um)
  → Found improvement! New best HPWL: 1231276.14 um (improvement: -6.06 um)
  → Found improvement! New best HPWL: 1231255.98 um (improvement: -20.16 um)
  → Found improvement! New best HPWL: 1231202.42 um (improvement: -53.56 um)
  → Found improvement! New best HPWL: 1231196.58 um (improvement: -5.84 um)
  → Found improvement! New best HPWL: 1231193.86 um (improvement: -2.72 um)
  → Found improvement! New best HPWL: 1231181.40 um (improvement: -12.46 um)
  → Found improvement! New best HPWL: 1231137.70 um (improvement: -43.70 um)
  → Found improvement! New best HPWL: 1231134.48 um (improvement: -3.22 um)
  → Found improvement! New best HPWL: 1231109.58 um (improvement: -24.90 um)
  → Found improvement! New best HPWL: 1231103.72 um (improvement: -5.86 um)
  → Found improvement! New best HPWL: 1231097.84 um (improvement: -5.88 um)
  → Found improvement! New best HPWL: 1231087.80 um (improvement: -10.04 um)
  → Found improvement! New best HPWL: 1231080.46 um (improvement: -7.34 um)
  → Found improvement! New best HPWL: 1231070.88 um (improvement: -9.58 um)
  → Found improvement! New best HPWL: 1231062.72 um (improvement: -8.16 um)
  → Found improvement! New best HPWL: 1231057.90 um (improvement: -4.82 um)
  → Found improvement! New best HPWL: 1231027.16 um (improvement: -30.74 um)
  → Found improvement! New best HPWL: 1231008.32 um (improvement: -18.84 um)
T=0.00 | W=100.4um | Current HPWL=1231008.32 um | Best HPWL=1231008.32 um | Accept Rate=45.2% | Improvements: 32/2000 (1.6%) | Refine: 2919020/3473519 (84.0%) | Explore: 1101715/1488481 (74.0%)
  → Found improvement! New best HPWL: 1224698.20 um (improvement: -47.90 um)
  → Found improvement! New best HPWL: 1224681.04 um (improvement: -17.16 um)
  → Found improvement! New best HPWL: 1224633.32 um (improvement: -47.72 um)
  → Found improvement! New best HPWL: 1224606.12 um (improvement: -27.20 um)
  → Found improvement! New best HPWL: 1224584.08 um (improvement: -22.04 um)
  → Found improvement! New best HPWL: 1224527.38 um (improvement: -56.70 um)
  → Found improvement! New best HPWL: 1224516.50 um (improvement: -10.88 um)
  → Found improvement! New best HPWL: 1224499.48 um (improvement: -17.02 um)
  → Found improvement! New best HPWL: 1224498.72 um (improvement: -0.76 um)
  → Found improvement! New best HPWL: 1224492.74 um (improvement: -5.98 um)
  → Found improvement! New best HPWL: 1224457.68 um (improvement: -35.06 um)
  → Found improvement! New best HPWL: 1224443.04 um (improvement: -14.64 um)
  → Found improvement! New best HPWL: 1224443.04 um (improvement: 0.00 um)
  → Found improvement! New best HPWL: 1224373.16 um (improvement: -69.88 um)
  → Found improvement! New best HPWL: 1224329.64 um (improvement: -43.52 um)
  → Found improvement! New best HPWL: 1224327.34 um (improvement: -2.30 um)
  → Found improvement! New best HPWL: 1224296.82 um (improvement: -30.52 um)
  → Found improvement! New best HPWL: 1224273.30 um (improvement: -23.52 um)
  → Found improvement! New best HPWL: 1224262.42 um (improvement: -10.88 um)
  → Found improvement! New best HPWL: 1224253.22 um (improvement: -9.20 um)
  → Found improvement! New best HPWL: 1224233.76 um (improvement: -19.46 um)
  → Found improvement! New best HPWL: 1224218.90 um (improvement: -14.86 um)
  → Found improvement! New best HPWL: 1224205.72 um (improvement: -13.18 um)
  → Found improvement! New best HPWL: 1224191.92 um (improvement: -13.80 um)
  → Found improvement! New best HPWL: 1224184.56 um (improvement: -7.36 um)
  → Found improvement! New best HPWL: 1224174.30 um (improvement: -10.26 um)
  → Found improvement! New best HPWL: 1224171.58 um (improvement: -2.72 um)
  → Found improvement! New best HPWL: 1224160.08 um (improvement: -11.50 um)
  → Found improvement! New best HPWL: 1224137.76 um (improvement: -22.32 um)
  → Found improvement! New best HPWL: 1224126.88 um (improvement: -10.88 um)
  → Found improvement! New best HPWL: 1224121.44 um (improvement: -5.44 um)
  → Found improvement! New best HPWL: 1224057.04 um (improvement: -64.40 um)
  → Found improvement! New best HPWL: 1224041.16 um (improvement: -15.88 um)
  → Found improvement! New best HPWL: 1224030.28 um (improvement: -10.88 um)
  → Found improvement! New best HPWL: 1224019.40 um (improvement: -10.88 um)
  → Found improvement! New best HPWL: 1224017.56 um (improvement: -1.84 um)
  → Found improvement! New best HPWL: 1224009.40 um (improvement: -8.16 um)
  → Found improvement! New best HPWL: 1224007.64 um (improvement: -1.76 um)
  → Found improvement! New best HPWL: 1223985.48 um (improvement: -22.16 um)
  → Found improvement! New best HPWL: 1223964.28 um (improvement: -21.20 um)
T=0.00 | W=100.4um | Current HPWL=1223964.28 um | Best HPWL=1223964.28 um | Accept Rate=46.9% | Improvements: 44/2000 (2.2%) | Refine: 2927505/3487447 (83.9%) | Explore: 1102402/1494553 (73.8%)
  → Found improvement! New best HPWL: 1217787.64 um (improvement: -2.72 um)
  → Found improvement! New best HPWL: 1217772.70 um (improvement: -14.94 um)
  → Found improvement! New best HPWL: 1217769.56 um (improvement: -3.14 um)
  → Found improvement! New best HPWL: 1217736.92 um (improvement: -32.64 um)
  → Found improvement! New best HPWL: 1217713.16 um (improvement: -23.76 um)
  → Found improvement! New best HPWL: 1217645.40 um (improvement: -67.76 um)
  → Found improvement! New best HPWL: 1217634.52 um (improvement: -10.88 um)
  → Found improvement! New best HPWL: 1217590.82 um (improvement: -43.70 um)
  → Found improvement! New best HPWL: 1217589.92 um (improvement: -0.90 um)
  → Found improvement! New best HPWL: 1217588.24 um (improvement: -1.68 um)
  → Found improvement! New best HPWL: 1217555.60 um (improvement: -32.64 um)
  → Found improvement! New best HPWL: 1217547.02 um (improvement: -8.58 um)
  → Found improvement! New best HPWL: 1217537.20 um (improvement: -9.82 um)
  → Found improvement! New best HPWL: 1217532.60 um (improvement: -4.60 um)
  → Found improvement! New best HPWL: 1217516.28 um (improvement: -16.32 um)
  → Found improvement! New best HPWL: 1217503.94 um (improvement: -12.34 um)
  → Found improvement! New best HPWL: 1217491.90 um (improvement: -12.04 um)
  → Found improvement! New best HPWL: 1217483.28 um (improvement: -8.62 um)
  → Found improvement! New best HPWL: 1217376.44 um (improvement: -106.84 um)
  → Found improvement! New best HPWL: 1217370.16 um (improvement: -6.28 um)
  → Found improvement! New best HPWL: 1217364.72 um (improvement: -5.44 um)
  → Found improvement! New best HPWL: 1217348.80 um (improvement: -15.92 um)
  → Found improvement! New best HPWL: 1217342.12 um (improvement: -6.68 um)
  → Found improvement! New best HPWL: 1217334.60 um (improvement: -7.52 um)
  → Found improvement! New best HPWL: 1217329.16 um (improvement: -5.44 um)
  → Found improvement! New best HPWL: 1217322.26 um (improvement: -6.90 um)
  → Found improvement! New best HPWL: 1217301.34 um (improvement: -20.92 um)
  → Found improvement! New best HPWL: 1217258.26 um (improvement: -43.08 um)
  → Found improvement! New best HPWL: 1217255.96 um (improvement: -2.30 um)
  → Found improvement! New best HPWL: 1217216.24 um (improvement: -39.72 um)
  → Found improvement! New best HPWL: 1217193.24 um (improvement: -23.00 um)
  → Found improvement! New best HPWL: 1217173.50 um (improvement: -19.74 um)
  → Found improvement! New best HPWL: 1217167.52 um (improvement: -5.98 um)
  → Found improvement! New best HPWL: 1217142.22 um (improvement: -25.30 um)
  → Found improvement! New best HPWL: 1217139.92 um (improvement: -2.30 um)
  → Found improvement! New best HPWL: 1217120.06 um (improvement: -19.86 um)
  → Found improvement! New best HPWL: 1217081.38 um (improvement: -38.68 um)
  → Found improvement! New best HPWL: 1217054.62 um (improvement: -26.76 um)
  → Found improvement! New best HPWL: 1217024.28 um (improvement: -30.34 um)
  → Found improvement! New best HPWL: 1216972.84 um (improvement: -51.44 um)
  → Found improvement! New best HPWL: 1216970.12 um (improvement: -2.72 um)
  → Found improvement! New best HPWL: 1216945.88 um (improvement: -24.24 um)
  → Found improvement! New best HPWL: 1216944.42 um (improvement: -1.46 um)
  → Found improvement! New best HPWL: 1216938.90 um (improvement: -5.52 um)
  → Found improvement! New best HPWL: 1216882.62 um (improvement: -56.28 um)
  → Found improvement! New best HPWL: 1216871.74 um (improvement: -10.88 um)
  → Found improvement! New best HPWL: 1216866.42 um (improvement: -5.32 um)
  → Found improvement! New best HPWL: 1216833.78 um (improvement: -32.64 um)
T=0.00 | W=100.4um | Current HPWL=1216833.78 um | Best HPWL=1216833.78 um | Accept Rate=46.7% | Improvements: 49/2000 (2.5%) | Refine: 2936068/3501537 (83.9%) | Explore: 1103111/1500463 (73.5%)
  → Found improvement! New best HPWL: 1211157.62 um (improvement: -36.80 um)
  → Found improvement! New best HPWL: 1211139.00 um (improvement: -18.62 um)
  → Found improvement! New best HPWL: 1211108.66 um (improvement: -30.34 um)
  → Found improvement! New best HPWL: 1211067.50 um (improvement: -41.16 um)
  → Found improvement! New best HPWL: 1211047.62 um (improvement: -19.88 um)
  → Found improvement! New best HPWL: 1211032.22 um (improvement: -15.40 um)
  → Found improvement! New best HPWL: 1210978.98 um (improvement: -53.24 um)
  → Found improvement! New best HPWL: 1210976.68 um (improvement: -2.30 um)
  → Found improvement! New best HPWL: 1210968.36 um (improvement: -8.32 um)
  → Found improvement! New best HPWL: 1210965.22 um (improvement: -3.14 um)
  → Found improvement! New best HPWL: 1210945.56 um (improvement: -19.66 um)
  → Found improvement! New best HPWL: 1210943.72 um (improvement: -1.84 um)
  → Found improvement! New best HPWL: 1210931.20 um (improvement: -12.52 um)
  → Found improvement! New best HPWL: 1210928.48 um (improvement: -2.72 um)
  → Found improvement! New best HPWL: 1210912.46 um (improvement: -16.02 um)
  → Found improvement! New best HPWL: 1210895.30 um (improvement: -17.16 um)
  → Found improvement! New best HPWL: 1210892.58 um (improvement: -2.72 um)
  → Found improvement! New best HPWL: 1210855.56 um (improvement: -37.02 um)
  → Found improvement! New best HPWL: 1210855.56 um (improvement: 0.00 um)
  → Found improvement! New best HPWL: 1210853.28 um (improvement: -2.28 um)
  → Found improvement! New best HPWL: 1210828.38 um (improvement: -24.90 um)
  → Found improvement! New best HPWL: 1210816.26 um (improvement: -12.12 um)
  → Found improvement! New best HPWL: 1210813.96 um (improvement: -2.30 um)
  → Found improvement! New best HPWL: 1210808.52 um (improvement: -5.44 um)
  → Found improvement! New best HPWL: 1210803.16 um (improvement: -5.36 um)
  → Found improvement! New best HPWL: 1210767.82 um (improvement: -35.34 um)
  → Found improvement! New best HPWL: 1210759.32 um (improvement: -8.50 um)
  → Found improvement! New best HPWL: 1210759.32 um (improvement: 0.00 um)
  → Found improvement! New best HPWL: 1210758.08 um (improvement: -1.24 um)
  → Found improvement! New best HPWL: 1210741.76 um (improvement: -16.32 um)
  → Found improvement! New best HPWL: 1210738.20 um (improvement: -3.56 um)
  → Found improvement! New best HPWL: 1210735.90 um (improvement: -2.30 um)
  → Found improvement! New best HPWL: 1210735.90 um (improvement: -0.00 um)
  → Found improvement! New best HPWL: 1210735.90 um (improvement: 0.00 um)
  → Found improvement! New best HPWL: 1210708.70 um (improvement: -27.20 um)
  → Found improvement! New best HPWL: 1210706.40 um (improvement: -2.30 um)
  → Found improvement! New best HPWL: 1210695.52 um (improvement: -10.88 um)
  → Found improvement! New best HPWL: 1210684.64 um (improvement: -10.88 um)
  → Found improvement! New best HPWL: 1210680.04 um (improvement: -4.60 um)
  → Found improvement! New best HPWL: 1210673.22 um (improvement: -6.82 um)
  → Found improvement! New best HPWL: 1210650.22 um (improvement: -23.00 um)
T=0.00 | W=100.4um | Current HPWL=1210650.22 um | Best HPWL=1210650.22 um | Accept Rate=47.9% | Improvements: 39/2000 (1.9%) | Refine: 2944557/3515479 (83.8%) | Explore: 1103812/1506521 (73.3%)
T=0.00 | W=100.4um | Current HPWL=1209325.76 um | Best HPWL=1209325.76 um | Accept Rate=47.3% | Improvements: 44/2000 (2.2%) | Refine: 2946285/3518284 (83.7%) | Explore: 1103962/1507716 (73.2%)
T=0.00 | W=100.4um | Current HPWL=1208615.28 um | Best HPWL=1208615.28 um | Accept Rate=47.7% | Improvements: 40/2000 (2.0%) | Refine: 2947179/3519727 (83.7%) | Explore: 1104022/1508273 (73.2%)
T=0.00 | W=100.4um | Current HPWL=1208009.58 um | Best HPWL=1208009.58 um | Accept Rate=45.8% | Improvements: 50/2000 (2.5%) | Refine: 2948017/3521104 (83.7%) | Explore: 1104100/1508896 (73.2%)
T=0.00 | W=100.4um | Current HPWL=1207318.32 um | Best HPWL=1207318.32 um | Accept Rate=49.4% | Improvements: 45/2000 (2.2%) | Refine: 2948936/3522544 (83.7%) | Explore: 1104169/1509456 (73.2%)
T=0.00 | W=100.4um | Current HPWL=1206967.48 um | Best HPWL=1206967.48 um | Accept Rate=45.2% | Improvements: 31/2000 (1.6%) | Refine: 2949773/3523942 (83.7%) | Explore: 1104237/1510058 (73.1%)
T=0.00 | W=100.4um | Current HPWL=1206416.78 um | Best HPWL=1206416.78 um | Accept Rate=44.5% | Improvements: 32/2000 (1.6%) | Refine: 2950597/3525323 (83.7%) | Explore: 1104302/1510677 (73.1%)
T=0.00 | W=100.4um | Current HPWL=1205673.90 um | Best HPWL=1205673.90 um | Accept Rate=46.9% | Improvements: 41/2000 (2.1%) | Refine: 2951456/3526708 (83.7%) | Explore: 1104381/1511292 (73.1%)
T=0.00 | W=100.4um | Current HPWL=1205143.60 um | Best HPWL=1205143.60 um | Accept Rate=47.2% | Improvements: 46/2000 (2.3%) | Refine: 2952320/3528141 (83.7%) | Explore: 1104462/1511859 (73.1%)
  → Found improvement! New best HPWL: 1205138.16 um (improvement: -5.44 um)
  → Found improvement! New best HPWL: 1205132.94 um (improvement: -5.22 um)
  → Found improvement! New best HPWL: 1205102.20 um (improvement: -30.74 um)
  → Found improvement! New best HPWL: 1205090.72 um (improvement: -11.48 um)
  → Found improvement! New best HPWL: 1205086.54 um (improvement: -4.18 um)
  → Found improvement! New best HPWL: 1205080.70 um (improvement: -5.84 um)
  → Found improvement! New best HPWL: 1205075.26 um (improvement: -5.44 um)
  → Found improvement! New best HPWL: 1205072.04 um (improvement: -3.22 um)
  → Found improvement! New best HPWL: 1205057.40 um (improvement: -14.64 um)
  → Found improvement! New best HPWL: 1205038.58 um (improvement: -18.82 um)
  → Found improvement! New best HPWL: 1205026.86 um (improvement: -11.72 um)
  → Found improvement! New best HPWL: 1205019.16 um (improvement: -7.70 um)
  → Found improvement! New best HPWL: 1205016.86 um (improvement: -2.30 um)
  → Found improvement! New best HPWL: 1205013.22 um (improvement: -3.64 um)
  → Found improvement! New best HPWL: 1205008.84 um (improvement: -4.38 um)
  → Found improvement! New best HPWL: 1204999.64 um (improvement: -9.20 um)
  → Found improvement! New best HPWL: 1204969.74 um (improvement: -29.90 um)
  → Found improvement! New best HPWL: 1204945.28 um (improvement: -24.46 um)
  → Found improvement! New best HPWL: 1204927.72 um (improvement: -17.56 um)
  → Found improvement! New best HPWL: 1204925.36 um (improvement: -2.36 um)
  → Found improvement! New best HPWL: 1204898.20 um (improvement: -27.16 um)
  → Found improvement! New best HPWL: 1204887.76 um (improvement: -10.44 um)
  → Found improvement! New best HPWL: 1204845.88 um (improvement: -41.88 um)
  → Found improvement! New best HPWL: 1204826.92 um (improvement: -18.96 um)
  → Found improvement! New best HPWL: 1204803.92 um (improvement: -23.00 um)
  → Found improvement! New best HPWL: 1204798.48 um (improvement: -5.44 um)
  → Found improvement! New best HPWL: 1204792.50 um (improvement: -5.98 um)
  → Found improvement! New best HPWL: 1204758.84 um (improvement: -33.66 um)
  → Found improvement! New best HPWL: 1204755.08 um (improvement: -3.76 um)
  → Found improvement! New best HPWL: 1204753.00 um (improvement: -2.08 um)
  → Found improvement! New best HPWL: 1204727.48 um (improvement: -25.52 um)
  → Found improvement! New best HPWL: 1204722.04 um (improvement: -5.44 um)
  → Found improvement! New best HPWL: 1204711.16 um (improvement: -10.88 um)
  → Found improvement! New best HPWL: 1204705.02 um (improvement: -6.14 um)
  → Found improvement! New best HPWL: 1204703.98 um (improvement: -1.04 um)
  → Found improvement! New best HPWL: 1204686.82 um (improvement: -17.16 um)
  → Found improvement! New best HPWL: 1204684.52 um (improvement: -2.30 um)
  → Found improvement! New best HPWL: 1204668.70 um (improvement: -15.82 um)
  → Found improvement! New best HPWL: 1204660.54 um (improvement: -8.16 um)
  → Found improvement! New best HPWL: 1204649.66 um (improvement: -10.88 um)
  → Found improvement! New best HPWL: 1204644.22 um (improvement: -5.44 um)
T=0.00 | W=100.4um | Current HPWL=1204644.22 um | Best HPWL=1204644.22 um | Accept Rate=46.8% | Improvements: 42/2000 (2.1%) | Refine: 2953182/3529547 (83.7%) | Explore: 1104535/1512453 (73.0%)
T=0.00 | W=100.4um | Current HPWL=1204063.84 um | Best HPWL=1204063.84 um | Accept Rate=46.4% | Improvements: 30/2000 (1.5%) | Refine: 2954053/3530945 (83.7%) | Explore: 1104592/1513055 (73.0%)
T=0.00 | W=100.4um | Current HPWL=1203215.02 um | Best HPWL=1203215.02 um | Accept Rate=46.9% | Improvements: 53/2000 (2.6%) | Refine: 2954917/3532361 (83.7%) | Explore: 1104667/1513639 (73.0%)
T=0.00 | W=100.4um | Current HPWL=1202819.02 um | Best HPWL=1202819.02 um | Accept Rate=47.7% | Improvements: 37/2000 (1.8%) | Refine: 2955803/3533770 (83.6%) | Explore: 1104735/1514230 (73.0%)
T=0.00 | W=100.4um | Current HPWL=1202063.86 um | Best HPWL=1202063.86 um | Accept Rate=46.9% | Improvements: 43/2000 (2.1%) | Refine: 2956660/3535165 (83.6%) | Explore: 1104816/1514835 (72.9%)
T=0.00 | W=100.4um | Current HPWL=1201485.34 um | Best HPWL=1201485.34 um | Accept Rate=47.3% | Improvements: 43/2000 (2.1%) | Refine: 2957539/3536578 (83.6%) | Explore: 1104883/1515422 (72.9%)
T=0.00 | W=100.4um | Current HPWL=1201015.88 um | Best HPWL=1201015.88 um | Accept Rate=45.0% | Improvements: 45/2000 (2.2%) | Refine: 2958361/3537957 (83.6%) | Explore: 1104960/1516043 (72.9%)
T=0.00 | W=100.4um | Current HPWL=1200342.94 um | Best HPWL=1200342.94 um | Accept Rate=44.8% | Improvements: 39/2000 (1.9%) | Refine: 2959199/3539358 (83.6%) | Explore: 1105017/1516642 (72.9%)
T=0.00 | W=100.4um | Current HPWL=1199609.26 um | Best HPWL=1199609.26 um | Accept Rate=47.4% | Improvements: 45/2000 (2.2%) | Refine: 2960075/3540785 (83.6%) | Explore: 1105089/1517215 (72.8%)
T=0.00 | W=100.4um | Current HPWL=1199026.80 um | Best HPWL=1199026.80 um | Accept Rate=46.7% | Improvements: 39/2000 (1.9%) | Refine: 2960940/3542203 (83.6%) | Explore: 1105157/1517797 (72.8%)
  → Found improvement! New best HPWL: 1199021.36 um (improvement: -5.44 um)
  → Found improvement! New best HPWL: 1199020.32 um (improvement: -1.04 um)
  → Found improvement! New best HPWL: 1199013.42 um (improvement: -6.90 um)
  → Found improvement! New best HPWL: 1199003.48 um (improvement: -9.94 um)
  → Found improvement! New best HPWL: 1198943.64 um (improvement: -59.84 um)
  → Found improvement! New best HPWL: 1198937.36 um (improvement: -6.28 um)
  → Found improvement! New best HPWL: 1198932.76 um (improvement: -4.60 um)
  → Found improvement! New best HPWL: 1198928.08 um (improvement: -4.68 um)
  → Found improvement! New best HPWL: 1198903.18 um (improvement: -24.90 um)
  → Found improvement! New best HPWL: 1198889.38 um (improvement: -13.80 um)
  → Found improvement! New best HPWL: 1198887.08 um (improvement: -2.30 um)
  → Found improvement! New best HPWL: 1198885.36 um (improvement: -1.72 um)
  → Found improvement! New best HPWL: 1198884.74 um (improvement: -0.62 um)
  → Found improvement! New best HPWL: 1198862.98 um (improvement: -21.76 um)
  → Found improvement! New best HPWL: 1198852.14 um (improvement: -10.84 um)
  → Found improvement! New best HPWL: 1198842.52 um (improvement: -9.62 um)
  → Found improvement! New best HPWL: 1198804.04 um (improvement: -38.48 um)
  → Found improvement! New best HPWL: 1198799.44 um (improvement: -4.60 um)
  → Found improvement! New best HPWL: 1198782.92 um (improvement: -16.52 um)
  → Found improvement! New best HPWL: 1198774.34 um (improvement: -8.58 um)
  → Found improvement! New best HPWL: 1198762.62 um (improvement: -11.72 um)
  → Found improvement! New best HPWL: 1198728.12 um (improvement: -34.50 um)
  → Found improvement! New best HPWL: 1198669.58 um (improvement: -58.54 um)
  → Found improvement! New best HPWL: 1198668.66 um (improvement: -0.92 um)
  → Found improvement! New best HPWL: 1198641.06 um (improvement: -27.60 um)
  → Found improvement! New best HPWL: 1198608.80 um (improvement: -32.26 um)
  → Found improvement! New best HPWL: 1198587.04 um (improvement: -21.76 um)
  → Found improvement! New best HPWL: 1198584.74 um (improvement: -2.30 um)
  → Found improvement! New best HPWL: 1198584.24 um (improvement: -0.50 um)
  → Found improvement! New best HPWL: 1198550.20 um (improvement: -34.04 um)
  → Found improvement! New best HPWL: 1198509.40 um (improvement: -40.80 um)
  → Found improvement! New best HPWL: 1198474.04 um (improvement: -35.36 um)
T=0.00 | W=100.4um | Current HPWL=1198474.04 um | Best HPWL=1198474.04 um | Accept Rate=47.0% | Improvements: 32/2000 (1.6%) | Refine: 2961826/3543620 (83.6%) | Explore: 1105211/1518380 (72.8%)
T=0.00 | W=100.4um | Current HPWL=1197742.30 um | Best HPWL=1197742.30 um | Accept Rate=48.9% | Improvements: 43/2000 (2.1%) | Refine: 2962732/3545041 (83.6%) | Explore: 1105283/1518959 (72.8%)
T=0.00 | W=100.4um | Current HPWL=1197053.20 um | Best HPWL=1197053.20 um | Accept Rate=46.2% | Improvements: 46/2000 (2.3%) | Refine: 2963575/3546407 (83.6%) | Explore: 1105364/1519593 (72.7%)
T=0.00 | W=100.4um | Current HPWL=1196517.02 um | Best HPWL=1196517.02 um | Accept Rate=46.9% | Improvements: 38/2000 (1.9%) | Refine: 2964443/3547831 (83.6%) | Explore: 1105435/1520169 (72.7%)
T=0.00 | W=100.4um | Current HPWL=1196009.46 um | Best HPWL=1196009.46 um | Accept Rate=44.2% | Improvements: 45/2000 (2.2%) | Refine: 2965264/3549203 (83.5%) | Explore: 1105499/1520797 (72.7%)
T=0.00 | W=100.4um | Current HPWL=1195574.56 um | Best HPWL=1195574.56 um | Accept Rate=45.7% | Improvements: 36/2000 (1.8%) | Refine: 2966110/3550606 (83.5%) | Explore: 1105567/1521394 (72.7%)
T=0.00 | W=100.4um | Current HPWL=1194895.26 um | Best HPWL=1194895.26 um | Accept Rate=45.8% | Improvements: 44/2000 (2.2%) | Refine: 2966960/3551994 (83.5%) | Explore: 1105632/1522006 (72.6%)
T=0.00 | W=100.4um | Current HPWL=1194303.86 um | Best HPWL=1194303.86 um | Accept Rate=45.5% | Improvements: 38/2000 (1.9%) | Refine: 2967814/3553378 (83.5%) | Explore: 1105687/1522622 (72.6%)
T=0.00 | W=100.4um | Current HPWL=1193711.08 um | Best HPWL=1193711.08 um | Accept Rate=45.3% | Improvements: 37/2000 (1.8%) | Refine: 2968662/3554812 (83.5%) | Explore: 1105745/1523188 (72.6%)
T=0.00 | W=100.4um | Current HPWL=1193305.74 um | Best HPWL=1193305.74 um | Accept Rate=45.5% | Improvements: 32/2000 (1.6%) | Refine: 2969503/3556194 (83.5%) | Explore: 1105813/1523806 (72.6%)
  → Found improvement! New best HPWL: 1193286.70 um (improvement: -19.04 um)
  → Found improvement! New best HPWL: 1193286.28 um (improvement: -0.42 um)
  → Found improvement! New best HPWL: 1193280.22 um (improvement: -6.06 um)
  → Found improvement! New best HPWL: 1193258.46 um (improvement: -21.76 um)
  → Found improvement! New best HPWL: 1193247.58 um (improvement: -10.88 um)
  → Found improvement! New best HPWL: 1193242.98 um (improvement: -4.60 um)
  → Found improvement! New best HPWL: 1193242.98 um (improvement: 0.00 um)
  → Found improvement! New best HPWL: 1193232.10 um (improvement: -10.88 um)
  → Found improvement! New best HPWL: 1193228.50 um (improvement: -3.60 um)
  → Found improvement! New best HPWL: 1193225.78 um (improvement: -2.72 um)
  → Found improvement! New best HPWL: 1193209.46 um (improvement: -16.32 um)
  → Found improvement! New best HPWL: 1193203.82 um (improvement: -5.64 um)
  → Found improvement! New best HPWL: 1193165.06 um (improvement: -38.76 um)
  → Found improvement! New best HPWL: 1193133.48 um (improvement: -31.58 um)
  → Found improvement! New best HPWL: 1193132.56 um (improvement: -0.92 um)
  → Found improvement! New best HPWL: 1193130.26 um (improvement: -2.30 um)
  → Found improvement! New best HPWL: 1193124.82 um (improvement: -5.44 um)
  → Found improvement! New best HPWL: 1193117.92 um (improvement: -6.90 um)
  → Found improvement! New best HPWL: 1193085.72 um (improvement: -32.20 um)
  → Found improvement! New best HPWL: 1193047.64 um (improvement: -38.08 um)
  → Found improvement! New best HPWL: 1193036.54 um (improvement: -11.10 um)
  → Found improvement! New best HPWL: 1193028.80 um (improvement: -7.74 um)
  → Found improvement! New best HPWL: 1193024.20 um (improvement: -4.60 um)
  → Found improvement! New best HPWL: 1193021.90 um (improvement: -2.30 um)
  → Found improvement! New best HPWL: 1193014.16 um (improvement: -7.74 um)
  → Found improvement! New best HPWL: 1193006.24 um (improvement: -7.92 um)
  → Found improvement! New best HPWL: 1192996.40 um (improvement: -9.84 um)
  → Found improvement! New best HPWL: 1192986.98 um (improvement: -9.42 um)
  → Found improvement! New best HPWL: 1192986.98 um (improvement: 0.00 um)
  → Found improvement! New best HPWL: 1192929.22 um (improvement: -57.76 um)
  → Found improvement! New best HPWL: 1192875.06 um (improvement: -54.16 um)
  → Found improvement! New best HPWL: 1192869.62 um (improvement: -5.44 um)
  → Found improvement! New best HPWL: 1192867.32 um (improvement: -2.30 um)
T=0.00 | W=100.4um | Current HPWL=1192867.32 um | Best HPWL=1192867.32 um | Accept Rate=47.3% | Improvements: 32/2000 (1.6%) | Refine: 2970380/3557622 (83.5%) | Explore: 1105882/1524378 (72.5%)
T=0.00 | W=100.4um | Current HPWL=1192425.60 um | Best HPWL=1192425.60 um | Accept Rate=44.4% | Improvements: 39/2000 (1.9%) | Refine: 2971200/3559007 (83.5%) | Explore: 1105949/1524993 (72.5%)
T=0.00 | W=100.4um | Current HPWL=1191788.44 um | Best HPWL=1191788.44 um | Accept Rate=47.2% | Improvements: 33/2000 (1.7%) | Refine: 2972079/3560433 (83.5%) | Explore: 1106015/1525567 (72.5%)
T=0.00 | W=100.4um | Current HPWL=1190922.02 um | Best HPWL=1190922.02 um | Accept Rate=45.4% | Improvements: 50/2000 (2.5%) | Refine: 2972905/3561819 (83.5%) | Explore: 1106096/1526181 (72.5%)
T=0.00 | W=100.4um | Current HPWL=1190356.72 um | Best HPWL=1190356.72 um | Accept Rate=46.8% | Improvements: 42/2000 (2.1%) | Refine: 2973777/3563227 (83.5%) | Explore: 1106159/1526773 (72.5%)
T=0.00 | W=100.4um | Current HPWL=1189658.98 um | Best HPWL=1189658.98 um | Accept Rate=44.8% | Improvements: 42/2000 (2.1%) | Refine: 2974598/3564602 (83.4%) | Explore: 1106233/1527398 (72.4%)
T=0.00 | W=100.4um | Current HPWL=1189117.26 um | Best HPWL=1189117.26 um | Accept Rate=47.4% | Improvements: 33/2000 (1.7%) | Refine: 2975485/3566027 (83.4%) | Explore: 1106295/1527973 (72.4%)
T=0.00 | W=100.4um | Current HPWL=1188386.40 um | Best HPWL=1188386.40 um | Accept Rate=45.8% | Improvements: 37/2000 (1.8%) | Refine: 2976338/3567421 (83.4%) | Explore: 1106357/1528579 (72.4%)
T=0.00 | W=100.4um | Current HPWL=1187988.90 um | Best HPWL=1187988.90 um | Accept Rate=44.6% | Improvements: 36/2000 (1.8%) | Refine: 2977168/3568817 (83.4%) | Explore: 1106419/1529183 (72.4%)
T=0.00 | W=100.4um | Current HPWL=1187320.92 um | Best HPWL=1187320.92 um | Accept Rate=46.7% | Improvements: 49/2000 (2.5%) | Refine: 2978024/3570192 (83.4%) | Explore: 1106497/1529808 (72.3%)
  → Found improvement! New best HPWL: 1187316.32 um (improvement: -4.60 um)
  → Found improvement! New best HPWL: 1187292.88 um (improvement: -23.44 um)
  → Found improvement! New best HPWL: 1187279.70 um (improvement: -13.18 um)
  → Found improvement! New best HPWL: 1187269.66 um (improvement: -10.04 um)
  → Found improvement! New best HPWL: 1187244.98 um (improvement: -24.68 um)
  → Found improvement! New best HPWL: 1187237.24 um (improvement: -7.74 um)
  → Found improvement! New best HPWL: 1187231.80 um (improvement: -5.44 um)
  → Found improvement! New best HPWL: 1187228.66 um (improvement: -3.14 um)
  → Found improvement! New best HPWL: 1187198.14 um (improvement: -30.52 um)
  → Found improvement! New best HPWL: 1187183.66 um (improvement: -14.48 um)
  → Found improvement! New best HPWL: 1187178.68 um (improvement: -4.98 um)
  → Found improvement! New best HPWL: 1187173.24 um (improvement: -5.44 um)
  → Found improvement! New best HPWL: 1187149.96 um (improvement: -23.28 um)
  → Found improvement! New best HPWL: 1187144.52 um (improvement: -5.44 um)
  → Found improvement! New best HPWL: 1187135.94 um (improvement: -8.58 um)
  → Found improvement! New best HPWL: 1187126.96 um (improvement: -8.98 um)
  → Found improvement! New best HPWL: 1187093.30 um (improvement: -33.66 um)
  → Found improvement! New best HPWL: 1187081.58 um (improvement: -11.72 um)
  → Found improvement! New best HPWL: 1187081.14 um (improvement: -0.44 um)
  → Found improvement! New best HPWL: 1187074.24 um (improvement: -6.90 um)
  → Found improvement! New best HPWL: 1187069.22 um (improvement: -5.02 um)
  → Found improvement! New best HPWL: 1187066.50 um (improvement: -2.72 um)
  → Found improvement! New best HPWL: 1187030.10 um (improvement: -36.40 um)
  → Found improvement! New best HPWL: 1187024.46 um (improvement: -5.64 um)
  → Found improvement! New best HPWL: 1187016.72 um (improvement: -7.74 um)
  → Found improvement! New best HPWL: 1186991.00 um (improvement: -25.72 um)
  → Found improvement! New best HPWL: 1186956.06 um (improvement: -34.94 um)
  → Found improvement! New best HPWL: 1186943.30 um (improvement: -12.76 um)
  → Found improvement! New best HPWL: 1186936.40 um (improvement: -6.90 um)
  → Found improvement! New best HPWL: 1186935.02 um (improvement: -1.38 um)
  → Found improvement! New best HPWL: 1186929.58 um (improvement: -5.44 um)
  → Found improvement! New best HPWL: 1186927.28 um (improvement: -2.30 um)
T=0.00 | W=100.4um | Current HPWL=1186927.28 um | Best HPWL=1186927.28 um | Accept Rate=46.8% | Improvements: 32/2000 (1.6%) | Refine: 2978899/3571633 (83.4%) | Explore: 1106557/1530367 (72.3%)
T=0.00 | W=100.4um | Current HPWL=1186529.12 um | Best HPWL=1186529.12 um | Accept Rate=44.6% | Improvements: 28/2000 (1.4%) | Refine: 2979732/3573032 (83.4%) | Explore: 1106616/1530968 (72.3%)
T=0.00 | W=100.4um | Current HPWL=1186099.78 um | Best HPWL=1186099.78 um | Accept Rate=45.9% | Improvements: 27/2000 (1.4%) | Refine: 2980587/3574457 (83.4%) | Explore: 1106679/1531543 (72.3%)
T=0.00 | W=100.4um | Current HPWL=1185099.08 um | Best HPWL=1185099.08 um | Accept Rate=46.0% | Improvements: 38/2000 (1.9%) | Refine: 2981443/3575839 (83.4%) | Explore: 1106742/1532161 (72.2%)
T=0.00 | W=100.4um | Current HPWL=1184569.58 um | Best HPWL=1184569.58 um | Accept Rate=43.8% | Improvements: 36/2000 (1.8%) | Refine: 2982254/3577204 (83.4%) | Explore: 1106806/1532796 (72.2%)
T=0.00 | W=100.4um | Current HPWL=1183849.44 um | Best HPWL=1183849.44 um | Accept Rate=46.4% | Improvements: 42/2000 (2.1%) | Refine: 2983111/3578572 (83.4%) | Explore: 1106876/1533428 (72.2%)
T=0.00 | W=100.4um | Current HPWL=1183270.68 um | Best HPWL=1183270.68 um | Accept Rate=48.2% | Improvements: 32/2000 (1.6%) | Refine: 2984021/3580007 (83.4%) | Explore: 1106931/1533993 (72.2%)
T=0.00 | W=100.4um | Current HPWL=1182430.96 um | Best HPWL=1182430.96 um | Accept Rate=46.2% | Improvements: 49/2000 (2.5%) | Refine: 2984870/3581452 (83.3%) | Explore: 1107007/1534548 (72.1%)
T=0.00 | W=100.4um | Current HPWL=1181802.04 um | Best HPWL=1181802.04 um | Accept Rate=47.2% | Improvements: 44/2000 (2.2%) | Refine: 2985740/3582851 (83.3%) | Explore: 1107081/1535149 (72.1%)
T=0.00 | W=100.4um | Current HPWL=1181065.98 um | Best HPWL=1181065.98 um | Accept Rate=45.8% | Improvements: 44/2000 (2.2%) | Refine: 2986585/3584233 (83.3%) | Explore: 1107151/1535767 (72.1%)
  → Found improvement! New best HPWL: 1181061.38 um (improvement: -4.60 um)
  → Found improvement! New best HPWL: 1181061.34 um (improvement: -0.04 um)
  → Found improvement! New best HPWL: 1181056.74 um (improvement: -4.60 um)
  → Found improvement! New best HPWL: 1181054.02 um (improvement: -2.72 um)
  → Found improvement! New best HPWL: 1181053.10 um (improvement: -0.92 um)
  → Found improvement! New best HPWL: 1181048.28 um (improvement: -4.82 um)
  → Found improvement! New best HPWL: 1181044.60 um (improvement: -3.68 um)
  → Found improvement! New best HPWL: 1181025.18 um (improvement: -19.42 um)
  → Found improvement! New best HPWL: 1181022.46 um (improvement: -2.72 um)
  → Found improvement! New best HPWL: 1181004.06 um (improvement: -18.40 um)
  → Found improvement! New best HPWL: 1181000.92 um (improvement: -3.14 um)
  → Found improvement! New best HPWL: 1180936.52 um (improvement: -64.40 um)
  → Found improvement! New best HPWL: 1180934.22 um (improvement: -2.30 um)
  → Found improvement! New best HPWL: 1180929.48 um (improvement: -4.74 um)
  → Found improvement! New best HPWL: 1180929.48 um (improvement: 0.00 um)
  → Found improvement! New best HPWL: 1180909.84 um (improvement: -19.64 um)
  → Found improvement! New best HPWL: 1180909.84 um (improvement: 0.00 um)
  → Found improvement! New best HPWL: 1180876.94 um (improvement: -32.90 um)
  → Found improvement! New best HPWL: 1180876.94 um (improvement: 0.00 um)
  → Found improvement! New best HPWL: 1180865.22 um (improvement: -11.72 um)
  → Found improvement! New best HPWL: 1180845.76 um (improvement: -19.46 um)
  → Found improvement! New best HPWL: 1180802.24 um (improvement: -43.52 um)
  → Found improvement! New best HPWL: 1180798.90 um (improvement: -3.34 um)
  → Found improvement! New best HPWL: 1180771.70 um (improvement: -27.20 um)
  → Found improvement! New best HPWL: 1180771.70 um (improvement: 0.00 um)
  → Found improvement! New best HPWL: 1180763.12 um (improvement: -8.58 um)
  → Found improvement! New best HPWL: 1180748.88 um (improvement: -14.24 um)
  → Found improvement! New best HPWL: 1180746.58 um (improvement: -2.30 um)
  → Found improvement! New best HPWL: 1180746.12 um (improvement: -0.46 um)
  → Found improvement! New best HPWL: 1180685.88 um (improvement: -60.24 um)
  → Found improvement! New best HPWL: 1180680.44 um (improvement: -5.44 um)
  → Found improvement! New best HPWL: 1180667.48 um (improvement: -12.96 um)
T=0.00 | W=100.4um | Current HPWL=1180667.48 um | Best HPWL=1180667.48 um | Accept Rate=46.2% | Improvements: 31/2000 (1.6%) | Refine: 2987444/3585656 (83.3%) | Explore: 1107216/1536344 (72.1%)
T=0.00 | W=100.4um | Current HPWL=1180041.20 um | Best HPWL=1180041.20 um | Accept Rate=44.1% | Improvements: 33/2000 (1.7%) | Refine: 2988258/3587019 (83.3%) | Explore: 1107284/1536981 (72.0%)
T=0.00 | W=100.4um | Current HPWL=1179538.58 um | Best HPWL=1179538.58 um | Accept Rate=46.0% | Improvements: 34/2000 (1.7%) | Refine: 2989118/3588436 (83.3%) | Explore: 1107344/1537564 (72.0%)
T=0.00 | W=100.4um | Current HPWL=1178984.60 um | Best HPWL=1178984.60 um | Accept Rate=45.3% | Improvements: 33/2000 (1.7%) | Refine: 2989965/3589859 (83.3%) | Explore: 1107403/1538141 (72.0%)
T=0.00 | W=100.4um | Current HPWL=1178423.10 um | Best HPWL=1178423.10 um | Accept Rate=46.4% | Improvements: 36/2000 (1.8%) | Refine: 2990831/3591282 (83.3%) | Explore: 1107465/1538718 (72.0%)
T=0.00 | W=100.4um | Current HPWL=1177791.56 um | Best HPWL=1177791.56 um | Accept Rate=47.5% | Improvements: 35/2000 (1.8%) | Refine: 2991714/3592692 (83.3%) | Explore: 1107532/1539308 (71.9%)
T=0.00 | W=100.4um | Current HPWL=1177242.56 um | Best HPWL=1177242.56 um | Accept Rate=45.8% | Improvements: 41/2000 (2.1%) | Refine: 2992560/3594125 (83.3%) | Explore: 1107602/1539875 (71.9%)
T=0.00 | W=100.4um | Current HPWL=1176461.20 um | Best HPWL=1176461.20 um | Accept Rate=45.4% | Improvements: 37/2000 (1.8%) | Refine: 2993408/3595518 (83.3%) | Explore: 1107662/1540482 (71.9%)
T=0.00 | W=100.4um | Current HPWL=1175947.04 um | Best HPWL=1175947.04 um | Accept Rate=46.0% | Improvements: 36/2000 (1.8%) | Refine: 2994258/3596926 (83.2%) | Explore: 1107732/1541074 (71.9%)
T=0.00 | W=100.4um | Current HPWL=1175155.84 um | Best HPWL=1175155.84 um | Accept Rate=45.8% | Improvements: 43/2000 (2.1%) | Refine: 2995109/3598338 (83.2%) | Explore: 1107796/1541662 (71.9%)
  → Found improvement! New best HPWL: 1175121.52 um (improvement: -34.32 um)
  → Found improvement! New best HPWL: 1175101.22 um (improvement: -20.30 um)
  → Found improvement! New best HPWL: 1175094.94 um (improvement: -6.28 um)
  → Found improvement! New best HPWL: 1175078.92 um (improvement: -16.02 um)
  → Found improvement! New best HPWL: 1175075.44 um (improvement: -3.48 um)
  → Found improvement! New best HPWL: 1175058.28 um (improvement: -17.16 um)
  → Found improvement! New best HPWL: 1175053.68 um (improvement: -4.60 um)
  → Found improvement! New best HPWL: 1175041.88 um (improvement: -11.80 um)
  → Found improvement! New best HPWL: 1175041.24 um (improvement: -0.64 um)
  → Found improvement! New best HPWL: 1175033.50 um (improvement: -7.74 um)
  → Found improvement! New best HPWL: 1175030.98 um (improvement: -2.52 um)
  → Found improvement! New best HPWL: 1175005.86 um (improvement: -25.12 um)
  → Found improvement! New best HPWL: 1174995.82 um (improvement: -10.04 um)
  → Found improvement! New best HPWL: 1174993.52 um (improvement: -2.30 um)
  → Found improvement! New best HPWL: 1174982.72 um (improvement: -10.80 um)
  → Found improvement! New best HPWL: 1174971.84 um (improvement: -10.88 um)
  → Found improvement! New best HPWL: 1174970.60 um (improvement: -1.24 um)
  → Found improvement! New best HPWL: 1174959.10 um (improvement: -11.50 um)
  → Found improvement! New best HPWL: 1174939.46 um (improvement: -19.64 um)
  → Found improvement! New best HPWL: 1174938.00 um (improvement: -1.46 um)
  → Found improvement! New best HPWL: 1174909.34 um (improvement: -28.66 um)
  → Found improvement! New best HPWL: 1174896.16 um (improvement: -13.18 um)
  → Found improvement! New best HPWL: 1174893.24 um (improvement: -2.92 um)
  → Found improvement! New best HPWL: 1174881.40 um (improvement: -11.84 um)
  → Found improvement! New best HPWL: 1174853.58 um (improvement: -27.82 um)
T=0.00 | W=100.4um | Current HPWL=1174853.58 um | Best HPWL=1174853.58 um | Accept Rate=45.0% | Improvements: 27/2000 (1.4%) | Refine: 2995952/3599777 (83.2%) | Explore: 1107852/1542223 (71.8%)

============================================================
SA Optimization Complete
============================================================
Initial HPWL: 1256322.32 um
Final Total HPWL: 1174853.58 um
Improvement: 81468.74 um (6.48%)
Total Iterations: 2571
============================================================

