
============================================================
Simulated Annealing Optimization
============================================================
Initial HPWL: 1256322.32 um
Initial Temperature: 12563223200.00
Cooling Rate (alpha): 0.995
Moves per Temperature: 2500
Final Temperature: 0.001
Initial Window Size: 501.80 um
Window Cooling Rate (beta): 0.98
Move Probabilities: Refine=70.0%, Explore=30.0%
============================================================

T=12563223200.00 | W=501.8um | Current HPWL=2157203.27 um | Best HPWL=1256322.32 um | Accept Rate=100.0% | Improvements: 98/2500 (3.9%) | Refine: 1716/1716 (100.0%) | Explore: 784/784 (100.0%)
T=11949008856.82 | W=410.0um | Current HPWL=4458954.13 um | Best HPWL=1256322.32 um | Accept Rate=100.0% | Improvements: 613/2500 (24.5%) | Refine: 19213/19213 (100.0%) | Explore: 8287/8287 (100.0%)
T=11364823372.75 | W=335.0um | Current HPWL=4854051.01 um | Best HPWL=1256322.32 um | Accept Rate=100.0% | Improvements: 669/2500 (26.8%) | Refine: 36694/36694 (100.0%) | Explore: 15806/15806 (100.0%)
T=10809198640.78 | W=273.7um | Current HPWL=5095378.72 um | Best HPWL=1256322.32 um | Accept Rate=100.0% | Improvements: 708/2500 (28.3%) | Refine: 54194/54194 (100.0%) | Explore: 23306/23306 (100.0%)
T=10280738329.46 | W=223.7um | Current HPWL=5192826.56 um | Best HPWL=1256322.32 um | Accept Rate=100.0% | Improvements: 662/2500 (26.5%) | Refine: 71655/71655 (100.0%) | Explore: 30845/30845 (100.0%)
T=9778114373.82 | W=182.7um | Current HPWL=5261423.93 um | Best HPWL=1256322.32 um | Accept Rate=100.0% | Improvements: 689/2500 (27.6%) | Refine: 89189/89189 (100.0%) | Explore: 38311/38311 (100.0%)
T=9300063637.79 | W=149.3um | Current HPWL=5302839.93 um | Best HPWL=1256322.32 um | Accept Rate=100.0% | Improvements: 679/2500 (27.2%) | Refine: 106723/106723 (100.0%) | Explore: 45777/45777 (100.0%)
T=8845384739.88 | W=122.0um | Current HPWL=5364725.44 um | Best HPWL=1256322.32 um | Accept Rate=100.0% | Improvements: 635/2500 (25.4%) | Refine: 124252/124252 (100.0%) | Explore: 53248/53248 (100.0%)
T=8412935033.97 | W=100.4um | Current HPWL=5350929.25 um | Best HPWL=1256322.32 um | Accept Rate=100.0% | Improvements: 709/2500 (28.4%) | Refine: 141726/141726 (100.0%) | Explore: 60774/60774 (100.0%)
T=8001627737.75 | W=100.4um | Current HPWL=5407668.78 um | Best HPWL=1256322.32 um | Accept Rate=100.0% | Improvements: 737/2500 (29.5%) | Refine: 159218/159218 (100.0%) | Explore: 68282/68282 (100.0%)
T=7610429201.59 | W=100.4um | Current HPWL=5392795.43 um | Best HPWL=1256322.32 um | Accept Rate=100.0% | Improvements: 703/2500 (28.1%) | Refine: 176764/176764 (100.0%) | Explore: 75736/75736 (100.0%)
T=7238356310.83 | W=100.4um | Current HPWL=5436388.25 um | Best HPWL=1256322.32 um | Accept Rate=100.0% | Improvements: 723/2500 (28.9%) | Refine: 194303/194303 (100.0%) | Explore: 83197/83197 (100.0%)
T=6884474015.15 | W=100.4um | Current HPWL=5501198.53 um | Best HPWL=1256322.32 um | Accept Rate=100.0% | Improvements: 709/2500 (28.4%) | Refine: 211668/211668 (100.0%) | Explore: 90832/90832 (100.0%)
T=6547892978.74 | W=100.4um | Current HPWL=5502857.54 um | Best HPWL=1256322.32 um | Accept Rate=100.0% | Improvements: 698/2500 (27.9%) | Refine: 229197/229197 (100.0%) | Explore: 98303/98303 (100.0%)
T=6227767345.28 | W=100.4um | Current HPWL=5503315.14 um | Best HPWL=1256322.32 um | Accept Rate=100.0% | Improvements: 730/2500 (29.2%) | Refine: 246761/246761 (100.0%) | Explore: 105739/105739 (100.0%)
T=5923292612.28 | W=100.4um | Current HPWL=5527387.64 um | Best HPWL=1256322.32 um | Accept Rate=100.0% | Improvements: 712/2500 (28.5%) | Refine: 264207/264207 (100.0%) | Explore: 113293/113293 (100.0%)
T=5633703609.26 | W=100.4um | Current HPWL=5545958.65 um | Best HPWL=1256322.32 um | Accept Rate=100.0% | Improvements: 709/2500 (28.4%) | Refine: 281647/281647 (100.0%) | Explore: 120853/120853 (100.0%)
T=5358272574.80 | W=100.4um | Current HPWL=5551206.48 um | Best HPWL=1256322.32 um | Accept Rate=100.0% | Improvements: 701/2500 (28.0%) | Refine: 299286/299286 (100.0%) | Explore: 128214/128214 (100.0%)
T=5096307327.69 | W=100.4um | Current HPWL=5591251.64 um | Best HPWL=1256322.32 um | Accept Rate=100.0% | Improvements: 674/2500 (27.0%) | Refine: 316807/316807 (100.0%) | Explore: 135693/135693 (100.0%)
T=4847149527.34 | W=100.4um | Current HPWL=5603458.93 um | Best HPWL=1256322.32 um | Accept Rate=100.0% | Improvements: 705/2500 (28.2%) | Refine: 334318/334318 (100.0%) | Explore: 143182/143182 (100.0%)
T=4610173019.33 | W=100.4um | Current HPWL=5626395.70 um | Best HPWL=1256322.32 um | Accept Rate=100.0% | Improvements: 680/2500 (27.2%) | Refine: 351867/351867 (100.0%) | Explore: 150633/150633 (100.0%)
T=4384782261.89 | W=100.4um | Current HPWL=5657617.37 um | Best HPWL=1256322.32 um | Accept Rate=100.0% | Improvements: 684/2500 (27.4%) | Refine: 369374/369374 (100.0%) | Explore: 158126/158126 (100.0%)
T=4170410829.17 | W=100.4um | Current HPWL=5697722.33 um | Best HPWL=1256322.32 um | Accept Rate=100.0% | Improvements: 700/2500 (28.0%) | Refine: 386911/386911 (100.0%) | Explore: 165589/165589 (100.0%)
T=3966519987.82 | W=100.4um | Current HPWL=5684726.48 um | Best HPWL=1256322.32 um | Accept Rate=100.0% | Improvements: 722/2500 (28.9%) | Refine: 404357/404357 (100.0%) | Explore: 173143/173143 (100.0%)
T=3772597343.11 | W=100.4um | Current HPWL=5702754.49 um | Best HPWL=1256322.32 um | Accept Rate=100.0% | Improvements: 719/2500 (28.8%) | Refine: 421800/421800 (100.0%) | Explore: 180700/180700 (100.0%)
T=3588155551.20 | W=100.4um | Current HPWL=5702492.50 um | Best HPWL=1256322.32 um | Accept Rate=100.0% | Improvements: 671/2500 (26.8%) | Refine: 439341/439341 (100.0%) | Explore: 188159/188159 (100.0%)
T=3412731094.44 | W=100.4um | Current HPWL=5721667.07 um | Best HPWL=1256322.32 um | Accept Rate=100.0% | Improvements: 692/2500 (27.7%) | Refine: 456926/456926 (100.0%) | Explore: 195574/195574 (100.0%)
T=3245883116.48 | W=100.4um | Current HPWL=5734628.06 um | Best HPWL=1256322.32 um | Accept Rate=100.0% | Improvements: 711/2500 (28.4%) | Refine: 474467/474467 (100.0%) | Explore: 203033/203033 (100.0%)
T=3087192314.39 | W=100.4um | Current HPWL=5739439.28 um | Best HPWL=1256322.32 um | Accept Rate=100.0% | Improvements: 689/2500 (27.6%) | Refine: 491889/491889 (100.0%) | Explore: 210611/210611 (100.0%)
T=2936259884.91 | W=100.4um | Current HPWL=5767587.17 um | Best HPWL=1256322.32 um | Accept Rate=100.0% | Improvements: 680/2500 (27.2%) | Refine: 509400/509400 (100.0%) | Explore: 218100/218100 (100.0%)
T=2792706522.22 | W=100.4um | Current HPWL=5781463.30 um | Best HPWL=1256322.32 um | Accept Rate=100.0% | Improvements: 678/2500 (27.1%) | Refine: 526924/526924 (100.0%) | Explore: 225576/225576 (100.0%)
T=2656171464.70 | W=100.4um | Current HPWL=5791201.23 um | Best HPWL=1256322.32 um | Accept Rate=100.0% | Improvements: 686/2500 (27.4%) | Refine: 544545/544545 (100.0%) | Explore: 232955/232955 (100.0%)
T=2526311588.33 | W=100.4um | Current HPWL=5797759.13 um | Best HPWL=1256322.32 um | Accept Rate=100.0% | Improvements: 697/2500 (27.9%) | Refine: 562117/562117 (100.0%) | Explore: 240383/240383 (100.0%)
T=2402800544.37 | W=100.4um | Current HPWL=5805425.59 um | Best HPWL=1256322.32 um | Accept Rate=100.0% | Improvements: 713/2500 (28.5%) | Refine: 579639/579639 (100.0%) | Explore: 247861/247861 (100.0%)
T=2285327939.24 | W=100.4um | Current HPWL=5853503.65 um | Best HPWL=1256322.32 um | Accept Rate=100.0% | Improvements: 656/2500 (26.2%) | Refine: 597115/597115 (100.0%) | Explore: 255385/255385 (100.0%)
T=2173598554.45 | W=100.4um | Current HPWL=5854551.25 um | Best HPWL=1256322.32 um | Accept Rate=100.0% | Improvements: 711/2500 (28.4%) | Refine: 614636/614636 (100.0%) | Explore: 262864/262864 (100.0%)
T=2067331604.70 | W=100.4um | Current HPWL=5852343.99 um | Best HPWL=1256322.32 um | Accept Rate=100.0% | Improvements: 651/2500 (26.0%) | Refine: 632225/632225 (100.0%) | Explore: 270275/270275 (100.0%)
T=1966260032.27 | W=100.4um | Current HPWL=5910128.11 um | Best HPWL=1256322.32 um | Accept Rate=100.0% | Improvements: 652/2500 (26.1%) | Refine: 649743/649743 (100.0%) | Explore: 277757/277757 (100.0%)
T=1870129835.82 | W=100.4um | Current HPWL=5894305.43 um | Best HPWL=1256322.32 um | Accept Rate=100.0% | Improvements: 698/2500 (27.9%) | Refine: 667169/667169 (100.0%) | Explore: 285331/285331 (100.0%)
T=1778699432.13 | W=100.4um | Current HPWL=5913415.85 um | Best HPWL=1256322.32 um | Accept Rate=100.0% | Improvements: 683/2500 (27.3%) | Refine: 684638/684638 (100.0%) | Explore: 292862/292862 (100.0%)
T=1691739048.95 | W=100.4um | Current HPWL=5932684.47 um | Best HPWL=1256322.32 um | Accept Rate=100.0% | Improvements: 715/2500 (28.6%) | Refine: 702096/702096 (100.0%) | Explore: 300404/300404 (100.0%)
T=1609030147.57 | W=100.4um | Current HPWL=5949415.14 um | Best HPWL=1256322.32 um | Accept Rate=100.0% | Improvements: 698/2500 (27.9%) | Refine: 719483/719483 (100.0%) | Explore: 308017/308017 (100.0%)
T=1530364873.57 | W=100.4um | Current HPWL=5975961.80 um | Best HPWL=1256322.32 um | Accept Rate=100.0% | Improvements: 686/2500 (27.4%) | Refine: 737140/737140 (100.0%) | Explore: 315360/315360 (100.0%)
T=1455545534.57 | W=100.4um | Current HPWL=5983077.20 um | Best HPWL=1256322.32 um | Accept Rate=100.0% | Improvements: 704/2500 (28.2%) | Refine: 754612/754612 (100.0%) | Explore: 322888/322888 (100.0%)
T=1384384103.28 | W=100.4um | Current HPWL=5968305.42 um | Best HPWL=1256322.32 um | Accept Rate=100.0% | Improvements: 678/2500 (27.1%) | Refine: 772104/772104 (100.0%) | Explore: 330396/330396 (100.0%)
T=1316701745.08 | W=100.4um | Current HPWL=5978423.69 um | Best HPWL=1256322.32 um | Accept Rate=100.0% | Improvements: 708/2500 (28.3%) | Refine: 789760/789760 (100.0%) | Explore: 337740/337740 (100.0%)
T=1252328368.55 | W=100.4um | Current HPWL=6016955.66 um | Best HPWL=1256322.32 um | Accept Rate=100.0% | Improvements: 693/2500 (27.7%) | Refine: 807282/807282 (100.0%) | Explore: 345218/345218 (100.0%)
T=1191102198.00 | W=100.4um | Current HPWL=5971350.56 um | Best HPWL=1256322.32 um | Accept Rate=100.0% | Improvements: 676/2500 (27.0%) | Refine: 824725/824725 (100.0%) | Explore: 352775/352775 (100.0%)
T=1132869366.94 | W=100.4um | Current HPWL=6010990.77 um | Best HPWL=1256322.32 um | Accept Rate=100.0% | Improvements: 694/2500 (27.8%) | Refine: 842208/842208 (100.0%) | Explore: 360292/360292 (100.0%)
T=1077483531.39 | W=100.4um | Current HPWL=6030550.04 um | Best HPWL=1256322.32 um | Accept Rate=100.0% | Improvements: 731/2500 (29.2%) | Refine: 859732/859732 (100.0%) | Explore: 367768/367768 (100.0%)
T=1024805502.11 | W=100.4um | Current HPWL=6073991.38 um | Best HPWL=1256322.32 um | Accept Rate=100.0% | Improvements: 699/2500 (28.0%) | Refine: 877285/877285 (100.0%) | Explore: 375215/375215 (100.0%)
T=974702894.82 | W=100.4um | Current HPWL=6035123.97 um | Best HPWL=1256322.32 um | Accept Rate=100.0% | Improvements: 725/2500 (29.0%) | Refine: 894771/894771 (100.0%) | Explore: 382729/382729 (100.0%)
T=927049797.46 | W=100.4um | Current HPWL=6074171.60 um | Best HPWL=1256322.32 um | Accept Rate=100.0% | Improvements: 701/2500 (28.0%) | Refine: 912300/912300 (100.0%) | Explore: 390200/390200 (100.0%)
T=881726453.81 | W=100.4um | Current HPWL=6060914.55 um | Best HPWL=1256322.32 um | Accept Rate=100.0% | Improvements: 700/2500 (28.0%) | Refine: 929758/929758 (100.0%) | Explore: 397742/397742 (100.0%)
T=838618962.51 | W=100.4um | Current HPWL=6119442.21 um | Best HPWL=1256322.32 um | Accept Rate=100.0% | Improvements: 709/2500 (28.4%) | Refine: 947291/947291 (100.0%) | Explore: 405209/405209 (100.0%)
T=797618990.85 | W=100.4um | Current HPWL=6104683.27 um | Best HPWL=1256322.32 um | Accept Rate=100.0% | Improvements: 679/2500 (27.2%) | Refine: 964597/964597 (100.0%) | Explore: 412903/412903 (100.0%)
T=758623502.45 | W=100.4um | Current HPWL=6083868.43 um | Best HPWL=1256322.32 um | Accept Rate=100.0% | Improvements: 738/2500 (29.5%) | Refine: 982167/982167 (100.0%) | Explore: 420333/420333 (100.0%)
T=721534498.39 | W=100.4um | Current HPWL=6152580.73 um | Best HPWL=1256322.32 um | Accept Rate=100.0% | Improvements: 679/2500 (27.2%) | Refine: 999675/999675 (100.0%) | Explore: 427825/427825 (100.0%)
T=686258770.90 | W=100.4um | Current HPWL=6160156.84 um | Best HPWL=1256322.32 um | Accept Rate=100.0% | Improvements: 696/2500 (27.8%) | Refine: 1017214/1017214 (100.0%) | Explore: 435286/435286 (100.0%)
T=652707669.12 | W=100.4um | Current HPWL=6131680.75 um | Best HPWL=1256322.32 um | Accept Rate=100.0% | Improvements: 725/2500 (29.0%) | Refine: 1034757/1034757 (100.0%) | Explore: 442743/442743 (100.0%)
T=620796876.33 | W=100.4um | Current HPWL=6154266.97 um | Best HPWL=1256322.32 um | Accept Rate=100.0% | Improvements: 732/2500 (29.3%) | Refine: 1052284/1052284 (100.0%) | Explore: 450216/450216 (100.0%)
T=590446198.04 | W=100.4um | Current HPWL=6204718.25 um | Best HPWL=1256322.32 um | Accept Rate=100.0% | Improvements: 700/2500 (28.0%) | Refine: 1069773/1069773 (100.0%) | Explore: 457727/457727 (100.0%)
T=561579360.45 | W=100.4um | Current HPWL=6145417.03 um | Best HPWL=1256322.32 um | Accept Rate=100.0% | Improvements: 686/2500 (27.4%) | Refine: 1087296/1087296 (100.0%) | Explore: 465204/465204 (100.0%)
T=534123818.79 | W=100.4um | Current HPWL=6203289.92 um | Best HPWL=1256322.32 um | Accept Rate=100.0% | Improvements: 690/2500 (27.6%) | Refine: 1104808/1104808 (100.0%) | Explore: 472692/472692 (100.0%)
T=508010574.97 | W=100.4um | Current HPWL=6241197.18 um | Best HPWL=1256322.32 um | Accept Rate=100.0% | Improvements: 654/2500 (26.2%) | Refine: 1122348/1122348 (100.0%) | Explore: 480152/480152 (100.0%)
T=483174004.24 | W=100.4um | Current HPWL=6228423.93 um | Best HPWL=1256322.32 um | Accept Rate=100.0% | Improvements: 707/2500 (28.3%) | Refine: 1139880/1139880 (100.0%) | Explore: 487620/487620 (100.0%)
T=459551690.21 | W=100.4um | Current HPWL=6242479.16 um | Best HPWL=1256322.32 um | Accept Rate=100.0% | Improvements: 723/2500 (28.9%) | Refine: 1157403/1157403 (100.0%) | Explore: 495097/495097 (100.0%)
T=437084268.03 | W=100.4um | Current HPWL=6266947.55 um | Best HPWL=1256322.32 um | Accept Rate=100.0% | Improvements: 674/2500 (27.0%) | Refine: 1174871/1174871 (100.0%) | Explore: 502629/502629 (100.0%)
T=415715275.19 | W=100.4um | Current HPWL=6244544.74 um | Best HPWL=1256322.32 um | Accept Rate=100.0% | Improvements: 720/2500 (28.8%) | Refine: 1192439/1192439 (100.0%) | Explore: 510061/510061 (100.0%)
T=395391009.62 | W=100.4um | Current HPWL=6264230.54 um | Best HPWL=1256322.32 um | Accept Rate=100.0% | Improvements: 706/2500 (28.2%) | Refine: 1209972/1209972 (100.0%) | Explore: 517528/517528 (100.0%)
T=376060394.75 | W=100.4um | Current HPWL=6267065.92 um | Best HPWL=1256322.32 um | Accept Rate=100.0% | Improvements: 703/2500 (28.1%) | Refine: 1227487/1227487 (100.0%) | Explore: 525013/525013 (100.0%)
T=357674851.11 | W=100.4um | Current HPWL=6266820.65 um | Best HPWL=1256322.32 um | Accept Rate=100.0% | Improvements: 707/2500 (28.3%) | Refine: 1245068/1245068 (100.0%) | Explore: 532432/532432 (100.0%)
T=340188174.31 | W=100.4um | Current HPWL=6298669.48 um | Best HPWL=1256322.32 um | Accept Rate=100.0% | Improvements: 697/2500 (27.9%) | Refine: 1262578/1262578 (100.0%) | Explore: 539922/539922 (100.0%)
T=323556418.85 | W=100.4um | Current HPWL=6308031.05 um | Best HPWL=1256322.32 um | Accept Rate=100.0% | Improvements: 693/2500 (27.7%) | Refine: 1280093/1280093 (100.0%) | Explore: 547407/547407 (100.0%)
T=307737787.74 | W=100.4um | Current HPWL=6318862.72 um | Best HPWL=1256322.32 um | Accept Rate=100.0% | Improvements: 704/2500 (28.2%) | Refine: 1297715/1297715 (100.0%) | Explore: 554785/554785 (100.0%)
T=292692527.45 | W=100.4um | Current HPWL=6323895.78 um | Best HPWL=1256322.32 um | Accept Rate=100.0% | Improvements: 713/2500 (28.5%) | Refine: 1315272/1315272 (100.0%) | Explore: 562228/562228 (100.0%)
T=278382827.97 | W=100.4um | Current HPWL=6321246.40 um | Best HPWL=1256322.32 um | Accept Rate=100.0% | Improvements: 715/2500 (28.6%) | Refine: 1332702/1332702 (100.0%) | Explore: 569798/569798 (100.0%)
T=264772727.83 | W=100.4um | Current HPWL=6322785.32 um | Best HPWL=1256322.32 um | Accept Rate=100.0% | Improvements: 704/2500 (28.2%) | Refine: 1350121/1350121 (100.0%) | Explore: 577379/577379 (100.0%)
T=251828023.71 | W=100.4um | Current HPWL=6294840.90 um | Best HPWL=1256322.32 um | Accept Rate=100.0% | Improvements: 692/2500 (27.7%) | Refine: 1367621/1367621 (100.0%) | Explore: 584879/584879 (100.0%)
T=239516184.48 | W=100.4um | Current HPWL=6317993.68 um | Best HPWL=1256322.32 um | Accept Rate=100.0% | Improvements: 726/2500 (29.0%) | Refine: 1384972/1384972 (100.0%) | Explore: 592528/592528 (100.0%)
T=227806269.47 | W=100.4um | Current HPWL=6339910.72 um | Best HPWL=1256322.32 um | Accept Rate=100.0% | Improvements: 675/2500 (27.0%) | Refine: 1402516/1402516 (100.0%) | Explore: 599984/599984 (100.0%)
T=216668850.68 | W=100.4um | Current HPWL=6379666.43 um | Best HPWL=1256322.32 um | Accept Rate=100.0% | Improvements: 716/2500 (28.6%) | Refine: 1420072/1420072 (100.0%) | Explore: 607428/607428 (100.0%)
T=206075938.84 | W=100.4um | Current HPWL=6359568.69 um | Best HPWL=1256322.32 um | Accept Rate=100.0% | Improvements: 731/2500 (29.2%) | Refine: 1437550/1437550 (100.0%) | Explore: 614950/614950 (100.0%)
T=196000913.07 | W=100.4um | Current HPWL=6395297.95 um | Best HPWL=1256322.32 um | Accept Rate=100.0% | Improvements: 726/2500 (29.0%) | Refine: 1455014/1455014 (100.0%) | Explore: 622486/622486 (100.0%)
T=186418454.01 | W=100.4um | Current HPWL=6403413.67 um | Best HPWL=1256322.32 um | Accept Rate=100.0% | Improvements: 644/2500 (25.8%) | Refine: 1472582/1472582 (100.0%) | Explore: 629918/629918 (100.0%)
T=177304480.11 | W=100.4um | Current HPWL=6381441.75 um | Best HPWL=1256322.32 um | Accept Rate=100.0% | Improvements: 729/2500 (29.2%) | Refine: 1490102/1490102 (100.0%) | Explore: 637398/637398 (100.0%)
T=168636087.21 | W=100.4um | Current HPWL=6400461.89 um | Best HPWL=1256322.32 um | Accept Rate=100.0% | Improvements: 717/2500 (28.7%) | Refine: 1507545/1507545 (100.0%) | Explore: 644955/644955 (100.0%)
T=160391490.91 | W=100.4um | Current HPWL=6451577.59 um | Best HPWL=1256322.32 um | Accept Rate=100.0% | Improvements: 724/2500 (29.0%) | Refine: 1524947/1524947 (100.0%) | Explore: 652553/652553 (100.0%)
T=152549971.84 | W=100.4um | Current HPWL=6459864.97 um | Best HPWL=1256322.32 um | Accept Rate=100.0% | Improvements: 655/2500 (26.2%) | Refine: 1542436/1542436 (100.0%) | Explore: 660064/660064 (100.0%)
T=145091823.62 | W=100.4um | Current HPWL=6455707.76 um | Best HPWL=1256322.32 um | Accept Rate=100.0% | Improvements: 684/2500 (27.4%) | Refine: 1559887/1559887 (100.0%) | Explore: 667613/667613 (100.0%)
T=137998303.29 | W=100.4um | Current HPWL=6429723.29 um | Best HPWL=1256322.32 um | Accept Rate=100.0% | Improvements: 682/2500 (27.3%) | Refine: 1577468/1577468 (100.0%) | Explore: 675032/675032 (100.0%)
T=131251584.25 | W=100.4um | Current HPWL=6511009.72 um | Best HPWL=1256322.32 um | Accept Rate=100.0% | Improvements: 697/2500 (27.9%) | Refine: 1594985/1594985 (100.0%) | Explore: 682515/682515 (100.0%)
T=124834711.42 | W=100.4um | Current HPWL=6485486.93 um | Best HPWL=1256322.32 um | Accept Rate=100.0% | Improvements: 669/2500 (26.8%) | Refine: 1612472/1612472 (100.0%) | Explore: 690028/690028 (100.0%)
T=118731558.67 | W=100.4um | Current HPWL=6479031.61 um | Best HPWL=1256322.32 um | Accept Rate=100.0% | Improvements: 711/2500 (28.4%) | Refine: 1630000/1630000 (100.0%) | Explore: 697500/697500 (100.0%)
T=112926788.25 | W=100.4um | Current HPWL=6537062.04 um | Best HPWL=1256322.32 um | Accept Rate=100.0% | Improvements: 692/2500 (27.7%) | Refine: 1647410/1647410 (100.0%) | Explore: 705090/705090 (100.0%)
T=107405812.31 | W=100.4um | Current HPWL=6490688.23 um | Best HPWL=1256322.32 um | Accept Rate=100.0% | Improvements: 751/2500 (30.0%) | Refine: 1664686/1664686 (100.0%) | Explore: 712814/712814 (100.0%)
T=102154756.16 | W=100.4um | Current HPWL=6509165.53 um | Best HPWL=1256322.32 um | Accept Rate=100.0% | Improvements: 661/2500 (26.4%) | Refine: 1682147/1682147 (100.0%) | Explore: 720353/720353 (100.0%)
T=97160423.46 | W=100.4um | Current HPWL=6478531.10 um | Best HPWL=1256322.32 um | Accept Rate=100.0% | Improvements: 735/2500 (29.4%) | Refine: 1699623/1699623 (100.0%) | Explore: 727877/727877 (100.0%)
T=92410263.03 | W=100.4um | Current HPWL=6492978.71 um | Best HPWL=1256322.32 um | Accept Rate=100.0% | Improvements: 694/2500 (27.8%) | Refine: 1717177/1717177 (100.0%) | Explore: 735323/735323 (100.0%)
T=87892337.33 | W=100.4um | Current HPWL=6537337.05 um | Best HPWL=1256322.32 um | Accept Rate=100.0% | Improvements: 734/2500 (29.4%) | Refine: 1734558/1734558 (100.0%) | Explore: 742942/742942 (100.0%)
T=83595292.42 | W=100.4um | Current HPWL=6539075.94 um | Best HPWL=1256322.32 um | Accept Rate=100.0% | Improvements: 706/2500 (28.2%) | Refine: 1751971/1751971 (100.0%) | Explore: 750529/750529 (100.0%)
T=79508329.48 | W=100.4um | Current HPWL=6557079.29 um | Best HPWL=1256322.32 um | Accept Rate=100.0% | Improvements: 723/2500 (28.9%) | Refine: 1769515/1769515 (100.0%) | Explore: 757985/757985 (100.0%)
T=75621177.63 | W=100.4um | Current HPWL=6594282.84 um | Best HPWL=1256322.32 um | Accept Rate=100.0% | Improvements: 689/2500 (27.6%) | Refine: 1787015/1787015 (100.0%) | Explore: 765485/765485 (100.0%)
T=71924068.12 | W=100.4um | Current HPWL=6577465.64 um | Best HPWL=1256322.32 um | Accept Rate=100.0% | Improvements: 689/2500 (27.6%) | Refine: 1804495/1804495 (100.0%) | Explore: 773005/773005 (100.0%)
T=68407709.81 | W=100.4um | Current HPWL=6577948.58 um | Best HPWL=1256322.32 um | Accept Rate=100.0% | Improvements: 658/2500 (26.3%) | Refine: 1821918/1821918 (100.0%) | Explore: 780582/780582 (100.0%)
T=65063265.80 | W=100.4um | Current HPWL=6592923.57 um | Best HPWL=1256322.32 um | Accept Rate=100.0% | Improvements: 684/2500 (27.4%) | Refine: 1839440/1839440 (100.0%) | Explore: 788060/788060 (100.0%)
T=61882331.23 | W=100.4um | Current HPWL=6598363.00 um | Best HPWL=1256322.32 um | Accept Rate=100.0% | Improvements: 699/2500 (28.0%) | Refine: 1856997/1856997 (100.0%) | Explore: 795503/795503 (100.0%)
T=58856912.13 | W=100.4um | Current HPWL=6637507.20 um | Best HPWL=1256322.32 um | Accept Rate=100.0% | Improvements: 721/2500 (28.8%) | Refine: 1874468/1874468 (100.0%) | Explore: 803032/803032 (100.0%)
T=55979405.37 | W=100.4um | Current HPWL=6621304.43 um | Best HPWL=1256322.32 um | Accept Rate=100.0% | Improvements: 703/2500 (28.1%) | Refine: 1891991/1891991 (100.0%) | Explore: 810509/810509 (100.0%)
T=53242579.55 | W=100.4um | Current HPWL=6632557.78 um | Best HPWL=1256322.32 um | Accept Rate=100.0% | Improvements: 686/2500 (27.4%) | Refine: 1909558/1909558 (100.0%) | Explore: 817942/817942 (100.0%)
T=50639556.78 | W=100.4um | Current HPWL=6636751.13 um | Best HPWL=1256322.32 um | Accept Rate=100.0% | Improvements: 701/2500 (28.0%) | Refine: 1926984/1926984 (100.0%) | Explore: 825516/825516 (100.0%)
T=48163795.45 | W=100.4um | Current HPWL=6633948.38 um | Best HPWL=1256322.32 um | Accept Rate=100.0% | Improvements: 690/2500 (27.6%) | Refine: 1944544/1944544 (100.0%) | Explore: 832956/832956 (100.0%)
T=45809073.78 | W=100.4um | Current HPWL=6688958.92 um | Best HPWL=1256322.32 um | Accept Rate=100.0% | Improvements: 653/2500 (26.1%) | Refine: 1962053/1962053 (100.0%) | Explore: 840447/840447 (100.0%)
T=43569474.14 | W=100.4um | Current HPWL=6664235.91 um | Best HPWL=1256322.32 um | Accept Rate=100.0% | Improvements: 692/2500 (27.7%) | Refine: 1979554/1979554 (100.0%) | Explore: 847946/847946 (100.0%)
T=41439368.23 | W=100.4um | Current HPWL=6699982.32 um | Best HPWL=1256322.32 um | Accept Rate=100.0% | Improvements: 672/2500 (26.9%) | Refine: 1997111/1997111 (100.0%) | Explore: 855389/855389 (100.0%)
T=39413402.93 | W=100.4um | Current HPWL=6671276.83 um | Best HPWL=1256322.32 um | Accept Rate=100.0% | Improvements: 712/2500 (28.5%) | Refine: 2014480/2014480 (100.0%) | Explore: 863020/863020 (100.0%)
T=37486486.80 | W=100.4um | Current HPWL=6655162.16 um | Best HPWL=1256322.32 um | Accept Rate=100.0% | Improvements: 692/2500 (27.7%) | Refine: 2032059/2032059 (100.0%) | Explore: 870441/870441 (100.0%)
T=35653777.35 | W=100.4um | Current HPWL=6683025.60 um | Best HPWL=1256322.32 um | Accept Rate=100.0% | Improvements: 698/2500 (27.9%) | Refine: 2049471/2049471 (100.0%) | Explore: 878029/878029 (100.0%)
T=33910668.83 | W=100.4um | Current HPWL=6692293.90 um | Best HPWL=1256322.32 um | Accept Rate=100.0% | Improvements: 697/2500 (27.9%) | Refine: 2066920/2066921 (100.0%) | Explore: 885579/885579 (100.0%)
T=32252780.65 | W=100.4um | Current HPWL=6709139.84 um | Best HPWL=1256322.32 um | Accept Rate=100.0% | Improvements: 648/2500 (25.9%) | Refine: 2084315/2084316 (100.0%) | Explore: 893184/893184 (100.0%)
T=30675946.41 | W=100.4um | Current HPWL=6705197.64 um | Best HPWL=1256322.32 um | Accept Rate=100.0% | Improvements: 739/2500 (29.6%) | Refine: 2101772/2101773 (100.0%) | Explore: 900727/900727 (100.0%)
T=29176203.40 | W=100.4um | Current HPWL=6710949.42 um | Best HPWL=1256322.32 um | Accept Rate=100.0% | Improvements: 694/2500 (27.8%) | Refine: 2119160/2119161 (100.0%) | Explore: 908339/908339 (100.0%)
T=27749782.62 | W=100.4um | Current HPWL=6749314.04 um | Best HPWL=1256322.32 um | Accept Rate=100.0% | Improvements: 658/2500 (26.3%) | Refine: 2136680/2136681 (100.0%) | Explore: 915819/915819 (100.0%)
T=26393099.37 | W=100.4um | Current HPWL=6719661.02 um | Best HPWL=1256322.32 um | Accept Rate=100.0% | Improvements: 662/2500 (26.5%) | Refine: 2154178/2154179 (100.0%) | Explore: 923321/923321 (100.0%)
T=25102744.18 | W=100.4um | Current HPWL=6745876.09 um | Best HPWL=1256322.32 um | Accept Rate=100.0% | Improvements: 718/2500 (28.7%) | Refine: 2171598/2171600 (100.0%) | Explore: 930900/930900 (100.0%)
T=23875474.29 | W=100.4um | Current HPWL=6761548.76 um | Best HPWL=1256322.32 um | Accept Rate=100.0% | Improvements: 689/2500 (27.6%) | Refine: 2189065/2189067 (100.0%) | Explore: 938433/938433 (100.0%)
T=22708205.47 | W=100.4um | Current HPWL=6785437.64 um | Best HPWL=1256322.32 um | Accept Rate=100.0% | Improvements: 669/2500 (26.8%) | Refine: 2206663/2206665 (100.0%) | Explore: 945835/945835 (100.0%)
T=21598004.27 | W=100.4um | Current HPWL=6725929.96 um | Best HPWL=1256322.32 um | Accept Rate=100.0% | Improvements: 740/2500 (29.6%) | Refine: 2224063/2224065 (100.0%) | Explore: 953435/953435 (100.0%)
T=20542080.66 | W=100.4um | Current HPWL=6753415.77 um | Best HPWL=1256322.32 um | Accept Rate=100.0% | Improvements: 697/2500 (27.9%) | Refine: 2241610/2241612 (100.0%) | Explore: 960888/960888 (100.0%)
T=19537781.01 | W=100.4um | Current HPWL=6738426.98 um | Best HPWL=1256322.32 um | Accept Rate=100.0% | Improvements: 720/2500 (28.8%) | Refine: 2259089/2259091 (100.0%) | Explore: 968409/968409 (100.0%)
T=18582581.45 | W=100.4um | Current HPWL=6765591.88 um | Best HPWL=1256322.32 um | Accept Rate=100.0% | Improvements: 726/2500 (29.0%) | Refine: 2276521/2276523 (100.0%) | Explore: 975977/975977 (100.0%)
T=17674081.47 | W=100.4um | Current HPWL=6801137.32 um | Best HPWL=1256322.32 um | Accept Rate=100.0% | Improvements: 681/2500 (27.2%) | Refine: 2294138/2294140 (100.0%) | Explore: 983360/983360 (100.0%)
T=16809997.93 | W=100.4um | Current HPWL=6784075.17 um | Best HPWL=1256322.32 um | Accept Rate=100.0% | Improvements: 715/2500 (28.6%) | Refine: 2311531/2311533 (100.0%) | Explore: 990967/990967 (100.0%)
T=15988159.32 | W=100.4um | Current HPWL=6792933.45 um | Best HPWL=1256322.32 um | Accept Rate=100.0% | Improvements: 669/2500 (26.8%) | Refine: 2329075/2329077 (100.0%) | Explore: 998423/998423 (100.0%)
T=15206500.30 | W=100.4um | Current HPWL=6780679.68 um | Best HPWL=1256322.32 um | Accept Rate=100.0% | Improvements: 698/2500 (27.9%) | Refine: 2346637/2346639 (100.0%) | Explore: 1005861/1005861 (100.0%)
T=14463056.48 | W=100.4um | Current HPWL=6736015.06 um | Best HPWL=1256322.32 um | Accept Rate=100.0% | Improvements: 672/2500 (26.9%) | Refine: 2364185/2364187 (100.0%) | Explore: 1013313/1013313 (100.0%)
T=13755959.54 | W=100.4um | Current HPWL=6750763.88 um | Best HPWL=1256322.32 um | Accept Rate=100.0% | Improvements: 723/2500 (28.9%) | Refine: 2381593/2381595 (100.0%) | Explore: 1020905/1020905 (100.0%)
T=13083432.47 | W=100.4um | Current HPWL=6738519.82 um | Best HPWL=1256322.32 um | Accept Rate=100.0% | Improvements: 703/2500 (28.1%) | Refine: 2399150/2399152 (100.0%) | Explore: 1028348/1028348 (100.0%)
T=12443785.17 | W=100.4um | Current HPWL=6819664.28 um | Best HPWL=1256322.32 um | Accept Rate=100.0% | Improvements: 665/2500 (26.6%) | Refine: 2416550/2416552 (100.0%) | Explore: 1035948/1035948 (100.0%)
T=11835410.13 | W=100.4um | Current HPWL=6849411.16 um | Best HPWL=1256322.32 um | Accept Rate=100.0% | Improvements: 743/2500 (29.7%) | Refine: 2433899/2433901 (100.0%) | Explore: 1043599/1043599 (100.0%)
T=11256778.48 | W=100.4um | Current HPWL=6819051.79 um | Best HPWL=1256322.32 um | Accept Rate=100.0% | Improvements: 647/2500 (25.9%) | Refine: 2451381/2451383 (100.0%) | Explore: 1051117/1051117 (100.0%)
T=10706436.04 | W=100.4um | Current HPWL=6814523.66 um | Best HPWL=1256322.32 um | Accept Rate=100.0% | Improvements: 714/2500 (28.6%) | Refine: 2468892/2468895 (100.0%) | Explore: 1058605/1058605 (100.0%)
T=10182999.78 | W=100.4um | Current HPWL=6837455.62 um | Best HPWL=1256322.32 um | Accept Rate=100.0% | Improvements: 671/2500 (26.8%) | Refine: 2486470/2486473 (100.0%) | Explore: 1066027/1066027 (100.0%)
T=9685154.25 | W=100.4um | Current HPWL=6847244.17 um | Best HPWL=1256322.32 um | Accept Rate=100.0% | Improvements: 708/2500 (28.3%) | Refine: 2504086/2504089 (100.0%) | Explore: 1073411/1073411 (100.0%)
T=9211648.32 | W=100.4um | Current HPWL=6846873.14 um | Best HPWL=1256322.32 um | Accept Rate=100.0% | Improvements: 678/2500 (27.1%) | Refine: 2521476/2521480 (100.0%) | Explore: 1081020/1081020 (100.0%)
T=8761292.04 | W=100.4um | Current HPWL=6805730.18 um | Best HPWL=1256322.32 um | Accept Rate=100.0% | Improvements: 712/2500 (28.5%) | Refine: 2539055/2539060 (100.0%) | Explore: 1088440/1088440 (100.0%)
T=8332953.61 | W=100.4um | Current HPWL=6810008.48 um | Best HPWL=1256322.32 um | Accept Rate=100.0% | Improvements: 681/2500 (27.2%) | Refine: 2556602/2556608 (100.0%) | Explore: 1095892/1095892 (100.0%)
T=7925556.60 | W=100.4um | Current HPWL=6848931.49 um | Best HPWL=1256322.32 um | Accept Rate=100.0% | Improvements: 700/2500 (28.0%) | Refine: 2574209/2574215 (100.0%) | Explore: 1103285/1103285 (100.0%)
T=7538077.17 | W=100.4um | Current HPWL=6836519.43 um | Best HPWL=1256322.32 um | Accept Rate=100.0% | Improvements: 646/2500 (25.8%) | Refine: 2591691/2591697 (100.0%) | Explore: 1110803/1110803 (100.0%)
T=7169541.56 | W=100.4um | Current HPWL=6842840.60 um | Best HPWL=1256322.32 um | Accept Rate=100.0% | Improvements: 687/2500 (27.5%) | Refine: 2609168/2609174 (100.0%) | Explore: 1118326/1118326 (100.0%)
T=6819023.61 | W=100.4um | Current HPWL=6813406.24 um | Best HPWL=1256322.32 um | Accept Rate=100.0% | Improvements: 707/2500 (28.3%) | Refine: 2626636/2626642 (100.0%) | Explore: 1125858/1125858 (100.0%)
T=6485642.44 | W=100.4um | Current HPWL=6843286.64 um | Best HPWL=1256322.32 um | Accept Rate=100.0% | Improvements: 728/2500 (29.1%) | Refine: 2644200/2644206 (100.0%) | Explore: 1133294/1133294 (100.0%)
T=6168560.22 | W=100.4um | Current HPWL=6838518.15 um | Best HPWL=1256322.32 um | Accept Rate=100.0% | Improvements: 706/2500 (28.2%) | Refine: 2661736/2661742 (100.0%) | Explore: 1140758/1140758 (100.0%)
T=5866980.12 | W=100.4um | Current HPWL=6798067.85 um | Best HPWL=1256322.32 um | Accept Rate=100.0% | Improvements: 728/2500 (29.1%) | Refine: 2679254/2679260 (100.0%) | Explore: 1148240/1148240 (100.0%)
T=5580144.23 | W=100.4um | Current HPWL=6853614.98 um | Best HPWL=1256322.32 um | Accept Rate=100.0% | Improvements: 682/2500 (27.3%) | Refine: 2696790/2696796 (100.0%) | Explore: 1155704/1155704 (100.0%)
T=5307331.70 | W=100.4um | Current HPWL=6873547.89 um | Best HPWL=1256322.32 um | Accept Rate=100.0% | Improvements: 677/2500 (27.1%) | Refine: 2714254/2714260 (100.0%) | Explore: 1163240/1163240 (100.0%)
T=5047856.95 | W=100.4um | Current HPWL=6853830.53 um | Best HPWL=1256322.32 um | Accept Rate=100.0% | Improvements: 686/2500 (27.4%) | Refine: 2731802/2731808 (100.0%) | Explore: 1170692/1170692 (100.0%)
T=4801067.88 | W=100.4um | Current HPWL=6817567.73 um | Best HPWL=1256322.32 um | Accept Rate=100.0% | Improvements: 739/2500 (29.6%) | Refine: 2749407/2749413 (100.0%) | Explore: 1178087/1178087 (100.0%)
T=4566344.30 | W=100.4um | Current HPWL=6843574.95 um | Best HPWL=1256322.32 um | Accept Rate=100.0% | Improvements: 668/2500 (26.7%) | Refine: 2766931/2766937 (100.0%) | Explore: 1185563/1185563 (100.0%)
T=4343096.32 | W=100.4um | Current HPWL=6836099.40 um | Best HPWL=1256322.32 um | Accept Rate=100.0% | Improvements: 685/2500 (27.4%) | Refine: 2784446/2784452 (100.0%) | Explore: 1193048/1193048 (100.0%)
T=4130762.91 | W=100.4um | Current HPWL=6887073.56 um | Best HPWL=1256322.32 um | Accept Rate=100.0% | Improvements: 715/2500 (28.6%) | Refine: 2801946/2801952 (100.0%) | Explore: 1200548/1200548 (100.0%)
T=3928810.45 | W=100.4um | Current HPWL=6883414.26 um | Best HPWL=1256322.32 um | Accept Rate=100.0% | Improvements: 689/2500 (27.6%) | Refine: 2819482/2819489 (100.0%) | Explore: 1208011/1208011 (100.0%)
T=3736731.42 | W=100.4um | Current HPWL=6888075.98 um | Best HPWL=1256322.32 um | Accept Rate=100.0% | Improvements: 700/2500 (28.0%) | Refine: 2836875/2836884 (100.0%) | Explore: 1215616/1215616 (100.0%)
T=3554043.11 | W=100.4um | Current HPWL=6925053.89 um | Best HPWL=1256322.32 um | Accept Rate=100.0% | Improvements: 699/2500 (28.0%) | Refine: 2854459/2854468 (100.0%) | Explore: 1223032/1223032 (100.0%)
T=3380286.40 | W=100.4um | Current HPWL=6949667.55 um | Best HPWL=1256322.32 um | Accept Rate=100.0% | Improvements: 682/2500 (27.3%) | Refine: 2871973/2871982 (100.0%) | Explore: 1230518/1230518 (100.0%)
T=3215024.64 | W=100.4um | Current HPWL=6908383.54 um | Best HPWL=1256322.32 um | Accept Rate=100.0% | Improvements: 733/2500 (29.3%) | Refine: 2889359/2889369 (100.0%) | Explore: 1238131/1238131 (100.0%)
T=3057842.51 | W=100.4um | Current HPWL=6905513.83 um | Best HPWL=1256322.32 um | Accept Rate=100.0% | Improvements: 722/2500 (28.9%) | Refine: 2906711/2906721 (100.0%) | Explore: 1245779/1245779 (100.0%)
T=2908344.99 | W=100.4um | Current HPWL=6953143.74 um | Best HPWL=1256322.32 um | Accept Rate=100.0% | Improvements: 692/2500 (27.7%) | Refine: 2924309/2924320 (100.0%) | Explore: 1253180/1253180 (100.0%)
T=2766156.38 | W=100.4um | Current HPWL=6914958.33 um | Best HPWL=1256322.32 um | Accept Rate=100.0% | Improvements: 682/2500 (27.3%) | Refine: 2941859/2941871 (100.0%) | Explore: 1260629/1260629 (100.0%)
T=2630919.35 | W=100.4um | Current HPWL=6964161.46 um | Best HPWL=1256322.32 um | Accept Rate=100.0% | Improvements: 712/2500 (28.5%) | Refine: 2959220/2959233 (100.0%) | Explore: 1268267/1268267 (100.0%)
T=2502294.05 | W=100.4um | Current HPWL=6942167.30 um | Best HPWL=1256322.32 um | Accept Rate=100.0% | Improvements: 712/2500 (28.5%) | Refine: 2976666/2976679 (100.0%) | Explore: 1275821/1275821 (100.0%)
T=2379957.22 | W=100.4um | Current HPWL=6940092.71 um | Best HPWL=1256322.32 um | Accept Rate=100.0% | Improvements: 714/2500 (28.6%) | Refine: 2994139/2994152 (100.0%) | Explore: 1283348/1283348 (100.0%)
T=2263601.42 | W=100.4um | Current HPWL=6960534.97 um | Best HPWL=1256322.32 um | Accept Rate=100.0% | Improvements: 711/2500 (28.4%) | Refine: 3011579/3011594 (100.0%) | Explore: 1290906/1290906 (100.0%)
T=2152934.24 | W=100.4um | Current HPWL=6942773.13 um | Best HPWL=1256322.32 um | Accept Rate=100.0% | Improvements: 727/2500 (29.1%) | Refine: 3029080/3029096 (100.0%) | Explore: 1298404/1298404 (100.0%)
T=2047677.57 | W=100.4um | Current HPWL=6936571.16 um | Best HPWL=1256322.32 um | Accept Rate=100.0% | Improvements: 669/2500 (26.8%) | Refine: 3046559/3046575 (100.0%) | Explore: 1305925/1305925 (100.0%)
T=1947566.88 | W=100.4um | Current HPWL=6920469.97 um | Best HPWL=1256322.32 um | Accept Rate=100.0% | Improvements: 726/2500 (29.0%) | Refine: 3064178/3064195 (100.0%) | Explore: 1313304/1313305 (100.0%)
T=1852350.59 | W=100.4um | Current HPWL=6908498.64 um | Best HPWL=1256322.32 um | Accept Rate=100.0% | Improvements: 700/2500 (28.0%) | Refine: 3081639/3081656 (100.0%) | Explore: 1320843/1320844 (100.0%)
T=1761789.41 | W=100.4um | Current HPWL=6904911.16 um | Best HPWL=1256322.32 um | Accept Rate=100.0% | Improvements: 724/2500 (29.0%) | Refine: 3099142/3099160 (100.0%) | Explore: 1328338/1328340 (100.0%)
T=1675655.76 | W=100.4um | Current HPWL=6928701.28 um | Best HPWL=1256322.32 um | Accept Rate=100.0% | Improvements: 715/2500 (28.6%) | Refine: 3116637/3116655 (100.0%) | Explore: 1335843/1335845 (100.0%)
T=1593733.17 | W=100.4um | Current HPWL=6894857.43 um | Best HPWL=1256322.32 um | Accept Rate=100.0% | Improvements: 702/2500 (28.1%) | Refine: 3134251/3134270 (100.0%) | Explore: 1343228/1343230 (100.0%)
T=1515815.76 | W=100.4um | Current HPWL=6947595.65 um | Best HPWL=1256322.32 um | Accept Rate=100.0% | Improvements: 688/2500 (27.5%) | Refine: 3151782/3151802 (100.0%) | Explore: 1350696/1350698 (100.0%)
T=1441707.72 | W=100.4um | Current HPWL=6941209.04 um | Best HPWL=1256322.32 um | Accept Rate=100.0% | Improvements: 723/2500 (28.9%) | Refine: 3169155/3169176 (100.0%) | Explore: 1358322/1358324 (100.0%)
T=1371222.82 | W=100.4um | Current HPWL=6943060.97 um | Best HPWL=1256322.32 um | Accept Rate=100.0% | Improvements: 725/2500 (29.0%) | Refine: 3186626/3186647 (100.0%) | Explore: 1365851/1365853 (100.0%)
T=1304183.92 | W=100.4um | Current HPWL=6929926.02 um | Best HPWL=1256322.32 um | Accept Rate=100.0% | Improvements: 709/2500 (28.4%) | Refine: 3204117/3204140 (100.0%) | Explore: 1373358/1373360 (100.0%)
T=1240422.54 | W=100.4um | Current HPWL=6962446.97 um | Best HPWL=1256322.32 um | Accept Rate=100.0% | Improvements: 695/2500 (27.8%) | Refine: 3221704/3221728 (100.0%) | Explore: 1380770/1380772 (100.0%)
T=1179778.44 | W=100.4um | Current HPWL=6980321.99 um | Best HPWL=1256322.32 um | Accept Rate=100.0% | Improvements: 667/2500 (26.7%) | Refine: 3239185/3239210 (100.0%) | Explore: 1388288/1388290 (100.0%)
T=1122099.23 | W=100.4um | Current HPWL=6999483.34 um | Best HPWL=1256322.32 um | Accept Rate=100.0% | Improvements: 700/2500 (28.0%) | Refine: 3256771/3256799 (100.0%) | Explore: 1395699/1395701 (100.0%)
T=1067239.94 | W=100.4um | Current HPWL=6989746.74 um | Best HPWL=1256322.32 um | Accept Rate=100.0% | Improvements: 709/2500 (28.4%) | Refine: 3274224/3274254 (100.0%) | Explore: 1403244/1403246 (100.0%)
T=1015062.72 | W=100.4um | Current HPWL=6934633.29 um | Best HPWL=1256322.32 um | Accept Rate=100.0% | Improvements: 675/2500 (27.0%) | Refine: 3291751/3291782 (100.0%) | Explore: 1410715/1410718 (100.0%)
T=965436.44 | W=100.4um | Current HPWL=6997457.75 um | Best HPWL=1256322.32 um | Accept Rate=100.0% | Improvements: 678/2500 (27.1%) | Refine: 3309279/3309311 (100.0%) | Explore: 1418186/1418189 (100.0%)
T=918236.37 | W=100.4um | Current HPWL=6982413.73 um | Best HPWL=1256322.32 um | Accept Rate=100.0% | Improvements: 701/2500 (28.0%) | Refine: 3326840/3326873 (100.0%) | Explore: 1425624/1425627 (100.0%)
T=873343.92 | W=100.4um | Current HPWL=6985128.07 um | Best HPWL=1256322.32 um | Accept Rate=100.0% | Improvements: 720/2500 (28.8%) | Refine: 3344275/3344310 (100.0%) | Explore: 1433187/1433190 (100.0%)
T=830646.25 | W=100.4um | Current HPWL=6995717.84 um | Best HPWL=1256322.32 um | Accept Rate=100.0% | Improvements: 681/2500 (27.2%) | Refine: 3361793/3361832 (100.0%) | Explore: 1440665/1440668 (100.0%)
T=790036.06 | W=100.4um | Current HPWL=7048103.09 um | Best HPWL=1256322.32 um | Accept Rate=100.0% | Improvements: 731/2500 (29.2%) | Refine: 3379230/3379271 (100.0%) | Explore: 1448226/1448229 (100.0%)
T=751411.30 | W=100.4um | Current HPWL=7015057.01 um | Best HPWL=1256322.32 um | Accept Rate=100.0% | Improvements: 712/2500 (28.5%) | Refine: 3396874/3396918 (100.0%) | Explore: 1455579/1455582 (100.0%)
T=714674.90 | W=100.4um | Current HPWL=6979630.67 um | Best HPWL=1256322.32 um | Accept Rate=100.0% | Improvements: 744/2500 (29.8%) | Refine: 3414317/3414362 (100.0%) | Explore: 1463135/1463138 (100.0%)
T=679734.54 | W=100.4um | Current HPWL=7021300.91 um | Best HPWL=1256322.32 um | Accept Rate=100.0% | Improvements: 746/2500 (29.8%) | Refine: 3431697/3431745 (100.0%) | Explore: 1470752/1470755 (100.0%)
T=646502.40 | W=100.4um | Current HPWL=6983913.73 um | Best HPWL=1256322.32 um | Accept Rate=100.0% | Improvements: 693/2500 (27.7%) | Refine: 3449143/3449195 (100.0%) | Explore: 1478301/1478305 (100.0%)
T=614894.99 | W=100.4um | Current HPWL=7006511.28 um | Best HPWL=1256322.32 um | Accept Rate=100.0% | Improvements: 677/2500 (27.1%) | Refine: 3466486/3466539 (100.0%) | Explore: 1485957/1485961 (100.0%)
T=584832.85 | W=100.4um | Current HPWL=7013439.15 um | Best HPWL=1256322.32 um | Accept Rate=100.0% | Improvements: 694/2500 (27.8%) | Refine: 3483829/3483883 (100.0%) | Explore: 1493613/1493617 (100.0%)
T=556240.45 | W=100.4um | Current HPWL=7026329.48 um | Best HPWL=1256322.32 um | Accept Rate=100.0% | Improvements: 711/2500 (28.4%) | Refine: 3501412/3501471 (100.0%) | Explore: 1501025/1501029 (100.0%)
T=529045.93 | W=100.4um | Current HPWL=7025703.95 um | Best HPWL=1256322.32 um | Accept Rate=100.0% | Improvements: 678/2500 (27.1%) | Refine: 3518934/3519003 (100.0%) | Explore: 1508492/1508497 (100.0%)
T=503180.94 | W=100.4um | Current HPWL=7048362.53 um | Best HPWL=1256322.32 um | Accept Rate=100.0% | Improvements: 709/2500 (28.4%) | Refine: 3536297/3536369 (100.0%) | Explore: 1516125/1516131 (100.0%)
T=478580.49 | W=100.4um | Current HPWL=7057115.90 um | Best HPWL=1256322.32 um | Accept Rate=99.9% | Improvements: 670/2500 (26.8%) | Refine: 3553716/3553794 (100.0%) | Explore: 1523700/1523706 (100.0%)
T=455182.75 | W=100.4um | Current HPWL=7016884.15 um | Best HPWL=1256322.32 um | Accept Rate=100.0% | Improvements: 686/2500 (27.4%) | Refine: 3571284/3571366 (100.0%) | Explore: 1531127/1531134 (100.0%)
T=432928.93 | W=100.4um | Current HPWL=7079762.65 um | Best HPWL=1256322.32 um | Accept Rate=100.0% | Improvements: 703/2500 (28.1%) | Refine: 3588832/3588920 (100.0%) | Explore: 1538572/1538580 (100.0%)
T=411763.09 | W=100.4um | Current HPWL=7086033.74 um | Best HPWL=1256322.32 um | Accept Rate=100.0% | Improvements: 694/2500 (27.8%) | Refine: 3606258/3606352 (100.0%) | Explore: 1546139/1546148 (100.0%)
T=391632.04 | W=100.4um | Current HPWL=7026482.24 um | Best HPWL=1256322.32 um | Accept Rate=100.0% | Improvements: 729/2500 (29.2%) | Refine: 3623747/3623844 (100.0%) | Explore: 1553645/1553656 (100.0%)
T=372485.20 | W=100.4um | Current HPWL=7018886.21 um | Best HPWL=1256322.32 um | Accept Rate=100.0% | Improvements: 693/2500 (27.7%) | Refine: 3641224/3641330 (100.0%) | Explore: 1561158/1561170 (100.0%)
T=354274.45 | W=100.4um | Current HPWL=7049436.89 um | Best HPWL=1256322.32 um | Accept Rate=100.0% | Improvements: 706/2500 (28.2%) | Refine: 3658807/3658914 (100.0%) | Explore: 1568574/1568586 (100.0%)
T=336954.02 | W=100.4um | Current HPWL=7077883.80 um | Best HPWL=1256322.32 um | Accept Rate=100.0% | Improvements: 696/2500 (27.8%) | Refine: 3676200/3676309 (100.0%) | Explore: 1576178/1576191 (100.0%)
T=320480.38 | W=100.4um | Current HPWL=7070880.59 um | Best HPWL=1256322.32 um | Accept Rate=100.0% | Improvements: 683/2500 (27.3%) | Refine: 3693722/3693833 (100.0%) | Explore: 1583654/1583667 (100.0%)
T=304812.14 | W=100.4um | Current HPWL=7080222.20 um | Best HPWL=1256322.32 um | Accept Rate=100.0% | Improvements: 708/2500 (28.3%) | Refine: 3711226/3711340 (100.0%) | Explore: 1591147/1591160 (100.0%)
T=289909.91 | W=100.4um | Current HPWL=7092304.26 um | Best HPWL=1256322.32 um | Accept Rate=100.0% | Improvements: 724/2500 (29.0%) | Refine: 3728672/3728790 (100.0%) | Explore: 1598695/1598710 (100.0%)
T=275736.25 | W=100.4um | Current HPWL=7055013.95 um | Best HPWL=1256322.32 um | Accept Rate=100.0% | Improvements: 692/2500 (27.7%) | Refine: 3746140/3746266 (100.0%) | Explore: 1606216/1606234 (100.0%)
T=262255.54 | W=100.4um | Current HPWL=7073799.75 um | Best HPWL=1256322.32 um | Accept Rate=100.0% | Improvements: 687/2500 (27.5%) | Refine: 3763723/3763855 (100.0%) | Explore: 1613627/1613645 (100.0%)
T=249433.91 | W=100.4um | Current HPWL=7067691.03 um | Best HPWL=1256322.32 um | Accept Rate=100.0% | Improvements: 701/2500 (28.0%) | Refine: 3781087/3781227 (100.0%) | Explore: 1621254/1621273 (100.0%)
T=237239.11 | W=100.4um | Current HPWL=7052005.43 um | Best HPWL=1256322.32 um | Accept Rate=100.0% | Improvements: 717/2500 (28.7%) | Refine: 3798484/3798629 (100.0%) | Explore: 1628851/1628871 (100.0%)
T=225640.52 | W=100.4um | Current HPWL=7112039.50 um | Best HPWL=1256322.32 um | Accept Rate=99.9% | Improvements: 711/2500 (28.4%) | Refine: 3816061/3816214 (100.0%) | Explore: 1636265/1636286 (100.0%)
T=214608.99 | W=100.4um | Current HPWL=7105562.95 um | Best HPWL=1256322.32 um | Accept Rate=100.0% | Improvements: 695/2500 (27.8%) | Refine: 3833507/3833665 (100.0%) | Explore: 1643811/1643835 (100.0%)
T=204116.78 | W=100.4um | Current HPWL=7073553.70 um | Best HPWL=1256322.32 um | Accept Rate=100.0% | Improvements: 713/2500 (28.5%) | Refine: 3851004/3851168 (100.0%) | Explore: 1651307/1651332 (100.0%)
T=194137.54 | W=100.4um | Current HPWL=7104950.50 um | Best HPWL=1256322.32 um | Accept Rate=100.0% | Improvements: 646/2500 (25.8%) | Refine: 3868504/3868679 (100.0%) | Explore: 1658795/1658821 (100.0%)
T=184646.18 | W=100.4um | Current HPWL=7097228.01 um | Best HPWL=1256322.32 um | Accept Rate=100.0% | Improvements: 700/2500 (28.0%) | Refine: 3885996/3886181 (100.0%) | Explore: 1666293/1666319 (100.0%)
T=175618.85 | W=100.4um | Current HPWL=7115463.63 um | Best HPWL=1256322.32 um | Accept Rate=100.0% | Improvements: 749/2500 (30.0%) | Refine: 3903356/3903550 (100.0%) | Explore: 1673922/1673950 (100.0%)
T=167032.87 | W=100.4um | Current HPWL=7143713.80 um | Best HPWL=1256322.32 um | Accept Rate=99.9% | Improvements: 658/2500 (26.3%) | Refine: 3920769/3920976 (100.0%) | Explore: 1681495/1681524 (100.0%)
T=158866.66 | W=100.4um | Current HPWL=7129745.83 um | Best HPWL=1256322.32 um | Accept Rate=99.9% | Improvements: 661/2500 (26.4%) | Refine: 3938064/3938281 (100.0%) | Explore: 1689188/1689219 (100.0%)
T=151099.69 | W=100.4um | Current HPWL=7039619.44 um | Best HPWL=1256322.32 um | Accept Rate=100.0% | Improvements: 742/2500 (29.7%) | Refine: 3955585/3955810 (100.0%) | Explore: 1696658/1696690 (100.0%)
T=143712.44 | W=100.4um | Current HPWL=7080879.32 um | Best HPWL=1256322.32 um | Accept Rate=99.9% | Improvements: 726/2500 (29.0%) | Refine: 3973036/3973274 (100.0%) | Explore: 1704193/1704226 (100.0%)
T=136686.36 | W=100.4um | Current HPWL=7123162.11 um | Best HPWL=1256322.32 um | Accept Rate=99.9% | Improvements: 708/2500 (28.3%) | Refine: 3990401/3990650 (100.0%) | Explore: 1711815/1711850 (100.0%)
T=130003.78 | W=100.4um | Current HPWL=7107727.25 um | Best HPWL=1256322.32 um | Accept Rate=99.9% | Improvements: 708/2500 (28.3%) | Refine: 4007960/4008229 (100.0%) | Explore: 1719236/1719271 (100.0%)
T=123647.91 | W=100.4um | Current HPWL=7083250.49 um | Best HPWL=1256322.32 um | Accept Rate=99.9% | Improvements: 710/2500 (28.4%) | Refine: 4025532/4025818 (100.0%) | Explore: 1726647/1726682 (100.0%)
T=117602.78 | W=100.4um | Current HPWL=7135625.21 um | Best HPWL=1256322.32 um | Accept Rate=100.0% | Improvements: 686/2500 (27.4%) | Refine: 4043068/4043364 (100.0%) | Explore: 1734100/1734136 (100.0%)
T=111853.20 | W=100.4um | Current HPWL=7153176.58 um | Best HPWL=1256322.32 um | Accept Rate=100.0% | Improvements: 682/2500 (27.3%) | Refine: 4060590/4060902 (100.0%) | Explore: 1741561/1741598 (100.0%)
T=106384.71 | W=100.4um | Current HPWL=7056711.68 um | Best HPWL=1256322.32 um | Accept Rate=100.0% | Improvements: 692/2500 (27.7%) | Refine: 4078227/4078551 (100.0%) | Explore: 1748911/1748949 (100.0%)
T=101183.58 | W=100.4um | Current HPWL=7111098.99 um | Best HPWL=1256322.32 um | Accept Rate=99.9% | Improvements: 694/2500 (27.8%) | Refine: 4095668/4096014 (100.0%) | Explore: 1756448/1756486 (100.0%)
T=96236.72 | W=100.4um | Current HPWL=7103336.80 um | Best HPWL=1256322.32 um | Accept Rate=99.8% | Improvements: 691/2500 (27.6%) | Refine: 4113239/4113605 (100.0%) | Explore: 1763856/1763895 (100.0%)
T=91531.72 | W=100.4um | Current HPWL=7084645.99 um | Best HPWL=1256322.32 um | Accept Rate=100.0% | Improvements: 713/2500 (28.5%) | Refine: 4130649/4131033 (100.0%) | Explore: 1771428/1771467 (100.0%)
T=87056.75 | W=100.4um | Current HPWL=7092614.43 um | Best HPWL=1256322.32 um | Accept Rate=100.0% | Improvements: 716/2500 (28.6%) | Refine: 4148080/4148478 (100.0%) | Explore: 1778983/1779022 (100.0%)
