
============================================================
Simulated Annealing Optimization
============================================================
Initial HPWL: 1256322.32 um
Initial Temperature: 12563223200.00
Cooling Rate (alpha): 0.9883333333333333
Moves per Temperature: 2000
Final Temperature: 0.001
Initial Window Size: 501.80 um
Window Cooling Rate (beta): 0.98
Move Probabilities: Refine=70.0%, Explore=30.0%
============================================================

T=12563223200.00 | W=501.8um | Current HPWL=2032754.33 um | Best HPWL=1256322.32 um | Accept Rate=100.0% | Improvements: 72/2000 (3.6%) | Refine: 1400/1400 (100.0%) | Explore: 600/600 (100.0%)
T=11172117776.45 | W=410.0um | Current HPWL=4275911.05 um | Best HPWL=1256322.32 um | Accept Rate=100.0% | Improvements: 475/2000 (23.8%) | Refine: 15298/15298 (100.0%) | Explore: 6702/6702 (100.0%)
T=9935047210.73 | W=335.0um | Current HPWL=4700671.51 um | Best HPWL=1256322.32 um | Accept Rate=100.0% | Improvements: 491/2000 (24.6%) | Refine: 29260/29260 (100.0%) | Explore: 12740/12740 (100.0%)
T=8834955471.69 | W=273.7um | Current HPWL=4879538.17 um | Best HPWL=1256322.32 um | Accept Rate=100.0% | Improvements: 556/2000 (27.8%) | Refine: 43210/43210 (100.0%) | Explore: 18790/18790 (100.0%)
T=7856675114.98 | W=223.7um | Current HPWL=5048859.86 um | Best HPWL=1256322.32 um | Accept Rate=100.0% | Improvements: 546/2000 (27.3%) | Refine: 57149/57149 (100.0%) | Explore: 24851/24851 (100.0%)
T=6986718162.89 | W=182.7um | Current HPWL=5100791.44 um | Best HPWL=1256322.32 um | Accept Rate=100.0% | Improvements: 576/2000 (28.8%) | Refine: 71169/71169 (100.0%) | Explore: 30831/30831 (100.0%)
T=6213090139.69 | W=149.3um | Current HPWL=5159333.64 um | Best HPWL=1256322.32 um | Accept Rate=100.0% | Improvements: 559/2000 (28.0%) | Refine: 85042/85042 (100.0%) | Explore: 36958/36958 (100.0%)
T=5525124698.60 | W=122.0um | Current HPWL=5187460.47 um | Best HPWL=1256322.32 um | Accept Rate=100.0% | Improvements: 563/2000 (28.1%) | Refine: 99039/99039 (100.0%) | Explore: 42961/42961 (100.0%)
T=4913336560.19 | W=100.4um | Current HPWL=5214965.95 um | Best HPWL=1256322.32 um | Accept Rate=100.0% | Improvements: 578/2000 (28.9%) | Refine: 112879/112879 (100.0%) | Explore: 49121/49121 (100.0%)
T=4369290734.70 | W=100.4um | Current HPWL=5231122.99 um | Best HPWL=1256322.32 um | Accept Rate=100.0% | Improvements: 589/2000 (29.4%) | Refine: 126950/126950 (100.0%) | Explore: 55050/55050 (100.0%)
T=3885486225.20 | W=100.4um | Current HPWL=5265951.79 um | Best HPWL=1256322.32 um | Accept Rate=100.0% | Improvements: 575/2000 (28.7%) | Refine: 140981/140981 (100.0%) | Explore: 61019/61019 (100.0%)
T=3455252608.00 | W=100.4um | Current HPWL=5275120.59 um | Best HPWL=1256322.32 um | Accept Rate=100.0% | Improvements: 593/2000 (29.6%) | Refine: 154931/154931 (100.0%) | Explore: 67069/67069 (100.0%)
T=3072658064.69 | W=100.4um | Current HPWL=5278812.24 um | Best HPWL=1256322.32 um | Accept Rate=100.0% | Improvements: 542/2000 (27.1%) | Refine: 168983/168983 (100.0%) | Explore: 73017/73017 (100.0%)
T=2732427597.52 | W=100.4um | Current HPWL=5310451.35 um | Best HPWL=1256322.32 um | Accept Rate=100.0% | Improvements: 563/2000 (28.1%) | Refine: 182979/182979 (100.0%) | Explore: 79021/79021 (100.0%)
T=2429870300.73 | W=100.4um | Current HPWL=5348003.02 um | Best HPWL=1256322.32 um | Accept Rate=100.0% | Improvements: 552/2000 (27.6%) | Refine: 196946/196946 (100.0%) | Explore: 85054/85054 (100.0%)
T=2160814684.98 | W=100.4um | Current HPWL=5343557.50 um | Best HPWL=1256322.32 um | Accept Rate=100.0% | Improvements: 547/2000 (27.4%) | Refine: 210844/210844 (100.0%) | Explore: 91156/91156 (100.0%)
T=1921551163.22 | W=100.4um | Current HPWL=5358446.68 um | Best HPWL=1256322.32 um | Accept Rate=100.0% | Improvements: 548/2000 (27.4%) | Refine: 224868/224868 (100.0%) | Explore: 97132/97132 (100.0%)
T=1708780904.96 | W=100.4um | Current HPWL=5414062.51 um | Best HPWL=1256322.32 um | Accept Rate=100.0% | Improvements: 529/2000 (26.5%) | Refine: 238909/238909 (100.0%) | Explore: 103091/103091 (100.0%)
T=1519570353.92 | W=100.4um | Current HPWL=5394718.03 um | Best HPWL=1256322.32 um | Accept Rate=100.0% | Improvements: 556/2000 (27.8%) | Refine: 252828/252828 (100.0%) | Explore: 109172/109172 (100.0%)
T=1351310781.74 | W=100.4um | Current HPWL=5413151.61 um | Best HPWL=1256322.32 um | Accept Rate=100.0% | Improvements: 561/2000 (28.1%) | Refine: 266897/266897 (100.0%) | Explore: 115103/115103 (100.0%)
T=1201682320.36 | W=100.4um | Current HPWL=5431536.99 um | Best HPWL=1256322.32 um | Accept Rate=100.0% | Improvements: 556/2000 (27.8%) | Refine: 280754/280754 (100.0%) | Explore: 121246/121246 (100.0%)
T=1068621976.96 | W=100.4um | Current HPWL=5483027.77 um | Best HPWL=1256322.32 um | Accept Rate=100.0% | Improvements: 542/2000 (27.1%) | Refine: 294846/294846 (100.0%) | Explore: 127154/127154 (100.0%)
T=950295190.58 | W=100.4um | Current HPWL=5454494.37 um | Best HPWL=1256322.32 um | Accept Rate=100.0% | Improvements: 540/2000 (27.0%) | Refine: 308907/308907 (100.0%) | Explore: 133093/133093 (100.0%)
T=845070538.23 | W=100.4um | Current HPWL=5464875.86 um | Best HPWL=1256322.32 um | Accept Rate=100.0% | Improvements: 541/2000 (27.1%) | Refine: 323021/323021 (100.0%) | Explore: 138979/138979 (100.0%)
T=751497241.77 | W=100.4um | Current HPWL=5468219.38 um | Best HPWL=1256322.32 um | Accept Rate=100.0% | Improvements: 568/2000 (28.4%) | Refine: 337075/337075 (100.0%) | Explore: 144925/144925 (100.0%)
T=668285165.36 | W=100.4um | Current HPWL=5483701.62 um | Best HPWL=1256322.32 um | Accept Rate=100.0% | Improvements: 567/2000 (28.3%) | Refine: 351056/351056 (100.0%) | Explore: 150944/150944 (100.0%)
T=594287027.85 | W=100.4um | Current HPWL=5564602.27 um | Best HPWL=1256322.32 um | Accept Rate=100.0% | Improvements: 534/2000 (26.7%) | Refine: 365046/365046 (100.0%) | Explore: 156954/156954 (100.0%)
T=528482584.64 | W=100.4um | Current HPWL=5532836.94 um | Best HPWL=1256322.32 um | Accept Rate=100.0% | Improvements: 553/2000 (27.7%) | Refine: 379005/379005 (100.0%) | Explore: 162995/162995 (100.0%)
T=469964561.19 | W=100.4um | Current HPWL=5543916.48 um | Best HPWL=1256322.32 um | Accept Rate=100.0% | Improvements: 528/2000 (26.4%) | Refine: 393017/393017 (100.0%) | Explore: 168983/168983 (100.0%)
T=417926144.02 | W=100.4um | Current HPWL=5550928.06 um | Best HPWL=1256322.32 um | Accept Rate=100.0% | Improvements: 541/2000 (27.1%) | Refine: 407039/407039 (100.0%) | Explore: 174961/174961 (100.0%)
T=371649856.77 | W=100.4um | Current HPWL=5557346.67 um | Best HPWL=1256322.32 um | Accept Rate=100.0% | Improvements: 555/2000 (27.8%) | Refine: 421072/421072 (100.0%) | Explore: 180928/180928 (100.0%)
T=330497668.10 | W=100.4um | Current HPWL=5607042.90 um | Best HPWL=1256322.32 um | Accept Rate=100.0% | Improvements: 544/2000 (27.2%) | Refine: 435045/435045 (100.0%) | Explore: 186955/186955 (100.0%)
T=293902194.85 | W=100.4um | Current HPWL=5617029.90 um | Best HPWL=1256322.32 um | Accept Rate=100.0% | Improvements: 542/2000 (27.1%) | Refine: 448948/448948 (100.0%) | Explore: 193052/193052 (100.0%)
T=261358879.27 | W=100.4um | Current HPWL=5623111.78 um | Best HPWL=1256322.32 um | Accept Rate=100.0% | Improvements: 553/2000 (27.7%) | Refine: 462893/462893 (100.0%) | Explore: 199107/199107 (100.0%)
T=232419032.49 | W=100.4um | Current HPWL=5629395.53 um | Best HPWL=1256322.32 um | Accept Rate=100.0% | Improvements: 574/2000 (28.7%) | Refine: 476970/476970 (100.0%) | Explore: 205030/205030 (100.0%)
T=206683648.23 | W=100.4um | Current HPWL=5660384.40 um | Best HPWL=1256322.32 um | Accept Rate=100.0% | Improvements: 582/2000 (29.1%) | Refine: 490942/490942 (100.0%) | Explore: 211058/211058 (100.0%)
T=183797901.52 | W=100.4um | Current HPWL=5636917.31 um | Best HPWL=1256322.32 um | Accept Rate=100.0% | Improvements: 548/2000 (27.4%) | Refine: 504933/504933 (100.0%) | Explore: 217067/217067 (100.0%)
T=163446256.60 | W=100.4um | Current HPWL=5665707.25 um | Best HPWL=1256322.32 um | Accept Rate=100.0% | Improvements: 531/2000 (26.6%) | Refine: 518944/518944 (100.0%) | Explore: 223056/223056 (100.0%)
T=145348116.46 | W=100.4um | Current HPWL=5669728.27 um | Best HPWL=1256322.32 um | Accept Rate=100.0% | Improvements: 575/2000 (28.7%) | Refine: 532904/532904 (100.0%) | Explore: 229096/229096 (100.0%)
T=129253954.17 | W=100.4um | Current HPWL=5713468.47 um | Best HPWL=1256322.32 um | Accept Rate=100.0% | Improvements: 552/2000 (27.6%) | Refine: 546932/546932 (100.0%) | Explore: 235068/235068 (100.0%)
T=114941872.49 | W=100.4um | Current HPWL=5713513.92 um | Best HPWL=1256322.32 um | Accept Rate=100.0% | Improvements: 529/2000 (26.5%) | Refine: 560964/560964 (100.0%) | Explore: 241036/241036 (100.0%)
T=102214544.50 | W=100.4um | Current HPWL=5728666.38 um | Best HPWL=1256322.32 um | Accept Rate=100.0% | Improvements: 515/2000 (25.8%) | Refine: 575035/575035 (100.0%) | Explore: 246965/246965 (100.0%)
T=90896493.00 | W=100.4um | Current HPWL=5761130.19 um | Best HPWL=1256322.32 um | Accept Rate=100.0% | Improvements: 545/2000 (27.3%) | Refine: 589068/589068 (100.0%) | Explore: 252932/252932 (100.0%)
T=80831671.07 | W=100.4um | Current HPWL=5749589.83 um | Best HPWL=1256322.32 um | Accept Rate=100.0% | Improvements: 527/2000 (26.4%) | Refine: 603159/603159 (100.0%) | Explore: 258841/258841 (100.0%)
T=71881310.62 | W=100.4um | Current HPWL=5761569.83 um | Best HPWL=1256322.32 um | Accept Rate=100.0% | Improvements: 574/2000 (28.7%) | Refine: 617119/617119 (100.0%) | Explore: 264881/264881 (100.0%)
T=63922009.14 | W=100.4um | Current HPWL=5758521.46 um | Best HPWL=1256322.32 um | Accept Rate=100.0% | Improvements: 575/2000 (28.7%) | Refine: 631062/631062 (100.0%) | Explore: 270938/270938 (100.0%)
T=56844028.26 | W=100.4um | Current HPWL=5747126.53 um | Best HPWL=1256322.32 um | Accept Rate=100.0% | Improvements: 566/2000 (28.3%) | Refine: 644976/644976 (100.0%) | Explore: 277024/277024 (100.0%)
T=50549780.77 | W=100.4um | Current HPWL=5772185.38 um | Best HPWL=1256322.32 um | Accept Rate=100.0% | Improvements: 574/2000 (28.7%) | Refine: 658981/658981 (100.0%) | Explore: 283019/283019 (100.0%)
T=44952485.15 | W=100.4um | Current HPWL=5765209.28 um | Best HPWL=1256322.32 um | Accept Rate=100.0% | Improvements: 593/2000 (29.6%) | Refine: 673040/673040 (100.0%) | Explore: 288960/288960 (100.0%)
T=39974969.04 | W=100.4um | Current HPWL=5784377.83 um | Best HPWL=1256322.32 um | Accept Rate=100.0% | Improvements: 523/2000 (26.2%) | Refine: 687005/687005 (100.0%) | Explore: 294995/294995 (100.0%)
T=35548605.25 | W=100.4um | Current HPWL=5791355.83 um | Best HPWL=1256322.32 um | Accept Rate=100.0% | Improvements: 543/2000 (27.2%) | Refine: 701014/701014 (100.0%) | Explore: 300986/300986 (100.0%)
T=31612365.58 | W=100.4um | Current HPWL=5833698.92 um | Best HPWL=1256322.32 um | Accept Rate=100.0% | Improvements: 541/2000 (27.1%) | Refine: 714968/714968 (100.0%) | Explore: 307032/307032 (100.0%)
T=28111979.37 | W=100.4um | Current HPWL=5824850.00 um | Best HPWL=1256322.32 um | Accept Rate=100.0% | Improvements: 587/2000 (29.3%) | Refine: 728892/728892 (100.0%) | Explore: 313108/313108 (100.0%)
T=24999185.28 | W=100.4um | Current HPWL=5877641.74 um | Best HPWL=1256322.32 um | Accept Rate=100.0% | Improvements: 545/2000 (27.3%) | Refine: 742879/742879 (100.0%) | Explore: 319121/319121 (100.0%)
T=22231065.85 | W=100.4um | Current HPWL=5896415.50 um | Best HPWL=1256322.32 um | Accept Rate=100.0% | Improvements: 538/2000 (26.9%) | Refine: 756907/756907 (100.0%) | Explore: 325093/325093 (100.0%)
T=19769455.82 | W=100.4um | Current HPWL=5883097.51 um | Best HPWL=1256322.32 um | Accept Rate=100.0% | Improvements: 542/2000 (27.1%) | Refine: 770894/770894 (100.0%) | Explore: 331106/331106 (100.0%)
T=17580415.89 | W=100.4um | Current HPWL=5859887.99 um | Best HPWL=1256322.32 um | Accept Rate=100.0% | Improvements: 559/2000 (28.0%) | Refine: 784880/784880 (100.0%) | Explore: 337120/337120 (100.0%)
T=15633764.82 | W=100.4um | Current HPWL=5865382.76 um | Best HPWL=1256322.32 um | Accept Rate=100.0% | Improvements: 554/2000 (27.7%) | Refine: 798824/798825 (100.0%) | Explore: 343175/343175 (100.0%)
T=13902663.28 | W=100.4um | Current HPWL=5889211.37 um | Best HPWL=1256322.32 um | Accept Rate=100.0% | Improvements: 601/2000 (30.0%) | Refine: 812677/812678 (100.0%) | Explore: 349322/349322 (100.0%)
T=12363243.82 | W=100.4um | Current HPWL=5941435.13 um | Best HPWL=1256322.32 um | Accept Rate=100.0% | Improvements: 547/2000 (27.4%) | Refine: 826693/826694 (100.0%) | Explore: 355306/355306 (100.0%)
T=10994281.79 | W=100.4um | Current HPWL=5944915.56 um | Best HPWL=1256322.32 um | Accept Rate=100.0% | Improvements: 559/2000 (28.0%) | Refine: 840656/840658 (100.0%) | Explore: 361342/361342 (100.0%)
T=9776902.71 | W=100.4um | Current HPWL=5930059.34 um | Best HPWL=1256322.32 um | Accept Rate=100.0% | Improvements: 556/2000 (27.8%) | Refine: 854601/854603 (100.0%) | Explore: 367397/367397 (100.0%)
T=8694322.06 | W=100.4um | Current HPWL=5946388.12 um | Best HPWL=1256322.32 um | Accept Rate=100.0% | Improvements: 562/2000 (28.1%) | Refine: 868577/868579 (100.0%) | Explore: 373421/373421 (100.0%)
T=7731613.81 | W=100.4um | Current HPWL=5953980.83 um | Best HPWL=1256322.32 um | Accept Rate=100.0% | Improvements: 586/2000 (29.3%) | Refine: 882553/882555 (100.0%) | Explore: 379445/379445 (100.0%)
T=6875504.70 | W=100.4um | Current HPWL=5969611.59 um | Best HPWL=1256322.32 um | Accept Rate=100.0% | Improvements: 531/2000 (26.6%) | Refine: 896628/896630 (100.0%) | Explore: 385370/385370 (100.0%)
T=6114191.16 | W=100.4um | Current HPWL=5960346.73 um | Best HPWL=1256322.32 um | Accept Rate=100.0% | Improvements: 574/2000 (28.7%) | Refine: 910534/910536 (100.0%) | Explore: 391464/391464 (100.0%)
T=5437176.65 | W=100.4um | Current HPWL=5997609.80 um | Best HPWL=1256322.32 um | Accept Rate=100.0% | Improvements: 568/2000 (28.4%) | Refine: 924469/924472 (100.0%) | Explore: 397528/397528 (100.0%)
T=4835126.85 | W=100.4um | Current HPWL=6019194.65 um | Best HPWL=1256322.32 um | Accept Rate=100.0% | Improvements: 553/2000 (27.7%) | Refine: 938501/938504 (100.0%) | Explore: 403496/403496 (100.0%)
T=4299741.06 | W=100.4um | Current HPWL=5984726.07 um | Best HPWL=1256322.32 um | Accept Rate=100.0% | Improvements: 579/2000 (28.9%) | Refine: 952453/952456 (100.0%) | Explore: 409544/409544 (100.0%)
T=3823637.68 | W=100.4um | Current HPWL=6016724.49 um | Best HPWL=1256322.32 um | Accept Rate=100.0% | Improvements: 552/2000 (27.6%) | Refine: 966507/966510 (100.0%) | Explore: 415490/415490 (100.0%)
T=3400252.45 | W=100.4um | Current HPWL=6023772.21 um | Best HPWL=1256322.32 um | Accept Rate=100.0% | Improvements: 568/2000 (28.4%) | Refine: 980497/980500 (100.0%) | Explore: 421500/421500 (100.0%)
T=3023747.98 | W=100.4um | Current HPWL=6085704.27 um | Best HPWL=1256322.32 um | Accept Rate=100.0% | Improvements: 568/2000 (28.4%) | Refine: 994450/994453 (100.0%) | Explore: 427547/427547 (100.0%)
T=2688933.25 | W=100.4um | Current HPWL=6044785.96 um | Best HPWL=1256322.32 um | Accept Rate=100.0% | Improvements: 547/2000 (27.4%) | Refine: 1008349/1008352 (100.0%) | Explore: 433647/433648 (100.0%)
T=2391192.01 | W=100.4um | Current HPWL=6056854.80 um | Best HPWL=1256322.32 um | Accept Rate=100.0% | Improvements: 578/2000 (28.9%) | Refine: 1022420/1022424 (100.0%) | Explore: 439575/439576 (100.0%)
T=2126419.18 | W=100.4um | Current HPWL=6079660.86 um | Best HPWL=1256322.32 um | Accept Rate=100.0% | Improvements: 574/2000 (28.7%) | Refine: 1036507/1036512 (100.0%) | Explore: 445487/445488 (100.0%)
T=1890964.22 | W=100.4um | Current HPWL=6060877.60 um | Best HPWL=1256322.32 um | Accept Rate=100.0% | Improvements: 558/2000 (27.9%) | Refine: 1050638/1050644 (100.0%) | Explore: 451354/451356 (100.0%)
T=1681580.80 | W=100.4um | Current HPWL=6059680.60 um | Best HPWL=1256322.32 um | Accept Rate=100.0% | Improvements: 553/2000 (27.7%) | Refine: 1064732/1064738 (100.0%) | Explore: 457260/457262 (100.0%)
T=1495382.08 | W=100.4um | Current HPWL=6080991.38 um | Best HPWL=1256322.32 um | Accept Rate=100.0% | Improvements: 545/2000 (27.3%) | Refine: 1078705/1078712 (100.0%) | Explore: 463286/463288 (100.0%)
T=1329800.83 | W=100.4um | Current HPWL=6105549.07 um | Best HPWL=1256322.32 um | Accept Rate=100.0% | Improvements: 562/2000 (28.1%) | Refine: 1092749/1092757 (100.0%) | Explore: 469241/469243 (100.0%)
T=1182554.13 | W=100.4um | Current HPWL=6105764.43 um | Best HPWL=1256322.32 um | Accept Rate=100.0% | Improvements: 561/2000 (28.1%) | Refine: 1106710/1106720 (100.0%) | Explore: 475278/475280 (100.0%)
T=1051611.82 | W=100.4um | Current HPWL=6144305.53 um | Best HPWL=1256322.32 um | Accept Rate=100.0% | Improvements: 560/2000 (28.0%) | Refine: 1120778/1120789 (100.0%) | Explore: 481209/481211 (100.0%)
T=935168.54 | W=100.4um | Current HPWL=6130467.66 um | Best HPWL=1256322.32 um | Accept Rate=100.0% | Improvements: 562/2000 (28.1%) | Refine: 1134755/1134768 (100.0%) | Explore: 487230/487232 (100.0%)
T=831618.84 | W=100.4um | Current HPWL=6130404.93 um | Best HPWL=1256322.32 um | Accept Rate=100.0% | Improvements: 568/2000 (28.4%) | Refine: 1148744/1148759 (100.0%) | Explore: 493239/493241 (100.0%)
T=739535.03 | W=100.4um | Current HPWL=6162194.29 um | Best HPWL=1256322.32 um | Accept Rate=100.0% | Improvements: 563/2000 (28.1%) | Refine: 1162865/1162881 (100.0%) | Explore: 499117/499119 (100.0%)
T=657647.51 | W=100.4um | Current HPWL=6190343.48 um | Best HPWL=1256322.32 um | Accept Rate=100.0% | Improvements: 545/2000 (27.3%) | Refine: 1176893/1176909 (100.0%) | Explore: 505089/505091 (100.0%)
T=584827.26 | W=100.4um | Current HPWL=6162233.43 um | Best HPWL=1256322.32 um | Accept Rate=100.0% | Improvements: 566/2000 (28.3%) | Refine: 1190750/1190767 (100.0%) | Explore: 511231/511233 (100.0%)
T=520070.28 | W=100.4um | Current HPWL=6211080.47 um | Best HPWL=1256322.32 um | Accept Rate=100.0% | Improvements: 590/2000 (29.5%) | Refine: 1204759/1204782 (100.0%) | Explore: 517216/517218 (100.0%)
T=462483.74 | W=100.4um | Current HPWL=6214302.53 um | Best HPWL=1256322.32 um | Accept Rate=100.0% | Improvements: 584/2000 (29.2%) | Refine: 1218680/1218706 (100.0%) | Explore: 523292/523294 (100.0%)
T=411273.66 | W=100.4um | Current HPWL=6214585.98 um | Best HPWL=1256322.32 um | Accept Rate=99.9% | Improvements: 545/2000 (27.3%) | Refine: 1232608/1232642 (100.0%) | Explore: 529356/529358 (100.0%)
T=365733.99 | W=100.4um | Current HPWL=6205872.82 um | Best HPWL=1256322.32 um | Accept Rate=100.0% | Improvements: 570/2000 (28.5%) | Refine: 1246544/1246582 (100.0%) | Explore: 535416/535418 (100.0%)
T=325236.86 | W=100.4um | Current HPWL=6213561.40 um | Best HPWL=1256322.32 um | Accept Rate=100.0% | Improvements: 545/2000 (27.3%) | Refine: 1260608/1260649 (100.0%) | Explore: 541349/541351 (100.0%)
T=289223.91 | W=100.4um | Current HPWL=6241940.14 um | Best HPWL=1256322.32 um | Accept Rate=100.0% | Improvements: 531/2000 (26.6%) | Refine: 1274553/1274596 (100.0%) | Explore: 547402/547404 (100.0%)
T=257198.61 | W=100.4um | Current HPWL=6238668.43 um | Best HPWL=1256322.32 um | Accept Rate=100.0% | Improvements: 559/2000 (28.0%) | Refine: 1288703/1288752 (100.0%) | Explore: 553246/553248 (100.0%)
T=228719.42 | W=100.4um | Current HPWL=6242186.86 um | Best HPWL=1256322.32 um | Accept Rate=100.0% | Improvements: 538/2000 (26.9%) | Refine: 1302667/1302722 (100.0%) | Explore: 559274/559278 (100.0%)
T=203393.69 | W=100.4um | Current HPWL=6334806.75 um | Best HPWL=1256322.32 um | Accept Rate=99.9% | Improvements: 542/2000 (27.1%) | Refine: 1316731/1316793 (100.0%) | Explore: 565201/565207 (100.0%)
T=180872.24 | W=100.4um | Current HPWL=6256846.03 um | Best HPWL=1256322.32 um | Accept Rate=99.9% | Improvements: 554/2000 (27.7%) | Refine: 1330904/1330975 (100.0%) | Explore: 571018/571025 (100.0%)
T=160844.55 | W=100.4um | Current HPWL=6255468.32 um | Best HPWL=1256322.32 um | Accept Rate=100.0% | Improvements: 606/2000 (30.3%) | Refine: 1344751/1344829 (100.0%) | Explore: 577163/577171 (100.0%)
T=143034.49 | W=100.4um | Current HPWL=6293721.90 um | Best HPWL=1256322.32 um | Accept Rate=100.0% | Improvements: 519/2000 (25.9%) | Refine: 1358724/1358811 (100.0%) | Explore: 583178/583189 (100.0%)
T=127196.51 | W=100.4um | Current HPWL=6304193.07 um | Best HPWL=1256322.32 um | Accept Rate=100.0% | Improvements: 569/2000 (28.4%) | Refine: 1372807/1372901 (100.0%) | Explore: 589088/589099 (100.0%)
T=113112.25 | W=100.4um | Current HPWL=6331863.24 um | Best HPWL=1256322.32 um | Accept Rate=100.0% | Improvements: 596/2000 (29.8%) | Refine: 1386840/1386943 (100.0%) | Explore: 595045/595057 (100.0%)
T=100587.51 | W=100.4um | Current HPWL=6321730.63 um | Best HPWL=1256322.32 um | Accept Rate=99.9% | Improvements: 549/2000 (27.5%) | Refine: 1400924/1401037 (100.0%) | Explore: 600947/600963 (100.0%)
T=89449.62 | W=100.4um | Current HPWL=6338188.97 um | Best HPWL=1256322.32 um | Accept Rate=100.0% | Improvements: 595/2000 (29.8%) | Refine: 1414998/1415120 (100.0%) | Explore: 606862/606880 (100.0%)
T=79545.01 | W=100.4um | Current HPWL=6296572.45 um | Best HPWL=1256322.32 um | Accept Rate=99.9% | Improvements: 557/2000 (27.9%) | Refine: 1428918/1429057 (100.0%) | Explore: 612925/612943 (100.0%)
T=70737.12 | W=100.4um | Current HPWL=6276860.70 um | Best HPWL=1256322.32 um | Accept Rate=100.0% | Improvements: 576/2000 (28.8%) | Refine: 1442795/1442953 (100.0%) | Explore: 619027/619047 (100.0%)
T=62904.51 | W=100.4um | Current HPWL=6310042.01 um | Best HPWL=1256322.32 um | Accept Rate=99.9% | Improvements: 551/2000 (27.6%) | Refine: 1456768/1456937 (100.0%) | Explore: 625039/625063 (100.0%)
T=55939.19 | W=100.4um | Current HPWL=6313061.97 um | Best HPWL=1256322.32 um | Accept Rate=99.7% | Improvements: 542/2000 (27.1%) | Refine: 1470704/1470908 (100.0%) | Explore: 631061/631092 (100.0%)
T=49745.14 | W=100.4um | Current HPWL=6379477.15 um | Best HPWL=1256322.32 um | Accept Rate=99.9% | Improvements: 551/2000 (27.6%) | Refine: 1484749/1484982 (100.0%) | Explore: 636984/637018 (100.0%)
T=44236.94 | W=100.4um | Current HPWL=6358441.61 um | Best HPWL=1256322.32 um | Accept Rate=99.9% | Improvements: 564/2000 (28.2%) | Refine: 1498623/1498874 (100.0%) | Explore: 643091/643126 (100.0%)
T=39338.65 | W=100.4um | Current HPWL=6317496.34 um | Best HPWL=1256322.32 um | Accept Rate=99.9% | Improvements: 529/2000 (26.5%) | Refine: 1512536/1512821 (100.0%) | Explore: 649142/649179 (100.0%)
T=34982.75 | W=100.4um | Current HPWL=6351204.51 um | Best HPWL=1256322.32 um | Accept Rate=99.9% | Improvements: 516/2000 (25.8%) | Refine: 1526461/1526770 (100.0%) | Explore: 655189/655230 (100.0%)
T=31109.16 | W=100.4um | Current HPWL=6365039.31 um | Best HPWL=1256322.32 um | Accept Rate=100.0% | Improvements: 559/2000 (28.0%) | Refine: 1540518/1540870 (100.0%) | Explore: 661085/661130 (100.0%)
T=27664.50 | W=100.4um | Current HPWL=6364653.22 um | Best HPWL=1256322.32 um | Accept Rate=99.9% | Improvements: 541/2000 (27.1%) | Refine: 1554486/1554886 (100.0%) | Explore: 667066/667114 (100.0%)
T=24601.25 | W=100.4um | Current HPWL=6399539.42 um | Best HPWL=1256322.32 um | Accept Rate=100.0% | Improvements: 547/2000 (27.4%) | Refine: 1568419/1568861 (100.0%) | Explore: 673084/673139 (100.0%)
T=21877.20 | W=100.4um | Current HPWL=6437475.16 um | Best HPWL=1256322.32 um | Accept Rate=100.0% | Improvements: 587/2000 (29.3%) | Refine: 1582309/1582806 (100.0%) | Explore: 679132/679194 (100.0%)
T=19454.77 | W=100.4um | Current HPWL=6412347.50 um | Best HPWL=1256322.32 um | Accept Rate=99.6% | Improvements: 551/2000 (27.6%) | Refine: 1596343/1596903 (100.0%) | Explore: 685030/685097 (100.0%)
T=17300.57 | W=100.4um | Current HPWL=6397604.20 um | Best HPWL=1256322.32 um | Accept Rate=99.5% | Improvements: 554/2000 (27.7%) | Refine: 1610117/1610759 (100.0%) | Explore: 691166/691241 (100.0%)
T=15384.91 | W=100.4um | Current HPWL=6416839.41 um | Best HPWL=1256322.32 um | Accept Rate=99.4% | Improvements: 620/2000 (31.0%) | Refine: 1624032/1624760 (100.0%) | Explore: 697156/697240 (100.0%)
T=13681.36 | W=100.4um | Current HPWL=6411657.08 um | Best HPWL=1256322.32 um | Accept Rate=99.4% | Improvements: 541/2000 (27.1%) | Refine: 1637973/1638799 (99.9%) | Explore: 703105/703201 (100.0%)
T=12166.45 | W=100.4um | Current HPWL=6433353.47 um | Best HPWL=1256322.32 um | Accept Rate=99.5% | Improvements: 557/2000 (27.9%) | Refine: 1651958/1652872 (99.9%) | Explore: 709017/709128 (100.0%)
T=10819.28 | W=100.4um | Current HPWL=6404743.25 um | Best HPWL=1256322.32 um | Accept Rate=99.1% | Improvements: 557/2000 (27.9%) | Refine: 1665982/1667009 (99.9%) | Explore: 714867/714991 (100.0%)
T=9621.28 | W=100.4um | Current HPWL=6421024.80 um | Best HPWL=1256322.32 um | Accept Rate=99.5% | Improvements: 547/2000 (27.4%) | Refine: 1679871/1681042 (99.9%) | Explore: 720820/720958 (100.0%)
T=8555.93 | W=100.4um | Current HPWL=6445381.06 um | Best HPWL=1256322.32 um | Accept Rate=99.0% | Improvements: 541/2000 (27.1%) | Refine: 1693687/1695002 (99.9%) | Explore: 726840/726998 (100.0%)
T=7608.54 | W=100.4um | Current HPWL=6445825.16 um | Best HPWL=1256322.32 um | Accept Rate=98.9% | Improvements: 533/2000 (26.7%) | Refine: 1707513/1708992 (99.9%) | Explore: 732838/733008 (100.0%)
T=6766.06 | W=100.4um | Current HPWL=6414310.22 um | Best HPWL=1256322.32 um | Accept Rate=98.3% | Improvements: 560/2000 (28.0%) | Refine: 1721290/1722969 (99.9%) | Explore: 738834/739031 (100.0%)
T=6016.87 | W=100.4um | Current HPWL=6430812.99 um | Best HPWL=1256322.32 um | Accept Rate=98.8% | Improvements: 553/2000 (27.7%) | Refine: 1735070/1736946 (99.9%) | Explore: 744839/745054 (100.0%)
T=5350.63 | W=100.4um | Current HPWL=6401273.61 um | Best HPWL=1256322.32 um | Accept Rate=98.4% | Improvements: 545/2000 (27.3%) | Refine: 1748802/1750938 (99.9%) | Explore: 750815/751062 (100.0%)
T=4758.16 | W=100.4um | Current HPWL=6385279.58 um | Best HPWL=1256322.32 um | Accept Rate=98.6% | Improvements: 526/2000 (26.3%) | Refine: 1762466/1764858 (99.9%) | Explore: 756863/757142 (100.0%)
T=4231.30 | W=100.4um | Current HPWL=6392985.87 um | Best HPWL=1256322.32 um | Accept Rate=97.8% | Improvements: 540/2000 (27.0%) | Refine: 1776153/1778834 (99.8%) | Explore: 762843/763166 (100.0%)
T=3762.77 | W=100.4um | Current HPWL=6412977.76 um | Best HPWL=1256322.32 um | Accept Rate=97.9% | Improvements: 558/2000 (27.9%) | Refine: 1789882/1792856 (99.8%) | Explore: 768776/769144 (100.0%)
T=3346.13 | W=100.4um | Current HPWL=6330194.89 um | Best HPWL=1256322.32 um | Accept Rate=97.6% | Improvements: 533/2000 (26.7%) | Refine: 1803501/1806829 (99.8%) | Explore: 774742/775171 (99.9%)
T=2975.62 | W=100.4um | Current HPWL=6381460.25 um | Best HPWL=1256322.32 um | Accept Rate=97.5% | Improvements: 505/2000 (25.2%) | Refine: 1817184/1820920 (99.8%) | Explore: 780605/781080 (99.9%)
T=2646.13 | W=100.4um | Current HPWL=6322610.61 um | Best HPWL=1256322.32 um | Accept Rate=96.9% | Improvements: 519/2000 (25.9%) | Refine: 1830632/1834854 (99.8%) | Explore: 786600/787146 (99.9%)
T=2353.13 | W=100.4um | Current HPWL=6288716.75 um | Best HPWL=1256322.32 um | Accept Rate=96.7% | Improvements: 523/2000 (26.2%) | Refine: 1844054/1848831 (99.7%) | Explore: 792547/793169 (99.9%)
T=2092.57 | W=100.4um | Current HPWL=6255605.32 um | Best HPWL=1256322.32 um | Accept Rate=95.9% | Improvements: 518/2000 (25.9%) | Refine: 1857383/1862797 (99.7%) | Explore: 798505/799203 (99.9%)
T=1860.86 | W=100.4um | Current HPWL=6243487.86 um | Best HPWL=1256322.32 um | Accept Rate=95.7% | Improvements: 489/2000 (24.4%) | Refine: 1870715/1876796 (99.7%) | Explore: 804421/805204 (99.9%)
T=1654.81 | W=100.4um | Current HPWL=6207939.84 um | Best HPWL=1256322.32 um | Accept Rate=94.3% | Improvements: 564/2000 (28.2%) | Refine: 1883971/1890855 (99.6%) | Explore: 810262/811145 (99.9%)
T=1471.58 | W=100.4um | Current HPWL=6178126.14 um | Best HPWL=1256322.32 um | Accept Rate=94.5% | Improvements: 509/2000 (25.4%) | Refine: 1897195/1904940 (99.6%) | Explore: 816083/817060 (99.9%)
T=1308.63 | W=100.4um | Current HPWL=6140961.14 um | Best HPWL=1256322.32 um | Accept Rate=95.5% | Improvements: 530/2000 (26.5%) | Refine: 1910314/1919004 (99.5%) | Explore: 821923/822996 (99.9%)
T=1163.73 | W=100.4um | Current HPWL=6101082.37 um | Best HPWL=1256322.32 um | Accept Rate=92.9% | Improvements: 497/2000 (24.9%) | Refine: 1923172/1932981 (99.5%) | Explore: 827816/829019 (99.9%)
T=1034.87 | W=100.4um | Current HPWL=6072012.50 um | Best HPWL=1256322.32 um | Accept Rate=92.3% | Improvements: 512/2000 (25.6%) | Refine: 1935928/1946953 (99.4%) | Explore: 833698/835047 (99.8%)
T=920.28 | W=100.4um | Current HPWL=6011667.52 um | Best HPWL=1256322.32 um | Accept Rate=93.4% | Improvements: 524/2000 (26.2%) | Refine: 1948709/1961058 (99.4%) | Explore: 839411/840942 (99.8%)
T=818.38 | W=100.4um | Current HPWL=5952492.46 um | Best HPWL=1256322.32 um | Accept Rate=91.0% | Improvements: 473/2000 (23.6%) | Refine: 1961307/1975097 (99.3%) | Explore: 845182/846903 (99.8%)
T=727.76 | W=100.4um | Current HPWL=5888835.75 um | Best HPWL=1256322.32 um | Accept Rate=91.5% | Improvements: 473/2000 (23.6%) | Refine: 1973565/1988954 (99.2%) | Explore: 851100/853046 (99.8%)
T=647.18 | W=100.4um | Current HPWL=5762568.04 um | Best HPWL=1256322.32 um | Accept Rate=89.5% | Improvements: 496/2000 (24.8%) | Refine: 1985690/2002899 (99.1%) | Explore: 856950/859101 (99.7%)
T=575.52 | W=100.4um | Current HPWL=5694947.34 um | Best HPWL=1256322.32 um | Accept Rate=87.2% | Improvements: 474/2000 (23.7%) | Refine: 1997682/2016982 (99.0%) | Explore: 862624/865018 (99.7%)
T=511.79 | W=100.4um | Current HPWL=5568149.81 um | Best HPWL=1256322.32 um | Accept Rate=87.9% | Improvements: 448/2000 (22.4%) | Refine: 2009434/2030952 (98.9%) | Explore: 868361/871048 (99.7%)
T=455.12 | W=100.4um | Current HPWL=5508329.86 um | Best HPWL=1256322.32 um | Accept Rate=84.2% | Improvements: 435/2000 (21.8%) | Refine: 2021043/2045062 (98.8%) | Explore: 873926/876938 (99.7%)
T=404.73 | W=100.4um | Current HPWL=5415642.04 um | Best HPWL=1256322.32 um | Accept Rate=85.5% | Improvements: 426/2000 (21.3%) | Refine: 2032384/2059073 (98.7%) | Explore: 879570/882927 (99.6%)
T=359.91 | W=100.4um | Current HPWL=5316348.67 um | Best HPWL=1256322.32 um | Accept Rate=83.0% | Improvements: 378/2000 (18.9%) | Refine: 2043616/2073205 (98.6%) | Explore: 885064/888795 (99.6%)
T=320.06 | W=100.4um | Current HPWL=5196075.49 um | Best HPWL=1256322.32 um | Accept Rate=83.5% | Improvements: 399/2000 (20.0%) | Refine: 2054590/2087212 (98.4%) | Explore: 890596/894788 (99.5%)
T=284.62 | W=100.4um | Current HPWL=5082230.64 um | Best HPWL=1256322.32 um | Accept Rate=79.3% | Improvements: 383/2000 (19.1%) | Refine: 2065302/2101110 (98.3%) | Explore: 896212/900890 (99.5%)
T=253.10 | W=100.4um | Current HPWL=4979985.55 um | Best HPWL=1256322.32 um | Accept Rate=79.0% | Improvements: 382/2000 (19.1%) | Refine: 2075917/2115258 (98.1%) | Explore: 901567/906742 (99.4%)
T=225.08 | W=100.4um | Current HPWL=4848533.57 um | Best HPWL=1256322.32 um | Accept Rate=76.7% | Improvements: 387/2000 (19.4%) | Refine: 2086187/2129303 (98.0%) | Explore: 906942/912697 (99.4%)
T=200.16 | W=100.4um | Current HPWL=4741314.23 um | Best HPWL=1256322.32 um | Accept Rate=76.6% | Improvements: 358/2000 (17.9%) | Refine: 2096253/2143313 (97.8%) | Explore: 912286/918687 (99.3%)
T=177.99 | W=100.4um | Current HPWL=4620312.18 um | Best HPWL=1256322.32 um | Accept Rate=76.7% | Improvements: 396/2000 (19.8%) | Refine: 2106232/2157346 (97.6%) | Explore: 917574/924654 (99.2%)
T=158.28 | W=100.4um | Current HPWL=4491030.93 um | Best HPWL=1256322.32 um | Accept Rate=74.7% | Improvements: 311/2000 (15.6%) | Refine: 2116041/2171351 (97.5%) | Explore: 922809/930649 (99.2%)
T=140.76 | W=100.4um | Current HPWL=4403947.81 um | Best HPWL=1256322.32 um | Accept Rate=74.0% | Improvements: 329/2000 (16.4%) | Refine: 2125620/2185272 (97.3%) | Explore: 928002/936728 (99.1%)
T=125.17 | W=100.4um | Current HPWL=4294282.74 um | Best HPWL=1256322.32 um | Accept Rate=72.8% | Improvements: 332/2000 (16.6%) | Refine: 2135187/2199289 (97.1%) | Explore: 933023/942711 (99.0%)
T=111.31 | W=100.4um | Current HPWL=4190646.67 um | Best HPWL=1256322.32 um | Accept Rate=74.1% | Improvements: 322/2000 (16.1%) | Refine: 2144634/2213246 (96.9%) | Explore: 938083/948754 (98.9%)
