
============================================================
Simulated Annealing Optimization
============================================================
Initial HPWL: 426853.12 um
Initial Temperature: 42685312.00
Cooling Rate (alpha): 0.999
Moves per Temperature: 8000
Final Temperature: 0.0001
Initial Window Size: 501.80 um
Window Cooling Rate (beta): 0.98
Move Probabilities: Refine=70.0%, Explore=30.0%
============================================================

T=42685312.00 | W=501.8um | Current HPWL=1253428.17 um | Best HPWL=426853.12 um | Accept Rate=100.0% | Improvements: 1139/8000 (14.2%) | Refine: 5557/5557 (100.0%) | Explore: 2443/2443 (100.0%)
T=41839667.51 | W=335.0um | Current HPWL=1983288.56 um | Best HPWL=426853.12 um | Accept Rate=100.0% | Improvements: 1910/8000 (23.9%) | Refine: 117941/117941 (100.0%) | Explore: 50059/50059 (100.0%)
T=41010776.21 | W=223.7um | Current HPWL=2066632.33 um | Best HPWL=426853.12 um | Accept Rate=100.0% | Improvements: 1821/8000 (22.8%) | Refine: 230081/230081 (100.0%) | Explore: 97919/97919 (100.0%)
T=40198306.17 | W=149.3um | Current HPWL=2048021.41 um | Best HPWL=426853.12 um | Accept Rate=100.0% | Improvements: 1861/8000 (23.3%) | Refine: 341997/341997 (100.0%) | Explore: 146003/146003 (100.0%)
T=39401932.10 | W=100.4um | Current HPWL=2082096.27 um | Best HPWL=426853.12 um | Accept Rate=100.0% | Improvements: 1888/8000 (23.6%) | Refine: 453887/453887 (100.0%) | Explore: 194113/194113 (100.0%)
T=38621335.09 | W=100.4um | Current HPWL=2091556.22 um | Best HPWL=426853.12 um | Accept Rate=100.0% | Improvements: 1870/8000 (23.4%) | Refine: 566007/566008 (100.0%) | Explore: 241992/241992 (100.0%)
T=37856202.60 | W=100.4um | Current HPWL=2093132.24 um | Best HPWL=426853.12 um | Accept Rate=100.0% | Improvements: 1791/8000 (22.4%) | Refine: 677815/677817 (100.0%) | Explore: 290183/290183 (100.0%)
T=37106228.26 | W=100.4um | Current HPWL=2103677.98 um | Best HPWL=426853.12 um | Accept Rate=100.0% | Improvements: 1859/8000 (23.2%) | Refine: 789479/789482 (100.0%) | Explore: 338518/338518 (100.0%)
T=36371111.75 | W=100.4um | Current HPWL=2108490.96 um | Best HPWL=426853.12 um | Accept Rate=100.0% | Improvements: 1886/8000 (23.6%) | Refine: 901272/901275 (100.0%) | Explore: 386725/386725 (100.0%)
T=35650558.74 | W=100.4um | Current HPWL=2080431.52 um | Best HPWL=426853.12 um | Accept Rate=100.0% | Improvements: 1942/8000 (24.3%) | Refine: 1013310/1013313 (100.0%) | Explore: 434687/434687 (100.0%)
T=34944280.70 | W=100.4um | Current HPWL=2133291.46 um | Best HPWL=426853.12 um | Accept Rate=100.0% | Improvements: 1865/8000 (23.3%) | Refine: 1125274/1125278 (100.0%) | Explore: 482722/482722 (100.0%)
T=34251994.84 | W=100.4um | Current HPWL=2112277.06 um | Best HPWL=426853.12 um | Accept Rate=100.0% | Improvements: 1912/8000 (23.9%) | Refine: 1237090/1237094 (100.0%) | Explore: 530906/530906 (100.0%)
T=33573423.94 | W=100.4um | Current HPWL=2110927.43 um | Best HPWL=426853.12 um | Accept Rate=100.0% | Improvements: 1825/8000 (22.8%) | Refine: 1349189/1349193 (100.0%) | Explore: 578807/578807 (100.0%)
T=32908296.30 | W=100.4um | Current HPWL=2128488.23 um | Best HPWL=426853.12 um | Accept Rate=100.0% | Improvements: 1885/8000 (23.6%) | Refine: 1460978/1460982 (100.0%) | Explore: 627018/627018 (100.0%)
T=32256345.59 | W=100.4um | Current HPWL=2092596.56 um | Best HPWL=426853.12 um | Accept Rate=100.0% | Improvements: 1911/8000 (23.9%) | Refine: 1572868/1572872 (100.0%) | Explore: 675128/675128 (100.0%)
T=31617310.77 | W=100.4um | Current HPWL=2117862.54 um | Best HPWL=426853.12 um | Accept Rate=100.0% | Improvements: 1857/8000 (23.2%) | Refine: 1684636/1684643 (100.0%) | Explore: 723357/723357 (100.0%)
T=30990935.95 | W=100.4um | Current HPWL=2116296.98 um | Best HPWL=426853.12 um | Accept Rate=100.0% | Improvements: 1854/8000 (23.2%) | Refine: 1796441/1796448 (100.0%) | Explore: 771552/771552 (100.0%)
T=30376970.33 | W=100.4um | Current HPWL=2149138.52 um | Best HPWL=426853.12 um | Accept Rate=100.0% | Improvements: 1874/8000 (23.4%) | Refine: 1908673/1908680 (100.0%) | Explore: 819320/819320 (100.0%)
T=29775168.06 | W=100.4um | Current HPWL=2133070.13 um | Best HPWL=426853.12 um | Accept Rate=100.0% | Improvements: 1861/8000 (23.3%) | Refine: 2020677/2020684 (100.0%) | Explore: 867316/867316 (100.0%)
T=29185288.19 | W=100.4um | Current HPWL=2099671.81 um | Best HPWL=426853.12 um | Accept Rate=100.0% | Improvements: 1921/8000 (24.0%) | Refine: 2132497/2132505 (100.0%) | Explore: 915495/915495 (100.0%)
T=28607094.50 | W=100.4um | Current HPWL=2141189.13 um | Best HPWL=426853.12 um | Accept Rate=100.0% | Improvements: 1846/8000 (23.1%) | Refine: 2244397/2244405 (100.0%) | Explore: 963595/963595 (100.0%)
T=28040355.48 | W=100.4um | Current HPWL=2098872.03 um | Best HPWL=426853.12 um | Accept Rate=100.0% | Improvements: 1904/8000 (23.8%) | Refine: 2356347/2356355 (100.0%) | Explore: 1011645/1011645 (100.0%)
T=27484844.21 | W=100.4um | Current HPWL=2083420.32 um | Best HPWL=426853.12 um | Accept Rate=100.0% | Improvements: 1890/8000 (23.6%) | Refine: 2468376/2468385 (100.0%) | Explore: 1059615/1059615 (100.0%)
T=26940338.24 | W=100.4um | Current HPWL=2119916.88 um | Best HPWL=426853.12 um | Accept Rate=100.0% | Improvements: 1872/8000 (23.4%) | Refine: 2580486/2580496 (100.0%) | Explore: 1107504/1107504 (100.0%)
T=26406619.56 | W=100.4um | Current HPWL=2110540.02 um | Best HPWL=426853.12 um | Accept Rate=100.0% | Improvements: 1872/8000 (23.4%) | Refine: 2692485/2692495 (100.0%) | Explore: 1155505/1155505 (100.0%)
T=25883474.45 | W=100.4um | Current HPWL=2128293.08 um | Best HPWL=426853.12 um | Accept Rate=100.0% | Improvements: 1824/8000 (22.8%) | Refine: 2804948/2804958 (100.0%) | Explore: 1203042/1203042 (100.0%)
T=25370693.44 | W=100.4um | Current HPWL=2136326.24 um | Best HPWL=426853.12 um | Accept Rate=100.0% | Improvements: 1844/8000 (23.1%) | Refine: 2916751/2916761 (100.0%) | Explore: 1251239/1251239 (100.0%)
T=24868071.20 | W=100.4um | Current HPWL=2124768.72 um | Best HPWL=426853.12 um | Accept Rate=100.0% | Improvements: 1889/8000 (23.6%) | Refine: 3028698/3028709 (100.0%) | Explore: 1299291/1299291 (100.0%)
T=24375406.48 | W=100.4um | Current HPWL=2149637.85 um | Best HPWL=426853.12 um | Accept Rate=100.0% | Improvements: 1857/8000 (23.2%) | Refine: 3140735/3140746 (100.0%) | Explore: 1347254/1347254 (100.0%)
T=23892502.01 | W=100.4um | Current HPWL=2128128.27 um | Best HPWL=426853.12 um | Accept Rate=100.0% | Improvements: 1870/8000 (23.4%) | Refine: 3252647/3252659 (100.0%) | Explore: 1395341/1395341 (100.0%)
T=23419164.42 | W=100.4um | Current HPWL=2116610.51 um | Best HPWL=426853.12 um | Accept Rate=100.0% | Improvements: 1875/8000 (23.4%) | Refine: 3364752/3364765 (100.0%) | Explore: 1443235/1443235 (100.0%)
T=22955204.19 | W=100.4um | Current HPWL=2120215.47 um | Best HPWL=426853.12 um | Accept Rate=100.0% | Improvements: 1895/8000 (23.7%) | Refine: 3477024/3477037 (100.0%) | Explore: 1490963/1490963 (100.0%)
T=22500435.54 | W=100.4um | Current HPWL=2140267.26 um | Best HPWL=426853.12 um | Accept Rate=100.0% | Improvements: 1882/8000 (23.5%) | Refine: 3588837/3588851 (100.0%) | Explore: 1539149/1539149 (100.0%)
T=22054676.37 | W=100.4um | Current HPWL=2115588.66 um | Best HPWL=426853.12 um | Accept Rate=100.0% | Improvements: 1905/8000 (23.8%) | Refine: 3700794/3700808 (100.0%) | Explore: 1587192/1587192 (100.0%)
T=21617748.19 | W=100.4um | Current HPWL=2125897.33 um | Best HPWL=426853.12 um | Accept Rate=100.0% | Improvements: 1799/8000 (22.5%) | Refine: 3812846/3812860 (100.0%) | Explore: 1635140/1635140 (100.0%)
T=21189476.06 | W=100.4um | Current HPWL=2132474.59 um | Best HPWL=426853.12 um | Accept Rate=100.0% | Improvements: 1864/8000 (23.3%) | Refine: 3924660/3924675 (100.0%) | Explore: 1683325/1683325 (100.0%)
T=20769688.49 | W=100.4um | Current HPWL=2123370.77 um | Best HPWL=426853.12 um | Accept Rate=100.0% | Improvements: 1789/8000 (22.4%) | Refine: 4036803/4036818 (100.0%) | Explore: 1731182/1731182 (100.0%)
T=20358217.38 | W=100.4um | Current HPWL=2119925.36 um | Best HPWL=426853.12 um | Accept Rate=100.0% | Improvements: 1812/8000 (22.7%) | Refine: 4148671/4148686 (100.0%) | Explore: 1779314/1779314 (100.0%)
T=19954897.99 | W=100.4um | Current HPWL=2106587.70 um | Best HPWL=426853.12 um | Accept Rate=100.0% | Improvements: 1918/8000 (24.0%) | Refine: 4260822/4260837 (100.0%) | Explore: 1827163/1827163 (100.0%)
T=19559568.80 | W=100.4um | Current HPWL=2140411.06 um | Best HPWL=426853.12 um | Accept Rate=100.0% | Improvements: 1857/8000 (23.2%) | Refine: 4372420/4372435 (100.0%) | Explore: 1875565/1875565 (100.0%)
T=19172071.54 | W=100.4um | Current HPWL=2099345.47 um | Best HPWL=426853.12 um | Accept Rate=100.0% | Improvements: 1880/8000 (23.5%) | Refine: 4484244/4484259 (100.0%) | Explore: 1923741/1923741 (100.0%)
T=18792251.04 | W=100.4um | Current HPWL=2123011.77 um | Best HPWL=426853.12 um | Accept Rate=100.0% | Improvements: 1789/8000 (22.4%) | Refine: 4596212/4596227 (100.0%) | Explore: 1971773/1971773 (100.0%)
T=18419955.22 | W=100.4um | Current HPWL=2077596.08 um | Best HPWL=426853.12 um | Accept Rate=100.0% | Improvements: 1901/8000 (23.8%) | Refine: 4707893/4707908 (100.0%) | Explore: 2020092/2020092 (100.0%)
T=18055034.99 | W=100.4um | Current HPWL=2075051.21 um | Best HPWL=426853.12 um | Accept Rate=100.0% | Improvements: 1887/8000 (23.6%) | Refine: 4819961/4819976 (100.0%) | Explore: 2068024/2068024 (100.0%)
T=17697344.26 | W=100.4um | Current HPWL=2147499.61 um | Best HPWL=426853.12 um | Accept Rate=100.0% | Improvements: 1834/8000 (22.9%) | Refine: 4932118/4932133 (100.0%) | Explore: 2115867/2115867 (100.0%)
T=17346739.78 | W=100.4um | Current HPWL=2104803.41 um | Best HPWL=426853.12 um | Accept Rate=100.0% | Improvements: 1934/8000 (24.2%) | Refine: 5043831/5043847 (100.0%) | Explore: 2164153/2164153 (100.0%)
T=17003081.17 | W=100.4um | Current HPWL=2113999.14 um | Best HPWL=426853.12 um | Accept Rate=100.0% | Improvements: 1802/8000 (22.5%) | Refine: 5156099/5156115 (100.0%) | Explore: 2211885/2211885 (100.0%)
T=16666230.83 | W=100.4um | Current HPWL=2085910.80 um | Best HPWL=426853.12 um | Accept Rate=100.0% | Improvements: 1897/8000 (23.7%) | Refine: 5268043/5268060 (100.0%) | Explore: 2259939/2259940 (100.0%)
T=16336053.88 | W=100.4um | Current HPWL=2089772.46 um | Best HPWL=426853.12 um | Accept Rate=100.0% | Improvements: 1864/8000 (23.3%) | Refine: 5379685/5379703 (100.0%) | Explore: 2308296/2308297 (100.0%)
T=16012418.11 | W=100.4um | Current HPWL=2117418.68 um | Best HPWL=426853.12 um | Accept Rate=100.0% | Improvements: 1910/8000 (23.9%) | Refine: 5491466/5491484 (100.0%) | Explore: 2356515/2356516 (100.0%)
T=15695193.93 | W=100.4um | Current HPWL=2083325.94 um | Best HPWL=426853.12 um | Accept Rate=100.0% | Improvements: 1865/8000 (23.3%) | Refine: 5603717/5603736 (100.0%) | Explore: 2404263/2404264 (100.0%)
T=15384254.32 | W=100.4um | Current HPWL=2098998.02 um | Best HPWL=426853.12 um | Accept Rate=100.0% | Improvements: 1839/8000 (23.0%) | Refine: 5715771/5715790 (100.0%) | Explore: 2452209/2452210 (100.0%)
T=15079474.78 | W=100.4um | Current HPWL=2105612.65 um | Best HPWL=426853.12 um | Accept Rate=100.0% | Improvements: 1823/8000 (22.8%) | Refine: 5827622/5827641 (100.0%) | Explore: 2500358/2500359 (100.0%)
T=14780733.26 | W=100.4um | Current HPWL=2079742.27 um | Best HPWL=426853.12 um | Accept Rate=100.0% | Improvements: 1847/8000 (23.1%) | Refine: 5939801/5939820 (100.0%) | Explore: 2548179/2548180 (100.0%)
T=14487910.16 | W=100.4um | Current HPWL=2101124.79 um | Best HPWL=426853.12 um | Accept Rate=100.0% | Improvements: 1874/8000 (23.4%) | Refine: 6052073/6052092 (100.0%) | Explore: 2595907/2595908 (100.0%)
T=14200888.21 | W=100.4um | Current HPWL=2126244.56 um | Best HPWL=426853.12 um | Accept Rate=100.0% | Improvements: 1830/8000 (22.9%) | Refine: 6164206/6164225 (100.0%) | Explore: 2643773/2643775 (100.0%)
T=13919552.50 | W=100.4um | Current HPWL=2141163.24 um | Best HPWL=426853.12 um | Accept Rate=100.0% | Improvements: 1856/8000 (23.2%) | Refine: 6276528/6276547 (100.0%) | Explore: 2691451/2691453 (100.0%)
T=13643790.36 | W=100.4um | Current HPWL=2115669.95 um | Best HPWL=426853.12 um | Accept Rate=100.0% | Improvements: 1853/8000 (23.2%) | Refine: 6388524/6388544 (100.0%) | Explore: 2739454/2739456 (100.0%)
T=13373491.39 | W=100.4um | Current HPWL=2113559.95 um | Best HPWL=426853.12 um | Accept Rate=100.0% | Improvements: 1812/8000 (22.7%) | Refine: 6500660/6500681 (100.0%) | Explore: 2787317/2787319 (100.0%)
T=13108547.34 | W=100.4um | Current HPWL=2118147.59 um | Best HPWL=426853.12 um | Accept Rate=100.0% | Improvements: 1844/8000 (23.1%) | Refine: 6612764/6612787 (100.0%) | Explore: 2835211/2835213 (100.0%)
T=12848852.14 | W=100.4um | Current HPWL=2111330.67 um | Best HPWL=426853.12 um | Accept Rate=100.0% | Improvements: 1881/8000 (23.5%) | Refine: 6724676/6724699 (100.0%) | Explore: 2883299/2883301 (100.0%)
T=12594301.79 | W=100.4um | Current HPWL=2114931.92 um | Best HPWL=426853.12 um | Accept Rate=100.0% | Improvements: 1829/8000 (22.9%) | Refine: 6836936/6836961 (100.0%) | Explore: 2931037/2931039 (100.0%)
T=12344794.38 | W=100.4um | Current HPWL=2120907.18 um | Best HPWL=426853.12 um | Accept Rate=100.0% | Improvements: 1848/8000 (23.1%) | Refine: 6948913/6948938 (100.0%) | Explore: 2979060/2979062 (100.0%)
T=12100229.99 | W=100.4um | Current HPWL=2140383.09 um | Best HPWL=426853.12 um | Accept Rate=100.0% | Improvements: 1824/8000 (22.8%) | Refine: 7060724/7060749 (100.0%) | Explore: 3027249/3027251 (100.0%)
T=11860510.69 | W=100.4um | Current HPWL=2137820.80 um | Best HPWL=426853.12 um | Accept Rate=100.0% | Improvements: 1885/8000 (23.6%) | Refine: 7172533/7172558 (100.0%) | Explore: 3075440/3075442 (100.0%)
T=11625540.51 | W=100.4um | Current HPWL=2146031.70 um | Best HPWL=426853.12 um | Accept Rate=100.0% | Improvements: 1869/8000 (23.4%) | Refine: 7284597/7284622 (100.0%) | Explore: 3123376/3123378 (100.0%)
T=11395225.36 | W=100.4um | Current HPWL=2122658.97 um | Best HPWL=426853.12 um | Accept Rate=100.0% | Improvements: 1854/8000 (23.2%) | Refine: 7396454/7396479 (100.0%) | Explore: 3171519/3171521 (100.0%)
T=11169473.01 | W=100.4um | Current HPWL=2130094.81 um | Best HPWL=426853.12 um | Accept Rate=100.0% | Improvements: 1882/8000 (23.5%) | Refine: 7508618/7508643 (100.0%) | Explore: 3219354/3219357 (100.0%)
T=10948193.07 | W=100.4um | Current HPWL=2116419.90 um | Best HPWL=426853.12 um | Accept Rate=100.0% | Improvements: 1825/8000 (22.8%) | Refine: 7620931/7620956 (100.0%) | Explore: 3267041/3267044 (100.0%)
T=10731296.94 | W=100.4um | Current HPWL=2112393.21 um | Best HPWL=426853.12 um | Accept Rate=100.0% | Improvements: 1854/8000 (23.2%) | Refine: 7733277/7733302 (100.0%) | Explore: 3314695/3314698 (100.0%)
T=10518697.76 | W=100.4um | Current HPWL=2136898.54 um | Best HPWL=426853.12 um | Accept Rate=100.0% | Improvements: 1838/8000 (23.0%) | Refine: 7845384/7845409 (100.0%) | Explore: 3362588/3362591 (100.0%)
T=10310310.42 | W=100.4um | Current HPWL=2128095.79 um | Best HPWL=426853.12 um | Accept Rate=100.0% | Improvements: 1897/8000 (23.7%) | Refine: 7957428/7957454 (100.0%) | Explore: 3410543/3410546 (100.0%)
T=10106051.47 | W=100.4um | Current HPWL=2091414.34 um | Best HPWL=426853.12 um | Accept Rate=100.0% | Improvements: 1939/8000 (24.2%) | Refine: 8069605/8069631 (100.0%) | Explore: 3458366/3458369 (100.0%)
T=9905839.11 | W=100.4um | Current HPWL=2133487.66 um | Best HPWL=426853.12 um | Accept Rate=100.0% | Improvements: 1885/8000 (23.6%) | Refine: 8181698/8181724 (100.0%) | Explore: 3506273/3506276 (100.0%)
T=9709593.20 | W=100.4um | Current HPWL=2110557.84 um | Best HPWL=426853.12 um | Accept Rate=100.0% | Improvements: 1884/8000 (23.5%) | Refine: 8293610/8293636 (100.0%) | Explore: 3554361/3554364 (100.0%)
T=9517235.13 | W=100.4um | Current HPWL=2091364.83 um | Best HPWL=426853.12 um | Accept Rate=100.0% | Improvements: 1857/8000 (23.2%) | Refine: 8405638/8405664 (100.0%) | Explore: 3602333/3602336 (100.0%)
T=9328687.90 | W=100.4um | Current HPWL=2099313.85 um | Best HPWL=426853.12 um | Accept Rate=100.0% | Improvements: 1931/8000 (24.1%) | Refine: 8517635/8517663 (100.0%) | Explore: 3650334/3650337 (100.0%)
T=9143876.00 | W=100.4um | Current HPWL=2141562.95 um | Best HPWL=426853.12 um | Accept Rate=100.0% | Improvements: 1825/8000 (22.8%) | Refine: 8629614/8629644 (100.0%) | Explore: 3698353/3698356 (100.0%)
T=8962725.44 | W=100.4um | Current HPWL=2140151.65 um | Best HPWL=426853.12 um | Accept Rate=100.0% | Improvements: 1855/8000 (23.2%) | Refine: 8741550/8741582 (100.0%) | Explore: 3746415/3746418 (100.0%)
T=8785163.68 | W=100.4um | Current HPWL=2094779.45 um | Best HPWL=426853.12 um | Accept Rate=100.0% | Improvements: 1869/8000 (23.4%) | Refine: 8853134/8853167 (100.0%) | Explore: 3794830/3794833 (100.0%)
T=8611119.61 | W=100.4um | Current HPWL=2111720.59 um | Best HPWL=426853.12 um | Accept Rate=100.0% | Improvements: 1816/8000 (22.7%) | Refine: 8965179/8965212 (100.0%) | Explore: 3842785/3842788 (100.0%)
T=8440523.56 | W=100.4um | Current HPWL=2099683.24 um | Best HPWL=426853.12 um | Accept Rate=100.0% | Improvements: 1879/8000 (23.5%) | Refine: 9076897/9076930 (100.0%) | Explore: 3891067/3891070 (100.0%)
T=8273307.20 | W=100.4um | Current HPWL=2084967.75 um | Best HPWL=426853.12 um | Accept Rate=100.0% | Improvements: 1898/8000 (23.7%) | Refine: 9188767/9188801 (100.0%) | Explore: 3939196/3939199 (100.0%)
T=8109403.60 | W=100.4um | Current HPWL=2144910.44 um | Best HPWL=426853.12 um | Accept Rate=100.0% | Improvements: 1845/8000 (23.1%) | Refine: 9300573/9300609 (100.0%) | Explore: 3987388/3987391 (100.0%)
T=7948747.10 | W=100.4um | Current HPWL=2130781.12 um | Best HPWL=426853.12 um | Accept Rate=100.0% | Improvements: 1888/8000 (23.6%) | Refine: 9412901/9412938 (100.0%) | Explore: 4035059/4035062 (100.0%)
T=7791273.40 | W=100.4um | Current HPWL=2135069.44 um | Best HPWL=426853.12 um | Accept Rate=100.0% | Improvements: 1884/8000 (23.5%) | Refine: 9524826/9524863 (100.0%) | Explore: 4083133/4083137 (100.0%)
T=7636919.43 | W=100.4um | Current HPWL=2114558.43 um | Best HPWL=426853.12 um | Accept Rate=100.0% | Improvements: 1897/8000 (23.7%) | Refine: 9637084/9637122 (100.0%) | Explore: 4130873/4130878 (100.0%)
T=7485623.39 | W=100.4um | Current HPWL=2112651.69 um | Best HPWL=426853.12 um | Accept Rate=100.0% | Improvements: 1848/8000 (23.1%) | Refine: 9749052/9749091 (100.0%) | Explore: 4178904/4178909 (100.0%)
T=7337324.69 | W=100.4um | Current HPWL=2106053.04 um | Best HPWL=426853.12 um | Accept Rate=100.0% | Improvements: 1898/8000 (23.7%) | Refine: 9860547/9860587 (100.0%) | Explore: 4227408/4227413 (100.0%)
T=7191963.96 | W=100.4um | Current HPWL=2082301.46 um | Best HPWL=426853.12 um | Accept Rate=100.0% | Improvements: 1944/8000 (24.3%) | Refine: 9972514/9972556 (100.0%) | Explore: 4275439/4275444 (100.0%)
T=7049482.99 | W=100.4um | Current HPWL=2133761.16 um | Best HPWL=426853.12 um | Accept Rate=100.0% | Improvements: 1923/8000 (24.0%) | Refine: 10084377/10084421 (100.0%) | Explore: 4323574/4323579 (100.0%)
T=6909824.73 | W=100.4um | Current HPWL=2108998.90 um | Best HPWL=426853.12 um | Accept Rate=100.0% | Improvements: 1823/8000 (22.8%) | Refine: 10196485/10196530 (100.0%) | Explore: 4371465/4371470 (100.0%)
T=6772933.26 | W=100.4um | Current HPWL=2105059.65 um | Best HPWL=426853.12 um | Accept Rate=100.0% | Improvements: 1899/8000 (23.7%) | Refine: 10308738/10308784 (100.0%) | Explore: 4419211/4419216 (100.0%)
T=6638753.76 | W=100.4um | Current HPWL=2095233.62 um | Best HPWL=426853.12 um | Accept Rate=100.0% | Improvements: 1875/8000 (23.4%) | Refine: 10420816/10420862 (100.0%) | Explore: 4467132/4467138 (100.0%)
T=6507232.51 | W=100.4um | Current HPWL=2090718.90 um | Best HPWL=426853.12 um | Accept Rate=100.0% | Improvements: 1890/8000 (23.6%) | Refine: 10533029/10533075 (100.0%) | Explore: 4514918/4514925 (100.0%)
T=6378316.85 | W=100.4um | Current HPWL=2110927.57 um | Best HPWL=426853.12 um | Accept Rate=100.0% | Improvements: 1858/8000 (23.2%) | Refine: 10644971/10645018 (100.0%) | Explore: 4562975/4562982 (100.0%)
T=6251955.15 | W=100.4um | Current HPWL=2094540.89 um | Best HPWL=426853.12 um | Accept Rate=100.0% | Improvements: 1845/8000 (23.1%) | Refine: 10756849/10756897 (100.0%) | Explore: 4611095/4611103 (100.0%)
T=6128096.82 | W=100.4um | Current HPWL=2103361.83 um | Best HPWL=426853.12 um | Accept Rate=100.0% | Improvements: 1891/8000 (23.6%) | Refine: 10868779/10868827 (100.0%) | Explore: 4659165/4659173 (100.0%)
T=6006692.27 | W=100.4um | Current HPWL=2099030.99 um | Best HPWL=426853.12 um | Accept Rate=100.0% | Improvements: 1792/8000 (22.4%) | Refine: 10981008/10981057 (100.0%) | Explore: 4706935/4706943 (100.0%)
T=5887692.88 | W=100.4um | Current HPWL=2098230.49 um | Best HPWL=426853.12 um | Accept Rate=100.0% | Improvements: 1869/8000 (23.4%) | Refine: 11093185/11093236 (100.0%) | Explore: 4754756/4754764 (100.0%)
T=5771051.00 | W=100.4um | Current HPWL=2107155.49 um | Best HPWL=426853.12 um | Accept Rate=100.0% | Improvements: 1899/8000 (23.7%) | Refine: 11205120/11205171 (100.0%) | Explore: 4802821/4802829 (100.0%)
T=5656719.93 | W=100.4um | Current HPWL=2113399.46 um | Best HPWL=426853.12 um | Accept Rate=100.0% | Improvements: 1863/8000 (23.3%) | Refine: 11316951/11317005 (100.0%) | Explore: 4850986/4850995 (100.0%)
T=5544653.88 | W=100.4um | Current HPWL=2107994.40 um | Best HPWL=426853.12 um | Accept Rate=100.0% | Improvements: 1868/8000 (23.4%) | Refine: 11429151/11429209 (100.0%) | Explore: 4898782/4898791 (100.0%)
T=5434808.00 | W=100.4um | Current HPWL=2116554.73 um | Best HPWL=426853.12 um | Accept Rate=100.0% | Improvements: 1875/8000 (23.4%) | Refine: 11541197/11541257 (100.0%) | Explore: 4946734/4946743 (100.0%)
T=5327138.28 | W=100.4um | Current HPWL=2127589.26 um | Best HPWL=426853.12 um | Accept Rate=100.0% | Improvements: 1922/8000 (24.0%) | Refine: 11653228/11653291 (100.0%) | Explore: 4994700/4994709 (100.0%)
T=5221601.62 | W=100.4um | Current HPWL=2143040.87 um | Best HPWL=426853.12 um | Accept Rate=100.0% | Improvements: 1870/8000 (23.4%) | Refine: 11765175/11765238 (100.0%) | Explore: 5042753/5042762 (100.0%)
T=5118155.77 | W=100.4um | Current HPWL=2135580.61 um | Best HPWL=426853.12 um | Accept Rate=100.0% | Improvements: 1929/8000 (24.1%) | Refine: 11876725/11876789 (100.0%) | Explore: 5091201/5091211 (100.0%)
T=5016759.29 | W=100.4um | Current HPWL=2122618.72 um | Best HPWL=426853.12 um | Accept Rate=100.0% | Improvements: 1869/8000 (23.4%) | Refine: 11988555/11988621 (100.0%) | Explore: 5139369/5139379 (100.0%)
T=4917371.60 | W=100.4um | Current HPWL=2120876.66 um | Best HPWL=426853.12 um | Accept Rate=100.0% | Improvements: 1843/8000 (23.0%) | Refine: 12100741/12100808 (100.0%) | Explore: 5187182/5187192 (100.0%)
T=4819952.88 | W=100.4um | Current HPWL=2118956.59 um | Best HPWL=426853.12 um | Accept Rate=100.0% | Improvements: 1898/8000 (23.7%) | Refine: 12212909/12212976 (100.0%) | Explore: 5235014/5235024 (100.0%)
T=4724464.14 | W=100.4um | Current HPWL=2107790.94 um | Best HPWL=426853.12 um | Accept Rate=100.0% | Improvements: 1883/8000 (23.5%) | Refine: 12324858/12324928 (100.0%) | Explore: 5283062/5283072 (100.0%)
T=4630867.15 | W=100.4um | Current HPWL=2097439.61 um | Best HPWL=426853.12 um | Accept Rate=100.0% | Improvements: 1851/8000 (23.1%) | Refine: 12436939/12437010 (100.0%) | Explore: 5330980/5330990 (100.0%)
T=4539124.41 | W=100.4um | Current HPWL=2128603.78 um | Best HPWL=426853.12 um | Accept Rate=100.0% | Improvements: 1860/8000 (23.2%) | Refine: 12548788/12548862 (100.0%) | Explore: 5379128/5379138 (100.0%)
T=4449199.20 | W=100.4um | Current HPWL=2115997.11 um | Best HPWL=426853.12 um | Accept Rate=100.0% | Improvements: 1848/8000 (23.1%) | Refine: 12660602/12660678 (100.0%) | Explore: 5427311/5427322 (100.0%)
T=4361055.52 | W=100.4um | Current HPWL=2156460.29 um | Best HPWL=426853.12 um | Accept Rate=100.0% | Improvements: 1878/8000 (23.5%) | Refine: 12772709/12772788 (100.0%) | Explore: 5475201/5475212 (100.0%)
T=4274658.06 | W=100.4um | Current HPWL=2109204.87 um | Best HPWL=426853.12 um | Accept Rate=100.0% | Improvements: 1881/8000 (23.5%) | Refine: 12884781/12884861 (100.0%) | Explore: 5523127/5523139 (100.0%)
T=4189972.23 | W=100.4um | Current HPWL=2107510.34 um | Best HPWL=426853.12 um | Accept Rate=100.0% | Improvements: 1854/8000 (23.2%) | Refine: 12996851/12996933 (100.0%) | Explore: 5571055/5571067 (100.0%)
T=4106964.12 | W=100.4um | Current HPWL=2117325.12 um | Best HPWL=426853.12 um | Accept Rate=100.0% | Improvements: 1888/8000 (23.6%) | Refine: 13108495/13108578 (100.0%) | Explore: 5619410/5619422 (100.0%)
T=4025600.50 | W=100.4um | Current HPWL=2104722.69 um | Best HPWL=426853.12 um | Accept Rate=100.0% | Improvements: 1861/8000 (23.3%) | Refine: 13220551/13220636 (100.0%) | Explore: 5667352/5667364 (100.0%)
T=3945848.79 | W=100.4um | Current HPWL=2094170.92 um | Best HPWL=426853.12 um | Accept Rate=100.0% | Improvements: 1860/8000 (23.2%) | Refine: 13332469/13332556 (100.0%) | Explore: 5715432/5715444 (100.0%)
T=3867677.04 | W=100.4um | Current HPWL=2122771.37 um | Best HPWL=426853.12 um | Accept Rate=100.0% | Improvements: 1831/8000 (22.9%) | Refine: 13444744/13444833 (100.0%) | Explore: 5763155/5763167 (100.0%)
T=3791053.97 | W=100.4um | Current HPWL=2136333.25 um | Best HPWL=426853.12 um | Accept Rate=100.0% | Improvements: 1903/8000 (23.8%) | Refine: 13556901/13556990 (100.0%) | Explore: 5810998/5811010 (100.0%)
T=3715948.89 | W=100.4um | Current HPWL=2135437.19 um | Best HPWL=426853.12 um | Accept Rate=100.0% | Improvements: 1895/8000 (23.7%) | Refine: 13668855/13668946 (100.0%) | Explore: 5859042/5859054 (100.0%)
T=3642331.72 | W=100.4um | Current HPWL=2125560.88 um | Best HPWL=426853.12 um | Accept Rate=100.0% | Improvements: 1859/8000 (23.2%) | Refine: 13781201/13781294 (100.0%) | Explore: 5906693/5906706 (100.0%)
T=3570172.99 | W=100.4um | Current HPWL=2093980.27 um | Best HPWL=426853.12 um | Accept Rate=100.0% | Improvements: 1859/8000 (23.2%) | Refine: 13892919/13893014 (100.0%) | Explore: 5954972/5954986 (100.0%)
T=3499443.81 | W=100.4um | Current HPWL=2118839.42 um | Best HPWL=426853.12 um | Accept Rate=100.0% | Improvements: 1860/8000 (23.2%) | Refine: 14005325/14005422 (100.0%) | Explore: 6002563/6002578 (100.0%)
T=3430115.86 | W=100.4um | Current HPWL=2098480.63 um | Best HPWL=426853.12 um | Accept Rate=100.0% | Improvements: 1817/8000 (22.7%) | Refine: 14117530/14117629 (100.0%) | Explore: 6050356/6050371 (100.0%)
T=3362161.37 | W=100.4um | Current HPWL=2095908.59 um | Best HPWL=426853.12 um | Accept Rate=100.0% | Improvements: 1824/8000 (22.8%) | Refine: 14229249/14229349 (100.0%) | Explore: 6098636/6098651 (100.0%)
T=3295553.14 | W=100.4um | Current HPWL=2128995.61 um | Best HPWL=426853.12 um | Accept Rate=100.0% | Improvements: 1913/8000 (23.9%) | Refine: 14341023/14341123 (100.0%) | Explore: 6146862/6146877 (100.0%)
T=3230264.49 | W=100.4um | Current HPWL=2091423.29 um | Best HPWL=426853.12 um | Accept Rate=100.0% | Improvements: 1937/8000 (24.2%) | Refine: 14453051/14453153 (100.0%) | Explore: 6194832/6194847 (100.0%)
T=3166269.28 | W=100.4um | Current HPWL=2092152.13 um | Best HPWL=426853.12 um | Accept Rate=100.0% | Improvements: 1868/8000 (23.4%) | Refine: 14565137/14565239 (100.0%) | Explore: 6242746/6242761 (100.0%)
T=3103541.89 | W=100.4um | Current HPWL=2110717.20 um | Best HPWL=426853.12 um | Accept Rate=100.0% | Improvements: 1875/8000 (23.4%) | Refine: 14677070/14677176 (100.0%) | Explore: 6290809/6290824 (100.0%)
T=3042057.21 | W=100.4um | Current HPWL=2122192.50 um | Best HPWL=426853.12 um | Accept Rate=100.0% | Improvements: 1922/8000 (24.0%) | Refine: 14789032/14789138 (100.0%) | Explore: 6338846/6338862 (100.0%)
T=2981790.60 | W=100.4um | Current HPWL=2133545.41 um | Best HPWL=426853.12 um | Accept Rate=100.0% | Improvements: 1918/8000 (24.0%) | Refine: 14900988/14901095 (100.0%) | Explore: 6386888/6386905 (100.0%)
T=2922717.94 | W=100.4um | Current HPWL=2101923.62 um | Best HPWL=426853.12 um | Accept Rate=100.0% | Improvements: 1924/8000 (24.1%) | Refine: 15012842/15012955 (100.0%) | Explore: 6435028/6435045 (100.0%)
T=2864815.58 | W=100.4um | Current HPWL=2142149.06 um | Best HPWL=426853.12 um | Accept Rate=100.0% | Improvements: 1877/8000 (23.5%) | Refine: 15124726/15124844 (100.0%) | Explore: 6483138/6483156 (100.0%)
T=2808060.33 | W=100.4um | Current HPWL=2111856.97 um | Best HPWL=426853.12 um | Accept Rate=100.0% | Improvements: 1920/8000 (24.0%) | Refine: 15236963/15237086 (100.0%) | Explore: 6530896/6530914 (100.0%)
T=2752429.47 | W=100.4um | Current HPWL=2139967.26 um | Best HPWL=426853.12 um | Accept Rate=100.0% | Improvements: 1861/8000 (23.3%) | Refine: 15348879/15349006 (100.0%) | Explore: 6578975/6578994 (100.0%)
T=2697900.72 | W=100.4um | Current HPWL=2118136.83 um | Best HPWL=426853.12 um | Accept Rate=100.0% | Improvements: 1847/8000 (23.1%) | Refine: 15460759/15460892 (100.0%) | Explore: 6627088/6627108 (100.0%)
T=2644452.24 | W=100.4um | Current HPWL=2093690.60 um | Best HPWL=426853.12 um | Accept Rate=100.0% | Improvements: 1909/8000 (23.9%) | Refine: 15572598/15572734 (100.0%) | Explore: 6675246/6675266 (100.0%)
T=2592062.64 | W=100.4um | Current HPWL=2109784.77 um | Best HPWL=426853.12 um | Accept Rate=100.0% | Improvements: 1841/8000 (23.0%) | Refine: 15684658/15684800 (100.0%) | Explore: 6723180/6723200 (100.0%)
T=2540710.94 | W=100.4um | Current HPWL=2100296.01 um | Best HPWL=426853.12 um | Accept Rate=100.0% | Improvements: 1894/8000 (23.7%) | Refine: 15796705/15796848 (100.0%) | Explore: 6771132/6771152 (100.0%)
T=2490376.57 | W=100.4um | Current HPWL=2105312.80 um | Best HPWL=426853.12 um | Accept Rate=100.0% | Improvements: 1811/8000 (22.6%) | Refine: 15908793/15908941 (100.0%) | Explore: 6819038/6819059 (100.0%)
T=2441039.38 | W=100.4um | Current HPWL=2116471.21 um | Best HPWL=426853.12 um | Accept Rate=100.0% | Improvements: 1891/8000 (23.6%) | Refine: 16020613/16020767 (100.0%) | Explore: 6867211/6867233 (100.0%)
T=2392679.62 | W=100.4um | Current HPWL=2142035.73 um | Best HPWL=426853.12 um | Accept Rate=100.0% | Improvements: 1867/8000 (23.3%) | Refine: 16132505/16132666 (100.0%) | Explore: 6915312/6915334 (100.0%)
T=2345277.92 | W=100.4um | Current HPWL=2148421.85 um | Best HPWL=426853.12 um | Accept Rate=100.0% | Improvements: 1889/8000 (23.6%) | Refine: 16244782/16244948 (100.0%) | Explore: 6963029/6963052 (100.0%)
T=2298815.31 | W=100.4um | Current HPWL=2144020.67 um | Best HPWL=426853.12 um | Accept Rate=100.0% | Improvements: 1869/8000 (23.4%) | Refine: 16356684/16356853 (100.0%) | Explore: 7011124/7011147 (100.0%)
T=2253273.16 | W=100.4um | Current HPWL=2128645.75 um | Best HPWL=426853.12 um | Accept Rate=100.0% | Improvements: 1855/8000 (23.2%) | Refine: 16468795/16468968 (100.0%) | Explore: 7059008/7059032 (100.0%)
T=2208633.27 | W=100.4um | Current HPWL=2105186.06 um | Best HPWL=426853.12 um | Accept Rate=100.0% | Improvements: 1914/8000 (23.9%) | Refine: 16580690/16580865 (100.0%) | Explore: 7107111/7107135 (100.0%)
T=2164877.73 | W=100.4um | Current HPWL=2112389.27 um | Best HPWL=426853.12 um | Accept Rate=100.0% | Improvements: 1856/8000 (23.2%) | Refine: 16692625/16692804 (100.0%) | Explore: 7155172/7155196 (100.0%)
T=2121989.05 | W=100.4um | Current HPWL=2081040.98 um | Best HPWL=426853.12 um | Accept Rate=100.0% | Improvements: 1843/8000 (23.0%) | Refine: 16804716/16804899 (100.0%) | Explore: 7203076/7203101 (100.0%)
T=2079950.04 | W=100.4um | Current HPWL=2086328.31 um | Best HPWL=426853.12 um | Accept Rate=100.0% | Improvements: 1841/8000 (23.0%) | Refine: 16916716/16916906 (100.0%) | Explore: 7251069/7251094 (100.0%)
T=2038743.86 | W=100.4um | Current HPWL=2093858.66 um | Best HPWL=426853.12 um | Accept Rate=100.0% | Improvements: 1883/8000 (23.5%) | Refine: 17028888/17029085 (100.0%) | Explore: 7298890/7298915 (100.0%)
T=1998354.03 | W=100.4um | Current HPWL=2095814.12 um | Best HPWL=426853.12 um | Accept Rate=100.0% | Improvements: 1860/8000 (23.2%) | Refine: 17140968/17141171 (100.0%) | Explore: 7346804/7346829 (100.0%)
T=1958764.37 | W=100.4um | Current HPWL=2095071.74 um | Best HPWL=426853.12 um | Accept Rate=100.0% | Improvements: 1857/8000 (23.2%) | Refine: 17252770/17252976 (100.0%) | Explore: 7394998/7395024 (100.0%)
T=1919959.03 | W=100.4um | Current HPWL=2091467.67 um | Best HPWL=426853.12 um | Accept Rate=100.0% | Improvements: 1877/8000 (23.5%) | Refine: 17365008/17365220 (100.0%) | Explore: 7442754/7442780 (100.0%)
T=1881922.46 | W=100.4um | Current HPWL=2090757.57 um | Best HPWL=426853.12 um | Accept Rate=100.0% | Improvements: 1869/8000 (23.4%) | Refine: 17477176/17477391 (100.0%) | Explore: 7490583/7490609 (100.0%)
T=1844639.44 | W=100.4um | Current HPWL=2097864.73 um | Best HPWL=426853.12 um | Accept Rate=100.0% | Improvements: 1906/8000 (23.8%) | Refine: 17589243/17589461 (100.0%) | Explore: 7538513/7538539 (100.0%)
T=1808095.04 | W=100.4um | Current HPWL=2105986.00 um | Best HPWL=426853.12 um | Accept Rate=100.0% | Improvements: 1870/8000 (23.4%) | Refine: 17701347/17701570 (100.0%) | Explore: 7586403/7586430 (100.0%)
T=1772274.62 | W=100.4um | Current HPWL=2095903.23 um | Best HPWL=426853.12 um | Accept Rate=100.0% | Improvements: 1858/8000 (23.2%) | Refine: 17813540/17813769 (100.0%) | Explore: 7634204/7634231 (100.0%)
T=1737163.85 | W=100.4um | Current HPWL=2090047.19 um | Best HPWL=426853.12 um | Accept Rate=100.0% | Improvements: 1852/8000 (23.2%) | Refine: 17925637/17925872 (100.0%) | Explore: 7682101/7682128 (100.0%)
T=1702748.66 | W=100.4um | Current HPWL=2122971.44 um | Best HPWL=426853.12 um | Accept Rate=100.0% | Improvements: 1848/8000 (23.1%) | Refine: 18037595/18037836 (100.0%) | Explore: 7730134/7730164 (100.0%)
T=1669015.28 | W=100.4um | Current HPWL=2134481.66 um | Best HPWL=426853.12 um | Accept Rate=100.0% | Improvements: 1856/8000 (23.2%) | Refine: 18149293/18149537 (100.0%) | Explore: 7778432/7778463 (100.0%)
T=1635950.19 | W=100.4um | Current HPWL=2131072.38 um | Best HPWL=426853.12 um | Accept Rate=100.0% | Improvements: 1866/8000 (23.3%) | Refine: 18261500/18261751 (100.0%) | Explore: 7826217/7826249 (100.0%)
T=1603540.16 | W=100.4um | Current HPWL=2149237.24 um | Best HPWL=426853.12 um | Accept Rate=100.0% | Improvements: 1850/8000 (23.1%) | Refine: 18373429/18373685 (100.0%) | Explore: 7874281/7874315 (100.0%)
T=1571772.21 | W=100.4um | Current HPWL=2125991.65 um | Best HPWL=426853.12 um | Accept Rate=100.0% | Improvements: 1872/8000 (23.4%) | Refine: 18485564/18485828 (100.0%) | Explore: 7922137/7922172 (100.0%)
T=1540633.62 | W=100.4um | Current HPWL=2130371.48 um | Best HPWL=426853.12 um | Accept Rate=100.0% | Improvements: 1849/8000 (23.1%) | Refine: 18597382/18597653 (100.0%) | Explore: 7970312/7970347 (100.0%)
T=1510111.92 | W=100.4um | Current HPWL=2133273.99 um | Best HPWL=426853.12 um | Accept Rate=100.0% | Improvements: 1887/8000 (23.6%) | Refine: 18709058/18709336 (100.0%) | Explore: 8018629/8018664 (100.0%)
T=1480194.89 | W=100.4um | Current HPWL=2088947.18 um | Best HPWL=426853.12 um | Accept Rate=100.0% | Improvements: 1877/8000 (23.5%) | Refine: 18820880/18821165 (100.0%) | Explore: 8066798/8066835 (100.0%)
T=1450870.55 | W=100.4um | Current HPWL=2100483.98 um | Best HPWL=426853.12 um | Accept Rate=100.0% | Improvements: 1842/8000 (23.0%) | Refine: 18932979/18933269 (100.0%) | Explore: 8114693/8114731 (100.0%)
T=1422127.15 | W=100.4um | Current HPWL=2126097.22 um | Best HPWL=426853.12 um | Accept Rate=100.0% | Improvements: 1848/8000 (23.1%) | Refine: 19044943/19045236 (100.0%) | Explore: 8162726/8162764 (100.0%)
T=1393953.20 | W=100.4um | Current HPWL=2133855.38 um | Best HPWL=426853.12 um | Accept Rate=100.0% | Improvements: 1900/8000 (23.8%) | Refine: 19156970/19157266 (100.0%) | Explore: 8210695/8210734 (100.0%)
T=1366337.40 | W=100.4um | Current HPWL=2119173.18 um | Best HPWL=426853.12 um | Accept Rate=100.0% | Improvements: 1923/8000 (24.0%) | Refine: 19268610/19268910 (100.0%) | Explore: 8259049/8259090 (100.0%)
T=1339268.71 | W=100.4um | Current HPWL=2128137.55 um | Best HPWL=426853.12 um | Accept Rate=100.0% | Improvements: 1868/8000 (23.4%) | Refine: 19380391/19380695 (100.0%) | Explore: 8307263/8307305 (100.0%)
T=1312736.28 | W=100.4um | Current HPWL=2122652.08 um | Best HPWL=426853.12 um | Accept Rate=100.0% | Improvements: 1867/8000 (23.3%) | Refine: 19492225/19492534 (100.0%) | Explore: 8355424/8355466 (100.0%)
T=1286729.48 | W=100.4um | Current HPWL=2124242.58 um | Best HPWL=426853.12 um | Accept Rate=100.0% | Improvements: 1831/8000 (22.9%) | Refine: 19604239/19604558 (100.0%) | Explore: 8403399/8403442 (100.0%)
T=1261237.91 | W=100.4um | Current HPWL=2150760.80 um | Best HPWL=426853.12 um | Accept Rate=100.0% | Improvements: 1817/8000 (22.7%) | Refine: 19716317/19716642 (100.0%) | Explore: 8451314/8451358 (100.0%)
T=1236251.35 | W=100.4um | Current HPWL=2154749.51 um | Best HPWL=426853.12 um | Accept Rate=100.0% | Improvements: 1853/8000 (23.2%) | Refine: 19828328/19828663 (100.0%) | Explore: 8499291/8499337 (100.0%)
T=1211759.81 | W=100.4um | Current HPWL=2113437.92 um | Best HPWL=426853.12 um | Accept Rate=100.0% | Improvements: 1912/8000 (23.9%) | Refine: 19940656/19940998 (100.0%) | Explore: 8546956/8547002 (100.0%)
T=1187753.47 | W=100.4um | Current HPWL=2144238.43 um | Best HPWL=426853.12 um | Accept Rate=100.0% | Improvements: 1943/8000 (24.3%) | Refine: 20052713/20053062 (100.0%) | Explore: 8594892/8594938 (100.0%)
T=1164222.73 | W=100.4um | Current HPWL=2133565.34 um | Best HPWL=426853.12 um | Accept Rate=100.0% | Improvements: 1826/8000 (22.8%) | Refine: 20164704/20165059 (100.0%) | Explore: 8642892/8642941 (100.0%)
T=1141158.16 | W=100.4um | Current HPWL=2130537.55 um | Best HPWL=426853.12 um | Accept Rate=100.0% | Improvements: 1907/8000 (23.8%) | Refine: 20276417/20276779 (100.0%) | Explore: 8691172/8691221 (100.0%)
T=1118550.52 | W=100.4um | Current HPWL=2088888.68 um | Best HPWL=426853.12 um | Accept Rate=100.0% | Improvements: 1857/8000 (23.2%) | Refine: 20388361/20388725 (100.0%) | Explore: 8739225/8739275 (100.0%)
T=1096390.76 | W=100.4um | Current HPWL=2113748.37 um | Best HPWL=426853.12 um | Accept Rate=100.0% | Improvements: 1904/8000 (23.8%) | Refine: 20500430/20500805 (100.0%) | Explore: 8787145/8787195 (100.0%)
T=1074670.02 | W=100.4um | Current HPWL=2119600.97 um | Best HPWL=426853.12 um | Accept Rate=100.0% | Improvements: 1879/8000 (23.5%) | Refine: 20612057/20612438 (100.0%) | Explore: 8835510/8835562 (100.0%)
T=1053379.58 | W=100.4um | Current HPWL=2116391.69 um | Best HPWL=426853.12 um | Accept Rate=100.0% | Improvements: 1894/8000 (23.7%) | Refine: 20723854/20724245 (100.0%) | Explore: 8883702/8883755 (100.0%)
T=1032510.94 | W=100.4um | Current HPWL=2136970.31 um | Best HPWL=426853.12 um | Accept Rate=100.0% | Improvements: 1846/8000 (23.1%) | Refine: 20836038/20836438 (100.0%) | Explore: 8931508/8931562 (100.0%)
T=1012055.72 | W=100.4um | Current HPWL=2074781.31 um | Best HPWL=426853.12 um | Accept Rate=100.0% | Improvements: 1926/8000 (24.1%) | Refine: 20948018/20948428 (100.0%) | Explore: 8979516/8979572 (100.0%)
T=992005.75 | W=100.4um | Current HPWL=2081980.68 um | Best HPWL=426853.12 um | Accept Rate=100.0% | Improvements: 1909/8000 (23.9%) | Refine: 21059922/21060341 (100.0%) | Explore: 9027603/9027659 (100.0%)
T=972352.99 | W=100.4um | Current HPWL=2129244.57 um | Best HPWL=426853.12 um | Accept Rate=100.0% | Improvements: 1846/8000 (23.1%) | Refine: 21171944/21172371 (100.0%) | Explore: 9075572/9075629 (100.0%)
T=953089.57 | W=100.4um | Current HPWL=2095510.74 um | Best HPWL=426853.12 um | Accept Rate=100.0% | Improvements: 1901/8000 (23.8%) | Refine: 21284505/21284937 (100.0%) | Explore: 9123004/9123063 (100.0%)
T=934207.79 | W=100.4um | Current HPWL=2102120.99 um | Best HPWL=426853.12 um | Accept Rate=100.0% | Improvements: 1850/8000 (23.1%) | Refine: 21396642/21397085 (100.0%) | Explore: 9170854/9170915 (100.0%)
T=915700.07 | W=100.4um | Current HPWL=2122507.13 um | Best HPWL=426853.12 um | Accept Rate=100.0% | Improvements: 1885/8000 (23.6%) | Refine: 21508708/21509159 (100.0%) | Explore: 9218780/9218841 (100.0%)
T=897559.01 | W=100.4um | Current HPWL=2102657.94 um | Best HPWL=426853.12 um | Accept Rate=100.0% | Improvements: 1855/8000 (23.2%) | Refine: 21620677/21621137 (100.0%) | Explore: 9266800/9266863 (100.0%)
T=879777.35 | W=100.4um | Current HPWL=2109800.33 um | Best HPWL=426853.12 um | Accept Rate=100.0% | Improvements: 1856/8000 (23.2%) | Refine: 21732558/21733026 (100.0%) | Explore: 9314909/9314974 (100.0%)
T=862347.96 | W=100.4um | Current HPWL=2124338.59 um | Best HPWL=426853.12 um | Accept Rate=100.0% | Improvements: 1851/8000 (23.1%) | Refine: 21844414/21844892 (100.0%) | Explore: 9363041/9363108 (100.0%)
T=845263.87 | W=100.4um | Current HPWL=2103786.88 um | Best HPWL=426853.12 um | Accept Rate=100.0% | Improvements: 1879/8000 (23.5%) | Refine: 21956126/21956623 (100.0%) | Explore: 9411310/9411377 (100.0%)
T=828518.23 | W=100.4um | Current HPWL=2107729.36 um | Best HPWL=426853.12 um | Accept Rate=100.0% | Improvements: 1828/8000 (22.9%) | Refine: 22067984/22068492 (100.0%) | Explore: 9459437/9459508 (100.0%)
T=812104.35 | W=100.4um | Current HPWL=2105976.56 um | Best HPWL=426853.12 um | Accept Rate=100.0% | Improvements: 1836/8000 (22.9%) | Refine: 22179675/22180191 (100.0%) | Explore: 9507734/9507809 (100.0%)
T=796015.64 | W=100.4um | Current HPWL=2103520.93 um | Best HPWL=426853.12 um | Accept Rate=100.0% | Improvements: 1854/8000 (23.2%) | Refine: 22291548/22292081 (100.0%) | Explore: 9555840/9555919 (100.0%)
T=780245.66 | W=100.4um | Current HPWL=2103911.85 um | Best HPWL=426853.12 um | Accept Rate=100.0% | Improvements: 1812/8000 (22.7%) | Refine: 22403429/22403973 (100.0%) | Explore: 9603948/9604027 (100.0%)
T=764788.11 | W=100.4um | Current HPWL=2128748.30 um | Best HPWL=426853.12 um | Accept Rate=100.0% | Improvements: 1879/8000 (23.5%) | Refine: 22515358/22515918 (100.0%) | Explore: 9652000/9652082 (100.0%)
T=749636.79 | W=100.4um | Current HPWL=2126108.03 um | Best HPWL=426853.12 um | Accept Rate=100.0% | Improvements: 1884/8000 (23.5%) | Refine: 22627423/22627994 (100.0%) | Explore: 9699924/9700006 (100.0%)
T=734785.64 | W=100.4um | Current HPWL=2135877.77 um | Best HPWL=426853.12 um | Accept Rate=100.0% | Improvements: 1876/8000 (23.4%) | Refine: 22739149/22739731 (100.0%) | Explore: 9748184/9748269 (100.0%)
T=720228.70 | W=100.4um | Current HPWL=2117830.27 um | Best HPWL=426853.12 um | Accept Rate=100.0% | Improvements: 1863/8000 (23.3%) | Refine: 22850895/22851485 (100.0%) | Explore: 9796428/9796515 (100.0%)
T=705960.15 | W=100.4um | Current HPWL=2139600.61 um | Best HPWL=426853.12 um | Accept Rate=100.0% | Improvements: 1889/8000 (23.6%) | Refine: 22963021/22963625 (100.0%) | Explore: 9844288/9844375 (100.0%)
T=691974.28 | W=100.4um | Current HPWL=2136269.54 um | Best HPWL=426853.12 um | Accept Rate=100.0% | Improvements: 1899/8000 (23.7%) | Refine: 23074606/23075223 (100.0%) | Explore: 9892689/9892777 (100.0%)
T=678265.48 | W=100.4um | Current HPWL=2138591.82 um | Best HPWL=426853.12 um | Accept Rate=100.0% | Improvements: 1882/8000 (23.5%) | Refine: 23187020/23187652 (100.0%) | Explore: 9940258/9940348 (100.0%)
T=664828.27 | W=100.4um | Current HPWL=2148195.03 um | Best HPWL=426853.12 um | Accept Rate=100.0% | Improvements: 1843/8000 (23.0%) | Refine: 23299290/23299938 (100.0%) | Explore: 9987969/9988062 (100.0%)
T=651657.27 | W=100.4um | Current HPWL=2130232.52 um | Best HPWL=426853.12 um | Accept Rate=100.0% | Improvements: 1858/8000 (23.2%) | Refine: 23410890/23411552 (100.0%) | Explore: 10036354/10036448 (100.0%)
T=638747.20 | W=100.4um | Current HPWL=2131131.56 um | Best HPWL=426853.12 um | Accept Rate=100.0% | Improvements: 1844/8000 (23.1%) | Refine: 23523308/23523983 (100.0%) | Explore: 10083922/10084017 (100.0%)
T=626092.89 | W=100.4um | Current HPWL=2108918.28 um | Best HPWL=426853.12 um | Accept Rate=100.0% | Improvements: 1856/8000 (23.2%) | Refine: 23635541/23636226 (100.0%) | Explore: 10131678/10131774 (100.0%)
T=613689.28 | W=100.4um | Current HPWL=2102055.00 um | Best HPWL=426853.12 um | Accept Rate=100.0% | Improvements: 1919/8000 (24.0%) | Refine: 23747217/23747920 (100.0%) | Explore: 10179981/10180080 (100.0%)
T=601531.40 | W=100.4um | Current HPWL=2136757.56 um | Best HPWL=426853.12 um | Accept Rate=100.0% | Improvements: 1835/8000 (22.9%) | Refine: 23859398/23860113 (100.0%) | Explore: 10227786/10227887 (100.0%)
T=589614.38 | W=100.4um | Current HPWL=2151711.45 um | Best HPWL=426853.12 um | Accept Rate=100.0% | Improvements: 1877/8000 (23.5%) | Refine: 23971518/23972255 (100.0%) | Explore: 10275644/10275745 (100.0%)
T=577933.45 | W=100.4um | Current HPWL=2139566.70 um | Best HPWL=426853.12 um | Accept Rate=100.0% | Improvements: 1900/8000 (23.8%) | Refine: 24083395/24084151 (100.0%) | Explore: 10323746/10323849 (100.0%)
T=566483.93 | W=100.4um | Current HPWL=2121636.29 um | Best HPWL=426853.12 um | Accept Rate=100.0% | Improvements: 1800/8000 (22.5%) | Refine: 24195723/24196495 (100.0%) | Explore: 10371401/10371505 (100.0%)
T=555261.24 | W=100.4um | Current HPWL=2133835.32 um | Best HPWL=426853.12 um | Accept Rate=100.0% | Improvements: 1830/8000 (22.9%) | Refine: 24307703/24308491 (100.0%) | Explore: 10419402/10419509 (100.0%)
T=544260.89 | W=100.4um | Current HPWL=2148293.37 um | Best HPWL=426853.12 um | Accept Rate=100.0% | Improvements: 1936/8000 (24.2%) | Refine: 24419815/24420627 (100.0%) | Explore: 10467265/10467373 (100.0%)
T=533478.46 | W=100.4um | Current HPWL=2115192.12 um | Best HPWL=426853.12 um | Accept Rate=100.0% | Improvements: 1891/8000 (23.6%) | Refine: 24532009/24532838 (100.0%) | Explore: 10515051/10515162 (100.0%)
T=522909.65 | W=100.4um | Current HPWL=2109968.51 um | Best HPWL=426853.12 um | Accept Rate=100.0% | Improvements: 1845/8000 (23.1%) | Refine: 24643804/24644648 (100.0%) | Explore: 10563237/10563352 (100.0%)
T=512550.21 | W=100.4um | Current HPWL=2104621.76 um | Best HPWL=426853.12 um | Accept Rate=100.0% | Improvements: 1880/8000 (23.5%) | Refine: 24755898/24756764 (100.0%) | Explore: 10611121/10611236 (100.0%)
T=502396.01 | W=100.4um | Current HPWL=2130157.46 um | Best HPWL=426853.12 um | Accept Rate=100.0% | Improvements: 1909/8000 (23.9%) | Refine: 24867866/24868753 (100.0%) | Explore: 10659132/10659247 (100.0%)
T=492442.98 | W=100.4um | Current HPWL=2106357.25 um | Best HPWL=426853.12 um | Accept Rate=100.0% | Improvements: 1895/8000 (23.7%) | Refine: 24979827/24980737 (100.0%) | Explore: 10707146/10707263 (100.0%)
T=482687.12 | W=100.4um | Current HPWL=2100221.53 um | Best HPWL=426853.12 um | Accept Rate=100.0% | Improvements: 1894/8000 (23.7%) | Refine: 25091520/25092445 (100.0%) | Explore: 10755432/10755555 (100.0%)
T=473124.54 | W=100.4um | Current HPWL=2123325.00 um | Best HPWL=426853.12 um | Accept Rate=100.0% | Improvements: 1851/8000 (23.1%) | Refine: 25203578/25204520 (100.0%) | Explore: 10803347/10803480 (100.0%)
T=463751.41 | W=100.4um | Current HPWL=2130523.66 um | Best HPWL=426853.12 um | Accept Rate=100.0% | Improvements: 1954/8000 (24.4%) | Refine: 25315334/25316299 (100.0%) | Explore: 10851562/10851701 (100.0%)
T=454563.97 | W=100.4um | Current HPWL=2113665.09 um | Best HPWL=426853.12 um | Accept Rate=100.0% | Improvements: 1864/8000 (23.3%) | Refine: 25426871/25427855 (100.0%) | Explore: 10900004/10900145 (100.0%)
T=445558.54 | W=100.4um | Current HPWL=2122167.29 um | Best HPWL=426853.12 um | Accept Rate=100.0% | Improvements: 1954/8000 (24.4%) | Refine: 25538790/25539794 (100.0%) | Explore: 10948065/10948206 (100.0%)
T=436731.52 | W=100.4um | Current HPWL=2136544.72 um | Best HPWL=426853.12 um | Accept Rate=100.0% | Improvements: 1822/8000 (22.8%) | Refine: 25650967/25651994 (100.0%) | Explore: 10995863/10996006 (100.0%)
T=428079.37 | W=100.4um | Current HPWL=2147031.73 um | Best HPWL=426853.12 um | Accept Rate=100.0% | Improvements: 1926/8000 (24.1%) | Refine: 25763345/25764395 (100.0%) | Explore: 11043457/11043605 (100.0%)
T=419598.63 | W=100.4um | Current HPWL=2118612.49 um | Best HPWL=426853.12 um | Accept Rate=100.0% | Improvements: 1881/8000 (23.5%) | Refine: 25875314/25876382 (100.0%) | Explore: 11091466/11091618 (100.0%)
