
============================================================
Simulated Annealing Optimization
============================================================
Initial HPWL: 426853.12 um
Initial Temperature: 42685312.00
Cooling Rate (alpha): 0.98
Moves per Temperature: 3000
Final Temperature: 0.0006
Initial Window Size: 501.80 um
Window Cooling Rate (beta): 0.98
Move Probabilities: Refine=70.0%, Explore=30.0%
============================================================

T=42685312.00 | W=501.8um | Current HPWL=967007.88 um | Best HPWL=426853.12 um | Accept Rate=100.0% | Improvements: 281/3000 (9.4%) | Refine: 2186/2186 (100.0%) | Explore: 814/814 (100.0%)
T=28497054.57 | W=335.0um | Current HPWL=1776570.55 um | Best HPWL=426853.12 um | Accept Rate=100.0% | Improvements: 641/3000 (21.4%) | Refine: 44298/44298 (100.0%) | Explore: 18702/18702 (100.0%)
T=19024860.80 | W=223.7um | Current HPWL=1889317.58 um | Best HPWL=426853.12 um | Accept Rate=100.0% | Improvements: 737/3000 (24.6%) | Refine: 86422/86422 (100.0%) | Explore: 36578/36578 (100.0%)
T=12701148.73 | W=149.3um | Current HPWL=1958022.19 um | Best HPWL=426853.12 um | Accept Rate=100.0% | Improvements: 733/3000 (24.4%) | Refine: 128206/128206 (100.0%) | Explore: 54793/54794 (100.0%)
T=8479388.14 | W=100.4um | Current HPWL=1975960.25 um | Best HPWL=426853.12 um | Accept Rate=100.0% | Improvements: 727/3000 (24.2%) | Refine: 170207/170207 (100.0%) | Explore: 72792/72793 (100.0%)
T=5660907.12 | W=100.4um | Current HPWL=1975460.63 um | Best HPWL=426853.12 um | Accept Rate=100.0% | Improvements: 680/3000 (22.7%) | Refine: 211923/211924 (100.0%) | Explore: 91075/91076 (100.0%)
T=3779266.72 | W=100.4um | Current HPWL=1971306.72 um | Best HPWL=426853.12 um | Accept Rate=100.0% | Improvements: 707/3000 (23.6%) | Refine: 253888/253891 (100.0%) | Explore: 109108/109109 (100.0%)
T=2523068.59 | W=100.4um | Current HPWL=1990632.78 um | Best HPWL=426853.12 um | Accept Rate=100.0% | Improvements: 728/3000 (24.3%) | Refine: 295961/295965 (100.0%) | Explore: 127034/127035 (100.0%)
T=1684420.70 | W=100.4um | Current HPWL=2022834.04 um | Best HPWL=426853.12 um | Accept Rate=100.0% | Improvements: 715/3000 (23.8%) | Refine: 337755/337761 (100.0%) | Explore: 145237/145239 (100.0%)
T=1124532.69 | W=100.4um | Current HPWL=2025258.87 um | Best HPWL=426853.12 um | Accept Rate=100.0% | Improvements: 667/3000 (22.2%) | Refine: 379686/379692 (100.0%) | Explore: 163306/163308 (100.0%)
T=750746.99 | W=100.4um | Current HPWL=2035161.96 um | Best HPWL=426853.12 um | Accept Rate=100.0% | Improvements: 727/3000 (24.2%) | Refine: 421646/421653 (100.0%) | Explore: 181345/181347 (100.0%)
T=501204.67 | W=100.4um | Current HPWL=2046701.22 um | Best HPWL=426853.12 um | Accept Rate=100.0% | Improvements: 700/3000 (23.3%) | Refine: 463679/463694 (100.0%) | Explore: 199304/199306 (100.0%)
T=334608.24 | W=100.4um | Current HPWL=2023160.32 um | Best HPWL=426853.12 um | Accept Rate=100.0% | Improvements: 673/3000 (22.4%) | Refine: 505739/505760 (100.0%) | Explore: 217238/217240 (100.0%)
T=223387.13 | W=100.4um | Current HPWL=2071212.33 um | Best HPWL=426853.12 um | Accept Rate=100.0% | Improvements: 699/3000 (23.3%) | Refine: 547760/547790 (100.0%) | Explore: 235206/235210 (100.0%)
T=149135.03 | W=100.4um | Current HPWL=2040613.97 um | Best HPWL=426853.12 um | Accept Rate=100.0% | Improvements: 743/3000 (24.8%) | Refine: 589851/589898 (100.0%) | Explore: 253095/253102 (100.0%)
T=99563.73 | W=100.4um | Current HPWL=2045535.19 um | Best HPWL=426853.12 um | Accept Rate=99.9% | Improvements: 702/3000 (23.4%) | Refine: 631664/631738 (100.0%) | Explore: 271250/271262 (100.0%)
T=66469.54 | W=100.4um | Current HPWL=2030055.13 um | Best HPWL=426853.12 um | Accept Rate=99.9% | Improvements: 721/3000 (24.0%) | Refine: 673774/673892 (100.0%) | Explore: 289093/289108 (100.0%)
T=44375.60 | W=100.4um | Current HPWL=2043410.66 um | Best HPWL=426853.12 um | Accept Rate=99.9% | Improvements: 705/3000 (23.5%) | Refine: 715808/715990 (100.0%) | Explore: 306984/307010 (100.0%)
T=29625.50 | W=100.4um | Current HPWL=2060278.62 um | Best HPWL=426853.12 um | Accept Rate=99.8% | Improvements: 708/3000 (23.6%) | Refine: 757747/758022 (100.0%) | Explore: 324941/324978 (100.0%)
T=19778.22 | W=100.4um | Current HPWL=2049522.47 um | Best HPWL=426853.12 um | Accept Rate=99.7% | Improvements: 701/3000 (23.4%) | Refine: 799721/800145 (99.9%) | Explore: 342799/342855 (100.0%)
T=13204.10 | W=100.4um | Current HPWL=2059138.09 um | Best HPWL=426853.12 um | Accept Rate=99.6% | Improvements: 641/3000 (21.4%) | Refine: 841650/842243 (99.9%) | Explore: 360670/360757 (100.0%)
T=8815.16 | W=100.4um | Current HPWL=2045511.11 um | Best HPWL=426853.12 um | Accept Rate=99.2% | Improvements: 668/3000 (22.3%) | Refine: 883275/884166 (99.9%) | Explore: 378703/378834 (100.0%)
T=5885.07 | W=100.4um | Current HPWL=2073090.64 um | Best HPWL=426853.12 um | Accept Rate=99.0% | Improvements: 684/3000 (22.8%) | Refine: 924735/926116 (99.9%) | Explore: 396710/396884 (100.0%)
T=3928.92 | W=100.4um | Current HPWL=2032704.43 um | Best HPWL=426853.12 um | Accept Rate=98.2% | Improvements: 638/3000 (21.3%) | Refine: 966182/968266 (99.8%) | Explore: 414457/414734 (99.9%)
T=2622.98 | W=100.4um | Current HPWL=2001891.64 um | Best HPWL=426853.12 um | Accept Rate=97.7% | Improvements: 659/3000 (22.0%) | Refine: 1007352/1010447 (99.7%) | Explore: 432168/432553 (99.9%)
T=1751.12 | W=100.4um | Current HPWL=1948787.82 um | Best HPWL=426853.12 um | Accept Rate=96.5% | Improvements: 647/3000 (21.6%) | Refine: 1047749/1052514 (99.5%) | Explore: 449885/450486 (99.9%)
T=1169.06 | W=100.4um | Current HPWL=1873828.03 um | Best HPWL=426853.12 um | Accept Rate=94.4% | Improvements: 607/3000 (20.2%) | Refine: 1087472/1094551 (99.4%) | Explore: 467547/468449 (99.8%)
T=780.48 | W=100.4um | Current HPWL=1834419.25 um | Best HPWL=426853.12 um | Accept Rate=92.9% | Improvements: 629/3000 (21.0%) | Refine: 1126269/1136688 (99.1%) | Explore: 484952/486312 (99.7%)
T=521.05 | W=100.4um | Current HPWL=1683276.09 um | Best HPWL=426853.12 um | Accept Rate=90.1% | Improvements: 548/3000 (18.3%) | Refine: 1163426/1178593 (98.7%) | Explore: 502402/504407 (99.6%)
T=347.86 | W=100.4um | Current HPWL=1545948.02 um | Best HPWL=426853.12 um | Accept Rate=85.9% | Improvements: 524/3000 (17.5%) | Refine: 1199023/1220581 (98.2%) | Explore: 519448/522419 (99.4%)
T=232.23 | W=100.4um | Current HPWL=1368459.97 um | Best HPWL=426853.12 um | Accept Rate=83.5% | Improvements: 442/3000 (14.7%) | Refine: 1233011/1262661 (97.7%) | Explore: 536042/540339 (99.2%)
T=155.04 | W=100.4um | Current HPWL=1229379.52 um | Best HPWL=426853.12 um | Accept Rate=79.4% | Improvements: 399/3000 (13.3%) | Refine: 1265255/1304493 (97.0%) | Explore: 552286/558507 (98.9%)
T=103.51 | W=100.4um | Current HPWL=1068116.93 um | Best HPWL=426853.12 um | Accept Rate=77.0% | Improvements: 355/3000 (11.8%) | Refine: 1296882/1346448 (96.3%) | Explore: 567698/576552 (98.5%)
T=69.10 | W=100.4um | Current HPWL=934867.41 um | Best HPWL=426853.12 um | Accept Rate=73.0% | Improvements: 321/3000 (10.7%) | Refine: 1327696/1388453 (95.6%) | Explore: 582044/594547 (97.9%)
T=46.13 | W=100.4um | Current HPWL=814679.48 um | Best HPWL=426853.12 um | Accept Rate=72.3% | Improvements: 321/3000 (10.7%) | Refine: 1358241/1430366 (95.0%) | Explore: 595239/612634 (97.2%)
T=30.80 | W=100.4um | Current HPWL=704750.70 um | Best HPWL=426853.12 um | Accept Rate=68.5% | Improvements: 296/3000 (9.9%) | Refine: 1388524/1472197 (94.3%) | Explore: 607102/630803 (96.2%)
T=20.56 | W=100.4um | Current HPWL=609517.24 um | Best HPWL=426853.12 um | Accept Rate=66.7% | Improvements: 213/3000 (7.1%) | Refine: 1418661/1514203 (93.7%) | Explore: 617457/648797 (95.2%)
T=13.73 | W=100.4um | Current HPWL=527939.47 um | Best HPWL=426853.12 um | Accept Rate=62.7% | Improvements: 196/3000 (6.5%) | Refine: 1448443/1555984 (93.1%) | Explore: 626233/667016 (93.9%)
T=9.16 | W=100.4um | Current HPWL=466933.72 um | Best HPWL=426853.12 um | Accept Rate=60.9% | Improvements: 130/3000 (4.3%) | Refine: 1478497/1598126 (92.5%) | Explore: 633488/684874 (92.5%)
  → Found improvement! New best HPWL: 424052.49 um (improvement: -5.44 um)
  → Found improvement! New best HPWL: 424039.41 um (improvement: -20.70 um)
  → Found improvement! New best HPWL: 424028.53 um (improvement: -10.88 um)
  → Found improvement! New best HPWL: 424023.33 um (improvement: -5.20 um)
  → Found improvement! New best HPWL: 423967.37 um (improvement: -55.96 um)
  → Found improvement! New best HPWL: 423958.39 um (improvement: -8.98 um)
  → Found improvement! New best HPWL: 423941.39 um (improvement: -17.00 um)
  → Found improvement! New best HPWL: 423932.83 um (improvement: -9.20 um)
  → Found improvement! New best HPWL: 423889.31 um (improvement: -43.52 um)
  → Found improvement! New best HPWL: 423836.41 um (improvement: -52.90 um)
  → Found improvement! New best HPWL: 423825.95 um (improvement: -10.46 um)
  → Found improvement! New best HPWL: 423822.83 um (improvement: -27.60 um)
  → Found improvement! New best HPWL: 423822.83 um (improvement: 0.00 um)
  → Found improvement! New best HPWL: 423790.19 um (improvement: -32.64 um)
  → Found improvement! New best HPWL: 423779.31 um (improvement: -10.88 um)
  → Found improvement! New best HPWL: 423774.25 um (improvement: -5.06 um)
  → Found improvement! New best HPWL: 423773.33 um (improvement: -0.92 um)
  → Found improvement! New best HPWL: 423763.91 um (improvement: -9.42 um)
  → Found improvement! New best HPWL: 423758.49 um (improvement: -5.42 um)
  → Found improvement! New best HPWL: 423725.31 um (improvement: -33.18 um)
  → Found improvement! New best HPWL: 423703.55 um (improvement: -21.76 um)
  → Found improvement! New best HPWL: 423673.65 um (improvement: -29.90 um)
  → Found improvement! New best HPWL: 423673.65 um (improvement: 0.00 um)
  → Found improvement! New best HPWL: 423646.35 um (improvement: -27.30 um)
  → Found improvement! New best HPWL: 423635.87 um (improvement: -10.48 um)
  → Found improvement! New best HPWL: 423622.07 um (improvement: -13.80 um)
  → Found improvement! New best HPWL: 423611.19 um (improvement: -10.88 um)
  → Found improvement! New best HPWL: 423590.03 um (improvement: -21.16 um)
  → Found improvement! New best HPWL: 423579.57 um (improvement: -10.46 um)
  → Found improvement! New best HPWL: 423571.41 um (improvement: -8.16 um)
  → Found improvement! New best HPWL: 423539.21 um (improvement: -32.20 um)
  → Found improvement! New best HPWL: 423528.17 um (improvement: -11.04 um)
  → Found improvement! New best HPWL: 423485.33 um (improvement: -42.84 um)
  → Found improvement! New best HPWL: 423452.69 um (improvement: -32.64 um)
  → Found improvement! New best HPWL: 423439.31 um (improvement: -13.38 um)
  → Found improvement! New best HPWL: 423428.43 um (improvement: -10.88 um)
  → Found improvement! New best HPWL: 423398.51 um (improvement: -29.92 um)
  → Found improvement! New best HPWL: 423396.21 um (improvement: -2.30 um)
  → Found improvement! New best HPWL: 423364.85 um (improvement: -31.36 um)
  → Found improvement! New best HPWL: 423361.71 um (improvement: -3.14 um)
  → Found improvement! New best HPWL: 423340.15 um (improvement: -21.76 um)
  → Found improvement! New best HPWL: 423330.11 um (improvement: -10.04 um)
  → Found improvement! New best HPWL: 423326.99 um (improvement: -3.12 um)
  → Found improvement! New best HPWL: 423318.19 um (improvement: -14.86 um)
  → Found improvement! New best HPWL: 423305.31 um (improvement: -12.88 um)
  → Found improvement! New best HPWL: 423293.79 um (improvement: -11.52 um)
  → Found improvement! New best HPWL: 423292.41 um (improvement: -1.38 um)
  → Found improvement! New best HPWL: 423271.71 um (improvement: -20.70 um)
  → Found improvement! New best HPWL: 423236.25 um (improvement: -35.46 um)
  → Found improvement! New best HPWL: 423225.39 um (improvement: -10.86 um)
  → Found improvement! New best HPWL: 423220.37 um (improvement: -5.02 um)
  → Found improvement! New best HPWL: 423212.01 um (improvement: -8.36 um)
  → Found improvement! New best HPWL: 423178.53 um (improvement: -36.40 um)
  → Found improvement! New best HPWL: 423155.53 um (improvement: -23.00 um)
  → Found improvement! New best HPWL: 423133.77 um (improvement: -21.76 um)
  → Found improvement! New best HPWL: 423122.87 um (improvement: -13.20 um)
  → Found improvement! New best HPWL: 423121.79 um (improvement: -11.96 um)
  → Found improvement! New best HPWL: 423085.61 um (improvement: -36.18 um)
  → Found improvement! New best HPWL: 423081.97 um (improvement: -4.60 um)
  → Found improvement! New best HPWL: 423080.49 um (improvement: -2.72 um)
  → Found improvement! New best HPWL: 423036.41 um (improvement: -44.08 um)
  → Found improvement! New best HPWL: 422997.51 um (improvement: -38.90 um)
  → Found improvement! New best HPWL: 422982.49 um (improvement: -15.26 um)
  → Found improvement! New best HPWL: 422955.45 um (improvement: -27.04 um)
  → Found improvement! New best HPWL: 422920.09 um (improvement: -35.36 um)
  → Found improvement! New best HPWL: 422909.21 um (improvement: -10.88 um)
  → Found improvement! New best HPWL: 422850.81 um (improvement: -58.40 um)
  → Found improvement! New best HPWL: 422837.45 um (improvement: -13.36 um)
  → Found improvement! New best HPWL: 422834.27 um (improvement: -3.18 um)
  → Found improvement! New best HPWL: 422781.93 um (improvement: -58.78 um)
  → Found improvement! New best HPWL: 422776.51 um (improvement: -8.98 um)
  → Found improvement! New best HPWL: 422774.71 um (improvement: -1.80 um)
  → Found improvement! New best HPWL: 422772.41 um (improvement: -2.30 um)
  → Found improvement! New best HPWL: 422768.21 um (improvement: -4.20 um)
  → Found improvement! New best HPWL: 422759.13 um (improvement: -9.08 um)
  → Found improvement! New best HPWL: 422754.53 um (improvement: -4.60 um)
  → Found improvement! New best HPWL: 422734.45 um (improvement: -20.08 um)
  → Found improvement! New best HPWL: 422712.69 um (improvement: -21.76 um)
  → Found improvement! New best HPWL: 422710.19 um (improvement: -2.50 um)
  → Found improvement! New best HPWL: 422699.31 um (improvement: -10.88 um)
  → Found improvement! New best HPWL: 422647.87 um (improvement: -55.64 um)
  → Found improvement! New best HPWL: 422639.51 um (improvement: -8.36 um)
  → Found improvement! New best HPWL: 422634.11 um (improvement: -5.40 um)
  → Found improvement! New best HPWL: 422631.81 um (improvement: -2.30 um)
  → Found improvement! New best HPWL: 422610.49 um (improvement: -21.32 um)
  → Found improvement! New best HPWL: 422606.05 um (improvement: -6.28 um)
  → Found improvement! New best HPWL: 422582.21 um (improvement: -23.84 um)
  → Found improvement! New best HPWL: 422546.23 um (improvement: -38.48 um)
  → Found improvement! New best HPWL: 422526.77 um (improvement: -19.46 um)
  → Found improvement! New best HPWL: 422461.49 um (improvement: -65.28 um)
  → Found improvement! New best HPWL: 422444.77 um (improvement: -16.72 um)
  → Found improvement! New best HPWL: 422442.05 um (improvement: -5.88 um)
  → Found improvement! New best HPWL: 422439.75 um (improvement: -2.30 um)
  → Found improvement! New best HPWL: 422346.71 um (improvement: -101.20 um)
  → Found improvement! New best HPWL: 422328.31 um (improvement: -18.40 um)
  → Found improvement! New best HPWL: 422313.45 um (improvement: -28.04 um)
  → Found improvement! New best HPWL: 422308.33 um (improvement: -5.12 um)
  → Found improvement! New best HPWL: 422292.23 um (improvement: -16.10 um)
  → Found improvement! New best HPWL: 422279.27 um (improvement: -12.96 um)
  → Found improvement! New best HPWL: 422276.97 um (improvement: -2.30 um)
  → Found improvement! New best HPWL: 422267.91 um (improvement: -9.06 um)
  → Found improvement! New best HPWL: 422257.29 um (improvement: -18.40 um)
  → Found improvement! New best HPWL: 422257.21 um (improvement: -0.08 um)
  → Found improvement! New best HPWL: 422245.71 um (improvement: -11.50 um)
  → Found improvement! New best HPWL: 422242.17 um (improvement: -3.54 um)
  → Found improvement! New best HPWL: 422234.81 um (improvement: -7.36 um)
  → Found improvement! New best HPWL: 422101.59 um (improvement: -140.96 um)
  → Found improvement! New best HPWL: 422087.63 um (improvement: -19.40 um)
  → Found improvement! New best HPWL: 422065.45 um (improvement: -22.18 um)
  → Found improvement! New best HPWL: 422062.27 um (improvement: -10.88 um)
  → Found improvement! New best HPWL: 422026.75 um (improvement: -55.24 um)
  → Found improvement! New best HPWL: 422018.17 um (improvement: -10.88 um)
  → Found improvement! New best HPWL: 421960.67 um (improvement: -66.08 um)
  → Found improvement! New best HPWL: 421946.65 um (improvement: -14.02 um)
  → Found improvement! New best HPWL: 421931.55 um (improvement: -15.10 um)
  → Found improvement! New best HPWL: 421885.33 um (improvement: -46.22 um)
  → Found improvement! New best HPWL: 421875.29 um (improvement: -10.04 um)
  → Found improvement! New best HPWL: 421870.77 um (improvement: -4.52 um)
  → Found improvement! New best HPWL: 421849.01 um (improvement: -21.76 um)
T=6.12 | W=100.4um | Current HPWL=421849.01 um | Best HPWL=421849.01 um | Accept Rate=58.6% | Improvements: 137/3000 (4.6%) | Refine: 1508456/1640196 (92.0%) | Explore: 639649/702804 (91.0%)
  → Found improvement! New best HPWL: 390767.92 um (improvement: -23.04 um)
  → Found improvement! New best HPWL: 390765.20 um (improvement: -2.72 um)
  → Found improvement! New best HPWL: 390748.88 um (improvement: -16.32 um)
  → Found improvement! New best HPWL: 390748.88 um (improvement: 0.00 um)
  → Found improvement! New best HPWL: 390746.70 um (improvement: -2.72 um)
  → Found improvement! New best HPWL: 390741.26 um (improvement: -5.44 um)
  → Found improvement! New best HPWL: 390740.04 um (improvement: -6.90 um)
  → Found improvement! New best HPWL: 390709.08 um (improvement: -30.96 um)
  → Found improvement! New best HPWL: 390672.76 um (improvement: -36.32 um)
  → Found improvement! New best HPWL: 390645.56 um (improvement: -27.20 um)
  → Found improvement! New best HPWL: 390643.88 um (improvement: -1.68 um)
  → Found improvement! New best HPWL: 390622.12 um (improvement: -21.76 um)
  → Found improvement! New best HPWL: 390606.48 um (improvement: -15.64 um)
  → Found improvement! New best HPWL: 390541.24 um (improvement: -65.24 um)
  → Found improvement! New best HPWL: 390533.08 um (improvement: -8.16 um)
  → Found improvement! New best HPWL: 390528.48 um (improvement: -4.60 um)
  → Found improvement! New best HPWL: 390523.04 um (improvement: -5.44 um)
  → Found improvement! New best HPWL: 390457.06 um (improvement: -66.12 um)
  → Found improvement! New best HPWL: 390431.20 um (improvement: -25.86 um)
  → Found improvement! New best HPWL: 390406.08 um (improvement: -38.08 um)
  → Found improvement! New best HPWL: 390394.98 um (improvement: -11.10 um)
  → Found improvement! New best HPWL: 390353.58 um (improvement: -41.40 um)
  → Found improvement! New best HPWL: 390349.10 um (improvement: -4.48 um)
  → Found improvement! New best HPWL: 390325.66 um (improvement: -23.44 um)
  → Found improvement! New best HPWL: 390316.46 um (improvement: -9.20 um)
  → Found improvement! New best HPWL: 390308.44 um (improvement: -10.88 um)
  → Found improvement! New best HPWL: 390296.52 um (improvement: -11.92 um)
  → Found improvement! New best HPWL: 390283.78 um (improvement: -12.74 um)
  → Found improvement! New best HPWL: 390250.96 um (improvement: -43.70 um)
  → Found improvement! New best HPWL: 390233.18 um (improvement: -17.78 um)
  → Found improvement! New best HPWL: 390207.88 um (improvement: -25.30 um)
  → Found improvement! New best HPWL: 390195.34 um (improvement: -12.54 um)
  → Found improvement! New best HPWL: 390190.74 um (improvement: -4.60 um)
  → Found improvement! New best HPWL: 390154.40 um (improvement: -36.34 um)
  → Found improvement! New best HPWL: 390129.10 um (improvement: -25.30 um)
  → Found improvement! New best HPWL: 390087.28 um (improvement: -41.82 um)
  → Found improvement! New best HPWL: 390074.40 um (improvement: -13.80 um)
  → Found improvement! New best HPWL: 390045.52 um (improvement: -28.88 um)
  → Found improvement! New best HPWL: 390037.12 um (improvement: -8.40 um)
  → Found improvement! New best HPWL: 390026.10 um (improvement: -11.02 um)
  → Found improvement! New best HPWL: 390023.98 um (improvement: -2.12 um)
  → Found improvement! New best HPWL: 389997.28 um (improvement: -26.70 um)
  → Found improvement! New best HPWL: 389987.66 um (improvement: -9.62 um)
  → Found improvement! New best HPWL: 389985.36 um (improvement: -2.30 um)
  → Found improvement! New best HPWL: 389969.04 um (improvement: -16.32 um)
  → Found improvement! New best HPWL: 389945.42 um (improvement: -23.62 um)
  → Found improvement! New best HPWL: 389910.94 um (improvement: -34.48 um)
  → Found improvement! New best HPWL: 389902.58 um (improvement: -23.00 um)
  → Found improvement! New best HPWL: 389886.26 um (improvement: -16.32 um)
  → Found improvement! New best HPWL: 389884.24 um (improvement: -5.44 um)
  → Found improvement! New best HPWL: 389827.20 um (improvement: -57.04 um)
  → Found improvement! New best HPWL: 389821.68 um (improvement: -5.52 um)
  → Found improvement! New best HPWL: 389813.52 um (improvement: -8.16 um)
  → Found improvement! New best HPWL: 389800.66 um (improvement: -16.32 um)
  → Found improvement! New best HPWL: 389774.52 um (improvement: -28.02 um)
  → Found improvement! New best HPWL: 389771.80 um (improvement: -2.72 um)
  → Found improvement! New best HPWL: 389742.26 um (improvement: -29.54 um)
  → Found improvement! New best HPWL: 389742.26 um (improvement: 0.00 um)
  → Found improvement! New best HPWL: 389732.42 um (improvement: -18.62 um)
  → Found improvement! New best HPWL: 389731.58 um (improvement: -6.28 um)
  → Found improvement! New best HPWL: 389726.14 um (improvement: -5.44 um)
  → Found improvement! New best HPWL: 389620.30 um (improvement: -108.76 um)
  → Found improvement! New best HPWL: 389614.86 um (improvement: -5.44 um)
  → Found improvement! New best HPWL: 389609.38 um (improvement: -5.48 um)
  → Found improvement! New best HPWL: 389607.56 um (improvement: -5.42 um)
  → Found improvement! New best HPWL: 389599.96 um (improvement: -7.60 um)
  → Found improvement! New best HPWL: 389579.72 um (improvement: -20.24 um)
  → Found improvement! New best HPWL: 389573.74 um (improvement: -5.98 um)
  → Found improvement! New best HPWL: 389546.54 um (improvement: -27.20 um)
  → Found improvement! New best HPWL: 389535.66 um (improvement: -10.88 um)
  → Found improvement! New best HPWL: 389535.24 um (improvement: -0.42 um)
  → Found improvement! New best HPWL: 389529.00 um (improvement: -6.24 um)
  → Found improvement! New best HPWL: 389520.04 um (improvement: -8.96 um)
  → Found improvement! New best HPWL: 389513.14 um (improvement: -10.58 um)
  → Found improvement! New best HPWL: 389502.26 um (improvement: -13.60 um)
  → Found improvement! New best HPWL: 389479.84 um (improvement: -27.84 um)
  → Found improvement! New best HPWL: 389471.68 um (improvement: -8.16 um)
  → Found improvement! New best HPWL: 389449.80 um (improvement: -21.88 um)
  → Found improvement! New best HPWL: 389448.76 um (improvement: -1.04 um)
  → Found improvement! New best HPWL: 389412.56 um (improvement: -36.20 um)
  → Found improvement! New best HPWL: 389400.40 um (improvement: -12.16 um)
  → Found improvement! New best HPWL: 389390.58 um (improvement: -9.82 um)
  → Found improvement! New best HPWL: 389377.32 um (improvement: -13.26 um)
  → Found improvement! New best HPWL: 389372.72 um (improvement: -4.60 um)
  → Found improvement! New best HPWL: 389369.62 um (improvement: -5.52 um)
  → Found improvement! New best HPWL: 389352.54 um (improvement: -17.08 um)
  → Found improvement! New best HPWL: 389351.78 um (improvement: -0.76 um)
  → Found improvement! New best HPWL: 389326.26 um (improvement: -25.52 um)
  → Found improvement! New best HPWL: 389312.62 um (improvement: -14.68 um)
  → Found improvement! New best HPWL: 389291.28 um (improvement: -24.06 um)
  → Found improvement! New best HPWL: 389276.30 um (improvement: -14.98 um)
  → Found improvement! New best HPWL: 389257.06 um (improvement: -19.24 um)
  → Found improvement! New best HPWL: 389254.76 um (improvement: -2.30 um)
  → Found improvement! New best HPWL: 389247.86 um (improvement: -6.90 um)
  → Found improvement! New best HPWL: 389239.28 um (improvement: -8.58 um)
  → Found improvement! New best HPWL: 389236.06 um (improvement: -3.22 um)
  → Found improvement! New best HPWL: 389223.94 um (improvement: -12.12 um)
T=4.08 | W=100.4um | Current HPWL=389223.94 um | Best HPWL=389223.94 um | Accept Rate=58.9% | Improvements: 109/3000 (3.6%) | Refine: 1538217/1682183 (91.4%) | Explore: 644919/720817 (89.5%)
  → Found improvement! New best HPWL: 364536.98 um (improvement: -7.74 um)
  → Found improvement! New best HPWL: 364522.82 um (improvement: -18.76 um)
  → Found improvement! New best HPWL: 364506.92 um (improvement: -15.90 um)
  → Found improvement! New best HPWL: 364488.78 um (improvement: -20.44 um)
  → Found improvement! New best HPWL: 364468.08 um (improvement: -20.70 um)
  → Found improvement! New best HPWL: 364457.20 um (improvement: -10.88 um)
  → Found improvement! New best HPWL: 364452.48 um (improvement: -7.02 um)
  → Found improvement! New best HPWL: 364443.06 um (improvement: -9.42 um)
  → Found improvement! New best HPWL: 364434.40 um (improvement: -8.66 um)
  → Found improvement! New best HPWL: 364426.24 um (improvement: -8.16 um)
  → Found improvement! New best HPWL: 364424.86 um (improvement: -1.38 um)
  → Found improvement! New best HPWL: 364419.42 um (improvement: -5.44 um)
  → Found improvement! New best HPWL: 364388.90 um (improvement: -30.52 um)
  → Found improvement! New best HPWL: 364355.64 um (improvement: -34.72 um)
  → Found improvement! New best HPWL: 364341.84 um (improvement: -13.80 um)
  → Found improvement! New best HPWL: 364339.12 um (improvement: -2.72 um)
  → Found improvement! New best HPWL: 364338.28 um (improvement: -0.84 um)
  → Found improvement! New best HPWL: 364331.40 um (improvement: -6.88 um)
  → Found improvement! New best HPWL: 364330.20 um (improvement: -1.20 um)
  → Found improvement! New best HPWL: 364312.60 um (improvement: -17.60 um)
  → Found improvement! New best HPWL: 364308.00 um (improvement: -4.60 um)
  → Found improvement! New best HPWL: 364304.36 um (improvement: -3.64 um)
  → Found improvement! New best HPWL: 364295.74 um (improvement: -8.62 um)
  → Found improvement! New best HPWL: 364282.14 um (improvement: -13.60 um)
  → Found improvement! New best HPWL: 364265.82 um (improvement: -16.32 um)
  → Found improvement! New best HPWL: 364263.52 um (improvement: -2.30 um)
  → Found improvement! New best HPWL: 364226.28 um (improvement: -37.24 um)
  → Found improvement! New best HPWL: 364196.38 um (improvement: -29.90 um)
  → Found improvement! New best HPWL: 364188.88 um (improvement: -8.16 um)
  → Found improvement! New best HPWL: 364181.34 um (improvement: -7.54 um)
  → Found improvement! New best HPWL: 364126.30 um (improvement: -59.18 um)
  → Found improvement! New best HPWL: 364124.42 um (improvement: -1.88 um)
  → Found improvement! New best HPWL: 364112.16 um (improvement: -12.26 um)
  → Found improvement! New best HPWL: 364107.56 um (improvement: -4.60 um)
  → Found improvement! New best HPWL: 364102.12 um (improvement: -5.44 um)
  → Found improvement! New best HPWL: 364054.28 um (improvement: -47.84 um)
  → Found improvement! New best HPWL: 364045.92 um (improvement: -8.36 um)
  → Found improvement! New best HPWL: 364045.08 um (improvement: -0.84 um)
  → Found improvement! New best HPWL: 364043.24 um (improvement: -1.84 um)
  → Found improvement! New best HPWL: 364034.38 um (improvement: -8.86 um)
  → Found improvement! New best HPWL: 364028.60 um (improvement: -5.78 um)
  → Found improvement! New best HPWL: 364028.60 um (improvement: 0.00 um)
  → Found improvement! New best HPWL: 364027.22 um (improvement: -1.38 um)
  → Found improvement! New best HPWL: 364023.24 um (improvement: -6.06 um)
  → Found improvement! New best HPWL: 363986.86 um (improvement: -36.38 um)
  → Found improvement! New best HPWL: 363986.44 um (improvement: -0.42 um)
  → Found improvement! New best HPWL: 363984.88 um (improvement: -1.56 um)
  → Found improvement! New best HPWL: 363959.52 um (improvement: -25.36 um)
  → Found improvement! New best HPWL: 363945.96 um (improvement: -13.56 um)
  → Found improvement! New best HPWL: 363898.94 um (improvement: -47.02 um)
  → Found improvement! New best HPWL: 363866.30 um (improvement: -32.64 um)
  → Found improvement! New best HPWL: 363836.38 um (improvement: -29.92 um)
  → Found improvement! New best HPWL: 363830.94 um (improvement: -5.44 um)
  → Found improvement! New best HPWL: 363830.94 um (improvement: 0.00 um)
  → Found improvement! New best HPWL: 363814.62 um (improvement: -16.32 um)
  → Found improvement! New best HPWL: 363798.30 um (improvement: -16.32 um)
  → Found improvement! New best HPWL: 363776.54 um (improvement: -21.76 um)
  → Found improvement! New best HPWL: 363771.10 um (improvement: -5.44 um)
  → Found improvement! New best HPWL: 363770.68 um (improvement: -0.42 um)
  → Found improvement! New best HPWL: 363769.84 um (improvement: -0.84 um)
  → Found improvement! New best HPWL: 363767.12 um (improvement: -2.72 um)
  → Found improvement! New best HPWL: 363766.50 um (improvement: -0.62 um)
  → Found improvement! New best HPWL: 363711.30 um (improvement: -55.20 um)
  → Found improvement! New best HPWL: 363699.40 um (improvement: -24.26 um)
  → Found improvement! New best HPWL: 363693.96 um (improvement: -5.44 um)
  → Found improvement! New best HPWL: 363677.86 um (improvement: -16.10 um)
  → Found improvement! New best HPWL: 363672.42 um (improvement: -5.44 um)
  → Found improvement! New best HPWL: 363658.62 um (improvement: -13.80 um)
  → Found improvement! New best HPWL: 363620.80 um (improvement: -37.82 um)
  → Found improvement! New best HPWL: 363613.90 um (improvement: -6.90 um)
  → Found improvement! New best HPWL: 363613.90 um (improvement: -0.00 um)
  → Found improvement! New best HPWL: 363612.86 um (improvement: -3.76 um)
  → Found improvement! New best HPWL: 363607.42 um (improvement: -5.44 um)
  → Found improvement! New best HPWL: 363582.02 um (improvement: -25.40 um)
  → Found improvement! New best HPWL: 363571.14 um (improvement: -10.88 um)
  → Found improvement! New best HPWL: 363558.08 um (improvement: -13.06 um)
  → Found improvement! New best HPWL: 363534.54 um (improvement: -23.54 um)
  → Found improvement! New best HPWL: 363502.96 um (improvement: -31.58 um)
  → Found improvement! New best HPWL: 363501.28 um (improvement: -1.68 um)
  → Found improvement! New best HPWL: 363497.68 um (improvement: -5.44 um)
T=2.73 | W=100.4um | Current HPWL=363497.68 um | Best HPWL=363497.68 um | Accept Rate=57.6% | Improvements: 81/3000 (2.7%) | Refine: 1568206/1724238 (91.0%) | Explore: 649578/738762 (87.9%)
  → Found improvement! New best HPWL: 344236.47 um (improvement: -1.88 um)
  → Found improvement! New best HPWL: 344176.63 um (improvement: -59.84 um)
  → Found improvement! New best HPWL: 344169.39 um (improvement: -7.24 um)
  → Found improvement! New best HPWL: 344169.39 um (improvement: 0.00 um)
  → Found improvement! New best HPWL: 344152.33 um (improvement: -22.50 um)
  → Found improvement! New best HPWL: 344127.03 um (improvement: -25.30 um)
  → Found improvement! New best HPWL: 344115.35 um (improvement: -11.68 um)
  → Found improvement! New best HPWL: 344115.35 um (improvement: 0.00 um)
  → Found improvement! New best HPWL: 344091.29 um (improvement: -27.20 um)
  → Found improvement! New best HPWL: 344082.57 um (improvement: -8.72 um)
  → Found improvement! New best HPWL: 344077.13 um (improvement: -5.44 um)
  → Found improvement! New best HPWL: 344071.69 um (improvement: -5.44 um)
  → Found improvement! New best HPWL: 344065.75 um (improvement: -5.94 um)
  → Found improvement! New best HPWL: 344038.15 um (improvement: -27.60 um)
  → Found improvement! New best HPWL: 344038.15 um (improvement: 0.00 um)
  → Found improvement! New best HPWL: 344031.09 um (improvement: -9.58 um)
  → Found improvement! New best HPWL: 344019.17 um (improvement: -11.92 um)
  → Found improvement! New best HPWL: 344015.41 um (improvement: -3.76 um)
  → Found improvement! New best HPWL: 344010.39 um (improvement: -5.02 um)
  → Found improvement! New best HPWL: 343999.97 um (improvement: -10.42 um)
  → Found improvement! New best HPWL: 343991.99 um (improvement: -7.98 um)
  → Found improvement! New best HPWL: 343990.53 um (improvement: -1.46 um)
  → Found improvement! New best HPWL: 343974.23 um (improvement: -16.30 um)
  → Found improvement! New best HPWL: 343949.75 um (improvement: -24.48 um)
  → Found improvement! New best HPWL: 343943.47 um (improvement: -6.28 um)
  → Found improvement! New best HPWL: 343916.27 um (improvement: -27.20 um)
  → Found improvement! New best HPWL: 343903.71 um (improvement: -12.56 um)
  → Found improvement! New best HPWL: 343895.55 um (improvement: -8.16 um)
  → Found improvement! New best HPWL: 343886.35 um (improvement: -9.20 um)
  → Found improvement! New best HPWL: 343872.93 um (improvement: -13.42 um)
  → Found improvement! New best HPWL: 343831.93 um (improvement: -41.00 um)
  → Found improvement! New best HPWL: 343813.85 um (improvement: -18.08 um)
  → Found improvement! New best HPWL: 343808.33 um (improvement: -5.52 um)
  → Found improvement! New best HPWL: 343786.57 um (improvement: -21.76 um)
  → Found improvement! New best HPWL: 343774.53 um (improvement: -12.04 um)
  → Found improvement! New best HPWL: 343750.47 um (improvement: -24.06 um)
  → Found improvement! New best HPWL: 343750.47 um (improvement: -0.00 um)
  → Found improvement! New best HPWL: 343648.81 um (improvement: -101.66 um)
  → Found improvement! New best HPWL: 343623.51 um (improvement: -25.30 um)
  → Found improvement! New best HPWL: 343622.65 um (improvement: -0.86 um)
  → Found improvement! New best HPWL: 343604.89 um (improvement: -17.76 um)
  → Found improvement! New best HPWL: 343602.59 um (improvement: -2.30 um)
  → Found improvement! New best HPWL: 343602.59 um (improvement: 0.00 um)
  → Found improvement! New best HPWL: 343565.03 um (improvement: -37.56 um)
  → Found improvement! New best HPWL: 343560.63 um (improvement: -4.40 um)
  → Found improvement! New best HPWL: 343559.71 um (improvement: -0.92 um)
  → Found improvement! New best HPWL: 343557.41 um (improvement: -2.30 um)
  → Found improvement! New best HPWL: 343554.27 um (improvement: -3.14 um)
  → Found improvement! New best HPWL: 343521.63 um (improvement: -32.64 um)
  → Found improvement! New best HPWL: 343514.73 um (improvement: -6.90 um)
  → Found improvement! New best HPWL: 343495.69 um (improvement: -19.04 um)
  → Found improvement! New best HPWL: 343450.37 um (improvement: -45.32 um)
  → Found improvement! New best HPWL: 343449.37 um (improvement: -1.00 um)
  → Found improvement! New best HPWL: 343433.05 um (improvement: -16.32 um)
  → Found improvement! New best HPWL: 343421.21 um (improvement: -11.84 um)
  → Found improvement! New best HPWL: 343402.63 um (improvement: -18.58 um)
  → Found improvement! New best HPWL: 343391.07 um (improvement: -11.72 um)
  → Found improvement! New best HPWL: 343386.95 um (improvement: -4.12 um)
  → Found improvement! New best HPWL: 343367.87 um (improvement: -19.08 um)
T=1.82 | W=100.4um | Current HPWL=343367.87 um | Best HPWL=343367.87 um | Accept Rate=55.9% | Improvements: 56/3000 (1.9%) | Refine: 1598287/1766168 (90.5%) | Explore: 653662/756832 (86.4%)
  → Found improvement! New best HPWL: 328389.33 um (improvement: -1.84 um)
  → Found improvement! New best HPWL: 328375.53 um (improvement: -13.80 um)
  → Found improvement! New best HPWL: 328364.03 um (improvement: -11.50 um)
  → Found improvement! New best HPWL: 328361.27 um (improvement: -2.76 um)
  → Found improvement! New best HPWL: 328361.27 um (improvement: 0.00 um)
  → Found improvement! New best HPWL: 328355.83 um (improvement: -5.44 um)
  → Found improvement! New best HPWL: 328334.09 um (improvement: -21.74 um)
  → Found improvement! New best HPWL: 328333.67 um (improvement: -2.30 um)
  → Found improvement! New best HPWL: 328329.99 um (improvement: -3.68 um)
  → Found improvement! New best HPWL: 328328.15 um (improvement: -1.84 um)
  → Found improvement! New best HPWL: 328317.27 um (improvement: -10.88 um)
  → Found improvement! New best HPWL: 328296.15 um (improvement: -21.12 um)
  → Found improvement! New best HPWL: 328285.27 um (improvement: -10.88 um)
  → Found improvement! New best HPWL: 328280.67 um (improvement: -4.60 um)
  → Found improvement! New best HPWL: 328225.27 um (improvement: -55.40 um)
  → Found improvement! New best HPWL: 328220.67 um (improvement: -4.60 um)
  → Found improvement! New best HPWL: 328212.93 um (improvement: -7.74 um)
  → Found improvement! New best HPWL: 328206.03 um (improvement: -6.90 um)
  → Found improvement! New best HPWL: 328195.15 um (improvement: -10.88 um)
  → Found improvement! New best HPWL: 328192.43 um (improvement: -2.72 um)
  → Found improvement! New best HPWL: 328186.49 um (improvement: -5.94 um)
  → Found improvement! New best HPWL: 328180.63 um (improvement: -8.16 um)
  → Found improvement! New best HPWL: 328180.63 um (improvement: -0.00 um)
  → Found improvement! New best HPWL: 328176.03 um (improvement: -4.60 um)
  → Found improvement! New best HPWL: 328153.41 um (improvement: -22.62 um)
  → Found improvement! New best HPWL: 328142.53 um (improvement: -10.88 um)
  → Found improvement! New best HPWL: 328137.07 um (improvement: -5.46 um)
  → Found improvement! New best HPWL: 328104.85 um (improvement: -34.94 um)
  → Found improvement! New best HPWL: 328099.83 um (improvement: -5.44 um)
  → Found improvement! New best HPWL: 328098.91 um (improvement: -0.92 um)
  → Found improvement! New best HPWL: 328056.59 um (improvement: -42.32 um)
  → Found improvement! New best HPWL: 328051.99 um (improvement: -4.60 um)
  → Found improvement! New best HPWL: 328034.83 um (improvement: -17.16 um)
  → Found improvement! New best HPWL: 328027.93 um (improvement: -6.90 um)
  → Found improvement! New best HPWL: 328011.83 um (improvement: -16.10 um)
  → Found improvement! New best HPWL: 328008.69 um (improvement: -3.14 um)
  → Found improvement! New best HPWL: 328001.91 um (improvement: -6.78 um)
  → Found improvement! New best HPWL: 327959.45 um (improvement: -42.46 um)
  → Found improvement! New best HPWL: 327956.73 um (improvement: -2.72 um)
  → Found improvement! New best HPWL: 327951.29 um (improvement: -5.44 um)
  → Found improvement! New best HPWL: 327951.29 um (improvement: 0.00 um)
  → Found improvement! New best HPWL: 327934.97 um (improvement: -16.32 um)
  → Found improvement! New best HPWL: 327908.83 um (improvement: -26.14 um)
  → Found improvement! New best HPWL: 327905.27 um (improvement: -4.06 um)
  → Found improvement! New best HPWL: 327861.33 um (improvement: -43.94 um)
  → Found improvement! New best HPWL: 327843.73 um (improvement: -17.60 um)
  → Found improvement! New best HPWL: 327842.27 um (improvement: -2.30 um)
  → Found improvement! New best HPWL: 327837.67 um (improvement: -4.60 um)
  → Found improvement! New best HPWL: 327823.65 um (improvement: -14.02 um)
  → Found improvement! New best HPWL: 327822.19 um (improvement: -1.46 um)
  → Found improvement! New best HPWL: 327818.05 um (improvement: -4.14 um)
  → Found improvement! New best HPWL: 327815.33 um (improvement: -2.72 um)
T=1.22 | W=100.4um | Current HPWL=327815.33 um | Best HPWL=327815.33 um | Accept Rate=55.5% | Improvements: 52/3000 (1.7%) | Refine: 1628197/1808049 (90.1%) | Explore: 657494/774951 (84.8%)
  → Found improvement! New best HPWL: 315255.91 um (improvement: -16.30 um)
  → Found improvement! New best HPWL: 315242.65 um (improvement: -13.26 um)
  → Found improvement! New best HPWL: 315235.97 um (improvement: -6.68 um)
  → Found improvement! New best HPWL: 315230.53 um (improvement: -5.44 um)
  → Found improvement! New best HPWL: 315219.03 um (improvement: -11.50 um)
  → Found improvement! New best HPWL: 315206.69 um (improvement: -12.34 um)
  → Found improvement! New best HPWL: 315197.27 um (improvement: -9.42 um)
  → Found improvement! New best HPWL: 315181.79 um (improvement: -15.48 um)
  → Found improvement! New best HPWL: 315173.63 um (improvement: -8.16 um)
  → Found improvement! New best HPWL: 315169.03 um (improvement: -4.60 um)
  → Found improvement! New best HPWL: 315143.29 um (improvement: -25.74 um)
  → Found improvement! New best HPWL: 315124.23 um (improvement: -19.06 um)
  → Found improvement! New best HPWL: 315087.49 um (improvement: -36.74 um)
  → Found improvement! New best HPWL: 315087.49 um (improvement: 0.00 um)
  → Found improvement! New best HPWL: 315073.19 um (improvement: -14.30 um)
  → Found improvement! New best HPWL: 315053.73 um (improvement: -19.46 um)
  → Found improvement! New best HPWL: 315051.43 um (improvement: -2.30 um)
  → Found improvement! New best HPWL: 315048.91 um (improvement: -2.52 um)
  → Found improvement! New best HPWL: 315000.17 um (improvement: -48.74 um)
  → Found improvement! New best HPWL: 314993.27 um (improvement: -6.90 um)
  → Found improvement! New best HPWL: 314990.55 um (improvement: -2.72 um)
  → Found improvement! New best HPWL: 314976.03 um (improvement: -14.52 um)
  → Found improvement! New best HPWL: 314967.87 um (improvement: -8.16 um)
  → Found improvement! New best HPWL: 314963.27 um (improvement: -4.60 um)
  → Found improvement! New best HPWL: 314960.55 um (improvement: -2.72 um)
  → Found improvement! New best HPWL: 314960.55 um (improvement: 0.00 um)
  → Found improvement! New best HPWL: 314953.65 um (improvement: -6.90 um)
  → Found improvement! New best HPWL: 314952.69 um (improvement: -0.96 um)
  → Found improvement! New best HPWL: 314914.53 um (improvement: -38.16 um)
  → Found improvement! New best HPWL: 314886.93 um (improvement: -27.60 um)
  → Found improvement! New best HPWL: 314884.21 um (improvement: -2.72 um)
  → Found improvement! New best HPWL: 314872.49 um (improvement: -11.72 um)
  → Found improvement! New best HPWL: 314869.77 um (improvement: -2.72 um)
  → Found improvement! New best HPWL: 314861.95 um (improvement: -7.82 um)
  → Found improvement! New best HPWL: 314861.53 um (improvement: -0.42 um)
  → Found improvement! New best HPWL: 314853.17 um (improvement: -8.36 um)
  → Found improvement! New best HPWL: 314844.05 um (improvement: -9.12 um)
  → Found improvement! New best HPWL: 314835.89 um (improvement: -8.16 um)
  → Found improvement! New best HPWL: 314826.69 um (improvement: -9.20 um)
T=0.81 | W=100.4um | Current HPWL=314826.69 um | Best HPWL=314826.69 um | Accept Rate=55.0% | Improvements: 38/3000 (1.3%) | Refine: 1658271/1850115 (89.6%) | Explore: 661093/792885 (83.4%)
  → Found improvement! New best HPWL: 304576.81 um (improvement: -1.88 um)
  → Found improvement! New best HPWL: 304544.75 um (improvement: -32.10 um)
  → Found improvement! New best HPWL: 304519.91 um (improvement: -24.84 um)
  → Found improvement! New best HPWL: 304513.23 um (improvement: -6.68 um)
  → Found improvement! New best HPWL: 304490.23 um (improvement: -23.00 um)
  → Found improvement! New best HPWL: 304487.07 um (improvement: -3.16 um)
  → Found improvement! New best HPWL: 304464.07 um (improvement: -23.00 um)
  → Found improvement! New best HPWL: 304452.35 um (improvement: -11.72 um)
  → Found improvement! New best HPWL: 304430.59 um (improvement: -21.76 um)
  → Found improvement! New best HPWL: 304428.09 um (improvement: -2.50 um)
  → Found improvement! New best HPWL: 304411.77 um (improvement: -16.32 um)
  → Found improvement! New best HPWL: 304406.33 um (improvement: -5.44 um)
  → Found improvement! New best HPWL: 304395.45 um (improvement: -10.88 um)
  → Found improvement! New best HPWL: 304392.73 um (improvement: -2.72 um)
  → Found improvement! New best HPWL: 304390.43 um (improvement: -2.30 um)
  → Found improvement! New best HPWL: 304370.43 um (improvement: -20.00 um)
  → Found improvement! New best HPWL: 304316.87 um (improvement: -53.56 um)
  → Found improvement! New best HPWL: 304310.39 um (improvement: -6.48 um)
  → Found improvement! New best HPWL: 304308.09 um (improvement: -2.30 um)
  → Found improvement! New best HPWL: 304306.55 um (improvement: -1.54 um)
  → Found improvement! New best HPWL: 304303.83 um (improvement: -2.72 um)
  → Found improvement! New best HPWL: 304254.87 um (improvement: -48.96 um)
  → Found improvement! New best HPWL: 304253.51 um (improvement: -1.36 um)
  → Found improvement! New best HPWL: 304249.83 um (improvement: -3.68 um)
  → Found improvement! New best HPWL: 304196.85 um (improvement: -52.98 um)
  → Found improvement! New best HPWL: 304194.09 um (improvement: -2.76 um)
  → Found improvement! New best HPWL: 304161.45 um (improvement: -32.64 um)
  → Found improvement! New best HPWL: 304149.11 um (improvement: -12.34 um)
  → Found improvement! New best HPWL: 304128.41 um (improvement: -20.70 um)
  → Found improvement! New best HPWL: 304119.21 um (improvement: -9.20 um)
  → Found improvement! New best HPWL: 304112.31 um (improvement: -7.36 um)
  → Found improvement! New best HPWL: 304112.31 um (improvement: 0.00 um)
  → Found improvement! New best HPWL: 304099.13 um (improvement: -13.18 um)
  → Found improvement! New best HPWL: 304071.93 um (improvement: -27.20 um)
  → Found improvement! New best HPWL: 304063.77 um (improvement: -8.16 um)
  → Found improvement! New best HPWL: 304050.59 um (improvement: -13.18 um)
  → Found improvement! New best HPWL: 304042.43 um (improvement: -8.16 um)
  → Found improvement! New best HPWL: 304039.71 um (improvement: -2.72 um)
  → Found improvement! New best HPWL: 304031.55 um (improvement: -8.16 um)
  → Found improvement! New best HPWL: 304020.75 um (improvement: -10.88 um)
  → Found improvement! New best HPWL: 304014.27 um (improvement: -6.48 um)
  → Found improvement! New best HPWL: 303998.47 um (improvement: -15.80 um)
  → Found improvement! New best HPWL: 303998.47 um (improvement: -0.00 um)
  → Found improvement! New best HPWL: 303998.47 um (improvement: 0.00 um)
  → Found improvement! New best HPWL: 303988.85 um (improvement: -9.62 um)
  → Found improvement! New best HPWL: 303965.85 um (improvement: -23.00 um)
T=0.54 | W=100.4um | Current HPWL=303965.85 um | Best HPWL=303965.85 um | Accept Rate=57.0% | Improvements: 47/3000 (1.6%) | Refine: 1688238/1892157 (89.2%) | Explore: 664476/810843 (81.9%)
  → Found improvement! New best HPWL: 295329.87 um (improvement: -5.44 um)
  → Found improvement! New best HPWL: 295322.81 um (improvement: -7.06 um)
  → Found improvement! New best HPWL: 295313.61 um (improvement: -9.20 um)
  → Found improvement! New best HPWL: 295306.83 um (improvement: -6.78 um)
  → Found improvement! New best HPWL: 295298.67 um (improvement: -8.16 um)
  → Found improvement! New best HPWL: 295293.23 um (improvement: -5.44 um)
  → Found improvement! New best HPWL: 295274.59 um (improvement: -18.64 um)
  → Found improvement! New best HPWL: 295265.47 um (improvement: -9.12 um)
  → Found improvement! New best HPWL: 295263.63 um (improvement: -1.84 um)
  → Found improvement! New best HPWL: 295255.15 um (improvement: -8.48 um)
  → Found improvement! New best HPWL: 295254.27 um (improvement: -0.88 um)
  → Found improvement! New best HPWL: 295244.23 um (improvement: -10.04 um)
  → Found improvement! New best HPWL: 295233.15 um (improvement: -11.08 um)
  → Found improvement! New best HPWL: 295213.49 um (improvement: -19.66 um)
  → Found improvement! New best HPWL: 295211.61 um (improvement: -2.30 um)
  → Found improvement! New best HPWL: 295203.61 um (improvement: -8.00 um)
  → Found improvement! New best HPWL: 295187.29 um (improvement: -16.32 um)
  → Found improvement! New best HPWL: 295170.13 um (improvement: -17.16 um)
  → Found improvement! New best HPWL: 295164.69 um (improvement: -5.44 um)
  → Found improvement! New best HPWL: 295156.53 um (improvement: -8.16 um)
  → Found improvement! New best HPWL: 295137.31 um (improvement: -19.22 um)
  → Found improvement! New best HPWL: 295133.71 um (improvement: -3.60 um)
  → Found improvement! New best HPWL: 295132.79 um (improvement: -0.92 um)
  → Found improvement! New best HPWL: 295130.49 um (improvement: -2.30 um)
  → Found improvement! New best HPWL: 295126.81 um (improvement: -3.68 um)
  → Found improvement! New best HPWL: 295126.81 um (improvement: -0.00 um)
T=0.36 | W=100.4um | Current HPWL=295126.81 um | Best HPWL=295126.81 um | Accept Rate=54.6% | Improvements: 28/3000 (0.9%) | Refine: 1718059/1934158 (88.8%) | Explore: 667688/828842 (80.6%)
  → Found improvement! New best HPWL: 289557.33 um (improvement: -0.12 um)
  → Found improvement! New best HPWL: 289551.89 um (improvement: -5.44 um)
  → Found improvement! New best HPWL: 289544.77 um (improvement: -7.12 um)
  → Found improvement! New best HPWL: 289525.53 um (improvement: -19.24 um)
  → Found improvement! New best HPWL: 289524.47 um (improvement: -1.06 um)
  → Found improvement! New best HPWL: 289510.67 um (improvement: -13.80 um)
  → Found improvement! New best HPWL: 289505.23 um (improvement: -5.44 um)
  → Found improvement! New best HPWL: 289502.93 um (improvement: -2.30 um)
  → Found improvement! New best HPWL: 289494.19 um (improvement: -8.74 um)
  → Found improvement! New best HPWL: 289488.63 um (improvement: -5.56 um)
  → Found improvement! New best HPWL: 289467.71 um (improvement: -20.92 um)
  → Found improvement! New best HPWL: 289462.27 um (improvement: -5.44 um)
  → Found improvement! New best HPWL: 289442.21 um (improvement: -20.06 um)
  → Found improvement! New best HPWL: 289434.05 um (improvement: -8.16 um)
  → Found improvement! New best HPWL: 289423.17 um (improvement: -10.88 um)
  → Found improvement! New best HPWL: 289413.13 um (improvement: -10.04 um)
  → Found improvement! New best HPWL: 289410.41 um (improvement: -2.72 um)
  → Found improvement! New best HPWL: 289410.41 um (improvement: 0.00 um)
  → Found improvement! New best HPWL: 289409.45 um (improvement: -0.96 um)
  → Found improvement! New best HPWL: 289407.15 um (improvement: -2.30 um)
  → Found improvement! New best HPWL: 289404.85 um (improvement: -2.30 um)
  → Found improvement! New best HPWL: 289404.85 um (improvement: 0.00 um)
  → Found improvement! New best HPWL: 289391.67 um (improvement: -13.18 um)
  → Found improvement! New best HPWL: 289391.65 um (improvement: -0.02 um)
  → Found improvement! New best HPWL: 289376.17 um (improvement: -15.48 um)
  → Found improvement! New best HPWL: 289367.59 um (improvement: -8.58 um)
  → Found improvement! New best HPWL: 289353.37 um (improvement: -14.22 um)
  → Found improvement! New best HPWL: 289349.27 um (improvement: -4.10 um)
  → Found improvement! New best HPWL: 289344.67 um (improvement: -4.60 um)
T=0.24 | W=100.4um | Current HPWL=289344.67 um | Best HPWL=289344.67 um | Accept Rate=54.0% | Improvements: 27/3000 (0.9%) | Refine: 1748045/1976372 (88.4%) | Explore: 670675/846628 (79.2%)
  → Found improvement! New best HPWL: 284170.09 um (improvement: 0.00 um)
  → Found improvement! New best HPWL: 284166.95 um (improvement: -3.14 um)
  → Found improvement! New best HPWL: 284156.91 um (improvement: -10.04 um)
  → Found improvement! New best HPWL: 284151.05 um (improvement: -5.86 um)
  → Found improvement! New best HPWL: 284137.45 um (improvement: -13.60 um)
  → Found improvement! New best HPWL: 284136.53 um (improvement: -0.92 um)
  → Found improvement! New best HPWL: 284134.23 um (improvement: -2.30 um)
  → Found improvement! New best HPWL: 284128.79 um (improvement: -5.44 um)
  → Found improvement! New best HPWL: 284122.01 um (improvement: -6.78 um)
  → Found improvement! New best HPWL: 284111.97 um (improvement: -10.04 um)
  → Found improvement! New best HPWL: 284110.05 um (improvement: -1.92 um)
  → Found improvement! New best HPWL: 284103.15 um (improvement: -6.90 um)
  → Found improvement! New best HPWL: 284099.59 um (improvement: -3.56 um)
  → Found improvement! New best HPWL: 284083.49 um (improvement: -16.10 um)
  → Found improvement! New best HPWL: 284083.45 um (improvement: -0.04 um)
  → Found improvement! New best HPWL: 284078.01 um (improvement: -5.44 um)
  → Found improvement! New best HPWL: 284068.11 um (improvement: -9.90 um)
  → Found improvement! New best HPWL: 284068.11 um (improvement: 0.00 um)
  → Found improvement! New best HPWL: 284058.99 um (improvement: -9.12 um)
  → Found improvement! New best HPWL: 284054.85 um (improvement: -4.14 um)
  → Found improvement! New best HPWL: 284030.37 um (improvement: -24.48 um)
  → Found improvement! New best HPWL: 284030.37 um (improvement: -0.00 um)
  → Found improvement! New best HPWL: 284027.65 um (improvement: -2.72 um)
  → Found improvement! New best HPWL: 284002.75 um (improvement: -24.90 um)
  → Found improvement! New best HPWL: 283998.15 um (improvement: -4.60 um)
T=0.16 | W=100.4um | Current HPWL=283998.15 um | Best HPWL=283998.15 um | Accept Rate=55.2% | Improvements: 26/3000 (0.9%) | Refine: 1778031/2018478 (88.1%) | Explore: 673614/864522 (77.9%)
  → Found improvement! New best HPWL: 279473.55 um (improvement: -4.60 um)
  → Found improvement! New best HPWL: 279473.55 um (improvement: 0.00 um)
  → Found improvement! New best HPWL: 279459.29 um (improvement: -14.26 um)
  → Found improvement! New best HPWL: 279437.53 um (improvement: -21.76 um)
  → Found improvement! New best HPWL: 279428.11 um (improvement: -9.42 um)
  → Found improvement! New best HPWL: 279415.07 um (improvement: -13.04 um)
  → Found improvement! New best HPWL: 279412.77 um (improvement: -2.30 um)
  → Found improvement! New best HPWL: 279372.83 um (improvement: -39.94 um)
  → Found improvement! New best HPWL: 279366.15 um (improvement: -6.68 um)
  → Found improvement! New best HPWL: 279366.15 um (improvement: 0.00 um)
  → Found improvement! New best HPWL: 279359.87 um (improvement: -6.28 um)
  → Found improvement! New best HPWL: 279354.43 um (improvement: -5.44 um)
  → Found improvement! New best HPWL: 279348.99 um (improvement: -5.44 um)
  → Found improvement! New best HPWL: 279347.85 um (improvement: -1.14 um)
  → Found improvement! New best HPWL: 279339.69 um (improvement: -8.16 um)
  → Found improvement! New best HPWL: 279339.69 um (improvement: 0.00 um)
  → Found improvement! New best HPWL: 279330.49 um (improvement: -9.20 um)
  → Found improvement! New best HPWL: 279325.05 um (improvement: -5.44 um)
  → Found improvement! New best HPWL: 279324.63 um (improvement: -0.42 um)
  → Found improvement! New best HPWL: 279258.21 um (improvement: -66.42 um)
  → Found improvement! New best HPWL: 279253.15 um (improvement: -5.06 um)
  → Found improvement! New best HPWL: 279244.45 um (improvement: -8.70 um)
  → Found improvement! New best HPWL: 279236.09 um (improvement: -8.36 um)
  → Found improvement! New best HPWL: 279220.55 um (improvement: -15.54 um)
  → Found improvement! New best HPWL: 279217.83 um (improvement: -2.72 um)
  → Found improvement! New best HPWL: 279212.39 um (improvement: -5.44 um)
  → Found improvement! New best HPWL: 279211.47 um (improvement: -0.92 um)
  → Found improvement! New best HPWL: 279195.15 um (improvement: -16.32 um)
  → Found improvement! New best HPWL: 279176.67 um (improvement: -18.48 um)
  → Found improvement! New best HPWL: 279174.83 um (improvement: -1.84 um)
  → Found improvement! New best HPWL: 279161.23 um (improvement: -13.60 um)
  → Found improvement! New best HPWL: 279161.23 um (improvement: 0.00 um)
  → Found improvement! New best HPWL: 279159.89 um (improvement: -1.34 um)
  → Found improvement! New best HPWL: 279159.35 um (improvement: -0.54 um)
  → Found improvement! New best HPWL: 279159.35 um (improvement: 0.00 um)
  → Found improvement! New best HPWL: 279159.23 um (improvement: -0.12 um)
  → Found improvement! New best HPWL: 279156.51 um (improvement: -2.72 um)
  → Found improvement! New best HPWL: 279156.51 um (improvement: 0.00 um)
T=0.11 | W=100.4um | Current HPWL=279156.51 um | Best HPWL=279156.51 um | Accept Rate=55.6% | Improvements: 36/3000 (1.2%) | Refine: 1807947/2060429 (87.7%) | Explore: 676572/882571 (76.7%)
  → Found improvement! New best HPWL: 274915.87 um (improvement: -2.72 um)
  → Found improvement! New best HPWL: 274914.03 um (improvement: -1.84 um)
  → Found improvement! New best HPWL: 274886.83 um (improvement: -27.20 um)
  → Found improvement! New best HPWL: 274879.77 um (improvement: -7.06 um)
  → Found improvement! New best HPWL: 274854.47 um (improvement: -25.30 um)
  → Found improvement! New best HPWL: 274848.19 um (improvement: -6.28 um)
  → Found improvement! New best HPWL: 274831.87 um (improvement: -16.32 um)
  → Found improvement! New best HPWL: 274825.05 um (improvement: -6.82 um)
  → Found improvement! New best HPWL: 274822.75 um (improvement: -2.30 um)
  → Found improvement! New best HPWL: 274822.75 um (improvement: 0.00 um)
  → Found improvement! New best HPWL: 274820.45 um (improvement: -2.30 um)
  → Found improvement! New best HPWL: 274819.21 um (improvement: -1.24 um)
  → Found improvement! New best HPWL: 274813.77 um (improvement: -5.44 um)
  → Found improvement! New best HPWL: 274813.77 um (improvement: 0.00 um)
  → Found improvement! New best HPWL: 274795.81 um (improvement: -17.96 um)
  → Found improvement! New best HPWL: 274751.43 um (improvement: -44.38 um)
  → Found improvement! New best HPWL: 274745.49 um (improvement: -5.94 um)
  → Found improvement! New best HPWL: 274744.47 um (improvement: -1.02 um)
T=0.07 | W=100.4um | Current HPWL=274744.47 um | Best HPWL=274744.47 um | Accept Rate=56.2% | Improvements: 17/3000 (0.6%) | Refine: 1838023/2102531 (87.4%) | Explore: 679450/900469 (75.5%)
  → Found improvement! New best HPWL: 270365.29 um (improvement: -31.28 um)
  → Found improvement! New best HPWL: 270360.69 um (improvement: -4.60 um)
  → Found improvement! New best HPWL: 270360.69 um (improvement: 0.00 um)
  → Found improvement! New best HPWL: 270357.97 um (improvement: -2.72 um)
  → Found improvement! New best HPWL: 270353.37 um (improvement: -4.60 um)
  → Found improvement! New best HPWL: 270353.37 um (improvement: -0.00 um)
  → Found improvement! New best HPWL: 270350.65 um (improvement: -2.72 um)
  → Found improvement! New best HPWL: 270343.67 um (improvement: -6.98 um)
  → Found improvement! New best HPWL: 270319.19 um (improvement: -24.48 um)
  → Found improvement! New best HPWL: 270308.31 um (improvement: -10.88 um)
  → Found improvement! New best HPWL: 270294.75 um (improvement: -13.56 um)
  → Found improvement! New best HPWL: 270289.31 um (improvement: -5.44 um)
  → Found improvement! New best HPWL: 270287.43 um (improvement: -1.88 um)
  → Found improvement! New best HPWL: 270271.49 um (improvement: -15.94 um)
  → Found improvement! New best HPWL: 270240.73 um (improvement: -30.76 um)
T=0.05 | W=100.4um | Current HPWL=270240.73 um | Best HPWL=270240.73 um | Accept Rate=53.2% | Improvements: 18/3000 (0.6%) | Refine: 1867967/2144475 (87.1%) | Explore: 682204/918525 (74.3%)
  → Found improvement! New best HPWL: 266688.39 um (improvement: -21.00 um)
  → Found improvement! New best HPWL: 266686.29 um (improvement: -2.10 um)
  → Found improvement! New best HPWL: 266682.11 um (improvement: -4.18 um)
  → Found improvement! New best HPWL: 266679.51 um (improvement: -2.60 um)
  → Found improvement! New best HPWL: 266679.09 um (improvement: -0.42 um)
  → Found improvement! New best HPWL: 266675.79 um (improvement: -3.30 um)
  → Found improvement! New best HPWL: 266659.47 um (improvement: -16.32 um)
  → Found improvement! New best HPWL: 266652.57 um (improvement: -6.90 um)
  → Found improvement! New best HPWL: 266652.57 um (improvement: 0.00 um)
  → Found improvement! New best HPWL: 266652.15 um (improvement: -0.42 um)
  → Found improvement! New best HPWL: 266649.43 um (improvement: -2.72 um)
  → Found improvement! New best HPWL: 266622.55 um (improvement: -26.88 um)
  → Found improvement! New best HPWL: 266619.83 um (improvement: -2.72 um)
  → Found improvement! New best HPWL: 266615.23 um (improvement: -4.60 um)
  → Found improvement! New best HPWL: 266613.55 um (improvement: -1.68 um)
  → Found improvement! New best HPWL: 266610.21 um (improvement: -3.34 um)
  → Found improvement! New best HPWL: 266609.37 um (improvement: -0.84 um)
  → Found improvement! New best HPWL: 266604.77 um (improvement: -4.60 um)
  → Found improvement! New best HPWL: 266598.63 um (improvement: -6.14 um)
  → Found improvement! New best HPWL: 266593.19 um (improvement: -5.44 um)
T=0.03 | W=100.4um | Current HPWL=266593.19 um | Best HPWL=266593.19 um | Accept Rate=55.8% | Improvements: 21/3000 (0.7%) | Refine: 1897868/2186311 (86.8%) | Explore: 685030/936689 (73.1%)
  → Found improvement! New best HPWL: 263800.03 um (improvement: -7.74 um)
  → Found improvement! New best HPWL: 263794.59 um (improvement: -5.44 um)
  → Found improvement! New best HPWL: 263772.83 um (improvement: -21.76 um)
  → Found improvement! New best HPWL: 263762.05 um (improvement: -10.78 um)
  → Found improvement! New best HPWL: 263754.27 um (improvement: -7.78 um)
  → Found improvement! New best HPWL: 263753.01 um (improvement: -1.26 um)
  → Found improvement! New best HPWL: 263736.69 um (improvement: -16.32 um)
  → Found improvement! New best HPWL: 263730.83 um (improvement: -5.86 um)
  → Found improvement! New best HPWL: 263723.93 um (improvement: -6.90 um)
  → Found improvement! New best HPWL: 263723.01 um (improvement: -0.92 um)
  → Found improvement! New best HPWL: 263723.01 um (improvement: 0.00 um)
  → Found improvement! New best HPWL: 263715.27 um (improvement: -7.74 um)
  → Found improvement! New best HPWL: 263715.27 um (improvement: 0.00 um)
  → Found improvement! New best HPWL: 263704.31 um (improvement: -10.96 um)
  → Found improvement! New best HPWL: 263671.27 um (improvement: -33.04 um)
  → Found improvement! New best HPWL: 263668.75 um (improvement: -2.52 um)
  → Found improvement! New best HPWL: 263664.15 um (improvement: -4.60 um)
  → Found improvement! New best HPWL: 263650.35 um (improvement: -13.80 um)
  → Found improvement! New best HPWL: 263650.35 um (improvement: 0.00 um)
  → Found improvement! New best HPWL: 263644.91 um (improvement: -5.44 um)
T=0.02 | W=100.4um | Current HPWL=263644.91 um | Best HPWL=263644.91 um | Accept Rate=53.7% | Improvements: 19/3000 (0.6%) | Refine: 1927629/2228175 (86.5%) | Explore: 687690/954825 (72.0%)
  → Found improvement! New best HPWL: 260724.81 um (improvement: -22.78 um)
  → Found improvement! New best HPWL: 260724.81 um (improvement: -0.00 um)
  → Found improvement! New best HPWL: 260704.33 um (improvement: -20.48 um)
  → Found improvement! New best HPWL: 260702.03 um (improvement: -2.30 um)
  → Found improvement! New best HPWL: 260702.03 um (improvement: 0.00 um)
  → Found improvement! New best HPWL: 260702.03 um (improvement: 0.00 um)
  → Found improvement! New best HPWL: 260702.03 um (improvement: 0.00 um)
  → Found improvement! New best HPWL: 260690.53 um (improvement: -11.50 um)
  → Found improvement! New best HPWL: 260679.65 um (improvement: -10.88 um)
  → Found improvement! New best HPWL: 260655.17 um (improvement: -24.48 um)
  → Found improvement! New best HPWL: 260645.97 um (improvement: -9.20 um)
  → Found improvement! New best HPWL: 260640.13 um (improvement: -5.84 um)
  → Found improvement! New best HPWL: 260634.69 um (improvement: -5.44 um)
  → Found improvement! New best HPWL: 260634.69 um (improvement: 0.00 um)
  → Found improvement! New best HPWL: 260632.81 um (improvement: -1.88 um)
T=0.01 | W=100.4um | Current HPWL=260632.81 um | Best HPWL=260632.81 um | Accept Rate=54.7% | Improvements: 13/3000 (0.4%) | Refine: 1957414/2270050 (86.2%) | Explore: 690351/972950 (71.0%)
  → Found improvement! New best HPWL: 257765.73 um (improvement: -2.72 um)
  → Found improvement! New best HPWL: 257765.73 um (improvement: 0.00 um)
  → Found improvement! New best HPWL: 257764.05 um (improvement: -1.68 um)
  → Found improvement! New best HPWL: 257760.37 um (improvement: -3.68 um)
  → Found improvement! New best HPWL: 257758.07 um (improvement: -2.30 um)
  → Found improvement! New best HPWL: 257747.03 um (improvement: -11.04 um)
  → Found improvement! New best HPWL: 257733.01 um (improvement: -14.02 um)
  → Found improvement! New best HPWL: 257733.01 um (improvement: 0.00 um)
  → Found improvement! New best HPWL: 257727.57 um (improvement: -5.44 um)
  → Found improvement! New best HPWL: 257725.69 um (improvement: -1.88 um)
  → Found improvement! New best HPWL: 257724.77 um (improvement: -0.92 um)
  → Found improvement! New best HPWL: 257710.97 um (improvement: -13.80 um)
  → Found improvement! New best HPWL: 257706.33 um (improvement: -4.64 um)
  → Found improvement! New best HPWL: 257706.33 um (improvement: -0.00 um)
  → Found improvement! New best HPWL: 257703.61 um (improvement: -2.72 um)
  → Found improvement! New best HPWL: 257700.31 um (improvement: -3.30 um)
T=0.01 | W=100.4um | Current HPWL=257700.31 um | Best HPWL=257700.31 um | Accept Rate=53.9% | Improvements: 15/3000 (0.5%) | Refine: 1987278/2311937 (86.0%) | Explore: 693016/991063 (69.9%)
  → Found improvement! New best HPWL: 255119.57 um (improvement: -6.90 um)
  → Found improvement! New best HPWL: 255119.57 um (improvement: 0.00 um)
  → Found improvement! New best HPWL: 255115.39 um (improvement: -4.18 um)
  → Found improvement! New best HPWL: 255110.37 um (improvement: -5.02 um)
  → Found improvement! New best HPWL: 255110.37 um (improvement: 0.00 um)
  → Found improvement! New best HPWL: 255109.13 um (improvement: -1.24 um)
  → Found improvement! New best HPWL: 255105.45 um (improvement: -3.68 um)
  → Found improvement! New best HPWL: 255102.93 um (improvement: -2.52 um)
  → Found improvement! New best HPWL: 255097.49 um (improvement: -5.44 um)
  → Found improvement! New best HPWL: 255084.31 um (improvement: -13.18 um)
  → Found improvement! New best HPWL: 255070.29 um (improvement: -14.02 um)
  → Found improvement! New best HPWL: 255067.99 um (improvement: -2.30 um)
  → Found improvement! New best HPWL: 255044.65 um (improvement: -23.34 um)
  → Found improvement! New best HPWL: 255040.89 um (improvement: -3.76 um)
  → Found improvement! New best HPWL: 255039.01 um (improvement: -1.88 um)
  → Found improvement! New best HPWL: 255039.01 um (improvement: 0.00 um)
  → Found improvement! New best HPWL: 255037.13 um (improvement: -1.88 um)
  → Found improvement! New best HPWL: 255026.25 um (improvement: -10.88 um)
  → Found improvement! New best HPWL: 255025.41 um (improvement: -0.84 um)
  → Found improvement! New best HPWL: 255021.77 um (improvement: -3.64 um)
T=0.01 | W=100.4um | Current HPWL=255021.77 um | Best HPWL=255021.77 um | Accept Rate=54.4% | Improvements: 17/3000 (0.6%) | Refine: 2017120/2353977 (85.7%) | Explore: 695694/1009023 (68.9%)
  → Found improvement! New best HPWL: 252331.21 um (improvement: -5.44 um)
  → Found improvement! New best HPWL: 252326.61 um (improvement: -4.60 um)
  → Found improvement! New best HPWL: 252322.01 um (improvement: -4.60 um)
  → Found improvement! New best HPWL: 252322.01 um (improvement: 0.00 um)
  → Found improvement! New best HPWL: 252319.29 um (improvement: -2.72 um)
  → Found improvement! New best HPWL: 252312.51 um (improvement: -6.78 um)
  → Found improvement! New best HPWL: 252304.23 um (improvement: -8.28 um)
  → Found improvement! New best HPWL: 252285.33 um (improvement: -18.90 um)
  → Found improvement! New best HPWL: 252283.53 um (improvement: -1.80 um)
  → Found improvement! New best HPWL: 252278.09 um (improvement: -5.44 um)
  → Found improvement! New best HPWL: 252276.41 um (improvement: -1.68 um)
  → Found improvement! New best HPWL: 252270.97 um (improvement: -5.44 um)
  → Found improvement! New best HPWL: 252270.97 um (improvement: 0.00 um)
T=0.00 | W=100.4um | Current HPWL=252270.97 um | Best HPWL=252270.97 um | Accept Rate=54.6% | Improvements: 13/3000 (0.4%) | Refine: 2047145/2396022 (85.4%) | Explore: 698269/1026978 (68.0%)
  → Found improvement! New best HPWL: 249842.39 um (improvement: -0.42 um)
  → Found improvement! New best HPWL: 249842.39 um (improvement: 0.00 um)
  → Found improvement! New best HPWL: 249842.39 um (improvement: 0.00 um)
  → Found improvement! New best HPWL: 249839.67 um (improvement: -2.72 um)
  → Found improvement! New best HPWL: 249839.67 um (improvement: 0.00 um)
  → Found improvement! New best HPWL: 249839.67 um (improvement: 0.00 um)
  → Found improvement! New best HPWL: 249837.45 um (improvement: -2.22 um)
  → Found improvement! New best HPWL: 249829.71 um (improvement: -7.74 um)
  → Found improvement! New best HPWL: 249829.71 um (improvement: 0.00 um)
  → Found improvement! New best HPWL: 249818.59 um (improvement: -11.12 um)
  → Found improvement! New best HPWL: 249773.63 um (improvement: -44.96 um)
  → Found improvement! New best HPWL: 249772.29 um (improvement: -1.34 um)
  → Found improvement! New best HPWL: 249772.29 um (improvement: 0.00 um)
  → Found improvement! New best HPWL: 249771.91 um (improvement: -0.38 um)
  → Found improvement! New best HPWL: 249762.71 um (improvement: -9.20 um)
  → Found improvement! New best HPWL: 249755.81 um (improvement: -6.90 um)
T=0.00 | W=100.4um | Current HPWL=249755.81 um | Best HPWL=249755.81 um | Accept Rate=52.1% | Improvements: 13/3000 (0.4%) | Refine: 2076912/2437875 (85.2%) | Explore: 700857/1045125 (67.1%)
  → Found improvement! New best HPWL: 247663.47 um (improvement: -8.98 um)
  → Found improvement! New best HPWL: 247658.87 um (improvement: -4.60 um)
  → Found improvement! New best HPWL: 247645.49 um (improvement: -13.38 um)
  → Found improvement! New best HPWL: 247645.41 um (improvement: -0.08 um)
  → Found improvement! New best HPWL: 247645.41 um (improvement: 0.00 um)
  → Found improvement! New best HPWL: 247639.47 um (improvement: -5.94 um)
  → Found improvement! New best HPWL: 247634.03 um (improvement: -5.44 um)
  → Found improvement! New best HPWL: 247633.19 um (improvement: -0.84 um)
  → Found improvement! New best HPWL: 247633.19 um (improvement: 0.00 um)
  → Found improvement! New best HPWL: 247633.19 um (improvement: 0.00 um)
  → Found improvement! New best HPWL: 247624.41 um (improvement: -8.78 um)
  → Found improvement! New best HPWL: 247623.07 um (improvement: -1.34 um)
  → Found improvement! New best HPWL: 247618.47 um (improvement: -4.60 um)
  → Found improvement! New best HPWL: 247616.17 um (improvement: -2.30 um)
  → Found improvement! New best HPWL: 247606.97 um (improvement: -9.20 um)
  → Found improvement! New best HPWL: 247600.99 um (improvement: -5.98 um)
  → Found improvement! New best HPWL: 247597.23 um (improvement: -3.76 um)
  → Found improvement! New best HPWL: 247589.91 um (improvement: -7.32 um)
T=0.00 | W=100.4um | Current HPWL=247589.91 um | Best HPWL=247589.91 um | Accept Rate=54.0% | Improvements: 16/3000 (0.5%) | Refine: 2106722/2479751 (85.0%) | Explore: 703404/1063249 (66.2%)
  → Found improvement! New best HPWL: 245875.27 um (improvement: -5.06 um)
  → Found improvement! New best HPWL: 245872.97 um (improvement: -2.30 um)
  → Found improvement! New best HPWL: 245872.93 um (improvement: -0.04 um)
  → Found improvement! New best HPWL: 245867.91 um (improvement: -5.02 um)
  → Found improvement! New best HPWL: 245865.61 um (improvement: -2.30 um)
  → Found improvement! New best HPWL: 245865.61 um (improvement: 0.00 um)
  → Found improvement! New best HPWL: 245865.61 um (improvement: 0.00 um)
  → Found improvement! New best HPWL: 245854.65 um (improvement: -10.96 um)
  → Found improvement! New best HPWL: 245848.51 um (improvement: -6.14 um)
  → Found improvement! New best HPWL: 245848.51 um (improvement: 0.00 um)
  → Found improvement! New best HPWL: 245839.51 um (improvement: -9.00 um)
  → Found improvement! New best HPWL: 245839.51 um (improvement: 0.00 um)
  → Found improvement! New best HPWL: 245831.99 um (improvement: -7.52 um)
  → Found improvement! New best HPWL: 245829.69 um (improvement: -2.30 um)
  → Found improvement! New best HPWL: 245827.39 um (improvement: -2.30 um)
  → Found improvement! New best HPWL: 245825.09 um (improvement: -2.30 um)
T=0.00 | W=100.4um | Current HPWL=245825.09 um | Best HPWL=245825.09 um | Accept Rate=53.1% | Improvements: 14/3000 (0.5%) | Refine: 2136494/2521562 (84.7%) | Explore: 705904/1081438 (65.3%)
T=0.00 | W=100.4um | Current HPWL=245490.43 um | Best HPWL=245490.43 um | Accept Rate=53.9% | Improvements: 15/3000 (0.5%) | Refine: 2141018/2527905 (84.7%) | Explore: 706264/1084095 (65.1%)
T=0.00 | W=100.4um | Current HPWL=245430.41 um | Best HPWL=245430.41 um | Accept Rate=52.7% | Improvements: 10/3000 (0.3%) | Refine: 2142488/2530006 (84.7%) | Explore: 706374/1084994 (65.1%)
T=0.00 | W=100.4um | Current HPWL=245387.41 um | Best HPWL=245387.41 um | Accept Rate=53.2% | Improvements: 9/3000 (0.3%) | Refine: 2143957/2532090 (84.7%) | Explore: 706502/1085910 (65.1%)
T=0.00 | W=100.4um | Current HPWL=245305.09 um | Best HPWL=245305.09 um | Accept Rate=54.2% | Improvements: 9/3000 (0.3%) | Refine: 2145449/2534196 (84.7%) | Explore: 706636/1086804 (65.0%)
T=0.00 | W=100.4um | Current HPWL=245171.77 um | Best HPWL=245171.77 um | Accept Rate=55.8% | Improvements: 19/3000 (0.6%) | Refine: 2146993/2536305 (84.7%) | Explore: 706767/1087695 (65.0%)
T=0.00 | W=100.4um | Current HPWL=245087.85 um | Best HPWL=245087.85 um | Accept Rate=55.2% | Improvements: 14/3000 (0.5%) | Refine: 2148528/2538412 (84.6%) | Explore: 706887/1088588 (64.9%)
T=0.00 | W=100.4um | Current HPWL=244991.15 um | Best HPWL=244991.15 um | Accept Rate=53.3% | Improvements: 10/3000 (0.3%) | Refine: 2149997/2540498 (84.6%) | Explore: 707018/1089502 (64.9%)
T=0.00 | W=100.4um | Current HPWL=244943.25 um | Best HPWL=244943.25 um | Accept Rate=54.3% | Improvements: 8/3000 (0.3%) | Refine: 2151503/2542594 (84.6%) | Explore: 707142/1090406 (64.9%)
T=0.00 | W=100.4um | Current HPWL=244835.39 um | Best HPWL=244835.39 um | Accept Rate=54.4% | Improvements: 11/3000 (0.4%) | Refine: 2153013/2544730 (84.6%) | Explore: 707264/1091270 (64.8%)
T=0.00 | W=100.4um | Current HPWL=244730.97 um | Best HPWL=244730.97 um | Accept Rate=53.1% | Improvements: 15/3000 (0.5%) | Refine: 2154466/2546780 (84.6%) | Explore: 707404/1092220 (64.8%)
T=0.00 | W=100.4um | Current HPWL=244574.97 um | Best HPWL=244574.97 um | Accept Rate=56.1% | Improvements: 16/3000 (0.5%) | Refine: 2156009/2548906 (84.6%) | Explore: 707545/1093094 (64.7%)
T=0.00 | W=100.4um | Current HPWL=244515.53 um | Best HPWL=244515.53 um | Accept Rate=53.9% | Improvements: 12/3000 (0.4%) | Refine: 2157514/2551027 (84.6%) | Explore: 707656/1093973 (64.7%)
T=0.00 | W=100.4um | Current HPWL=244342.99 um | Best HPWL=244342.99 um | Accept Rate=53.9% | Improvements: 20/3000 (0.7%) | Refine: 2159005/2553120 (84.6%) | Explore: 707783/1094880 (64.6%)
T=0.00 | W=100.4um | Current HPWL=244281.55 um | Best HPWL=244281.55 um | Accept Rate=54.1% | Improvements: 12/3000 (0.4%) | Refine: 2160513/2555198 (84.6%) | Explore: 707899/1095802 (64.6%)
T=0.00 | W=100.4um | Current HPWL=244212.39 um | Best HPWL=244212.39 um | Accept Rate=54.3% | Improvements: 13/3000 (0.4%) | Refine: 2161992/2557262 (84.5%) | Explore: 708048/1096738 (64.6%)
T=0.00 | W=100.4um | Current HPWL=244120.63 um | Best HPWL=244120.63 um | Accept Rate=56.0% | Improvements: 17/3000 (0.6%) | Refine: 2163511/2559326 (84.5%) | Explore: 708208/1097674 (64.5%)
T=0.00 | W=100.4um | Current HPWL=244065.09 um | Best HPWL=244065.09 um | Accept Rate=54.8% | Improvements: 15/3000 (0.5%) | Refine: 2165023/2561464 (84.5%) | Explore: 708341/1098536 (64.5%)
  → Found improvement! New best HPWL: 244064.47 um (improvement: -0.62 um)
  → Found improvement! New best HPWL: 244052.33 um (improvement: -12.14 um)
  → Found improvement! New best HPWL: 244047.73 um (improvement: -4.60 um)
  → Found improvement! New best HPWL: 244015.09 um (improvement: -32.64 um)
  → Found improvement! New best HPWL: 244014.25 um (improvement: -0.84 um)
  → Found improvement! New best HPWL: 244008.81 um (improvement: -5.44 um)
  → Found improvement! New best HPWL: 243997.97 um (improvement: -10.84 um)
  → Found improvement! New best HPWL: 243995.25 um (improvement: -2.72 um)
  → Found improvement! New best HPWL: 243995.25 um (improvement: 0.00 um)
  → Found improvement! New best HPWL: 243992.53 um (improvement: -2.72 um)
  → Found improvement! New best HPWL: 243985.01 um (improvement: -7.52 um)
T=0.00 | W=100.4um | Current HPWL=243985.01 um | Best HPWL=243985.01 um | Accept Rate=53.5% | Improvements: 12/3000 (0.4%) | Refine: 2166485/2563518 (84.5%) | Explore: 708483/1099482 (64.4%)
T=0.00 | W=100.4um | Current HPWL=243937.67 um | Best HPWL=243937.67 um | Accept Rate=55.2% | Improvements: 9/3000 (0.3%) | Refine: 2168016/2565623 (84.5%) | Explore: 708608/1100377 (64.4%)
T=0.00 | W=100.4um | Current HPWL=243899.97 um | Best HPWL=243899.97 um | Accept Rate=53.0% | Improvements: 10/3000 (0.3%) | Refine: 2169486/2567730 (84.5%) | Explore: 708728/1101270 (64.4%)
T=0.00 | W=100.4um | Current HPWL=243811.27 um | Best HPWL=243811.27 um | Accept Rate=54.4% | Improvements: 15/3000 (0.5%) | Refine: 2170999/2569850 (84.5%) | Explore: 708846/1102150 (64.3%)
T=0.00 | W=100.4um | Current HPWL=243774.93 um | Best HPWL=243774.93 um | Accept Rate=52.4% | Improvements: 9/3000 (0.3%) | Refine: 2172468/2571947 (84.5%) | Explore: 708950/1103053 (64.3%)
T=0.00 | W=100.4um | Current HPWL=243682.51 um | Best HPWL=243682.51 um | Accept Rate=55.7% | Improvements: 8/3000 (0.3%) | Refine: 2174009/2574064 (84.5%) | Explore: 709080/1103936 (64.2%)
T=0.00 | W=100.4um | Current HPWL=243621.33 um | Best HPWL=243621.33 um | Accept Rate=53.8% | Improvements: 9/3000 (0.3%) | Refine: 2175511/2576156 (84.4%) | Explore: 709192/1104844 (64.2%)
T=0.00 | W=100.4um | Current HPWL=243586.99 um | Best HPWL=243586.99 um | Accept Rate=53.3% | Improvements: 10/3000 (0.3%) | Refine: 2177016/2578288 (84.4%) | Explore: 709287/1105712 (64.1%)
T=0.00 | W=100.4um | Current HPWL=243475.87 um | Best HPWL=243475.87 um | Accept Rate=52.7% | Improvements: 11/3000 (0.4%) | Refine: 2178485/2580372 (84.4%) | Explore: 709399/1106628 (64.1%)
T=0.00 | W=100.4um | Current HPWL=243407.79 um | Best HPWL=243407.79 um | Accept Rate=54.3% | Improvements: 10/3000 (0.3%) | Refine: 2179977/2582485 (84.4%) | Explore: 709537/1107515 (64.1%)
T=0.00 | W=100.4um | Current HPWL=243309.95 um | Best HPWL=243309.95 um | Accept Rate=54.0% | Improvements: 15/3000 (0.5%) | Refine: 2181483/2584589 (84.4%) | Explore: 709651/1108411 (64.0%)
T=0.00 | W=100.4um | Current HPWL=243229.43 um | Best HPWL=243229.43 um | Accept Rate=53.6% | Improvements: 10/3000 (0.3%) | Refine: 2182969/2586686 (84.4%) | Explore: 709773/1109314 (64.0%)
T=0.00 | W=100.4um | Current HPWL=243178.19 um | Best HPWL=243178.19 um | Accept Rate=53.9% | Improvements: 7/3000 (0.2%) | Refine: 2184453/2588754 (84.4%) | Explore: 709905/1110246 (63.9%)
T=0.00 | W=100.4um | Current HPWL=243098.69 um | Best HPWL=243098.69 um | Accept Rate=52.3% | Improvements: 15/3000 (0.5%) | Refine: 2185908/2590845 (84.4%) | Explore: 710019/1111155 (63.9%)
T=0.00 | W=100.4um | Current HPWL=243014.17 um | Best HPWL=243014.17 um | Accept Rate=53.3% | Improvements: 14/3000 (0.5%) | Refine: 2187394/2592960 (84.4%) | Explore: 710132/1112040 (63.9%)
T=0.00 | W=100.4um | Current HPWL=242898.53 um | Best HPWL=242898.53 um | Accept Rate=54.0% | Improvements: 13/3000 (0.4%) | Refine: 2188897/2595042 (84.3%) | Explore: 710249/1112958 (63.8%)
T=0.00 | W=100.4um | Current HPWL=242813.17 um | Best HPWL=242813.17 um | Accept Rate=53.2% | Improvements: 10/3000 (0.3%) | Refine: 2190378/2597136 (84.3%) | Explore: 710364/1113864 (63.8%)

============================================================
SA Optimization Complete
============================================================
Initial HPWL: 426853.12 um
Final Total HPWL: 242813.17 um
Improvement: 184039.95 um (43.12%)
Total Iterations: 1237
============================================================

