
============================================================
Simulated Annealing Optimization
============================================================
Initial HPWL: 426853.12 um
Initial Temperature: 42685312.00
Cooling Rate (alpha): 0.999
Moves per Temperature: 8000
Final Temperature: 0.0001
Initial Window Size: 501.80 um
Window Cooling Rate (beta): 0.98
Move Probabilities: Refine=70.0%, Explore=30.0%
============================================================

T=42685312.00 | W=501.8um | Current HPWL=1250831.61 um | Best HPWL=426853.12 um | Accept Rate=100.0% | Improvements: 1144/8000 (14.3%) | Refine: 5606/5607 (100.0%) | Explore: 2393/2393 (100.0%)
T=41839667.51 | W=335.0um | Current HPWL=2008888.01 um | Best HPWL=426853.12 um | Accept Rate=100.0% | Improvements: 1815/8000 (22.7%) | Refine: 117755/117756 (100.0%) | Explore: 50244/50244 (100.0%)
T=41010776.21 | W=223.7um | Current HPWL=2062339.59 um | Best HPWL=426853.12 um | Accept Rate=100.0% | Improvements: 1860/8000 (23.2%) | Refine: 230133/230134 (100.0%) | Explore: 97866/97866 (100.0%)
T=40198306.17 | W=149.3um | Current HPWL=2054686.04 um | Best HPWL=426853.12 um | Accept Rate=100.0% | Improvements: 1880/8000 (23.5%) | Refine: 341951/341953 (100.0%) | Explore: 146047/146047 (100.0%)
T=39401932.10 | W=100.4um | Current HPWL=2081477.35 um | Best HPWL=426853.12 um | Accept Rate=100.0% | Improvements: 1840/8000 (23.0%) | Refine: 454144/454146 (100.0%) | Explore: 193854/193854 (100.0%)
T=38621335.09 | W=100.4um | Current HPWL=2075428.13 um | Best HPWL=426853.12 um | Accept Rate=100.0% | Improvements: 1891/8000 (23.6%) | Refine: 565757/565759 (100.0%) | Explore: 242241/242241 (100.0%)
T=37856202.60 | W=100.4um | Current HPWL=2083755.60 um | Best HPWL=426853.12 um | Accept Rate=100.0% | Improvements: 1913/8000 (23.9%) | Refine: 677398/677400 (100.0%) | Explore: 290600/290600 (100.0%)
T=37106228.26 | W=100.4um | Current HPWL=2082345.48 um | Best HPWL=426853.12 um | Accept Rate=100.0% | Improvements: 1861/8000 (23.3%) | Refine: 789247/789249 (100.0%) | Explore: 338751/338751 (100.0%)
T=36371111.75 | W=100.4um | Current HPWL=2121202.39 um | Best HPWL=426853.12 um | Accept Rate=100.0% | Improvements: 1865/8000 (23.3%) | Refine: 901301/901303 (100.0%) | Explore: 386697/386697 (100.0%)
T=35650558.74 | W=100.4um | Current HPWL=2098131.89 um | Best HPWL=426853.12 um | Accept Rate=100.0% | Improvements: 1829/8000 (22.9%) | Refine: 1013478/1013480 (100.0%) | Explore: 434520/434520 (100.0%)
T=34944280.70 | W=100.4um | Current HPWL=2090444.12 um | Best HPWL=426853.12 um | Accept Rate=100.0% | Improvements: 1871/8000 (23.4%) | Refine: 1125521/1125523 (100.0%) | Explore: 482477/482477 (100.0%)
T=34251994.84 | W=100.4um | Current HPWL=2098114.40 um | Best HPWL=426853.12 um | Accept Rate=100.0% | Improvements: 1826/8000 (22.8%) | Refine: 1237985/1237987 (100.0%) | Explore: 530013/530013 (100.0%)
T=33573423.94 | W=100.4um | Current HPWL=2074150.70 um | Best HPWL=426853.12 um | Accept Rate=100.0% | Improvements: 1924/8000 (24.1%) | Refine: 1349897/1349899 (100.0%) | Explore: 578101/578101 (100.0%)
T=32908296.30 | W=100.4um | Current HPWL=2089449.59 um | Best HPWL=426853.12 um | Accept Rate=100.0% | Improvements: 1875/8000 (23.4%) | Refine: 1462049/1462051 (100.0%) | Explore: 625949/625949 (100.0%)
T=32256345.59 | W=100.4um | Current HPWL=2118085.26 um | Best HPWL=426853.12 um | Accept Rate=100.0% | Improvements: 1895/8000 (23.7%) | Refine: 1574240/1574244 (100.0%) | Explore: 673756/673756 (100.0%)
T=31617310.77 | W=100.4um | Current HPWL=2115671.21 um | Best HPWL=426853.12 um | Accept Rate=100.0% | Improvements: 1832/8000 (22.9%) | Refine: 1686536/1686540 (100.0%) | Explore: 721459/721460 (100.0%)
T=30990935.95 | W=100.4um | Current HPWL=2133587.09 um | Best HPWL=426853.12 um | Accept Rate=100.0% | Improvements: 1802/8000 (22.5%) | Refine: 1798773/1798777 (100.0%) | Explore: 769222/769223 (100.0%)
T=30376970.33 | W=100.4um | Current HPWL=2122535.74 um | Best HPWL=426853.12 um | Accept Rate=100.0% | Improvements: 1932/8000 (24.1%) | Refine: 1910803/1910807 (100.0%) | Explore: 817192/817193 (100.0%)
T=29775168.06 | W=100.4um | Current HPWL=2153457.82 um | Best HPWL=426853.12 um | Accept Rate=100.0% | Improvements: 1855/8000 (23.2%) | Refine: 2022591/2022597 (100.0%) | Explore: 865402/865403 (100.0%)
T=29185288.19 | W=100.4um | Current HPWL=2124480.70 um | Best HPWL=426853.12 um | Accept Rate=100.0% | Improvements: 1930/8000 (24.1%) | Refine: 2134878/2134885 (100.0%) | Explore: 913114/913115 (100.0%)
T=28607094.50 | W=100.4um | Current HPWL=2112189.93 um | Best HPWL=426853.12 um | Accept Rate=100.0% | Improvements: 1896/8000 (23.7%) | Refine: 2247052/2247059 (100.0%) | Explore: 960940/960941 (100.0%)
T=28040355.48 | W=100.4um | Current HPWL=2079467.63 um | Best HPWL=426853.12 um | Accept Rate=100.0% | Improvements: 1904/8000 (23.8%) | Refine: 2359156/2359163 (100.0%) | Explore: 1008836/1008837 (100.0%)
T=27484844.21 | W=100.4um | Current HPWL=2102027.13 um | Best HPWL=426853.12 um | Accept Rate=100.0% | Improvements: 1852/8000 (23.2%) | Refine: 2471175/2471182 (100.0%) | Explore: 1056817/1056818 (100.0%)
T=26940338.24 | W=100.4um | Current HPWL=2091756.04 um | Best HPWL=426853.12 um | Accept Rate=100.0% | Improvements: 1920/8000 (24.0%) | Refine: 2583203/2583210 (100.0%) | Explore: 1104789/1104790 (100.0%)
T=26406619.56 | W=100.4um | Current HPWL=2086967.11 um | Best HPWL=426853.12 um | Accept Rate=100.0% | Improvements: 1941/8000 (24.3%) | Refine: 2695184/2695192 (100.0%) | Explore: 1152807/1152808 (100.0%)
T=25883474.45 | W=100.4um | Current HPWL=2120803.65 um | Best HPWL=426853.12 um | Accept Rate=100.0% | Improvements: 1837/8000 (23.0%) | Refine: 2807454/2807462 (100.0%) | Explore: 1200537/1200538 (100.0%)
T=25370693.44 | W=100.4um | Current HPWL=2100032.53 um | Best HPWL=426853.12 um | Accept Rate=100.0% | Improvements: 1881/8000 (23.5%) | Refine: 2919373/2919381 (100.0%) | Explore: 1248618/1248619 (100.0%)
T=24868071.20 | W=100.4um | Current HPWL=2087061.97 um | Best HPWL=426853.12 um | Accept Rate=100.0% | Improvements: 1899/8000 (23.7%) | Refine: 3031574/3031582 (100.0%) | Explore: 1296417/1296418 (100.0%)
T=24375406.48 | W=100.4um | Current HPWL=2120999.74 um | Best HPWL=426853.12 um | Accept Rate=100.0% | Improvements: 1837/8000 (23.0%) | Refine: 3143578/3143586 (100.0%) | Explore: 1344413/1344414 (100.0%)
T=23892502.01 | W=100.4um | Current HPWL=2084960.93 um | Best HPWL=426853.12 um | Accept Rate=100.0% | Improvements: 1898/8000 (23.7%) | Refine: 3255827/3255835 (100.0%) | Explore: 1392164/1392165 (100.0%)
T=23419164.42 | W=100.4um | Current HPWL=2101528.66 um | Best HPWL=426853.12 um | Accept Rate=100.0% | Improvements: 1905/8000 (23.8%) | Refine: 3367504/3367512 (100.0%) | Explore: 1440487/1440488 (100.0%)
T=22955204.19 | W=100.4um | Current HPWL=2118772.89 um | Best HPWL=426853.12 um | Accept Rate=100.0% | Improvements: 1809/8000 (22.6%) | Refine: 3479624/3479632 (100.0%) | Explore: 1488367/1488368 (100.0%)
T=22500435.54 | W=100.4um | Current HPWL=2095936.21 um | Best HPWL=426853.12 um | Accept Rate=100.0% | Improvements: 1859/8000 (23.2%) | Refine: 3591553/3591561 (100.0%) | Explore: 1536438/1536439 (100.0%)
T=22054676.37 | W=100.4um | Current HPWL=2115034.05 um | Best HPWL=426853.12 um | Accept Rate=100.0% | Improvements: 1884/8000 (23.5%) | Refine: 3703557/3703565 (100.0%) | Explore: 1584434/1584435 (100.0%)
T=21617748.19 | W=100.4um | Current HPWL=2138705.47 um | Best HPWL=426853.12 um | Accept Rate=100.0% | Improvements: 1821/8000 (22.8%) | Refine: 3815438/3815446 (100.0%) | Explore: 1632552/1632554 (100.0%)
T=21189476.06 | W=100.4um | Current HPWL=2129794.87 um | Best HPWL=426853.12 um | Accept Rate=100.0% | Improvements: 1897/8000 (23.7%) | Refine: 3927446/3927454 (100.0%) | Explore: 1680544/1680546 (100.0%)
T=20769688.49 | W=100.4um | Current HPWL=2102315.56 um | Best HPWL=426853.12 um | Accept Rate=100.0% | Improvements: 1846/8000 (23.1%) | Refine: 4039495/4039503 (100.0%) | Explore: 1728495/1728497 (100.0%)
T=20358217.38 | W=100.4um | Current HPWL=2125130.31 um | Best HPWL=426853.12 um | Accept Rate=100.0% | Improvements: 1777/8000 (22.2%) | Refine: 4151618/4151626 (100.0%) | Explore: 1776372/1776374 (100.0%)
T=19954897.99 | W=100.4um | Current HPWL=2133572.74 um | Best HPWL=426853.12 um | Accept Rate=100.0% | Improvements: 1859/8000 (23.2%) | Refine: 4263765/4263774 (100.0%) | Explore: 1824224/1824226 (100.0%)
T=19559568.80 | W=100.4um | Current HPWL=2128587.82 um | Best HPWL=426853.12 um | Accept Rate=100.0% | Improvements: 1866/8000 (23.3%) | Refine: 4375925/4375934 (100.0%) | Explore: 1872064/1872066 (100.0%)
T=19172071.54 | W=100.4um | Current HPWL=2157300.87 um | Best HPWL=426853.12 um | Accept Rate=100.0% | Improvements: 1864/8000 (23.3%) | Refine: 4487791/4487800 (100.0%) | Explore: 1920198/1920200 (100.0%)
T=18792251.04 | W=100.4um | Current HPWL=2140351.81 um | Best HPWL=426853.12 um | Accept Rate=100.0% | Improvements: 1889/8000 (23.6%) | Refine: 4599653/4599663 (100.0%) | Explore: 1968335/1968337 (100.0%)
T=18419955.22 | W=100.4um | Current HPWL=2135472.31 um | Best HPWL=426853.12 um | Accept Rate=100.0% | Improvements: 1842/8000 (23.0%) | Refine: 4711593/4711604 (100.0%) | Explore: 2016394/2016396 (100.0%)
T=18055034.99 | W=100.4um | Current HPWL=2094854.09 um | Best HPWL=426853.12 um | Accept Rate=100.0% | Improvements: 1830/8000 (22.9%) | Refine: 4823853/4823864 (100.0%) | Explore: 2064134/2064136 (100.0%)
T=17697344.26 | W=100.4um | Current HPWL=2122118.40 um | Best HPWL=426853.12 um | Accept Rate=100.0% | Improvements: 1881/8000 (23.5%) | Refine: 4936006/4936017 (100.0%) | Explore: 2111981/2111983 (100.0%)
T=17346739.78 | W=100.4um | Current HPWL=2106530.70 um | Best HPWL=426853.12 um | Accept Rate=100.0% | Improvements: 1819/8000 (22.7%) | Refine: 5047829/5047841 (100.0%) | Explore: 2160157/2160159 (100.0%)
T=17003081.17 | W=100.4um | Current HPWL=2116484.49 um | Best HPWL=426853.12 um | Accept Rate=100.0% | Improvements: 1854/8000 (23.2%) | Refine: 5159879/5159891 (100.0%) | Explore: 2208107/2208109 (100.0%)
T=16666230.83 | W=100.4um | Current HPWL=2109965.43 um | Best HPWL=426853.12 um | Accept Rate=100.0% | Improvements: 1844/8000 (23.1%) | Refine: 5272019/5272031 (100.0%) | Explore: 2255967/2255969 (100.0%)
T=16336053.88 | W=100.4um | Current HPWL=2101593.20 um | Best HPWL=426853.12 um | Accept Rate=100.0% | Improvements: 1871/8000 (23.4%) | Refine: 5383893/5383905 (100.0%) | Explore: 2304093/2304095 (100.0%)
T=16012418.11 | W=100.4um | Current HPWL=2110357.91 um | Best HPWL=426853.12 um | Accept Rate=100.0% | Improvements: 1879/8000 (23.5%) | Refine: 5495830/5495843 (100.0%) | Explore: 2352155/2352157 (100.0%)
T=15695193.93 | W=100.4um | Current HPWL=2117192.53 um | Best HPWL=426853.12 um | Accept Rate=100.0% | Improvements: 1898/8000 (23.7%) | Refine: 5607914/5607928 (100.0%) | Explore: 2400070/2400072 (100.0%)
T=15384254.32 | W=100.4um | Current HPWL=2124281.12 um | Best HPWL=426853.12 um | Accept Rate=100.0% | Improvements: 1851/8000 (23.1%) | Refine: 5720084/5720099 (100.0%) | Explore: 2447899/2447901 (100.0%)
T=15079474.78 | W=100.4um | Current HPWL=2114610.99 um | Best HPWL=426853.12 um | Accept Rate=100.0% | Improvements: 1929/8000 (24.1%) | Refine: 5831814/5831830 (100.0%) | Explore: 2496168/2496170 (100.0%)
T=14780733.26 | W=100.4um | Current HPWL=2108531.51 um | Best HPWL=426853.12 um | Accept Rate=100.0% | Improvements: 1880/8000 (23.5%) | Refine: 5943824/5943840 (100.0%) | Explore: 2544158/2544160 (100.0%)
T=14487910.16 | W=100.4um | Current HPWL=2106099.24 um | Best HPWL=426853.12 um | Accept Rate=100.0% | Improvements: 1815/8000 (22.7%) | Refine: 6056235/6056251 (100.0%) | Explore: 2591747/2591749 (100.0%)
T=14200888.21 | W=100.4um | Current HPWL=2082473.70 um | Best HPWL=426853.12 um | Accept Rate=100.0% | Improvements: 1854/8000 (23.2%) | Refine: 6168056/6168072 (100.0%) | Explore: 2639926/2639928 (100.0%)
T=13919552.50 | W=100.4um | Current HPWL=2121054.69 um | Best HPWL=426853.12 um | Accept Rate=100.0% | Improvements: 1850/8000 (23.1%) | Refine: 6280177/6280193 (100.0%) | Explore: 2687805/2687807 (100.0%)
T=13643790.36 | W=100.4um | Current HPWL=2097684.95 um | Best HPWL=426853.12 um | Accept Rate=100.0% | Improvements: 1986/8000 (24.8%) | Refine: 6392688/6392705 (100.0%) | Explore: 2735293/2735295 (100.0%)
T=13373491.39 | W=100.4um | Current HPWL=2135780.91 um | Best HPWL=426853.12 um | Accept Rate=100.0% | Improvements: 1824/8000 (22.8%) | Refine: 6505001/6505019 (100.0%) | Explore: 2782979/2782981 (100.0%)
T=13108547.34 | W=100.4um | Current HPWL=2105764.49 um | Best HPWL=426853.12 um | Accept Rate=100.0% | Improvements: 1842/8000 (23.0%) | Refine: 6616789/6616807 (100.0%) | Explore: 2831191/2831193 (100.0%)
T=12848852.14 | W=100.4um | Current HPWL=2114657.41 um | Best HPWL=426853.12 um | Accept Rate=100.0% | Improvements: 1824/8000 (22.8%) | Refine: 6729007/6729026 (100.0%) | Explore: 2878972/2878974 (100.0%)
T=12594301.79 | W=100.4um | Current HPWL=2115203.63 um | Best HPWL=426853.12 um | Accept Rate=100.0% | Improvements: 1871/8000 (23.4%) | Refine: 6841353/6841372 (100.0%) | Explore: 2926626/2926628 (100.0%)
T=12344794.38 | W=100.4um | Current HPWL=2106535.49 um | Best HPWL=426853.12 um | Accept Rate=100.0% | Improvements: 1877/8000 (23.5%) | Refine: 6953186/6953206 (100.0%) | Explore: 2974792/2974794 (100.0%)
T=12100229.99 | W=100.4um | Current HPWL=2139458.50 um | Best HPWL=426853.12 um | Accept Rate=100.0% | Improvements: 1910/8000 (23.9%) | Refine: 7065080/7065100 (100.0%) | Explore: 3022897/3022900 (100.0%)
T=11860510.69 | W=100.4um | Current HPWL=2120390.60 um | Best HPWL=426853.12 um | Accept Rate=100.0% | Improvements: 1809/8000 (22.6%) | Refine: 7177005/7177028 (100.0%) | Explore: 3070969/3070972 (100.0%)
T=11625540.51 | W=100.4um | Current HPWL=2095424.56 um | Best HPWL=426853.12 um | Accept Rate=100.0% | Improvements: 1863/8000 (23.3%) | Refine: 7288780/7288803 (100.0%) | Explore: 3119194/3119197 (100.0%)
T=11395225.36 | W=100.4um | Current HPWL=2122539.26 um | Best HPWL=426853.12 um | Accept Rate=100.0% | Improvements: 1801/8000 (22.5%) | Refine: 7400508/7400531 (100.0%) | Explore: 3167466/3167469 (100.0%)
T=11169473.01 | W=100.4um | Current HPWL=2122551.62 um | Best HPWL=426853.12 um | Accept Rate=100.0% | Improvements: 1905/8000 (23.8%) | Refine: 7512371/7512395 (100.0%) | Explore: 3215602/3215605 (100.0%)
T=10948193.07 | W=100.4um | Current HPWL=2105175.26 um | Best HPWL=426853.12 um | Accept Rate=100.0% | Improvements: 1913/8000 (23.9%) | Refine: 7624523/7624548 (100.0%) | Explore: 3263449/3263452 (100.0%)
T=10731296.94 | W=100.4um | Current HPWL=2146789.99 um | Best HPWL=426853.12 um | Accept Rate=100.0% | Improvements: 1853/8000 (23.2%) | Refine: 7736395/7736420 (100.0%) | Explore: 3311577/3311580 (100.0%)
T=10518697.76 | W=100.4um | Current HPWL=2116060.21 um | Best HPWL=426853.12 um | Accept Rate=100.0% | Improvements: 1865/8000 (23.3%) | Refine: 7848456/7848482 (100.0%) | Explore: 3359515/3359518 (100.0%)
T=10310310.42 | W=100.4um | Current HPWL=2110490.87 um | Best HPWL=426853.12 um | Accept Rate=100.0% | Improvements: 1867/8000 (23.3%) | Refine: 7960800/7960828 (100.0%) | Explore: 3407169/3407172 (100.0%)
T=10106051.47 | W=100.4um | Current HPWL=2116916.55 um | Best HPWL=426853.12 um | Accept Rate=100.0% | Improvements: 1870/8000 (23.4%) | Refine: 8072696/8072725 (100.0%) | Explore: 3455272/3455275 (100.0%)
T=9905839.11 | W=100.4um | Current HPWL=2127307.70 um | Best HPWL=426853.12 um | Accept Rate=100.0% | Improvements: 1886/8000 (23.6%) | Refine: 8184596/8184625 (100.0%) | Explore: 3503372/3503375 (100.0%)
T=9709593.20 | W=100.4um | Current HPWL=2131397.21 um | Best HPWL=426853.12 um | Accept Rate=100.0% | Improvements: 1824/8000 (22.8%) | Refine: 8296891/8296920 (100.0%) | Explore: 3551076/3551080 (100.0%)
T=9517235.13 | W=100.4um | Current HPWL=2156228.71 um | Best HPWL=426853.12 um | Accept Rate=100.0% | Improvements: 1833/8000 (22.9%) | Refine: 8409043/8409075 (100.0%) | Explore: 3598921/3598925 (100.0%)
T=9328687.90 | W=100.4um | Current HPWL=2163308.80 um | Best HPWL=426853.12 um | Accept Rate=100.0% | Improvements: 1834/8000 (22.9%) | Refine: 8521270/8521303 (100.0%) | Explore: 3646693/3646697 (100.0%)
T=9143876.00 | W=100.4um | Current HPWL=2159941.33 um | Best HPWL=426853.12 um | Accept Rate=100.0% | Improvements: 1814/8000 (22.7%) | Refine: 8633271/8633306 (100.0%) | Explore: 3694690/3694694 (100.0%)
T=8962725.44 | W=100.4um | Current HPWL=2086402.67 um | Best HPWL=426853.12 um | Accept Rate=100.0% | Improvements: 1930/8000 (24.1%) | Refine: 8745060/8745095 (100.0%) | Explore: 3742901/3742905 (100.0%)
T=8785163.68 | W=100.4um | Current HPWL=2123877.05 um | Best HPWL=426853.12 um | Accept Rate=100.0% | Improvements: 1851/8000 (23.1%) | Refine: 8857183/8857221 (100.0%) | Explore: 3790775/3790779 (100.0%)
T=8611119.61 | W=100.4um | Current HPWL=2131974.16 um | Best HPWL=426853.12 um | Accept Rate=100.0% | Improvements: 1880/8000 (23.5%) | Refine: 8969410/8969450 (100.0%) | Explore: 3838546/3838550 (100.0%)
T=8440523.56 | W=100.4um | Current HPWL=2126155.22 um | Best HPWL=426853.12 um | Accept Rate=100.0% | Improvements: 1873/8000 (23.4%) | Refine: 9081192/9081233 (100.0%) | Explore: 3886763/3886767 (100.0%)
T=8273307.20 | W=100.4um | Current HPWL=2108502.67 um | Best HPWL=426853.12 um | Accept Rate=100.0% | Improvements: 1907/8000 (23.8%) | Refine: 9192891/9192932 (100.0%) | Explore: 3935063/3935068 (100.0%)
T=8109403.60 | W=100.4um | Current HPWL=2094283.32 um | Best HPWL=426853.12 um | Accept Rate=100.0% | Improvements: 1827/8000 (22.8%) | Refine: 9305217/9305260 (100.0%) | Explore: 3982735/3982740 (100.0%)
T=7948747.10 | W=100.4um | Current HPWL=2104120.84 um | Best HPWL=426853.12 um | Accept Rate=100.0% | Improvements: 1887/8000 (23.6%) | Refine: 9416924/9416970 (100.0%) | Explore: 4031025/4031030 (100.0%)
T=7791273.40 | W=100.4um | Current HPWL=2102702.28 um | Best HPWL=426853.12 um | Accept Rate=100.0% | Improvements: 1855/8000 (23.2%) | Refine: 9528726/9528772 (100.0%) | Explore: 4079223/4079228 (100.0%)
T=7636919.43 | W=100.4um | Current HPWL=2086483.53 um | Best HPWL=426853.12 um | Accept Rate=100.0% | Improvements: 1917/8000 (24.0%) | Refine: 9640818/9640865 (100.0%) | Explore: 4127130/4127135 (100.0%)
T=7485623.39 | W=100.4um | Current HPWL=2052005.94 um | Best HPWL=426853.12 um | Accept Rate=100.0% | Improvements: 1841/8000 (23.0%) | Refine: 9752724/9752772 (100.0%) | Explore: 4175223/4175228 (100.0%)
T=7337324.69 | W=100.4um | Current HPWL=2096808.89 um | Best HPWL=426853.12 um | Accept Rate=100.0% | Improvements: 1811/8000 (22.6%) | Refine: 9864750/9864799 (100.0%) | Explore: 4223196/4223201 (100.0%)
T=7191963.96 | W=100.4um | Current HPWL=2093756.62 um | Best HPWL=426853.12 um | Accept Rate=100.0% | Improvements: 1867/8000 (23.3%) | Refine: 9976972/9977021 (100.0%) | Explore: 4270974/4270979 (100.0%)
T=7049482.99 | W=100.4um | Current HPWL=2112651.50 um | Best HPWL=426853.12 um | Accept Rate=100.0% | Improvements: 1885/8000 (23.6%) | Refine: 10088719/10088769 (100.0%) | Explore: 4319226/4319231 (100.0%)
T=6909824.73 | W=100.4um | Current HPWL=2121368.54 um | Best HPWL=426853.12 um | Accept Rate=100.0% | Improvements: 1874/8000 (23.4%) | Refine: 10201012/10201065 (100.0%) | Explore: 4366930/4366935 (100.0%)
T=6772933.26 | W=100.4um | Current HPWL=2110771.05 um | Best HPWL=426853.12 um | Accept Rate=100.0% | Improvements: 1856/8000 (23.2%) | Refine: 10313249/10313303 (100.0%) | Explore: 4414692/4414697 (100.0%)
T=6638753.76 | W=100.4um | Current HPWL=2098341.37 um | Best HPWL=426853.12 um | Accept Rate=100.0% | Improvements: 1888/8000 (23.6%) | Refine: 10424990/10425045 (100.0%) | Explore: 4462950/4462955 (100.0%)
T=6507232.51 | W=100.4um | Current HPWL=2115571.15 um | Best HPWL=426853.12 um | Accept Rate=100.0% | Improvements: 1905/8000 (23.8%) | Refine: 10536839/10536895 (100.0%) | Explore: 4511100/4511105 (100.0%)
T=6378316.85 | W=100.4um | Current HPWL=2106265.13 um | Best HPWL=426853.12 um | Accept Rate=100.0% | Improvements: 1908/8000 (23.8%) | Refine: 10649021/10649078 (100.0%) | Explore: 4558916/4558922 (100.0%)
T=6251955.15 | W=100.4um | Current HPWL=2109220.04 um | Best HPWL=426853.12 um | Accept Rate=100.0% | Improvements: 1837/8000 (23.0%) | Refine: 10761094/10761153 (100.0%) | Explore: 4606841/4606847 (100.0%)
T=6128096.82 | W=100.4um | Current HPWL=2108577.30 um | Best HPWL=426853.12 um | Accept Rate=100.0% | Improvements: 1856/8000 (23.2%) | Refine: 10872882/10872942 (100.0%) | Explore: 4655052/4655058 (100.0%)
T=6006692.27 | W=100.4um | Current HPWL=2117074.99 um | Best HPWL=426853.12 um | Accept Rate=100.0% | Improvements: 1854/8000 (23.2%) | Refine: 10984938/10985001 (100.0%) | Explore: 4702993/4702999 (100.0%)
T=5887692.88 | W=100.4um | Current HPWL=2139802.15 um | Best HPWL=426853.12 um | Accept Rate=100.0% | Improvements: 1833/8000 (22.9%) | Refine: 11097389/11097452 (100.0%) | Explore: 4750541/4750548 (100.0%)
T=5771051.00 | W=100.4um | Current HPWL=2145594.70 um | Best HPWL=426853.12 um | Accept Rate=100.0% | Improvements: 1923/8000 (24.0%) | Refine: 11209398/11209463 (100.0%) | Explore: 4798530/4798537 (100.0%)
T=5656719.93 | W=100.4um | Current HPWL=2097341.30 um | Best HPWL=426853.12 um | Accept Rate=100.0% | Improvements: 1874/8000 (23.4%) | Refine: 11321267/11321335 (100.0%) | Explore: 4846658/4846665 (100.0%)
T=5544653.88 | W=100.4um | Current HPWL=2100046.23 um | Best HPWL=426853.12 um | Accept Rate=100.0% | Improvements: 1892/8000 (23.6%) | Refine: 11433329/11433400 (100.0%) | Explore: 4894593/4894600 (100.0%)
T=5434808.00 | W=100.4um | Current HPWL=2116411.47 um | Best HPWL=426853.12 um | Accept Rate=100.0% | Improvements: 1936/8000 (24.2%) | Refine: 11545492/11545566 (100.0%) | Explore: 4942426/4942434 (100.0%)
T=5327138.28 | W=100.4um | Current HPWL=2135316.29 um | Best HPWL=426853.12 um | Accept Rate=100.0% | Improvements: 1828/8000 (22.9%) | Refine: 11657597/11657675 (100.0%) | Explore: 4990316/4990325 (100.0%)
T=5221601.62 | W=100.4um | Current HPWL=2111951.62 um | Best HPWL=426853.12 um | Accept Rate=100.0% | Improvements: 1813/8000 (22.7%) | Refine: 11769697/11769776 (100.0%) | Explore: 5038215/5038224 (100.0%)
T=5118155.77 | W=100.4um | Current HPWL=2118276.26 um | Best HPWL=426853.12 um | Accept Rate=100.0% | Improvements: 1859/8000 (23.2%) | Refine: 11881619/11881700 (100.0%) | Explore: 5086291/5086300 (100.0%)
T=5016759.29 | W=100.4um | Current HPWL=2127966.36 um | Best HPWL=426853.12 um | Accept Rate=100.0% | Improvements: 1845/8000 (23.1%) | Refine: 11993404/11993486 (100.0%) | Explore: 5134505/5134514 (100.0%)
T=4917371.60 | W=100.4um | Current HPWL=2140790.66 um | Best HPWL=426853.12 um | Accept Rate=100.0% | Improvements: 1914/8000 (23.9%) | Refine: 12105297/12105381 (100.0%) | Explore: 5182610/5182619 (100.0%)
T=4819952.88 | W=100.4um | Current HPWL=2142428.50 um | Best HPWL=426853.12 um | Accept Rate=100.0% | Improvements: 1908/8000 (23.8%) | Refine: 12217410/12217495 (100.0%) | Explore: 5230495/5230505 (100.0%)
T=4724464.14 | W=100.4um | Current HPWL=2122305.23 um | Best HPWL=426853.12 um | Accept Rate=100.0% | Improvements: 1892/8000 (23.6%) | Refine: 12329294/12329381 (100.0%) | Explore: 5278609/5278619 (100.0%)
T=4630867.15 | W=100.4um | Current HPWL=2124508.35 um | Best HPWL=426853.12 um | Accept Rate=100.0% | Improvements: 1877/8000 (23.5%) | Refine: 12441313/12441401 (100.0%) | Explore: 5326589/5326599 (100.0%)
T=4539124.41 | W=100.4um | Current HPWL=2135991.05 um | Best HPWL=426853.12 um | Accept Rate=100.0% | Improvements: 1864/8000 (23.3%) | Refine: 12553365/12553455 (100.0%) | Explore: 5374534/5374545 (100.0%)
T=4449199.20 | W=100.4um | Current HPWL=2091143.42 um | Best HPWL=426853.12 um | Accept Rate=100.0% | Improvements: 1867/8000 (23.3%) | Refine: 12665178/12665269 (100.0%) | Explore: 5422720/5422731 (100.0%)
T=4361055.52 | W=100.4um | Current HPWL=2118674.48 um | Best HPWL=426853.12 um | Accept Rate=100.0% | Improvements: 1848/8000 (23.1%) | Refine: 12777224/12777315 (100.0%) | Explore: 5470674/5470685 (100.0%)
T=4274658.06 | W=100.4um | Current HPWL=2123463.47 um | Best HPWL=426853.12 um | Accept Rate=100.0% | Improvements: 1869/8000 (23.4%) | Refine: 12889032/12889130 (100.0%) | Explore: 5518858/5518870 (100.0%)
T=4189972.23 | W=100.4um | Current HPWL=2128431.25 um | Best HPWL=426853.12 um | Accept Rate=100.0% | Improvements: 1885/8000 (23.6%) | Refine: 13001012/13001113 (100.0%) | Explore: 5566873/5566887 (100.0%)
T=4106964.12 | W=100.4um | Current HPWL=2125839.39 um | Best HPWL=426853.12 um | Accept Rate=100.0% | Improvements: 1974/8000 (24.7%) | Refine: 13112752/13112857 (100.0%) | Explore: 5615129/5615143 (100.0%)
T=4025600.50 | W=100.4um | Current HPWL=2126696.70 um | Best HPWL=426853.12 um | Accept Rate=100.0% | Improvements: 1855/8000 (23.2%) | Refine: 13224479/13224584 (100.0%) | Explore: 5663402/5663416 (100.0%)
T=3945848.79 | W=100.4um | Current HPWL=2148909.78 um | Best HPWL=426853.12 um | Accept Rate=100.0% | Improvements: 1833/8000 (22.9%) | Refine: 13336593/13336700 (100.0%) | Explore: 5711285/5711300 (100.0%)
T=3867677.04 | W=100.4um | Current HPWL=2113933.61 um | Best HPWL=426853.12 um | Accept Rate=100.0% | Improvements: 1893/8000 (23.7%) | Refine: 13448576/13448686 (100.0%) | Explore: 5759299/5759314 (100.0%)
T=3791053.97 | W=100.4um | Current HPWL=2161711.25 um | Best HPWL=426853.12 um | Accept Rate=100.0% | Improvements: 1837/8000 (23.0%) | Refine: 13560513/13560625 (100.0%) | Explore: 5807360/5807375 (100.0%)
T=3715948.89 | W=100.4um | Current HPWL=2140179.54 um | Best HPWL=426853.12 um | Accept Rate=100.0% | Improvements: 1878/8000 (23.5%) | Refine: 13672610/13672724 (100.0%) | Explore: 5855261/5855276 (100.0%)
T=3642331.72 | W=100.4um | Current HPWL=2140770.86 um | Best HPWL=426853.12 um | Accept Rate=100.0% | Improvements: 1895/8000 (23.7%) | Refine: 13784677/13784794 (100.0%) | Explore: 5903191/5903206 (100.0%)
T=3570172.99 | W=100.4um | Current HPWL=2084200.44 um | Best HPWL=426853.12 um | Accept Rate=100.0% | Improvements: 1937/8000 (24.2%) | Refine: 13896372/13896490 (100.0%) | Explore: 5951495/5951510 (100.0%)
T=3499443.81 | W=100.4um | Current HPWL=2150804.97 um | Best HPWL=426853.12 um | Accept Rate=100.0% | Improvements: 1818/8000 (22.7%) | Refine: 14008271/14008391 (100.0%) | Explore: 5999594/5999609 (100.0%)
T=3430115.86 | W=100.4um | Current HPWL=2151333.68 um | Best HPWL=426853.12 um | Accept Rate=100.0% | Improvements: 1896/8000 (23.7%) | Refine: 14120131/14120253 (100.0%) | Explore: 6047731/6047747 (100.0%)
T=3362161.37 | W=100.4um | Current HPWL=2114587.27 um | Best HPWL=426853.12 um | Accept Rate=100.0% | Improvements: 1838/8000 (23.0%) | Refine: 14232437/14232561 (100.0%) | Explore: 6095423/6095439 (100.0%)
T=3295553.14 | W=100.4um | Current HPWL=2135191.10 um | Best HPWL=426853.12 um | Accept Rate=100.0% | Improvements: 1898/8000 (23.7%) | Refine: 14344365/14344492 (100.0%) | Explore: 6143492/6143508 (100.0%)
T=3230264.49 | W=100.4um | Current HPWL=2149723.27 um | Best HPWL=426853.12 um | Accept Rate=100.0% | Improvements: 1848/8000 (23.1%) | Refine: 14456292/14456419 (100.0%) | Explore: 6191565/6191581 (100.0%)
T=3166269.28 | W=100.4um | Current HPWL=2135378.93 um | Best HPWL=426853.12 um | Accept Rate=100.0% | Improvements: 1862/8000 (23.3%) | Refine: 14568268/14568396 (100.0%) | Explore: 6239588/6239604 (100.0%)
T=3103541.89 | W=100.4um | Current HPWL=2137645.74 um | Best HPWL=426853.12 um | Accept Rate=100.0% | Improvements: 1894/8000 (23.7%) | Refine: 14680112/14680243 (100.0%) | Explore: 6287741/6287757 (100.0%)
T=3042057.21 | W=100.4um | Current HPWL=2127866.43 um | Best HPWL=426853.12 um | Accept Rate=100.0% | Improvements: 1862/8000 (23.3%) | Refine: 14792426/14792559 (100.0%) | Explore: 6335425/6335441 (100.0%)
T=2981790.60 | W=100.4um | Current HPWL=2127987.30 um | Best HPWL=426853.12 um | Accept Rate=100.0% | Improvements: 1908/8000 (23.8%) | Refine: 14904584/14904722 (100.0%) | Explore: 6383261/6383278 (100.0%)
T=2922717.94 | W=100.4um | Current HPWL=2121455.83 um | Best HPWL=426853.12 um | Accept Rate=100.0% | Improvements: 1830/8000 (22.9%) | Refine: 15016758/15016898 (100.0%) | Explore: 6431084/6431102 (100.0%)
T=2864815.58 | W=100.4um | Current HPWL=2132612.25 um | Best HPWL=426853.12 um | Accept Rate=100.0% | Improvements: 1865/8000 (23.3%) | Refine: 15128622/15128763 (100.0%) | Explore: 6479219/6479237 (100.0%)
T=2808060.33 | W=100.4um | Current HPWL=2133267.20 um | Best HPWL=426853.12 um | Accept Rate=100.0% | Improvements: 1913/8000 (23.9%) | Refine: 15240780/15240926 (100.0%) | Explore: 6527056/6527074 (100.0%)
T=2752429.47 | W=100.4um | Current HPWL=2140592.87 um | Best HPWL=426853.12 um | Accept Rate=100.0% | Improvements: 1841/8000 (23.0%) | Refine: 15353078/15353229 (100.0%) | Explore: 6574753/6574771 (100.0%)
T=2697900.72 | W=100.4um | Current HPWL=2115522.76 um | Best HPWL=426853.12 um | Accept Rate=100.0% | Improvements: 1927/8000 (24.1%) | Refine: 15465200/15465354 (100.0%) | Explore: 6622628/6622646 (100.0%)
T=2644452.24 | W=100.4um | Current HPWL=2104289.96 um | Best HPWL=426853.12 um | Accept Rate=100.0% | Improvements: 1867/8000 (23.3%) | Refine: 15576884/15577041 (100.0%) | Explore: 6670939/6670959 (100.0%)
T=2592062.64 | W=100.4um | Current HPWL=2162593.00 um | Best HPWL=426853.12 um | Accept Rate=100.0% | Improvements: 1852/8000 (23.2%) | Refine: 15688737/15688896 (100.0%) | Explore: 6719083/6719104 (100.0%)
T=2540710.94 | W=100.4um | Current HPWL=2143059.71 um | Best HPWL=426853.12 um | Accept Rate=100.0% | Improvements: 1837/8000 (23.0%) | Refine: 15800766/15800929 (100.0%) | Explore: 6767048/6767071 (100.0%)
T=2490376.57 | W=100.4um | Current HPWL=2114013.78 um | Best HPWL=426853.12 um | Accept Rate=100.0% | Improvements: 1853/8000 (23.2%) | Refine: 15913058/15913228 (100.0%) | Explore: 6814749/6814772 (100.0%)
T=2441039.38 | W=100.4um | Current HPWL=2123717.00 um | Best HPWL=426853.12 um | Accept Rate=100.0% | Improvements: 1847/8000 (23.1%) | Refine: 16024813/16024985 (100.0%) | Explore: 6862992/6863015 (100.0%)
T=2392679.62 | W=100.4um | Current HPWL=2130128.28 um | Best HPWL=426853.12 um | Accept Rate=100.0% | Improvements: 1836/8000 (22.9%) | Refine: 16136695/16136874 (100.0%) | Explore: 6911103/6911126 (100.0%)
T=2345277.92 | W=100.4um | Current HPWL=2166380.02 um | Best HPWL=426853.12 um | Accept Rate=100.0% | Improvements: 1839/8000 (23.0%) | Refine: 16248589/16248770 (100.0%) | Explore: 6959207/6959230 (100.0%)
T=2298815.31 | W=100.4um | Current HPWL=2154623.20 um | Best HPWL=426853.12 um | Accept Rate=100.0% | Improvements: 1870/8000 (23.4%) | Refine: 16360694/16360883 (100.0%) | Explore: 7007094/7007117 (100.0%)
T=2253273.16 | W=100.4um | Current HPWL=2091002.60 um | Best HPWL=426853.12 um | Accept Rate=100.0% | Improvements: 1895/8000 (23.7%) | Refine: 16472465/16472655 (100.0%) | Explore: 7055322/7055345 (100.0%)
T=2208633.27 | W=100.4um | Current HPWL=2139563.01 um | Best HPWL=426853.12 um | Accept Rate=100.0% | Improvements: 1892/8000 (23.6%) | Refine: 16584709/16584902 (100.0%) | Explore: 7103075/7103098 (100.0%)
T=2164877.73 | W=100.4um | Current HPWL=2115899.69 um | Best HPWL=426853.12 um | Accept Rate=100.0% | Improvements: 1903/8000 (23.8%) | Refine: 16696496/16696697 (100.0%) | Explore: 7151279/7151303 (100.0%)
T=2121989.05 | W=100.4um | Current HPWL=2134381.19 um | Best HPWL=426853.12 um | Accept Rate=100.0% | Improvements: 1881/8000 (23.5%) | Refine: 16808644/16808851 (100.0%) | Explore: 7199123/7199149 (100.0%)
T=2079950.04 | W=100.4um | Current HPWL=2136820.01 um | Best HPWL=426853.12 um | Accept Rate=100.0% | Improvements: 1863/8000 (23.3%) | Refine: 16920827/16921040 (100.0%) | Explore: 7246934/7246960 (100.0%)
T=2038743.86 | W=100.4um | Current HPWL=2107339.52 um | Best HPWL=426853.12 um | Accept Rate=100.0% | Improvements: 1873/8000 (23.4%) | Refine: 17032756/17032973 (100.0%) | Explore: 7295000/7295027 (100.0%)
T=1998354.03 | W=100.4um | Current HPWL=2118477.15 um | Best HPWL=426853.12 um | Accept Rate=100.0% | Improvements: 1890/8000 (23.6%) | Refine: 17144717/17144940 (100.0%) | Explore: 7343033/7343060 (100.0%)
T=1958764.37 | W=100.4um | Current HPWL=2139086.89 um | Best HPWL=426853.12 um | Accept Rate=100.0% | Improvements: 1875/8000 (23.4%) | Refine: 17256548/17256776 (100.0%) | Explore: 7391197/7391224 (100.0%)
T=1919959.03 | W=100.4um | Current HPWL=2116141.57 um | Best HPWL=426853.12 um | Accept Rate=100.0% | Improvements: 1853/8000 (23.2%) | Refine: 17368705/17368938 (100.0%) | Explore: 7439035/7439062 (100.0%)
T=1881922.46 | W=100.4um | Current HPWL=2126673.29 um | Best HPWL=426853.12 um | Accept Rate=100.0% | Improvements: 1821/8000 (22.8%) | Refine: 17480630/17480866 (100.0%) | Explore: 7487106/7487134 (100.0%)
T=1844639.44 | W=100.4um | Current HPWL=2100596.48 um | Best HPWL=426853.12 um | Accept Rate=100.0% | Improvements: 1910/8000 (23.9%) | Refine: 17592635/17592879 (100.0%) | Explore: 7535093/7535121 (100.0%)
T=1808095.04 | W=100.4um | Current HPWL=2146047.37 um | Best HPWL=426853.12 um | Accept Rate=100.0% | Improvements: 1822/8000 (22.8%) | Refine: 17704783/17705037 (100.0%) | Explore: 7582935/7582963 (100.0%)
T=1772274.62 | W=100.4um | Current HPWL=2149252.50 um | Best HPWL=426853.12 um | Accept Rate=100.0% | Improvements: 1880/8000 (23.5%) | Refine: 17816791/17817048 (100.0%) | Explore: 7630923/7630952 (100.0%)
T=1737163.85 | W=100.4um | Current HPWL=2111112.24 um | Best HPWL=426853.12 um | Accept Rate=100.0% | Improvements: 1912/8000 (23.9%) | Refine: 17928728/17928987 (100.0%) | Explore: 7678983/7679013 (100.0%)
T=1702748.66 | W=100.4um | Current HPWL=2156333.82 um | Best HPWL=426853.12 um | Accept Rate=100.0% | Improvements: 1861/8000 (23.3%) | Refine: 18040638/18040899 (100.0%) | Explore: 7727071/7727101 (100.0%)
T=1669015.28 | W=100.4um | Current HPWL=2136873.46 um | Best HPWL=426853.12 um | Accept Rate=100.0% | Improvements: 1859/8000 (23.2%) | Refine: 18152846/18153113 (100.0%) | Explore: 7774854/7774887 (100.0%)
T=1635950.19 | W=100.4um | Current HPWL=2100990.23 um | Best HPWL=426853.12 um | Accept Rate=100.0% | Improvements: 1905/8000 (23.8%) | Refine: 18264943/18265214 (100.0%) | Explore: 7822753/7822786 (100.0%)
T=1603540.16 | W=100.4um | Current HPWL=2117403.14 um | Best HPWL=426853.12 um | Accept Rate=100.0% | Improvements: 1852/8000 (23.2%) | Refine: 18377077/18377352 (100.0%) | Explore: 7870612/7870648 (100.0%)
T=1571772.21 | W=100.4um | Current HPWL=2104334.40 um | Best HPWL=426853.12 um | Accept Rate=100.0% | Improvements: 1828/8000 (22.9%) | Refine: 18489169/18489446 (100.0%) | Explore: 7918518/7918554 (100.0%)
T=1540633.62 | W=100.4um | Current HPWL=2095789.21 um | Best HPWL=426853.12 um | Accept Rate=100.0% | Improvements: 1766/8000 (22.1%) | Refine: 18601299/18601578 (100.0%) | Explore: 7966385/7966422 (100.0%)
T=1510111.92 | W=100.4um | Current HPWL=2124846.91 um | Best HPWL=426853.12 um | Accept Rate=100.0% | Improvements: 1867/8000 (23.3%) | Refine: 18712944/18713230 (100.0%) | Explore: 8014733/8014770 (100.0%)
T=1480194.89 | W=100.4um | Current HPWL=2125989.64 um | Best HPWL=426853.12 um | Accept Rate=100.0% | Improvements: 1879/8000 (23.5%) | Refine: 18824949/18825242 (100.0%) | Explore: 8062720/8062758 (100.0%)
T=1450870.55 | W=100.4um | Current HPWL=2127810.42 um | Best HPWL=426853.12 um | Accept Rate=100.0% | Improvements: 1889/8000 (23.6%) | Refine: 18936831/18937129 (100.0%) | Explore: 8110833/8110871 (100.0%)
T=1422127.15 | W=100.4um | Current HPWL=2116854.61 um | Best HPWL=426853.12 um | Accept Rate=100.0% | Improvements: 1803/8000 (22.5%) | Refine: 19048797/19049100 (100.0%) | Explore: 8158861/8158900 (100.0%)
T=1393953.20 | W=100.4um | Current HPWL=2106718.96 um | Best HPWL=426853.12 um | Accept Rate=100.0% | Improvements: 1875/8000 (23.4%) | Refine: 19160886/19161198 (100.0%) | Explore: 8206763/8206802 (100.0%)
T=1366337.40 | W=100.4um | Current HPWL=2088143.26 um | Best HPWL=426853.12 um | Accept Rate=100.0% | Improvements: 1867/8000 (23.3%) | Refine: 19272763/19273080 (100.0%) | Explore: 8254881/8254920 (100.0%)
T=1339268.71 | W=100.4um | Current HPWL=2092864.38 um | Best HPWL=426853.12 um | Accept Rate=100.0% | Improvements: 1853/8000 (23.2%) | Refine: 19384691/19385021 (100.0%) | Explore: 8302939/8302979 (100.0%)
T=1312736.28 | W=100.4um | Current HPWL=2108710.51 um | Best HPWL=426853.12 um | Accept Rate=100.0% | Improvements: 1910/8000 (23.9%) | Refine: 19496579/19496919 (100.0%) | Explore: 8351040/8351081 (100.0%)
T=1286729.48 | W=100.4um | Current HPWL=2115201.53 um | Best HPWL=426853.12 um | Accept Rate=100.0% | Improvements: 1835/8000 (22.9%) | Refine: 19608134/19608486 (100.0%) | Explore: 8399473/8399514 (100.0%)
T=1261237.91 | W=100.4um | Current HPWL=2148107.91 um | Best HPWL=426853.12 um | Accept Rate=100.0% | Improvements: 1887/8000 (23.6%) | Refine: 19720151/19720511 (100.0%) | Explore: 8447448/8447489 (100.0%)
T=1236251.35 | W=100.4um | Current HPWL=2128750.11 um | Best HPWL=426853.12 um | Accept Rate=100.0% | Improvements: 1888/8000 (23.6%) | Refine: 19832015/19832384 (100.0%) | Explore: 8495575/8495616 (100.0%)
T=1211759.81 | W=100.4um | Current HPWL=2126053.60 um | Best HPWL=426853.12 um | Accept Rate=100.0% | Improvements: 1797/8000 (22.5%) | Refine: 19943907/19944285 (100.0%) | Explore: 8543672/8543715 (100.0%)
T=1187753.47 | W=100.4um | Current HPWL=2114964.90 um | Best HPWL=426853.12 um | Accept Rate=100.0% | Improvements: 1781/8000 (22.3%) | Refine: 20055799/20056186 (100.0%) | Explore: 8591770/8591814 (100.0%)
T=1164222.73 | W=100.4um | Current HPWL=2099536.29 um | Best HPWL=426853.12 um | Accept Rate=100.0% | Improvements: 1899/8000 (23.7%) | Refine: 20167563/20167956 (100.0%) | Explore: 8639996/8640044 (100.0%)
T=1141158.16 | W=100.4um | Current HPWL=2100162.27 um | Best HPWL=426853.12 um | Accept Rate=100.0% | Improvements: 1897/8000 (23.7%) | Refine: 20279412/20279813 (100.0%) | Explore: 8688137/8688187 (100.0%)
T=1118550.52 | W=100.4um | Current HPWL=2105177.60 um | Best HPWL=426853.12 um | Accept Rate=100.0% | Improvements: 1798/8000 (22.5%) | Refine: 20391169/20391577 (100.0%) | Explore: 8736372/8736423 (100.0%)
T=1096390.76 | W=100.4um | Current HPWL=2063141.14 um | Best HPWL=426853.12 um | Accept Rate=100.0% | Improvements: 1921/8000 (24.0%) | Refine: 20503603/20504017 (100.0%) | Explore: 8783930/8783983 (100.0%)
T=1074670.02 | W=100.4um | Current HPWL=2107349.36 um | Best HPWL=426853.12 um | Accept Rate=100.0% | Improvements: 1846/8000 (23.1%) | Refine: 20615256/20615673 (100.0%) | Explore: 8832273/8832327 (100.0%)
T=1053379.58 | W=100.4um | Current HPWL=2106941.26 um | Best HPWL=426853.12 um | Accept Rate=100.0% | Improvements: 1876/8000 (23.4%) | Refine: 20726742/20727170 (100.0%) | Explore: 8880774/8880830 (100.0%)
T=1032510.94 | W=100.4um | Current HPWL=2102315.97 um | Best HPWL=426853.12 um | Accept Rate=100.0% | Improvements: 1822/8000 (22.8%) | Refine: 20838742/20839185 (100.0%) | Explore: 8928757/8928815 (100.0%)
T=1012055.72 | W=100.4um | Current HPWL=2099518.28 um | Best HPWL=426853.12 um | Accept Rate=100.0% | Improvements: 1817/8000 (22.7%) | Refine: 20951016/20951473 (100.0%) | Explore: 8976467/8976527 (100.0%)
T=992005.75 | W=100.4um | Current HPWL=2116548.01 um | Best HPWL=426853.12 um | Accept Rate=100.0% | Improvements: 1933/8000 (24.2%) | Refine: 21063071/21063536 (100.0%) | Explore: 9024404/9024464 (100.0%)
T=972352.99 | W=100.4um | Current HPWL=2161571.18 um | Best HPWL=426853.12 um | Accept Rate=100.0% | Improvements: 1887/8000 (23.6%) | Refine: 21175158/21175629 (100.0%) | Explore: 9072310/9072371 (100.0%)
T=953089.57 | W=100.4um | Current HPWL=2135094.38 um | Best HPWL=426853.12 um | Accept Rate=100.0% | Improvements: 1889/8000 (23.6%) | Refine: 21287418/21287902 (100.0%) | Explore: 9120034/9120098 (100.0%)
T=934207.79 | W=100.4um | Current HPWL=2140853.69 um | Best HPWL=426853.12 um | Accept Rate=100.0% | Improvements: 1870/8000 (23.4%) | Refine: 21399295/21399783 (100.0%) | Explore: 9168153/9168217 (100.0%)
T=915700.07 | W=100.4um | Current HPWL=2154584.18 um | Best HPWL=426853.12 um | Accept Rate=100.0% | Improvements: 1854/8000 (23.2%) | Refine: 21511315/21511817 (100.0%) | Explore: 9216115/9216183 (100.0%)
T=897559.01 | W=100.4um | Current HPWL=2088387.03 um | Best HPWL=426853.12 um | Accept Rate=100.0% | Improvements: 1888/8000 (23.6%) | Refine: 21623623/21624134 (100.0%) | Explore: 9263798/9263866 (100.0%)
T=879777.35 | W=100.4um | Current HPWL=2118384.07 um | Best HPWL=426853.12 um | Accept Rate=100.0% | Improvements: 1861/8000 (23.3%) | Refine: 21735863/21736384 (100.0%) | Explore: 9311545/9311616 (100.0%)
T=862347.96 | W=100.4um | Current HPWL=2104080.81 um | Best HPWL=426853.12 um | Accept Rate=100.0% | Improvements: 1833/8000 (22.9%) | Refine: 21847975/21848504 (100.0%) | Explore: 9359423/9359496 (100.0%)
T=845263.87 | W=100.4um | Current HPWL=2114372.26 um | Best HPWL=426853.12 um | Accept Rate=100.0% | Improvements: 1899/8000 (23.7%) | Refine: 21959928/21960466 (100.0%) | Explore: 9407460/9407534 (100.0%)
T=828518.23 | W=100.4um | Current HPWL=2110088.17 um | Best HPWL=426853.12 um | Accept Rate=100.0% | Improvements: 1897/8000 (23.7%) | Refine: 22071378/22071923 (100.0%) | Explore: 9456003/9456077 (100.0%)
T=812104.35 | W=100.4um | Current HPWL=2114717.00 um | Best HPWL=426853.12 um | Accept Rate=100.0% | Improvements: 1790/8000 (22.4%) | Refine: 22183554/22184113 (100.0%) | Explore: 9503811/9503887 (100.0%)
T=796015.64 | W=100.4um | Current HPWL=2114188.82 um | Best HPWL=426853.12 um | Accept Rate=100.0% | Improvements: 1836/8000 (22.9%) | Refine: 22295684/22296253 (100.0%) | Explore: 9551668/9551747 (100.0%)
T=780245.66 | W=100.4um | Current HPWL=2125274.09 um | Best HPWL=426853.12 um | Accept Rate=100.0% | Improvements: 1847/8000 (23.1%) | Refine: 22407516/22408094 (100.0%) | Explore: 9599826/9599906 (100.0%)
T=764788.11 | W=100.4um | Current HPWL=2100734.82 um | Best HPWL=426853.12 um | Accept Rate=100.0% | Improvements: 1870/8000 (23.4%) | Refine: 22519564/22520160 (100.0%) | Explore: 9647760/9647840 (100.0%)
T=749636.79 | W=100.4um | Current HPWL=2126688.28 um | Best HPWL=426853.12 um | Accept Rate=100.0% | Improvements: 1772/8000 (22.1%) | Refine: 22631445/22632052 (100.0%) | Explore: 9695866/9695948 (100.0%)
T=734785.64 | W=100.4um | Current HPWL=2125027.73 um | Best HPWL=426853.12 um | Accept Rate=100.0% | Improvements: 1858/8000 (23.2%) | Refine: 22743457/22744076 (100.0%) | Explore: 9743841/9743924 (100.0%)
T=720228.70 | W=100.4um | Current HPWL=2104274.52 um | Best HPWL=426853.12 um | Accept Rate=100.0% | Improvements: 1811/8000 (22.6%) | Refine: 22855315/22855947 (100.0%) | Explore: 9791970/9792053 (100.0%)
T=705960.15 | W=100.4um | Current HPWL=2103913.01 um | Best HPWL=426853.12 um | Accept Rate=100.0% | Improvements: 1864/8000 (23.3%) | Refine: 22967198/22967839 (100.0%) | Explore: 9840077/9840161 (100.0%)
T=691974.28 | W=100.4um | Current HPWL=2134651.46 um | Best HPWL=426853.12 um | Accept Rate=100.0% | Improvements: 1886/8000 (23.6%) | Refine: 23079275/23079927 (100.0%) | Explore: 9887988/9888073 (100.0%)
T=678265.48 | W=100.4um | Current HPWL=2169197.84 um | Best HPWL=426853.12 um | Accept Rate=100.0% | Improvements: 1938/8000 (24.2%) | Refine: 23191293/23191959 (100.0%) | Explore: 9935956/9936041 (100.0%)
T=664828.27 | W=100.4um | Current HPWL=2127270.50 um | Best HPWL=426853.12 um | Accept Rate=100.0% | Improvements: 1852/8000 (23.2%) | Refine: 23303264/23303947 (100.0%) | Explore: 9983966/9984053 (100.0%)
T=651657.27 | W=100.4um | Current HPWL=2160553.29 um | Best HPWL=426853.12 um | Accept Rate=100.0% | Improvements: 1831/8000 (22.9%) | Refine: 23415230/23415923 (100.0%) | Explore: 10031987/10032077 (100.0%)
T=638747.20 | W=100.4um | Current HPWL=2124423.74 um | Best HPWL=426853.12 um | Accept Rate=100.0% | Improvements: 1886/8000 (23.6%) | Refine: 23527256/23527961 (100.0%) | Explore: 10079947/10080039 (100.0%)
T=626092.89 | W=100.4um | Current HPWL=2106964.74 um | Best HPWL=426853.12 um | Accept Rate=100.0% | Improvements: 1841/8000 (23.0%) | Refine: 23639273/23639987 (100.0%) | Explore: 10127917/10128013 (100.0%)
T=613689.28 | W=100.4um | Current HPWL=2117119.52 um | Best HPWL=426853.12 um | Accept Rate=100.0% | Improvements: 1893/8000 (23.7%) | Refine: 23751160/23751892 (100.0%) | Explore: 10176010/10176108 (100.0%)
T=601531.40 | W=100.4um | Current HPWL=2115488.77 um | Best HPWL=426853.12 um | Accept Rate=100.0% | Improvements: 1914/8000 (23.9%) | Refine: 23863313/23864058 (100.0%) | Explore: 10223844/10223942 (100.0%)
T=589614.38 | W=100.4um | Current HPWL=2134760.49 um | Best HPWL=426853.12 um | Accept Rate=100.0% | Improvements: 1798/8000 (22.5%) | Refine: 23975022/23975783 (100.0%) | Explore: 10272114/10272217 (100.0%)
T=577933.45 | W=100.4um | Current HPWL=2126695.81 um | Best HPWL=426853.12 um | Accept Rate=100.0% | Improvements: 1884/8000 (23.5%) | Refine: 24086860/24087635 (100.0%) | Explore: 10320261/10320365 (100.0%)
T=566483.93 | W=100.4um | Current HPWL=2135535.89 um | Best HPWL=426853.12 um | Accept Rate=100.0% | Improvements: 1869/8000 (23.4%) | Refine: 24198953/24199750 (100.0%) | Explore: 10368144/10368250 (100.0%)
T=555261.24 | W=100.4um | Current HPWL=2170886.88 um | Best HPWL=426853.12 um | Accept Rate=100.0% | Improvements: 1832/8000 (22.9%) | Refine: 24311113/24311930 (100.0%) | Explore: 10415962/10416070 (100.0%)
T=544260.89 | W=100.4um | Current HPWL=2113601.30 um | Best HPWL=426853.12 um | Accept Rate=100.0% | Improvements: 1875/8000 (23.4%) | Refine: 24422879/24423716 (100.0%) | Explore: 10464174/10464284 (100.0%)
T=533478.46 | W=100.4um | Current HPWL=2111260.16 um | Best HPWL=426853.12 um | Accept Rate=100.0% | Improvements: 1901/8000 (23.8%) | Refine: 24535015/24535872 (100.0%) | Explore: 10512015/10512128 (100.0%)
T=522909.65 | W=100.4um | Current HPWL=2135533.19 um | Best HPWL=426853.12 um | Accept Rate=100.0% | Improvements: 1846/8000 (23.1%) | Refine: 24646895/24647767 (100.0%) | Explore: 10560117/10560233 (100.0%)
T=512550.21 | W=100.4um | Current HPWL=2100830.05 um | Best HPWL=426853.12 um | Accept Rate=100.0% | Improvements: 1920/8000 (24.0%) | Refine: 24759168/24760067 (100.0%) | Explore: 10607813/10607933 (100.0%)
T=502396.01 | W=100.4um | Current HPWL=2118193.67 um | Best HPWL=426853.12 um | Accept Rate=100.0% | Improvements: 1844/8000 (23.1%) | Refine: 24871152/24872068 (100.0%) | Explore: 10655806/10655932 (100.0%)
T=492442.98 | W=100.4um | Current HPWL=2142860.96 um | Best HPWL=426853.12 um | Accept Rate=100.0% | Improvements: 1897/8000 (23.7%) | Refine: 24983658/24984594 (100.0%) | Explore: 10703278/10703406 (100.0%)
T=482687.12 | W=100.4um | Current HPWL=2128164.07 um | Best HPWL=426853.12 um | Accept Rate=100.0% | Improvements: 1924/8000 (24.1%) | Refine: 25095927/25096885 (100.0%) | Explore: 10750984/10751115 (100.0%)
T=473124.54 | W=100.4um | Current HPWL=2100700.37 um | Best HPWL=426853.12 um | Accept Rate=100.0% | Improvements: 1886/8000 (23.6%) | Refine: 25207809/25208783 (100.0%) | Explore: 10799081/10799217 (100.0%)
T=463751.41 | W=100.4um | Current HPWL=2104579.91 um | Best HPWL=426853.12 um | Accept Rate=100.0% | Improvements: 1886/8000 (23.6%) | Refine: 25319966/25320959 (100.0%) | Explore: 10846903/10847041 (100.0%)
T=454563.97 | W=100.4um | Current HPWL=2119717.83 um | Best HPWL=426853.12 um | Accept Rate=100.0% | Improvements: 1910/8000 (23.9%) | Refine: 25431879/25432894 (100.0%) | Explore: 10894967/10895106 (100.0%)
T=445558.54 | W=100.4um | Current HPWL=2114953.52 um | Best HPWL=426853.12 um | Accept Rate=100.0% | Improvements: 1845/8000 (23.1%) | Refine: 25543835/25544870 (100.0%) | Explore: 10942988/10943130 (100.0%)
T=436731.52 | W=100.4um | Current HPWL=2111030.85 um | Best HPWL=426853.12 um | Accept Rate=100.0% | Improvements: 1844/8000 (23.1%) | Refine: 25656067/25657118 (100.0%) | Explore: 10990737/10990882 (100.0%)
T=428079.37 | W=100.4um | Current HPWL=2125236.28 um | Best HPWL=426853.12 um | Accept Rate=100.0% | Improvements: 1835/8000 (22.9%) | Refine: 25768404/25769481 (100.0%) | Explore: 11038372/11038519 (100.0%)
T=419598.63 | W=100.4um | Current HPWL=2143728.52 um | Best HPWL=426853.12 um | Accept Rate=100.0% | Improvements: 1876/8000 (23.4%) | Refine: 25880157/25881249 (100.0%) | Explore: 11086603/11086751 (100.0%)
