
============================================================
Simulated Annealing Optimization
============================================================
Initial HPWL: 426853.12 um
Initial Temperature: 42685312.00
Cooling Rate (alpha): 0.975
Moves per Temperature: 2500
Final Temperature: 0.0007
Initial Window Size: 501.80 um
Window Cooling Rate (beta): 0.98
Move Probabilities: Refine=70.0%, Explore=30.0%
============================================================

T=42685312.00 | W=501.8um | Current HPWL=881228.63 um | Best HPWL=426853.12 um | Accept Rate=100.0% | Improvements: 217/2500 (8.7%) | Refine: 1776/1776 (100.0%) | Explore: 724/724 (100.0%)
T=25725911.67 | W=335.0um | Current HPWL=1730533.89 um | Best HPWL=426853.12 um | Accept Rate=100.0% | Improvements: 542/2500 (21.7%) | Refine: 36881/36881 (100.0%) | Explore: 15619/15619 (100.0%)
T=15504690.03 | W=223.7um | Current HPWL=1808671.02 um | Best HPWL=426853.12 um | Accept Rate=100.0% | Improvements: 590/2500 (23.6%) | Refine: 71683/71683 (100.0%) | Explore: 30816/30817 (100.0%)
T=9344485.66 | W=149.3um | Current HPWL=1870553.57 um | Best HPWL=426853.12 um | Accept Rate=100.0% | Improvements: 533/2500 (21.3%) | Refine: 106780/106780 (100.0%) | Explore: 45719/45720 (100.0%)
T=5631806.39 | W=100.4um | Current HPWL=1906334.94 um | Best HPWL=426853.12 um | Accept Rate=100.0% | Improvements: 584/2500 (23.4%) | Refine: 141783/141784 (100.0%) | Explore: 60715/60716 (100.0%)
T=3394220.33 | W=100.4um | Current HPWL=1889802.48 um | Best HPWL=426853.12 um | Accept Rate=100.0% | Improvements: 600/2500 (24.0%) | Refine: 176704/176707 (100.0%) | Explore: 75791/75793 (100.0%)
T=2045654.78 | W=100.4um | Current HPWL=1896222.26 um | Best HPWL=426853.12 um | Accept Rate=100.0% | Improvements: 602/2500 (24.1%) | Refine: 211439/211442 (100.0%) | Explore: 91055/91058 (100.0%)
T=1232890.93 | W=100.4um | Current HPWL=1932132.02 um | Best HPWL=426853.12 um | Accept Rate=100.0% | Improvements: 574/2500 (23.0%) | Refine: 246497/246501 (100.0%) | Explore: 105996/105999 (100.0%)
T=743048.18 | W=100.4um | Current HPWL=1938196.09 um | Best HPWL=426853.12 um | Accept Rate=100.0% | Improvements: 592/2500 (23.7%) | Refine: 281506/281511 (100.0%) | Explore: 120986/120989 (100.0%)
T=447825.98 | W=100.4um | Current HPWL=1960970.99 um | Best HPWL=426853.12 um | Accept Rate=100.0% | Improvements: 588/2500 (23.5%) | Refine: 316420/316432 (100.0%) | Explore: 136065/136068 (100.0%)
T=269899.20 | W=100.4um | Current HPWL=1971809.89 um | Best HPWL=426853.12 um | Accept Rate=100.0% | Improvements: 569/2500 (22.8%) | Refine: 351478/351499 (100.0%) | Explore: 150997/151001 (100.0%)
T=162664.92 | W=100.4um | Current HPWL=1976940.58 um | Best HPWL=426853.12 um | Accept Rate=99.9% | Improvements: 563/2500 (22.5%) | Refine: 386483/386516 (100.0%) | Explore: 165979/165984 (100.0%)
T=98036.15 | W=100.4um | Current HPWL=1980017.02 um | Best HPWL=426853.12 um | Accept Rate=99.9% | Improvements: 585/2500 (23.4%) | Refine: 421425/421481 (100.0%) | Explore: 181013/181019 (100.0%)
T=59085.18 | W=100.4um | Current HPWL=1996893.51 um | Best HPWL=426853.12 um | Accept Rate=99.9% | Improvements: 581/2500 (23.2%) | Refine: 456543/456643 (100.0%) | Explore: 195846/195857 (100.0%)
T=35609.91 | W=100.4um | Current HPWL=1982252.74 um | Best HPWL=426853.12 um | Accept Rate=99.8% | Improvements: 586/2500 (23.4%) | Refine: 491515/491663 (100.0%) | Explore: 210816/210837 (100.0%)
T=21461.65 | W=100.4um | Current HPWL=1958235.28 um | Best HPWL=426853.12 um | Accept Rate=99.7% | Improvements: 574/2500 (23.0%) | Refine: 526442/526689 (100.0%) | Explore: 225780/225811 (100.0%)
T=12934.67 | W=100.4um | Current HPWL=1985738.21 um | Best HPWL=426853.12 um | Accept Rate=99.4% | Improvements: 592/2500 (23.7%) | Refine: 561146/561559 (99.9%) | Explore: 240890/240941 (100.0%)
T=7795.57 | W=100.4um | Current HPWL=1987390.76 um | Best HPWL=426853.12 um | Accept Rate=99.1% | Improvements: 575/2500 (23.0%) | Refine: 595901/596624 (99.9%) | Explore: 255789/255876 (100.0%)
T=4698.29 | W=100.4um | Current HPWL=1988203.87 um | Best HPWL=426853.12 um | Accept Rate=98.7% | Improvements: 589/2500 (23.6%) | Refine: 630443/631579 (99.8%) | Explore: 270774/270921 (99.9%)
T=2831.60 | W=100.4um | Current HPWL=1964553.40 um | Best HPWL=426853.12 um | Accept Rate=97.8% | Improvements: 568/2500 (22.7%) | Refine: 664681/666541 (99.7%) | Explore: 285704/285959 (99.9%)
T=1706.57 | W=100.4um | Current HPWL=1934343.24 um | Best HPWL=426853.12 um | Accept Rate=96.4% | Improvements: 577/2500 (23.1%) | Refine: 698606/701697 (99.6%) | Explore: 300388/300803 (99.9%)
T=1028.53 | W=100.4um | Current HPWL=1835754.42 um | Best HPWL=426853.12 um | Accept Rate=94.1% | Improvements: 505/2500 (20.2%) | Refine: 731574/736809 (99.3%) | Explore: 314998/315691 (99.8%)
T=619.88 | W=100.4um | Current HPWL=1720641.55 um | Best HPWL=426853.12 um | Accept Rate=91.0% | Improvements: 464/2500 (18.6%) | Refine: 763293/771751 (98.9%) | Explore: 329627/330749 (99.7%)
T=373.60 | W=100.4um | Current HPWL=1576162.61 um | Best HPWL=426853.12 um | Accept Rate=85.1% | Improvements: 421/2500 (16.8%) | Refine: 793497/806781 (98.4%) | Explore: 343886/345719 (99.5%)
T=225.16 | W=100.4um | Current HPWL=1388407.72 um | Best HPWL=426853.12 um | Accept Rate=83.1% | Improvements: 388/2500 (15.5%) | Refine: 821969/841816 (97.6%) | Explore: 357756/360684 (99.2%)
T=135.70 | W=100.4um | Current HPWL=1229357.44 um | Best HPWL=426853.12 um | Accept Rate=79.4% | Improvements: 331/2500 (13.2%) | Refine: 849100/876795 (96.8%) | Explore: 371052/375705 (98.8%)
T=81.79 | W=100.4um | Current HPWL=1073562.15 um | Best HPWL=426853.12 um | Accept Rate=76.6% | Improvements: 292/2500 (11.7%) | Refine: 875412/911761 (96.0%) | Explore: 383469/390739 (98.1%)
T=49.29 | W=100.4um | Current HPWL=926739.95 um | Best HPWL=426853.12 um | Accept Rate=73.2% | Improvements: 304/2500 (12.2%) | Refine: 901131/946771 (95.2%) | Explore: 394847/405729 (97.3%)
T=29.71 | W=100.4um | Current HPWL=801748.16 um | Best HPWL=426853.12 um | Accept Rate=69.9% | Improvements: 257/2500 (10.3%) | Refine: 926559/981902 (94.4%) | Explore: 404807/420598 (96.2%)
T=17.90 | W=100.4um | Current HPWL=684831.01 um | Best HPWL=426853.12 um | Accept Rate=64.2% | Improvements: 206/2500 (8.2%) | Refine: 951802/1016915 (93.6%) | Explore: 413470/435585 (94.9%)
T=10.79 | W=100.4um | Current HPWL=594326.63 um | Best HPWL=426853.12 um | Accept Rate=62.8% | Improvements: 162/2500 (6.5%) | Refine: 976628/1051802 (92.9%) | Explore: 420762/450698 (93.4%)
T=6.50 | W=100.4um | Current HPWL=526585.12 um | Best HPWL=426853.12 um | Accept Rate=62.4% | Improvements: 138/2500 (5.5%) | Refine: 1001436/1086559 (92.2%) | Explore: 426691/465941 (91.6%)
T=3.92 | W=100.4um | Current HPWL=474649.68 um | Best HPWL=426853.12 um | Accept Rate=59.7% | Improvements: 104/2500 (4.2%) | Refine: 1026410/1121576 (91.5%) | Explore: 431781/480924 (89.8%)
T=2.36 | W=100.4um | Current HPWL=434271.96 um | Best HPWL=426853.12 um | Accept Rate=58.6% | Improvements: 89/2500 (3.6%) | Refine: 1051268/1156489 (90.9%) | Explore: 436224/496011 (87.9%)
  → Found improvement! New best HPWL: 406142.30 um (improvement: -8.58 um)
  → Found improvement! New best HPWL: 406138.54 um (improvement: -3.76 um)
  → Found improvement! New best HPWL: 406121.98 um (improvement: -16.56 um)
  → Found improvement! New best HPWL: 406111.10 um (improvement: -10.88 um)
  → Found improvement! New best HPWL: 406073.02 um (improvement: -38.08 um)
  → Found improvement! New best HPWL: 406067.58 um (improvement: -5.44 um)
  → Found improvement! New best HPWL: 406067.58 um (improvement: 0.00 um)
  → Found improvement! New best HPWL: 406060.80 um (improvement: -6.78 um)
  → Found improvement! New best HPWL: 406057.68 um (improvement: -3.12 um)
  → Found improvement! New best HPWL: 406054.96 um (improvement: -2.72 um)
  → Found improvement! New best HPWL: 406035.52 um (improvement: -19.44 um)
  → Found improvement! New best HPWL: 405987.40 um (improvement: -48.12 um)
  → Found improvement! New best HPWL: 405933.66 um (improvement: -53.74 um)
  → Found improvement! New best HPWL: 405925.76 um (improvement: -7.90 um)
  → Found improvement! New best HPWL: 405917.60 um (improvement: -8.16 um)
  → Found improvement! New best HPWL: 405917.60 um (improvement: 0.00 um)
  → Found improvement! New best HPWL: 405884.04 um (improvement: -33.56 um)
  → Found improvement! New best HPWL: 405833.02 um (improvement: -51.02 um)
  → Found improvement! New best HPWL: 405805.42 um (improvement: -27.60 um)
  → Found improvement! New best HPWL: 405792.66 um (improvement: -12.76 um)
  → Found improvement! New best HPWL: 405785.76 um (improvement: -6.90 um)
  → Found improvement! New best HPWL: 405741.14 um (improvement: -44.62 um)
  → Found improvement! New best HPWL: 405740.74 um (improvement: -0.40 um)
  → Found improvement! New best HPWL: 405721.72 um (improvement: -19.02 um)
  → Found improvement! New best HPWL: 405704.04 um (improvement: -17.68 um)
  → Found improvement! New best HPWL: 405704.04 um (improvement: 0.00 um)
  → Found improvement! New best HPWL: 405693.16 um (improvement: -10.88 um)
  → Found improvement! New best HPWL: 405682.28 um (improvement: -10.88 um)
  → Found improvement! New best HPWL: 405653.76 um (improvement: -28.52 um)
  → Found improvement! New best HPWL: 405630.68 um (improvement: -23.08 um)
  → Found improvement! New best HPWL: 405610.72 um (improvement: -19.96 um)
  → Found improvement! New best HPWL: 405593.16 um (improvement: -17.56 um)
  → Found improvement! New best HPWL: 405591.32 um (improvement: -1.84 um)
  → Found improvement! New best HPWL: 405583.16 um (improvement: -8.16 um)
  → Found improvement! New best HPWL: 405576.58 um (improvement: -6.58 um)
  → Found improvement! New best HPWL: 405557.38 um (improvement: -19.20 um)
  → Found improvement! New best HPWL: 405546.10 um (improvement: -11.28 um)
  → Found improvement! New best HPWL: 405514.80 um (improvement: -31.30 um)
  → Found improvement! New best HPWL: 405495.14 um (improvement: -19.66 um)
  → Found improvement! New best HPWL: 405444.96 um (improvement: -50.18 um)
  → Found improvement! New best HPWL: 405440.00 um (improvement: -4.96 um)
  → Found improvement! New best HPWL: 405374.46 um (improvement: -65.54 um)
  → Found improvement! New best HPWL: 405372.62 um (improvement: -1.84 um)
  → Found improvement! New best HPWL: 405367.10 um (improvement: -5.52 um)
  → Found improvement! New best HPWL: 405357.06 um (improvement: -10.04 um)
  → Found improvement! New best HPWL: 405333.00 um (improvement: -24.06 um)
  → Found improvement! New best HPWL: 405309.70 um (improvement: -23.30 um)
  → Found improvement! New best HPWL: 405302.80 um (improvement: -6.90 um)
  → Found improvement! New best HPWL: 405292.88 um (improvement: -9.92 um)
  → Found improvement! New best HPWL: 405269.46 um (improvement: -23.42 um)
  → Found improvement! New best HPWL: 405255.44 um (improvement: -14.02 um)
  → Found improvement! New best HPWL: 405209.30 um (improvement: -46.14 um)
  → Found improvement! New best HPWL: 405202.40 um (improvement: -6.90 um)
  → Found improvement! New best HPWL: 405202.40 um (improvement: 0.00 um)
  → Found improvement! New best HPWL: 405128.18 um (improvement: -74.22 um)
  → Found improvement! New best HPWL: 405127.76 um (improvement: -0.42 um)
  → Found improvement! New best HPWL: 405122.32 um (improvement: -5.44 um)
  → Found improvement! New best HPWL: 405117.72 um (improvement: -4.60 um)
  → Found improvement! New best HPWL: 405108.00 um (improvement: -10.88 um)
  → Found improvement! New best HPWL: 405101.80 um (improvement: -6.20 um)
  → Found improvement! New best HPWL: 405048.46 um (improvement: -59.18 um)
  → Found improvement! New best HPWL: 404989.06 um (improvement: -59.40 um)
  → Found improvement! New best HPWL: 404980.80 um (improvement: -8.26 um)
  → Found improvement! New best HPWL: 404957.66 um (improvement: -23.14 um)
  → Found improvement! New best HPWL: 404935.82 um (improvement: -22.60 um)
  → Found improvement! New best HPWL: 404935.82 um (improvement: 0.00 um)
  → Found improvement! New best HPWL: 404935.00 um (improvement: -0.82 um)
  → Found improvement! New best HPWL: 404858.24 um (improvement: -76.76 um)
  → Found improvement! New best HPWL: 404837.94 um (improvement: -20.30 um)
  → Found improvement! New best HPWL: 404833.34 um (improvement: -4.60 um)
  → Found improvement! New best HPWL: 404828.44 um (improvement: -4.90 um)
  → Found improvement! New best HPWL: 404821.16 um (improvement: -7.28 um)
  → Found improvement! New best HPWL: 404753.12 um (improvement: -68.04 um)
  → Found improvement! New best HPWL: 404752.62 um (improvement: -1.46 um)
T=1.42 | W=100.4um | Current HPWL=404752.62 um | Best HPWL=404752.62 um | Accept Rate=56.8% | Improvements: 71/2500 (2.8%) | Refine: 1076248/1191414 (90.3%) | Explore: 440147/511086 (86.1%)
  → Found improvement! New best HPWL: 381474.36 um (improvement: -3.14 um)
  → Found improvement! New best HPWL: 381437.74 um (improvement: -36.62 um)
  → Found improvement! New best HPWL: 381368.30 um (improvement: -69.44 um)
  → Found improvement! New best HPWL: 381356.80 um (improvement: -11.50 um)
  → Found improvement! New best HPWL: 381354.00 um (improvement: -2.80 um)
  → Found improvement! New best HPWL: 381353.08 um (improvement: -0.92 um)
  → Found improvement! New best HPWL: 381320.44 um (improvement: -32.64 um)
  → Found improvement! New best HPWL: 381299.74 um (improvement: -20.70 um)
  → Found improvement! New best HPWL: 381288.86 um (improvement: -10.88 um)
  → Found improvement! New best HPWL: 381283.42 um (improvement: -5.44 um)
  → Found improvement! New best HPWL: 381273.80 um (improvement: -9.62 um)
  → Found improvement! New best HPWL: 381268.44 um (improvement: -6.28 um)
  → Found improvement! New best HPWL: 381214.42 um (improvement: -54.02 um)
  → Found improvement! New best HPWL: 381213.08 um (improvement: -1.34 um)
  → Found improvement! New best HPWL: 381208.60 um (improvement: -4.48 um)
  → Found improvement! New best HPWL: 381206.30 um (improvement: -2.30 um)
  → Found improvement! New best HPWL: 381198.98 um (improvement: -7.32 um)
  → Found improvement! New best HPWL: 381177.22 um (improvement: -21.76 um)
  → Found improvement! New best HPWL: 381168.44 um (improvement: -8.78 um)
  → Found improvement! New best HPWL: 381161.46 um (improvement: -11.52 um)
  → Found improvement! New best HPWL: 381139.90 um (improvement: -21.56 um)
  → Found improvement! New best HPWL: 381110.46 um (improvement: -29.44 um)
  → Found improvement! New best HPWL: 381085.78 um (improvement: -24.68 um)
  → Found improvement! New best HPWL: 381076.58 um (improvement: -9.20 um)
  → Found improvement! New best HPWL: 381064.00 um (improvement: -12.58 um)
  → Found improvement! New best HPWL: 381061.82 um (improvement: -2.18 um)
  → Found improvement! New best HPWL: 381040.06 um (improvement: -21.76 um)
  → Found improvement! New best HPWL: 381038.60 um (improvement: -1.46 um)
  → Found improvement! New best HPWL: 381037.76 um (improvement: -0.84 um)
  → Found improvement! New best HPWL: 380999.28 um (improvement: -38.48 um)
  → Found improvement! New best HPWL: 380975.34 um (improvement: -23.94 um)
  → Found improvement! New best HPWL: 380964.64 um (improvement: -10.70 um)
  → Found improvement! New best HPWL: 380881.84 um (improvement: -82.80 um)
  → Found improvement! New best HPWL: 380877.24 um (improvement: -4.60 um)
  → Found improvement! New best HPWL: 380870.74 um (improvement: -6.50 um)
  → Found improvement! New best HPWL: 380865.30 um (improvement: -5.44 um)
  → Found improvement! New best HPWL: 380854.42 um (improvement: -10.88 um)
  → Found improvement! New best HPWL: 380820.96 um (improvement: -33.46 um)
  → Found improvement! New best HPWL: 380739.60 um (improvement: -81.36 um)
  → Found improvement! New best HPWL: 380734.16 um (improvement: -5.44 um)
  → Found improvement! New best HPWL: 380728.72 um (improvement: -5.44 um)
  → Found improvement! New best HPWL: 380725.46 um (improvement: -3.68 um)
  → Found improvement! New best HPWL: 380706.46 um (improvement: -19.00 um)
  → Found improvement! New best HPWL: 380682.44 um (improvement: -24.02 um)
  → Found improvement! New best HPWL: 380679.30 um (improvement: -3.14 um)
  → Found improvement! New best HPWL: 380623.26 um (improvement: -56.04 um)
  → Found improvement! New best HPWL: 380621.42 um (improvement: -1.84 um)
  → Found improvement! New best HPWL: 380605.10 um (improvement: -16.32 um)
  → Found improvement! New best HPWL: 380595.72 um (improvement: -9.38 um)
  → Found improvement! New best HPWL: 380588.00 um (improvement: -7.72 um)
  → Found improvement! New best HPWL: 380576.50 um (improvement: -11.50 um)
  → Found improvement! New best HPWL: 380575.04 um (improvement: -1.46 um)
  → Found improvement! New best HPWL: 380571.46 um (improvement: -3.58 um)
  → Found improvement! New best HPWL: 380568.70 um (improvement: -2.76 um)
  → Found improvement! New best HPWL: 380564.10 um (improvement: -4.60 um)
  → Found improvement! New best HPWL: 380525.44 um (improvement: -38.66 um)
  → Found improvement! New best HPWL: 380511.64 um (improvement: -13.80 um)
T=0.86 | W=100.4um | Current HPWL=380511.64 um | Best HPWL=380511.64 um | Accept Rate=57.9% | Improvements: 58/2500 (2.3%) | Refine: 1101231/1226331 (89.8%) | Explore: 443757/526169 (84.3%)
  → Found improvement! New best HPWL: 362203.30 um (improvement: -3.44 um)
  → Found improvement! New best HPWL: 362182.58 um (improvement: -20.72 um)
  → Found improvement! New best HPWL: 362179.44 um (improvement: -3.14 um)
  → Found improvement! New best HPWL: 362174.84 um (improvement: -4.60 um)
  → Found improvement! New best HPWL: 362170.24 um (improvement: -4.60 um)
  → Found improvement! New best HPWL: 362133.84 um (improvement: -36.40 um)
  → Found improvement! New best HPWL: 362124.10 um (improvement: -9.74 um)
  → Found improvement! New best HPWL: 362118.66 um (improvement: -5.44 um)
  → Found improvement! New best HPWL: 362110.50 um (improvement: -8.16 um)
  → Found improvement! New best HPWL: 362089.18 um (improvement: -21.32 um)
  → Found improvement! New best HPWL: 362083.74 um (improvement: -5.44 um)
  → Found improvement! New best HPWL: 362083.74 um (improvement: 0.00 um)
  → Found improvement! New best HPWL: 362056.20 um (improvement: -27.54 um)
  → Found improvement! New best HPWL: 362012.68 um (improvement: -43.52 um)
  → Found improvement! New best HPWL: 361982.74 um (improvement: -29.94 um)
  → Found improvement! New best HPWL: 361982.74 um (improvement: 0.00 um)
  → Found improvement! New best HPWL: 361978.14 um (improvement: -4.60 um)
  → Found improvement! New best HPWL: 361951.54 um (improvement: -26.60 um)
  → Found improvement! New best HPWL: 361949.24 um (improvement: -2.30 um)
  → Found improvement! New best HPWL: 361949.24 um (improvement: -0.00 um)
  → Found improvement! New best HPWL: 361918.96 um (improvement: -30.28 um)
  → Found improvement! New best HPWL: 361911.84 um (improvement: -7.12 um)
  → Found improvement! New best HPWL: 361909.96 um (improvement: -1.88 um)
  → Found improvement! New best HPWL: 361902.22 um (improvement: -7.74 um)
  → Found improvement! New best HPWL: 361888.42 um (improvement: -13.80 um)
  → Found improvement! New best HPWL: 361888.42 um (improvement: -0.00 um)
  → Found improvement! New best HPWL: 361886.12 um (improvement: -2.30 um)
  → Found improvement! New best HPWL: 361884.04 um (improvement: -2.08 um)
  → Found improvement! New best HPWL: 361883.88 um (improvement: -0.16 um)
  → Found improvement! New best HPWL: 361856.68 um (improvement: -27.20 um)
  → Found improvement! New best HPWL: 361856.68 um (improvement: 0.00 um)
  → Found improvement! New best HPWL: 361845.80 um (improvement: -10.88 um)
  → Found improvement! New best HPWL: 361831.12 um (improvement: -14.68 um)
  → Found improvement! New best HPWL: 361820.24 um (improvement: -10.88 um)
  → Found improvement! New best HPWL: 361787.60 um (improvement: -32.64 um)
  → Found improvement! New best HPWL: 361754.16 um (improvement: -33.44 um)
  → Found improvement! New best HPWL: 361714.62 um (improvement: -39.54 um)
  → Found improvement! New best HPWL: 361681.98 um (improvement: -32.64 um)
  → Found improvement! New best HPWL: 361671.10 um (improvement: -10.88 um)
  → Found improvement! New best HPWL: 361665.66 um (improvement: -5.44 um)
  → Found improvement! New best HPWL: 361664.44 um (improvement: -1.22 um)
  → Found improvement! New best HPWL: 361640.84 um (improvement: -23.60 um)
  → Found improvement! New best HPWL: 361640.84 um (improvement: 0.00 um)
  → Found improvement! New best HPWL: 361627.30 um (improvement: -13.54 um)
  → Found improvement! New best HPWL: 361613.70 um (improvement: -13.60 um)
  → Found improvement! New best HPWL: 361605.54 um (improvement: -8.16 um)
  → Found improvement! New best HPWL: 361605.54 um (improvement: 0.00 um)
  → Found improvement! New best HPWL: 361591.48 um (improvement: -14.06 um)
  → Found improvement! New best HPWL: 361586.04 um (improvement: -5.44 um)
  → Found improvement! New best HPWL: 361565.12 um (improvement: -20.92 um)
  → Found improvement! New best HPWL: 361564.66 um (improvement: -0.46 um)
  → Found improvement! New best HPWL: 361559.22 um (improvement: -5.44 um)
  → Found improvement! New best HPWL: 361540.60 um (improvement: -18.62 um)
T=0.52 | W=100.4um | Current HPWL=361540.60 um | Best HPWL=361540.60 um | Accept Rate=57.5% | Improvements: 51/2500 (2.0%) | Refine: 1126271/1261464 (89.3%) | Explore: 447096/541036 (82.6%)
  → Found improvement! New best HPWL: 346033.70 um (improvement: -1.46 um)
  → Found improvement! New best HPWL: 346033.28 um (improvement: -0.42 um)
  → Found improvement! New best HPWL: 346030.02 um (improvement: -3.26 um)
  → Found improvement! New best HPWL: 346021.02 um (improvement: -9.00 um)
  → Found improvement! New best HPWL: 345985.10 um (improvement: -35.92 um)
  → Found improvement! New best HPWL: 345983.22 um (improvement: -1.88 um)
  → Found improvement! New best HPWL: 345963.34 um (improvement: -19.88 um)
  → Found improvement! New best HPWL: 345952.24 um (improvement: -11.10 um)
  → Found improvement! New best HPWL: 345941.36 um (improvement: -10.88 um)
  → Found improvement! New best HPWL: 345939.06 um (improvement: -2.30 um)
  → Found improvement! New best HPWL: 345937.60 um (improvement: -1.46 um)
  → Found improvement! New best HPWL: 345935.30 um (improvement: -2.30 um)
  → Found improvement! New best HPWL: 345890.98 um (improvement: -44.32 um)
  → Found improvement! New best HPWL: 345884.70 um (improvement: -6.28 um)
  → Found improvement! New best HPWL: 345862.94 um (improvement: -21.76 um)
  → Found improvement! New best HPWL: 345854.16 um (improvement: -8.78 um)
  → Found improvement! New best HPWL: 345851.28 um (improvement: -2.88 um)
  → Found improvement! New best HPWL: 345825.98 um (improvement: -25.30 um)
  → Found improvement! New best HPWL: 345825.02 um (improvement: -0.96 um)
  → Found improvement! New best HPWL: 345816.86 um (improvement: -8.16 um)
  → Found improvement! New best HPWL: 345785.28 um (improvement: -31.58 um)
  → Found improvement! New best HPWL: 345779.84 um (improvement: -5.44 um)
  → Found improvement! New best HPWL: 345779.84 um (improvement: 0.00 um)
  → Found improvement! New best HPWL: 345776.54 um (improvement: -3.30 um)
  → Found improvement! New best HPWL: 345771.30 um (improvement: -5.24 um)
  → Found improvement! New best HPWL: 345760.84 um (improvement: -10.46 um)
  → Found improvement! New best HPWL: 345760.84 um (improvement: 0.00 um)
  → Found improvement! New best HPWL: 345755.40 um (improvement: -5.44 um)
  → Found improvement! New best HPWL: 345735.94 um (improvement: -19.46 um)
  → Found improvement! New best HPWL: 345731.34 um (improvement: -4.60 um)
  → Found improvement! New best HPWL: 345690.54 um (improvement: -40.80 um)
  → Found improvement! New best HPWL: 345688.64 um (improvement: -1.90 um)
  → Found improvement! New best HPWL: 345676.08 um (improvement: -12.56 um)
  → Found improvement! New best HPWL: 345673.36 um (improvement: -2.72 um)
  → Found improvement! New best HPWL: 345673.36 um (improvement: 0.00 um)
  → Found improvement! New best HPWL: 345667.00 um (improvement: -6.36 um)
  → Found improvement! New best HPWL: 345657.64 um (improvement: -9.36 um)
  → Found improvement! New best HPWL: 345653.04 um (improvement: -4.60 um)
  → Found improvement! New best HPWL: 345644.88 um (improvement: -8.16 um)
  → Found improvement! New best HPWL: 345622.28 um (improvement: -22.60 um)
  → Found improvement! New best HPWL: 345619.98 um (improvement: -2.30 um)
  → Found improvement! New best HPWL: 345616.64 um (improvement: -3.34 um)
  → Found improvement! New best HPWL: 345611.82 um (improvement: -4.82 um)
  → Found improvement! New best HPWL: 345609.10 um (improvement: -2.72 um)
  → Found improvement! New best HPWL: 345587.34 um (improvement: -21.76 um)
  → Found improvement! New best HPWL: 345581.90 um (improvement: -5.44 um)
  → Found improvement! New best HPWL: 345581.90 um (improvement: 0.00 um)
  → Found improvement! New best HPWL: 345561.20 um (improvement: -20.70 um)
  → Found improvement! New best HPWL: 345551.56 um (improvement: -9.64 um)
  → Found improvement! New best HPWL: 345529.80 um (improvement: -21.76 um)
  → Found improvement! New best HPWL: 345529.80 um (improvement: 0.00 um)
  → Found improvement! New best HPWL: 345521.18 um (improvement: -8.62 um)
  → Found improvement! New best HPWL: 345502.14 um (improvement: -19.04 um)
  → Found improvement! New best HPWL: 345502.14 um (improvement: 0.00 um)
  → Found improvement! New best HPWL: 345499.42 um (improvement: -2.72 um)
  → Found improvement! New best HPWL: 345494.82 um (improvement: -4.60 um)
  → Found improvement! New best HPWL: 345471.82 um (improvement: -23.00 um)
T=0.31 | W=100.4um | Current HPWL=345471.82 um | Best HPWL=345471.82 um | Accept Rate=56.1% | Improvements: 52/2500 (2.1%) | Refine: 1151207/1296353 (88.8%) | Explore: 450336/556147 (81.0%)
  → Found improvement! New best HPWL: 332616.80 um (improvement: -27.20 um)
  → Found improvement! New best HPWL: 332616.80 um (improvement: 0.00 um)
  → Found improvement! New best HPWL: 332556.42 um (improvement: -60.38 um)
  → Found improvement! New best HPWL: 332551.86 um (improvement: -4.56 um)
  → Found improvement! New best HPWL: 332543.70 um (improvement: -8.16 um)
  → Found improvement! New best HPWL: 332535.00 um (improvement: -8.70 um)
  → Found improvement! New best HPWL: 332528.10 um (improvement: -6.90 um)
  → Found improvement! New best HPWL: 332517.22 um (improvement: -10.88 um)
  → Found improvement! New best HPWL: 332504.88 um (improvement: -12.34 um)
  → Found improvement! New best HPWL: 332504.88 um (improvement: 0.00 um)
  → Found improvement! New best HPWL: 332488.56 um (improvement: -16.32 um)
  → Found improvement! New best HPWL: 332474.76 um (improvement: -13.80 um)
  → Found improvement! New best HPWL: 332455.92 um (improvement: -18.84 um)
  → Found improvement! New best HPWL: 332445.04 um (improvement: -10.88 um)
  → Found improvement! New best HPWL: 332406.14 um (improvement: -38.90 um)
  → Found improvement! New best HPWL: 332400.18 um (improvement: -5.96 um)
  → Found improvement! New best HPWL: 332379.26 um (improvement: -20.92 um)
  → Found improvement! New best HPWL: 332376.96 um (improvement: -2.30 um)
  → Found improvement! New best HPWL: 332374.66 um (improvement: -2.30 um)
  → Found improvement! New best HPWL: 332360.04 um (improvement: -14.62 um)
  → Found improvement! New best HPWL: 332349.16 um (improvement: -10.88 um)
  → Found improvement! New best HPWL: 332348.02 um (improvement: -1.14 um)
  → Found improvement! New best HPWL: 332335.06 um (improvement: -12.96 um)
  → Found improvement! New best HPWL: 332314.36 um (improvement: -20.70 um)
  → Found improvement! New best HPWL: 332308.92 um (improvement: -5.44 um)
  → Found improvement! New best HPWL: 332286.32 um (improvement: -22.60 um)
  → Found improvement! New best HPWL: 332253.16 um (improvement: -33.16 um)
  → Found improvement! New best HPWL: 332212.36 um (improvement: -40.80 um)
  → Found improvement! New best HPWL: 332179.30 um (improvement: -33.06 um)
  → Found improvement! New best HPWL: 332168.42 um (improvement: -10.88 um)
  → Found improvement! New best HPWL: 332160.98 um (improvement: -7.44 um)
  → Found improvement! New best HPWL: 332158.68 um (improvement: -2.30 um)
  → Found improvement! New best HPWL: 332142.54 um (improvement: -16.14 um)
  → Found improvement! New best HPWL: 332131.66 um (improvement: -10.88 um)
  → Found improvement! New best HPWL: 332128.12 um (improvement: -3.54 um)
  → Found improvement! New best HPWL: 332117.24 um (improvement: -10.88 um)
  → Found improvement! New best HPWL: 332109.28 um (improvement: -7.96 um)
  → Found improvement! New best HPWL: 332109.28 um (improvement: 0.00 um)
  → Found improvement! New best HPWL: 332109.28 um (improvement: 0.00 um)
T=0.19 | W=100.4um | Current HPWL=332109.28 um | Best HPWL=332109.28 um | Accept Rate=54.8% | Improvements: 40/2500 (1.6%) | Refine: 1175888/1331267 (88.3%) | Explore: 453421/571233 (79.4%)
  → Found improvement! New best HPWL: 321644.66 um (improvement: 0.00 um)
  → Found improvement! New best HPWL: 321640.06 um (improvement: -4.60 um)
  → Found improvement! New best HPWL: 321631.94 um (improvement: -8.12 um)
  → Found improvement! New best HPWL: 321626.80 um (improvement: -5.14 um)
  → Found improvement! New best HPWL: 321603.80 um (improvement: -23.00 um)
  → Found improvement! New best HPWL: 321588.84 um (improvement: -14.96 um)
  → Found improvement! New best HPWL: 321588.84 um (improvement: 0.00 um)
  → Found improvement! New best HPWL: 321575.04 um (improvement: -13.80 um)
  → Found improvement! New best HPWL: 321558.94 um (improvement: -16.10 um)
  → Found improvement! New best HPWL: 321554.34 um (improvement: -4.60 um)
  → Found improvement! New best HPWL: 321548.98 um (improvement: -5.36 um)
  → Found improvement! New best HPWL: 321541.42 um (improvement: -7.56 um)
  → Found improvement! New best HPWL: 321514.02 um (improvement: -27.40 um)
  → Found improvement! New best HPWL: 321454.22 um (improvement: -59.80 um)
  → Found improvement! New best HPWL: 321444.18 um (improvement: -10.04 um)
  → Found improvement! New best HPWL: 321441.88 um (improvement: -2.30 um)
  → Found improvement! New best HPWL: 321436.44 um (improvement: -5.44 um)
  → Found improvement! New best HPWL: 321433.52 um (improvement: -2.92 um)
  → Found improvement! New best HPWL: 321422.64 um (improvement: -10.88 um)
  → Found improvement! New best HPWL: 321417.20 um (improvement: -5.44 um)
  → Found improvement! New best HPWL: 321410.30 um (improvement: -6.90 um)
  → Found improvement! New best HPWL: 321404.64 um (improvement: -5.66 um)
  → Found improvement! New best HPWL: 321383.72 um (improvement: -20.92 um)
  → Found improvement! New best HPWL: 321383.38 um (improvement: -0.34 um)
  → Found improvement! New best HPWL: 321367.06 um (improvement: -16.32 um)
  → Found improvement! New best HPWL: 321360.16 um (improvement: -6.90 um)
  → Found improvement! New best HPWL: 321357.86 um (improvement: -2.30 um)
  → Found improvement! New best HPWL: 321346.86 um (improvement: -11.00 um)
  → Found improvement! New best HPWL: 321300.86 um (improvement: -46.00 um)
  → Found improvement! New best HPWL: 321287.26 um (improvement: -13.60 um)
  → Found improvement! New best HPWL: 321268.10 um (improvement: -19.16 um)
  → Found improvement! New best HPWL: 321246.34 um (improvement: -21.76 um)
  → Found improvement! New best HPWL: 321218.30 um (improvement: -28.04 um)
  → Found improvement! New best HPWL: 321204.48 um (improvement: -13.82 um)
  → Found improvement! New best HPWL: 321189.66 um (improvement: -14.82 um)
  → Found improvement! New best HPWL: 321160.80 um (improvement: -28.86 um)
  → Found improvement! New best HPWL: 321158.50 um (improvement: -2.30 um)
T=0.11 | W=100.4um | Current HPWL=321158.50 um | Best HPWL=321158.50 um | Accept Rate=53.2% | Improvements: 36/2500 (1.4%) | Refine: 1200951/1366468 (87.9%) | Explore: 456249/586032 (77.9%)
  → Found improvement! New best HPWL: 311649.90 um (improvement: -10.88 um)
  → Found improvement! New best HPWL: 311610.98 um (improvement: -38.92 um)
  → Found improvement! New best HPWL: 311609.94 um (improvement: -1.04 um)
  → Found improvement! New best HPWL: 311609.94 um (improvement: -0.00 um)
  → Found improvement! New best HPWL: 311600.74 um (improvement: -9.20 um)
  → Found improvement! New best HPWL: 311580.04 um (improvement: -20.70 um)
  → Found improvement! New best HPWL: 311563.72 um (improvement: -16.32 um)
  → Found improvement! New best HPWL: 311562.66 um (improvement: -1.06 um)
  → Found improvement! New best HPWL: 311537.36 um (improvement: -25.30 um)
  → Found improvement! New best HPWL: 311531.92 um (improvement: -5.44 um)
  → Found improvement! New best HPWL: 311531.00 um (improvement: -0.92 um)
  → Found improvement! New best HPWL: 311528.70 um (improvement: -2.30 um)
  → Found improvement! New best HPWL: 311526.40 um (improvement: -2.30 um)
  → Found improvement! New best HPWL: 311513.76 um (improvement: -12.64 um)
  → Found improvement! New best HPWL: 311513.76 um (improvement: 0.00 um)
  → Found improvement! New best HPWL: 311452.28 um (improvement: -61.48 um)
  → Found improvement! New best HPWL: 311401.84 um (improvement: -50.44 um)
  → Found improvement! New best HPWL: 311389.50 um (improvement: -12.34 um)
  → Found improvement! New best HPWL: 311329.66 um (improvement: -59.84 um)
  → Found improvement! New best HPWL: 311304.14 um (improvement: -25.52 um)
  → Found improvement! New best HPWL: 311285.12 um (improvement: -19.02 um)
  → Found improvement! New best HPWL: 311278.84 um (improvement: -6.28 um)
  → Found improvement! New best HPWL: 311247.88 um (improvement: -30.96 um)
  → Found improvement! New best HPWL: 311241.20 um (improvement: -6.68 um)
  → Found improvement! New best HPWL: 311233.04 um (improvement: -8.16 um)
  → Found improvement! New best HPWL: 311225.72 um (improvement: -7.32 um)
  → Found improvement! New best HPWL: 311223.02 um (improvement: -2.70 um)
  → Found improvement! New best HPWL: 311202.32 um (improvement: -20.70 um)
  → Found improvement! New best HPWL: 311164.24 um (improvement: -38.08 um)
  → Found improvement! New best HPWL: 311160.10 um (improvement: -4.14 um)
  → Found improvement! New best HPWL: 311149.64 um (improvement: -10.46 um)
  → Found improvement! New best HPWL: 311149.64 um (improvement: 0.00 um)
  → Found improvement! New best HPWL: 311141.06 um (improvement: -8.58 um)
  → Found improvement! New best HPWL: 311123.82 um (improvement: -17.24 um)
  → Found improvement! New best HPWL: 311110.02 um (improvement: -13.80 um)
  → Found improvement! New best HPWL: 311110.02 um (improvement: 0.00 um)
T=0.07 | W=100.4um | Current HPWL=311110.02 um | Best HPWL=311110.02 um | Accept Rate=56.1% | Improvements: 33/2500 (1.3%) | Refine: 1226075/1401413 (87.5%) | Explore: 458985/601087 (76.4%)
  → Found improvement! New best HPWL: 303283.46 um (improvement: -6.90 um)
  → Found improvement! New best HPWL: 303281.94 um (improvement: -1.52 um)
  → Found improvement! New best HPWL: 303279.00 um (improvement: -2.94 um)
  → Found improvement! New best HPWL: 303265.40 um (improvement: -13.60 um)
  → Found improvement! New best HPWL: 303242.20 um (improvement: -23.20 um)
  → Found improvement! New best HPWL: 303215.00 um (improvement: -27.20 um)
  → Found improvement! New best HPWL: 303211.78 um (improvement: -3.22 um)
  → Found improvement! New best HPWL: 303205.26 um (improvement: -6.52 um)
  → Found improvement! New best HPWL: 303205.26 um (improvement: 0.00 um)
  → Found improvement! New best HPWL: 303197.10 um (improvement: -8.16 um)
  → Found improvement! New best HPWL: 303174.52 um (improvement: -22.58 um)
  → Found improvement! New best HPWL: 303146.38 um (improvement: -28.14 um)
  → Found improvement! New best HPWL: 303141.78 um (improvement: -4.60 um)
  → Found improvement! New best HPWL: 303134.34 um (improvement: -7.44 um)
  → Found improvement! New best HPWL: 303097.62 um (improvement: -36.72 um)
  → Found improvement! New best HPWL: 303096.16 um (improvement: -1.46 um)
  → Found improvement! New best HPWL: 303048.66 um (improvement: -47.50 um)
  → Found improvement! New best HPWL: 303029.50 um (improvement: -19.16 um)
  → Found improvement! New best HPWL: 303024.06 um (improvement: -5.44 um)
  → Found improvement! New best HPWL: 303011.22 um (improvement: -12.84 um)
  → Found improvement! New best HPWL: 303011.22 um (improvement: 0.00 um)
  → Found improvement! New best HPWL: 303004.52 um (improvement: -6.70 um)
  → Found improvement! New best HPWL: 302996.36 um (improvement: -8.16 um)
  → Found improvement! New best HPWL: 302972.52 um (improvement: -23.84 um)
  → Found improvement! New best HPWL: 302944.92 um (improvement: -27.60 um)
  → Found improvement! New best HPWL: 302941.36 um (improvement: -3.56 um)
  → Found improvement! New best HPWL: 302934.86 um (improvement: -6.50 um)
  → Found improvement! New best HPWL: 302928.70 um (improvement: -6.16 um)
  → Found improvement! New best HPWL: 302924.10 um (improvement: -4.60 um)
  → Found improvement! New best HPWL: 302918.66 um (improvement: -5.44 um)
  → Found improvement! New best HPWL: 302917.20 um (improvement: -1.46 um)
  → Found improvement! New best HPWL: 302895.04 um (improvement: -22.16 um)
  → Found improvement! New best HPWL: 302890.44 um (improvement: -4.60 um)
T=0.04 | W=100.4um | Current HPWL=302890.44 um | Best HPWL=302890.44 um | Accept Rate=55.2% | Improvements: 32/2500 (1.3%) | Refine: 1250898/1436417 (87.1%) | Explore: 461669/616083 (74.9%)
  → Found improvement! New best HPWL: 295753.82 um (improvement: -5.44 um)
  → Found improvement! New best HPWL: 295737.72 um (improvement: -16.10 um)
  → Found improvement! New best HPWL: 295734.58 um (improvement: -3.14 um)
  → Found improvement! New best HPWL: 295728.74 um (improvement: -5.84 um)
  → Found improvement! New best HPWL: 295706.34 um (improvement: -22.40 um)
  → Found improvement! New best HPWL: 295700.90 um (improvement: -5.44 um)
  → Found improvement! New best HPWL: 295630.66 um (improvement: -70.24 um)
  → Found improvement! New best HPWL: 295628.36 um (improvement: -2.30 um)
  → Found improvement! New best HPWL: 295616.86 um (improvement: -11.50 um)
  → Found improvement! New best HPWL: 295616.86 um (improvement: 0.00 um)
  → Found improvement! New best HPWL: 295613.72 um (improvement: -3.14 um)
  → Found improvement! New best HPWL: 295613.34 um (improvement: -0.38 um)
  → Found improvement! New best HPWL: 295611.04 um (improvement: -2.30 um)
  → Found improvement! New best HPWL: 295584.88 um (improvement: -26.16 um)
  → Found improvement! New best HPWL: 295572.96 um (improvement: -11.92 um)
  → Found improvement! New best HPWL: 295553.64 um (improvement: -19.32 um)
  → Found improvement! New best HPWL: 295548.20 um (improvement: -5.44 um)
  → Found improvement! New best HPWL: 295540.46 um (improvement: -7.74 um)
  → Found improvement! New best HPWL: 295537.32 um (improvement: -3.14 um)
  → Found improvement! New best HPWL: 295531.88 um (improvement: -5.44 um)
  → Found improvement! New best HPWL: 295510.12 um (improvement: -21.76 um)
  → Found improvement! New best HPWL: 295505.52 um (improvement: -4.60 um)
  → Found improvement! New best HPWL: 295493.30 um (improvement: -12.22 um)
  → Found improvement! New best HPWL: 295469.80 um (improvement: -23.50 um)
T=0.02 | W=100.4um | Current HPWL=295469.80 um | Best HPWL=295469.80 um | Accept Rate=55.2% | Improvements: 23/2500 (0.9%) | Refine: 1275649/1471399 (86.7%) | Explore: 464352/631101 (73.6%)
  → Found improvement! New best HPWL: 290179.30 um (improvement: -19.86 um)
  → Found improvement! New best HPWL: 290178.00 um (improvement: -1.30 um)
  → Found improvement! New best HPWL: 290175.70 um (improvement: -2.30 um)
  → Found improvement! New best HPWL: 290137.22 um (improvement: -38.48 um)
  → Found improvement! New best HPWL: 290125.84 um (improvement: -11.38 um)
  → Found improvement! New best HPWL: 290120.40 um (improvement: -5.44 um)
  → Found improvement! New best HPWL: 290074.16 um (improvement: -46.24 um)
  → Found improvement! New best HPWL: 290058.06 um (improvement: -16.10 um)
  → Found improvement! New best HPWL: 290057.26 um (improvement: -0.80 um)
  → Found improvement! New best HPWL: 290057.26 um (improvement: 0.00 um)
  → Found improvement! New best HPWL: 290052.44 um (improvement: -4.82 um)
  → Found improvement! New best HPWL: 290043.42 um (improvement: -9.02 um)
  → Found improvement! New best HPWL: 290030.46 um (improvement: -12.96 um)
  → Found improvement! New best HPWL: 290027.74 um (improvement: -2.72 um)
  → Found improvement! New best HPWL: 290011.42 um (improvement: -16.32 um)
  → Found improvement! New best HPWL: 290011.42 um (improvement: 0.00 um)
  → Found improvement! New best HPWL: 290007.36 um (improvement: -4.06 um)
  → Found improvement! New best HPWL: 290002.76 um (improvement: -4.60 um)
  → Found improvement! New best HPWL: 289988.28 um (improvement: -14.48 um)
  → Found improvement! New best HPWL: 289977.40 um (improvement: -10.88 um)
  → Found improvement! New best HPWL: 289975.10 um (improvement: -2.30 um)
  → Found improvement! New best HPWL: 289972.82 um (improvement: -2.28 um)
  → Found improvement! New best HPWL: 289949.62 um (improvement: -23.20 um)
  → Found improvement! New best HPWL: 289931.84 um (improvement: -17.78 um)
  → Found improvement! New best HPWL: 289911.42 um (improvement: -20.42 um)
  → Found improvement! New best HPWL: 289883.38 um (improvement: -28.04 um)
  → Found improvement! New best HPWL: 289883.38 um (improvement: 0.00 um)
  → Found improvement! New best HPWL: 289861.38 um (improvement: -22.00 um)
  → Found improvement! New best HPWL: 289853.22 um (improvement: -8.16 um)
  → Found improvement! New best HPWL: 289827.92 um (improvement: -25.30 um)
  → Found improvement! New best HPWL: 289815.36 um (improvement: -12.56 um)
  → Found improvement! New best HPWL: 289802.18 um (improvement: -13.18 um)
  → Found improvement! New best HPWL: 289791.30 um (improvement: -10.88 um)
T=0.01 | W=100.4um | Current HPWL=289791.30 um | Best HPWL=289791.30 um | Accept Rate=54.9% | Improvements: 32/2500 (1.3%) | Refine: 1300534/1506421 (86.3%) | Explore: 466876/646079 (72.3%)
  → Found improvement! New best HPWL: 284640.90 um (improvement: -4.94 um)
  → Found improvement! New best HPWL: 284640.36 um (improvement: -0.54 um)
  → Found improvement! New best HPWL: 284618.60 um (improvement: -21.76 um)
  → Found improvement! New best HPWL: 284607.94 um (improvement: -10.66 um)
  → Found improvement! New best HPWL: 284587.86 um (improvement: -20.08 um)
  → Found improvement! New best HPWL: 284567.80 um (improvement: -20.06 um)
  → Found improvement! New best HPWL: 284552.32 um (improvement: -15.48 um)
  → Found improvement! New best HPWL: 284533.92 um (improvement: -18.40 um)
  → Found improvement! New best HPWL: 284533.92 um (improvement: 0.00 um)
  → Found improvement! New best HPWL: 284528.48 um (improvement: -5.44 um)
  → Found improvement! New best HPWL: 284528.48 um (improvement: 0.00 um)
  → Found improvement! New best HPWL: 284523.88 um (improvement: -4.60 um)
  → Found improvement! New best HPWL: 284521.16 um (improvement: -2.72 um)
  → Found improvement! New best HPWL: 284515.34 um (improvement: -5.82 um)
  → Found improvement! New best HPWL: 284514.92 um (improvement: -0.42 um)
  → Found improvement! New best HPWL: 284509.48 um (improvement: -5.44 um)
  → Found improvement! New best HPWL: 284497.76 um (improvement: -11.72 um)
  → Found improvement! New best HPWL: 284491.06 um (improvement: -6.70 um)
  → Found improvement! New best HPWL: 284488.62 um (improvement: -2.44 um)
  → Found improvement! New best HPWL: 284473.64 um (improvement: -14.98 um)
  → Found improvement! New best HPWL: 284470.92 um (improvement: -2.72 um)
  → Found improvement! New best HPWL: 284454.44 um (improvement: -16.48 um)
  → Found improvement! New best HPWL: 284440.42 um (improvement: -14.02 um)
T=0.01 | W=100.4um | Current HPWL=284440.42 um | Best HPWL=284440.42 um | Accept Rate=55.9% | Improvements: 21/2500 (0.8%) | Refine: 1325518/1541408 (86.0%) | Explore: 469424/661092 (71.0%)
  → Found improvement! New best HPWL: 279234.56 um (improvement: -1.86 um)
  → Found improvement! New best HPWL: 279226.28 um (improvement: -8.28 um)
  → Found improvement! New best HPWL: 279193.66 um (improvement: -32.62 um)
  → Found improvement! New best HPWL: 279190.40 um (improvement: -3.26 um)
  → Found improvement! New best HPWL: 279177.34 um (improvement: -13.06 um)
  → Found improvement! New best HPWL: 279177.34 um (improvement: 0.00 um)
  → Found improvement! New best HPWL: 279170.60 um (improvement: -6.74 um)
  → Found improvement! New best HPWL: 279139.02 um (improvement: -31.58 um)
  → Found improvement! New best HPWL: 279133.58 um (improvement: -5.44 um)
  → Found improvement! New best HPWL: 279085.46 um (improvement: -48.12 um)
  → Found improvement! New best HPWL: 279084.40 um (improvement: -1.06 um)
  → Found improvement! New best HPWL: 279065.36 um (improvement: -19.04 um)
  → Found improvement! New best HPWL: 279063.90 um (improvement: -1.46 um)
  → Found improvement! New best HPWL: 279058.46 um (improvement: -5.44 um)
  → Found improvement! New best HPWL: 279053.02 um (improvement: -5.44 um)
  → Found improvement! New best HPWL: 279049.34 um (improvement: -3.68 um)
  → Found improvement! New best HPWL: 279042.66 um (improvement: -6.68 um)
  → Found improvement! New best HPWL: 279033.68 um (improvement: -8.98 um)
  → Found improvement! New best HPWL: 279031.32 um (improvement: -2.36 um)
  → Found improvement! New best HPWL: 279020.44 um (improvement: -10.88 um)
  → Found improvement! New best HPWL: 279013.16 um (improvement: -7.28 um)
T=0.01 | W=100.4um | Current HPWL=279013.16 um | Best HPWL=279013.16 um | Accept Rate=55.9% | Improvements: 20/2500 (0.8%) | Refine: 1350459/1576478 (85.7%) | Explore: 471909/676022 (69.8%)
  → Found improvement! New best HPWL: 274543.06 um (improvement: -0.68 um)
  → Found improvement! New best HPWL: 274533.86 um (improvement: -9.20 um)
  → Found improvement! New best HPWL: 274522.98 um (improvement: -10.88 um)
  → Found improvement! New best HPWL: 274475.92 um (improvement: -47.06 um)
  → Found improvement! New best HPWL: 274475.92 um (improvement: 0.00 um)
  → Found improvement! New best HPWL: 274446.02 um (improvement: -29.90 um)
  → Found improvement! New best HPWL: 274426.96 um (improvement: -19.06 um)
  → Found improvement! New best HPWL: 274424.66 um (improvement: -2.30 um)
  → Found improvement! New best HPWL: 274422.36 um (improvement: -2.30 um)
  → Found improvement! New best HPWL: 274413.58 um (improvement: -8.78 um)
  → Found improvement! New best HPWL: 274409.60 um (improvement: -3.98 um)
  → Found improvement! New best HPWL: 274396.42 um (improvement: -13.18 um)
  → Found improvement! New best HPWL: 274392.44 um (improvement: -3.98 um)
  → Found improvement! New best HPWL: 274387.00 um (improvement: -5.44 um)
  → Found improvement! New best HPWL: 274383.86 um (improvement: -3.14 um)
  → Found improvement! New best HPWL: 274379.26 um (improvement: -4.60 um)
  → Found improvement! New best HPWL: 274376.50 um (improvement: -2.76 um)
  → Found improvement! New best HPWL: 274376.50 um (improvement: 0.00 um)
  → Found improvement! New best HPWL: 274367.08 um (improvement: -9.42 um)
  → Found improvement! New best HPWL: 274363.40 um (improvement: -3.68 um)
  → Found improvement! New best HPWL: 274352.52 um (improvement: -10.88 um)
T=0.00 | W=100.4um | Current HPWL=274352.52 um | Best HPWL=274352.52 um | Accept Rate=56.1% | Improvements: 21/2500 (0.8%) | Refine: 1375509/1611486 (85.4%) | Explore: 474310/691014 (68.6%)
  → Found improvement! New best HPWL: 269730.88 um (improvement: -8.16 um)
  → Found improvement! New best HPWL: 269713.32 um (improvement: -17.56 um)
  → Found improvement! New best HPWL: 269712.06 um (improvement: -1.26 um)
  → Found improvement! New best HPWL: 269712.06 um (improvement: 0.00 um)
  → Found improvement! New best HPWL: 269706.96 um (improvement: -5.10 um)
  → Found improvement! New best HPWL: 269688.52 um (improvement: -18.44 um)
  → Found improvement! New best HPWL: 269660.92 um (improvement: -27.60 um)
  → Found improvement! New best HPWL: 269656.32 um (improvement: -4.60 um)
  → Found improvement! New best HPWL: 269649.96 um (improvement: -6.36 um)
  → Found improvement! New best HPWL: 269620.70 um (improvement: -29.26 um)
  → Found improvement! New best HPWL: 269609.82 um (improvement: -10.88 um)
  → Found improvement! New best HPWL: 269607.10 um (improvement: -2.72 um)
  → Found improvement! New best HPWL: 269607.10 um (improvement: 0.00 um)
  → Found improvement! New best HPWL: 269598.52 um (improvement: -8.58 um)
  → Found improvement! New best HPWL: 269596.22 um (improvement: -2.30 um)
  → Found improvement! New best HPWL: 269594.76 um (improvement: -1.46 um)
  → Found improvement! New best HPWL: 269592.46 um (improvement: -2.30 um)
  → Found improvement! New best HPWL: 269586.48 um (improvement: -5.98 um)
  → Found improvement! New best HPWL: 269581.04 um (improvement: -5.44 um)
  → Found improvement! New best HPWL: 269580.08 um (improvement: -0.96 um)
  → Found improvement! New best HPWL: 269574.64 um (improvement: -5.44 um)
  → Found improvement! New best HPWL: 269569.20 um (improvement: -5.44 um)
  → Found improvement! New best HPWL: 269566.68 um (improvement: -2.52 um)
  → Found improvement! New best HPWL: 269529.94 um (improvement: -36.74 um)
T=0.00 | W=100.4um | Current HPWL=269529.94 um | Best HPWL=269529.94 um | Accept Rate=54.1% | Improvements: 22/2500 (0.9%) | Refine: 1400332/1646440 (85.1%) | Explore: 476685/706060 (67.5%)
T=0.00 | W=100.4um | Current HPWL=266596.52 um | Best HPWL=266596.52 um | Accept Rate=53.6% | Improvements: 21/2500 (0.8%) | Refine: 1417703/1670852 (84.8%) | Explore: 478378/716648 (66.8%)
T=0.00 | W=100.4um | Current HPWL=266374.44 um | Best HPWL=266374.44 um | Accept Rate=53.8% | Improvements: 15/2500 (0.6%) | Refine: 1418940/1672582 (84.8%) | Explore: 478486/717418 (66.7%)
T=0.00 | W=100.4um | Current HPWL=266048.70 um | Best HPWL=266048.70 um | Accept Rate=55.9% | Improvements: 24/2500 (1.0%) | Refine: 1420226/1674349 (84.8%) | Explore: 478598/718151 (66.6%)
T=0.00 | W=100.4um | Current HPWL=265901.20 um | Best HPWL=265901.20 um | Accept Rate=54.5% | Improvements: 16/2500 (0.6%) | Refine: 1421481/1676120 (84.8%) | Explore: 478705/718880 (66.6%)
T=0.00 | W=100.4um | Current HPWL=265789.44 um | Best HPWL=265789.44 um | Accept Rate=53.8% | Improvements: 16/2500 (0.6%) | Refine: 1422712/1677896 (84.8%) | Explore: 478818/719604 (66.5%)
T=0.00 | W=100.4um | Current HPWL=265560.38 um | Best HPWL=265560.38 um | Accept Rate=54.0% | Improvements: 23/2500 (0.9%) | Refine: 1423942/1679639 (84.8%) | Explore: 478937/720361 (66.5%)
  → Found improvement! New best HPWL: 265554.94 um (improvement: -5.44 um)
  → Found improvement! New best HPWL: 265551.80 um (improvement: -3.14 um)
  → Found improvement! New best HPWL: 265530.04 um (improvement: -21.76 um)
  → Found improvement! New best HPWL: 265527.28 um (improvement: -2.76 um)
  → Found improvement! New best HPWL: 265524.14 um (improvement: -3.14 um)
  → Found improvement! New best HPWL: 265520.96 um (improvement: -3.18 um)
  → Found improvement! New best HPWL: 265492.08 um (improvement: -28.88 um)
  → Found improvement! New best HPWL: 265480.14 um (improvement: -11.94 um)
  → Found improvement! New best HPWL: 265466.42 um (improvement: -13.72 um)
  → Found improvement! New best HPWL: 265462.24 um (improvement: -4.18 um)
  → Found improvement! New best HPWL: 265457.92 um (improvement: -4.32 um)
  → Found improvement! New best HPWL: 265457.92 um (improvement: 0.00 um)
  → Found improvement! New best HPWL: 265450.56 um (improvement: -7.36 um)
  → Found improvement! New best HPWL: 265442.36 um (improvement: -8.20 um)
T=0.00 | W=100.4um | Current HPWL=265442.36 um | Best HPWL=265442.36 um | Accept Rate=55.5% | Improvements: 13/2500 (0.5%) | Refine: 1425231/1681388 (84.8%) | Explore: 479035/721112 (66.4%)
T=0.00 | W=100.4um | Current HPWL=265273.64 um | Best HPWL=265273.64 um | Accept Rate=56.1% | Improvements: 20/2500 (0.8%) | Refine: 1426495/1683113 (84.8%) | Explore: 479173/721887 (66.4%)
T=0.00 | W=100.4um | Current HPWL=265005.22 um | Best HPWL=265005.22 um | Accept Rate=54.1% | Improvements: 29/2500 (1.2%) | Refine: 1427723/1684845 (84.7%) | Explore: 479298/722655 (66.3%)
T=0.00 | W=100.4um | Current HPWL=264880.18 um | Best HPWL=264880.18 um | Accept Rate=55.1% | Improvements: 17/2500 (0.7%) | Refine: 1428991/1686580 (84.7%) | Explore: 479407/723420 (66.3%)
T=0.00 | W=100.4um | Current HPWL=264744.90 um | Best HPWL=264744.90 um | Accept Rate=54.4% | Improvements: 15/2500 (0.6%) | Refine: 1430241/1688344 (84.7%) | Explore: 479518/724156 (66.2%)
T=0.00 | W=100.4um | Current HPWL=264475.30 um | Best HPWL=264475.30 um | Accept Rate=53.9% | Improvements: 23/2500 (0.9%) | Refine: 1431476/1690077 (84.7%) | Explore: 479631/724923 (66.2%)
T=0.00 | W=100.4um | Current HPWL=264332.68 um | Best HPWL=264332.68 um | Accept Rate=53.3% | Improvements: 15/2500 (0.6%) | Refine: 1432706/1691804 (84.7%) | Explore: 479734/725696 (66.1%)
T=0.00 | W=100.4um | Current HPWL=264190.72 um | Best HPWL=264190.72 um | Accept Rate=54.9% | Improvements: 17/2500 (0.7%) | Refine: 1433969/1693567 (84.7%) | Explore: 479844/726433 (66.1%)
T=0.00 | W=100.4um | Current HPWL=263929.64 um | Best HPWL=263929.64 um | Accept Rate=56.2% | Improvements: 21/2500 (0.8%) | Refine: 1435282/1695359 (84.7%) | Explore: 479937/727141 (66.0%)
T=0.00 | W=100.4um | Current HPWL=263793.30 um | Best HPWL=263793.30 um | Accept Rate=54.4% | Improvements: 18/2500 (0.7%) | Refine: 1436538/1697114 (84.6%) | Explore: 480040/727886 (65.9%)
T=0.00 | W=100.4um | Current HPWL=263661.36 um | Best HPWL=263661.36 um | Accept Rate=54.2% | Improvements: 21/2500 (0.8%) | Refine: 1437783/1698881 (84.6%) | Explore: 480150/728619 (65.9%)
T=0.00 | W=100.4um | Current HPWL=263395.26 um | Best HPWL=263395.26 um | Accept Rate=55.1% | Improvements: 27/2500 (1.1%) | Refine: 1439044/1700645 (84.6%) | Explore: 480266/729355 (65.8%)
T=0.00 | W=100.4um | Current HPWL=263184.98 um | Best HPWL=263184.98 um | Accept Rate=55.8% | Improvements: 18/2500 (0.7%) | Refine: 1440322/1702410 (84.6%) | Explore: 480382/730090 (65.8%)
T=0.00 | W=100.4um | Current HPWL=263048.08 um | Best HPWL=263048.08 um | Accept Rate=54.6% | Improvements: 22/2500 (0.9%) | Refine: 1441574/1704195 (84.6%) | Explore: 480494/730805 (65.7%)
T=0.00 | W=100.4um | Current HPWL=262873.32 um | Best HPWL=262873.32 um | Accept Rate=52.9% | Improvements: 17/2500 (0.7%) | Refine: 1442788/1705928 (84.6%) | Explore: 480603/731572 (65.7%)
T=0.00 | W=100.4um | Current HPWL=262725.40 um | Best HPWL=262725.40 um | Accept Rate=55.9% | Improvements: 22/2500 (0.9%) | Refine: 1444061/1707702 (84.6%) | Explore: 480728/732298 (65.6%)
T=0.00 | W=100.4um | Current HPWL=262471.22 um | Best HPWL=262471.22 um | Accept Rate=53.1% | Improvements: 26/2500 (1.0%) | Refine: 1445267/1709441 (84.5%) | Explore: 480849/733059 (65.6%)
T=0.00 | W=100.4um | Current HPWL=262396.66 um | Best HPWL=262396.66 um | Accept Rate=54.2% | Improvements: 12/2500 (0.5%) | Refine: 1446507/1711184 (84.5%) | Explore: 480963/733816 (65.5%)
T=0.00 | W=100.4um | Current HPWL=262196.36 um | Best HPWL=262196.36 um | Accept Rate=54.9% | Improvements: 16/2500 (0.6%) | Refine: 1447775/1712947 (84.5%) | Explore: 481067/734553 (65.5%)
T=0.00 | W=100.4um | Current HPWL=262002.84 um | Best HPWL=262002.84 um | Accept Rate=55.7% | Improvements: 20/2500 (0.8%) | Refine: 1449050/1714701 (84.5%) | Explore: 481184/735299 (65.4%)
  → Found improvement! New best HPWL: 261986.52 um (improvement: -16.32 um)
  → Found improvement! New best HPWL: 261979.16 um (improvement: -7.36 um)
  → Found improvement! New best HPWL: 261970.92 um (improvement: -8.24 um)
  → Found improvement! New best HPWL: 261951.48 um (improvement: -19.44 um)
  → Found improvement! New best HPWL: 261951.48 um (improvement: 0.00 um)
  → Found improvement! New best HPWL: 261930.24 um (improvement: -21.24 um)
  → Found improvement! New best HPWL: 261926.06 um (improvement: -4.18 um)
  → Found improvement! New best HPWL: 261922.92 um (improvement: -3.14 um)
  → Found improvement! New best HPWL: 261917.48 um (improvement: -5.44 um)
  → Found improvement! New best HPWL: 261904.92 um (improvement: -12.56 um)
  → Found improvement! New best HPWL: 261902.20 um (improvement: -2.72 um)
  → Found improvement! New best HPWL: 261895.00 um (improvement: -7.20 um)
  → Found improvement! New best HPWL: 261832.68 um (improvement: -62.32 um)
  → Found improvement! New best HPWL: 261828.12 um (improvement: -4.56 um)
  → Found improvement! New best HPWL: 261823.22 um (improvement: -4.90 um)
  → Found improvement! New best HPWL: 261787.74 um (improvement: -35.48 um)
  → Found improvement! New best HPWL: 261785.66 um (improvement: -2.08 um)
  → Found improvement! New best HPWL: 261785.66 um (improvement: 0.00 um)
  → Found improvement! New best HPWL: 261785.16 um (improvement: -0.50 um)
  → Found improvement! New best HPWL: 261770.90 um (improvement: -14.26 um)
  → Found improvement! New best HPWL: 261770.90 um (improvement: 0.00 um)
  → Found improvement! New best HPWL: 261759.62 um (improvement: -11.28 um)
  → Found improvement! New best HPWL: 261759.62 um (improvement: 0.00 um)
  → Found improvement! New best HPWL: 261724.04 um (improvement: -35.58 um)
  → Found improvement! New best HPWL: 261691.40 um (improvement: -32.64 um)
  → Found improvement! New best HPWL: 261675.54 um (improvement: -15.86 um)
  → Found improvement! New best HPWL: 261671.02 um (improvement: -4.52 um)
  → Found improvement! New best HPWL: 261664.74 um (improvement: -6.28 um)
  → Found improvement! New best HPWL: 261645.70 um (improvement: -19.04 um)
  → Found improvement! New best HPWL: 261634.82 um (improvement: -10.88 um)
T=0.00 | W=100.4um | Current HPWL=261634.82 um | Best HPWL=261634.82 um | Accept Rate=55.2% | Improvements: 26/2500 (1.0%) | Refine: 1450324/1716485 (84.5%) | Explore: 481290/736015 (65.4%)

============================================================
SA Optimization Complete
============================================================
Initial HPWL: 426853.12 um
Final Total HPWL: 261634.82 um
Improvement: 165218.30 um (38.71%)
Total Iterations: 981
============================================================

