
============================================================
Simulated Annealing Optimization
============================================================
Initial HPWL: 426853.12 um
Initial Temperature: 42685312.00
Cooling Rate (alpha): 0.999
Moves per Temperature: 8000
Final Temperature: 0.0001
Initial Window Size: 501.80 um
Window Cooling Rate (beta): 0.98
Move Probabilities: Refine=70.0%, Explore=30.0%
============================================================

T=42685312.00 | W=501.8um | Current HPWL=1231748.27 um | Best HPWL=426853.12 um | Accept Rate=100.0% | Improvements: 1187/8000 (14.8%) | Refine: 5610/5610 (100.0%) | Explore: 2390/2390 (100.0%)
T=41839667.51 | W=335.0um | Current HPWL=1974144.58 um | Best HPWL=426853.12 um | Accept Rate=100.0% | Improvements: 1870/8000 (23.4%) | Refine: 117251/117251 (100.0%) | Explore: 50749/50749 (100.0%)
T=41010776.21 | W=223.7um | Current HPWL=2032820.83 um | Best HPWL=426853.12 um | Accept Rate=100.0% | Improvements: 1893/8000 (23.7%) | Refine: 229345/229345 (100.0%) | Explore: 98655/98655 (100.0%)
T=40198306.17 | W=149.3um | Current HPWL=2077508.13 um | Best HPWL=426853.12 um | Accept Rate=100.0% | Improvements: 1841/8000 (23.0%) | Refine: 341256/341256 (100.0%) | Explore: 146744/146744 (100.0%)
T=39401932.10 | W=100.4um | Current HPWL=2084935.91 um | Best HPWL=426853.12 um | Accept Rate=100.0% | Improvements: 1859/8000 (23.2%) | Refine: 453263/453263 (100.0%) | Explore: 194737/194737 (100.0%)
T=38621335.09 | W=100.4um | Current HPWL=2090417.53 um | Best HPWL=426853.12 um | Accept Rate=100.0% | Improvements: 1830/8000 (22.9%) | Refine: 565303/565303 (100.0%) | Explore: 242697/242697 (100.0%)
T=37856202.60 | W=100.4um | Current HPWL=2103483.37 um | Best HPWL=426853.12 um | Accept Rate=100.0% | Improvements: 1876/8000 (23.4%) | Refine: 677440/677441 (100.0%) | Explore: 290559/290559 (100.0%)
T=37106228.26 | W=100.4um | Current HPWL=2105402.09 um | Best HPWL=426853.12 um | Accept Rate=100.0% | Improvements: 1878/8000 (23.5%) | Refine: 789306/789307 (100.0%) | Explore: 338693/338693 (100.0%)
T=36371111.75 | W=100.4um | Current HPWL=2107840.55 um | Best HPWL=426853.12 um | Accept Rate=100.0% | Improvements: 1824/8000 (22.8%) | Refine: 901287/901288 (100.0%) | Explore: 386712/386712 (100.0%)
T=35650558.74 | W=100.4um | Current HPWL=2112810.32 um | Best HPWL=426853.12 um | Accept Rate=100.0% | Improvements: 1838/8000 (23.0%) | Refine: 1013217/1013219 (100.0%) | Explore: 434781/434781 (100.0%)
T=34944280.70 | W=100.4um | Current HPWL=2150973.80 um | Best HPWL=426853.12 um | Accept Rate=100.0% | Improvements: 1846/8000 (23.1%) | Refine: 1124987/1124989 (100.0%) | Explore: 483011/483011 (100.0%)
T=34251994.84 | W=100.4um | Current HPWL=2135246.54 um | Best HPWL=426853.12 um | Accept Rate=100.0% | Improvements: 1910/8000 (23.9%) | Refine: 1237042/1237044 (100.0%) | Explore: 530956/530956 (100.0%)
T=33573423.94 | W=100.4um | Current HPWL=2125601.67 um | Best HPWL=426853.12 um | Accept Rate=100.0% | Improvements: 1863/8000 (23.3%) | Refine: 1349034/1349036 (100.0%) | Explore: 578964/578964 (100.0%)
T=32908296.30 | W=100.4um | Current HPWL=2116731.45 um | Best HPWL=426853.12 um | Accept Rate=100.0% | Improvements: 1920/8000 (24.0%) | Refine: 1460942/1460944 (100.0%) | Explore: 627056/627056 (100.0%)
T=32256345.59 | W=100.4um | Current HPWL=2140592.30 um | Best HPWL=426853.12 um | Accept Rate=100.0% | Improvements: 1912/8000 (23.9%) | Refine: 1572824/1572827 (100.0%) | Explore: 675173/675173 (100.0%)
T=31617310.77 | W=100.4um | Current HPWL=2115866.69 um | Best HPWL=426853.12 um | Accept Rate=100.0% | Improvements: 1913/8000 (23.9%) | Refine: 1684717/1684720 (100.0%) | Explore: 723280/723280 (100.0%)
T=30990935.95 | W=100.4um | Current HPWL=2151130.94 um | Best HPWL=426853.12 um | Accept Rate=100.0% | Improvements: 1876/8000 (23.4%) | Refine: 1796667/1796670 (100.0%) | Explore: 771330/771330 (100.0%)
T=30376970.33 | W=100.4um | Current HPWL=2124217.40 um | Best HPWL=426853.12 um | Accept Rate=100.0% | Improvements: 1790/8000 (22.4%) | Refine: 1908436/1908440 (100.0%) | Explore: 819560/819560 (100.0%)
T=29775168.06 | W=100.4um | Current HPWL=2100441.75 um | Best HPWL=426853.12 um | Accept Rate=100.0% | Improvements: 1900/8000 (23.8%) | Refine: 2020207/2020211 (100.0%) | Explore: 867789/867789 (100.0%)
T=29185288.19 | W=100.4um | Current HPWL=2096891.62 um | Best HPWL=426853.12 um | Accept Rate=100.0% | Improvements: 1931/8000 (24.1%) | Refine: 2132285/2132290 (100.0%) | Explore: 915710/915710 (100.0%)
T=28607094.50 | W=100.4um | Current HPWL=2100597.09 um | Best HPWL=426853.12 um | Accept Rate=100.0% | Improvements: 1996/8000 (24.9%) | Refine: 2244078/2244084 (100.0%) | Explore: 963915/963916 (100.0%)
T=28040355.48 | W=100.4um | Current HPWL=2109111.04 um | Best HPWL=426853.12 um | Accept Rate=100.0% | Improvements: 1829/8000 (22.9%) | Refine: 2356185/2356191 (100.0%) | Explore: 1011808/1011809 (100.0%)
T=27484844.21 | W=100.4um | Current HPWL=2143800.22 um | Best HPWL=426853.12 um | Accept Rate=100.0% | Improvements: 1802/8000 (22.5%) | Refine: 2467914/2467920 (100.0%) | Explore: 1060079/1060080 (100.0%)
T=26940338.24 | W=100.4um | Current HPWL=2092914.71 um | Best HPWL=426853.12 um | Accept Rate=100.0% | Improvements: 1883/8000 (23.5%) | Refine: 2579731/2579737 (100.0%) | Explore: 1108262/1108263 (100.0%)
T=26406619.56 | W=100.4um | Current HPWL=2099928.68 um | Best HPWL=426853.12 um | Accept Rate=100.0% | Improvements: 1893/8000 (23.7%) | Refine: 2691497/2691503 (100.0%) | Explore: 1156496/1156497 (100.0%)
T=25883474.45 | W=100.4um | Current HPWL=2106512.12 um | Best HPWL=426853.12 um | Accept Rate=100.0% | Improvements: 1870/8000 (23.4%) | Refine: 2803607/2803613 (100.0%) | Explore: 1204386/1204387 (100.0%)
T=25370693.44 | W=100.4um | Current HPWL=2099606.96 um | Best HPWL=426853.12 um | Accept Rate=100.0% | Improvements: 1892/8000 (23.6%) | Refine: 2915593/2915600 (100.0%) | Explore: 1252399/1252400 (100.0%)
T=24868071.20 | W=100.4um | Current HPWL=2154227.35 um | Best HPWL=426853.12 um | Accept Rate=100.0% | Improvements: 1862/8000 (23.3%) | Refine: 3027546/3027553 (100.0%) | Explore: 1300446/1300447 (100.0%)
T=24375406.48 | W=100.4um | Current HPWL=2107521.02 um | Best HPWL=426853.12 um | Accept Rate=100.0% | Improvements: 1846/8000 (23.1%) | Refine: 3139610/3139617 (100.0%) | Explore: 1348382/1348383 (100.0%)
T=23892502.01 | W=100.4um | Current HPWL=2119865.60 um | Best HPWL=426853.12 um | Accept Rate=100.0% | Improvements: 1913/8000 (23.9%) | Refine: 3251597/3251604 (100.0%) | Explore: 1396395/1396396 (100.0%)
T=23419164.42 | W=100.4um | Current HPWL=2115652.11 um | Best HPWL=426853.12 um | Accept Rate=100.0% | Improvements: 1821/8000 (22.8%) | Refine: 3363563/3363570 (100.0%) | Explore: 1444429/1444430 (100.0%)
T=22955204.19 | W=100.4um | Current HPWL=2091736.48 um | Best HPWL=426853.12 um | Accept Rate=100.0% | Improvements: 1950/8000 (24.4%) | Refine: 3475616/3475624 (100.0%) | Explore: 1492375/1492376 (100.0%)
T=22500435.54 | W=100.4um | Current HPWL=2081699.47 um | Best HPWL=426853.12 um | Accept Rate=100.0% | Improvements: 1887/8000 (23.6%) | Refine: 3587501/3587509 (100.0%) | Explore: 1540490/1540491 (100.0%)
T=22054676.37 | W=100.4um | Current HPWL=2083965.22 um | Best HPWL=426853.12 um | Accept Rate=100.0% | Improvements: 1972/8000 (24.6%) | Refine: 3699348/3699356 (100.0%) | Explore: 1588643/1588644 (100.0%)
T=21617748.19 | W=100.4um | Current HPWL=2099866.59 um | Best HPWL=426853.12 um | Accept Rate=100.0% | Improvements: 1930/8000 (24.1%) | Refine: 3811414/3811424 (100.0%) | Explore: 1636575/1636576 (100.0%)
T=21189476.06 | W=100.4um | Current HPWL=2087504.13 um | Best HPWL=426853.12 um | Accept Rate=100.0% | Improvements: 1893/8000 (23.7%) | Refine: 3923499/3923509 (100.0%) | Explore: 1684490/1684491 (100.0%)
T=20769688.49 | W=100.4um | Current HPWL=2104646.74 um | Best HPWL=426853.12 um | Accept Rate=100.0% | Improvements: 1875/8000 (23.4%) | Refine: 4035669/4035679 (100.0%) | Explore: 1732320/1732321 (100.0%)
T=20358217.38 | W=100.4um | Current HPWL=2084891.57 um | Best HPWL=426853.12 um | Accept Rate=100.0% | Improvements: 1838/8000 (23.0%) | Refine: 4147540/4147551 (100.0%) | Explore: 1780448/1780449 (100.0%)
T=19954897.99 | W=100.4um | Current HPWL=2098943.77 um | Best HPWL=426853.12 um | Accept Rate=100.0% | Improvements: 1844/8000 (23.1%) | Refine: 4259437/4259449 (100.0%) | Explore: 1828550/1828551 (100.0%)
T=19559568.80 | W=100.4um | Current HPWL=2084269.56 um | Best HPWL=426853.12 um | Accept Rate=100.0% | Improvements: 1843/8000 (23.0%) | Refine: 4371690/4371703 (100.0%) | Explore: 1876296/1876297 (100.0%)
T=19172071.54 | W=100.4um | Current HPWL=2115779.34 um | Best HPWL=426853.12 um | Accept Rate=100.0% | Improvements: 1869/8000 (23.4%) | Refine: 4483638/4483651 (100.0%) | Explore: 1924348/1924349 (100.0%)
T=18792251.04 | W=100.4um | Current HPWL=2083434.04 um | Best HPWL=426853.12 um | Accept Rate=100.0% | Improvements: 1850/8000 (23.1%) | Refine: 4595417/4595431 (100.0%) | Explore: 1972568/1972569 (100.0%)
T=18419955.22 | W=100.4um | Current HPWL=2096770.09 um | Best HPWL=426853.12 um | Accept Rate=100.0% | Improvements: 1906/8000 (23.8%) | Refine: 4707187/4707201 (100.0%) | Explore: 2020798/2020799 (100.0%)
T=18055034.99 | W=100.4um | Current HPWL=2084135.19 um | Best HPWL=426853.12 um | Accept Rate=100.0% | Improvements: 1917/8000 (24.0%) | Refine: 4819573/4819588 (100.0%) | Explore: 2068411/2068412 (100.0%)
T=17697344.26 | W=100.4um | Current HPWL=2118626.98 um | Best HPWL=426853.12 um | Accept Rate=100.0% | Improvements: 1849/8000 (23.1%) | Refine: 4931454/4931470 (100.0%) | Explore: 2116528/2116530 (100.0%)
T=17346739.78 | W=100.4um | Current HPWL=2123938.49 um | Best HPWL=426853.12 um | Accept Rate=100.0% | Improvements: 1858/8000 (23.2%) | Refine: 5043422/5043438 (100.0%) | Explore: 2164560/2164562 (100.0%)
T=17003081.17 | W=100.4um | Current HPWL=2120672.34 um | Best HPWL=426853.12 um | Accept Rate=100.0% | Improvements: 1865/8000 (23.3%) | Refine: 5154963/5154979 (100.0%) | Explore: 2213019/2213021 (100.0%)
T=16666230.83 | W=100.4um | Current HPWL=2109109.08 um | Best HPWL=426853.12 um | Accept Rate=100.0% | Improvements: 1926/8000 (24.1%) | Refine: 5267065/5267081 (100.0%) | Explore: 2260917/2260919 (100.0%)
T=16336053.88 | W=100.4um | Current HPWL=2108243.56 um | Best HPWL=426853.12 um | Accept Rate=100.0% | Improvements: 1824/8000 (22.8%) | Refine: 5379250/5379266 (100.0%) | Explore: 2308732/2308734 (100.0%)
T=16012418.11 | W=100.4um | Current HPWL=2091983.97 um | Best HPWL=426853.12 um | Accept Rate=100.0% | Improvements: 1907/8000 (23.8%) | Refine: 5491359/5491377 (100.0%) | Explore: 2356621/2356623 (100.0%)
T=15695193.93 | W=100.4um | Current HPWL=2096051.53 um | Best HPWL=426853.12 um | Accept Rate=100.0% | Improvements: 1888/8000 (23.6%) | Refine: 5603339/5603358 (100.0%) | Explore: 2404640/2404642 (100.0%)
T=15384254.32 | W=100.4um | Current HPWL=2099387.89 um | Best HPWL=426853.12 um | Accept Rate=100.0% | Improvements: 1899/8000 (23.7%) | Refine: 5715199/5715219 (100.0%) | Explore: 2452779/2452781 (100.0%)
T=15079474.78 | W=100.4um | Current HPWL=2092142.58 um | Best HPWL=426853.12 um | Accept Rate=100.0% | Improvements: 1885/8000 (23.6%) | Refine: 5827339/5827359 (100.0%) | Explore: 2500639/2500641 (100.0%)
T=14780733.26 | W=100.4um | Current HPWL=2111245.66 um | Best HPWL=426853.12 um | Accept Rate=100.0% | Improvements: 1891/8000 (23.6%) | Refine: 5939099/5939120 (100.0%) | Explore: 2548878/2548880 (100.0%)
T=14487910.16 | W=100.4um | Current HPWL=2090810.69 um | Best HPWL=426853.12 um | Accept Rate=100.0% | Improvements: 1872/8000 (23.4%) | Refine: 6051415/6051437 (100.0%) | Explore: 2596561/2596563 (100.0%)
T=14200888.21 | W=100.4um | Current HPWL=2094774.07 um | Best HPWL=426853.12 um | Accept Rate=100.0% | Improvements: 1902/8000 (23.8%) | Refine: 6163371/6163393 (100.0%) | Explore: 2644605/2644607 (100.0%)
T=13919552.50 | W=100.4um | Current HPWL=2083975.85 um | Best HPWL=426853.12 um | Accept Rate=100.0% | Improvements: 1883/8000 (23.5%) | Refine: 6275334/6275357 (100.0%) | Explore: 2692641/2692643 (100.0%)
T=13643790.36 | W=100.4um | Current HPWL=2099064.85 um | Best HPWL=426853.12 um | Accept Rate=100.0% | Improvements: 1842/8000 (23.0%) | Refine: 6387242/6387266 (100.0%) | Explore: 2740732/2740734 (100.0%)
T=13373491.39 | W=100.4um | Current HPWL=2098866.11 um | Best HPWL=426853.12 um | Accept Rate=100.0% | Improvements: 1849/8000 (23.1%) | Refine: 6499248/6499272 (100.0%) | Explore: 2788726/2788728 (100.0%)
T=13108547.34 | W=100.4um | Current HPWL=2069129.26 um | Best HPWL=426853.12 um | Accept Rate=100.0% | Improvements: 1853/8000 (23.2%) | Refine: 6611145/6611169 (100.0%) | Explore: 2836828/2836831 (100.0%)
T=12848852.14 | W=100.4um | Current HPWL=2077607.76 um | Best HPWL=426853.12 um | Accept Rate=100.0% | Improvements: 1905/8000 (23.8%) | Refine: 6723077/6723101 (100.0%) | Explore: 2884896/2884899 (100.0%)
T=12594301.79 | W=100.4um | Current HPWL=2102091.31 um | Best HPWL=426853.12 um | Accept Rate=100.0% | Improvements: 1864/8000 (23.3%) | Refine: 6835103/6835127 (100.0%) | Explore: 2932869/2932873 (100.0%)
T=12344794.38 | W=100.4um | Current HPWL=2092305.40 um | Best HPWL=426853.12 um | Accept Rate=100.0% | Improvements: 1806/8000 (22.6%) | Refine: 6947110/6947136 (100.0%) | Explore: 2980860/2980864 (100.0%)
T=12100229.99 | W=100.4um | Current HPWL=2091896.48 um | Best HPWL=426853.12 um | Accept Rate=100.0% | Improvements: 1858/8000 (23.2%) | Refine: 7058867/7058893 (100.0%) | Explore: 3029103/3029107 (100.0%)
T=11860510.69 | W=100.4um | Current HPWL=2108097.54 um | Best HPWL=426853.12 um | Accept Rate=100.0% | Improvements: 1864/8000 (23.3%) | Refine: 7170809/7170835 (100.0%) | Explore: 3077161/3077165 (100.0%)
T=11625540.51 | W=100.4um | Current HPWL=2090952.35 um | Best HPWL=426853.12 um | Accept Rate=100.0% | Improvements: 1930/8000 (24.1%) | Refine: 7282670/7282697 (100.0%) | Explore: 3125299/3125303 (100.0%)
T=11395225.36 | W=100.4um | Current HPWL=2093837.75 um | Best HPWL=426853.12 um | Accept Rate=100.0% | Improvements: 1886/8000 (23.6%) | Refine: 7394555/7394582 (100.0%) | Explore: 3173414/3173418 (100.0%)
T=11169473.01 | W=100.4um | Current HPWL=2105845.15 um | Best HPWL=426853.12 um | Accept Rate=100.0% | Improvements: 1842/8000 (23.0%) | Refine: 7506598/7506627 (100.0%) | Explore: 3221369/3221373 (100.0%)
T=10948193.07 | W=100.4um | Current HPWL=2093206.56 um | Best HPWL=426853.12 um | Accept Rate=100.0% | Improvements: 1895/8000 (23.7%) | Refine: 7618714/7618744 (100.0%) | Explore: 3269252/3269256 (100.0%)
T=10731296.94 | W=100.4um | Current HPWL=2090424.75 um | Best HPWL=426853.12 um | Accept Rate=100.0% | Improvements: 1845/8000 (23.1%) | Refine: 7730580/7730610 (100.0%) | Explore: 3317386/3317390 (100.0%)
T=10518697.76 | W=100.4um | Current HPWL=2108603.61 um | Best HPWL=426853.12 um | Accept Rate=100.0% | Improvements: 1924/8000 (24.1%) | Refine: 7842415/7842446 (100.0%) | Explore: 3365550/3365554 (100.0%)
T=10310310.42 | W=100.4um | Current HPWL=2105320.80 um | Best HPWL=426853.12 um | Accept Rate=100.0% | Improvements: 1836/8000 (22.9%) | Refine: 7954470/7954501 (100.0%) | Explore: 3413495/3413499 (100.0%)
T=10106051.47 | W=100.4um | Current HPWL=2116321.62 um | Best HPWL=426853.12 um | Accept Rate=100.0% | Improvements: 1846/8000 (23.1%) | Refine: 8066868/8066901 (100.0%) | Explore: 3461095/3461099 (100.0%)
T=9905839.11 | W=100.4um | Current HPWL=2091672.63 um | Best HPWL=426853.12 um | Accept Rate=100.0% | Improvements: 1843/8000 (23.0%) | Refine: 8178736/8178769 (100.0%) | Explore: 3509227/3509231 (100.0%)
T=9709593.20 | W=100.4um | Current HPWL=2100410.09 um | Best HPWL=426853.12 um | Accept Rate=100.0% | Improvements: 1796/8000 (22.4%) | Refine: 8290721/8290756 (100.0%) | Explore: 3557240/3557244 (100.0%)
T=9517235.13 | W=100.4um | Current HPWL=2111965.81 um | Best HPWL=426853.12 um | Accept Rate=100.0% | Improvements: 1894/8000 (23.7%) | Refine: 8402752/8402788 (100.0%) | Explore: 3605208/3605212 (100.0%)
T=9328687.90 | W=100.4um | Current HPWL=2114340.61 um | Best HPWL=426853.12 um | Accept Rate=100.0% | Improvements: 1956/8000 (24.4%) | Refine: 8514795/8514832 (100.0%) | Explore: 3653162/3653168 (100.0%)
T=9143876.00 | W=100.4um | Current HPWL=2141469.22 um | Best HPWL=426853.12 um | Accept Rate=100.0% | Improvements: 1819/8000 (22.7%) | Refine: 8626876/8626913 (100.0%) | Explore: 3701081/3701087 (100.0%)
T=8962725.44 | W=100.4um | Current HPWL=2159032.53 um | Best HPWL=426853.12 um | Accept Rate=100.0% | Improvements: 1842/8000 (23.0%) | Refine: 8738909/8738946 (100.0%) | Explore: 3749048/3749054 (100.0%)
T=8785163.68 | W=100.4um | Current HPWL=2126683.93 um | Best HPWL=426853.12 um | Accept Rate=100.0% | Improvements: 1862/8000 (23.3%) | Refine: 8851277/8851314 (100.0%) | Explore: 3796680/3796686 (100.0%)
T=8611119.61 | W=100.4um | Current HPWL=2128214.41 um | Best HPWL=426853.12 um | Accept Rate=100.0% | Improvements: 1864/8000 (23.3%) | Refine: 8963294/8963331 (100.0%) | Explore: 3844662/3844669 (100.0%)
T=8440523.56 | W=100.4um | Current HPWL=2134959.54 um | Best HPWL=426853.12 um | Accept Rate=100.0% | Improvements: 1824/8000 (22.8%) | Refine: 9075417/9075455 (100.0%) | Explore: 3892537/3892545 (100.0%)
T=8273307.20 | W=100.4um | Current HPWL=2157026.03 um | Best HPWL=426853.12 um | Accept Rate=100.0% | Improvements: 1886/8000 (23.6%) | Refine: 9187369/9187407 (100.0%) | Explore: 3940585/3940593 (100.0%)
T=8109403.60 | W=100.4um | Current HPWL=2145067.27 um | Best HPWL=426853.12 um | Accept Rate=100.0% | Improvements: 1862/8000 (23.3%) | Refine: 9299199/9299237 (100.0%) | Explore: 3988755/3988763 (100.0%)
T=7948747.10 | W=100.4um | Current HPWL=2141143.58 um | Best HPWL=426853.12 um | Accept Rate=100.0% | Improvements: 1928/8000 (24.1%) | Refine: 9411239/9411277 (100.0%) | Explore: 4036715/4036723 (100.0%)
T=7791273.40 | W=100.4um | Current HPWL=2128914.57 um | Best HPWL=426853.12 um | Accept Rate=100.0% | Improvements: 1881/8000 (23.5%) | Refine: 9523551/9523591 (100.0%) | Explore: 4084401/4084409 (100.0%)
T=7636919.43 | W=100.4um | Current HPWL=2097306.22 um | Best HPWL=426853.12 um | Accept Rate=100.0% | Improvements: 1959/8000 (24.5%) | Refine: 9635754/9635798 (100.0%) | Explore: 4132193/4132202 (100.0%)
T=7485623.39 | W=100.4um | Current HPWL=2141577.20 um | Best HPWL=426853.12 um | Accept Rate=100.0% | Improvements: 1926/8000 (24.1%) | Refine: 9747835/9747880 (100.0%) | Explore: 4180111/4180120 (100.0%)
T=7337324.69 | W=100.4um | Current HPWL=2141958.99 um | Best HPWL=426853.12 um | Accept Rate=100.0% | Improvements: 1840/8000 (23.0%) | Refine: 9859868/9859916 (100.0%) | Explore: 4228075/4228084 (100.0%)
T=7191963.96 | W=100.4um | Current HPWL=2098482.02 um | Best HPWL=426853.12 um | Accept Rate=100.0% | Improvements: 1924/8000 (24.1%) | Refine: 9971878/9971930 (100.0%) | Explore: 4276061/4276070 (100.0%)
T=7049482.99 | W=100.4um | Current HPWL=2113131.06 um | Best HPWL=426853.12 um | Accept Rate=100.0% | Improvements: 1835/8000 (22.9%) | Refine: 10083841/10083893 (100.0%) | Explore: 4324098/4324107 (100.0%)
T=6909824.73 | W=100.4um | Current HPWL=2126427.14 um | Best HPWL=426853.12 um | Accept Rate=100.0% | Improvements: 1855/8000 (23.2%) | Refine: 10196082/10196135 (100.0%) | Explore: 4371856/4371865 (100.0%)
T=6772933.26 | W=100.4um | Current HPWL=2118238.06 um | Best HPWL=426853.12 um | Accept Rate=100.0% | Improvements: 1900/8000 (23.8%) | Refine: 10308200/10308255 (100.0%) | Explore: 4419735/4419745 (100.0%)
T=6638753.76 | W=100.4um | Current HPWL=2138128.21 um | Best HPWL=426853.12 um | Accept Rate=100.0% | Improvements: 1898/8000 (23.7%) | Refine: 10420051/10420106 (100.0%) | Explore: 4467884/4467894 (100.0%)
T=6507232.51 | W=100.4um | Current HPWL=2147149.62 um | Best HPWL=426853.12 um | Accept Rate=100.0% | Improvements: 1879/8000 (23.5%) | Refine: 10532133/10532190 (100.0%) | Explore: 4515800/4515810 (100.0%)
T=6378316.85 | W=100.4um | Current HPWL=2125211.65 um | Best HPWL=426853.12 um | Accept Rate=100.0% | Improvements: 1857/8000 (23.2%) | Refine: 10644630/10644690 (100.0%) | Explore: 4563299/4563310 (100.0%)
T=6251955.15 | W=100.4um | Current HPWL=2098381.31 um | Best HPWL=426853.12 um | Accept Rate=100.0% | Improvements: 1969/8000 (24.6%) | Refine: 10756718/10756780 (100.0%) | Explore: 4611208/4611220 (100.0%)
T=6128096.82 | W=100.4um | Current HPWL=2097617.49 um | Best HPWL=426853.12 um | Accept Rate=100.0% | Improvements: 1861/8000 (23.3%) | Refine: 10868843/10868909 (100.0%) | Explore: 4659079/4659091 (100.0%)
T=6006692.27 | W=100.4um | Current HPWL=2126645.85 um | Best HPWL=426853.12 um | Accept Rate=100.0% | Improvements: 1838/8000 (23.0%) | Refine: 10980976/10981042 (100.0%) | Explore: 4706946/4706958 (100.0%)
T=5887692.88 | W=100.4um | Current HPWL=2117393.21 um | Best HPWL=426853.12 um | Accept Rate=100.0% | Improvements: 1985/8000 (24.8%) | Refine: 11093116/11093182 (100.0%) | Explore: 4754806/4754818 (100.0%)
T=5771051.00 | W=100.4um | Current HPWL=2131205.76 um | Best HPWL=426853.12 um | Accept Rate=100.0% | Improvements: 1894/8000 (23.7%) | Refine: 11205188/11205257 (100.0%) | Explore: 4802731/4802743 (100.0%)
T=5656719.93 | W=100.4um | Current HPWL=2121667.78 um | Best HPWL=426853.12 um | Accept Rate=100.0% | Improvements: 1927/8000 (24.1%) | Refine: 11317334/11317405 (100.0%) | Explore: 4850583/4850595 (100.0%)
T=5544653.88 | W=100.4um | Current HPWL=2126612.78 um | Best HPWL=426853.12 um | Accept Rate=100.0% | Improvements: 1794/8000 (22.4%) | Refine: 11429194/11429266 (100.0%) | Explore: 4898722/4898734 (100.0%)
T=5434808.00 | W=100.4um | Current HPWL=2163671.34 um | Best HPWL=426853.12 um | Accept Rate=100.0% | Improvements: 1855/8000 (23.2%) | Refine: 11541124/11541198 (100.0%) | Explore: 4946789/4946802 (100.0%)
T=5327138.28 | W=100.4um | Current HPWL=2132058.48 um | Best HPWL=426853.12 um | Accept Rate=100.0% | Improvements: 1929/8000 (24.1%) | Refine: 11653334/11653408 (100.0%) | Explore: 4994579/4994592 (100.0%)
T=5221601.62 | W=100.4um | Current HPWL=2134785.12 um | Best HPWL=426853.12 um | Accept Rate=100.0% | Improvements: 1906/8000 (23.8%) | Refine: 11765274/11765350 (100.0%) | Explore: 5042637/5042650 (100.0%)
T=5118155.77 | W=100.4um | Current HPWL=2108300.97 um | Best HPWL=426853.12 um | Accept Rate=100.0% | Improvements: 1894/8000 (23.7%) | Refine: 11877414/11877492 (100.0%) | Explore: 5090495/5090508 (100.0%)
T=5016759.29 | W=100.4um | Current HPWL=2121105.26 um | Best HPWL=426853.12 um | Accept Rate=100.0% | Improvements: 1851/8000 (23.1%) | Refine: 11989511/11989592 (100.0%) | Explore: 5138395/5138408 (100.0%)
T=4917371.60 | W=100.4um | Current HPWL=2145322.35 um | Best HPWL=426853.12 um | Accept Rate=100.0% | Improvements: 1890/8000 (23.6%) | Refine: 12101723/12101806 (100.0%) | Explore: 5186180/5186194 (100.0%)
T=4819952.88 | W=100.4um | Current HPWL=2150358.79 um | Best HPWL=426853.12 um | Accept Rate=100.0% | Improvements: 1873/8000 (23.4%) | Refine: 12213406/12213489 (100.0%) | Explore: 5234497/5234511 (100.0%)
T=4724464.14 | W=100.4um | Current HPWL=2135237.65 um | Best HPWL=426853.12 um | Accept Rate=100.0% | Improvements: 1862/8000 (23.3%) | Refine: 12325290/12325374 (100.0%) | Explore: 5282612/5282626 (100.0%)
T=4630867.15 | W=100.4um | Current HPWL=2139361.83 um | Best HPWL=426853.12 um | Accept Rate=100.0% | Improvements: 1878/8000 (23.5%) | Refine: 12436982/12437067 (100.0%) | Explore: 5330919/5330933 (100.0%)
T=4539124.41 | W=100.4um | Current HPWL=2125744.67 um | Best HPWL=426853.12 um | Accept Rate=100.0% | Improvements: 1942/8000 (24.3%) | Refine: 12548572/12548661 (100.0%) | Explore: 5379325/5379339 (100.0%)
T=4449199.20 | W=100.4um | Current HPWL=2121059.92 um | Best HPWL=426853.12 um | Accept Rate=100.0% | Improvements: 1826/8000 (22.8%) | Refine: 12660522/12660614 (100.0%) | Explore: 5427371/5427386 (100.0%)
T=4361055.52 | W=100.4um | Current HPWL=2126813.00 um | Best HPWL=426853.12 um | Accept Rate=100.0% | Improvements: 1790/8000 (22.4%) | Refine: 12772559/12772652 (100.0%) | Explore: 5475332/5475348 (100.0%)
T=4274658.06 | W=100.4um | Current HPWL=2151196.05 um | Best HPWL=426853.12 um | Accept Rate=100.0% | Improvements: 1827/8000 (22.8%) | Refine: 12884604/12884699 (100.0%) | Explore: 5523285/5523301 (100.0%)
T=4189972.23 | W=100.4um | Current HPWL=2156311.86 um | Best HPWL=426853.12 um | Accept Rate=100.0% | Improvements: 1901/8000 (23.8%) | Refine: 12996895/12996993 (100.0%) | Explore: 5570991/5571007 (100.0%)
T=4106964.12 | W=100.4um | Current HPWL=2118612.61 um | Best HPWL=426853.12 um | Accept Rate=100.0% | Improvements: 1876/8000 (23.4%) | Refine: 13108754/13108854 (100.0%) | Explore: 5619130/5619146 (100.0%)
T=4025600.50 | W=100.4um | Current HPWL=2175130.56 um | Best HPWL=426853.12 um | Accept Rate=100.0% | Improvements: 1917/8000 (24.0%) | Refine: 13220579/13220682 (100.0%) | Explore: 5667301/5667318 (100.0%)
T=3945848.79 | W=100.4um | Current HPWL=2128199.24 um | Best HPWL=426853.12 um | Accept Rate=100.0% | Improvements: 1945/8000 (24.3%) | Refine: 13332529/13332637 (100.0%) | Explore: 5715345/5715363 (100.0%)
T=3867677.04 | W=100.4um | Current HPWL=2098814.06 um | Best HPWL=426853.12 um | Accept Rate=100.0% | Improvements: 1888/8000 (23.6%) | Refine: 13444467/13444577 (100.0%) | Explore: 5763405/5763423 (100.0%)
T=3791053.97 | W=100.4um | Current HPWL=2113962.08 um | Best HPWL=426853.12 um | Accept Rate=100.0% | Improvements: 1845/8000 (23.1%) | Refine: 13556336/13556449 (100.0%) | Explore: 5811532/5811551 (100.0%)
T=3715948.89 | W=100.4um | Current HPWL=2107064.94 um | Best HPWL=426853.12 um | Accept Rate=100.0% | Improvements: 1802/8000 (22.5%) | Refine: 13668678/13668792 (100.0%) | Explore: 5859189/5859208 (100.0%)
T=3642331.72 | W=100.4um | Current HPWL=2107313.93 um | Best HPWL=426853.12 um | Accept Rate=100.0% | Improvements: 1820/8000 (22.8%) | Refine: 13780853/13780970 (100.0%) | Explore: 5907011/5907030 (100.0%)
T=3570172.99 | W=100.4um | Current HPWL=2131586.71 um | Best HPWL=426853.12 um | Accept Rate=100.0% | Improvements: 1864/8000 (23.3%) | Refine: 13892650/13892773 (100.0%) | Explore: 5955208/5955227 (100.0%)
T=3499443.81 | W=100.4um | Current HPWL=2117896.52 um | Best HPWL=426853.12 um | Accept Rate=100.0% | Improvements: 1830/8000 (22.9%) | Refine: 14004725/14004852 (100.0%) | Explore: 6003129/6003148 (100.0%)
T=3430115.86 | W=100.4um | Current HPWL=2138717.32 um | Best HPWL=426853.12 um | Accept Rate=100.0% | Improvements: 1881/8000 (23.5%) | Refine: 14116891/14117021 (100.0%) | Explore: 6050959/6050979 (100.0%)
T=3362161.37 | W=100.4um | Current HPWL=2137691.95 um | Best HPWL=426853.12 um | Accept Rate=100.0% | Improvements: 1847/8000 (23.1%) | Refine: 14229010/14229145 (100.0%) | Explore: 6098835/6098855 (100.0%)
T=3295553.14 | W=100.4um | Current HPWL=2125368.43 um | Best HPWL=426853.12 um | Accept Rate=100.0% | Improvements: 1875/8000 (23.4%) | Refine: 14341112/14341249 (100.0%) | Explore: 6146731/6146751 (100.0%)
T=3230264.49 | W=100.4um | Current HPWL=2121407.74 um | Best HPWL=426853.12 um | Accept Rate=100.0% | Improvements: 1791/8000 (22.4%) | Refine: 14453380/14453518 (100.0%) | Explore: 6194462/6194482 (100.0%)
T=3166269.28 | W=100.4um | Current HPWL=2105333.90 um | Best HPWL=426853.12 um | Accept Rate=100.0% | Improvements: 1839/8000 (23.0%) | Refine: 14565212/14565351 (100.0%) | Explore: 6242629/6242649 (100.0%)
T=3103541.89 | W=100.4um | Current HPWL=2078657.27 um | Best HPWL=426853.12 um | Accept Rate=100.0% | Improvements: 1858/8000 (23.2%) | Refine: 14677325/14677467 (100.0%) | Explore: 6290513/6290533 (100.0%)
T=3042057.21 | W=100.4um | Current HPWL=2046880.74 um | Best HPWL=426853.12 um | Accept Rate=100.0% | Improvements: 1871/8000 (23.4%) | Refine: 14789480/14789624 (100.0%) | Explore: 6338356/6338376 (100.0%)
T=2981790.60 | W=100.4um | Current HPWL=2103854.36 um | Best HPWL=426853.12 um | Accept Rate=100.0% | Improvements: 1852/8000 (23.2%) | Refine: 14901205/14901357 (100.0%) | Explore: 6386623/6386643 (100.0%)
T=2922717.94 | W=100.4um | Current HPWL=2092541.45 um | Best HPWL=426853.12 um | Accept Rate=100.0% | Improvements: 1879/8000 (23.5%) | Refine: 15012960/15013115 (100.0%) | Explore: 6434865/6434885 (100.0%)
T=2864815.58 | W=100.4um | Current HPWL=2107504.94 um | Best HPWL=426853.12 um | Accept Rate=100.0% | Improvements: 1859/8000 (23.2%) | Refine: 15124981/15125139 (100.0%) | Explore: 6482840/6482861 (100.0%)
T=2808060.33 | W=100.4um | Current HPWL=2118297.90 um | Best HPWL=426853.12 um | Accept Rate=100.0% | Improvements: 1794/8000 (22.4%) | Refine: 15236762/15236920 (100.0%) | Explore: 6531059/6531080 (100.0%)
T=2752429.47 | W=100.4um | Current HPWL=2109486.27 um | Best HPWL=426853.12 um | Accept Rate=100.0% | Improvements: 1926/8000 (24.1%) | Refine: 15348933/15349096 (100.0%) | Explore: 6578883/6578904 (100.0%)
T=2697900.72 | W=100.4um | Current HPWL=2164400.96 um | Best HPWL=426853.12 um | Accept Rate=100.0% | Improvements: 1825/8000 (22.8%) | Refine: 15460746/15460909 (100.0%) | Explore: 6627070/6627091 (100.0%)
T=2644452.24 | W=100.4um | Current HPWL=2157204.00 um | Best HPWL=426853.12 um | Accept Rate=100.0% | Improvements: 1861/8000 (23.3%) | Refine: 15572602/15572769 (100.0%) | Explore: 6675209/6675231 (100.0%)
T=2592062.64 | W=100.4um | Current HPWL=2106528.69 um | Best HPWL=426853.12 um | Accept Rate=100.0% | Improvements: 1824/8000 (22.8%) | Refine: 15684657/15684827 (100.0%) | Explore: 6723151/6723173 (100.0%)
T=2540710.94 | W=100.4um | Current HPWL=2121616.81 um | Best HPWL=426853.12 um | Accept Rate=100.0% | Improvements: 1835/8000 (22.9%) | Refine: 15796715/15796888 (100.0%) | Explore: 6771090/6771112 (100.0%)
T=2490376.57 | W=100.4um | Current HPWL=2133676.65 um | Best HPWL=426853.12 um | Accept Rate=100.0% | Improvements: 1927/8000 (24.1%) | Refine: 15908435/15908613 (100.0%) | Explore: 6819365/6819387 (100.0%)
T=2441039.38 | W=100.4um | Current HPWL=2126373.25 um | Best HPWL=426853.12 um | Accept Rate=100.0% | Improvements: 1845/8000 (23.1%) | Refine: 16020349/16020534 (100.0%) | Explore: 6867444/6867466 (100.0%)
T=2392679.62 | W=100.4um | Current HPWL=2125322.31 um | Best HPWL=426853.12 um | Accept Rate=100.0% | Improvements: 1889/8000 (23.6%) | Refine: 16132233/16132426 (100.0%) | Explore: 6915552/6915574 (100.0%)
T=2345277.92 | W=100.4um | Current HPWL=2108811.38 um | Best HPWL=426853.12 um | Accept Rate=100.0% | Improvements: 1846/8000 (23.1%) | Refine: 16244203/16244399 (100.0%) | Explore: 6963579/6963601 (100.0%)
T=2298815.31 | W=100.4um | Current HPWL=2141629.17 um | Best HPWL=426853.12 um | Accept Rate=100.0% | Improvements: 1866/8000 (23.3%) | Refine: 16355911/16356112 (100.0%) | Explore: 7011866/7011888 (100.0%)
T=2253273.16 | W=100.4um | Current HPWL=2090503.35 um | Best HPWL=426853.12 um | Accept Rate=100.0% | Improvements: 1889/8000 (23.6%) | Refine: 16467830/16468036 (100.0%) | Explore: 7059941/7059964 (100.0%)
T=2208633.27 | W=100.4um | Current HPWL=2102742.04 um | Best HPWL=426853.12 um | Accept Rate=100.0% | Improvements: 1890/8000 (23.6%) | Refine: 16579661/16579869 (100.0%) | Explore: 7108108/7108131 (100.0%)
T=2164877.73 | W=100.4um | Current HPWL=2128134.56 um | Best HPWL=426853.12 um | Accept Rate=100.0% | Improvements: 1895/8000 (23.7%) | Refine: 16691709/16691924 (100.0%) | Explore: 7156052/7156076 (100.0%)
T=2121989.05 | W=100.4um | Current HPWL=2132460.26 um | Best HPWL=426853.12 um | Accept Rate=100.0% | Improvements: 1853/8000 (23.2%) | Refine: 16803693/16803911 (100.0%) | Explore: 7204065/7204089 (100.0%)
T=2079950.04 | W=100.4um | Current HPWL=2148231.50 um | Best HPWL=426853.12 um | Accept Rate=100.0% | Improvements: 1923/8000 (24.0%) | Refine: 16915472/16915695 (100.0%) | Explore: 7252281/7252305 (100.0%)
T=2038743.86 | W=100.4um | Current HPWL=2130024.44 um | Best HPWL=426853.12 um | Accept Rate=100.0% | Improvements: 1928/8000 (24.1%) | Refine: 17027372/17027605 (100.0%) | Explore: 7300371/7300395 (100.0%)
T=1998354.03 | W=100.4um | Current HPWL=2138891.89 um | Best HPWL=426853.12 um | Accept Rate=100.0% | Improvements: 1908/8000 (23.8%) | Refine: 17139449/17139684 (100.0%) | Explore: 7348291/7348316 (100.0%)
T=1958764.37 | W=100.4um | Current HPWL=2152340.88 um | Best HPWL=426853.12 um | Accept Rate=100.0% | Improvements: 1849/8000 (23.1%) | Refine: 17251335/17251574 (100.0%) | Explore: 7396401/7396426 (100.0%)
T=1919959.03 | W=100.4um | Current HPWL=2126303.05 um | Best HPWL=426853.12 um | Accept Rate=100.0% | Improvements: 1893/8000 (23.7%) | Refine: 17363820/17364065 (100.0%) | Explore: 7443910/7443935 (100.0%)
T=1881922.46 | W=100.4um | Current HPWL=2065548.05 um | Best HPWL=426853.12 um | Accept Rate=100.0% | Improvements: 1870/8000 (23.4%) | Refine: 17475497/17475746 (100.0%) | Explore: 7492229/7492254 (100.0%)
T=1844639.44 | W=100.4um | Current HPWL=2124113.48 um | Best HPWL=426853.12 um | Accept Rate=100.0% | Improvements: 1868/8000 (23.4%) | Refine: 17587754/17588009 (100.0%) | Explore: 7539966/7539991 (100.0%)
T=1808095.04 | W=100.4um | Current HPWL=2129708.53 um | Best HPWL=426853.12 um | Accept Rate=100.0% | Improvements: 1852/8000 (23.2%) | Refine: 17699811/17700073 (100.0%) | Explore: 7587902/7587927 (100.0%)
T=1772274.62 | W=100.4um | Current HPWL=2089784.01 um | Best HPWL=426853.12 um | Accept Rate=100.0% | Improvements: 1853/8000 (23.2%) | Refine: 17811524/17811791 (100.0%) | Explore: 7636183/7636209 (100.0%)
T=1737163.85 | W=100.4um | Current HPWL=2124517.16 um | Best HPWL=426853.12 um | Accept Rate=100.0% | Improvements: 1846/8000 (23.1%) | Refine: 17923294/17923565 (100.0%) | Explore: 7684408/7684435 (100.0%)
T=1702748.66 | W=100.4um | Current HPWL=2105753.33 um | Best HPWL=426853.12 um | Accept Rate=100.0% | Improvements: 1871/8000 (23.4%) | Refine: 18034930/18035205 (100.0%) | Explore: 7732768/7732795 (100.0%)
T=1669015.28 | W=100.4um | Current HPWL=2103585.39 um | Best HPWL=426853.12 um | Accept Rate=100.0% | Improvements: 1842/8000 (23.0%) | Refine: 18146931/18147214 (100.0%) | Explore: 7780758/7780786 (100.0%)
T=1635950.19 | W=100.4um | Current HPWL=2084017.75 um | Best HPWL=426853.12 um | Accept Rate=100.0% | Improvements: 1823/8000 (22.8%) | Refine: 18259021/18259309 (100.0%) | Explore: 7828662/7828691 (100.0%)
T=1603540.16 | W=100.4um | Current HPWL=2114668.41 um | Best HPWL=426853.12 um | Accept Rate=100.0% | Improvements: 1900/8000 (23.8%) | Refine: 18371080/18371380 (100.0%) | Explore: 7876591/7876620 (100.0%)
T=1571772.21 | W=100.4um | Current HPWL=2123700.69 um | Best HPWL=426853.12 um | Accept Rate=100.0% | Improvements: 1860/8000 (23.2%) | Refine: 18482870/18483175 (100.0%) | Explore: 7924796/7924825 (100.0%)
T=1540633.62 | W=100.4um | Current HPWL=2121495.14 um | Best HPWL=426853.12 um | Accept Rate=100.0% | Improvements: 1828/8000 (22.9%) | Refine: 18594753/18595065 (100.0%) | Explore: 7972906/7972935 (100.0%)
T=1510111.92 | W=100.4um | Current HPWL=2119015.12 um | Best HPWL=426853.12 um | Accept Rate=100.0% | Improvements: 1822/8000 (22.8%) | Refine: 18706511/18706827 (100.0%) | Explore: 8021143/8021173 (100.0%)
T=1480194.89 | W=100.4um | Current HPWL=2139785.03 um | Best HPWL=426853.12 um | Accept Rate=100.0% | Improvements: 1825/8000 (22.8%) | Refine: 18818474/18818795 (100.0%) | Explore: 8069173/8069205 (100.0%)
T=1450870.55 | W=100.4um | Current HPWL=2121477.98 um | Best HPWL=426853.12 um | Accept Rate=100.0% | Improvements: 1877/8000 (23.5%) | Refine: 18930678/18931006 (100.0%) | Explore: 8116962/8116994 (100.0%)
T=1422127.15 | W=100.4um | Current HPWL=2116209.12 um | Best HPWL=426853.12 um | Accept Rate=100.0% | Improvements: 1891/8000 (23.6%) | Refine: 19042685/19043015 (100.0%) | Explore: 8164952/8164985 (100.0%)
T=1393953.20 | W=100.4um | Current HPWL=2106493.00 um | Best HPWL=426853.12 um | Accept Rate=100.0% | Improvements: 1880/8000 (23.5%) | Refine: 19154663/19154998 (100.0%) | Explore: 8212968/8213002 (100.0%)
T=1366337.40 | W=100.4um | Current HPWL=2118428.53 um | Best HPWL=426853.12 um | Accept Rate=100.0% | Improvements: 1883/8000 (23.5%) | Refine: 19266816/19267155 (100.0%) | Explore: 8260809/8260845 (100.0%)
T=1339268.71 | W=100.4um | Current HPWL=2124985.09 um | Best HPWL=426853.12 um | Accept Rate=100.0% | Improvements: 1796/8000 (22.4%) | Refine: 19378990/19379336 (100.0%) | Explore: 8308625/8308664 (100.0%)
T=1312736.28 | W=100.4um | Current HPWL=2112133.70 um | Best HPWL=426853.12 um | Accept Rate=100.0% | Improvements: 1849/8000 (23.1%) | Refine: 19490981/19491338 (100.0%) | Explore: 8356622/8356662 (100.0%)
T=1286729.48 | W=100.4um | Current HPWL=2121107.36 um | Best HPWL=426853.12 um | Accept Rate=100.0% | Improvements: 1854/8000 (23.2%) | Refine: 19603066/19603434 (100.0%) | Explore: 8404521/8404566 (100.0%)
T=1261237.91 | W=100.4um | Current HPWL=2149156.76 um | Best HPWL=426853.12 um | Accept Rate=100.0% | Improvements: 1856/8000 (23.2%) | Refine: 19715080/19715452 (100.0%) | Explore: 8452502/8452548 (100.0%)
T=1236251.35 | W=100.4um | Current HPWL=2103325.76 um | Best HPWL=426853.12 um | Accept Rate=100.0% | Improvements: 1910/8000 (23.9%) | Refine: 19827268/19827651 (100.0%) | Explore: 8500303/8500349 (100.0%)
T=1211759.81 | W=100.4um | Current HPWL=2137399.97 um | Best HPWL=426853.12 um | Accept Rate=100.0% | Improvements: 1882/8000 (23.5%) | Refine: 19939279/19939667 (100.0%) | Explore: 8548284/8548333 (100.0%)
T=1187753.47 | W=100.4um | Current HPWL=2123524.93 um | Best HPWL=426853.12 um | Accept Rate=100.0% | Improvements: 1859/8000 (23.2%) | Refine: 20051332/20051727 (100.0%) | Explore: 8596220/8596273 (100.0%)
T=1164222.73 | W=100.4um | Current HPWL=2139437.29 um | Best HPWL=426853.12 um | Accept Rate=100.0% | Improvements: 1916/8000 (23.9%) | Refine: 20163224/20163631 (100.0%) | Explore: 8644314/8644369 (100.0%)
T=1141158.16 | W=100.4um | Current HPWL=2125129.78 um | Best HPWL=426853.12 um | Accept Rate=100.0% | Improvements: 1886/8000 (23.6%) | Refine: 20275289/20275705 (100.0%) | Explore: 8692240/8692295 (100.0%)
T=1118550.52 | W=100.4um | Current HPWL=2096956.08 um | Best HPWL=426853.12 um | Accept Rate=100.0% | Improvements: 1849/8000 (23.1%) | Refine: 20387399/20387822 (100.0%) | Explore: 8740122/8740178 (100.0%)
T=1096390.76 | W=100.4um | Current HPWL=2145727.10 um | Best HPWL=426853.12 um | Accept Rate=100.0% | Improvements: 1934/8000 (24.2%) | Refine: 20499402/20499835 (100.0%) | Explore: 8788108/8788165 (100.0%)
T=1074670.02 | W=100.4um | Current HPWL=2102487.93 um | Best HPWL=426853.12 um | Accept Rate=100.0% | Improvements: 1886/8000 (23.6%) | Refine: 20611405/20611847 (100.0%) | Explore: 8836096/8836153 (100.0%)
T=1053379.58 | W=100.4um | Current HPWL=2124954.50 um | Best HPWL=426853.12 um | Accept Rate=100.0% | Improvements: 1876/8000 (23.4%) | Refine: 20723481/20723932 (100.0%) | Explore: 8884009/8884068 (100.0%)
T=1032510.94 | W=100.4um | Current HPWL=2102703.18 um | Best HPWL=426853.12 um | Accept Rate=100.0% | Improvements: 1877/8000 (23.5%) | Refine: 20835705/20836161 (100.0%) | Explore: 8931777/8931839 (100.0%)
T=1012055.72 | W=100.4um | Current HPWL=2127824.16 um | Best HPWL=426853.12 um | Accept Rate=100.0% | Improvements: 1868/8000 (23.4%) | Refine: 20947606/20948075 (100.0%) | Explore: 8979861/8979925 (100.0%)
T=992005.75 | W=100.4um | Current HPWL=2129908.37 um | Best HPWL=426853.12 um | Accept Rate=100.0% | Improvements: 1864/8000 (23.3%) | Refine: 21059396/21059874 (100.0%) | Explore: 9028061/9028126 (100.0%)
T=972352.99 | W=100.4um | Current HPWL=2121182.74 um | Best HPWL=426853.12 um | Accept Rate=100.0% | Improvements: 1865/8000 (23.3%) | Refine: 21171378/21171867 (100.0%) | Explore: 9076067/9076133 (100.0%)
T=953089.57 | W=100.4um | Current HPWL=2134013.63 um | Best HPWL=426853.12 um | Accept Rate=100.0% | Improvements: 1885/8000 (23.6%) | Refine: 21283534/21284031 (100.0%) | Explore: 9123902/9123969 (100.0%)
T=934207.79 | W=100.4um | Current HPWL=2124589.03 um | Best HPWL=426853.12 um | Accept Rate=100.0% | Improvements: 1897/8000 (23.7%) | Refine: 21395388/21395889 (100.0%) | Explore: 9172043/9172111 (100.0%)
T=915700.07 | W=100.4um | Current HPWL=2115026.27 um | Best HPWL=426853.12 um | Accept Rate=100.0% | Improvements: 1871/8000 (23.4%) | Refine: 21507619/21508128 (100.0%) | Explore: 9219802/9219872 (100.0%)
T=897559.01 | W=100.4um | Current HPWL=2112016.12 um | Best HPWL=426853.12 um | Accept Rate=100.0% | Improvements: 1846/8000 (23.1%) | Refine: 21619889/21620403 (100.0%) | Explore: 9267526/9267597 (100.0%)
T=879777.35 | W=100.4um | Current HPWL=2121954.86 um | Best HPWL=426853.12 um | Accept Rate=100.0% | Improvements: 1807/8000 (22.6%) | Refine: 21731924/21732445 (100.0%) | Explore: 9315483/9315555 (100.0%)
T=862347.96 | W=100.4um | Current HPWL=2136553.74 um | Best HPWL=426853.12 um | Accept Rate=100.0% | Improvements: 1824/8000 (22.8%) | Refine: 21844211/21844744 (100.0%) | Explore: 9363184/9363256 (100.0%)
T=845263.87 | W=100.4um | Current HPWL=2106115.87 um | Best HPWL=426853.12 um | Accept Rate=100.0% | Improvements: 1890/8000 (23.6%) | Refine: 21956209/21956752 (100.0%) | Explore: 9411174/9411248 (100.0%)
T=828518.23 | W=100.4um | Current HPWL=2138258.97 um | Best HPWL=426853.12 um | Accept Rate=100.0% | Improvements: 1850/8000 (23.1%) | Refine: 22068551/22069102 (100.0%) | Explore: 9458824/9458898 (100.0%)
T=812104.35 | W=100.4um | Current HPWL=2108494.25 um | Best HPWL=426853.12 um | Accept Rate=100.0% | Improvements: 1807/8000 (22.6%) | Refine: 22180348/22180911 (100.0%) | Explore: 9507015/9507089 (100.0%)
T=796015.64 | W=100.4um | Current HPWL=2119430.46 um | Best HPWL=426853.12 um | Accept Rate=100.0% | Improvements: 1853/8000 (23.2%) | Refine: 22292309/22292886 (100.0%) | Explore: 9555037/9555114 (100.0%)
T=780245.66 | W=100.4um | Current HPWL=2126368.55 um | Best HPWL=426853.12 um | Accept Rate=100.0% | Improvements: 1847/8000 (23.1%) | Refine: 22404279/22404863 (100.0%) | Explore: 9603059/9603137 (100.0%)
T=764788.11 | W=100.4um | Current HPWL=2114899.90 um | Best HPWL=426853.12 um | Accept Rate=100.0% | Improvements: 1907/8000 (23.8%) | Refine: 22516273/22516866 (100.0%) | Explore: 9651056/9651134 (100.0%)
T=749636.79 | W=100.4um | Current HPWL=2135107.75 um | Best HPWL=426853.12 um | Accept Rate=100.0% | Improvements: 1850/8000 (23.1%) | Refine: 22627953/22628555 (100.0%) | Explore: 9699366/9699445 (100.0%)
T=734785.64 | W=100.4um | Current HPWL=2154902.86 um | Best HPWL=426853.12 um | Accept Rate=100.0% | Improvements: 1814/8000 (22.7%) | Refine: 22739819/22740433 (100.0%) | Explore: 9747487/9747567 (100.0%)
T=720228.70 | W=100.4um | Current HPWL=2106842.95 um | Best HPWL=426853.12 um | Accept Rate=100.0% | Improvements: 1894/8000 (23.7%) | Refine: 22851689/22852314 (100.0%) | Explore: 9795605/9795686 (100.0%)
T=705960.15 | W=100.4um | Current HPWL=2106690.91 um | Best HPWL=426853.12 um | Accept Rate=100.0% | Improvements: 1896/8000 (23.7%) | Refine: 22963903/22964539 (100.0%) | Explore: 9843377/9843461 (100.0%)
T=691974.28 | W=100.4um | Current HPWL=2088532.39 um | Best HPWL=426853.12 um | Accept Rate=100.0% | Improvements: 1862/8000 (23.3%) | Refine: 23076100/23076748 (100.0%) | Explore: 9891167/9891252 (100.0%)
T=678265.48 | W=100.4um | Current HPWL=2110130.09 um | Best HPWL=426853.12 um | Accept Rate=100.0% | Improvements: 1940/8000 (24.2%) | Refine: 23188046/23188709 (100.0%) | Explore: 9939205/9939291 (100.0%)
T=664828.27 | W=100.4um | Current HPWL=2095915.59 um | Best HPWL=426853.12 um | Accept Rate=100.0% | Improvements: 1871/8000 (23.4%) | Refine: 23300233/23300908 (100.0%) | Explore: 9987005/9987092 (100.0%)
T=651657.27 | W=100.4um | Current HPWL=2111091.09 um | Best HPWL=426853.12 um | Accept Rate=100.0% | Improvements: 1867/8000 (23.3%) | Refine: 23412405/23413092 (100.0%) | Explore: 10034818/10034908 (100.0%)
T=638747.20 | W=100.4um | Current HPWL=2089576.75 um | Best HPWL=426853.12 um | Accept Rate=100.0% | Improvements: 1899/8000 (23.7%) | Refine: 23524151/23524848 (100.0%) | Explore: 10083058/10083152 (100.0%)
T=626092.89 | W=100.4um | Current HPWL=2130253.48 um | Best HPWL=426853.12 um | Accept Rate=100.0% | Improvements: 1765/8000 (22.1%) | Refine: 23636419/23637128 (100.0%) | Explore: 10130774/10130872 (100.0%)
T=613689.28 | W=100.4um | Current HPWL=2096970.37 um | Best HPWL=426853.12 um | Accept Rate=100.0% | Improvements: 1826/8000 (22.8%) | Refine: 23748338/23749062 (100.0%) | Explore: 10178840/10178938 (100.0%)
T=601531.40 | W=100.4um | Current HPWL=2058099.50 um | Best HPWL=426853.12 um | Accept Rate=100.0% | Improvements: 1884/8000 (23.5%) | Refine: 23860329/23861070 (100.0%) | Explore: 10226827/10226930 (100.0%)
T=589614.38 | W=100.4um | Current HPWL=2091132.95 um | Best HPWL=426853.12 um | Accept Rate=100.0% | Improvements: 1868/8000 (23.4%) | Refine: 23972335/23973083 (100.0%) | Explore: 10274813/10274917 (100.0%)
T=577933.45 | W=100.4um | Current HPWL=2087655.79 um | Best HPWL=426853.12 um | Accept Rate=100.0% | Improvements: 1892/8000 (23.6%) | Refine: 24084379/24085149 (100.0%) | Explore: 10322747/10322851 (100.0%)
T=566483.93 | W=100.4um | Current HPWL=2100884.21 um | Best HPWL=426853.12 um | Accept Rate=100.0% | Improvements: 1916/8000 (23.9%) | Refine: 24196295/24197079 (100.0%) | Explore: 10370813/10370921 (100.0%)
T=555261.24 | W=100.4um | Current HPWL=2129661.85 um | Best HPWL=426853.12 um | Accept Rate=100.0% | Improvements: 1869/8000 (23.4%) | Refine: 24308305/24309101 (100.0%) | Explore: 10418789/10418899 (100.0%)
T=544260.89 | W=100.4um | Current HPWL=2126976.56 um | Best HPWL=426853.12 um | Accept Rate=100.0% | Improvements: 1858/8000 (23.2%) | Refine: 24420473/24421277 (100.0%) | Explore: 10466611/10466723 (100.0%)
T=533478.46 | W=100.4um | Current HPWL=2108692.86 um | Best HPWL=426853.12 um | Accept Rate=100.0% | Improvements: 1903/8000 (23.8%) | Refine: 24532481/24533302 (100.0%) | Explore: 10514585/10514698 (100.0%)
T=522909.65 | W=100.4um | Current HPWL=2130141.60 um | Best HPWL=426853.12 um | Accept Rate=100.0% | Improvements: 1870/8000 (23.4%) | Refine: 24644557/24645391 (100.0%) | Explore: 10562494/10562609 (100.0%)
T=512550.21 | W=100.4um | Current HPWL=2101326.45 um | Best HPWL=426853.12 um | Accept Rate=100.0% | Improvements: 1900/8000 (23.8%) | Refine: 24756436/24757295 (100.0%) | Explore: 10610588/10610705 (100.0%)
T=502396.01 | W=100.4um | Current HPWL=2106995.70 um | Best HPWL=426853.12 um | Accept Rate=100.0% | Improvements: 1881/8000 (23.5%) | Refine: 24868162/24869041 (100.0%) | Explore: 10658842/10658959 (100.0%)
T=492442.98 | W=100.4um | Current HPWL=2149556.15 um | Best HPWL=426853.12 um | Accept Rate=100.0% | Improvements: 1845/8000 (23.1%) | Refine: 24980298/24981194 (100.0%) | Explore: 10706688/10706806 (100.0%)
T=482687.12 | W=100.4um | Current HPWL=2116272.54 um | Best HPWL=426853.12 um | Accept Rate=100.0% | Improvements: 1849/8000 (23.1%) | Refine: 25092515/25093427 (100.0%) | Explore: 10754451/10754573 (100.0%)
T=473124.54 | W=100.4um | Current HPWL=2093008.86 um | Best HPWL=426853.12 um | Accept Rate=100.0% | Improvements: 1851/8000 (23.1%) | Refine: 25204839/25205781 (100.0%) | Explore: 10802097/10802219 (100.0%)
T=463751.41 | W=100.4um | Current HPWL=2126005.26 um | Best HPWL=426853.12 um | Accept Rate=100.0% | Improvements: 1820/8000 (22.8%) | Refine: 25316739/25317706 (100.0%) | Explore: 10850170/10850294 (100.0%)
T=454563.97 | W=100.4um | Current HPWL=2140097.15 um | Best HPWL=426853.12 um | Accept Rate=100.0% | Improvements: 1858/8000 (23.2%) | Refine: 25428883/25429865 (100.0%) | Explore: 10898011/10898135 (100.0%)
T=445558.54 | W=100.4um | Current HPWL=2131997.79 um | Best HPWL=426853.12 um | Accept Rate=100.0% | Improvements: 1870/8000 (23.4%) | Refine: 25540792/25541802 (100.0%) | Explore: 10946070/10946198 (100.0%)
T=436731.52 | W=100.4um | Current HPWL=2124885.50 um | Best HPWL=426853.12 um | Accept Rate=100.0% | Improvements: 1896/8000 (23.7%) | Refine: 25652583/25653619 (100.0%) | Explore: 10994253/10994381 (100.0%)
T=428079.37 | W=100.4um | Current HPWL=2111989.37 um | Best HPWL=426853.12 um | Accept Rate=100.0% | Improvements: 1843/8000 (23.0%) | Refine: 25764572/25765628 (100.0%) | Explore: 11042241/11042372 (100.0%)
T=419598.63 | W=100.4um | Current HPWL=2106968.83 um | Best HPWL=426853.12 um | Accept Rate=100.0% | Improvements: 1891/8000 (23.6%) | Refine: 25876446/25877522 (100.0%) | Explore: 11090343/11090478 (100.0%)
