
============================================================
Simulated Annealing Optimization
============================================================
Initial HPWL: 426853.12 um
Initial Temperature: 42685312.00
Cooling Rate (alpha): 0.999
Moves per Temperature: 8000
Final Temperature: 0.0001
Initial Window Size: 501.80 um
Window Cooling Rate (beta): 0.98
Move Probabilities: Refine=70.0%, Explore=30.0%
============================================================

T=42685312.00 | W=501.8um | Current HPWL=1267870.71 um | Best HPWL=426853.12 um | Accept Rate=100.0% | Improvements: 1137/8000 (14.2%) | Refine: 5565/5565 (100.0%) | Explore: 2435/2435 (100.0%)
T=41839667.51 | W=335.0um | Current HPWL=2004470.62 um | Best HPWL=426853.12 um | Accept Rate=100.0% | Improvements: 1838/8000 (23.0%) | Refine: 117698/117698 (100.0%) | Explore: 50302/50302 (100.0%)
T=41010776.21 | W=223.7um | Current HPWL=2004588.86 um | Best HPWL=426853.12 um | Accept Rate=100.0% | Improvements: 1865/8000 (23.3%) | Refine: 229958/229959 (100.0%) | Explore: 98040/98041 (100.0%)
T=40198306.17 | W=149.3um | Current HPWL=2059858.79 um | Best HPWL=426853.12 um | Accept Rate=100.0% | Improvements: 1844/8000 (23.1%) | Refine: 341931/341932 (100.0%) | Explore: 146066/146068 (100.0%)
T=39401932.10 | W=100.4um | Current HPWL=2088117.94 um | Best HPWL=426853.12 um | Accept Rate=100.0% | Improvements: 1901/8000 (23.8%) | Refine: 454222/454223 (100.0%) | Explore: 193775/193777 (100.0%)
T=38621335.09 | W=100.4um | Current HPWL=2095549.23 um | Best HPWL=426853.12 um | Accept Rate=100.0% | Improvements: 1836/8000 (22.9%) | Refine: 566382/566383 (100.0%) | Explore: 241615/241617 (100.0%)
T=37856202.60 | W=100.4um | Current HPWL=2105334.08 um | Best HPWL=426853.12 um | Accept Rate=100.0% | Improvements: 1896/8000 (23.7%) | Refine: 678316/678317 (100.0%) | Explore: 289681/289683 (100.0%)
T=37106228.26 | W=100.4um | Current HPWL=2112969.76 um | Best HPWL=426853.12 um | Accept Rate=100.0% | Improvements: 1833/8000 (22.9%) | Refine: 790093/790094 (100.0%) | Explore: 337904/337906 (100.0%)
T=36371111.75 | W=100.4um | Current HPWL=2138836.19 um | Best HPWL=426853.12 um | Accept Rate=100.0% | Improvements: 1822/8000 (22.8%) | Refine: 902012/902013 (100.0%) | Explore: 385985/385987 (100.0%)
T=35650558.74 | W=100.4um | Current HPWL=2124560.66 um | Best HPWL=426853.12 um | Accept Rate=100.0% | Improvements: 1853/8000 (23.2%) | Refine: 1014262/1014263 (100.0%) | Explore: 433735/433737 (100.0%)
T=34944280.70 | W=100.4um | Current HPWL=2128107.04 um | Best HPWL=426853.12 um | Accept Rate=100.0% | Improvements: 1877/8000 (23.5%) | Refine: 1126448/1126450 (100.0%) | Explore: 481548/481550 (100.0%)
T=34251994.84 | W=100.4um | Current HPWL=2137235.69 um | Best HPWL=426853.12 um | Accept Rate=100.0% | Improvements: 1743/8000 (21.8%) | Refine: 1238355/1238358 (100.0%) | Explore: 529640/529642 (100.0%)
T=33573423.94 | W=100.4um | Current HPWL=2139924.43 um | Best HPWL=426853.12 um | Accept Rate=100.0% | Improvements: 1887/8000 (23.6%) | Refine: 1350471/1350474 (100.0%) | Explore: 577524/577526 (100.0%)
T=32908296.30 | W=100.4um | Current HPWL=2112121.99 um | Best HPWL=426853.12 um | Accept Rate=100.0% | Improvements: 1873/8000 (23.4%) | Refine: 1462275/1462278 (100.0%) | Explore: 625720/625722 (100.0%)
T=32256345.59 | W=100.4um | Current HPWL=2144222.72 um | Best HPWL=426853.12 um | Accept Rate=100.0% | Improvements: 1843/8000 (23.0%) | Refine: 1574505/1574508 (100.0%) | Explore: 673490/673492 (100.0%)
T=31617310.77 | W=100.4um | Current HPWL=2121915.85 um | Best HPWL=426853.12 um | Accept Rate=100.0% | Improvements: 1874/8000 (23.4%) | Refine: 1686196/1686199 (100.0%) | Explore: 721799/721801 (100.0%)
T=30990935.95 | W=100.4um | Current HPWL=2113057.25 um | Best HPWL=426853.12 um | Accept Rate=100.0% | Improvements: 1852/8000 (23.2%) | Refine: 1798430/1798433 (100.0%) | Explore: 769565/769567 (100.0%)
T=30376970.33 | W=100.4um | Current HPWL=2125531.69 um | Best HPWL=426853.12 um | Accept Rate=100.0% | Improvements: 1867/8000 (23.3%) | Refine: 1910208/1910211 (100.0%) | Explore: 817787/817789 (100.0%)
T=29775168.06 | W=100.4um | Current HPWL=2120801.00 um | Best HPWL=426853.12 um | Accept Rate=100.0% | Improvements: 1870/8000 (23.4%) | Refine: 2022376/2022381 (100.0%) | Explore: 865617/865619 (100.0%)
T=29185288.19 | W=100.4um | Current HPWL=2102743.51 um | Best HPWL=426853.12 um | Accept Rate=100.0% | Improvements: 1891/8000 (23.6%) | Refine: 2134092/2134097 (100.0%) | Explore: 913901/913903 (100.0%)
T=28607094.50 | W=100.4um | Current HPWL=2099282.03 um | Best HPWL=426853.12 um | Accept Rate=100.0% | Improvements: 1833/8000 (22.9%) | Refine: 2246136/2246141 (100.0%) | Explore: 961857/961859 (100.0%)
T=28040355.48 | W=100.4um | Current HPWL=2109507.13 um | Best HPWL=426853.12 um | Accept Rate=100.0% | Improvements: 1860/8000 (23.2%) | Refine: 2358327/2358332 (100.0%) | Explore: 1009666/1009668 (100.0%)
T=27484844.21 | W=100.4um | Current HPWL=2097897.92 um | Best HPWL=426853.12 um | Accept Rate=100.0% | Improvements: 1880/8000 (23.5%) | Refine: 2470528/2470533 (100.0%) | Explore: 1057465/1057467 (100.0%)
T=26940338.24 | W=100.4um | Current HPWL=2117930.21 um | Best HPWL=426853.12 um | Accept Rate=100.0% | Improvements: 1866/8000 (23.3%) | Refine: 2582202/2582207 (100.0%) | Explore: 1105791/1105793 (100.0%)
T=26406619.56 | W=100.4um | Current HPWL=2147947.49 um | Best HPWL=426853.12 um | Accept Rate=100.0% | Improvements: 1885/8000 (23.6%) | Refine: 2694340/2694345 (100.0%) | Explore: 1153653/1153655 (100.0%)
T=25883474.45 | W=100.4um | Current HPWL=2123571.92 um | Best HPWL=426853.12 um | Accept Rate=100.0% | Improvements: 1770/8000 (22.1%) | Refine: 2806044/2806049 (100.0%) | Explore: 1201949/1201951 (100.0%)
T=25370693.44 | W=100.4um | Current HPWL=2125907.87 um | Best HPWL=426853.12 um | Accept Rate=100.0% | Improvements: 1944/8000 (24.3%) | Refine: 2917922/2917927 (100.0%) | Explore: 1250071/1250073 (100.0%)
T=24868071.20 | W=100.4um | Current HPWL=2113918.55 um | Best HPWL=426853.12 um | Accept Rate=100.0% | Improvements: 1878/8000 (23.5%) | Refine: 3029618/3029625 (100.0%) | Explore: 1298373/1298375 (100.0%)
T=24375406.48 | W=100.4um | Current HPWL=2098503.06 um | Best HPWL=426853.12 um | Accept Rate=100.0% | Improvements: 1890/8000 (23.6%) | Refine: 3141625/3141632 (100.0%) | Explore: 1346366/1346368 (100.0%)
T=23892502.01 | W=100.4um | Current HPWL=2133215.81 um | Best HPWL=426853.12 um | Accept Rate=100.0% | Improvements: 1851/8000 (23.1%) | Refine: 3253686/3253693 (100.0%) | Explore: 1394305/1394307 (100.0%)
T=23419164.42 | W=100.4um | Current HPWL=2139962.33 um | Best HPWL=426853.12 um | Accept Rate=100.0% | Improvements: 1846/8000 (23.1%) | Refine: 3365615/3365623 (100.0%) | Explore: 1442375/1442377 (100.0%)
T=22955204.19 | W=100.4um | Current HPWL=2155736.66 um | Best HPWL=426853.12 um | Accept Rate=100.0% | Improvements: 1829/8000 (22.9%) | Refine: 3477715/3477723 (100.0%) | Explore: 1490275/1490277 (100.0%)
T=22500435.54 | W=100.4um | Current HPWL=2136762.56 um | Best HPWL=426853.12 um | Accept Rate=100.0% | Improvements: 1910/8000 (23.9%) | Refine: 3589374/3589382 (100.0%) | Explore: 1538616/1538618 (100.0%)
T=22054676.37 | W=100.4um | Current HPWL=2100632.42 um | Best HPWL=426853.12 um | Accept Rate=100.0% | Improvements: 1855/8000 (23.2%) | Refine: 3701574/3701582 (100.0%) | Explore: 1586415/1586418 (100.0%)
T=21617748.19 | W=100.4um | Current HPWL=2102593.02 um | Best HPWL=426853.12 um | Accept Rate=100.0% | Improvements: 1826/8000 (22.8%) | Refine: 3813966/3813974 (100.0%) | Explore: 1634023/1634026 (100.0%)
T=21189476.06 | W=100.4um | Current HPWL=2104513.64 um | Best HPWL=426853.12 um | Accept Rate=100.0% | Improvements: 1894/8000 (23.7%) | Refine: 3926068/3926076 (100.0%) | Explore: 1681921/1681924 (100.0%)
T=20769688.49 | W=100.4um | Current HPWL=2111103.42 um | Best HPWL=426853.12 um | Accept Rate=100.0% | Improvements: 1931/8000 (24.1%) | Refine: 4038101/4038110 (100.0%) | Explore: 1729887/1729890 (100.0%)
T=20358217.38 | W=100.4um | Current HPWL=2139404.05 um | Best HPWL=426853.12 um | Accept Rate=100.0% | Improvements: 1885/8000 (23.6%) | Refine: 4150049/4150059 (100.0%) | Explore: 1777938/1777941 (100.0%)
T=19954897.99 | W=100.4um | Current HPWL=2128974.42 um | Best HPWL=426853.12 um | Accept Rate=100.0% | Improvements: 1815/8000 (22.7%) | Refine: 4262019/4262029 (100.0%) | Explore: 1825967/1825971 (100.0%)
T=19559568.80 | W=100.4um | Current HPWL=2128809.85 um | Best HPWL=426853.12 um | Accept Rate=100.0% | Improvements: 1878/8000 (23.5%) | Refine: 4374267/4374277 (100.0%) | Explore: 1873719/1873723 (100.0%)
T=19172071.54 | W=100.4um | Current HPWL=2121435.23 um | Best HPWL=426853.12 um | Accept Rate=100.0% | Improvements: 1933/8000 (24.2%) | Refine: 4486181/4486191 (100.0%) | Explore: 1921805/1921809 (100.0%)
T=18792251.04 | W=100.4um | Current HPWL=2121554.92 um | Best HPWL=426853.12 um | Accept Rate=100.0% | Improvements: 1904/8000 (23.8%) | Refine: 4598470/4598482 (100.0%) | Explore: 1969514/1969518 (100.0%)
T=18419955.22 | W=100.4um | Current HPWL=2118261.33 um | Best HPWL=426853.12 um | Accept Rate=100.0% | Improvements: 1903/8000 (23.8%) | Refine: 4710444/4710456 (100.0%) | Explore: 2017540/2017544 (100.0%)
T=18055034.99 | W=100.4um | Current HPWL=2126640.83 um | Best HPWL=426853.12 um | Accept Rate=100.0% | Improvements: 1918/8000 (24.0%) | Refine: 4822317/4822329 (100.0%) | Explore: 2065667/2065671 (100.0%)
T=17697344.26 | W=100.4um | Current HPWL=2121618.98 um | Best HPWL=426853.12 um | Accept Rate=100.0% | Improvements: 1882/8000 (23.5%) | Refine: 4934474/4934486 (100.0%) | Explore: 2113510/2113514 (100.0%)
T=17346739.78 | W=100.4um | Current HPWL=2132658.72 um | Best HPWL=426853.12 um | Accept Rate=100.0% | Improvements: 1895/8000 (23.7%) | Refine: 5046826/5046839 (100.0%) | Explore: 2161157/2161161 (100.0%)
T=17003081.17 | W=100.4um | Current HPWL=2130095.94 um | Best HPWL=426853.12 um | Accept Rate=100.0% | Improvements: 1841/8000 (23.0%) | Refine: 5159000/5159013 (100.0%) | Explore: 2208983/2208987 (100.0%)
T=16666230.83 | W=100.4um | Current HPWL=2090527.93 um | Best HPWL=426853.12 um | Accept Rate=100.0% | Improvements: 1862/8000 (23.3%) | Refine: 5270911/5270924 (100.0%) | Explore: 2257072/2257076 (100.0%)
T=16336053.88 | W=100.4um | Current HPWL=2092882.53 um | Best HPWL=426853.12 um | Accept Rate=100.0% | Improvements: 1892/8000 (23.6%) | Refine: 5382999/5383013 (100.0%) | Explore: 2304983/2304987 (100.0%)
T=16012418.11 | W=100.4um | Current HPWL=2090723.74 um | Best HPWL=426853.12 um | Accept Rate=100.0% | Improvements: 1846/8000 (23.1%) | Refine: 5495183/5495198 (100.0%) | Explore: 2352798/2352802 (100.0%)
T=15695193.93 | W=100.4um | Current HPWL=2122548.37 um | Best HPWL=426853.12 um | Accept Rate=100.0% | Improvements: 1856/8000 (23.2%) | Refine: 5607290/5607305 (100.0%) | Explore: 2400691/2400695 (100.0%)
T=15384254.32 | W=100.4um | Current HPWL=2129640.50 um | Best HPWL=426853.12 um | Accept Rate=100.0% | Improvements: 1883/8000 (23.5%) | Refine: 5719431/5719446 (100.0%) | Explore: 2448550/2448554 (100.0%)
T=15079474.78 | W=100.4um | Current HPWL=2136286.99 um | Best HPWL=426853.12 um | Accept Rate=100.0% | Improvements: 1824/8000 (22.8%) | Refine: 5831228/5831243 (100.0%) | Explore: 2496753/2496757 (100.0%)
T=14780733.26 | W=100.4um | Current HPWL=2123449.31 um | Best HPWL=426853.12 um | Accept Rate=100.0% | Improvements: 1902/8000 (23.8%) | Refine: 5943296/5943312 (100.0%) | Explore: 2544684/2544688 (100.0%)
T=14487910.16 | W=100.4um | Current HPWL=2134644.28 um | Best HPWL=426853.12 um | Accept Rate=100.0% | Improvements: 1906/8000 (23.8%) | Refine: 6055343/6055359 (100.0%) | Explore: 2592637/2592641 (100.0%)
T=14200888.21 | W=100.4um | Current HPWL=2105768.92 um | Best HPWL=426853.12 um | Accept Rate=100.0% | Improvements: 1869/8000 (23.4%) | Refine: 6167443/6167460 (100.0%) | Explore: 2640536/2640540 (100.0%)
T=13919552.50 | W=100.4um | Current HPWL=2100406.03 um | Best HPWL=426853.12 um | Accept Rate=100.0% | Improvements: 1919/8000 (24.0%) | Refine: 6279331/6279349 (100.0%) | Explore: 2688647/2688651 (100.0%)
T=13643790.36 | W=100.4um | Current HPWL=2139838.25 um | Best HPWL=426853.12 um | Accept Rate=100.0% | Improvements: 1815/8000 (22.7%) | Refine: 6391655/6391675 (100.0%) | Explore: 2736321/2736325 (100.0%)
T=13373491.39 | W=100.4um | Current HPWL=2110896.37 um | Best HPWL=426853.12 um | Accept Rate=100.0% | Improvements: 1875/8000 (23.4%) | Refine: 6503610/6503630 (100.0%) | Explore: 2784366/2784370 (100.0%)
T=13108547.34 | W=100.4um | Current HPWL=2134649.99 um | Best HPWL=426853.12 um | Accept Rate=100.0% | Improvements: 1886/8000 (23.6%) | Refine: 6615499/6615520 (100.0%) | Explore: 2832476/2832480 (100.0%)
T=12848852.14 | W=100.4um | Current HPWL=2113784.92 um | Best HPWL=426853.12 um | Accept Rate=100.0% | Improvements: 1898/8000 (23.7%) | Refine: 6727195/6727217 (100.0%) | Explore: 2880779/2880783 (100.0%)
T=12594301.79 | W=100.4um | Current HPWL=2112255.92 um | Best HPWL=426853.12 um | Accept Rate=100.0% | Improvements: 1845/8000 (23.1%) | Refine: 6839468/6839490 (100.0%) | Explore: 2928505/2928510 (100.0%)
T=12344794.38 | W=100.4um | Current HPWL=2097117.11 um | Best HPWL=426853.12 um | Accept Rate=100.0% | Improvements: 1900/8000 (23.8%) | Refine: 6951303/6951325 (100.0%) | Explore: 2976670/2976675 (100.0%)
T=12100229.99 | W=100.4um | Current HPWL=2107152.90 um | Best HPWL=426853.12 um | Accept Rate=100.0% | Improvements: 1805/8000 (22.6%) | Refine: 7063191/7063213 (100.0%) | Explore: 3024781/3024787 (100.0%)
T=11860510.69 | W=100.4um | Current HPWL=2107453.26 um | Best HPWL=426853.12 um | Accept Rate=100.0% | Improvements: 1905/8000 (23.8%) | Refine: 7174902/7174925 (100.0%) | Explore: 3073069/3073075 (100.0%)
T=11625540.51 | W=100.4um | Current HPWL=2125356.43 um | Best HPWL=426853.12 um | Accept Rate=100.0% | Improvements: 1887/8000 (23.6%) | Refine: 7286908/7286932 (100.0%) | Explore: 3121062/3121068 (100.0%)
T=11395225.36 | W=100.4um | Current HPWL=2095281.60 um | Best HPWL=426853.12 um | Accept Rate=100.0% | Improvements: 1842/8000 (23.0%) | Refine: 7398922/7398949 (100.0%) | Explore: 3169044/3169051 (100.0%)
T=11169473.01 | W=100.4um | Current HPWL=2104126.28 um | Best HPWL=426853.12 um | Accept Rate=100.0% | Improvements: 1844/8000 (23.1%) | Refine: 7511093/7511121 (100.0%) | Explore: 3216872/3216879 (100.0%)
T=10948193.07 | W=100.4um | Current HPWL=2095678.71 um | Best HPWL=426853.12 um | Accept Rate=100.0% | Improvements: 1902/8000 (23.8%) | Refine: 7623098/7623127 (100.0%) | Explore: 3264865/3264873 (100.0%)
T=10731296.94 | W=100.4um | Current HPWL=2115358.47 um | Best HPWL=426853.12 um | Accept Rate=100.0% | Improvements: 1919/8000 (24.0%) | Refine: 7735020/7735049 (100.0%) | Explore: 3312943/3312951 (100.0%)
T=10518697.76 | W=100.4um | Current HPWL=2086058.73 um | Best HPWL=426853.12 um | Accept Rate=100.0% | Improvements: 1813/8000 (22.7%) | Refine: 7846996/7847025 (100.0%) | Explore: 3360967/3360975 (100.0%)
T=10310310.42 | W=100.4um | Current HPWL=2107195.04 um | Best HPWL=426853.12 um | Accept Rate=100.0% | Improvements: 1802/8000 (22.5%) | Refine: 7958919/7958949 (100.0%) | Explore: 3409043/3409051 (100.0%)
T=10106051.47 | W=100.4um | Current HPWL=2061658.24 um | Best HPWL=426853.12 um | Accept Rate=100.0% | Improvements: 1866/8000 (23.3%) | Refine: 8070925/8070955 (100.0%) | Explore: 3457037/3457045 (100.0%)
T=9905839.11 | W=100.4um | Current HPWL=2117515.92 um | Best HPWL=426853.12 um | Accept Rate=100.0% | Improvements: 1888/8000 (23.6%) | Refine: 8183082/8183112 (100.0%) | Explore: 3504879/3504888 (100.0%)
T=9709593.20 | W=100.4um | Current HPWL=2119306.19 um | Best HPWL=426853.12 um | Accept Rate=100.0% | Improvements: 1871/8000 (23.4%) | Refine: 8295015/8295047 (100.0%) | Explore: 3552944/3552953 (100.0%)
T=9517235.13 | W=100.4um | Current HPWL=2085015.56 um | Best HPWL=426853.12 um | Accept Rate=100.0% | Improvements: 1831/8000 (22.9%) | Refine: 8407092/8407125 (100.0%) | Explore: 3600866/3600875 (100.0%)
T=9328687.90 | W=100.4um | Current HPWL=2120258.83 um | Best HPWL=426853.12 um | Accept Rate=100.0% | Improvements: 1838/8000 (23.0%) | Refine: 8519004/8519038 (100.0%) | Explore: 3648953/3648962 (100.0%)
T=9143876.00 | W=100.4um | Current HPWL=2094381.75 um | Best HPWL=426853.12 um | Accept Rate=100.0% | Improvements: 1866/8000 (23.3%) | Refine: 8630898/8630932 (100.0%) | Explore: 3697059/3697068 (100.0%)
T=8962725.44 | W=100.4um | Current HPWL=2096663.07 um | Best HPWL=426853.12 um | Accept Rate=100.0% | Improvements: 1873/8000 (23.4%) | Refine: 8742845/8742879 (100.0%) | Explore: 3745112/3745121 (100.0%)
T=8785163.68 | W=100.4um | Current HPWL=2097096.73 um | Best HPWL=426853.12 um | Accept Rate=100.0% | Improvements: 1848/8000 (23.1%) | Refine: 8854847/8854883 (100.0%) | Explore: 3793108/3793117 (100.0%)
T=8611119.61 | W=100.4um | Current HPWL=2110998.53 um | Best HPWL=426853.12 um | Accept Rate=100.0% | Improvements: 1845/8000 (23.1%) | Refine: 8966949/8966985 (100.0%) | Explore: 3841006/3841015 (100.0%)
T=8440523.56 | W=100.4um | Current HPWL=2129935.78 um | Best HPWL=426853.12 um | Accept Rate=100.0% | Improvements: 1823/8000 (22.8%) | Refine: 9078770/9078806 (100.0%) | Explore: 3889185/3889194 (100.0%)
T=8273307.20 | W=100.4um | Current HPWL=2120579.79 um | Best HPWL=426853.12 um | Accept Rate=100.0% | Improvements: 1874/8000 (23.4%) | Refine: 9190628/9190671 (100.0%) | Explore: 3937320/3937329 (100.0%)
T=8109403.60 | W=100.4um | Current HPWL=2134365.54 um | Best HPWL=426853.12 um | Accept Rate=100.0% | Improvements: 1931/8000 (24.1%) | Refine: 9302914/9302959 (100.0%) | Explore: 3985032/3985041 (100.0%)
T=7948747.10 | W=100.4um | Current HPWL=2104329.66 um | Best HPWL=426853.12 um | Accept Rate=100.0% | Improvements: 1894/8000 (23.7%) | Refine: 9414735/9414782 (100.0%) | Explore: 4033209/4033218 (100.0%)
T=7791273.40 | W=100.4um | Current HPWL=2119306.68 um | Best HPWL=426853.12 um | Accept Rate=100.0% | Improvements: 1829/8000 (22.9%) | Refine: 9526352/9526399 (100.0%) | Explore: 4081592/4081601 (100.0%)
T=7636919.43 | W=100.4um | Current HPWL=2110536.08 um | Best HPWL=426853.12 um | Accept Rate=100.0% | Improvements: 1916/8000 (23.9%) | Refine: 9638285/9638332 (100.0%) | Explore: 4129659/4129668 (100.0%)
T=7485623.39 | W=100.4um | Current HPWL=2096784.73 um | Best HPWL=426853.12 um | Accept Rate=100.0% | Improvements: 1847/8000 (23.1%) | Refine: 9750176/9750224 (100.0%) | Explore: 4177767/4177776 (100.0%)
T=7337324.69 | W=100.4um | Current HPWL=2108249.98 um | Best HPWL=426853.12 um | Accept Rate=100.0% | Improvements: 1885/8000 (23.6%) | Refine: 9862159/9862208 (100.0%) | Explore: 4225782/4225792 (100.0%)
T=7191963.96 | W=100.4um | Current HPWL=2107036.80 um | Best HPWL=426853.12 um | Accept Rate=100.0% | Improvements: 1870/8000 (23.4%) | Refine: 9973701/9973751 (100.0%) | Explore: 4274239/4274249 (100.0%)
T=7049482.99 | W=100.4um | Current HPWL=2102950.23 um | Best HPWL=426853.12 um | Accept Rate=100.0% | Improvements: 1849/8000 (23.1%) | Refine: 10085576/10085627 (100.0%) | Explore: 4322363/4322373 (100.0%)
T=6909824.73 | W=100.4um | Current HPWL=2086230.23 um | Best HPWL=426853.12 um | Accept Rate=100.0% | Improvements: 1914/8000 (23.9%) | Refine: 10197502/10197553 (100.0%) | Explore: 4370437/4370447 (100.0%)
T=6772933.26 | W=100.4um | Current HPWL=2100361.91 um | Best HPWL=426853.12 um | Accept Rate=100.0% | Improvements: 1815/8000 (22.7%) | Refine: 10309625/10309680 (100.0%) | Explore: 4418310/4418320 (100.0%)
T=6638753.76 | W=100.4um | Current HPWL=2091750.00 um | Best HPWL=426853.12 um | Accept Rate=100.0% | Improvements: 1848/8000 (23.1%) | Refine: 10421359/10421416 (100.0%) | Explore: 4466574/4466584 (100.0%)
T=6507232.51 | W=100.4um | Current HPWL=2094069.00 um | Best HPWL=426853.12 um | Accept Rate=100.0% | Improvements: 1883/8000 (23.5%) | Refine: 10533451/10533511 (100.0%) | Explore: 4514479/4514489 (100.0%)
T=6378316.85 | W=100.4um | Current HPWL=2092628.87 um | Best HPWL=426853.12 um | Accept Rate=100.0% | Improvements: 1864/8000 (23.3%) | Refine: 10645520/10645583 (100.0%) | Explore: 4562407/4562417 (100.0%)
T=6251955.15 | W=100.4um | Current HPWL=2115474.79 um | Best HPWL=426853.12 um | Accept Rate=100.0% | Improvements: 1892/8000 (23.6%) | Refine: 10757589/10757656 (100.0%) | Explore: 4610333/4610344 (100.0%)
T=6128096.82 | W=100.4um | Current HPWL=2092364.22 um | Best HPWL=426853.12 um | Accept Rate=100.0% | Improvements: 1940/8000 (24.2%) | Refine: 10869607/10869675 (100.0%) | Explore: 4658314/4658325 (100.0%)
T=6006692.27 | W=100.4um | Current HPWL=2121712.56 um | Best HPWL=426853.12 um | Accept Rate=100.0% | Improvements: 1891/8000 (23.6%) | Refine: 10981556/10981628 (100.0%) | Explore: 4706361/4706372 (100.0%)
T=5887692.88 | W=100.4um | Current HPWL=2132906.61 um | Best HPWL=426853.12 um | Accept Rate=100.0% | Improvements: 1875/8000 (23.4%) | Refine: 11093902/11093977 (100.0%) | Explore: 4754012/4754023 (100.0%)
T=5771051.00 | W=100.4um | Current HPWL=2102542.88 um | Best HPWL=426853.12 um | Accept Rate=100.0% | Improvements: 1921/8000 (24.0%) | Refine: 11205682/11205758 (100.0%) | Explore: 4802231/4802242 (100.0%)
T=5656719.93 | W=100.4um | Current HPWL=2090246.51 um | Best HPWL=426853.12 um | Accept Rate=100.0% | Improvements: 1937/8000 (24.2%) | Refine: 11317789/11317866 (100.0%) | Explore: 4850122/4850134 (100.0%)
T=5544653.88 | W=100.4um | Current HPWL=2112623.89 um | Best HPWL=426853.12 um | Accept Rate=100.0% | Improvements: 1864/8000 (23.3%) | Refine: 11429710/11429788 (100.0%) | Explore: 4898200/4898212 (100.0%)
T=5434808.00 | W=100.4um | Current HPWL=2106558.89 um | Best HPWL=426853.12 um | Accept Rate=100.0% | Improvements: 1823/8000 (22.8%) | Refine: 11541385/11541465 (100.0%) | Explore: 4946523/4946535 (100.0%)
T=5327138.28 | W=100.4um | Current HPWL=2138740.99 um | Best HPWL=426853.12 um | Accept Rate=100.0% | Improvements: 1899/8000 (23.7%) | Refine: 11653220/11653301 (100.0%) | Explore: 4994686/4994699 (100.0%)
T=5221601.62 | W=100.4um | Current HPWL=2077971.78 um | Best HPWL=426853.12 um | Accept Rate=100.0% | Improvements: 1868/8000 (23.4%) | Refine: 11765145/11765230 (100.0%) | Explore: 5042757/5042770 (100.0%)
T=5118155.77 | W=100.4um | Current HPWL=2096781.57 um | Best HPWL=426853.12 um | Accept Rate=100.0% | Improvements: 1938/8000 (24.2%) | Refine: 11877224/11877312 (100.0%) | Explore: 5090674/5090688 (100.0%)
T=5016759.29 | W=100.4um | Current HPWL=2092697.37 um | Best HPWL=426853.12 um | Accept Rate=100.0% | Improvements: 1913/8000 (23.9%) | Refine: 11989104/11989192 (100.0%) | Explore: 5138794/5138808 (100.0%)
T=4917371.60 | W=100.4um | Current HPWL=2091698.38 um | Best HPWL=426853.12 um | Accept Rate=100.0% | Improvements: 1914/8000 (23.9%) | Refine: 12101028/12101116 (100.0%) | Explore: 5186870/5186884 (100.0%)
T=4819952.88 | W=100.4um | Current HPWL=2091166.05 um | Best HPWL=426853.12 um | Accept Rate=100.0% | Improvements: 1855/8000 (23.2%) | Refine: 12212917/12213006 (100.0%) | Explore: 5234980/5234994 (100.0%)
T=4724464.14 | W=100.4um | Current HPWL=2093780.60 um | Best HPWL=426853.12 um | Accept Rate=100.0% | Improvements: 1882/8000 (23.5%) | Refine: 12324645/12324735 (100.0%) | Explore: 5283251/5283265 (100.0%)
T=4630867.15 | W=100.4um | Current HPWL=2112650.60 um | Best HPWL=426853.12 um | Accept Rate=100.0% | Improvements: 1887/8000 (23.6%) | Refine: 12436185/12436278 (100.0%) | Explore: 5331708/5331722 (100.0%)
T=4539124.41 | W=100.4um | Current HPWL=2108004.66 um | Best HPWL=426853.12 um | Accept Rate=100.0% | Improvements: 1842/8000 (23.0%) | Refine: 12548078/12548174 (100.0%) | Explore: 5379812/5379826 (100.0%)
T=4449199.20 | W=100.4um | Current HPWL=2109387.97 um | Best HPWL=426853.12 um | Accept Rate=100.0% | Improvements: 1934/8000 (24.2%) | Refine: 12659996/12660093 (100.0%) | Explore: 5427892/5427907 (100.0%)
T=4361055.52 | W=100.4um | Current HPWL=2123359.11 um | Best HPWL=426853.12 um | Accept Rate=100.0% | Improvements: 1900/8000 (23.8%) | Refine: 12771779/12771878 (100.0%) | Explore: 5476107/5476122 (100.0%)
T=4274658.06 | W=100.4um | Current HPWL=2136765.90 um | Best HPWL=426853.12 um | Accept Rate=100.0% | Improvements: 1865/8000 (23.3%) | Refine: 12883646/12883747 (100.0%) | Explore: 5524238/5524253 (100.0%)
T=4189972.23 | W=100.4um | Current HPWL=2117474.44 um | Best HPWL=426853.12 um | Accept Rate=100.0% | Improvements: 1880/8000 (23.5%) | Refine: 12995495/12995601 (100.0%) | Explore: 5572384/5572399 (100.0%)
T=4106964.12 | W=100.4um | Current HPWL=2145367.16 um | Best HPWL=426853.12 um | Accept Rate=100.0% | Improvements: 1865/8000 (23.3%) | Refine: 13107685/13107796 (100.0%) | Explore: 5620188/5620204 (100.0%)
T=4025600.50 | W=100.4um | Current HPWL=2120196.12 um | Best HPWL=426853.12 um | Accept Rate=100.0% | Improvements: 1787/8000 (22.3%) | Refine: 13219649/13219760 (100.0%) | Explore: 5668224/5668240 (100.0%)
T=3945848.79 | W=100.4um | Current HPWL=2154011.97 um | Best HPWL=426853.12 um | Accept Rate=100.0% | Improvements: 1827/8000 (22.8%) | Refine: 13331674/13331786 (100.0%) | Explore: 5716198/5716214 (100.0%)
T=3867677.04 | W=100.4um | Current HPWL=2149787.25 um | Best HPWL=426853.12 um | Accept Rate=100.0% | Improvements: 1865/8000 (23.3%) | Refine: 13443791/13443907 (100.0%) | Explore: 5764076/5764093 (100.0%)
T=3791053.97 | W=100.4um | Current HPWL=2138498.76 um | Best HPWL=426853.12 um | Accept Rate=100.0% | Improvements: 1819/8000 (22.7%) | Refine: 13555748/13555868 (100.0%) | Explore: 5812115/5812132 (100.0%)
T=3715948.89 | W=100.4um | Current HPWL=2106925.13 um | Best HPWL=426853.12 um | Accept Rate=100.0% | Improvements: 1859/8000 (23.2%) | Refine: 13667636/13667758 (100.0%) | Explore: 5860225/5860242 (100.0%)
T=3642331.72 | W=100.4um | Current HPWL=2109895.38 um | Best HPWL=426853.12 um | Accept Rate=100.0% | Improvements: 1861/8000 (23.3%) | Refine: 13779591/13779716 (100.0%) | Explore: 5908267/5908284 (100.0%)
T=3570172.99 | W=100.4um | Current HPWL=2103711.26 um | Best HPWL=426853.12 um | Accept Rate=100.0% | Improvements: 1898/8000 (23.7%) | Refine: 13891678/13891806 (100.0%) | Explore: 5956177/5956194 (100.0%)
T=3499443.81 | W=100.4um | Current HPWL=2142122.14 um | Best HPWL=426853.12 um | Accept Rate=100.0% | Improvements: 1866/8000 (23.3%) | Refine: 14003559/14003688 (100.0%) | Explore: 6004295/6004312 (100.0%)
T=3430115.86 | W=100.4um | Current HPWL=2118382.66 um | Best HPWL=426853.12 um | Accept Rate=100.0% | Improvements: 1929/8000 (24.1%) | Refine: 14115895/14116024 (100.0%) | Explore: 6051959/6051976 (100.0%)
T=3362161.37 | W=100.4um | Current HPWL=2109311.39 um | Best HPWL=426853.12 um | Accept Rate=100.0% | Improvements: 1852/8000 (23.2%) | Refine: 14228132/14228268 (100.0%) | Explore: 6099715/6099732 (100.0%)
T=3295553.14 | W=100.4um | Current HPWL=2102852.59 um | Best HPWL=426853.12 um | Accept Rate=100.0% | Improvements: 1887/8000 (23.6%) | Refine: 14340266/14340403 (100.0%) | Explore: 6147580/6147597 (100.0%)
T=3230264.49 | W=100.4um | Current HPWL=2118006.04 um | Best HPWL=426853.12 um | Accept Rate=100.0% | Improvements: 1865/8000 (23.3%) | Refine: 14451890/14452032 (100.0%) | Explore: 6195951/6195968 (100.0%)
T=3166269.28 | W=100.4um | Current HPWL=2100958.78 um | Best HPWL=426853.12 um | Accept Rate=100.0% | Improvements: 1901/8000 (23.8%) | Refine: 14563843/14563991 (100.0%) | Explore: 6243992/6244009 (100.0%)
T=3103541.89 | W=100.4um | Current HPWL=2110313.76 um | Best HPWL=426853.12 um | Accept Rate=100.0% | Improvements: 1920/8000 (24.0%) | Refine: 14675708/14675857 (100.0%) | Explore: 6292124/6292143 (100.0%)
T=3042057.21 | W=100.4um | Current HPWL=2122758.25 um | Best HPWL=426853.12 um | Accept Rate=100.0% | Improvements: 1843/8000 (23.0%) | Refine: 14787512/14787665 (100.0%) | Explore: 6340316/6340335 (100.0%)
T=2981790.60 | W=100.4um | Current HPWL=2131764.50 um | Best HPWL=426853.12 um | Accept Rate=100.0% | Improvements: 1878/8000 (23.5%) | Refine: 14899432/14899589 (100.0%) | Explore: 6388391/6388411 (100.0%)
T=2922717.94 | W=100.4um | Current HPWL=2159936.90 um | Best HPWL=426853.12 um | Accept Rate=100.0% | Improvements: 1894/8000 (23.7%) | Refine: 15011508/15011669 (100.0%) | Explore: 6436310/6436331 (100.0%)
T=2864815.58 | W=100.4um | Current HPWL=2127546.14 um | Best HPWL=426853.12 um | Accept Rate=100.0% | Improvements: 1867/8000 (23.3%) | Refine: 15123412/15123575 (100.0%) | Explore: 6484403/6484425 (100.0%)
T=2808060.33 | W=100.4um | Current HPWL=2131819.68 um | Best HPWL=426853.12 um | Accept Rate=100.0% | Improvements: 1863/8000 (23.3%) | Refine: 15235479/15235644 (100.0%) | Explore: 6532334/6532356 (100.0%)
T=2752429.47 | W=100.4um | Current HPWL=2136834.97 um | Best HPWL=426853.12 um | Accept Rate=100.0% | Improvements: 1833/8000 (22.9%) | Refine: 15347621/15347790 (100.0%) | Explore: 6580188/6580210 (100.0%)
T=2697900.72 | W=100.4um | Current HPWL=2100965.31 um | Best HPWL=426853.12 um | Accept Rate=100.0% | Improvements: 1855/8000 (23.2%) | Refine: 15459784/15459956 (100.0%) | Explore: 6628022/6628044 (100.0%)
T=2644452.24 | W=100.4um | Current HPWL=2103131.34 um | Best HPWL=426853.12 um | Accept Rate=100.0% | Improvements: 1887/8000 (23.6%) | Refine: 15571720/15571896 (100.0%) | Explore: 6676082/6676104 (100.0%)
T=2592062.64 | W=100.4um | Current HPWL=2104022.59 um | Best HPWL=426853.12 um | Accept Rate=100.0% | Improvements: 1866/8000 (23.3%) | Refine: 15683667/15683847 (100.0%) | Explore: 6724130/6724153 (100.0%)
T=2540710.94 | W=100.4um | Current HPWL=2143829.41 um | Best HPWL=426853.12 um | Accept Rate=100.0% | Improvements: 1865/8000 (23.3%) | Refine: 15795441/15795622 (100.0%) | Explore: 6772354/6772378 (100.0%)
T=2490376.57 | W=100.4um | Current HPWL=2130098.86 um | Best HPWL=426853.12 um | Accept Rate=100.0% | Improvements: 1904/8000 (23.8%) | Refine: 15907278/15907462 (100.0%) | Explore: 6820513/6820538 (100.0%)
T=2441039.38 | W=100.4um | Current HPWL=2112180.44 um | Best HPWL=426853.12 um | Accept Rate=100.0% | Improvements: 1943/8000 (24.3%) | Refine: 16019016/16019203 (100.0%) | Explore: 6868771/6868797 (100.0%)
T=2392679.62 | W=100.4um | Current HPWL=2116371.67 um | Best HPWL=426853.12 um | Accept Rate=100.0% | Improvements: 1790/8000 (22.4%) | Refine: 16131151/16131340 (100.0%) | Explore: 6916634/6916660 (100.0%)
T=2345277.92 | W=100.4um | Current HPWL=2105582.46 um | Best HPWL=426853.12 um | Accept Rate=100.0% | Improvements: 1844/8000 (23.1%) | Refine: 16243071/16243267 (100.0%) | Explore: 6964705/6964733 (100.0%)
T=2298815.31 | W=100.4um | Current HPWL=2110465.92 um | Best HPWL=426853.12 um | Accept Rate=100.0% | Improvements: 1830/8000 (22.9%) | Refine: 16355045/16355244 (100.0%) | Explore: 7012728/7012756 (100.0%)
T=2253273.16 | W=100.4um | Current HPWL=2112471.90 um | Best HPWL=426853.12 um | Accept Rate=100.0% | Improvements: 1794/8000 (22.4%) | Refine: 16467099/16467301 (100.0%) | Explore: 7060670/7060699 (100.0%)
T=2208633.27 | W=100.4um | Current HPWL=2160404.33 um | Best HPWL=426853.12 um | Accept Rate=100.0% | Improvements: 1816/8000 (22.7%) | Refine: 16579141/16579347 (100.0%) | Explore: 7108624/7108653 (100.0%)
T=2164877.73 | W=100.4um | Current HPWL=2113720.68 um | Best HPWL=426853.12 um | Accept Rate=100.0% | Improvements: 1877/8000 (23.5%) | Refine: 16691315/16691524 (100.0%) | Explore: 7156446/7156476 (100.0%)
T=2121989.05 | W=100.4um | Current HPWL=2116527.07 um | Best HPWL=426853.12 um | Accept Rate=100.0% | Improvements: 1905/8000 (23.8%) | Refine: 16802956/16803171 (100.0%) | Explore: 7204798/7204829 (100.0%)
T=2079950.04 | W=100.4um | Current HPWL=2116916.85 um | Best HPWL=426853.12 um | Accept Rate=100.0% | Improvements: 1898/8000 (23.7%) | Refine: 16915133/16915355 (100.0%) | Explore: 7252614/7252645 (100.0%)
T=2038743.86 | W=100.4um | Current HPWL=2113832.38 um | Best HPWL=426853.12 um | Accept Rate=100.0% | Improvements: 1925/8000 (24.1%) | Refine: 17026989/17027219 (100.0%) | Explore: 7300748/7300781 (100.0%)
T=1998354.03 | W=100.4um | Current HPWL=2113870.79 um | Best HPWL=426853.12 um | Accept Rate=100.0% | Improvements: 1843/8000 (23.0%) | Refine: 17139085/17139319 (100.0%) | Explore: 7348648/7348681 (100.0%)
T=1958764.37 | W=100.4um | Current HPWL=2118811.17 um | Best HPWL=426853.12 um | Accept Rate=100.0% | Improvements: 1861/8000 (23.3%) | Refine: 17251010/17251251 (100.0%) | Explore: 7396715/7396749 (100.0%)
T=1919959.03 | W=100.4um | Current HPWL=2081003.74 um | Best HPWL=426853.12 um | Accept Rate=100.0% | Improvements: 1880/8000 (23.5%) | Refine: 17362913/17363162 (100.0%) | Explore: 7444803/7444838 (100.0%)
T=1881922.46 | W=100.4um | Current HPWL=2127989.27 um | Best HPWL=426853.12 um | Accept Rate=100.0% | Improvements: 1933/8000 (24.2%) | Refine: 17475045/17475297 (100.0%) | Explore: 7492668/7492703 (100.0%)
T=1844639.44 | W=100.4um | Current HPWL=2113756.27 um | Best HPWL=426853.12 um | Accept Rate=100.0% | Improvements: 1861/8000 (23.3%) | Refine: 17586779/17587038 (100.0%) | Explore: 7540927/7540962 (100.0%)
T=1808095.04 | W=100.4um | Current HPWL=2133360.01 um | Best HPWL=426853.12 um | Accept Rate=100.0% | Improvements: 1867/8000 (23.3%) | Refine: 17698781/17699047 (100.0%) | Explore: 7588917/7588953 (100.0%)
T=1772274.62 | W=100.4um | Current HPWL=2142146.61 um | Best HPWL=426853.12 um | Accept Rate=100.0% | Improvements: 1850/8000 (23.1%) | Refine: 17810603/17810873 (100.0%) | Explore: 7637091/7637127 (100.0%)
T=1737163.85 | W=100.4um | Current HPWL=2114378.66 um | Best HPWL=426853.12 um | Accept Rate=100.0% | Improvements: 1860/8000 (23.2%) | Refine: 17923138/17923413 (100.0%) | Explore: 7684550/7684587 (100.0%)
T=1702748.66 | W=100.4um | Current HPWL=2108087.45 um | Best HPWL=426853.12 um | Accept Rate=100.0% | Improvements: 1917/8000 (24.0%) | Refine: 18035436/18035712 (100.0%) | Explore: 7732251/7732288 (100.0%)
T=1669015.28 | W=100.4um | Current HPWL=2129128.18 um | Best HPWL=426853.12 um | Accept Rate=100.0% | Improvements: 1799/8000 (22.5%) | Refine: 18147612/18147894 (100.0%) | Explore: 7780068/7780106 (100.0%)
T=1635950.19 | W=100.4um | Current HPWL=2112156.02 um | Best HPWL=426853.12 um | Accept Rate=100.0% | Improvements: 1853/8000 (23.2%) | Refine: 18259631/18259917 (100.0%) | Explore: 7828044/7828083 (100.0%)
T=1603540.16 | W=100.4um | Current HPWL=2106810.16 um | Best HPWL=426853.12 um | Accept Rate=100.0% | Improvements: 1890/8000 (23.6%) | Refine: 18371877/18372169 (100.0%) | Explore: 7875792/7875831 (100.0%)
T=1571772.21 | W=100.4um | Current HPWL=2112896.95 um | Best HPWL=426853.12 um | Accept Rate=100.0% | Improvements: 1847/8000 (23.1%) | Refine: 18483648/18483945 (100.0%) | Explore: 7924016/7924055 (100.0%)
T=1540633.62 | W=100.4um | Current HPWL=2123898.20 um | Best HPWL=426853.12 um | Accept Rate=100.0% | Improvements: 1847/8000 (23.1%) | Refine: 18595616/18595919 (100.0%) | Explore: 7972042/7972081 (100.0%)
T=1510111.92 | W=100.4um | Current HPWL=2100200.82 um | Best HPWL=426853.12 um | Accept Rate=100.0% | Improvements: 1871/8000 (23.4%) | Refine: 18707957/18708262 (100.0%) | Explore: 8019697/8019738 (100.0%)
T=1480194.89 | W=100.4um | Current HPWL=2128599.22 um | Best HPWL=426853.12 um | Accept Rate=100.0% | Improvements: 1847/8000 (23.1%) | Refine: 18820059/18820370 (100.0%) | Explore: 8067589/8067630 (100.0%)
T=1450870.55 | W=100.4um | Current HPWL=2104779.30 um | Best HPWL=426853.12 um | Accept Rate=100.0% | Improvements: 1926/8000 (24.1%) | Refine: 18932054/18932370 (100.0%) | Explore: 8115588/8115630 (100.0%)
T=1422127.15 | W=100.4um | Current HPWL=2117635.71 um | Best HPWL=426853.12 um | Accept Rate=100.0% | Improvements: 1861/8000 (23.3%) | Refine: 19044031/19044355 (100.0%) | Explore: 8163602/8163645 (100.0%)
T=1393953.20 | W=100.4um | Current HPWL=2121168.14 um | Best HPWL=426853.12 um | Accept Rate=100.0% | Improvements: 1881/8000 (23.5%) | Refine: 19155860/19156194 (100.0%) | Explore: 8211761/8211806 (100.0%)
T=1366337.40 | W=100.4um | Current HPWL=2120264.73 um | Best HPWL=426853.12 um | Accept Rate=100.0% | Improvements: 1918/8000 (24.0%) | Refine: 19267905/19268246 (100.0%) | Explore: 8259705/8259754 (100.0%)
T=1339268.71 | W=100.4um | Current HPWL=2092092.22 um | Best HPWL=426853.12 um | Accept Rate=100.0% | Improvements: 1913/8000 (23.9%) | Refine: 19380150/19380504 (100.0%) | Explore: 8307444/8307496 (100.0%)
T=1312736.28 | W=100.4um | Current HPWL=2110122.49 um | Best HPWL=426853.12 um | Accept Rate=100.0% | Improvements: 1836/8000 (22.9%) | Refine: 19492330/19492689 (100.0%) | Explore: 8355258/8355311 (100.0%)
T=1286729.48 | W=100.4um | Current HPWL=2115256.72 um | Best HPWL=426853.12 um | Accept Rate=100.0% | Improvements: 1787/8000 (22.3%) | Refine: 19604221/19604583 (100.0%) | Explore: 8403364/8403417 (100.0%)
T=1261237.91 | W=100.4um | Current HPWL=2101316.68 um | Best HPWL=426853.12 um | Accept Rate=100.0% | Improvements: 1887/8000 (23.6%) | Refine: 19716063/19716433 (100.0%) | Explore: 8451513/8451567 (100.0%)
T=1236251.35 | W=100.4um | Current HPWL=2101914.32 um | Best HPWL=426853.12 um | Accept Rate=100.0% | Improvements: 1914/8000 (23.9%) | Refine: 19828046/19828423 (100.0%) | Explore: 8499523/8499577 (100.0%)
T=1211759.81 | W=100.4um | Current HPWL=2096830.91 um | Best HPWL=426853.12 um | Accept Rate=100.0% | Improvements: 1874/8000 (23.4%) | Refine: 19940244/19940629 (100.0%) | Explore: 8547316/8547371 (100.0%)
T=1187753.47 | W=100.4um | Current HPWL=2146299.47 um | Best HPWL=426853.12 um | Accept Rate=100.0% | Improvements: 1880/8000 (23.5%) | Refine: 20052386/20052778 (100.0%) | Explore: 8595164/8595222 (100.0%)
T=1164222.73 | W=100.4um | Current HPWL=2109525.36 um | Best HPWL=426853.12 um | Accept Rate=100.0% | Improvements: 1857/8000 (23.2%) | Refine: 20164595/20164994 (100.0%) | Explore: 8642948/8643006 (100.0%)
T=1141158.16 | W=100.4um | Current HPWL=2098522.60 um | Best HPWL=426853.12 um | Accept Rate=100.0% | Improvements: 1890/8000 (23.6%) | Refine: 20276904/20277311 (100.0%) | Explore: 8690631/8690689 (100.0%)
T=1118550.52 | W=100.4um | Current HPWL=2117798.99 um | Best HPWL=426853.12 um | Accept Rate=100.0% | Improvements: 1889/8000 (23.6%) | Refine: 20388841/20389254 (100.0%) | Explore: 8738687/8738746 (100.0%)
T=1096390.76 | W=100.4um | Current HPWL=2110423.97 um | Best HPWL=426853.12 um | Accept Rate=100.0% | Improvements: 1882/8000 (23.5%) | Refine: 20501099/20501519 (100.0%) | Explore: 8786421/8786481 (100.0%)
T=1074670.02 | W=100.4um | Current HPWL=2105397.70 um | Best HPWL=426853.12 um | Accept Rate=100.0% | Improvements: 1829/8000 (22.9%) | Refine: 20612852/20613283 (100.0%) | Explore: 8834656/8834717 (100.0%)
T=1053379.58 | W=100.4um | Current HPWL=2111613.20 um | Best HPWL=426853.12 um | Accept Rate=100.0% | Improvements: 1879/8000 (23.5%) | Refine: 20724651/20725088 (100.0%) | Explore: 8882851/8882912 (100.0%)
T=1032510.94 | W=100.4um | Current HPWL=2111676.22 um | Best HPWL=426853.12 um | Accept Rate=100.0% | Improvements: 1853/8000 (23.2%) | Refine: 20836648/20837094 (100.0%) | Explore: 8930844/8930906 (100.0%)
T=1012055.72 | W=100.4um | Current HPWL=2123572.91 um | Best HPWL=426853.12 um | Accept Rate=100.0% | Improvements: 1841/8000 (23.0%) | Refine: 20948815/20949270 (100.0%) | Explore: 8978668/8978730 (100.0%)
T=992005.75 | W=100.4um | Current HPWL=2122105.72 um | Best HPWL=426853.12 um | Accept Rate=100.0% | Improvements: 1839/8000 (23.0%) | Refine: 21060732/21061195 (100.0%) | Explore: 9026743/9026805 (100.0%)
T=972352.99 | W=100.4um | Current HPWL=2121785.45 um | Best HPWL=426853.12 um | Accept Rate=100.0% | Improvements: 1811/8000 (22.6%) | Refine: 21172671/21173142 (100.0%) | Explore: 9074796/9074858 (100.0%)
T=953089.57 | W=100.4um | Current HPWL=2119265.07 um | Best HPWL=426853.12 um | Accept Rate=100.0% | Improvements: 1865/8000 (23.3%) | Refine: 21284700/21285181 (100.0%) | Explore: 9122753/9122819 (100.0%)
T=934207.79 | W=100.4um | Current HPWL=2109528.34 um | Best HPWL=426853.12 um | Accept Rate=100.0% | Improvements: 1802/8000 (22.5%) | Refine: 21396693/21397188 (100.0%) | Explore: 9170746/9170812 (100.0%)
T=915700.07 | W=100.4um | Current HPWL=2094937.50 um | Best HPWL=426853.12 um | Accept Rate=100.0% | Improvements: 1866/8000 (23.3%) | Refine: 21508754/21509261 (100.0%) | Explore: 9218673/9218739 (100.0%)
T=897559.01 | W=100.4um | Current HPWL=2090972.65 um | Best HPWL=426853.12 um | Accept Rate=100.0% | Improvements: 1924/8000 (24.1%) | Refine: 21620642/21621155 (100.0%) | Explore: 9266778/9266845 (100.0%)
T=879777.35 | W=100.4um | Current HPWL=2078221.42 um | Best HPWL=426853.12 um | Accept Rate=100.0% | Improvements: 1855/8000 (23.2%) | Refine: 21732957/21733480 (100.0%) | Explore: 9314451/9314520 (100.0%)
T=862347.96 | W=100.4um | Current HPWL=2091154.06 um | Best HPWL=426853.12 um | Accept Rate=100.0% | Improvements: 1915/8000 (23.9%) | Refine: 21845010/21845543 (100.0%) | Explore: 9362388/9362457 (100.0%)
T=845263.87 | W=100.4um | Current HPWL=2104154.59 um | Best HPWL=426853.12 um | Accept Rate=100.0% | Improvements: 1906/8000 (23.8%) | Refine: 21956942/21957485 (100.0%) | Explore: 9410445/9410515 (100.0%)
T=828518.23 | W=100.4um | Current HPWL=2077294.60 um | Best HPWL=426853.12 um | Accept Rate=100.0% | Improvements: 1862/8000 (23.3%) | Refine: 22068880/22069436 (100.0%) | Explore: 9458493/9458564 (100.0%)
T=812104.35 | W=100.4um | Current HPWL=2109462.56 um | Best HPWL=426853.12 um | Accept Rate=100.0% | Improvements: 1891/8000 (23.6%) | Refine: 22180558/22181119 (100.0%) | Explore: 9506810/9506881 (100.0%)
T=796015.64 | W=100.4um | Current HPWL=2116522.20 um | Best HPWL=426853.12 um | Accept Rate=100.0% | Improvements: 1858/8000 (23.2%) | Refine: 22292243/22292816 (100.0%) | Explore: 9555112/9555184 (100.0%)
T=780245.66 | W=100.4um | Current HPWL=2121028.40 um | Best HPWL=426853.12 um | Accept Rate=100.0% | Improvements: 1882/8000 (23.5%) | Refine: 22404383/22404963 (100.0%) | Explore: 9602965/9603037 (100.0%)
T=764788.11 | W=100.4um | Current HPWL=2110128.60 um | Best HPWL=426853.12 um | Accept Rate=100.0% | Improvements: 1889/8000 (23.6%) | Refine: 22516541/22517134 (100.0%) | Explore: 9650792/9650866 (100.0%)
T=749636.79 | W=100.4um | Current HPWL=2110355.95 um | Best HPWL=426853.12 um | Accept Rate=100.0% | Improvements: 1899/8000 (23.7%) | Refine: 22628796/22629397 (100.0%) | Explore: 9698525/9698603 (100.0%)
T=734785.64 | W=100.4um | Current HPWL=2132851.85 um | Best HPWL=426853.12 um | Accept Rate=100.0% | Improvements: 1870/8000 (23.4%) | Refine: 22740724/22741337 (100.0%) | Explore: 9746585/9746663 (100.0%)
T=720228.70 | W=100.4um | Current HPWL=2131235.36 um | Best HPWL=426853.12 um | Accept Rate=100.0% | Improvements: 1874/8000 (23.4%) | Refine: 22852753/22853376 (100.0%) | Explore: 9794546/9794624 (100.0%)
T=705960.15 | W=100.4um | Current HPWL=2123582.37 um | Best HPWL=426853.12 um | Accept Rate=100.0% | Improvements: 1873/8000 (23.4%) | Refine: 22964705/22965338 (100.0%) | Explore: 9842584/9842662 (100.0%)
T=691974.28 | W=100.4um | Current HPWL=2082501.40 um | Best HPWL=426853.12 um | Accept Rate=100.0% | Improvements: 1869/8000 (23.4%) | Refine: 23076800/23077451 (100.0%) | Explore: 9890470/9890549 (100.0%)
T=678265.48 | W=100.4um | Current HPWL=2150069.51 um | Best HPWL=426853.12 um | Accept Rate=100.0% | Improvements: 1823/8000 (22.8%) | Refine: 23188413/23189081 (100.0%) | Explore: 9938840/9938919 (100.0%)
T=664828.27 | W=100.4um | Current HPWL=2108487.89 um | Best HPWL=426853.12 um | Accept Rate=100.0% | Improvements: 1825/8000 (22.8%) | Refine: 23300650/23301330 (100.0%) | Explore: 9986590/9986670 (100.0%)
T=651657.27 | W=100.4um | Current HPWL=2096622.38 um | Best HPWL=426853.12 um | Accept Rate=100.0% | Improvements: 1881/8000 (23.5%) | Refine: 23412486/23413180 (100.0%) | Explore: 10034739/10034820 (100.0%)
T=638747.20 | W=100.4um | Current HPWL=2141670.12 um | Best HPWL=426853.12 um | Accept Rate=100.0% | Improvements: 1808/8000 (22.6%) | Refine: 23524617/23525329 (100.0%) | Explore: 10082588/10082671 (100.0%)
T=626092.89 | W=100.4um | Current HPWL=2138940.39 um | Best HPWL=426853.12 um | Accept Rate=100.0% | Improvements: 1964/8000 (24.6%) | Refine: 23636616/23637350 (100.0%) | Explore: 10130567/10130650 (100.0%)
T=613689.28 | W=100.4um | Current HPWL=2127750.44 um | Best HPWL=426853.12 um | Accept Rate=100.0% | Improvements: 1822/8000 (22.8%) | Refine: 23748357/23749102 (100.0%) | Explore: 10178811/10178898 (100.0%)
T=601531.40 | W=100.4um | Current HPWL=2117831.30 um | Best HPWL=426853.12 um | Accept Rate=100.0% | Improvements: 1904/8000 (23.8%) | Refine: 23860559/23861319 (100.0%) | Explore: 10226593/10226681 (100.0%)
T=589614.38 | W=100.4um | Current HPWL=2120446.44 um | Best HPWL=426853.12 um | Accept Rate=100.0% | Improvements: 1875/8000 (23.4%) | Refine: 23972576/23973348 (100.0%) | Explore: 10274562/10274652 (100.0%)
T=577933.45 | W=100.4um | Current HPWL=2105955.35 um | Best HPWL=426853.12 um | Accept Rate=100.0% | Improvements: 1957/8000 (24.5%) | Refine: 24084363/24085158 (100.0%) | Explore: 10322750/10322842 (100.0%)
T=566483.93 | W=100.4um | Current HPWL=2121469.22 um | Best HPWL=426853.12 um | Accept Rate=100.0% | Improvements: 1882/8000 (23.5%) | Refine: 24196005/24196814 (100.0%) | Explore: 10371092/10371186 (100.0%)
T=555261.24 | W=100.4um | Current HPWL=2111969.18 um | Best HPWL=426853.12 um | Accept Rate=100.0% | Improvements: 1887/8000 (23.6%) | Refine: 24307736/24308564 (100.0%) | Explore: 10419340/10419436 (100.0%)
T=544260.89 | W=100.4um | Current HPWL=2106731.78 um | Best HPWL=426853.12 um | Accept Rate=100.0% | Improvements: 1852/8000 (23.2%) | Refine: 24419946/24420795 (100.0%) | Explore: 10467107/10467205 (100.0%)
T=533478.46 | W=100.4um | Current HPWL=2098884.74 um | Best HPWL=426853.12 um | Accept Rate=100.0% | Improvements: 1908/8000 (23.8%) | Refine: 24531602/24532473 (100.0%) | Explore: 10515422/10515527 (100.0%)
T=522909.65 | W=100.4um | Current HPWL=2086524.76 um | Best HPWL=426853.12 um | Accept Rate=100.0% | Improvements: 1822/8000 (22.8%) | Refine: 24643911/24644802 (100.0%) | Explore: 10563092/10563198 (100.0%)
T=512550.21 | W=100.4um | Current HPWL=2096740.82 um | Best HPWL=426853.12 um | Accept Rate=100.0% | Improvements: 1893/8000 (23.7%) | Refine: 24755852/24756761 (100.0%) | Explore: 10611132/10611239 (100.0%)
T=502396.01 | W=100.4um | Current HPWL=2117097.29 um | Best HPWL=426853.12 um | Accept Rate=100.0% | Improvements: 1836/8000 (22.9%) | Refine: 24867888/24868815 (100.0%) | Explore: 10659076/10659185 (100.0%)
T=492442.98 | W=100.4um | Current HPWL=2130025.48 um | Best HPWL=426853.12 um | Accept Rate=100.0% | Improvements: 1818/8000 (22.7%) | Refine: 24979671/24980618 (100.0%) | Explore: 10707270/10707382 (100.0%)
T=482687.12 | W=100.4um | Current HPWL=2134880.09 um | Best HPWL=426853.12 um | Accept Rate=100.0% | Improvements: 1861/8000 (23.3%) | Refine: 25091767/25092731 (100.0%) | Explore: 10755153/10755269 (100.0%)
T=473124.54 | W=100.4um | Current HPWL=2122529.25 um | Best HPWL=426853.12 um | Accept Rate=100.0% | Improvements: 1892/8000 (23.6%) | Refine: 25203931/25204914 (100.0%) | Explore: 10802969/10803086 (100.0%)
T=463751.41 | W=100.4um | Current HPWL=2113580.40 um | Best HPWL=426853.12 um | Accept Rate=100.0% | Improvements: 1843/8000 (23.0%) | Refine: 25315859/25316863 (100.0%) | Explore: 10851017/10851137 (100.0%)
T=454563.97 | W=100.4um | Current HPWL=2101866.68 um | Best HPWL=426853.12 um | Accept Rate=100.0% | Improvements: 1867/8000 (23.3%) | Refine: 25427732/25428757 (100.0%) | Explore: 10899121/10899243 (100.0%)
T=445558.54 | W=100.4um | Current HPWL=2113536.85 um | Best HPWL=426853.12 um | Accept Rate=100.0% | Improvements: 1872/8000 (23.4%) | Refine: 25539585/25540634 (100.0%) | Explore: 10947240/10947366 (100.0%)
T=436731.52 | W=100.4um | Current HPWL=2100248.42 um | Best HPWL=426853.12 um | Accept Rate=100.0% | Improvements: 1871/8000 (23.4%) | Refine: 25651320/25652387 (100.0%) | Explore: 10995486/10995613 (100.0%)
T=428079.37 | W=100.4um | Current HPWL=2126224.95 um | Best HPWL=426853.12 um | Accept Rate=100.0% | Improvements: 1847/8000 (23.1%) | Refine: 25763168/25764257 (100.0%) | Explore: 11043616/11043743 (100.0%)
T=419598.63 | W=100.4um | Current HPWL=2116623.69 um | Best HPWL=426853.12 um | Accept Rate=100.0% | Improvements: 1865/8000 (23.3%) | Refine: 25875257/25876362 (100.0%) | Explore: 11091509/11091638 (100.0%)
