# Log file for: designs/6502_mapped.json
# Configuration: {'alpha': 0.98, 'moves': 600, 't_final': 0.001, '_use_greedy_placement': True, '_greedy_placement': 'build/6502/greedy/6502_placement.json'}
# Start time: 2025-11-23T09:17:24.395537
# Command: /home/mohab/Downloads/work/venv/bin/python placer.py --design designs/6502_mapped.json --fabric-cells fabric/fabric_cells.yaml --pins fabric/pins.yaml --output build/6502/sa_alpha0.98_moves600_Tfinal0.001 --sa-alpha 0.98 --sa-moves 600 --sa-T-final 0.001 --initial-placement build/6502/greedy/6502_placement.json --seed 1460620392
================================================================================

Random seed set to: 1460620392
Loading initial placement from: build/6502/greedy/6502_placement.json

============================================================
Simulated Annealing Optimization
============================================================
Initial HPWL: 431210.20 um
Initial Temperature: 4312102000.00
Cooling Rate (alpha): 0.98
Moves per Temperature: 600
Final Temperature: 0.001
Initial Window Size: 501.80 um
Window Cooling Rate (beta): 0.98
Move Probabilities: Refine=70.0%, Explore=30.0%
============================================================

T=4312102000.00 | W=501.8um | Current HPWL=601526.26 um | Best HPWL=431210.20 um | Accept Rate=100.0% | Improvements: 30/600 (5.0%) | Refine: 432/432 (100.0%) | Explore: 168/168 (100.0%)
T=3523301284.73 | W=410.0um | Current HPWL=1153754.93 um | Best HPWL=431210.20 um | Accept Rate=100.0% | Improvements: 132/600 (22.0%) | Refine: 4604/4604 (100.0%) | Explore: 1996/1996 (100.0%)
T=2878793670.22 | W=335.0um | Current HPWL=1293286.81 um | Best HPWL=431210.20 um | Accept Rate=100.0% | Improvements: 126/600 (21.0%) | Refine: 8807/8807 (100.0%) | Explore: 3793/3793 (100.0%)
T=2352184024.58 | W=273.7um | Current HPWL=1350971.15 um | Best HPWL=431210.20 um | Accept Rate=100.0% | Improvements: 127/600 (21.2%) | Refine: 13051/13051 (100.0%) | Explore: 5549/5549 (100.0%)
T=1921905603.28 | W=223.7um | Current HPWL=1390606.91 um | Best HPWL=431210.20 um | Accept Rate=100.0% | Improvements: 142/600 (23.7%) | Refine: 17207/17207 (100.0%) | Explore: 7393/7393 (100.0%)
T=1570336805.84 | W=182.7um | Current HPWL=1429285.09 um | Best HPWL=431210.20 um | Accept Rate=100.0% | Improvements: 143/600 (23.8%) | Refine: 21417/21417 (100.0%) | Explore: 9183/9183 (100.0%)
T=1283079501.71 | W=149.3um | Current HPWL=1446694.92 um | Best HPWL=431210.20 um | Accept Rate=100.0% | Improvements: 141/600 (23.5%) | Refine: 25600/25600 (100.0%) | Explore: 11000/11000 (100.0%)
T=1048369369.92 | W=122.0um | Current HPWL=1457250.89 um | Best HPWL=431210.20 um | Accept Rate=100.0% | Improvements: 135/600 (22.5%) | Refine: 29785/29785 (100.0%) | Explore: 12815/12815 (100.0%)
T=856594103.74 | W=100.4um | Current HPWL=1461896.19 um | Best HPWL=431210.20 um | Accept Rate=100.0% | Improvements: 128/600 (21.3%) | Refine: 34029/34029 (100.0%) | Explore: 14571/14571 (100.0%)
T=699899748.70 | W=100.4um | Current HPWL=1471960.98 um | Best HPWL=431210.20 um | Accept Rate=100.0% | Improvements: 128/600 (21.3%) | Refine: 38260/38260 (100.0%) | Explore: 16340/16340 (100.0%)
T=571869052.21 | W=100.4um | Current HPWL=1485021.41 um | Best HPWL=431210.20 um | Accept Rate=100.0% | Improvements: 133/600 (22.2%) | Refine: 42427/42427 (100.0%) | Explore: 18173/18173 (100.0%)
T=467258651.66 | W=100.4um | Current HPWL=1484096.83 um | Best HPWL=431210.20 um | Accept Rate=100.0% | Improvements: 153/600 (25.5%) | Refine: 46639/46639 (100.0%) | Explore: 19961/19961 (100.0%)
T=381784338.06 | W=100.4um | Current HPWL=1476337.83 um | Best HPWL=431210.20 um | Accept Rate=100.0% | Improvements: 153/600 (25.5%) | Refine: 50852/50852 (100.0%) | Explore: 21748/21748 (100.0%)
T=311945600.72 | W=100.4um | Current HPWL=1496410.61 um | Best HPWL=431210.20 um | Accept Rate=100.0% | Improvements: 130/600 (21.7%) | Refine: 55025/55025 (100.0%) | Explore: 23575/23575 (100.0%)
T=254882267.58 | W=100.4um | Current HPWL=1502310.23 um | Best HPWL=431210.20 um | Accept Rate=100.0% | Improvements: 140/600 (23.3%) | Refine: 59288/59288 (100.0%) | Explore: 25312/25312 (100.0%)
T=208257369.80 | W=100.4um | Current HPWL=1504489.18 um | Best HPWL=431210.20 um | Accept Rate=100.0% | Improvements: 148/600 (24.7%) | Refine: 63442/63442 (100.0%) | Explore: 27158/27158 (100.0%)
T=170161433.69 | W=100.4um | Current HPWL=1504435.71 um | Best HPWL=431210.20 um | Accept Rate=100.0% | Improvements: 122/600 (20.3%) | Refine: 67691/67691 (100.0%) | Explore: 28909/28909 (100.0%)
T=139034280.25 | W=100.4um | Current HPWL=1499726.61 um | Best HPWL=431210.20 um | Accept Rate=100.0% | Improvements: 143/600 (23.8%) | Refine: 71922/71922 (100.0%) | Explore: 30678/30678 (100.0%)
T=113601129.62 | W=100.4um | Current HPWL=1505065.58 um | Best HPWL=431210.20 um | Accept Rate=100.0% | Improvements: 129/600 (21.5%) | Refine: 76176/76176 (100.0%) | Explore: 32424/32424 (100.0%)
T=92820393.84 | W=100.4um | Current HPWL=1514948.01 um | Best HPWL=431210.20 um | Accept Rate=100.0% | Improvements: 139/600 (23.2%) | Refine: 80381/80381 (100.0%) | Explore: 34219/34219 (100.0%)
T=75841019.73 | W=100.4um | Current HPWL=1502075.57 um | Best HPWL=431210.20 um | Accept Rate=100.0% | Improvements: 149/600 (24.8%) | Refine: 84618/84618 (100.0%) | Explore: 35982/35982 (100.0%)
T=61967634.87 | W=100.4um | Current HPWL=1535125.10 um | Best HPWL=431210.20 um | Accept Rate=100.0% | Improvements: 144/600 (24.0%) | Refine: 88835/88835 (100.0%) | Explore: 37765/37765 (100.0%)
T=50632069.36 | W=100.4um | Current HPWL=1539287.36 um | Best HPWL=431210.20 um | Accept Rate=100.0% | Improvements: 129/600 (21.5%) | Refine: 93053/93053 (100.0%) | Explore: 39547/39547 (100.0%)
T=41370087.03 | W=100.4um | Current HPWL=1530519.90 um | Best HPWL=431210.20 um | Accept Rate=100.0% | Improvements: 124/600 (20.7%) | Refine: 97209/97209 (100.0%) | Explore: 41391/41391 (100.0%)
T=33802373.13 | W=100.4um | Current HPWL=1537221.21 um | Best HPWL=431210.20 um | Accept Rate=100.0% | Improvements: 119/600 (19.8%) | Refine: 101363/101363 (100.0%) | Explore: 43237/43237 (100.0%)
T=27618999.89 | W=100.4um | Current HPWL=1550032.78 um | Best HPWL=431210.20 um | Accept Rate=100.0% | Improvements: 145/600 (24.2%) | Refine: 105582/105582 (100.0%) | Explore: 45018/45018 (100.0%)
T=22566733.77 | W=100.4um | Current HPWL=1559534.48 um | Best HPWL=431210.20 um | Accept Rate=100.0% | Improvements: 132/600 (22.0%) | Refine: 109789/109789 (100.0%) | Explore: 46811/46811 (100.0%)
T=18438664.50 | W=100.4um | Current HPWL=1559274.75 um | Best HPWL=431210.20 um | Accept Rate=100.0% | Improvements: 153/600 (25.5%) | Refine: 113992/113992 (100.0%) | Explore: 48608/48608 (100.0%)
T=15065731.36 | W=100.4um | Current HPWL=1565907.57 um | Best HPWL=431210.20 um | Accept Rate=100.0% | Improvements: 124/600 (20.7%) | Refine: 118157/118157 (100.0%) | Explore: 50443/50443 (100.0%)
T=12309799.41 | W=100.4um | Current HPWL=1579831.88 um | Best HPWL=431210.20 um | Accept Rate=100.0% | Improvements: 143/600 (23.8%) | Refine: 122327/122327 (100.0%) | Explore: 52273/52273 (100.0%)
T=10058002.36 | W=100.4um | Current HPWL=1555740.41 um | Best HPWL=431210.20 um | Accept Rate=100.0% | Improvements: 129/600 (21.5%) | Refine: 126616/126616 (100.0%) | Explore: 53984/53984 (100.0%)
T=8218120.22 | W=100.4um | Current HPWL=1574340.25 um | Best HPWL=431210.20 um | Accept Rate=100.0% | Improvements: 133/600 (22.2%) | Refine: 130872/130872 (100.0%) | Explore: 55728/55728 (100.0%)
T=6714802.55 | W=100.4um | Current HPWL=1569000.75 um | Best HPWL=431210.20 um | Accept Rate=100.0% | Improvements: 147/600 (24.5%) | Refine: 135058/135058 (100.0%) | Explore: 57541/57542 (100.0%)
T=5486482.57 | W=100.4um | Current HPWL=1592788.41 um | Best HPWL=431210.20 um | Accept Rate=100.0% | Improvements: 144/600 (24.0%) | Refine: 139259/139259 (100.0%) | Explore: 59340/59341 (100.0%)
T=4482855.71 | W=100.4um | Current HPWL=1610266.23 um | Best HPWL=431210.20 um | Accept Rate=100.0% | Improvements: 136/600 (22.7%) | Refine: 143482/143482 (100.0%) | Explore: 61117/61118 (100.0%)
T=3662819.50 | W=100.4um | Current HPWL=1632255.25 um | Best HPWL=431210.20 um | Accept Rate=100.0% | Improvements: 125/600 (20.8%) | Refine: 147723/147723 (100.0%) | Explore: 62876/62877 (100.0%)
T=2992790.21 | W=100.4um | Current HPWL=1620774.08 um | Best HPWL=431210.20 um | Accept Rate=100.0% | Improvements: 127/600 (21.2%) | Refine: 152017/152017 (100.0%) | Explore: 64582/64583 (100.0%)
T=2445327.50 | W=100.4um | Current HPWL=1611910.63 um | Best HPWL=431210.20 um | Accept Rate=100.0% | Improvements: 143/600 (23.8%) | Refine: 156174/156174 (100.0%) | Explore: 66425/66426 (100.0%)
T=1998010.60 | W=100.4um | Current HPWL=1613340.65 um | Best HPWL=431210.20 um | Accept Rate=100.0% | Improvements: 154/600 (25.7%) | Refine: 160385/160385 (100.0%) | Explore: 68214/68215 (100.0%)
T=1632520.13 | W=100.4um | Current HPWL=1593721.38 um | Best HPWL=431210.20 um | Accept Rate=100.0% | Improvements: 146/600 (24.3%) | Refine: 164528/164528 (100.0%) | Explore: 70071/70072 (100.0%)
T=1333887.81 | W=100.4um | Current HPWL=1611626.42 um | Best HPWL=431210.20 um | Accept Rate=100.0% | Improvements: 138/600 (23.0%) | Refine: 168728/168728 (100.0%) | Explore: 71870/71872 (100.0%)
T=1089883.45 | W=100.4um | Current HPWL=1638215.02 um | Best HPWL=431210.20 um | Accept Rate=100.0% | Improvements: 126/600 (21.0%) | Refine: 172936/172936 (100.0%) | Explore: 73662/73664 (100.0%)
T=890514.13 | W=100.4um | Current HPWL=1624411.66 um | Best HPWL=431210.20 um | Accept Rate=100.0% | Improvements: 147/600 (24.5%) | Refine: 177131/177131 (100.0%) | Explore: 75467/75469 (100.0%)
T=727614.88 | W=100.4um | Current HPWL=1636878.58 um | Best HPWL=431210.20 um | Accept Rate=100.0% | Improvements: 134/600 (22.3%) | Refine: 181336/181338 (100.0%) | Explore: 77260/77262 (100.0%)
T=594514.33 | W=100.4um | Current HPWL=1651270.04 um | Best HPWL=431210.20 um | Accept Rate=100.0% | Improvements: 142/600 (23.7%) | Refine: 185469/185471 (100.0%) | Explore: 79127/79129 (100.0%)
T=485761.50 | W=100.4um | Current HPWL=1661597.37 um | Best HPWL=431210.20 um | Accept Rate=100.0% | Improvements: 152/600 (25.3%) | Refine: 189655/189658 (100.0%) | Explore: 80940/80942 (100.0%)
T=396902.51 | W=100.4um | Current HPWL=1645756.00 um | Best HPWL=431210.20 um | Accept Rate=100.0% | Improvements: 147/600 (24.5%) | Refine: 193837/193841 (100.0%) | Explore: 82757/82759 (100.0%)
T=324298.25 | W=100.4um | Current HPWL=1658126.95 um | Best HPWL=431210.20 um | Accept Rate=100.0% | Improvements: 155/600 (25.8%) | Refine: 198025/198030 (100.0%) | Explore: 84568/84570 (100.0%)
T=264975.28 | W=100.4um | Current HPWL=1660484.18 um | Best HPWL=431210.20 um | Accept Rate=100.0% | Improvements: 153/600 (25.5%) | Refine: 202246/202255 (100.0%) | Explore: 86343/86345 (100.0%)
T=216504.09 | W=100.4um | Current HPWL=1654354.74 um | Best HPWL=431210.20 um | Accept Rate=100.0% | Improvements: 148/600 (24.7%) | Refine: 206414/206423 (100.0%) | Explore: 88175/88177 (100.0%)
T=176899.61 | W=100.4um | Current HPWL=1644941.34 um | Best HPWL=431210.20 um | Accept Rate=100.0% | Improvements: 157/600 (26.2%) | Refine: 210632/210641 (100.0%) | Explore: 89957/89959 (100.0%)
T=144539.86 | W=100.4um | Current HPWL=1671802.16 um | Best HPWL=431210.20 um | Accept Rate=100.0% | Improvements: 158/600 (26.3%) | Refine: 214828/214838 (100.0%) | Explore: 91760/91762 (100.0%)
T=118099.59 | W=100.4um | Current HPWL=1668230.17 um | Best HPWL=431210.20 um | Accept Rate=100.0% | Improvements: 148/600 (24.7%) | Refine: 219033/219044 (100.0%) | Explore: 93554/93556 (100.0%)
T=96495.96 | W=100.4um | Current HPWL=1657692.91 um | Best HPWL=431210.20 um | Accept Rate=100.0% | Improvements: 156/600 (26.0%) | Refine: 223218/223230 (100.0%) | Explore: 95366/95370 (100.0%)
T=78844.23 | W=100.4um | Current HPWL=1681842.91 um | Best HPWL=431210.20 um | Accept Rate=100.0% | Improvements: 135/600 (22.5%) | Refine: 227423/227437 (100.0%) | Explore: 97159/97163 (100.0%)
T=64421.47 | W=100.4um | Current HPWL=1666232.51 um | Best HPWL=431210.20 um | Accept Rate=100.0% | Improvements: 138/600 (23.0%) | Refine: 231621/231638 (100.0%) | Explore: 98958/98962 (100.0%)
T=52637.03 | W=100.4um | Current HPWL=1666132.56 um | Best HPWL=431210.20 um | Accept Rate=100.0% | Improvements: 148/600 (24.7%) | Refine: 235889/235913 (100.0%) | Explore: 100680/100687 (100.0%)
T=43008.29 | W=100.4um | Current HPWL=1662945.06 um | Best HPWL=431210.20 um | Accept Rate=100.0% | Improvements: 128/600 (21.3%) | Refine: 240039/240065 (100.0%) | Explore: 102528/102535 (100.0%)
T=35140.90 | W=100.4um | Current HPWL=1680898.49 um | Best HPWL=431210.20 um | Accept Rate=99.8% | Improvements: 141/600 (23.5%) | Refine: 244272/244306 (100.0%) | Explore: 104287/104294 (100.0%)
T=28712.68 | W=100.4um | Current HPWL=1680826.64 um | Best HPWL=431210.20 um | Accept Rate=99.8% | Improvements: 149/600 (24.8%) | Refine: 248466/248507 (100.0%) | Explore: 106083/106093 (100.0%)
T=23460.35 | W=100.4um | Current HPWL=1676770.24 um | Best HPWL=431210.20 um | Accept Rate=99.8% | Improvements: 157/600 (26.2%) | Refine: 252623/252673 (100.0%) | Explore: 107917/107927 (100.0%)
T=19168.81 | W=100.4um | Current HPWL=1685246.54 um | Best HPWL=431210.20 um | Accept Rate=99.8% | Improvements: 147/600 (24.5%) | Refine: 256829/256887 (100.0%) | Explore: 109702/109713 (100.0%)
T=15662.32 | W=100.4um | Current HPWL=1686823.63 um | Best HPWL=431210.20 um | Accept Rate=99.3% | Improvements: 147/600 (24.5%) | Refine: 261023/261095 (100.0%) | Explore: 111492/111505 (100.0%)
T=12797.25 | W=100.4um | Current HPWL=1690372.80 um | Best HPWL=431210.20 um | Accept Rate=99.5% | Improvements: 150/600 (25.0%) | Refine: 265232/265325 (100.0%) | Explore: 113259/113275 (100.0%)
T=10456.29 | W=100.4um | Current HPWL=1685431.74 um | Best HPWL=431210.20 um | Accept Rate=99.5% | Improvements: 135/600 (22.5%) | Refine: 269432/269548 (100.0%) | Explore: 115032/115052 (100.0%)
T=8543.55 | W=100.4um | Current HPWL=1678475.66 um | Best HPWL=431210.20 um | Accept Rate=99.3% | Improvements: 153/600 (25.5%) | Refine: 273604/273745 (99.9%) | Explore: 116830/116855 (100.0%)
T=6980.70 | W=100.4um | Current HPWL=1685723.38 um | Best HPWL=431210.20 um | Accept Rate=98.8% | Improvements: 123/600 (20.5%) | Refine: 277805/277982 (99.9%) | Explore: 118589/118618 (100.0%)
T=5703.74 | W=100.4um | Current HPWL=1696074.40 um | Best HPWL=431210.20 um | Accept Rate=99.3% | Improvements: 161/600 (26.8%) | Refine: 281973/282180 (99.9%) | Explore: 120388/120420 (100.0%)
T=4660.37 | W=100.4um | Current HPWL=1689046.32 um | Best HPWL=431210.20 um | Accept Rate=98.7% | Improvements: 117/600 (19.5%) | Refine: 286059/286319 (99.9%) | Explore: 122242/122281 (100.0%)
T=3807.86 | W=100.4um | Current HPWL=1678019.36 um | Best HPWL=431210.20 um | Accept Rate=98.8% | Improvements: 144/600 (24.0%) | Refine: 290197/290526 (99.9%) | Explore: 124026/124074 (100.0%)
T=3111.30 | W=100.4um | Current HPWL=1701532.57 um | Best HPWL=431210.20 um | Accept Rate=98.3% | Improvements: 125/600 (20.8%) | Refine: 294249/294670 (99.9%) | Explore: 125866/125930 (99.9%)
T=2542.16 | W=100.4um | Current HPWL=1665133.57 um | Best HPWL=431210.20 um | Accept Rate=97.2% | Improvements: 129/600 (21.5%) | Refine: 298358/298872 (99.8%) | Explore: 127648/127728 (99.9%)
T=2077.13 | W=100.4um | Current HPWL=1655624.08 um | Best HPWL=431210.20 um | Accept Rate=97.5% | Improvements: 136/600 (22.7%) | Refine: 302420/303041 (99.8%) | Explore: 129467/129559 (99.9%)
T=1697.17 | W=100.4um | Current HPWL=1626786.38 um | Best HPWL=431210.20 um | Accept Rate=96.8% | Improvements: 134/600 (22.3%) | Refine: 306495/307251 (99.8%) | Explore: 131234/131349 (99.9%)
T=1386.71 | W=100.4um | Current HPWL=1632958.29 um | Best HPWL=431210.20 um | Accept Rate=96.2% | Improvements: 115/600 (19.2%) | Refine: 310532/311467 (99.7%) | Explore: 132983/133133 (99.9%)
T=1133.04 | W=100.4um | Current HPWL=1610756.75 um | Best HPWL=431210.20 um | Accept Rate=96.2% | Improvements: 137/600 (22.8%) | Refine: 314489/315623 (99.6%) | Explore: 134789/134977 (99.9%)
T=925.78 | W=100.4um | Current HPWL=1586211.24 um | Best HPWL=431210.20 um | Accept Rate=93.5% | Improvements: 130/600 (21.7%) | Refine: 318458/319821 (99.6%) | Explore: 136543/136779 (99.8%)
T=756.43 | W=100.4um | Current HPWL=1573084.11 um | Best HPWL=431210.20 um | Accept Rate=91.7% | Improvements: 113/600 (18.8%) | Refine: 322332/323980 (99.5%) | Explore: 138326/138620 (99.8%)
T=618.06 | W=100.4um | Current HPWL=1513771.47 um | Best HPWL=431210.20 um | Accept Rate=92.7% | Improvements: 124/600 (20.7%) | Refine: 326227/328244 (99.4%) | Explore: 140005/140356 (99.7%)
T=505.00 | W=100.4um | Current HPWL=1480230.11 um | Best HPWL=431210.20 um | Accept Rate=92.7% | Improvements: 125/600 (20.8%) | Refine: 329892/332352 (99.3%) | Explore: 141809/142248 (99.7%)
T=412.62 | W=100.4um | Current HPWL=1446219.67 um | Best HPWL=431210.20 um | Accept Rate=88.0% | Improvements: 101/600 (16.8%) | Refine: 333628/336609 (99.1%) | Explore: 143460/143991 (99.6%)
T=337.14 | W=100.4um | Current HPWL=1396213.19 um | Best HPWL=431210.20 um | Accept Rate=87.5% | Improvements: 110/600 (18.3%) | Refine: 337174/340770 (98.9%) | Explore: 145175/145830 (99.6%)
T=275.47 | W=100.4um | Current HPWL=1371871.03 um | Best HPWL=431210.20 um | Accept Rate=85.7% | Improvements: 95/600 (15.8%) | Refine: 340720/345005 (98.8%) | Explore: 146806/147595 (99.5%)
T=225.08 | W=100.4um | Current HPWL=1339660.99 um | Best HPWL=431210.20 um | Accept Rate=82.3% | Improvements: 102/600 (17.0%) | Refine: 344208/349221 (98.6%) | Explore: 148428/149379 (99.4%)
T=183.90 | W=100.4um | Current HPWL=1301441.37 um | Best HPWL=431210.20 um | Accept Rate=81.8% | Improvements: 106/600 (17.7%) | Refine: 347664/353426 (98.4%) | Explore: 150061/151174 (99.3%)
T=150.26 | W=100.4um | Current HPWL=1261904.30 um | Best HPWL=431210.20 um | Accept Rate=81.8% | Improvements: 107/600 (17.8%) | Refine: 351086/357668 (98.2%) | Explore: 151599/152932 (99.1%)
T=122.78 | W=100.4um | Current HPWL=1225901.12 um | Best HPWL=431210.20 um | Accept Rate=80.7% | Improvements: 96/600 (16.0%) | Refine: 354445/361891 (97.9%) | Explore: 153128/154709 (99.0%)
T=100.32 | W=100.4um | Current HPWL=1187339.96 um | Best HPWL=431210.20 um | Accept Rate=78.5% | Improvements: 100/600 (16.7%) | Refine: 357708/366064 (97.7%) | Explore: 154645/156536 (98.8%)
T=81.97 | W=100.4um | Current HPWL=1150379.50 um | Best HPWL=431210.20 um | Accept Rate=79.7% | Improvements: 85/600 (14.2%) | Refine: 360940/370219 (97.5%) | Explore: 156131/158381 (98.6%)
T=66.97 | W=100.4um | Current HPWL=1117030.53 um | Best HPWL=431210.20 um | Accept Rate=77.8% | Improvements: 89/600 (14.8%) | Refine: 364107/374386 (97.3%) | Explore: 157589/160214 (98.4%)
T=54.72 | W=100.4um | Current HPWL=1076919.77 um | Best HPWL=431210.20 um | Accept Rate=75.2% | Improvements: 104/600 (17.3%) | Refine: 367336/378635 (97.0%) | Explore: 158919/161965 (98.1%)
T=44.71 | W=100.4um | Current HPWL=1047123.45 um | Best HPWL=431210.20 um | Accept Rate=70.2% | Improvements: 73/600 (12.2%) | Refine: 370476/382876 (96.8%) | Explore: 160209/163724 (97.9%)
T=36.53 | W=100.4um | Current HPWL=1012279.69 um | Best HPWL=431210.20 um | Accept Rate=73.3% | Improvements: 88/600 (14.7%) | Refine: 373585/387021 (96.5%) | Explore: 161492/165579 (97.5%)
T=29.85 | W=100.4um | Current HPWL=978268.93 um | Best HPWL=431210.20 um | Accept Rate=66.2% | Improvements: 63/600 (10.5%) | Refine: 376694/391220 (96.3%) | Explore: 162671/167380 (97.2%)
T=24.39 | W=100.4um | Current HPWL=949744.79 um | Best HPWL=431210.20 um | Accept Rate=69.8% | Improvements: 73/600 (12.2%) | Refine: 379786/395419 (96.0%) | Explore: 163791/169181 (96.8%)
T=19.93 | W=100.4um | Current HPWL=920583.93 um | Best HPWL=431210.20 um | Accept Rate=70.0% | Improvements: 55/600 (9.2%) | Refine: 382864/399607 (95.8%) | Explore: 164877/170993 (96.4%)
T=16.28 | W=100.4um | Current HPWL=893250.62 um | Best HPWL=431210.20 um | Accept Rate=65.3% | Improvements: 64/600 (10.7%) | Refine: 385919/403825 (95.6%) | Explore: 165911/172775 (96.0%)
T=13.30 | W=100.4um | Current HPWL=863317.10 um | Best HPWL=431210.20 um | Accept Rate=69.7% | Improvements: 70/600 (11.7%) | Refine: 389002/408045 (95.3%) | Explore: 166900/174555 (95.6%)
T=10.87 | W=100.4um | Current HPWL=837787.36 um | Best HPWL=431210.20 um | Accept Rate=64.7% | Improvements: 64/600 (10.7%) | Refine: 391958/412172 (95.1%) | Explore: 167901/176428 (95.2%)
T=8.88 | W=100.4um | Current HPWL=810566.64 um | Best HPWL=431210.20 um | Accept Rate=68.8% | Improvements: 74/600 (12.3%) | Refine: 394948/416347 (94.9%) | Explore: 168872/178253 (94.7%)
T=7.26 | W=100.4um | Current HPWL=787298.06 um | Best HPWL=431210.20 um | Accept Rate=63.3% | Improvements: 49/600 (8.2%) | Refine: 398050/420572 (94.6%) | Explore: 169754/180028 (94.3%)
T=5.93 | W=100.4um | Current HPWL=767771.04 um | Best HPWL=431210.20 um | Accept Rate=63.3% | Improvements: 46/600 (7.7%) | Refine: 401085/424813 (94.4%) | Explore: 170558/181787 (93.8%)
T=4.84 | W=100.4um | Current HPWL=746998.06 um | Best HPWL=431210.20 um | Accept Rate=63.2% | Improvements: 54/600 (9.0%) | Refine: 404090/428978 (94.2%) | Explore: 171432/183622 (93.4%)
T=3.96 | W=100.4um | Current HPWL=728403.72 um | Best HPWL=431210.20 um | Accept Rate=62.5% | Improvements: 51/600 (8.5%) | Refine: 407147/433153 (94.0%) | Explore: 172235/185447 (92.9%)
T=3.23 | W=100.4um | Current HPWL=708633.18 um | Best HPWL=431210.20 um | Accept Rate=60.7% | Improvements: 54/600 (9.0%) | Refine: 410111/437324 (93.8%) | Explore: 172983/187276 (92.4%)
T=2.64 | W=100.4um | Current HPWL=694177.98 um | Best HPWL=431210.20 um | Accept Rate=62.3% | Improvements: 38/600 (6.3%) | Refine: 413103/441517 (93.6%) | Explore: 173740/189083 (91.9%)
T=2.16 | W=100.4um | Current HPWL=678651.42 um | Best HPWL=431210.20 um | Accept Rate=61.2% | Improvements: 42/600 (7.0%) | Refine: 416161/445763 (93.4%) | Explore: 174446/190837 (91.4%)
T=1.76 | W=100.4um | Current HPWL=661726.66 um | Best HPWL=431210.20 um | Accept Rate=61.5% | Improvements: 52/600 (8.7%) | Refine: 419194/449947 (93.2%) | Explore: 175154/192653 (90.9%)
T=1.44 | W=100.4um | Current HPWL=645079.78 um | Best HPWL=431210.20 um | Accept Rate=64.3% | Improvements: 47/600 (7.8%) | Refine: 422216/454108 (93.0%) | Explore: 175899/194492 (90.4%)
T=1.18 | W=100.4um | Current HPWL=632301.46 um | Best HPWL=431210.20 um | Accept Rate=61.5% | Improvements: 45/600 (7.5%) | Refine: 425215/458273 (92.8%) | Explore: 176593/196327 (89.9%)
T=0.96 | W=100.4um | Current HPWL=619895.60 um | Best HPWL=431210.20 um | Accept Rate=60.8% | Improvements: 48/600 (8.0%) | Refine: 428229/462481 (92.6%) | Explore: 177263/198119 (89.5%)
T=0.79 | W=100.4um | Current HPWL=607444.36 um | Best HPWL=431210.20 um | Accept Rate=61.5% | Improvements: 48/600 (8.0%) | Refine: 431316/466706 (92.4%) | Explore: 177881/199894 (89.0%)
T=0.64 | W=100.4um | Current HPWL=595677.46 um | Best HPWL=431210.20 um | Accept Rate=58.0% | Improvements: 44/600 (7.3%) | Refine: 434237/470838 (92.2%) | Explore: 178525/201762 (88.5%)
T=0.52 | W=100.4um | Current HPWL=584309.13 um | Best HPWL=431210.20 um | Accept Rate=61.2% | Improvements: 41/600 (6.8%) | Refine: 437261/475037 (92.0%) | Explore: 179169/203563 (88.0%)
T=0.43 | W=100.4um | Current HPWL=574174.23 um | Best HPWL=431210.20 um | Accept Rate=60.3% | Improvements: 39/600 (6.5%) | Refine: 440284/479193 (91.9%) | Explore: 179770/205407 (87.5%)
T=0.35 | W=100.4um | Current HPWL=563634.65 um | Best HPWL=431210.20 um | Accept Rate=60.2% | Improvements: 36/600 (6.0%) | Refine: 443270/483326 (91.7%) | Explore: 180402/207274 (87.0%)
T=0.29 | W=100.4um | Current HPWL=553602.89 um | Best HPWL=431210.20 um | Accept Rate=60.2% | Improvements: 29/600 (4.8%) | Refine: 446331/487569 (91.5%) | Explore: 181000/209031 (86.6%)
T=0.23 | W=100.4um | Current HPWL=543886.17 um | Best HPWL=431210.20 um | Accept Rate=61.3% | Improvements: 36/600 (6.0%) | Refine: 449325/491748 (91.4%) | Explore: 181580/210852 (86.1%)
T=0.19 | W=100.4um | Current HPWL=535910.79 um | Best HPWL=431210.20 um | Accept Rate=58.3% | Improvements: 24/600 (4.0%) | Refine: 452386/495985 (91.2%) | Explore: 182124/212615 (85.7%)
T=0.16 | W=100.4um | Current HPWL=528060.97 um | Best HPWL=431210.20 um | Accept Rate=60.3% | Improvements: 35/600 (5.8%) | Refine: 455376/500147 (91.0%) | Explore: 182689/214453 (85.2%)
T=0.13 | W=100.4um | Current HPWL=518737.34 um | Best HPWL=431210.20 um | Accept Rate=59.7% | Improvements: 32/600 (5.3%) | Refine: 458388/504371 (90.9%) | Explore: 183253/216229 (84.7%)
T=0.10 | W=100.4um | Current HPWL=511544.94 um | Best HPWL=431210.20 um | Accept Rate=60.2% | Improvements: 26/600 (4.3%) | Refine: 461365/508561 (90.7%) | Explore: 183811/218039 (84.3%)
T=0.09 | W=100.4um | Current HPWL=504602.36 um | Best HPWL=431210.20 um | Accept Rate=60.0% | Improvements: 38/600 (6.3%) | Refine: 464392/512717 (90.6%) | Explore: 184388/219883 (83.9%)
T=0.07 | W=100.4um | Current HPWL=498183.12 um | Best HPWL=431210.20 um | Accept Rate=56.8% | Improvements: 26/600 (4.3%) | Refine: 467353/516924 (90.4%) | Explore: 184923/221676 (83.4%)
T=0.06 | W=100.4um | Current HPWL=490530.64 um | Best HPWL=431210.20 um | Accept Rate=60.0% | Improvements: 30/600 (5.0%) | Refine: 470322/521084 (90.3%) | Explore: 185502/223516 (83.0%)
T=0.05 | W=100.4um | Current HPWL=483171.70 um | Best HPWL=431210.20 um | Accept Rate=57.5% | Improvements: 32/600 (5.3%) | Refine: 473316/525317 (90.1%) | Explore: 186021/225283 (82.6%)
T=0.04 | W=100.4um | Current HPWL=475791.94 um | Best HPWL=431210.20 um | Accept Rate=60.3% | Improvements: 27/600 (4.5%) | Refine: 476316/529518 (90.0%) | Explore: 186579/227082 (82.2%)
T=0.03 | W=100.4um | Current HPWL=470111.24 um | Best HPWL=431210.20 um | Accept Rate=52.5% | Improvements: 19/600 (3.2%) | Refine: 479323/533728 (89.8%) | Explore: 187054/228872 (81.7%)
T=0.03 | W=100.4um | Current HPWL=464035.12 um | Best HPWL=431210.20 um | Accept Rate=59.0% | Improvements: 35/600 (5.8%) | Refine: 482362/537958 (89.7%) | Explore: 187552/230642 (81.3%)
T=0.02 | W=100.4um | Current HPWL=457059.90 um | Best HPWL=431210.20 um | Accept Rate=57.7% | Improvements: 32/600 (5.3%) | Refine: 485313/542101 (89.5%) | Explore: 188072/232499 (80.9%)
T=0.02 | W=100.4um | Current HPWL=451718.28 um | Best HPWL=431210.20 um | Accept Rate=56.0% | Improvements: 21/600 (3.5%) | Refine: 488264/546270 (89.4%) | Explore: 188576/234330 (80.5%)
T=0.01 | W=100.4um | Current HPWL=446508.76 um | Best HPWL=431210.20 um | Accept Rate=58.5% | Improvements: 32/600 (5.3%) | Refine: 491178/550438 (89.2%) | Explore: 189103/236162 (80.1%)
T=0.01 | W=100.4um | Current HPWL=439852.84 um | Best HPWL=431210.20 um | Accept Rate=56.5% | Improvements: 31/600 (5.2%) | Refine: 494162/554600 (89.1%) | Explore: 189621/238000 (79.7%)
T=0.01 | W=100.4um | Current HPWL=434195.24 um | Best HPWL=431210.20 um | Accept Rate=59.0% | Improvements: 25/600 (4.2%) | Refine: 497118/558782 (89.0%) | Explore: 190138/239818 (79.3%)
  → Found improvement! New best HPWL: 429708.22 um (improvement: -27.20 um)
  → Found improvement! New best HPWL: 429671.62 um (improvement: -36.60 um)
  → Found improvement! New best HPWL: 429669.70 um (improvement: -1.92 um)
  → Found improvement! New best HPWL: 429653.38 um (improvement: -16.32 um)
  → Found improvement! New best HPWL: 429623.48 um (improvement: -29.90 um)
  → Found improvement! New best HPWL: 429616.58 um (improvement: -6.90 um)
  → Found improvement! New best HPWL: 429581.64 um (improvement: -34.94 um)
  → Found improvement! New best HPWL: 429565.54 um (improvement: -16.10 um)
  → Found improvement! New best HPWL: 429557.34 um (improvement: -8.20 um)
  → Found improvement! New best HPWL: 429529.26 um (improvement: -28.08 um)
  → Found improvement! New best HPWL: 429526.54 um (improvement: -2.72 um)
  → Found improvement! New best HPWL: 429494.10 um (improvement: -32.44 um)
  → Found improvement! New best HPWL: 429447.92 um (improvement: -46.18 um)
  → Found improvement! New best HPWL: 429444.38 um (improvement: -3.54 um)
  → Found improvement! New best HPWL: 429422.00 um (improvement: -22.38 um)
  → Found improvement! New best HPWL: 429403.78 um (improvement: -18.22 um)
  → Found improvement! New best HPWL: 429401.06 um (improvement: -2.72 um)
  → Found improvement! New best HPWL: 429393.54 um (improvement: -7.52 um)
  → Found improvement! New best HPWL: 429364.98 um (improvement: -28.56 um)
  → Found improvement! New best HPWL: 429354.10 um (improvement: -10.88 um)
  → Found improvement! New best HPWL: 429327.50 um (improvement: -26.60 um)
  → Found improvement! New best HPWL: 429309.94 um (improvement: -17.56 um)
  → Found improvement! New best HPWL: 429247.62 um (improvement: -62.32 um)
T=0.01 | W=100.4um | Current HPWL=429247.62 um | Best HPWL=429247.62 um | Accept Rate=58.3% | Improvements: 24/600 (4.0%) | Refine: 500132/562987 (88.8%) | Explore: 190583/241613 (78.9%)
  → Found improvement! New best HPWL: 424365.10 um (improvement: -60.68 um)
  → Found improvement! New best HPWL: 424362.80 um (improvement: -2.30 um)
  → Found improvement! New best HPWL: 424351.92 um (improvement: -10.88 um)
  → Found improvement! New best HPWL: 424312.22 um (improvement: -39.70 um)
  → Found improvement! New best HPWL: 424260.78 um (improvement: -51.44 um)
  → Found improvement! New best HPWL: 424228.14 um (improvement: -32.64 um)
  → Found improvement! New best HPWL: 424227.30 um (improvement: -0.84 um)
  → Found improvement! New best HPWL: 424156.18 um (improvement: -71.12 um)
  → Found improvement! New best HPWL: 424128.58 um (improvement: -27.60 um)
  → Found improvement! New best HPWL: 424118.10 um (improvement: -10.48 um)
  → Found improvement! New best HPWL: 424115.80 um (improvement: -2.30 um)
  → Found improvement! New best HPWL: 424057.08 um (improvement: -58.72 um)
  → Found improvement! New best HPWL: 424048.92 um (improvement: -8.16 um)
  → Found improvement! New best HPWL: 424048.92 um (improvement: 0.00 um)
  → Found improvement! New best HPWL: 424002.58 um (improvement: -46.34 um)
  → Found improvement! New best HPWL: 423986.26 um (improvement: -16.32 um)
  → Found improvement! New best HPWL: 423966.90 um (improvement: -19.36 um)
  → Found improvement! New best HPWL: 423859.82 um (improvement: -107.08 um)
  → Found improvement! New best HPWL: 423832.22 um (improvement: -27.60 um)
  → Found improvement! New best HPWL: 423832.22 um (improvement: 0.00 um)
  → Found improvement! New best HPWL: 423673.02 um (improvement: -159.20 um)
  → Found improvement! New best HPWL: 423662.54 um (improvement: -10.48 um)
T=0.01 | W=100.4um | Current HPWL=423662.54 um | Best HPWL=423662.54 um | Accept Rate=60.3% | Improvements: 21/600 (3.5%) | Refine: 503174/567238 (88.7%) | Explore: 191034/243362 (78.5%)
  → Found improvement! New best HPWL: 419164.65 um (improvement: -24.48 um)
  → Found improvement! New best HPWL: 419121.13 um (improvement: -43.52 um)
  → Found improvement! New best HPWL: 419096.67 um (improvement: -24.46 um)
  → Found improvement! New best HPWL: 418974.77 um (improvement: -121.90 um)
  → Found improvement! New best HPWL: 418965.61 um (improvement: -9.16 um)
  → Found improvement! New best HPWL: 418941.95 um (improvement: -23.66 um)
  → Found improvement! New best HPWL: 418935.05 um (improvement: -6.90 um)
  → Found improvement! New best HPWL: 418921.87 um (improvement: -13.18 um)
  → Found improvement! New best HPWL: 418894.27 um (improvement: -27.60 um)
  → Found improvement! New best HPWL: 418861.63 um (improvement: -32.64 um)
  → Found improvement! New best HPWL: 418836.85 um (improvement: -24.78 um)
  → Found improvement! New best HPWL: 418793.33 um (improvement: -43.52 um)
  → Found improvement! New best HPWL: 418786.89 um (improvement: -6.44 um)
  → Found improvement! New best HPWL: 418784.59 um (improvement: -2.30 um)
  → Found improvement! New best HPWL: 418769.41 um (improvement: -15.18 um)
  → Found improvement! New best HPWL: 418744.11 um (improvement: -25.30 um)
  → Found improvement! New best HPWL: 418734.37 um (improvement: -9.74 um)
  → Found improvement! New best HPWL: 418658.45 um (improvement: -75.92 um)
  → Found improvement! New best HPWL: 418656.15 um (improvement: -2.30 um)
  → Found improvement! New best HPWL: 418637.53 um (improvement: -18.62 um)
  → Found improvement! New best HPWL: 418634.81 um (improvement: -2.72 um)
  → Found improvement! New best HPWL: 418634.81 um (improvement: 0.00 um)
  → Found improvement! New best HPWL: 418621.25 um (improvement: -13.56 um)
T=0.01 | W=100.4um | Current HPWL=418621.25 um | Best HPWL=418621.25 um | Accept Rate=57.2% | Improvements: 22/600 (3.7%) | Refine: 506151/571442 (88.6%) | Explore: 191514/245158 (78.1%)
  → Found improvement! New best HPWL: 414217.21 um (improvement: -32.64 um)
  → Found improvement! New best HPWL: 414206.33 um (improvement: -10.88 um)
  → Found improvement! New best HPWL: 414196.71 um (improvement: -9.62 um)
  → Found improvement! New best HPWL: 414153.19 um (improvement: -43.52 um)
  → Found improvement! New best HPWL: 414140.63 um (improvement: -12.56 um)
  → Found improvement! New best HPWL: 414104.83 um (improvement: -35.80 um)
  → Found improvement! New best HPWL: 414097.09 um (improvement: -7.74 um)
  → Found improvement! New best HPWL: 414084.33 um (improvement: -12.76 um)
  → Found improvement! New best HPWL: 414073.65 um (improvement: -10.68 um)
  → Found improvement! New best HPWL: 414062.15 um (improvement: -11.50 um)
  → Found improvement! New best HPWL: 414051.27 um (improvement: -10.88 um)
  → Found improvement! New best HPWL: 414037.35 um (improvement: -13.92 um)
  → Found improvement! New best HPWL: 413864.59 um (improvement: -172.76 um)
  → Found improvement! New best HPWL: 413857.91 um (improvement: -6.68 um)
  → Found improvement! New best HPWL: 413837.19 um (improvement: -20.72 um)
  → Found improvement! New best HPWL: 413744.19 um (improvement: -93.00 um)
  → Found improvement! New best HPWL: 413723.27 um (improvement: -20.92 um)
  → Found improvement! New best HPWL: 413706.95 um (improvement: -16.32 um)
  → Found improvement! New best HPWL: 413668.45 um (improvement: -38.50 um)
  → Found improvement! New best HPWL: 413654.65 um (improvement: -13.80 um)
  → Found improvement! New best HPWL: 413646.91 um (improvement: -7.74 um)
  → Found improvement! New best HPWL: 413644.19 um (improvement: -2.72 um)
  → Found improvement! New best HPWL: 413635.81 um (improvement: -8.38 um)
  → Found improvement! New best HPWL: 413619.49 um (improvement: -16.32 um)
T=0.00 | W=100.4um | Current HPWL=413619.49 um | Best HPWL=413619.49 um | Accept Rate=57.7% | Improvements: 24/600 (4.0%) | Refine: 509087/575593 (88.4%) | Explore: 191990/247007 (77.7%)
  → Found improvement! New best HPWL: 409477.21 um (improvement: -22.56 um)
  → Found improvement! New best HPWL: 409445.01 um (improvement: -32.20 um)
  → Found improvement! New best HPWL: 409399.93 um (improvement: -45.08 um)
  → Found improvement! New best HPWL: 409384.67 um (improvement: -15.26 um)
  → Found improvement! New best HPWL: 409357.47 um (improvement: -27.20 um)
  → Found improvement! New best HPWL: 409353.79 um (improvement: -3.68 um)
  → Found improvement! New best HPWL: 409351.49 um (improvement: -2.30 um)
  → Found improvement! New best HPWL: 409319.29 um (improvement: -32.20 um)
  → Found improvement! New best HPWL: 409286.65 um (improvement: -32.64 um)
  → Found improvement! New best HPWL: 409282.23 um (improvement: -4.42 um)
  → Found improvement! New best HPWL: 409249.59 um (improvement: -32.64 um)
  → Found improvement! New best HPWL: 409233.27 um (improvement: -16.32 um)
  → Found improvement! New best HPWL: 409189.97 um (improvement: -43.30 um)
  → Found improvement! New best HPWL: 409183.91 um (improvement: -6.06 um)
  → Found improvement! New best HPWL: 409182.85 um (improvement: -1.06 um)
  → Found improvement! New best HPWL: 409175.95 um (improvement: -6.90 um)
  → Found improvement! New best HPWL: 409170.51 um (improvement: -5.44 um)
T=0.00 | W=100.4um | Current HPWL=409170.51 um | Best HPWL=409170.51 um | Accept Rate=59.0% | Improvements: 18/600 (3.0%) | Refine: 512086/579773 (88.3%) | Explore: 192464/248827 (77.3%)
  → Found improvement! New best HPWL: 405215.19 um (improvement: -21.68 um)
  → Found improvement! New best HPWL: 405213.51 um (improvement: -1.68 um)
  → Found improvement! New best HPWL: 405209.55 um (improvement: -3.96 um)
  → Found improvement! New best HPWL: 405208.71 um (improvement: -0.84 um)
  → Found improvement! New best HPWL: 405197.79 um (improvement: -10.92 um)
  → Found improvement! New best HPWL: 405178.75 um (improvement: -19.04 um)
  → Found improvement! New best HPWL: 405171.85 um (improvement: -6.90 um)
  → Found improvement! New best HPWL: 405144.51 um (improvement: -27.34 um)
  → Found improvement! New best HPWL: 405141.79 um (improvement: -2.72 um)
  → Found improvement! New best HPWL: 405122.33 um (improvement: -19.46 um)
  → Found improvement! New best HPWL: 405120.49 um (improvement: -1.84 um)
  → Found improvement! New best HPWL: 405066.97 um (improvement: -53.52 um)
  → Found improvement! New best HPWL: 405065.29 um (improvement: -1.68 um)
  → Found improvement! New best HPWL: 405052.31 um (improvement: -12.98 um)
  → Found improvement! New best HPWL: 405039.79 um (improvement: -12.52 um)
  → Found improvement! New best HPWL: 405007.59 um (improvement: -32.20 um)
  → Found improvement! New best HPWL: 404992.87 um (improvement: -14.72 um)
  → Found improvement! New best HPWL: 404980.51 um (improvement: -12.36 um)
  → Found improvement! New best HPWL: 404945.23 um (improvement: -35.28 um)
  → Found improvement! New best HPWL: 404936.03 um (improvement: -9.20 um)
  → Found improvement! New best HPWL: 404929.13 um (improvement: -6.90 um)
  → Found improvement! New best HPWL: 404857.09 um (improvement: -72.04 um)
  → Found improvement! New best HPWL: 404853.19 um (improvement: -3.90 um)
  → Found improvement! New best HPWL: 404813.65 um (improvement: -39.54 um)
  → Found improvement! New best HPWL: 404790.65 um (improvement: -23.00 um)
  → Found improvement! New best HPWL: 404774.33 um (improvement: -16.32 um)
  → Found improvement! New best HPWL: 404769.39 um (improvement: -4.94 um)
  → Found improvement! New best HPWL: 404760.47 um (improvement: -8.92 um)
  → Found improvement! New best HPWL: 404741.01 um (improvement: -19.46 um)
T=0.00 | W=100.4um | Current HPWL=404741.01 um | Best HPWL=404741.01 um | Accept Rate=60.2% | Improvements: 31/600 (5.2%) | Refine: 515111/584017 (88.2%) | Explore: 192925/250583 (77.0%)
  → Found improvement! New best HPWL: 400294.65 um (improvement: -28.52 um)
  → Found improvement! New best HPWL: 400269.77 um (improvement: -24.88 um)
  → Found improvement! New best HPWL: 400226.25 um (improvement: -43.52 um)
  → Found improvement! New best HPWL: 400219.35 um (improvement: -6.90 um)
  → Found improvement! New best HPWL: 400179.59 um (improvement: -39.76 um)
  → Found improvement! New best HPWL: 400175.87 um (improvement: -3.72 um)
  → Found improvement! New best HPWL: 400134.07 um (improvement: -41.80 um)
  → Found improvement! New best HPWL: 400106.47 um (improvement: -27.60 um)
  → Found improvement! New best HPWL: 400106.47 um (improvement: 0.00 um)
  → Found improvement! New best HPWL: 400105.63 um (improvement: -0.84 um)
  → Found improvement! New best HPWL: 400062.11 um (improvement: -43.52 um)
  → Found improvement! New best HPWL: 400016.07 um (improvement: -46.04 um)
  → Found improvement! New best HPWL: 400008.13 um (improvement: -7.94 um)
  → Found improvement! New best HPWL: 400008.13 um (improvement: 0.00 um)
  → Found improvement! New best HPWL: 400005.55 um (improvement: -2.58 um)
  → Found improvement! New best HPWL: 399990.41 um (improvement: -15.14 um)
  → Found improvement! New best HPWL: 399987.19 um (improvement: -3.22 um)
  → Found improvement! New best HPWL: 399979.67 um (improvement: -7.52 um)
  → Found improvement! New best HPWL: 399976.11 um (improvement: -3.56 um)
  → Found improvement! New best HPWL: 399970.67 um (improvement: -5.44 um)
  → Found improvement! New best HPWL: 399955.39 um (improvement: -15.28 um)
  → Found improvement! New best HPWL: 399902.71 um (improvement: -52.68 um)
  → Found improvement! New best HPWL: 399886.39 um (improvement: -16.32 um)
  → Found improvement! New best HPWL: 399881.79 um (improvement: -4.60 um)
  → Found improvement! New best HPWL: 399835.79 um (improvement: -46.00 um)
  → Found improvement! New best HPWL: 399819.47 um (improvement: -16.32 um)
  → Found improvement! New best HPWL: 399801.99 um (improvement: -17.48 um)
  → Found improvement! New best HPWL: 399791.33 um (improvement: -10.66 um)
  → Found improvement! New best HPWL: 399761.57 um (improvement: -29.76 um)
  → Found improvement! New best HPWL: 399734.81 um (improvement: -26.76 um)
  → Found improvement! New best HPWL: 399733.75 um (improvement: -1.06 um)
  → Found improvement! New best HPWL: 399723.71 um (improvement: -10.04 um)
T=0.00 | W=100.4um | Current HPWL=399723.71 um | Best HPWL=399723.71 um | Accept Rate=57.2% | Improvements: 30/600 (5.0%) | Refine: 518078/588193 (88.1%) | Explore: 193396/252407 (76.6%)
T=0.00 | W=100.4um | Current HPWL=397401.13 um | Best HPWL=397401.13 um | Accept Rate=58.0% | Improvements: 20/600 (3.3%) | Refine: 519858/590698 (88.0%) | Explore: 193667/253502 (76.4%)
T=0.00 | W=100.4um | Current HPWL=396996.11 um | Best HPWL=396996.11 um | Accept Rate=55.0% | Improvements: 22/600 (3.7%) | Refine: 520151/591120 (88.0%) | Explore: 193704/253680 (76.4%)
T=0.00 | W=100.4um | Current HPWL=396372.49 um | Best HPWL=396372.49 um | Accept Rate=57.2% | Improvements: 27/600 (4.5%) | Refine: 520437/591518 (88.0%) | Explore: 193761/253882 (76.3%)
T=0.00 | W=100.4um | Current HPWL=395995.05 um | Best HPWL=395995.05 um | Accept Rate=56.5% | Improvements: 15/600 (2.5%) | Refine: 520730/591940 (88.0%) | Explore: 193807/254060 (76.3%)
  → Found improvement! New best HPWL: 395982.09 um (improvement: -12.96 um)
  → Found improvement! New best HPWL: 395954.49 um (improvement: -27.60 um)
  → Found improvement! New best HPWL: 395936.09 um (improvement: -18.40 um)
  → Found improvement! New best HPWL: 395914.33 um (improvement: -21.76 um)
  → Found improvement! New best HPWL: 395903.29 um (improvement: -11.04 um)
  → Found improvement! New best HPWL: 395893.05 um (improvement: -10.24 um)
  → Found improvement! New best HPWL: 395893.05 um (improvement: 0.00 um)
  → Found improvement! New best HPWL: 395851.25 um (improvement: -41.80 um)
  → Found improvement! New best HPWL: 395850.71 um (improvement: -0.54 um)
  → Found improvement! New best HPWL: 395837.11 um (improvement: -13.60 um)
  → Found improvement! New best HPWL: 395837.11 um (improvement: 0.00 um)
  → Found improvement! New best HPWL: 395834.39 um (improvement: -2.72 um)
  → Found improvement! New best HPWL: 395794.85 um (improvement: -39.54 um)
  → Found improvement! New best HPWL: 395787.95 um (improvement: -6.90 um)
  → Found improvement! New best HPWL: 395782.51 um (improvement: -5.44 um)
  → Found improvement! New best HPWL: 395777.45 um (improvement: -5.06 um)
  → Found improvement! New best HPWL: 395726.85 um (improvement: -50.60 um)
  → Found improvement! New best HPWL: 395608.01 um (improvement: -118.84 um)
  → Found improvement! New best HPWL: 395594.41 um (improvement: -13.60 um)
  → Found improvement! New best HPWL: 395578.09 um (improvement: -16.32 um)
  → Found improvement! New best HPWL: 395578.09 um (improvement: -0.00 um)
  → Found improvement! New best HPWL: 395575.53 um (improvement: -2.56 um)
  → Found improvement! New best HPWL: 395542.49 um (improvement: -33.04 um)
  → Found improvement! New best HPWL: 395533.29 um (improvement: -9.20 um)
  → Found improvement! New best HPWL: 395516.97 um (improvement: -16.32 um)
T=0.00 | W=100.4um | Current HPWL=395516.97 um | Best HPWL=395516.97 um | Accept Rate=59.7% | Improvements: 25/600 (4.2%) | Refine: 521048/592360 (88.0%) | Explore: 193847/254240 (76.2%)
T=0.00 | W=100.4um | Current HPWL=395194.35 um | Best HPWL=395194.35 um | Accept Rate=59.0% | Improvements: 21/600 (3.5%) | Refine: 521360/592786 (88.0%) | Explore: 193889/254414 (76.2%)
T=0.00 | W=100.4um | Current HPWL=394880.31 um | Best HPWL=394880.31 um | Accept Rate=57.0% | Improvements: 18/600 (3.0%) | Refine: 521657/593217 (87.9%) | Explore: 193934/254583 (76.2%)
T=0.00 | W=100.4um | Current HPWL=394696.17 um | Best HPWL=394696.17 um | Accept Rate=59.8% | Improvements: 18/600 (3.0%) | Refine: 521967/593638 (87.9%) | Explore: 193983/254762 (76.1%)
T=0.00 | W=100.4um | Current HPWL=394253.45 um | Best HPWL=394253.45 um | Accept Rate=60.5% | Improvements: 21/600 (3.5%) | Refine: 522282/594058 (87.9%) | Explore: 194031/254942 (76.1%)
T=0.00 | W=100.4um | Current HPWL=393884.97 um | Best HPWL=393884.97 um | Accept Rate=60.0% | Improvements: 15/600 (2.5%) | Refine: 522601/594490 (87.9%) | Explore: 194072/255110 (76.1%)
T=0.00 | W=100.4um | Current HPWL=393352.89 um | Best HPWL=393352.89 um | Accept Rate=56.5% | Improvements: 24/600 (4.0%) | Refine: 522893/594910 (87.9%) | Explore: 194119/255290 (76.0%)
T=0.00 | W=100.4um | Current HPWL=393002.85 um | Best HPWL=393002.85 um | Accept Rate=58.5% | Improvements: 22/600 (3.7%) | Refine: 523196/595313 (87.9%) | Explore: 194167/255487 (76.0%)
T=0.00 | W=100.4um | Current HPWL=392613.29 um | Best HPWL=392613.29 um | Accept Rate=54.8% | Improvements: 19/600 (3.2%) | Refine: 523485/595748 (87.9%) | Explore: 194207/255652 (76.0%)
T=0.00 | W=100.4um | Current HPWL=392168.95 um | Best HPWL=392168.95 um | Accept Rate=57.8% | Improvements: 16/600 (2.7%) | Refine: 523789/596169 (87.9%) | Explore: 194250/255831 (75.9%)
  → Found improvement! New best HPWL: 392125.03 um (improvement: -43.92 um)
  → Found improvement! New best HPWL: 392114.15 um (improvement: -10.88 um)
  → Found improvement! New best HPWL: 392113.71 um (improvement: -0.44 um)
  → Found improvement! New best HPWL: 392064.77 um (improvement: -48.94 um)
  → Found improvement! New best HPWL: 392015.41 um (improvement: -49.36 um)
  → Found improvement! New best HPWL: 391979.65 um (improvement: -35.76 um)
  → Found improvement! New best HPWL: 391974.21 um (improvement: -5.44 um)
  → Found improvement! New best HPWL: 391969.61 um (improvement: -4.60 um)
  → Found improvement! New best HPWL: 391965.85 um (improvement: -3.76 um)
  → Found improvement! New best HPWL: 391959.55 um (improvement: -6.30 um)
  → Found improvement! New best HPWL: 391841.29 um (improvement: -118.26 um)
  → Found improvement! New best HPWL: 391837.15 um (improvement: -4.14 um)
  → Found improvement! New best HPWL: 391828.57 um (improvement: -8.58 um)
  → Found improvement! New best HPWL: 391806.21 um (improvement: -22.36 um)
  → Found improvement! New best HPWL: 391763.53 um (improvement: -42.68 um)
  → Found improvement! New best HPWL: 391758.79 um (improvement: -4.74 um)
  → Found improvement! New best HPWL: 391757.95 um (improvement: -0.84 um)
  → Found improvement! New best HPWL: 391732.65 um (improvement: -25.30 um)
  → Found improvement! New best HPWL: 391649.81 um (improvement: -82.84 um)
  → Found improvement! New best HPWL: 391630.57 um (improvement: -19.24 um)
  → Found improvement! New best HPWL: 391629.65 um (improvement: -0.92 um)
  → Found improvement! New best HPWL: 391601.53 um (improvement: -28.12 um)
T=0.00 | W=100.4um | Current HPWL=391601.53 um | Best HPWL=391601.53 um | Accept Rate=59.0% | Improvements: 22/600 (3.7%) | Refine: 524092/596582 (87.8%) | Explore: 194301/256018 (75.9%)
T=0.00 | W=100.4um | Current HPWL=391190.41 um | Best HPWL=391190.41 um | Accept Rate=60.3% | Improvements: 16/600 (2.7%) | Refine: 524412/597026 (87.8%) | Explore: 194343/256174 (75.9%)
T=0.00 | W=100.4um | Current HPWL=390890.67 um | Best HPWL=390890.67 um | Accept Rate=59.0% | Improvements: 14/600 (2.3%) | Refine: 524725/597459 (87.8%) | Explore: 194384/256341 (75.8%)
T=0.00 | W=100.4um | Current HPWL=390362.61 um | Best HPWL=390362.61 um | Accept Rate=60.2% | Improvements: 24/600 (4.0%) | Refine: 525043/597898 (87.8%) | Explore: 194427/256502 (75.8%)
T=0.00 | W=100.4um | Current HPWL=389977.15 um | Best HPWL=389977.15 um | Accept Rate=56.8% | Improvements: 19/600 (3.2%) | Refine: 525340/598310 (87.8%) | Explore: 194471/256690 (75.8%)
T=0.00 | W=100.4um | Current HPWL=389697.79 um | Best HPWL=389697.79 um | Accept Rate=60.7% | Improvements: 17/600 (2.8%) | Refine: 525665/598735 (87.8%) | Explore: 194510/256865 (75.7%)
T=0.00 | W=100.4um | Current HPWL=389596.63 um | Best HPWL=389596.63 um | Accept Rate=57.0% | Improvements: 11/600 (1.8%) | Refine: 525971/599158 (87.8%) | Explore: 194546/257042 (75.7%)
T=0.00 | W=100.4um | Current HPWL=389448.23 um | Best HPWL=389448.23 um | Accept Rate=60.0% | Improvements: 16/600 (2.7%) | Refine: 526290/599594 (87.8%) | Explore: 194587/257206 (75.7%)
T=0.00 | W=100.4um | Current HPWL=388919.15 um | Best HPWL=388919.15 um | Accept Rate=56.7% | Improvements: 21/600 (3.5%) | Refine: 526578/600012 (87.8%) | Explore: 194639/257388 (75.6%)
T=0.00 | W=100.4um | Current HPWL=388247.41 um | Best HPWL=388247.41 um | Accept Rate=59.8% | Improvements: 33/600 (5.5%) | Refine: 526877/600423 (87.8%) | Explore: 194699/257577 (75.6%)
  → Found improvement! New best HPWL: 388208.31 um (improvement: -39.10 um)
  → Found improvement! New best HPWL: 388135.25 um (improvement: -73.06 um)
  → Found improvement! New best HPWL: 388109.41 um (improvement: -25.84 um)
  → Found improvement! New best HPWL: 388100.83 um (improvement: -8.58 um)
  → Found improvement! New best HPWL: 388076.15 um (improvement: -24.68 um)
  → Found improvement! New best HPWL: 388046.65 um (improvement: -29.50 um)
  → Found improvement! New best HPWL: 388032.01 um (improvement: -14.64 um)
  → Found improvement! New best HPWL: 387992.69 um (improvement: -39.32 um)
  → Found improvement! New best HPWL: 387988.63 um (improvement: -4.06 um)
  → Found improvement! New best HPWL: 387973.07 um (improvement: -15.56 um)
  → Found improvement! New best HPWL: 387948.23 um (improvement: -24.84 um)
  → Found improvement! New best HPWL: 387901.21 um (improvement: -47.02 um)
  → Found improvement! New best HPWL: 387863.13 um (improvement: -38.08 um)
  → Found improvement! New best HPWL: 387863.13 um (improvement: 0.00 um)
  → Found improvement! New best HPWL: 387857.69 um (improvement: -5.44 um)
  → Found improvement! New best HPWL: 387844.93 um (improvement: -12.76 um)
  → Found improvement! New best HPWL: 387840.33 um (improvement: -4.60 um)
  → Found improvement! New best HPWL: 387837.61 um (improvement: -2.72 um)
T=0.00 | W=100.4um | Current HPWL=387837.61 um | Best HPWL=387837.61 um | Accept Rate=57.3% | Improvements: 19/600 (3.2%) | Refine: 527179/600851 (87.7%) | Explore: 194741/257749 (75.6%)
T=0.00 | W=100.4um | Current HPWL=387454.95 um | Best HPWL=387454.95 um | Accept Rate=58.7% | Improvements: 20/600 (3.3%) | Refine: 527493/601283 (87.7%) | Explore: 194779/257917 (75.5%)
T=0.00 | W=100.4um | Current HPWL=386944.43 um | Best HPWL=386944.43 um | Accept Rate=56.2% | Improvements: 16/600 (2.7%) | Refine: 527788/601709 (87.7%) | Explore: 194821/258091 (75.5%)
T=0.00 | W=100.4um | Current HPWL=386527.65 um | Best HPWL=386527.65 um | Accept Rate=57.2% | Improvements: 20/600 (3.3%) | Refine: 528087/602128 (87.7%) | Explore: 194865/258272 (75.4%)
T=0.00 | W=100.4um | Current HPWL=386106.11 um | Best HPWL=386106.11 um | Accept Rate=55.7% | Improvements: 15/600 (2.5%) | Refine: 528386/602563 (87.7%) | Explore: 194900/258437 (75.4%)
T=0.00 | W=100.4um | Current HPWL=385686.15 um | Best HPWL=385686.15 um | Accept Rate=54.8% | Improvements: 18/600 (3.0%) | Refine: 528674/602962 (87.7%) | Explore: 194941/258638 (75.4%)
T=0.00 | W=100.4um | Current HPWL=385363.69 um | Best HPWL=385363.69 um | Accept Rate=57.7% | Improvements: 18/600 (3.0%) | Refine: 528974/603379 (87.7%) | Explore: 194987/258821 (75.3%)
T=0.00 | W=100.4um | Current HPWL=384808.09 um | Best HPWL=384808.09 um | Accept Rate=56.0% | Improvements: 22/600 (3.7%) | Refine: 529265/603796 (87.7%) | Explore: 195032/259004 (75.3%)
T=0.00 | W=100.4um | Current HPWL=384559.85 um | Best HPWL=384559.85 um | Accept Rate=60.3% | Improvements: 21/600 (3.5%) | Refine: 529567/604200 (87.6%) | Explore: 195092/259200 (75.3%)
T=0.00 | W=100.4um | Current HPWL=384261.15 um | Best HPWL=384261.15 um | Accept Rate=58.3% | Improvements: 20/600 (3.3%) | Refine: 529870/604615 (87.6%) | Explore: 195139/259385 (75.2%)
  → Found improvement! New best HPWL: 384246.75 um (improvement: -14.40 um)
  → Found improvement! New best HPWL: 384227.81 um (improvement: -18.94 um)
  → Found improvement! New best HPWL: 384193.09 um (improvement: -34.72 um)
  → Found improvement! New best HPWL: 384158.59 um (improvement: -34.50 um)
  → Found improvement! New best HPWL: 384153.15 um (improvement: -5.44 um)
  → Found improvement! New best HPWL: 384123.45 um (improvement: -29.70 um)
  → Found improvement! New best HPWL: 384123.45 um (improvement: 0.00 um)
  → Found improvement! New best HPWL: 384114.25 um (improvement: -9.20 um)
  → Found improvement! New best HPWL: 384083.91 um (improvement: -30.34 um)
  → Found improvement! New best HPWL: 384081.19 um (improvement: -2.72 um)
  → Found improvement! New best HPWL: 384062.79 um (improvement: -18.40 um)
  → Found improvement! New best HPWL: 384035.79 um (improvement: -27.00 um)
  → Found improvement! New best HPWL: 384029.51 um (improvement: -6.28 um)
  → Found improvement! New best HPWL: 384021.27 um (improvement: -8.24 um)
  → Found improvement! New best HPWL: 384002.23 um (improvement: -19.04 um)
  → Found improvement! New best HPWL: 383987.35 um (improvement: -14.88 um)
  → Found improvement! New best HPWL: 383975.23 um (improvement: -12.12 um)
  → Found improvement! New best HPWL: 383960.27 um (improvement: -14.96 um)
T=0.00 | W=100.4um | Current HPWL=383960.27 um | Best HPWL=383960.27 um | Accept Rate=56.5% | Improvements: 19/600 (3.2%) | Refine: 530160/605035 (87.6%) | Explore: 195188/259565 (75.2%)

============================================================
SA Optimization Complete
============================================================
Initial HPWL: 431210.20 um
Final Total HPWL: 383960.27 um
Improvement: 47249.93 um (10.96%)
Total Iterations: 1441
============================================================


Placement map written to: build/6502/sa_alpha0.98_moves600_Tfinal0.001/6502.map
Total instances: 2899

Placement saved to build/6502/sa_alpha0.98_moves600_Tfinal0.001/6502_placement.json

============================================================
Placement Summary
============================================================
Final Total HPWL: 383960.27 um
Total Instances: 2899
============================================================

Placement completed successfully!
Map file: build/6502/sa_alpha0.98_moves600_Tfinal0.001/6502.map
JSON file: build/6502/sa_alpha0.98_moves600_Tfinal0.001/6502_placement.json

================================================================================
# End time: 2025-11-23T09:17:24.395656
# Return code: 0
