# Log file for: designs/6502_mapped.json
# Configuration: {'alpha': 0.9, 'moves': 300, 't_final': 0.01, '_use_greedy_placement': True, '_greedy_placement': 'build/6502/greedy/6502_placement.json'}
# Start time: 2025-11-23T08:46:09.038840
# Command: /home/mohab/Downloads/work/venv/bin/python placer.py --design designs/6502_mapped.json --fabric-cells fabric/fabric_cells.yaml --pins fabric/pins.yaml --output build/6502/sa_alpha0.9_moves300_Tfinal0.01 --sa-alpha 0.9 --sa-moves 300 --sa-T-final 0.01 --initial-placement build/6502/greedy/6502_placement.json --seed 580929638
================================================================================

Random seed set to: 580929638
Loading initial placement from: build/6502/greedy/6502_placement.json

============================================================
Simulated Annealing Optimization
============================================================
Initial HPWL: 431210.20 um
Initial Temperature: 4312102000.00
Cooling Rate (alpha): 0.9
Moves per Temperature: 300
Final Temperature: 0.01
Initial Window Size: 501.80 um
Window Cooling Rate (beta): 0.98
Move Probabilities: Refine=70.0%, Explore=30.0%
============================================================

  → Found improvement! New best HPWL: 431099.38 um (improvement: -110.82 um)
T=4312102000.00 | W=501.8um | Current HPWL=517207.11 um | Best HPWL=431099.38 um | Accept Rate=100.0% | Improvements: 13/300 (4.3%) | Refine: 209/209 (100.0%) | Explore: 91/91 (100.0%)
T=1503536998.91 | W=410.0um | Current HPWL=971341.73 um | Best HPWL=431099.38 um | Accept Rate=100.0% | Improvements: 50/300 (16.7%) | Refine: 2309/2309 (100.0%) | Explore: 991/991 (100.0%)
T=524250935.41 | W=335.0um | Current HPWL=1106464.64 um | Best HPWL=431099.38 um | Accept Rate=100.0% | Improvements: 56/300 (18.7%) | Refine: 4419/4419 (100.0%) | Explore: 1881/1881 (100.0%)
T=182794998.38 | W=273.7um | Current HPWL=1175688.22 um | Best HPWL=431099.38 um | Accept Rate=100.0% | Improvements: 56/300 (18.7%) | Refine: 6474/6474 (100.0%) | Explore: 2826/2826 (100.0%)
T=63736674.89 | W=223.7um | Current HPWL=1212436.51 um | Best HPWL=431099.38 um | Accept Rate=100.0% | Improvements: 63/300 (21.0%) | Refine: 8558/8558 (100.0%) | Explore: 3742/3742 (100.0%)
T=22223604.38 | W=182.7um | Current HPWL=1248214.06 um | Best HPWL=431099.38 um | Accept Rate=100.0% | Improvements: 64/300 (21.3%) | Refine: 10641/10641 (100.0%) | Explore: 4659/4659 (100.0%)
T=7748891.71 | W=149.3um | Current HPWL=1271346.98 um | Best HPWL=431099.38 um | Accept Rate=100.0% | Improvements: 61/300 (20.3%) | Refine: 12745/12745 (100.0%) | Explore: 5555/5555 (100.0%)
T=2701871.47 | W=122.0um | Current HPWL=1286624.89 um | Best HPWL=431099.38 um | Accept Rate=100.0% | Improvements: 71/300 (23.7%) | Refine: 14833/14833 (100.0%) | Explore: 6467/6467 (100.0%)
T=942084.33 | W=100.4um | Current HPWL=1294438.59 um | Best HPWL=431099.38 um | Accept Rate=100.0% | Improvements: 56/300 (18.7%) | Refine: 16926/16926 (100.0%) | Explore: 7374/7374 (100.0%)
T=328484.49 | W=100.4um | Current HPWL=1285216.75 um | Best HPWL=431099.38 um | Accept Rate=100.0% | Improvements: 85/300 (28.3%) | Refine: 19002/19002 (100.0%) | Explore: 8298/8298 (100.0%)
T=114535.46 | W=100.4um | Current HPWL=1298436.14 um | Best HPWL=431099.38 um | Accept Rate=100.0% | Improvements: 66/300 (22.0%) | Refine: 21053/21053 (100.0%) | Explore: 9247/9247 (100.0%)
T=39936.05 | W=100.4um | Current HPWL=1305269.85 um | Best HPWL=431099.38 um | Accept Rate=99.7% | Improvements: 61/300 (20.3%) | Refine: 23147/23151 (100.0%) | Explore: 10149/10149 (100.0%)
T=13924.84 | W=100.4um | Current HPWL=1318321.56 um | Best HPWL=431099.38 um | Accept Rate=99.7% | Improvements: 62/300 (20.7%) | Refine: 25279/25289 (100.0%) | Explore: 11009/11011 (100.0%)
T=4855.29 | W=100.4um | Current HPWL=1312475.85 um | Best HPWL=431099.38 um | Accept Rate=99.7% | Improvements: 59/300 (19.7%) | Refine: 27369/27387 (99.9%) | Explore: 11907/11913 (99.9%)
T=1692.94 | W=100.4um | Current HPWL=1307359.94 um | Best HPWL=431099.38 um | Accept Rate=99.0% | Improvements: 67/300 (22.3%) | Refine: 29399/29444 (99.8%) | Explore: 12842/12856 (99.9%)
T=590.29 | W=100.4um | Current HPWL=1282520.44 um | Best HPWL=431099.38 um | Accept Rate=93.3% | Improvements: 61/300 (20.3%) | Refine: 31380/31526 (99.5%) | Explore: 13731/13774 (99.7%)
T=205.82 | W=100.4um | Current HPWL=1232235.12 um | Best HPWL=431099.38 um | Accept Rate=89.3% | Improvements: 74/300 (24.7%) | Refine: 33239/33578 (99.0%) | Explore: 14615/14722 (99.3%)
T=71.77 | W=100.4um | Current HPWL=1182070.66 um | Best HPWL=431099.38 um | Accept Rate=81.3% | Improvements: 72/300 (24.0%) | Refine: 35055/35710 (98.2%) | Explore: 15340/15590 (98.4%)
T=25.02 | W=100.4um | Current HPWL=1127187.54 um | Best HPWL=431099.38 um | Accept Rate=78.7% | Improvements: 44/300 (14.7%) | Refine: 36774/37827 (97.2%) | Explore: 15972/16473 (97.0%)
T=8.73 | W=100.4um | Current HPWL=1084145.68 um | Best HPWL=431099.38 um | Accept Rate=73.7% | Improvements: 50/300 (16.7%) | Refine: 38478/39929 (96.4%) | Explore: 16509/17371 (95.0%)
T=3.04 | W=100.4um | Current HPWL=1044447.20 um | Best HPWL=431099.38 um | Accept Rate=68.7% | Improvements: 42/300 (14.0%) | Refine: 40132/42050 (95.4%) | Explore: 16989/18250 (93.1%)
T=1.06 | W=100.4um | Current HPWL=1006448.96 um | Best HPWL=431099.38 um | Accept Rate=64.0% | Improvements: 42/300 (14.0%) | Refine: 41732/44149 (94.5%) | Explore: 17453/19151 (91.1%)
T=0.37 | W=100.4um | Current HPWL=976295.28 um | Best HPWL=431099.38 um | Accept Rate=70.0% | Improvements: 52/300 (17.3%) | Refine: 43289/46211 (93.7%) | Explore: 17898/20089 (89.1%)
T=0.13 | W=100.4um | Current HPWL=950967.66 um | Best HPWL=431099.38 um | Accept Rate=67.0% | Improvements: 41/300 (13.7%) | Refine: 44881/48276 (93.0%) | Explore: 18346/21024 (87.3%)
T=0.04 | W=100.4um | Current HPWL=922955.66 um | Best HPWL=431099.38 um | Accept Rate=60.7% | Improvements: 39/300 (13.0%) | Refine: 46483/50399 (92.2%) | Explore: 18771/21901 (85.7%)
T=0.02 | W=100.4um | Current HPWL=904182.38 um | Best HPWL=431099.38 um | Accept Rate=67.7% | Improvements: 37/300 (12.3%) | Refine: 47704/52045 (91.7%) | Explore: 19120/22655 (84.4%)
T=0.02 | W=100.4um | Current HPWL=902301.44 um | Best HPWL=431099.38 um | Accept Rate=61.0% | Improvements: 42/300 (14.0%) | Refine: 47842/52241 (91.6%) | Explore: 19165/22759 (84.2%)
T=0.02 | W=100.4um | Current HPWL=900461.56 um | Best HPWL=431099.38 um | Accept Rate=68.3% | Improvements: 37/300 (12.3%) | Refine: 48010/52451 (91.5%) | Explore: 19202/22849 (84.0%)
T=0.01 | W=100.4um | Current HPWL=897483.52 um | Best HPWL=431099.38 um | Accept Rate=65.3% | Improvements: 45/300 (15.0%) | Refine: 48159/52662 (91.4%) | Explore: 19249/22938 (83.9%)
T=0.01 | W=100.4um | Current HPWL=895129.02 um | Best HPWL=431099.38 um | Accept Rate=69.3% | Improvements: 32/300 (10.7%) | Refine: 48332/52875 (91.4%) | Explore: 19284/23025 (83.8%)
T=0.01 | W=100.4um | Current HPWL=892974.80 um | Best HPWL=431099.38 um | Accept Rate=62.3% | Improvements: 30/300 (10.0%) | Refine: 48489/53089 (91.3%) | Explore: 19314/23111 (83.6%)
T=0.01 | W=100.4um | Current HPWL=890995.72 um | Best HPWL=431099.38 um | Accept Rate=70.7% | Improvements: 35/300 (11.7%) | Refine: 48661/53311 (91.3%) | Explore: 19354/23189 (83.5%)

============================================================
SA Optimization Complete
============================================================
Initial HPWL: 431210.20 um
Final Total HPWL: 431099.38 um
Improvement: 110.82 um (0.03%)
Total Iterations: 255
============================================================


Placement map written to: build/6502/sa_alpha0.9_moves300_Tfinal0.01/6502.map
Total instances: 2899

Placement saved to build/6502/sa_alpha0.9_moves300_Tfinal0.01/6502_placement.json

============================================================
Placement Summary
============================================================
Final Total HPWL: 431099.38 um
Total Instances: 2899
============================================================

Placement completed successfully!
Map file: build/6502/sa_alpha0.9_moves300_Tfinal0.01/6502.map
JSON file: build/6502/sa_alpha0.9_moves300_Tfinal0.01/6502_placement.json

================================================================================
# End time: 2025-11-23T08:46:09.038870
# Return code: 0
