# Log file for: designs/6502_mapped.json
# Configuration: {'alpha': 0.98, 'moves': 500, 't_final': 0.001, '_use_greedy_placement': True, '_greedy_placement': 'build/6502/greedy/6502_placement.json'}
# Start time: 2025-11-23T09:36:21.242855
# Command: /home/mohab/Downloads/work/venv/bin/python placer.py --design designs/6502_mapped.json --fabric-cells fabric/fabric_cells.yaml --pins fabric/pins.yaml --output build/6502/sa_alpha0.98_moves500_Tfinal0.001 --sa-alpha 0.98 --sa-moves 500 --sa-T-final 0.001 --initial-placement build/6502/greedy/6502_placement.json --seed 1489134351
================================================================================

Random seed set to: 1489134351
Loading initial placement from: build/6502/greedy/6502_placement.json

============================================================
Simulated Annealing Optimization
============================================================
Initial HPWL: 431210.20 um
Initial Temperature: 4312102000.00
Cooling Rate (alpha): 0.98
Moves per Temperature: 500
Final Temperature: 0.001
Initial Window Size: 501.80 um
Window Cooling Rate (beta): 0.98
Move Probabilities: Refine=70.0%, Explore=30.0%
============================================================

T=4312102000.00 | W=501.8um | Current HPWL=575413.54 um | Best HPWL=431210.20 um | Accept Rate=100.0% | Improvements: 24/500 (4.8%) | Refine: 347/347 (100.0%) | Explore: 153/153 (100.0%)
T=3523301284.73 | W=410.0um | Current HPWL=1100047.15 um | Best HPWL=431210.20 um | Accept Rate=100.0% | Improvements: 73/500 (14.6%) | Refine: 3882/3882 (100.0%) | Explore: 1618/1618 (100.0%)
T=2878793670.22 | W=335.0um | Current HPWL=1251356.91 um | Best HPWL=431210.20 um | Accept Rate=100.0% | Improvements: 113/500 (22.6%) | Refine: 7397/7397 (100.0%) | Explore: 3103/3103 (100.0%)
T=2352184024.58 | W=273.7um | Current HPWL=1302467.92 um | Best HPWL=431210.20 um | Accept Rate=100.0% | Improvements: 114/500 (22.8%) | Refine: 10906/10906 (100.0%) | Explore: 4594/4594 (100.0%)
T=1921905603.28 | W=223.7um | Current HPWL=1355708.29 um | Best HPWL=431210.20 um | Accept Rate=100.0% | Improvements: 113/500 (22.6%) | Refine: 14413/14413 (100.0%) | Explore: 6087/6087 (100.0%)
T=1570336805.84 | W=182.7um | Current HPWL=1394910.07 um | Best HPWL=431210.20 um | Accept Rate=100.0% | Improvements: 116/500 (23.2%) | Refine: 17913/17913 (100.0%) | Explore: 7587/7587 (100.0%)
T=1283079501.71 | W=149.3um | Current HPWL=1414545.41 um | Best HPWL=431210.20 um | Accept Rate=100.0% | Improvements: 109/500 (21.8%) | Refine: 21425/21425 (100.0%) | Explore: 9075/9075 (100.0%)
T=1048369369.92 | W=122.0um | Current HPWL=1418931.24 um | Best HPWL=431210.20 um | Accept Rate=100.0% | Improvements: 124/500 (24.8%) | Refine: 24890/24890 (100.0%) | Explore: 10610/10610 (100.0%)
T=856594103.74 | W=100.4um | Current HPWL=1416756.62 um | Best HPWL=431210.20 um | Accept Rate=100.0% | Improvements: 117/500 (23.4%) | Refine: 28397/28397 (100.0%) | Explore: 12103/12103 (100.0%)
T=699899748.70 | W=100.4um | Current HPWL=1416347.76 um | Best HPWL=431210.20 um | Accept Rate=100.0% | Improvements: 111/500 (22.2%) | Refine: 31906/31906 (100.0%) | Explore: 13594/13594 (100.0%)
T=571869052.21 | W=100.4um | Current HPWL=1428945.88 um | Best HPWL=431210.20 um | Accept Rate=100.0% | Improvements: 119/500 (23.8%) | Refine: 35380/35380 (100.0%) | Explore: 15120/15120 (100.0%)
T=467258651.66 | W=100.4um | Current HPWL=1427238.40 um | Best HPWL=431210.20 um | Accept Rate=100.0% | Improvements: 111/500 (22.2%) | Refine: 38904/38904 (100.0%) | Explore: 16596/16596 (100.0%)
T=381784338.06 | W=100.4um | Current HPWL=1433199.11 um | Best HPWL=431210.20 um | Accept Rate=100.0% | Improvements: 109/500 (21.8%) | Refine: 42417/42417 (100.0%) | Explore: 18083/18083 (100.0%)
T=311945600.72 | W=100.4um | Current HPWL=1420393.90 um | Best HPWL=431210.20 um | Accept Rate=100.0% | Improvements: 136/500 (27.2%) | Refine: 45886/45886 (100.0%) | Explore: 19614/19614 (100.0%)
T=254882267.58 | W=100.4um | Current HPWL=1444887.07 um | Best HPWL=431210.20 um | Accept Rate=100.0% | Improvements: 129/500 (25.8%) | Refine: 49396/49396 (100.0%) | Explore: 21104/21104 (100.0%)
T=208257369.80 | W=100.4um | Current HPWL=1452709.07 um | Best HPWL=431210.20 um | Accept Rate=100.0% | Improvements: 113/500 (22.6%) | Refine: 52899/52899 (100.0%) | Explore: 22601/22601 (100.0%)
T=170161433.69 | W=100.4um | Current HPWL=1450829.68 um | Best HPWL=431210.20 um | Accept Rate=100.0% | Improvements: 101/500 (20.2%) | Refine: 56399/56399 (100.0%) | Explore: 24101/24101 (100.0%)
T=139034280.25 | W=100.4um | Current HPWL=1454840.83 um | Best HPWL=431210.20 um | Accept Rate=100.0% | Improvements: 116/500 (23.2%) | Refine: 59945/59945 (100.0%) | Explore: 25555/25555 (100.0%)
T=113601129.62 | W=100.4um | Current HPWL=1436733.75 um | Best HPWL=431210.20 um | Accept Rate=100.0% | Improvements: 117/500 (23.4%) | Refine: 63473/63473 (100.0%) | Explore: 27027/27027 (100.0%)
T=92820393.84 | W=100.4um | Current HPWL=1466036.63 um | Best HPWL=431210.20 um | Accept Rate=100.0% | Improvements: 123/500 (24.6%) | Refine: 66971/66971 (100.0%) | Explore: 28529/28529 (100.0%)
T=75841019.73 | W=100.4um | Current HPWL=1457812.21 um | Best HPWL=431210.20 um | Accept Rate=100.0% | Improvements: 113/500 (22.6%) | Refine: 70477/70477 (100.0%) | Explore: 30023/30023 (100.0%)
T=61967634.87 | W=100.4um | Current HPWL=1467056.54 um | Best HPWL=431210.20 um | Accept Rate=100.0% | Improvements: 124/500 (24.8%) | Refine: 73992/73992 (100.0%) | Explore: 31508/31508 (100.0%)
T=50632069.36 | W=100.4um | Current HPWL=1471814.49 um | Best HPWL=431210.20 um | Accept Rate=100.0% | Improvements: 116/500 (23.2%) | Refine: 77528/77528 (100.0%) | Explore: 32972/32972 (100.0%)
T=41370087.03 | W=100.4um | Current HPWL=1479279.37 um | Best HPWL=431210.20 um | Accept Rate=100.0% | Improvements: 117/500 (23.4%) | Refine: 81017/81017 (100.0%) | Explore: 34483/34483 (100.0%)
T=33802373.13 | W=100.4um | Current HPWL=1475620.36 um | Best HPWL=431210.20 um | Accept Rate=100.0% | Improvements: 106/500 (21.2%) | Refine: 84457/84457 (100.0%) | Explore: 36043/36043 (100.0%)
T=27618999.89 | W=100.4um | Current HPWL=1498183.06 um | Best HPWL=431210.20 um | Accept Rate=100.0% | Improvements: 116/500 (23.2%) | Refine: 87926/87926 (100.0%) | Explore: 37574/37574 (100.0%)
T=22566733.77 | W=100.4um | Current HPWL=1493141.03 um | Best HPWL=431210.20 um | Accept Rate=100.0% | Improvements: 107/500 (21.4%) | Refine: 91450/91450 (100.0%) | Explore: 39050/39050 (100.0%)
T=18438664.50 | W=100.4um | Current HPWL=1497414.49 um | Best HPWL=431210.20 um | Accept Rate=100.0% | Improvements: 131/500 (26.2%) | Refine: 94929/94929 (100.0%) | Explore: 40571/40571 (100.0%)
T=15065731.36 | W=100.4um | Current HPWL=1509888.74 um | Best HPWL=431210.20 um | Accept Rate=100.0% | Improvements: 110/500 (22.0%) | Refine: 98385/98385 (100.0%) | Explore: 42115/42115 (100.0%)
T=12309799.41 | W=100.4um | Current HPWL=1506887.70 um | Best HPWL=431210.20 um | Accept Rate=100.0% | Improvements: 104/500 (20.8%) | Refine: 101838/101838 (100.0%) | Explore: 43662/43662 (100.0%)
T=10058002.36 | W=100.4um | Current HPWL=1492032.83 um | Best HPWL=431210.20 um | Accept Rate=100.0% | Improvements: 123/500 (24.6%) | Refine: 105353/105353 (100.0%) | Explore: 45147/45147 (100.0%)
T=8218120.22 | W=100.4um | Current HPWL=1500378.43 um | Best HPWL=431210.20 um | Accept Rate=100.0% | Improvements: 104/500 (20.8%) | Refine: 108884/108884 (100.0%) | Explore: 46616/46616 (100.0%)
T=6714802.55 | W=100.4um | Current HPWL=1516726.94 um | Best HPWL=431210.20 um | Accept Rate=100.0% | Improvements: 99/500 (19.8%) | Refine: 112397/112397 (100.0%) | Explore: 48103/48103 (100.0%)
T=5486482.57 | W=100.4um | Current HPWL=1520291.49 um | Best HPWL=431210.20 um | Accept Rate=100.0% | Improvements: 110/500 (22.0%) | Refine: 115920/115920 (100.0%) | Explore: 49580/49580 (100.0%)
T=4482855.71 | W=100.4um | Current HPWL=1524111.41 um | Best HPWL=431210.20 um | Accept Rate=100.0% | Improvements: 107/500 (21.4%) | Refine: 119419/119419 (100.0%) | Explore: 51081/51081 (100.0%)
T=3662819.50 | W=100.4um | Current HPWL=1532298.41 um | Best HPWL=431210.20 um | Accept Rate=100.0% | Improvements: 94/500 (18.8%) | Refine: 122904/122904 (100.0%) | Explore: 52596/52596 (100.0%)
T=2992790.21 | W=100.4um | Current HPWL=1518704.09 um | Best HPWL=431210.20 um | Accept Rate=100.0% | Improvements: 120/500 (24.0%) | Refine: 126435/126436 (100.0%) | Explore: 54064/54064 (100.0%)
T=2445327.50 | W=100.4um | Current HPWL=1530615.71 um | Best HPWL=431210.20 um | Accept Rate=100.0% | Improvements: 105/500 (21.0%) | Refine: 129978/129979 (100.0%) | Explore: 55521/55521 (100.0%)
T=1998010.60 | W=100.4um | Current HPWL=1535488.31 um | Best HPWL=431210.20 um | Accept Rate=100.0% | Improvements: 117/500 (23.4%) | Refine: 133471/133472 (100.0%) | Explore: 57028/57028 (100.0%)
T=1632520.13 | W=100.4um | Current HPWL=1531690.87 um | Best HPWL=431210.20 um | Accept Rate=100.0% | Improvements: 122/500 (24.4%) | Refine: 136969/136970 (100.0%) | Explore: 58530/58530 (100.0%)
T=1333887.81 | W=100.4um | Current HPWL=1529565.88 um | Best HPWL=431210.20 um | Accept Rate=100.0% | Improvements: 123/500 (24.6%) | Refine: 140465/140467 (100.0%) | Explore: 60033/60033 (100.0%)
T=1089883.45 | W=100.4um | Current HPWL=1542500.11 um | Best HPWL=431210.20 um | Accept Rate=99.8% | Improvements: 115/500 (23.0%) | Refine: 144006/144009 (100.0%) | Explore: 61491/61491 (100.0%)
T=890514.13 | W=100.4um | Current HPWL=1540135.37 um | Best HPWL=431210.20 um | Accept Rate=100.0% | Improvements: 100/500 (20.0%) | Refine: 147552/147555 (100.0%) | Explore: 62945/62945 (100.0%)
T=727614.88 | W=100.4um | Current HPWL=1565736.70 um | Best HPWL=431210.20 um | Accept Rate=100.0% | Improvements: 109/500 (21.8%) | Refine: 151016/151019 (100.0%) | Explore: 64481/64481 (100.0%)
T=594514.33 | W=100.4um | Current HPWL=1548139.86 um | Best HPWL=431210.20 um | Accept Rate=100.0% | Improvements: 122/500 (24.4%) | Refine: 154592/154595 (100.0%) | Explore: 65905/65905 (100.0%)
T=485761.50 | W=100.4um | Current HPWL=1544724.87 um | Best HPWL=431210.20 um | Accept Rate=100.0% | Improvements: 133/500 (26.6%) | Refine: 158052/158057 (100.0%) | Explore: 67443/67443 (100.0%)
T=396902.51 | W=100.4um | Current HPWL=1542466.86 um | Best HPWL=431210.20 um | Accept Rate=99.8% | Improvements: 103/500 (20.6%) | Refine: 161531/161538 (100.0%) | Explore: 68962/68962 (100.0%)
T=324298.25 | W=100.4um | Current HPWL=1542466.60 um | Best HPWL=431210.20 um | Accept Rate=100.0% | Improvements: 109/500 (21.8%) | Refine: 164997/165004 (100.0%) | Explore: 70496/70496 (100.0%)
T=264975.28 | W=100.4um | Current HPWL=1569442.69 um | Best HPWL=431210.20 um | Accept Rate=100.0% | Improvements: 103/500 (20.6%) | Refine: 168474/168481 (100.0%) | Explore: 72019/72019 (100.0%)
T=216504.09 | W=100.4um | Current HPWL=1561887.51 um | Best HPWL=431210.20 um | Accept Rate=100.0% | Improvements: 117/500 (23.4%) | Refine: 171952/171959 (100.0%) | Explore: 73541/73541 (100.0%)
T=176899.61 | W=100.4um | Current HPWL=1571196.38 um | Best HPWL=431210.20 um | Accept Rate=100.0% | Improvements: 110/500 (22.0%) | Refine: 175510/175517 (100.0%) | Explore: 74983/74983 (100.0%)
T=144539.86 | W=100.4um | Current HPWL=1569267.39 um | Best HPWL=431210.20 um | Accept Rate=99.8% | Improvements: 105/500 (21.0%) | Refine: 179025/179035 (100.0%) | Explore: 76465/76465 (100.0%)
T=118099.59 | W=100.4um | Current HPWL=1556617.58 um | Best HPWL=431210.20 um | Accept Rate=100.0% | Improvements: 121/500 (24.2%) | Refine: 182540/182550 (100.0%) | Explore: 77950/77950 (100.0%)
T=96495.96 | W=100.4um | Current HPWL=1584824.83 um | Best HPWL=431210.20 um | Accept Rate=99.8% | Improvements: 112/500 (22.4%) | Refine: 186009/186022 (100.0%) | Explore: 79478/79478 (100.0%)
T=78844.23 | W=100.4um | Current HPWL=1600951.18 um | Best HPWL=431210.20 um | Accept Rate=100.0% | Improvements: 114/500 (22.8%) | Refine: 189512/189526 (100.0%) | Explore: 80974/80974 (100.0%)
T=64421.47 | W=100.4um | Current HPWL=1601091.76 um | Best HPWL=431210.20 um | Accept Rate=100.0% | Improvements: 127/500 (25.4%) | Refine: 192984/193003 (100.0%) | Explore: 82497/82497 (100.0%)
T=52637.03 | W=100.4um | Current HPWL=1588642.81 um | Best HPWL=431210.20 um | Accept Rate=100.0% | Improvements: 116/500 (23.2%) | Refine: 196421/196447 (100.0%) | Explore: 84052/84053 (100.0%)
T=43008.29 | W=100.4um | Current HPWL=1595354.90 um | Best HPWL=431210.20 um | Accept Rate=100.0% | Improvements: 120/500 (24.0%) | Refine: 199956/199984 (100.0%) | Explore: 85513/85516 (100.0%)
T=35140.90 | W=100.4um | Current HPWL=1609473.67 um | Best HPWL=431210.20 um | Accept Rate=100.0% | Improvements: 94/500 (18.8%) | Refine: 203471/203502 (100.0%) | Explore: 86995/86998 (100.0%)
T=28712.68 | W=100.4um | Current HPWL=1595931.60 um | Best HPWL=431210.20 um | Accept Rate=99.2% | Improvements: 101/500 (20.2%) | Refine: 206941/206983 (100.0%) | Explore: 88513/88517 (100.0%)
T=23460.35 | W=100.4um | Current HPWL=1599298.22 um | Best HPWL=431210.20 um | Accept Rate=100.0% | Improvements: 119/500 (23.8%) | Refine: 210443/210490 (100.0%) | Explore: 90005/90010 (100.0%)
T=19168.81 | W=100.4um | Current HPWL=1608540.82 um | Best HPWL=431210.20 um | Accept Rate=99.6% | Improvements: 121/500 (24.2%) | Refine: 213929/213984 (100.0%) | Explore: 91509/91516 (100.0%)
T=15662.32 | W=100.4um | Current HPWL=1616316.60 um | Best HPWL=431210.20 um | Accept Rate=99.8% | Improvements: 121/500 (24.2%) | Refine: 217426/217490 (100.0%) | Explore: 93002/93010 (100.0%)
T=12797.25 | W=100.4um | Current HPWL=1613818.84 um | Best HPWL=431210.20 um | Accept Rate=99.8% | Improvements: 112/500 (22.4%) | Refine: 220962/221038 (100.0%) | Explore: 94454/94462 (100.0%)
T=10456.29 | W=100.4um | Current HPWL=1608952.51 um | Best HPWL=431210.20 um | Accept Rate=99.6% | Improvements: 113/500 (22.6%) | Refine: 224437/224534 (100.0%) | Explore: 95957/95966 (100.0%)
T=8543.55 | W=100.4um | Current HPWL=1619473.08 um | Best HPWL=431210.20 um | Accept Rate=99.6% | Improvements: 115/500 (23.0%) | Refine: 227931/228051 (99.9%) | Explore: 97436/97449 (100.0%)
T=6980.70 | W=100.4um | Current HPWL=1618772.33 um | Best HPWL=431210.20 um | Accept Rate=99.6% | Improvements: 119/500 (23.8%) | Refine: 231401/231548 (99.9%) | Explore: 98934/98952 (100.0%)
T=5703.74 | W=100.4um | Current HPWL=1623194.49 um | Best HPWL=431210.20 um | Accept Rate=99.6% | Improvements: 111/500 (22.2%) | Refine: 234832/235016 (99.9%) | Explore: 100458/100484 (100.0%)
T=4660.37 | W=100.4um | Current HPWL=1621428.47 um | Best HPWL=431210.20 um | Accept Rate=99.0% | Improvements: 130/500 (26.0%) | Refine: 238339/238552 (99.9%) | Explore: 101916/101948 (100.0%)
T=3807.86 | W=100.4um | Current HPWL=1624670.40 um | Best HPWL=431210.20 um | Accept Rate=100.0% | Improvements: 121/500 (24.2%) | Refine: 241808/242060 (99.9%) | Explore: 103402/103440 (100.0%)
T=3111.30 | W=100.4um | Current HPWL=1614257.22 um | Best HPWL=431210.20 um | Accept Rate=98.6% | Improvements: 123/500 (24.6%) | Refine: 245269/245582 (99.9%) | Explore: 104870/104918 (100.0%)
T=2542.16 | W=100.4um | Current HPWL=1607016.43 um | Best HPWL=431210.20 um | Accept Rate=97.8% | Improvements: 110/500 (22.0%) | Refine: 248672/249069 (99.8%) | Explore: 106369/106431 (99.9%)
T=2077.13 | W=100.4um | Current HPWL=1602991.40 um | Best HPWL=431210.20 um | Accept Rate=96.4% | Improvements: 117/500 (23.4%) | Refine: 252044/252535 (99.8%) | Explore: 107889/107965 (99.9%)
T=1697.17 | W=100.4um | Current HPWL=1596142.68 um | Best HPWL=431210.20 um | Accept Rate=97.4% | Improvements: 116/500 (23.2%) | Refine: 255410/255985 (99.8%) | Explore: 109410/109515 (99.9%)
T=1386.71 | W=100.4um | Current HPWL=1576865.08 um | Best HPWL=431210.20 um | Accept Rate=96.4% | Improvements: 109/500 (21.8%) | Refine: 258801/259526 (99.7%) | Explore: 110842/110974 (99.9%)
T=1133.04 | W=100.4um | Current HPWL=1558436.21 um | Best HPWL=431210.20 um | Accept Rate=94.8% | Improvements: 95/500 (19.0%) | Refine: 262131/263034 (99.7%) | Explore: 112305/112466 (99.9%)
T=925.78 | W=100.4um | Current HPWL=1549622.82 um | Best HPWL=431210.20 um | Accept Rate=94.6% | Improvements: 121/500 (24.2%) | Refine: 265393/266509 (99.6%) | Explore: 113801/113991 (99.8%)
T=756.43 | W=100.4um | Current HPWL=1526307.59 um | Best HPWL=431210.20 um | Accept Rate=94.2% | Improvements: 82/500 (16.4%) | Refine: 268632/270002 (99.5%) | Explore: 115263/115498 (99.8%)
T=618.06 | W=100.4um | Current HPWL=1494044.68 um | Best HPWL=431210.20 um | Accept Rate=92.8% | Improvements: 97/500 (19.4%) | Refine: 271893/273529 (99.4%) | Explore: 116672/116971 (99.7%)
T=505.00 | W=100.4um | Current HPWL=1475658.18 um | Best HPWL=431210.20 um | Accept Rate=92.8% | Improvements: 101/500 (20.2%) | Refine: 275058/277021 (99.3%) | Explore: 118125/118479 (99.7%)
T=412.62 | W=100.4um | Current HPWL=1445121.79 um | Best HPWL=431210.20 um | Accept Rate=88.4% | Improvements: 93/500 (18.6%) | Refine: 278134/280508 (99.2%) | Explore: 119555/119992 (99.6%)
T=337.14 | W=100.4um | Current HPWL=1422122.49 um | Best HPWL=431210.20 um | Accept Rate=87.8% | Improvements: 83/500 (16.6%) | Refine: 281197/284018 (99.0%) | Explore: 120958/121482 (99.6%)
T=275.47 | W=100.4um | Current HPWL=1370949.70 um | Best HPWL=431210.20 um | Accept Rate=85.6% | Improvements: 99/500 (19.8%) | Refine: 284188/287510 (98.8%) | Explore: 122365/122990 (99.5%)
T=225.08 | W=100.4um | Current HPWL=1322204.29 um | Best HPWL=431210.20 um | Accept Rate=86.4% | Improvements: 80/500 (16.0%) | Refine: 287163/291020 (98.7%) | Explore: 123733/124480 (99.4%)
T=183.90 | W=100.4um | Current HPWL=1282095.52 um | Best HPWL=431210.20 um | Accept Rate=85.8% | Improvements: 104/500 (20.8%) | Refine: 290165/294629 (98.5%) | Explore: 124979/125871 (99.3%)
T=150.26 | W=100.4um | Current HPWL=1253743.21 um | Best HPWL=431210.20 um | Accept Rate=83.8% | Improvements: 77/500 (15.4%) | Refine: 293019/298124 (98.3%) | Explore: 126305/127376 (99.2%)
T=122.78 | W=100.4um | Current HPWL=1220939.87 um | Best HPWL=431210.20 um | Accept Rate=82.2% | Improvements: 79/500 (15.8%) | Refine: 295761/301609 (98.1%) | Explore: 127616/128891 (99.0%)
T=100.32 | W=100.4um | Current HPWL=1179650.99 um | Best HPWL=431210.20 um | Accept Rate=80.8% | Improvements: 82/500 (16.4%) | Refine: 298486/305078 (97.8%) | Explore: 128910/130422 (98.8%)
T=81.97 | W=100.4um | Current HPWL=1142117.07 um | Best HPWL=431210.20 um | Accept Rate=76.6% | Improvements: 61/500 (12.2%) | Refine: 301216/308588 (97.6%) | Explore: 130107/131912 (98.6%)
T=66.97 | W=100.4um | Current HPWL=1112071.93 um | Best HPWL=431210.20 um | Accept Rate=76.0% | Improvements: 59/500 (11.8%) | Refine: 303912/312091 (97.4%) | Explore: 131270/133409 (98.4%)
T=54.72 | W=100.4um | Current HPWL=1078023.75 um | Best HPWL=431210.20 um | Accept Rate=72.2% | Improvements: 67/500 (13.4%) | Refine: 306531/315530 (97.1%) | Explore: 132446/134970 (98.1%)
T=44.71 | W=100.4um | Current HPWL=1048539.42 um | Best HPWL=431210.20 um | Accept Rate=74.2% | Improvements: 70/500 (14.0%) | Refine: 309198/319049 (96.9%) | Explore: 133505/136451 (97.8%)
T=36.53 | W=100.4um | Current HPWL=1018034.42 um | Best HPWL=431210.20 um | Accept Rate=74.8% | Improvements: 71/500 (14.2%) | Refine: 311871/322538 (96.7%) | Explore: 134559/137962 (97.5%)
T=29.85 | W=100.4um | Current HPWL=988223.09 um | Best HPWL=431210.20 um | Accept Rate=73.2% | Improvements: 57/500 (11.4%) | Refine: 314497/326049 (96.5%) | Explore: 135512/139451 (97.2%)
T=24.39 | W=100.4um | Current HPWL=960668.78 um | Best HPWL=431210.20 um | Accept Rate=71.0% | Improvements: 51/500 (10.2%) | Refine: 317106/329582 (96.2%) | Explore: 136433/140918 (96.8%)
T=19.93 | W=100.4um | Current HPWL=935622.64 um | Best HPWL=431210.20 um | Accept Rate=69.8% | Improvements: 55/500 (11.0%) | Refine: 319749/333142 (96.0%) | Explore: 137315/142358 (96.5%)
T=16.28 | W=100.4um | Current HPWL=911273.98 um | Best HPWL=431210.20 um | Accept Rate=69.6% | Improvements: 50/500 (10.0%) | Refine: 322296/336627 (95.7%) | Explore: 138152/143873 (96.0%)
T=13.30 | W=100.4um | Current HPWL=886781.28 um | Best HPWL=431210.20 um | Accept Rate=67.0% | Improvements: 56/500 (11.2%) | Refine: 324816/340133 (95.5%) | Explore: 138966/145367 (95.6%)
T=10.87 | W=100.4um | Current HPWL=861099.88 um | Best HPWL=431210.20 um | Accept Rate=66.0% | Improvements: 56/500 (11.2%) | Refine: 327322/343604 (95.3%) | Explore: 139797/146896 (95.2%)
T=8.88 | W=100.4um | Current HPWL=837995.92 um | Best HPWL=431210.20 um | Accept Rate=63.8% | Improvements: 43/500 (8.6%) | Refine: 329809/347035 (95.0%) | Explore: 140610/148465 (94.7%)
T=7.26 | W=100.4um | Current HPWL=818261.04 um | Best HPWL=431210.20 um | Accept Rate=66.0% | Improvements: 38/500 (7.6%) | Refine: 332351/350527 (94.8%) | Explore: 141351/149973 (94.3%)
T=5.93 | W=100.4um | Current HPWL=798045.02 um | Best HPWL=431210.20 um | Accept Rate=63.6% | Improvements: 45/500 (9.0%) | Refine: 334864/354002 (94.6%) | Explore: 142086/151498 (93.8%)
T=4.84 | W=100.4um | Current HPWL=781093.52 um | Best HPWL=431210.20 um | Accept Rate=60.4% | Improvements: 40/500 (8.0%) | Refine: 337412/357503 (94.4%) | Explore: 142768/152997 (93.3%)
T=3.96 | W=100.4um | Current HPWL=762804.71 um | Best HPWL=431210.20 um | Accept Rate=61.8% | Improvements: 43/500 (8.6%) | Refine: 339939/361008 (94.2%) | Explore: 143456/154492 (92.9%)
T=3.23 | W=100.4um | Current HPWL=745079.19 um | Best HPWL=431210.20 um | Accept Rate=65.0% | Improvements: 47/500 (9.4%) | Refine: 342462/364541 (93.9%) | Explore: 144079/155959 (92.4%)
T=2.64 | W=100.4um | Current HPWL=727615.95 um | Best HPWL=431210.20 um | Accept Rate=63.6% | Improvements: 36/500 (7.2%) | Refine: 344981/368034 (93.7%) | Explore: 144729/157466 (91.9%)
T=2.16 | W=100.4um | Current HPWL=711798.05 um | Best HPWL=431210.20 um | Accept Rate=60.0% | Improvements: 47/500 (9.4%) | Refine: 347493/371535 (93.5%) | Explore: 145354/158965 (91.4%)
T=1.76 | W=100.4um | Current HPWL=694876.08 um | Best HPWL=431210.20 um | Accept Rate=63.8% | Improvements: 43/500 (8.6%) | Refine: 350019/375025 (93.3%) | Explore: 145985/160475 (91.0%)
T=1.44 | W=100.4um | Current HPWL=680596.99 um | Best HPWL=431210.20 um | Accept Rate=59.0% | Improvements: 38/500 (7.6%) | Refine: 352573/378539 (93.1%) | Explore: 146570/161961 (90.5%)
T=1.18 | W=100.4um | Current HPWL=666497.87 um | Best HPWL=431210.20 um | Accept Rate=61.0% | Improvements: 36/500 (7.2%) | Refine: 355095/382031 (92.9%) | Explore: 147135/163469 (90.0%)
T=0.96 | W=100.4um | Current HPWL=654843.10 um | Best HPWL=431210.20 um | Accept Rate=63.4% | Improvements: 32/500 (6.4%) | Refine: 357583/385500 (92.8%) | Explore: 147695/165000 (89.5%)
T=0.79 | W=100.4um | Current HPWL=643086.07 um | Best HPWL=431210.20 um | Accept Rate=64.4% | Improvements: 29/500 (5.8%) | Refine: 360138/389068 (92.6%) | Explore: 148272/166432 (89.1%)
T=0.64 | W=100.4um | Current HPWL=629312.97 um | Best HPWL=431210.20 um | Accept Rate=62.2% | Improvements: 39/500 (7.8%) | Refine: 362606/392527 (92.4%) | Explore: 148871/167973 (88.6%)
T=0.52 | W=100.4um | Current HPWL=618419.21 um | Best HPWL=431210.20 um | Accept Rate=65.6% | Improvements: 42/500 (8.4%) | Refine: 365138/396044 (92.2%) | Explore: 149402/169456 (88.2%)
T=0.43 | W=100.4um | Current HPWL=606126.89 um | Best HPWL=431210.20 um | Accept Rate=58.6% | Improvements: 43/500 (8.6%) | Refine: 367666/399547 (92.0%) | Explore: 149937/170953 (87.7%)
T=0.35 | W=100.4um | Current HPWL=595847.93 um | Best HPWL=431210.20 um | Accept Rate=62.8% | Improvements: 30/500 (6.0%) | Refine: 370190/403047 (91.8%) | Explore: 150483/172453 (87.3%)
T=0.29 | W=100.4um | Current HPWL=585476.05 um | Best HPWL=431210.20 um | Accept Rate=60.2% | Improvements: 45/500 (9.0%) | Refine: 372675/406556 (91.7%) | Explore: 151040/173944 (86.8%)
T=0.23 | W=100.4um | Current HPWL=576598.91 um | Best HPWL=431210.20 um | Accept Rate=59.8% | Improvements: 27/500 (5.4%) | Refine: 375206/410076 (91.5%) | Explore: 151515/175424 (86.4%)
T=0.19 | W=100.4um | Current HPWL=567241.19 um | Best HPWL=431210.20 um | Accept Rate=63.6% | Improvements: 43/500 (8.6%) | Refine: 377694/413563 (91.3%) | Explore: 152065/176937 (85.9%)
T=0.16 | W=100.4um | Current HPWL=559338.55 um | Best HPWL=431210.20 um | Accept Rate=64.4% | Improvements: 22/500 (4.4%) | Refine: 380252/417092 (91.2%) | Explore: 152547/178408 (85.5%)
T=0.13 | W=100.4um | Current HPWL=551818.17 um | Best HPWL=431210.20 um | Accept Rate=60.8% | Improvements: 31/500 (6.2%) | Refine: 382794/420631 (91.0%) | Explore: 153023/179869 (85.1%)
T=0.10 | W=100.4um | Current HPWL=542368.55 um | Best HPWL=431210.20 um | Accept Rate=61.6% | Improvements: 26/500 (5.2%) | Refine: 385225/424090 (90.8%) | Explore: 153555/181410 (84.6%)
T=0.09 | W=100.4um | Current HPWL=533941.75 um | Best HPWL=431210.20 um | Accept Rate=60.8% | Improvements: 25/500 (5.0%) | Refine: 387780/427658 (90.7%) | Explore: 154043/182842 (84.2%)
T=0.07 | W=100.4um | Current HPWL=527572.77 um | Best HPWL=431210.20 um | Accept Rate=58.8% | Improvements: 25/500 (5.0%) | Refine: 390318/431209 (90.5%) | Explore: 154503/184291 (83.8%)
T=0.06 | W=100.4um | Current HPWL=519968.65 um | Best HPWL=431210.20 um | Accept Rate=59.6% | Improvements: 28/500 (5.6%) | Refine: 392814/434700 (90.4%) | Explore: 154996/185800 (83.4%)
T=0.05 | W=100.4um | Current HPWL=513009.03 um | Best HPWL=431210.20 um | Accept Rate=58.6% | Improvements: 23/500 (4.6%) | Refine: 395356/438228 (90.2%) | Explore: 155461/187272 (83.0%)
T=0.04 | W=100.4um | Current HPWL=505699.25 um | Best HPWL=431210.20 um | Accept Rate=57.6% | Improvements: 18/500 (3.6%) | Refine: 397825/441735 (90.1%) | Explore: 155929/188765 (82.6%)
T=0.03 | W=100.4um | Current HPWL=497815.33 um | Best HPWL=431210.20 um | Accept Rate=54.2% | Improvements: 16/500 (3.2%) | Refine: 400250/445175 (89.9%) | Explore: 156405/190325 (82.2%)
T=0.03 | W=100.4um | Current HPWL=491215.53 um | Best HPWL=431210.20 um | Accept Rate=57.2% | Improvements: 29/500 (5.8%) | Refine: 402691/448645 (89.8%) | Explore: 156875/191855 (81.8%)
T=0.02 | W=100.4um | Current HPWL=485695.75 um | Best HPWL=431210.20 um | Accept Rate=59.8% | Improvements: 36/500 (7.2%) | Refine: 405261/452173 (89.6%) | Explore: 157317/193327 (81.4%)
T=0.02 | W=100.4um | Current HPWL=478879.63 um | Best HPWL=431210.20 um | Accept Rate=62.2% | Improvements: 23/500 (4.6%) | Refine: 407802/455713 (89.5%) | Explore: 157789/194787 (81.0%)
T=0.01 | W=100.4um | Current HPWL=472431.81 um | Best HPWL=431210.20 um | Accept Rate=57.8% | Improvements: 29/500 (5.8%) | Refine: 410355/459241 (89.4%) | Explore: 158242/196259 (80.6%)
T=0.01 | W=100.4um | Current HPWL=465979.73 um | Best HPWL=431210.20 um | Accept Rate=60.8% | Improvements: 33/500 (6.6%) | Refine: 412905/462783 (89.2%) | Explore: 158686/197717 (80.3%)
T=0.01 | W=100.4um | Current HPWL=459758.23 um | Best HPWL=431210.20 um | Accept Rate=62.2% | Improvements: 15/500 (3.0%) | Refine: 415430/466274 (89.1%) | Explore: 159119/199226 (79.9%)
T=0.01 | W=100.4um | Current HPWL=454215.57 um | Best HPWL=431210.20 um | Accept Rate=60.6% | Improvements: 19/500 (3.8%) | Refine: 417907/469712 (89.0%) | Explore: 159545/200788 (79.5%)
T=0.01 | W=100.4um | Current HPWL=448189.07 um | Best HPWL=431210.20 um | Accept Rate=61.2% | Improvements: 23/500 (4.6%) | Refine: 420389/473199 (88.8%) | Explore: 159972/202301 (79.1%)
T=0.01 | W=100.4um | Current HPWL=443878.07 um | Best HPWL=431210.20 um | Accept Rate=56.8% | Improvements: 24/500 (4.8%) | Refine: 422912/476738 (88.7%) | Explore: 160374/203762 (78.7%)
T=0.00 | W=100.4um | Current HPWL=438345.35 um | Best HPWL=431210.20 um | Accept Rate=59.0% | Improvements: 21/500 (4.2%) | Refine: 425403/480184 (88.6%) | Explore: 160823/205316 (78.3%)
T=0.00 | W=100.4um | Current HPWL=433913.35 um | Best HPWL=431210.20 um | Accept Rate=57.8% | Improvements: 21/500 (4.2%) | Refine: 427856/483652 (88.5%) | Explore: 161230/206848 (77.9%)
  → Found improvement! New best HPWL: 429005.93 um (improvement: -54.88 um)
  → Found improvement! New best HPWL: 428992.97 um (improvement: -12.96 um)
  → Found improvement! New best HPWL: 428959.05 um (improvement: -33.92 um)
  → Found improvement! New best HPWL: 428898.41 um (improvement: -60.64 um)
  → Found improvement! New best HPWL: 428887.53 um (improvement: -10.88 um)
  → Found improvement! New best HPWL: 428880.01 um (improvement: -7.52 um)
  → Found improvement! New best HPWL: 428854.57 um (improvement: -25.44 um)
  → Found improvement! New best HPWL: 428838.25 um (improvement: -16.32 um)
  → Found improvement! New best HPWL: 428808.97 um (improvement: -29.28 um)
  → Found improvement! New best HPWL: 428764.65 um (improvement: -44.32 um)
  → Found improvement! New best HPWL: 428760.67 um (improvement: -3.98 um)
  → Found improvement! New best HPWL: 428748.87 um (improvement: -11.80 um)
  → Found improvement! New best HPWL: 428735.73 um (improvement: -13.14 um)
  → Found improvement! New best HPWL: 428623.17 um (improvement: -112.56 um)
  → Found improvement! New best HPWL: 428621.91 um (improvement: -1.26 um)
  → Found improvement! New best HPWL: 428616.47 um (improvement: -5.44 um)
  → Found improvement! New best HPWL: 428602.67 um (improvement: -13.80 um)
  → Found improvement! New best HPWL: 428580.91 um (improvement: -21.76 um)
T=0.00 | W=100.4um | Current HPWL=428580.91 um | Best HPWL=428580.91 um | Accept Rate=55.4% | Improvements: 20/500 (4.0%) | Refine: 430353/487172 (88.3%) | Explore: 161637/208328 (77.6%)
  → Found improvement! New best HPWL: 424727.43 um (improvement: -36.80 um)
  → Found improvement! New best HPWL: 424707.87 um (improvement: -19.56 um)
  → Found improvement! New best HPWL: 424672.93 um (improvement: -34.94 um)
  → Found improvement! New best HPWL: 424672.93 um (improvement: 0.00 um)
  → Found improvement! New best HPWL: 424670.17 um (improvement: -2.76 um)
  → Found improvement! New best HPWL: 424608.97 um (improvement: -61.20 um)
  → Found improvement! New best HPWL: 424546.05 um (improvement: -62.92 um)
  → Found improvement! New best HPWL: 424507.55 um (improvement: -38.50 um)
  → Found improvement! New best HPWL: 424502.11 um (improvement: -5.44 um)
  → Found improvement! New best HPWL: 424493.95 um (improvement: -8.16 um)
  → Found improvement! New best HPWL: 424483.07 um (improvement: -10.88 um)
  → Found improvement! New best HPWL: 424481.81 um (improvement: -1.26 um)
  → Found improvement! New best HPWL: 424475.11 um (improvement: -6.70 um)
  → Found improvement! New best HPWL: 424423.45 um (improvement: -51.66 um)
  → Found improvement! New best HPWL: 424407.53 um (improvement: -15.92 um)
  → Found improvement! New best HPWL: 424381.71 um (improvement: -25.82 um)
T=0.00 | W=100.4um | Current HPWL=424381.71 um | Best HPWL=424381.71 um | Accept Rate=58.0% | Improvements: 15/500 (3.0%) | Refine: 432797/490632 (88.2%) | Explore: 162046/209868 (77.2%)
T=0.00 | W=100.4um | Current HPWL=422110.39 um | Best HPWL=422110.39 um | Accept Rate=54.0% | Improvements: 16/500 (3.2%) | Refine: 434311/492730 (88.1%) | Explore: 162284/210770 (77.0%)
T=0.00 | W=100.4um | Current HPWL=421641.49 um | Best HPWL=421641.49 um | Accept Rate=58.8% | Improvements: 16/500 (3.2%) | Refine: 434569/493097 (88.1%) | Explore: 162320/210903 (77.0%)
T=0.00 | W=100.4um | Current HPWL=421390.35 um | Best HPWL=421390.35 um | Accept Rate=54.6% | Improvements: 16/500 (3.2%) | Refine: 434809/493441 (88.1%) | Explore: 162353/211059 (76.9%)
T=0.00 | W=100.4um | Current HPWL=420768.05 um | Best HPWL=420768.05 um | Accept Rate=54.0% | Improvements: 28/500 (5.6%) | Refine: 435029/493772 (88.1%) | Explore: 162403/211228 (76.9%)
  → Found improvement! New best HPWL: 420718.69 um (improvement: -49.36 um)
  → Found improvement! New best HPWL: 420658.45 um (improvement: -60.24 um)
  → Found improvement! New best HPWL: 420614.07 um (improvement: -44.38 um)
  → Found improvement! New best HPWL: 420592.05 um (improvement: -22.02 um)
  → Found improvement! New best HPWL: 420583.05 um (improvement: -9.00 um)
  → Found improvement! New best HPWL: 420581.29 um (improvement: -1.76 um)
  → Found improvement! New best HPWL: 420569.79 um (improvement: -11.50 um)
  → Found improvement! New best HPWL: 420564.35 um (improvement: -5.44 um)
  → Found improvement! New best HPWL: 420504.53 um (improvement: -59.82 um)
  → Found improvement! New best HPWL: 420492.33 um (improvement: -12.20 um)
  → Found improvement! New best HPWL: 420464.33 um (improvement: -28.00 um)
  → Found improvement! New best HPWL: 420449.69 um (improvement: -14.64 um)
  → Found improvement! New best HPWL: 420416.09 um (improvement: -33.60 um)
  → Found improvement! New best HPWL: 420318.17 um (improvement: -97.92 um)
  → Found improvement! New best HPWL: 420279.07 um (improvement: -39.10 um)
  → Found improvement! New best HPWL: 420274.47 um (improvement: -4.60 um)
  → Found improvement! New best HPWL: 420266.37 um (improvement: -8.10 um)
  → Found improvement! New best HPWL: 420232.93 um (improvement: -33.44 um)
  → Found improvement! New best HPWL: 420192.13 um (improvement: -40.80 um)
  → Found improvement! New best HPWL: 420190.25 um (improvement: -1.88 um)
  → Found improvement! New best HPWL: 420135.59 um (improvement: -54.66 um)
  → Found improvement! New best HPWL: 420134.55 um (improvement: -1.04 um)
  → Found improvement! New best HPWL: 420119.07 um (improvement: -15.48 um)
  → Found improvement! New best HPWL: 420104.23 um (improvement: -14.84 um)
T=0.00 | W=100.4um | Current HPWL=420104.23 um | Best HPWL=420104.23 um | Accept Rate=58.0% | Improvements: 24/500 (4.8%) | Refine: 435278/494112 (88.1%) | Explore: 162444/211388 (76.8%)
T=0.00 | W=100.4um | Current HPWL=419819.61 um | Best HPWL=419819.61 um | Accept Rate=61.8% | Improvements: 23/500 (4.6%) | Refine: 435541/494464 (88.1%) | Explore: 162490/211536 (76.8%)
T=0.00 | W=100.4um | Current HPWL=419534.93 um | Best HPWL=419534.93 um | Accept Rate=53.2% | Improvements: 16/500 (3.2%) | Refine: 435773/494809 (88.1%) | Explore: 162524/211691 (76.8%)
T=0.00 | W=100.4um | Current HPWL=419062.99 um | Best HPWL=419062.99 um | Accept Rate=60.8% | Improvements: 19/500 (3.8%) | Refine: 436040/495162 (88.1%) | Explore: 162561/211838 (76.7%)
T=0.00 | W=100.4um | Current HPWL=418640.95 um | Best HPWL=418640.95 um | Accept Rate=57.8% | Improvements: 14/500 (2.8%) | Refine: 436296/495528 (88.0%) | Explore: 162594/211972 (76.7%)
T=0.00 | W=100.4um | Current HPWL=418199.97 um | Best HPWL=418199.97 um | Accept Rate=55.8% | Improvements: 19/500 (3.8%) | Refine: 436536/495884 (88.0%) | Explore: 162633/212116 (76.7%)
T=0.00 | W=100.4um | Current HPWL=417714.95 um | Best HPWL=417714.95 um | Accept Rate=55.6% | Improvements: 18/500 (3.6%) | Refine: 436781/496237 (88.0%) | Explore: 162666/212263 (76.6%)
T=0.00 | W=100.4um | Current HPWL=417314.45 um | Best HPWL=417314.45 um | Accept Rate=55.2% | Improvements: 27/500 (5.4%) | Refine: 437010/496562 (88.0%) | Explore: 162713/212438 (76.6%)
T=0.00 | W=100.4um | Current HPWL=416894.95 um | Best HPWL=416894.95 um | Accept Rate=61.6% | Improvements: 17/500 (3.4%) | Refine: 437280/496917 (88.0%) | Explore: 162751/212583 (76.6%)
T=0.00 | W=100.4um | Current HPWL=416595.57 um | Best HPWL=416595.57 um | Accept Rate=57.2% | Improvements: 17/500 (3.4%) | Refine: 437525/497253 (88.0%) | Explore: 162792/212747 (76.5%)
  → Found improvement! New best HPWL: 416591.93 um (improvement: -3.64 um)
  → Found improvement! New best HPWL: 416582.73 um (improvement: -9.20 um)
  → Found improvement! New best HPWL: 416572.15 um (improvement: -10.58 um)
  → Found improvement! New best HPWL: 416459.83 um (improvement: -112.32 um)
  → Found improvement! New best HPWL: 416459.83 um (improvement: 0.00 um)
  → Found improvement! New best HPWL: 416438.07 um (improvement: -21.76 um)
  → Found improvement! New best HPWL: 416433.55 um (improvement: -4.52 um)
  → Found improvement! New best HPWL: 416400.91 um (improvement: -32.64 um)
  → Found improvement! New best HPWL: 416393.59 um (improvement: -7.32 um)
  → Found improvement! New best HPWL: 416393.59 um (improvement: 0.00 um)
  → Found improvement! New best HPWL: 416336.53 um (improvement: -57.06 um)
  → Found improvement! New best HPWL: 416329.63 um (improvement: -6.90 um)
  → Found improvement! New best HPWL: 416324.19 um (improvement: -5.44 um)
  → Found improvement! New best HPWL: 416313.31 um (improvement: -10.88 um)
  → Found improvement! New best HPWL: 416306.41 um (improvement: -6.90 um)
  → Found improvement! New best HPWL: 416286.97 um (improvement: -19.44 um)
T=0.00 | W=100.4um | Current HPWL=416286.97 um | Best HPWL=416286.97 um | Accept Rate=54.8% | Improvements: 14/500 (2.8%) | Refine: 437763/497613 (88.0%) | Explore: 162828/212887 (76.5%)
T=0.00 | W=100.4um | Current HPWL=415837.11 um | Best HPWL=415837.11 um | Accept Rate=59.0% | Improvements: 17/500 (3.4%) | Refine: 438022/497968 (88.0%) | Explore: 162864/213032 (76.5%)
T=0.00 | W=100.4um | Current HPWL=415469.21 um | Best HPWL=415469.21 um | Accept Rate=56.2% | Improvements: 16/500 (3.2%) | Refine: 438262/498313 (87.9%) | Explore: 162905/213187 (76.4%)
T=0.00 | W=100.4um | Current HPWL=414946.25 um | Best HPWL=414946.25 um | Accept Rate=58.6% | Improvements: 18/500 (3.6%) | Refine: 438523/498666 (87.9%) | Explore: 162937/213334 (76.4%)
T=0.00 | W=100.4um | Current HPWL=414240.91 um | Best HPWL=414240.91 um | Accept Rate=59.8% | Improvements: 24/500 (4.8%) | Refine: 438778/499020 (87.9%) | Explore: 162981/213480 (76.3%)
T=0.00 | W=100.4um | Current HPWL=413693.13 um | Best HPWL=413693.13 um | Accept Rate=56.6% | Improvements: 17/500 (3.4%) | Refine: 439020/499373 (87.9%) | Explore: 163022/213627 (76.3%)
T=0.00 | W=100.4um | Current HPWL=413241.35 um | Best HPWL=413241.35 um | Accept Rate=57.0% | Improvements: 21/500 (4.2%) | Refine: 439267/499711 (87.9%) | Explore: 163060/213789 (76.3%)
T=0.00 | W=100.4um | Current HPWL=412448.35 um | Best HPWL=412448.35 um | Accept Rate=58.4% | Improvements: 33/500 (6.6%) | Refine: 439505/500046 (87.9%) | Explore: 163114/213954 (76.2%)
T=0.00 | W=100.4um | Current HPWL=412161.59 um | Best HPWL=412161.59 um | Accept Rate=56.6% | Improvements: 14/500 (2.8%) | Refine: 439749/500389 (87.9%) | Explore: 163153/214111 (76.2%)
T=0.00 | W=100.4um | Current HPWL=411816.81 um | Best HPWL=411816.81 um | Accept Rate=55.6% | Improvements: 17/500 (3.4%) | Refine: 439999/500742 (87.9%) | Explore: 163181/214258 (76.2%)
  → Found improvement! New best HPWL: 411798.41 um (improvement: -18.40 um)
  → Found improvement! New best HPWL: 411792.97 um (improvement: -5.44 um)
  → Found improvement! New best HPWL: 411737.77 um (improvement: -55.20 um)
  → Found improvement! New best HPWL: 411715.39 um (improvement: -22.38 um)
  → Found improvement! New best HPWL: 411715.39 um (improvement: 0.00 um)
  → Found improvement! New best HPWL: 411678.51 um (improvement: -36.88 um)
  → Found improvement! New best HPWL: 411673.91 um (improvement: -4.60 um)
  → Found improvement! New best HPWL: 411660.73 um (improvement: -13.18 um)
  → Found improvement! New best HPWL: 411653.83 um (improvement: -6.90 um)
  → Found improvement! New best HPWL: 411649.23 um (improvement: -4.60 um)
  → Found improvement! New best HPWL: 411642.43 um (improvement: -6.80 um)
  → Found improvement! New best HPWL: 411636.79 um (improvement: -5.64 um)
  → Found improvement! New best HPWL: 411593.27 um (improvement: -43.52 um)
  → Found improvement! New best HPWL: 411588.67 um (improvement: -4.60 um)
  → Found improvement! New best HPWL: 411560.63 um (improvement: -28.04 um)
  → Found improvement! New best HPWL: 411554.11 um (improvement: -6.52 um)
  → Found improvement! New best HPWL: 411527.97 um (improvement: -26.14 um)
  → Found improvement! New best HPWL: 411481.81 um (improvement: -46.16 um)
T=0.00 | W=100.4um | Current HPWL=411481.81 um | Best HPWL=411481.81 um | Accept Rate=58.0% | Improvements: 18/500 (3.6%) | Refine: 440247/501100 (87.9%) | Explore: 163223/214400 (76.1%)
T=0.00 | W=100.4um | Current HPWL=411276.07 um | Best HPWL=411276.07 um | Accept Rate=56.8% | Improvements: 11/500 (2.2%) | Refine: 440501/501455 (87.8%) | Explore: 163253/214545 (76.1%)
T=0.00 | W=100.4um | Current HPWL=410912.37 um | Best HPWL=410912.37 um | Accept Rate=57.8% | Improvements: 20/500 (4.0%) | Refine: 440745/501803 (87.8%) | Explore: 163298/214697 (76.1%)
T=0.00 | W=100.4um | Current HPWL=410271.77 um | Best HPWL=410271.77 um | Accept Rate=55.2% | Improvements: 24/500 (4.8%) | Refine: 440973/502138 (87.8%) | Explore: 163346/214862 (76.0%)
T=0.00 | W=100.4um | Current HPWL=409920.17 um | Best HPWL=409920.17 um | Accept Rate=60.4% | Improvements: 15/500 (3.0%) | Refine: 441230/502492 (87.8%) | Explore: 163391/215008 (76.0%)
T=0.00 | W=100.4um | Current HPWL=409630.49 um | Best HPWL=409630.49 um | Accept Rate=61.6% | Improvements: 21/500 (4.2%) | Refine: 441500/502849 (87.8%) | Explore: 163429/215151 (76.0%)
T=0.00 | W=100.4um | Current HPWL=409209.07 um | Best HPWL=409209.07 um | Accept Rate=58.4% | Improvements: 25/500 (5.0%) | Refine: 441753/503192 (87.8%) | Explore: 163468/215308 (75.9%)
T=0.00 | W=100.4um | Current HPWL=408940.21 um | Best HPWL=408940.21 um | Accept Rate=56.6% | Improvements: 19/500 (3.8%) | Refine: 441998/503534 (87.8%) | Explore: 163506/215466 (75.9%)
T=0.00 | W=100.4um | Current HPWL=408336.07 um | Best HPWL=408336.07 um | Accept Rate=56.0% | Improvements: 21/500 (4.2%) | Refine: 442241/503878 (87.8%) | Explore: 163543/215622 (75.8%)
T=0.00 | W=100.4um | Current HPWL=408143.05 um | Best HPWL=408143.05 um | Accept Rate=52.2% | Improvements: 14/500 (2.8%) | Refine: 442469/504212 (87.8%) | Explore: 163576/215788 (75.8%)
  → Found improvement! New best HPWL: 408137.19 um (improvement: -5.86 um)
  → Found improvement! New best HPWL: 408094.51 um (improvement: -42.68 um)
  → Found improvement! New best HPWL: 408066.91 um (improvement: -27.60 um)
  → Found improvement! New best HPWL: 408061.91 um (improvement: -5.00 um)
  → Found improvement! New best HPWL: 408030.77 um (improvement: -31.14 um)
  → Found improvement! New best HPWL: 408004.09 um (improvement: -26.68 um)
  → Found improvement! New best HPWL: 407963.85 um (improvement: -40.24 um)
  → Found improvement! New best HPWL: 407952.97 um (improvement: -10.88 um)
  → Found improvement! New best HPWL: 407907.93 um (improvement: -45.04 um)
  → Found improvement! New best HPWL: 407903.13 um (improvement: -4.80 um)
T=0.00 | W=100.4um | Current HPWL=407903.13 um | Best HPWL=407903.13 um | Accept Rate=62.0% | Improvements: 11/500 (2.2%) | Refine: 442747/504574 (87.7%) | Explore: 163608/215926 (75.8%)

============================================================
SA Optimization Complete
============================================================
Initial HPWL: 431210.20 um
Final Total HPWL: 407903.13 um
Improvement: 23307.07 um (5.41%)
Total Iterations: 1441
============================================================


Placement map written to: build/6502/sa_alpha0.98_moves500_Tfinal0.001/6502.map
Total instances: 2899

Placement saved to build/6502/sa_alpha0.98_moves500_Tfinal0.001/6502_placement.json

============================================================
Placement Summary
============================================================
Final Total HPWL: 407903.13 um
Total Instances: 2899
============================================================

Placement completed successfully!
Map file: build/6502/sa_alpha0.98_moves500_Tfinal0.001/6502.map
JSON file: build/6502/sa_alpha0.98_moves500_Tfinal0.001/6502_placement.json

================================================================================
# End time: 2025-11-23T09:36:21.242962
# Return code: 0
