# Log file for: designs/6502_mapped.json
# Configuration: {'alpha': 0.96, 'moves': 450, 't_final': 0.01, '_use_greedy_placement': True, '_greedy_placement': 'build/6502/greedy/6502_placement.json'}
# Start time: 2025-11-23T08:55:03.106117
# Command: /home/mohab/Downloads/work/venv/bin/python placer.py --design designs/6502_mapped.json --fabric-cells fabric/fabric_cells.yaml --pins fabric/pins.yaml --output build/6502/sa_alpha0.96_moves450_Tfinal0.01 --sa-alpha 0.96 --sa-moves 450 --sa-T-final 0.01 --initial-placement build/6502/greedy/6502_placement.json --seed 2020972501
================================================================================

Random seed set to: 2020972501
Loading initial placement from: build/6502/greedy/6502_placement.json

============================================================
Simulated Annealing Optimization
============================================================
Initial HPWL: 431210.20 um
Initial Temperature: 4312102000.00
Cooling Rate (alpha): 0.96
Moves per Temperature: 450
Final Temperature: 0.01
Initial Window Size: 501.80 um
Window Cooling Rate (beta): 0.98
Move Probabilities: Refine=70.0%, Explore=30.0%
============================================================

T=4312102000.00 | W=501.8um | Current HPWL=554592.62 um | Best HPWL=431210.20 um | Accept Rate=100.0% | Improvements: 24/450 (5.3%) | Refine: 312/312 (100.0%) | Explore: 138/138 (100.0%)
T=2866826139.32 | W=410.0um | Current HPWL=1096691.10 um | Best HPWL=431210.20 um | Accept Rate=100.0% | Improvements: 78/450 (17.3%) | Refine: 3405/3405 (100.0%) | Explore: 1545/1545 (100.0%)
T=1905959579.14 | W=335.0um | Current HPWL=1222554.93 um | Best HPWL=431210.20 um | Accept Rate=100.0% | Improvements: 93/450 (20.7%) | Refine: 6609/6609 (100.0%) | Explore: 2841/2841 (100.0%)
T=1267144131.09 | W=273.7um | Current HPWL=1293358.22 um | Best HPWL=431210.20 um | Accept Rate=100.0% | Improvements: 97/450 (21.6%) | Refine: 9751/9751 (100.0%) | Explore: 4199/4199 (100.0%)
T=842438772.85 | W=223.7um | Current HPWL=1312499.76 um | Best HPWL=431210.20 um | Accept Rate=100.0% | Improvements: 97/450 (21.6%) | Refine: 12889/12889 (100.0%) | Explore: 5561/5561 (100.0%)
T=560080790.02 | W=182.7um | Current HPWL=1350217.50 um | Best HPWL=431210.20 um | Accept Rate=100.0% | Improvements: 103/450 (22.9%) | Refine: 15995/15995 (100.0%) | Explore: 6955/6955 (100.0%)
T=372359988.00 | W=149.3um | Current HPWL=1361495.87 um | Best HPWL=431210.20 um | Accept Rate=100.0% | Improvements: 115/450 (25.6%) | Refine: 19140/19140 (100.0%) | Explore: 8310/8310 (100.0%)
T=247557072.36 | W=122.0um | Current HPWL=1364208.59 um | Best HPWL=431210.20 um | Accept Rate=100.0% | Improvements: 88/450 (19.6%) | Refine: 22285/22285 (100.0%) | Explore: 9665/9665 (100.0%)
T=164584020.97 | W=100.4um | Current HPWL=1376495.29 um | Best HPWL=431210.20 um | Accept Rate=100.0% | Improvements: 100/450 (22.2%) | Refine: 25444/25444 (100.0%) | Explore: 11006/11006 (100.0%)
T=109420828.51 | W=100.4um | Current HPWL=1384968.67 um | Best HPWL=431210.20 um | Accept Rate=100.0% | Improvements: 92/450 (20.4%) | Refine: 28606/28606 (100.0%) | Explore: 12344/12344 (100.0%)
T=72746537.85 | W=100.4um | Current HPWL=1387885.16 um | Best HPWL=431210.20 um | Accept Rate=100.0% | Improvements: 100/450 (22.2%) | Refine: 31802/31802 (100.0%) | Explore: 13648/13648 (100.0%)
T=48364272.52 | W=100.4um | Current HPWL=1375483.16 um | Best HPWL=431210.20 um | Accept Rate=100.0% | Improvements: 108/450 (24.0%) | Refine: 34958/34958 (100.0%) | Explore: 14992/14992 (100.0%)
T=32154146.79 | W=100.4um | Current HPWL=1377009.25 um | Best HPWL=431210.20 um | Accept Rate=100.0% | Improvements: 93/450 (20.7%) | Refine: 38084/38084 (100.0%) | Explore: 16366/16366 (100.0%)
T=21377126.17 | W=100.4um | Current HPWL=1390891.88 um | Best HPWL=431210.20 um | Accept Rate=100.0% | Improvements: 101/450 (22.4%) | Refine: 41250/41250 (100.0%) | Explore: 17700/17700 (100.0%)
T=14212211.14 | W=100.4um | Current HPWL=1397460.81 um | Best HPWL=431210.20 um | Accept Rate=100.0% | Improvements: 101/450 (22.4%) | Refine: 44409/44409 (100.0%) | Explore: 19041/19041 (100.0%)
T=9448741.79 | W=100.4um | Current HPWL=1398185.23 um | Best HPWL=431210.20 um | Accept Rate=100.0% | Improvements: 118/450 (26.2%) | Refine: 47533/47533 (100.0%) | Explore: 20417/20417 (100.0%)
T=6281831.91 | W=100.4um | Current HPWL=1404733.61 um | Best HPWL=431210.20 um | Accept Rate=100.0% | Improvements: 105/450 (23.3%) | Refine: 50701/50701 (100.0%) | Explore: 21749/21749 (100.0%)
T=4176366.87 | W=100.4um | Current HPWL=1417113.32 um | Best HPWL=431210.20 um | Accept Rate=100.0% | Improvements: 115/450 (25.6%) | Refine: 53835/53835 (100.0%) | Explore: 23115/23115 (100.0%)
T=2776585.00 | W=100.4um | Current HPWL=1417866.75 um | Best HPWL=431210.20 um | Accept Rate=100.0% | Improvements: 100/450 (22.2%) | Refine: 56994/56994 (100.0%) | Explore: 24456/24456 (100.0%)
T=1845964.32 | W=100.4um | Current HPWL=1410350.87 um | Best HPWL=431210.20 um | Accept Rate=100.0% | Improvements: 103/450 (22.9%) | Refine: 60146/60146 (100.0%) | Explore: 25804/25804 (100.0%)
T=1227257.33 | W=100.4um | Current HPWL=1438100.11 um | Best HPWL=431210.20 um | Accept Rate=100.0% | Improvements: 99/450 (22.0%) | Refine: 63274/63274 (100.0%) | Explore: 27176/27176 (100.0%)
T=815920.72 | W=100.4um | Current HPWL=1431568.11 um | Best HPWL=431210.20 um | Accept Rate=100.0% | Improvements: 101/450 (22.4%) | Refine: 66421/66421 (100.0%) | Explore: 28529/28529 (100.0%)
T=542450.72 | W=100.4um | Current HPWL=1442844.71 um | Best HPWL=431210.20 um | Accept Rate=100.0% | Improvements: 85/450 (18.9%) | Refine: 69565/69565 (100.0%) | Explore: 29885/29885 (100.0%)
T=360638.95 | W=100.4um | Current HPWL=1435962.48 um | Best HPWL=431210.20 um | Accept Rate=100.0% | Improvements: 100/450 (22.2%) | Refine: 72700/72700 (100.0%) | Explore: 31250/31250 (100.0%)
T=239764.54 | W=100.4um | Current HPWL=1439300.41 um | Best HPWL=431210.20 um | Accept Rate=100.0% | Improvements: 101/450 (22.4%) | Refine: 75827/75827 (100.0%) | Explore: 32623/32623 (100.0%)
T=159403.29 | W=100.4um | Current HPWL=1455572.83 um | Best HPWL=431210.20 um | Accept Rate=100.0% | Improvements: 96/450 (21.3%) | Refine: 79010/79010 (100.0%) | Explore: 33940/33940 (100.0%)
T=105976.51 | W=100.4um | Current HPWL=1467984.78 um | Best HPWL=431210.20 um | Accept Rate=100.0% | Improvements: 117/450 (26.0%) | Refine: 82143/82144 (100.0%) | Explore: 35306/35306 (100.0%)
T=70456.64 | W=100.4um | Current HPWL=1454931.51 um | Best HPWL=431210.20 um | Accept Rate=100.0% | Improvements: 89/450 (19.8%) | Refine: 85288/85290 (100.0%) | Explore: 36660/36660 (100.0%)
T=46841.88 | W=100.4um | Current HPWL=1488304.01 um | Best HPWL=431210.20 um | Accept Rate=100.0% | Improvements: 90/450 (20.0%) | Refine: 88441/88446 (100.0%) | Explore: 38004/38004 (100.0%)
T=31142.01 | W=100.4um | Current HPWL=1478046.65 um | Best HPWL=431210.20 um | Accept Rate=100.0% | Improvements: 114/450 (25.3%) | Refine: 91643/91653 (100.0%) | Explore: 39296/39297 (100.0%)
T=20704.22 | W=100.4um | Current HPWL=1486742.93 um | Best HPWL=431210.20 um | Accept Rate=100.0% | Improvements: 113/450 (25.1%) | Refine: 94769/94782 (100.0%) | Explore: 40667/40668 (100.0%)
T=13764.84 | W=100.4um | Current HPWL=1486624.12 um | Best HPWL=431210.20 um | Accept Rate=99.8% | Improvements: 100/450 (22.2%) | Refine: 97967/97990 (100.0%) | Explore: 41957/41960 (100.0%)
T=9151.32 | W=100.4um | Current HPWL=1494709.59 um | Best HPWL=431210.20 um | Accept Rate=99.3% | Improvements: 100/450 (22.2%) | Refine: 101127/101166 (100.0%) | Explore: 43277/43284 (100.0%)
T=6084.09 | W=100.4um | Current HPWL=1483496.22 um | Best HPWL=431210.20 um | Accept Rate=98.2% | Improvements: 101/450 (22.4%) | Refine: 104247/104309 (99.9%) | Explore: 44626/44641 (100.0%)
T=4044.90 | W=100.4um | Current HPWL=1488693.11 um | Best HPWL=431210.20 um | Accept Rate=99.6% | Improvements: 117/450 (26.0%) | Refine: 107393/107489 (99.9%) | Explore: 45938/45961 (99.9%)
T=2689.18 | W=100.4um | Current HPWL=1472756.62 um | Best HPWL=431210.20 um | Accept Rate=98.0% | Improvements: 97/450 (21.6%) | Refine: 110516/110673 (99.9%) | Explore: 47240/47277 (99.9%)
T=1787.86 | W=100.4um | Current HPWL=1466089.25 um | Best HPWL=431210.20 um | Accept Rate=98.7% | Improvements: 103/450 (22.9%) | Refine: 113611/113839 (99.8%) | Explore: 48561/48611 (99.9%)
T=1188.63 | W=100.4um | Current HPWL=1447856.57 um | Best HPWL=431210.20 um | Accept Rate=96.0% | Improvements: 76/450 (16.9%) | Refine: 116673/117016 (99.7%) | Explore: 49856/49934 (99.8%)
T=790.24 | W=100.4um | Current HPWL=1418463.43 um | Best HPWL=431210.20 um | Accept Rate=94.2% | Improvements: 99/450 (22.0%) | Refine: 119663/120207 (99.5%) | Explore: 51133/51243 (99.8%)
T=525.38 | W=100.4um | Current HPWL=1394180.33 um | Best HPWL=431210.20 um | Accept Rate=95.8% | Improvements: 97/450 (21.6%) | Refine: 122531/123322 (99.4%) | Explore: 52477/52628 (99.7%)
T=349.29 | W=100.4um | Current HPWL=1355057.16 um | Best HPWL=431210.20 um | Accept Rate=90.7% | Improvements: 83/450 (18.4%) | Refine: 125326/126438 (99.1%) | Explore: 53794/54012 (99.6%)
T=232.22 | W=100.4um | Current HPWL=1308821.43 um | Best HPWL=431210.20 um | Accept Rate=87.3% | Improvements: 93/450 (20.7%) | Refine: 128047/129580 (98.8%) | Explore: 55046/55370 (99.4%)
T=154.39 | W=100.4um | Current HPWL=1251568.04 um | Best HPWL=431210.20 um | Accept Rate=83.3% | Improvements: 80/450 (17.8%) | Refine: 130624/132678 (98.5%) | Explore: 56306/56772 (99.2%)
T=102.64 | W=100.4um | Current HPWL=1206175.33 um | Best HPWL=431210.20 um | Accept Rate=78.0% | Improvements: 63/450 (14.0%) | Refine: 133174/135832 (98.0%) | Explore: 57451/58118 (98.9%)
T=68.24 | W=100.4um | Current HPWL=1162806.21 um | Best HPWL=431210.20 um | Accept Rate=80.4% | Improvements: 68/450 (15.1%) | Refine: 135695/138977 (97.6%) | Explore: 58545/59473 (98.4%)
T=45.37 | W=100.4um | Current HPWL=1111888.99 um | Best HPWL=431210.20 um | Accept Rate=74.0% | Improvements: 70/450 (15.6%) | Refine: 138128/142153 (97.2%) | Explore: 59542/60797 (97.9%)
T=30.16 | W=100.4um | Current HPWL=1071967.27 um | Best HPWL=431210.20 um | Accept Rate=73.6% | Improvements: 74/450 (16.4%) | Refine: 140487/145241 (96.7%) | Explore: 60513/62209 (97.3%)
T=20.05 | W=100.4um | Current HPWL=1032498.56 um | Best HPWL=431210.20 um | Accept Rate=71.6% | Improvements: 64/450 (14.2%) | Refine: 142934/148409 (96.3%) | Explore: 61377/63541 (96.6%)
T=13.33 | W=100.4um | Current HPWL=992868.52 um | Best HPWL=431210.20 um | Accept Rate=68.9% | Improvements: 63/450 (14.0%) | Refine: 145237/151538 (95.8%) | Explore: 62199/64912 (95.8%)
T=8.86 | W=100.4um | Current HPWL=957453.04 um | Best HPWL=431210.20 um | Accept Rate=66.9% | Improvements: 53/450 (11.8%) | Refine: 147634/154716 (95.4%) | Explore: 62918/66234 (95.0%)
T=5.89 | W=100.4um | Current HPWL=929840.06 um | Best HPWL=431210.20 um | Accept Rate=66.0% | Improvements: 47/450 (10.4%) | Refine: 149984/157870 (95.0%) | Explore: 63630/67580 (94.2%)
T=3.92 | W=100.4um | Current HPWL=903298.98 um | Best HPWL=431210.20 um | Accept Rate=68.7% | Improvements: 54/450 (12.0%) | Refine: 152324/161031 (94.6%) | Explore: 64299/68919 (93.3%)
T=2.60 | W=100.4um | Current HPWL=876614.06 um | Best HPWL=431210.20 um | Accept Rate=62.0% | Improvements: 38/450 (8.4%) | Refine: 154581/164172 (94.2%) | Explore: 64930/70278 (92.4%)
T=1.73 | W=100.4um | Current HPWL=855105.40 um | Best HPWL=431210.20 um | Accept Rate=60.9% | Improvements: 46/450 (10.2%) | Refine: 156906/167319 (93.8%) | Explore: 65556/71631 (91.5%)
T=1.15 | W=100.4um | Current HPWL=833690.84 um | Best HPWL=431210.20 um | Accept Rate=66.7% | Improvements: 47/450 (10.4%) | Refine: 159209/170469 (93.4%) | Explore: 66166/72981 (90.7%)
T=0.77 | W=100.4um | Current HPWL=811671.78 um | Best HPWL=431210.20 um | Accept Rate=62.2% | Improvements: 45/450 (10.0%) | Refine: 161480/173586 (93.0%) | Explore: 66756/74364 (89.8%)
T=0.51 | W=100.4um | Current HPWL=789625.98 um | Best HPWL=431210.20 um | Accept Rate=60.9% | Improvements: 42/450 (9.3%) | Refine: 163682/176681 (92.6%) | Explore: 67378/75769 (88.9%)
T=0.34 | W=100.4um | Current HPWL=770105.84 um | Best HPWL=431210.20 um | Accept Rate=66.0% | Improvements: 54/450 (12.0%) | Refine: 166018/179874 (92.3%) | Explore: 67960/77076 (88.2%)
T=0.22 | W=100.4um | Current HPWL=751059.56 um | Best HPWL=431210.20 um | Accept Rate=66.4% | Improvements: 46/450 (10.2%) | Refine: 168345/183036 (92.0%) | Explore: 68539/78414 (87.4%)
T=0.15 | W=100.4um | Current HPWL=734816.66 um | Best HPWL=431210.20 um | Accept Rate=63.3% | Improvements: 47/450 (10.4%) | Refine: 170603/186201 (91.6%) | Explore: 69081/79749 (86.6%)
T=0.10 | W=100.4um | Current HPWL=719093.94 um | Best HPWL=431210.20 um | Accept Rate=57.8% | Improvements: 35/450 (7.8%) | Refine: 172838/189342 (91.3%) | Explore: 69676/81108 (85.9%)
T=0.07 | W=100.4um | Current HPWL=705571.62 um | Best HPWL=431210.20 um | Accept Rate=65.8% | Improvements: 41/450 (9.1%) | Refine: 175073/192506 (90.9%) | Explore: 70223/82444 (85.2%)
T=0.04 | W=100.4um | Current HPWL=689668.90 um | Best HPWL=431210.20 um | Accept Rate=63.1% | Improvements: 33/450 (7.3%) | Refine: 177319/195671 (90.6%) | Explore: 70772/83779 (84.5%)
T=0.03 | W=100.4um | Current HPWL=674674.24 um | Best HPWL=431210.20 um | Accept Rate=62.9% | Improvements: 31/450 (6.9%) | Refine: 179591/198790 (90.3%) | Explore: 71314/85160 (83.7%)
T=0.02 | W=100.4um | Current HPWL=661533.72 um | Best HPWL=431210.20 um | Accept Rate=61.8% | Improvements: 37/450 (8.2%) | Refine: 181832/201902 (90.1%) | Explore: 71851/86548 (83.0%)
T=0.02 | W=100.4um | Current HPWL=659521.30 um | Best HPWL=431210.20 um | Accept Rate=62.0% | Improvements: 51/450 (11.3%) | Refine: 182042/202204 (90.0%) | Explore: 71920/86696 (83.0%)
T=0.02 | W=100.4um | Current HPWL=658206.90 um | Best HPWL=431210.20 um | Accept Rate=64.2% | Improvements: 36/450 (8.0%) | Refine: 182273/202520 (90.0%) | Explore: 71978/86830 (82.9%)
T=0.02 | W=100.4um | Current HPWL=657478.56 um | Best HPWL=431210.20 um | Accept Rate=62.2% | Improvements: 35/450 (7.8%) | Refine: 182499/202833 (90.0%) | Explore: 72032/86967 (82.8%)
T=0.02 | W=100.4um | Current HPWL=655986.64 um | Best HPWL=431210.20 um | Accept Rate=60.0% | Improvements: 34/450 (7.6%) | Refine: 182722/203152 (89.9%) | Explore: 72079/87098 (82.8%)
T=0.02 | W=100.4um | Current HPWL=654640.36 um | Best HPWL=431210.20 um | Accept Rate=60.0% | Improvements: 29/450 (6.4%) | Refine: 182948/203469 (89.9%) | Explore: 72123/87231 (82.7%)
T=0.02 | W=100.4um | Current HPWL=652713.40 um | Best HPWL=431210.20 um | Accept Rate=62.4% | Improvements: 42/450 (9.3%) | Refine: 183167/203775 (89.9%) | Explore: 72185/87375 (82.6%)
T=0.01 | W=100.4um | Current HPWL=651181.98 um | Best HPWL=431210.20 um | Accept Rate=63.3% | Improvements: 40/450 (8.9%) | Refine: 183390/204077 (89.9%) | Explore: 72247/87523 (82.5%)
T=0.01 | W=100.4um | Current HPWL=649893.74 um | Best HPWL=431210.20 um | Accept Rate=65.1% | Improvements: 34/450 (7.6%) | Refine: 183629/204405 (89.8%) | Explore: 72301/87645 (82.5%)
T=0.01 | W=100.4um | Current HPWL=648625.58 um | Best HPWL=431210.20 um | Accept Rate=63.3% | Improvements: 32/450 (7.1%) | Refine: 183870/204732 (89.8%) | Explore: 72345/87768 (82.4%)
T=0.01 | W=100.4um | Current HPWL=647734.06 um | Best HPWL=431210.20 um | Accept Rate=62.4% | Improvements: 28/450 (6.2%) | Refine: 184108/205068 (89.8%) | Explore: 72388/87882 (82.4%)
T=0.01 | W=100.4um | Current HPWL=646290.50 um | Best HPWL=431210.20 um | Accept Rate=62.7% | Improvements: 32/450 (7.1%) | Refine: 184343/205409 (89.7%) | Explore: 72435/87991 (82.3%)
T=0.01 | W=100.4um | Current HPWL=645393.84 um | Best HPWL=431210.20 um | Accept Rate=58.9% | Improvements: 27/450 (6.0%) | Refine: 184566/205705 (89.7%) | Explore: 72477/88145 (82.2%)
T=0.01 | W=100.4um | Current HPWL=644112.56 um | Best HPWL=431210.20 um | Accept Rate=62.4% | Improvements: 37/450 (8.2%) | Refine: 184791/206011 (89.7%) | Explore: 72533/88289 (82.2%)
T=0.01 | W=100.4um | Current HPWL=642987.28 um | Best HPWL=431210.20 um | Accept Rate=63.3% | Improvements: 31/450 (6.9%) | Refine: 185027/206329 (89.7%) | Explore: 72582/88421 (82.1%)
T=0.01 | W=100.4um | Current HPWL=641816.48 um | Best HPWL=431210.20 um | Accept Rate=59.1% | Improvements: 33/450 (7.3%) | Refine: 185239/206641 (89.6%) | Explore: 72636/88559 (82.0%)
T=0.01 | W=100.4um | Current HPWL=640493.36 um | Best HPWL=431210.20 um | Accept Rate=62.9% | Improvements: 42/450 (9.3%) | Refine: 185458/206957 (89.6%) | Explore: 72700/88693 (82.0%)

============================================================
SA Optimization Complete
============================================================
Initial HPWL: 431210.20 um
Final Total HPWL: 431210.20 um
Improvement: 0.00 um (0.00%)
Total Iterations: 657
============================================================


Placement map written to: build/6502/sa_alpha0.96_moves450_Tfinal0.01/6502.map
Total instances: 2899

Placement saved to build/6502/sa_alpha0.96_moves450_Tfinal0.01/6502_placement.json

============================================================
Placement Summary
============================================================
Final Total HPWL: 431210.20 um
Total Instances: 2899
============================================================

Placement completed successfully!
Map file: build/6502/sa_alpha0.96_moves450_Tfinal0.01/6502.map
JSON file: build/6502/sa_alpha0.96_moves450_Tfinal0.01/6502_placement.json

================================================================================
# End time: 2025-11-23T08:55:03.106174
# Return code: 0
