# Log file for: designs/6502_mapped.json
# Configuration: {'alpha': 0.99, 'moves': 500, 't_final': 0.1, '_use_greedy_placement': True, '_greedy_placement': 'build/6502/greedy/6502_placement.json'}
# Start time: 2025-11-23T09:35:59.475359
# Command: /home/mohab/Downloads/work/venv/bin/python placer.py --design designs/6502_mapped.json --fabric-cells fabric/fabric_cells.yaml --pins fabric/pins.yaml --output build/6502/sa_alpha0.99_moves500_Tfinal0.1 --sa-alpha 0.99 --sa-moves 500 --sa-T-final 0.1 --initial-placement build/6502/greedy/6502_placement.json --seed 1033422130
================================================================================

Random seed set to: 1033422130
Loading initial placement from: build/6502/greedy/6502_placement.json

============================================================
Simulated Annealing Optimization
============================================================
Initial HPWL: 431210.20 um
Initial Temperature: 4312102000.00
Cooling Rate (alpha): 0.99
Moves per Temperature: 500
Final Temperature: 0.1
Initial Window Size: 501.80 um
Window Cooling Rate (beta): 0.98
Move Probabilities: Refine=70.0%, Explore=30.0%
============================================================

T=4312102000.00 | W=501.8um | Current HPWL=563855.37 um | Best HPWL=431210.20 um | Accept Rate=100.0% | Improvements: 24/500 (4.8%) | Refine: 360/360 (100.0%) | Explore: 140/140 (100.0%)
T=3899787754.41 | W=410.0um | Current HPWL=1105009.04 um | Best HPWL=431210.20 um | Accept Rate=100.0% | Improvements: 81/500 (16.2%) | Refine: 3858/3858 (100.0%) | Explore: 1642/1642 (100.0%)
T=3526898141.43 | W=335.0um | Current HPWL=1271387.50 um | Best HPWL=431210.20 um | Accept Rate=100.0% | Improvements: 102/500 (20.4%) | Refine: 7395/7395 (100.0%) | Explore: 3105/3105 (100.0%)
T=3189663459.49 | W=273.7um | Current HPWL=1332826.73 um | Best HPWL=431210.20 um | Accept Rate=100.0% | Improvements: 104/500 (20.8%) | Refine: 10883/10883 (100.0%) | Explore: 4617/4617 (100.0%)
T=2884674458.07 | W=223.7um | Current HPWL=1364254.43 um | Best HPWL=431210.20 um | Accept Rate=100.0% | Improvements: 111/500 (22.2%) | Refine: 14408/14408 (100.0%) | Explore: 6092/6092 (100.0%)
T=2608847872.12 | W=182.7um | Current HPWL=1379626.29 um | Best HPWL=431210.20 um | Accept Rate=100.0% | Improvements: 95/500 (19.0%) | Refine: 17892/17892 (100.0%) | Explore: 7608/7608 (100.0%)
T=2359395251.97 | W=149.3um | Current HPWL=1405093.65 um | Best HPWL=431210.20 um | Accept Rate=100.0% | Improvements: 112/500 (22.4%) | Refine: 21392/21392 (100.0%) | Explore: 9108/9108 (100.0%)
T=2133794773.74 | W=122.0um | Current HPWL=1429417.85 um | Best HPWL=431210.20 um | Accept Rate=100.0% | Improvements: 118/500 (23.6%) | Refine: 24869/24869 (100.0%) | Explore: 10631/10631 (100.0%)
T=1929765745.12 | W=100.4um | Current HPWL=1439716.24 um | Best HPWL=431210.20 um | Accept Rate=100.0% | Improvements: 122/500 (24.4%) | Refine: 28366/28366 (100.0%) | Explore: 12134/12134 (100.0%)
T=1745245548.85 | W=100.4um | Current HPWL=1437476.53 um | Best HPWL=431210.20 um | Accept Rate=100.0% | Improvements: 119/500 (23.8%) | Refine: 31865/31865 (100.0%) | Explore: 13635/13635 (100.0%)
T=1578368790.87 | W=100.4um | Current HPWL=1435700.84 um | Best HPWL=431210.20 um | Accept Rate=100.0% | Improvements: 115/500 (23.0%) | Refine: 35356/35356 (100.0%) | Explore: 15144/15144 (100.0%)
T=1427448442.22 | W=100.4um | Current HPWL=1448383.23 um | Best HPWL=431210.20 um | Accept Rate=100.0% | Improvements: 115/500 (23.0%) | Refine: 38865/38865 (100.0%) | Explore: 16635/16635 (100.0%)
T=1290958784.14 | W=100.4um | Current HPWL=1459187.16 um | Best HPWL=431210.20 um | Accept Rate=100.0% | Improvements: 113/500 (22.6%) | Refine: 42395/42395 (100.0%) | Explore: 18105/18105 (100.0%)
T=1167519983.95 | W=100.4um | Current HPWL=1443080.05 um | Best HPWL=431210.20 um | Accept Rate=100.0% | Improvements: 111/500 (22.2%) | Refine: 45847/45847 (100.0%) | Explore: 19653/19653 (100.0%)
T=1055884145.70 | W=100.4um | Current HPWL=1454907.18 um | Best HPWL=431210.20 um | Accept Rate=100.0% | Improvements: 128/500 (25.6%) | Refine: 49336/49336 (100.0%) | Explore: 21164/21164 (100.0%)
T=954922694.66 | W=100.4um | Current HPWL=1452815.18 um | Best HPWL=431210.20 um | Accept Rate=100.0% | Improvements: 120/500 (24.0%) | Refine: 52896/52896 (100.0%) | Explore: 22604/22604 (100.0%)
T=863614968.07 | W=100.4um | Current HPWL=1457207.64 um | Best HPWL=431210.20 um | Accept Rate=100.0% | Improvements: 99/500 (19.8%) | Refine: 56436/56436 (100.0%) | Explore: 24064/24064 (100.0%)
T=781037896.83 | W=100.4um | Current HPWL=1463068.40 um | Best HPWL=431210.20 um | Accept Rate=100.0% | Improvements: 113/500 (22.6%) | Refine: 59979/59979 (100.0%) | Explore: 25521/25521 (100.0%)
T=706356673.79 | W=100.4um | Current HPWL=1474192.78 um | Best HPWL=431210.20 um | Accept Rate=100.0% | Improvements: 113/500 (22.6%) | Refine: 63497/63497 (100.0%) | Explore: 27003/27003 (100.0%)
T=638816314.34 | W=100.4um | Current HPWL=1474286.36 um | Best HPWL=431210.20 um | Accept Rate=100.0% | Improvements: 107/500 (21.4%) | Refine: 67009/67009 (100.0%) | Explore: 28491/28491 (100.0%)
T=577734023.91 | W=100.4um | Current HPWL=1468637.90 um | Best HPWL=431210.20 um | Accept Rate=100.0% | Improvements: 128/500 (25.6%) | Refine: 70525/70525 (100.0%) | Explore: 29975/29975 (100.0%)
T=522492295.35 | W=100.4um | Current HPWL=1485877.70 um | Best HPWL=431210.20 um | Accept Rate=100.0% | Improvements: 107/500 (21.4%) | Refine: 74036/74036 (100.0%) | Explore: 31464/31464 (100.0%)
T=472532666.25 | W=100.4um | Current HPWL=1493663.86 um | Best HPWL=431210.20 um | Accept Rate=100.0% | Improvements: 109/500 (21.8%) | Refine: 77501/77501 (100.0%) | Explore: 32999/32999 (100.0%)
T=427350073.21 | W=100.4um | Current HPWL=1478884.32 um | Best HPWL=431210.20 um | Accept Rate=100.0% | Improvements: 133/500 (26.6%) | Refine: 81000/81000 (100.0%) | Explore: 34500/34500 (100.0%)
T=386487745.96 | W=100.4um | Current HPWL=1482520.84 um | Best HPWL=431210.20 um | Accept Rate=100.0% | Improvements: 114/500 (22.8%) | Refine: 84492/84492 (100.0%) | Explore: 36008/36008 (100.0%)
T=349532589.66 | W=100.4um | Current HPWL=1480658.70 um | Best HPWL=431210.20 um | Accept Rate=100.0% | Improvements: 137/500 (27.4%) | Refine: 87991/87991 (100.0%) | Explore: 37509/37509 (100.0%)
T=316111008.72 | W=100.4um | Current HPWL=1488085.95 um | Best HPWL=431210.20 um | Accept Rate=100.0% | Improvements: 103/500 (20.6%) | Refine: 91501/91501 (100.0%) | Explore: 38999/38999 (100.0%)
T=285885130.00 | W=100.4um | Current HPWL=1492277.01 um | Best HPWL=431210.20 um | Accept Rate=100.0% | Improvements: 120/500 (24.0%) | Refine: 94990/94990 (100.0%) | Explore: 40510/40510 (100.0%)
T=258549387.08 | W=100.4um | Current HPWL=1496771.11 um | Best HPWL=431210.20 um | Accept Rate=100.0% | Improvements: 111/500 (22.2%) | Refine: 98524/98524 (100.0%) | Explore: 41976/41976 (100.0%)
T=233827431.18 | W=100.4um | Current HPWL=1501934.07 um | Best HPWL=431210.20 um | Accept Rate=100.0% | Improvements: 105/500 (21.0%) | Refine: 102035/102035 (100.0%) | Explore: 43465/43465 (100.0%)
T=211469337.41 | W=100.4um | Current HPWL=1499383.24 um | Best HPWL=431210.20 um | Accept Rate=100.0% | Improvements: 116/500 (23.2%) | Refine: 105517/105517 (100.0%) | Explore: 44983/44983 (100.0%)
T=191249078.16 | W=100.4um | Current HPWL=1513446.22 um | Best HPWL=431210.20 um | Accept Rate=100.0% | Improvements: 103/500 (20.6%) | Refine: 109031/109031 (100.0%) | Explore: 46469/46469 (100.0%)
T=172962238.15 | W=100.4um | Current HPWL=1507289.13 um | Best HPWL=431210.20 um | Accept Rate=100.0% | Improvements: 122/500 (24.4%) | Refine: 112535/112535 (100.0%) | Explore: 47965/47965 (100.0%)
T=156423947.84 | W=100.4um | Current HPWL=1513504.94 um | Best HPWL=431210.20 um | Accept Rate=100.0% | Improvements: 121/500 (24.2%) | Refine: 116061/116061 (100.0%) | Explore: 49439/49439 (100.0%)
T=141467014.53 | W=100.4um | Current HPWL=1502790.08 um | Best HPWL=431210.20 um | Accept Rate=100.0% | Improvements: 109/500 (21.8%) | Refine: 119548/119548 (100.0%) | Explore: 50952/50952 (100.0%)
T=127940232.14 | W=100.4um | Current HPWL=1517647.15 um | Best HPWL=431210.20 um | Accept Rate=100.0% | Improvements: 104/500 (20.8%) | Refine: 123058/123058 (100.0%) | Explore: 52442/52442 (100.0%)
T=115706852.62 | W=100.4um | Current HPWL=1520622.67 um | Best HPWL=431210.20 um | Accept Rate=100.0% | Improvements: 128/500 (25.6%) | Refine: 126523/126523 (100.0%) | Explore: 53977/53977 (100.0%)
T=104643203.47 | W=100.4um | Current HPWL=1535661.18 um | Best HPWL=431210.20 um | Accept Rate=100.0% | Improvements: 113/500 (22.6%) | Refine: 129989/129989 (100.0%) | Explore: 55511/55511 (100.0%)
T=94637437.49 | W=100.4um | Current HPWL=1522360.63 um | Best HPWL=431210.20 um | Accept Rate=100.0% | Improvements: 114/500 (22.8%) | Refine: 133478/133478 (100.0%) | Explore: 57022/57022 (100.0%)
T=85588402.09 | W=100.4um | Current HPWL=1528153.40 um | Best HPWL=431210.20 um | Accept Rate=100.0% | Improvements: 123/500 (24.6%) | Refine: 136963/136963 (100.0%) | Explore: 58537/58537 (100.0%)
T=77404616.68 | W=100.4um | Current HPWL=1547614.67 um | Best HPWL=431210.20 um | Accept Rate=100.0% | Improvements: 121/500 (24.2%) | Refine: 140493/140493 (100.0%) | Explore: 60007/60007 (100.0%)
T=70003347.85 | W=100.4um | Current HPWL=1561703.61 um | Best HPWL=431210.20 um | Accept Rate=100.0% | Improvements: 100/500 (20.0%) | Refine: 143967/143967 (100.0%) | Explore: 61533/61533 (100.0%)
T=63309772.98 | W=100.4um | Current HPWL=1540848.36 um | Best HPWL=431210.20 um | Accept Rate=100.0% | Improvements: 110/500 (22.0%) | Refine: 147501/147501 (100.0%) | Explore: 62999/62999 (100.0%)
T=57256223.86 | W=100.4um | Current HPWL=1554656.37 um | Best HPWL=431210.20 um | Accept Rate=100.0% | Improvements: 96/500 (19.2%) | Refine: 151025/151025 (100.0%) | Explore: 64475/64475 (100.0%)
T=51781502.54 | W=100.4um | Current HPWL=1556858.32 um | Best HPWL=431210.20 um | Accept Rate=100.0% | Improvements: 111/500 (22.2%) | Refine: 154507/154507 (100.0%) | Explore: 65993/65993 (100.0%)
T=46830262.71 | W=100.4um | Current HPWL=1563343.07 um | Best HPWL=431210.20 um | Accept Rate=100.0% | Improvements: 120/500 (24.0%) | Refine: 158017/158017 (100.0%) | Explore: 67483/67483 (100.0%)
T=42352450.17 | W=100.4um | Current HPWL=1549996.68 um | Best HPWL=431210.20 um | Accept Rate=100.0% | Improvements: 140/500 (28.0%) | Refine: 161548/161548 (100.0%) | Explore: 68952/68952 (100.0%)
T=38302796.76 | W=100.4um | Current HPWL=1553096.49 um | Best HPWL=431210.20 um | Accept Rate=100.0% | Improvements: 120/500 (24.0%) | Refine: 165038/165038 (100.0%) | Explore: 70462/70462 (100.0%)
T=34640362.82 | W=100.4um | Current HPWL=1553148.42 um | Best HPWL=431210.20 um | Accept Rate=100.0% | Improvements: 112/500 (22.4%) | Refine: 168504/168504 (100.0%) | Explore: 71996/71996 (100.0%)
T=31328123.20 | W=100.4um | Current HPWL=1563057.88 um | Best HPWL=431210.20 um | Accept Rate=100.0% | Improvements: 131/500 (26.2%) | Refine: 171984/171984 (100.0%) | Explore: 73516/73516 (100.0%)
T=28332593.07 | W=100.4um | Current HPWL=1575502.55 um | Best HPWL=431210.20 um | Accept Rate=100.0% | Improvements: 104/500 (20.8%) | Refine: 175500/175500 (100.0%) | Explore: 75000/75000 (100.0%)
T=25623489.31 | W=100.4um | Current HPWL=1562047.02 um | Best HPWL=431210.20 um | Accept Rate=100.0% | Improvements: 108/500 (21.6%) | Refine: 179010/179010 (100.0%) | Explore: 76490/76490 (100.0%)
T=23173424.43 | W=100.4um | Current HPWL=1577837.42 um | Best HPWL=431210.20 um | Accept Rate=100.0% | Improvements: 118/500 (23.6%) | Refine: 182519/182519 (100.0%) | Explore: 77981/77981 (100.0%)
T=20957629.67 | W=100.4um | Current HPWL=1572061.35 um | Best HPWL=431210.20 um | Accept Rate=100.0% | Improvements: 102/500 (20.4%) | Refine: 186037/186037 (100.0%) | Explore: 79463/79463 (100.0%)
T=18953704.61 | W=100.4um | Current HPWL=1575346.82 um | Best HPWL=431210.20 um | Accept Rate=100.0% | Improvements: 123/500 (24.6%) | Refine: 189522/189522 (100.0%) | Explore: 80978/80978 (100.0%)
T=17141390.70 | W=100.4um | Current HPWL=1574945.24 um | Best HPWL=431210.20 um | Accept Rate=100.0% | Improvements: 115/500 (23.0%) | Refine: 193015/193015 (100.0%) | Explore: 82485/82485 (100.0%)
T=15502366.49 | W=100.4um | Current HPWL=1570693.98 um | Best HPWL=431210.20 um | Accept Rate=100.0% | Improvements: 121/500 (24.2%) | Refine: 196503/196503 (100.0%) | Explore: 83997/83997 (100.0%)
T=14020062.38 | W=100.4um | Current HPWL=1578143.71 um | Best HPWL=431210.20 um | Accept Rate=100.0% | Improvements: 116/500 (23.2%) | Refine: 200020/200020 (100.0%) | Explore: 85480/85480 (100.0%)
T=12679493.10 | W=100.4um | Current HPWL=1576357.02 um | Best HPWL=431210.20 um | Accept Rate=100.0% | Improvements: 110/500 (22.0%) | Refine: 203545/203545 (100.0%) | Explore: 86955/86955 (100.0%)
T=11467106.28 | W=100.4um | Current HPWL=1581500.92 um | Best HPWL=431210.20 um | Accept Rate=100.0% | Improvements: 126/500 (25.2%) | Refine: 207040/207040 (100.0%) | Explore: 88460/88460 (100.0%)
T=10370645.38 | W=100.4um | Current HPWL=1592844.76 um | Best HPWL=431210.20 um | Accept Rate=100.0% | Improvements: 131/500 (26.2%) | Refine: 210502/210502 (100.0%) | Explore: 89998/89998 (100.0%)
T=9379025.78 | W=100.4um | Current HPWL=1607243.46 um | Best HPWL=431210.20 um | Accept Rate=100.0% | Improvements: 117/500 (23.4%) | Refine: 213997/213997 (100.0%) | Explore: 91503/91503 (100.0%)
T=8482222.80 | W=100.4um | Current HPWL=1602696.26 um | Best HPWL=431210.20 um | Accept Rate=100.0% | Improvements: 117/500 (23.4%) | Refine: 217469/217469 (100.0%) | Explore: 93031/93031 (100.0%)
T=7671170.26 | W=100.4um | Current HPWL=1624646.65 um | Best HPWL=431210.20 um | Accept Rate=100.0% | Improvements: 108/500 (21.6%) | Refine: 220949/220949 (100.0%) | Explore: 94551/94551 (100.0%)
T=6937668.87 | W=100.4um | Current HPWL=1607455.90 um | Best HPWL=431210.20 um | Accept Rate=100.0% | Improvements: 122/500 (24.4%) | Refine: 224501/224501 (100.0%) | Explore: 95999/95999 (100.0%)
T=6274303.37 | W=100.4um | Current HPWL=1603281.88 um | Best HPWL=431210.20 um | Accept Rate=100.0% | Improvements: 115/500 (23.0%) | Refine: 228040/228040 (100.0%) | Explore: 97460/97460 (100.0%)
T=5674367.50 | W=100.4um | Current HPWL=1622253.62 um | Best HPWL=431210.20 um | Accept Rate=100.0% | Improvements: 122/500 (24.4%) | Refine: 231502/231502 (100.0%) | Explore: 98998/98998 (100.0%)
T=5131796.26 | W=100.4um | Current HPWL=1620551.61 um | Best HPWL=431210.20 um | Accept Rate=100.0% | Improvements: 123/500 (24.6%) | Refine: 234988/234988 (100.0%) | Explore: 100512/100512 (100.0%)
T=4641104.55 | W=100.4um | Current HPWL=1619414.74 um | Best HPWL=431210.20 um | Accept Rate=100.0% | Improvements: 110/500 (22.0%) | Refine: 238499/238499 (100.0%) | Explore: 102001/102001 (100.0%)
T=4197331.76 | W=100.4um | Current HPWL=1613882.66 um | Best HPWL=431210.20 um | Accept Rate=100.0% | Improvements: 128/500 (25.6%) | Refine: 241952/241952 (100.0%) | Explore: 103548/103548 (100.0%)
T=3795991.61 | W=100.4um | Current HPWL=1626147.94 um | Best HPWL=431210.20 um | Accept Rate=100.0% | Improvements: 129/500 (25.8%) | Refine: 245403/245403 (100.0%) | Explore: 105097/105097 (100.0%)
T=3433026.77 | W=100.4um | Current HPWL=1617775.56 um | Best HPWL=431210.20 um | Accept Rate=100.0% | Improvements: 114/500 (22.8%) | Refine: 248985/248985 (100.0%) | Explore: 106515/106515 (100.0%)
T=3104767.87 | W=100.4um | Current HPWL=1633489.60 um | Best HPWL=431210.20 um | Accept Rate=100.0% | Improvements: 114/500 (22.8%) | Refine: 252480/252480 (100.0%) | Explore: 108020/108020 (100.0%)
T=2807896.41 | W=100.4um | Current HPWL=1622885.30 um | Best HPWL=431210.20 um | Accept Rate=100.0% | Improvements: 109/500 (21.8%) | Refine: 255990/255990 (100.0%) | Explore: 109510/109510 (100.0%)
T=2539411.18 | W=100.4um | Current HPWL=1629446.14 um | Best HPWL=431210.20 um | Accept Rate=100.0% | Improvements: 118/500 (23.6%) | Refine: 259459/259459 (100.0%) | Explore: 111041/111041 (100.0%)
T=2296597.95 | W=100.4um | Current HPWL=1643938.69 um | Best HPWL=431210.20 um | Accept Rate=100.0% | Improvements: 127/500 (25.4%) | Refine: 263004/263004 (100.0%) | Explore: 112496/112496 (100.0%)
T=2077002.02 | W=100.4um | Current HPWL=1647858.21 um | Best HPWL=431210.20 um | Accept Rate=100.0% | Improvements: 124/500 (24.8%) | Refine: 266501/266501 (100.0%) | Explore: 113999/113999 (100.0%)
T=1878403.40 | W=100.4um | Current HPWL=1645436.18 um | Best HPWL=431210.20 um | Accept Rate=100.0% | Improvements: 98/500 (19.6%) | Refine: 269977/269977 (100.0%) | Explore: 115523/115523 (100.0%)
T=1698794.36 | W=100.4um | Current HPWL=1644135.49 um | Best HPWL=431210.20 um | Accept Rate=100.0% | Improvements: 118/500 (23.6%) | Refine: 273434/273434 (100.0%) | Explore: 117066/117066 (100.0%)
T=1536359.17 | W=100.4um | Current HPWL=1664687.15 um | Best HPWL=431210.20 um | Accept Rate=100.0% | Improvements: 108/500 (21.6%) | Refine: 276902/276902 (100.0%) | Explore: 118598/118598 (100.0%)
T=1389455.70 | W=100.4um | Current HPWL=1655664.02 um | Best HPWL=431210.20 um | Accept Rate=100.0% | Improvements: 141/500 (28.2%) | Refine: 280381/280381 (100.0%) | Explore: 120119/120119 (100.0%)
T=1256598.82 | W=100.4um | Current HPWL=1645325.26 um | Best HPWL=431210.20 um | Accept Rate=100.0% | Improvements: 121/500 (24.2%) | Refine: 283933/283933 (100.0%) | Explore: 121567/121567 (100.0%)
T=1136445.45 | W=100.4um | Current HPWL=1652610.10 um | Best HPWL=431210.20 um | Accept Rate=100.0% | Improvements: 122/500 (24.4%) | Refine: 287371/287371 (100.0%) | Explore: 123129/123129 (100.0%)
T=1027780.90 | W=100.4um | Current HPWL=1672793.30 um | Best HPWL=431210.20 um | Accept Rate=100.0% | Improvements: 117/500 (23.4%) | Refine: 290828/290828 (100.0%) | Explore: 124672/124672 (100.0%)
T=929506.62 | W=100.4um | Current HPWL=1681005.32 um | Best HPWL=431210.20 um | Accept Rate=100.0% | Improvements: 119/500 (23.8%) | Refine: 294342/294342 (100.0%) | Explore: 126158/126158 (100.0%)
T=840629.13 | W=100.4um | Current HPWL=1672731.43 um | Best HPWL=431210.20 um | Accept Rate=100.0% | Improvements: 123/500 (24.6%) | Refine: 297820/297821 (100.0%) | Explore: 127679/127679 (100.0%)
T=760249.91 | W=100.4um | Current HPWL=1673641.23 um | Best HPWL=431210.20 um | Accept Rate=100.0% | Improvements: 120/500 (24.0%) | Refine: 301302/301303 (100.0%) | Explore: 129197/129197 (100.0%)
T=687556.39 | W=100.4um | Current HPWL=1666164.80 um | Best HPWL=431210.20 um | Accept Rate=100.0% | Improvements: 112/500 (22.4%) | Refine: 304766/304768 (100.0%) | Explore: 130732/130732 (100.0%)
T=621813.68 | W=100.4um | Current HPWL=1673696.80 um | Best HPWL=431210.20 um | Accept Rate=100.0% | Improvements: 123/500 (24.6%) | Refine: 308252/308254 (100.0%) | Explore: 132246/132246 (100.0%)
T=562357.14 | W=100.4um | Current HPWL=1663284.72 um | Best HPWL=431210.20 um | Accept Rate=100.0% | Improvements: 117/500 (23.4%) | Refine: 311716/311718 (100.0%) | Explore: 133782/133782 (100.0%)
T=508585.72 | W=100.4um | Current HPWL=1684067.87 um | Best HPWL=431210.20 um | Accept Rate=100.0% | Improvements: 120/500 (24.0%) | Refine: 315167/315169 (100.0%) | Explore: 135331/135331 (100.0%)
T=459955.81 | W=100.4um | Current HPWL=1689553.41 um | Best HPWL=431210.20 um | Accept Rate=100.0% | Improvements: 127/500 (25.4%) | Refine: 318647/318649 (100.0%) | Explore: 136851/136851 (100.0%)
T=415975.79 | W=100.4um | Current HPWL=1697553.23 um | Best HPWL=431210.20 um | Accept Rate=100.0% | Improvements: 110/500 (22.0%) | Refine: 322118/322121 (100.0%) | Explore: 138379/138379 (100.0%)
T=376201.05 | W=100.4um | Current HPWL=1689883.19 um | Best HPWL=431210.20 um | Accept Rate=100.0% | Improvements: 126/500 (25.2%) | Refine: 325648/325652 (100.0%) | Explore: 139848/139848 (100.0%)
T=340229.48 | W=100.4um | Current HPWL=1677509.57 um | Best HPWL=431210.20 um | Accept Rate=100.0% | Improvements: 128/500 (25.6%) | Refine: 329135/329139 (100.0%) | Explore: 141361/141361 (100.0%)
T=307697.45 | W=100.4um | Current HPWL=1692255.04 um | Best HPWL=431210.20 um | Accept Rate=100.0% | Improvements: 106/500 (21.2%) | Refine: 332632/332636 (100.0%) | Explore: 142864/142864 (100.0%)
T=278276.06 | W=100.4um | Current HPWL=1715354.49 um | Best HPWL=431210.20 um | Accept Rate=100.0% | Improvements: 121/500 (24.2%) | Refine: 336132/336136 (100.0%) | Explore: 144364/144364 (100.0%)
T=251667.88 | W=100.4um | Current HPWL=1719256.86 um | Best HPWL=431210.20 um | Accept Rate=100.0% | Improvements: 127/500 (25.4%) | Refine: 339607/339611 (100.0%) | Explore: 145889/145889 (100.0%)
T=227603.92 | W=100.4um | Current HPWL=1715199.62 um | Best HPWL=431210.20 um | Accept Rate=100.0% | Improvements: 124/500 (24.8%) | Refine: 343077/343081 (100.0%) | Explore: 147419/147419 (100.0%)
T=205840.90 | W=100.4um | Current HPWL=1693497.02 um | Best HPWL=431210.20 um | Accept Rate=100.0% | Improvements: 108/500 (21.6%) | Refine: 346638/346643 (100.0%) | Explore: 148857/148857 (100.0%)
T=186158.82 | W=100.4um | Current HPWL=1706936.24 um | Best HPWL=431210.20 um | Accept Rate=100.0% | Improvements: 119/500 (23.8%) | Refine: 350125/350132 (100.0%) | Explore: 150368/150368 (100.0%)
T=168358.70 | W=100.4um | Current HPWL=1688999.14 um | Best HPWL=431210.20 um | Accept Rate=100.0% | Improvements: 123/500 (24.6%) | Refine: 353664/353672 (100.0%) | Explore: 151828/151828 (100.0%)
T=152260.59 | W=100.4um | Current HPWL=1691313.01 um | Best HPWL=431210.20 um | Accept Rate=100.0% | Improvements: 109/500 (21.8%) | Refine: 357204/357212 (100.0%) | Explore: 153288/153288 (100.0%)
T=137701.75 | W=100.4um | Current HPWL=1712685.88 um | Best HPWL=431210.20 um | Accept Rate=100.0% | Improvements: 112/500 (22.4%) | Refine: 360643/360652 (100.0%) | Explore: 154848/154848 (100.0%)
T=124534.99 | W=100.4um | Current HPWL=1704292.64 um | Best HPWL=431210.20 um | Accept Rate=100.0% | Improvements: 116/500 (23.2%) | Refine: 364136/364145 (100.0%) | Explore: 156355/156355 (100.0%)
T=112627.22 | W=100.4um | Current HPWL=1704145.09 um | Best HPWL=431210.20 um | Accept Rate=100.0% | Improvements: 128/500 (25.6%) | Refine: 367614/367626 (100.0%) | Explore: 157874/157874 (100.0%)
T=101858.04 | W=100.4um | Current HPWL=1716473.96 um | Best HPWL=431210.20 um | Accept Rate=100.0% | Improvements: 125/500 (25.0%) | Refine: 371129/371143 (100.0%) | Explore: 159356/159357 (100.0%)
T=92118.58 | W=100.4um | Current HPWL=1708601.94 um | Best HPWL=431210.20 um | Accept Rate=100.0% | Improvements: 118/500 (23.6%) | Refine: 374626/374641 (100.0%) | Explore: 160858/160859 (100.0%)
T=83310.39 | W=100.4um | Current HPWL=1710543.40 um | Best HPWL=431210.20 um | Accept Rate=100.0% | Improvements: 122/500 (24.4%) | Refine: 378108/378123 (100.0%) | Explore: 162376/162377 (100.0%)
T=75344.43 | W=100.4um | Current HPWL=1710200.38 um | Best HPWL=431210.20 um | Accept Rate=100.0% | Improvements: 118/500 (23.6%) | Refine: 381592/381612 (100.0%) | Explore: 163887/163888 (100.0%)
T=68140.15 | W=100.4um | Current HPWL=1726758.91 um | Best HPWL=431210.20 um | Accept Rate=100.0% | Improvements: 105/500 (21.0%) | Refine: 385099/385119 (100.0%) | Explore: 165380/165381 (100.0%)
T=61624.73 | W=100.4um | Current HPWL=1715411.70 um | Best HPWL=431210.20 um | Accept Rate=100.0% | Improvements: 109/500 (21.8%) | Refine: 388598/388620 (100.0%) | Explore: 166876/166880 (100.0%)
T=55732.30 | W=100.4um | Current HPWL=1713754.78 um | Best HPWL=431210.20 um | Accept Rate=100.0% | Improvements: 108/500 (21.6%) | Refine: 392058/392084 (100.0%) | Explore: 168412/168416 (100.0%)
T=50403.29 | W=100.4um | Current HPWL=1702968.30 um | Best HPWL=431210.20 um | Accept Rate=100.0% | Improvements: 125/500 (25.0%) | Refine: 395561/395591 (100.0%) | Explore: 169904/169909 (100.0%)
T=45583.84 | W=100.4um | Current HPWL=1722092.73 um | Best HPWL=431210.20 um | Accept Rate=100.0% | Improvements: 116/500 (23.2%) | Refine: 399049/399086 (100.0%) | Explore: 171408/171414 (100.0%)
T=41225.20 | W=100.4um | Current HPWL=1734134.15 um | Best HPWL=431210.20 um | Accept Rate=100.0% | Improvements: 127/500 (25.4%) | Refine: 402506/402547 (100.0%) | Explore: 172947/172953 (100.0%)
T=37283.34 | W=100.4um | Current HPWL=1724579.65 um | Best HPWL=431210.20 um | Accept Rate=100.0% | Improvements: 137/500 (27.4%) | Refine: 406015/406062 (100.0%) | Explore: 174432/174438 (100.0%)
T=33718.38 | W=100.4um | Current HPWL=1717652.26 um | Best HPWL=431210.20 um | Accept Rate=100.0% | Improvements: 127/500 (25.4%) | Refine: 409534/409586 (100.0%) | Explore: 175908/175914 (100.0%)
T=30494.30 | W=100.4um | Current HPWL=1708140.46 um | Best HPWL=431210.20 um | Accept Rate=99.8% | Improvements: 123/500 (24.6%) | Refine: 412994/413056 (100.0%) | Explore: 177438/177444 (100.0%)
T=27578.50 | W=100.4um | Current HPWL=1711223.98 um | Best HPWL=431210.20 um | Accept Rate=99.8% | Improvements: 138/500 (27.6%) | Refine: 416518/416586 (100.0%) | Explore: 178907/178914 (100.0%)
T=24941.50 | W=100.4um | Current HPWL=1728974.09 um | Best HPWL=431210.20 um | Accept Rate=100.0% | Improvements: 121/500 (24.2%) | Refine: 420050/420126 (100.0%) | Explore: 180365/180374 (100.0%)
T=22556.64 | W=100.4um | Current HPWL=1723091.43 um | Best HPWL=431210.20 um | Accept Rate=99.8% | Improvements: 104/500 (20.8%) | Refine: 423530/423619 (100.0%) | Explore: 181871/181881 (100.0%)
T=20399.82 | W=100.4um | Current HPWL=1740320.99 um | Best HPWL=431210.20 um | Accept Rate=99.8% | Improvements: 106/500 (21.2%) | Refine: 427031/427133 (100.0%) | Explore: 183353/183367 (100.0%)
T=18449.24 | W=100.4um | Current HPWL=1731313.15 um | Best HPWL=431210.20 um | Accept Rate=99.8% | Improvements: 128/500 (25.6%) | Refine: 430482/430599 (100.0%) | Explore: 184887/184901 (100.0%)
T=16685.16 | W=100.4um | Current HPWL=1743323.59 um | Best HPWL=431210.20 um | Accept Rate=99.6% | Improvements: 127/500 (25.4%) | Refine: 433933/434065 (100.0%) | Explore: 186419/186435 (100.0%)
T=15089.76 | W=100.4um | Current HPWL=1744231.80 um | Best HPWL=431210.20 um | Accept Rate=99.8% | Improvements: 114/500 (22.8%) | Refine: 437432/437575 (100.0%) | Explore: 187907/187925 (100.0%)
T=13646.91 | W=100.4um | Current HPWL=1745926.82 um | Best HPWL=431210.20 um | Accept Rate=99.6% | Improvements: 123/500 (24.6%) | Refine: 440909/441063 (100.0%) | Explore: 189417/189437 (100.0%)
T=12342.02 | W=100.4um | Current HPWL=1724118.58 um | Best HPWL=431210.20 um | Accept Rate=99.6% | Improvements: 111/500 (22.2%) | Refine: 444452/444617 (100.0%) | Explore: 190860/190883 (100.0%)
T=11161.90 | W=100.4um | Current HPWL=1752419.66 um | Best HPWL=431210.20 um | Accept Rate=99.8% | Improvements: 113/500 (22.6%) | Refine: 448000/448185 (100.0%) | Explore: 192291/192315 (100.0%)
T=10094.62 | W=100.4um | Current HPWL=1735256.08 um | Best HPWL=431210.20 um | Accept Rate=99.8% | Improvements: 104/500 (20.8%) | Refine: 451472/451680 (100.0%) | Explore: 193792/193820 (100.0%)
T=9129.40 | W=100.4um | Current HPWL=1737596.55 um | Best HPWL=431210.20 um | Accept Rate=99.8% | Improvements: 94/500 (18.8%) | Refine: 454994/455227 (99.9%) | Explore: 195242/195273 (100.0%)
T=8256.46 | W=100.4um | Current HPWL=1747166.00 um | Best HPWL=431210.20 um | Accept Rate=98.8% | Improvements: 116/500 (23.2%) | Refine: 458431/458699 (99.9%) | Explore: 196759/196801 (100.0%)
T=7467.00 | W=100.4um | Current HPWL=1753234.09 um | Best HPWL=431210.20 um | Accept Rate=99.8% | Improvements: 108/500 (21.6%) | Refine: 461869/462165 (99.9%) | Explore: 198287/198335 (100.0%)
T=6753.02 | W=100.4um | Current HPWL=1763617.47 um | Best HPWL=431210.20 um | Accept Rate=98.6% | Improvements: 117/500 (23.4%) | Refine: 465340/465671 (99.9%) | Explore: 199773/199829 (100.0%)
T=6107.31 | W=100.4um | Current HPWL=1771476.82 um | Best HPWL=431210.20 um | Accept Rate=99.4% | Improvements: 105/500 (21.0%) | Refine: 468822/469188 (99.9%) | Explore: 201251/201312 (100.0%)
T=5523.34 | W=100.4um | Current HPWL=1762375.46 um | Best HPWL=431210.20 um | Accept Rate=99.6% | Improvements: 107/500 (21.4%) | Refine: 472326/472733 (99.9%) | Explore: 202700/202767 (100.0%)
T=4995.21 | W=100.4um | Current HPWL=1744300.68 um | Best HPWL=431210.20 um | Accept Rate=98.8% | Improvements: 125/500 (25.0%) | Refine: 475755/476208 (99.9%) | Explore: 204216/204292 (100.0%)
T=4517.58 | W=100.4um | Current HPWL=1741407.16 um | Best HPWL=431210.20 um | Accept Rate=99.2% | Improvements: 102/500 (20.4%) | Refine: 479284/479785 (99.9%) | Explore: 205633/205715 (100.0%)
T=4085.62 | W=100.4um | Current HPWL=1728102.70 um | Best HPWL=431210.20 um | Accept Rate=99.0% | Improvements: 106/500 (21.2%) | Refine: 482717/483273 (99.9%) | Explore: 207140/207227 (100.0%)
T=3694.96 | W=100.4um | Current HPWL=1736161.23 um | Best HPWL=431210.20 um | Accept Rate=98.6% | Improvements: 106/500 (21.2%) | Refine: 486161/486783 (99.9%) | Explore: 208618/208717 (100.0%)
T=3341.65 | W=100.4um | Current HPWL=1735262.55 um | Best HPWL=431210.20 um | Accept Rate=98.2% | Improvements: 91/500 (18.2%) | Refine: 489608/490298 (99.9%) | Explore: 210087/210202 (99.9%)
T=3022.13 | W=100.4um | Current HPWL=1723907.94 um | Best HPWL=431210.20 um | Accept Rate=97.6% | Improvements: 126/500 (25.2%) | Refine: 493020/493771 (99.8%) | Explore: 211591/211729 (99.9%)
T=2733.16 | W=100.4um | Current HPWL=1730334.43 um | Best HPWL=431210.20 um | Accept Rate=98.2% | Improvements: 126/500 (25.2%) | Refine: 496448/497279 (99.8%) | Explore: 213074/213221 (99.9%)
T=2471.82 | W=100.4um | Current HPWL=1742251.75 um | Best HPWL=431210.20 um | Accept Rate=97.0% | Improvements: 105/500 (21.0%) | Refine: 499893/500791 (99.8%) | Explore: 214552/214709 (99.9%)
T=2235.47 | W=100.4um | Current HPWL=1739243.12 um | Best HPWL=431210.20 um | Accept Rate=97.8% | Improvements: 104/500 (20.8%) | Refine: 503312/504301 (99.8%) | Explore: 216030/216199 (99.9%)
T=2021.72 | W=100.4um | Current HPWL=1747792.63 um | Best HPWL=431210.20 um | Accept Rate=98.8% | Improvements: 119/500 (23.8%) | Refine: 506745/507825 (99.8%) | Explore: 217487/217675 (99.9%)
T=1828.41 | W=100.4um | Current HPWL=1732032.91 um | Best HPWL=431210.20 um | Accept Rate=96.6% | Improvements: 108/500 (21.6%) | Refine: 510216/511396 (99.8%) | Explore: 218897/219104 (99.9%)
T=1653.58 | W=100.4um | Current HPWL=1703750.80 um | Best HPWL=431210.20 um | Accept Rate=97.4% | Improvements: 113/500 (22.6%) | Refine: 513587/514886 (99.7%) | Explore: 220377/220614 (99.9%)
T=1495.47 | W=100.4um | Current HPWL=1700528.32 um | Best HPWL=431210.20 um | Accept Rate=95.8% | Improvements: 94/500 (18.8%) | Refine: 516947/518387 (99.7%) | Explore: 221853/222113 (99.9%)
T=1352.47 | W=100.4um | Current HPWL=1679409.28 um | Best HPWL=431210.20 um | Accept Rate=96.6% | Improvements: 109/500 (21.8%) | Refine: 520269/521864 (99.7%) | Explore: 223357/223636 (99.9%)
T=1223.15 | W=100.4um | Current HPWL=1655067.15 um | Best HPWL=431210.20 um | Accept Rate=96.2% | Improvements: 101/500 (20.2%) | Refine: 523603/525393 (99.7%) | Explore: 224795/225107 (99.9%)
T=1106.20 | W=100.4um | Current HPWL=1666616.21 um | Best HPWL=431210.20 um | Accept Rate=96.6% | Improvements: 117/500 (23.4%) | Refine: 526936/528912 (99.6%) | Explore: 226255/226588 (99.9%)
T=1000.43 | W=100.4um | Current HPWL=1655261.93 um | Best HPWL=431210.20 um | Accept Rate=94.2% | Improvements: 93/500 (18.6%) | Refine: 530191/532384 (99.6%) | Explore: 227748/228116 (99.8%)
T=904.77 | W=100.4um | Current HPWL=1630764.97 um | Best HPWL=431210.20 um | Accept Rate=94.0% | Improvements: 91/500 (18.2%) | Refine: 533513/535941 (99.5%) | Explore: 229152/229559 (99.8%)
T=818.26 | W=100.4um | Current HPWL=1628390.02 um | Best HPWL=431210.20 um | Accept Rate=94.2% | Improvements: 108/500 (21.6%) | Refine: 536778/539456 (99.5%) | Explore: 230585/231044 (99.8%)
T=740.02 | W=100.4um | Current HPWL=1617605.01 um | Best HPWL=431210.20 um | Accept Rate=94.6% | Improvements: 79/500 (15.8%) | Refine: 540036/543003 (99.5%) | Explore: 232003/232497 (99.8%)
T=669.26 | W=100.4um | Current HPWL=1591955.97 um | Best HPWL=431210.20 um | Accept Rate=91.0% | Improvements: 104/500 (20.8%) | Refine: 543268/546566 (99.4%) | Explore: 233399/233934 (99.8%)
T=605.26 | W=100.4um | Current HPWL=1569807.11 um | Best HPWL=431210.20 um | Accept Rate=89.6% | Improvements: 94/500 (18.8%) | Refine: 546425/550081 (99.3%) | Explore: 234828/235419 (99.7%)
T=547.39 | W=100.4um | Current HPWL=1555375.03 um | Best HPWL=431210.20 um | Accept Rate=90.6% | Improvements: 116/500 (23.2%) | Refine: 549504/553555 (99.3%) | Explore: 236294/236945 (99.7%)
T=495.05 | W=100.4um | Current HPWL=1531294.77 um | Best HPWL=431210.20 um | Accept Rate=91.8% | Improvements: 97/500 (19.4%) | Refine: 552651/557086 (99.2%) | Explore: 237688/238414 (99.7%)
T=447.71 | W=100.4um | Current HPWL=1527408.67 um | Best HPWL=431210.20 um | Accept Rate=89.6% | Improvements: 71/500 (14.2%) | Refine: 555693/560575 (99.1%) | Explore: 239124/239925 (99.7%)
T=404.90 | W=100.4um | Current HPWL=1492255.53 um | Best HPWL=431210.20 um | Accept Rate=87.4% | Improvements: 77/500 (15.4%) | Refine: 558698/564060 (99.0%) | Explore: 240568/241440 (99.6%)
T=366.19 | W=100.4um | Current HPWL=1472165.14 um | Best HPWL=431210.20 um | Accept Rate=88.6% | Improvements: 81/500 (16.2%) | Refine: 561676/567521 (99.0%) | Explore: 242018/242979 (99.6%)
T=331.17 | W=100.4um | Current HPWL=1449015.22 um | Best HPWL=431210.20 um | Accept Rate=86.4% | Improvements: 97/500 (19.4%) | Refine: 564702/571050 (98.9%) | Explore: 243383/244450 (99.6%)
T=299.51 | W=100.4um | Current HPWL=1418713.35 um | Best HPWL=431210.20 um | Accept Rate=87.2% | Improvements: 69/500 (13.8%) | Refine: 567637/574538 (98.8%) | Explore: 244791/245962 (99.5%)
T=270.87 | W=100.4um | Current HPWL=1393579.26 um | Best HPWL=431210.20 um | Accept Rate=82.0% | Improvements: 93/500 (18.6%) | Refine: 570563/578029 (98.7%) | Explore: 246172/247471 (99.5%)
T=244.97 | W=100.4um | Current HPWL=1379899.48 um | Best HPWL=431210.20 um | Accept Rate=85.6% | Improvements: 73/500 (14.6%) | Refine: 573403/581492 (98.6%) | Explore: 247589/249008 (99.4%)
T=221.55 | W=100.4um | Current HPWL=1348121.96 um | Best HPWL=431210.20 um | Accept Rate=80.8% | Improvements: 78/500 (15.6%) | Refine: 576273/585035 (98.5%) | Explore: 248903/250465 (99.4%)
T=200.36 | W=100.4um | Current HPWL=1321569.99 um | Best HPWL=431210.20 um | Accept Rate=78.8% | Improvements: 72/500 (14.4%) | Refine: 579098/588567 (98.4%) | Explore: 250244/251933 (99.3%)
T=181.20 | W=100.4um | Current HPWL=1299011.36 um | Best HPWL=431210.20 um | Accept Rate=81.6% | Improvements: 70/500 (14.0%) | Refine: 581912/592083 (98.3%) | Explore: 251567/253417 (99.3%)
T=163.88 | W=100.4um | Current HPWL=1269367.62 um | Best HPWL=431210.20 um | Accept Rate=83.6% | Improvements: 84/500 (16.8%) | Refine: 584715/595582 (98.2%) | Explore: 252911/254918 (99.2%)
T=148.21 | W=100.4um | Current HPWL=1242163.12 um | Best HPWL=431210.20 um | Accept Rate=79.8% | Improvements: 71/500 (14.2%) | Refine: 587445/599070 (98.1%) | Explore: 254237/256430 (99.1%)
T=134.04 | W=100.4um | Current HPWL=1211272.94 um | Best HPWL=431210.20 um | Accept Rate=80.6% | Improvements: 87/500 (17.4%) | Refine: 590144/602569 (97.9%) | Explore: 255547/257931 (99.1%)
T=121.22 | W=100.4um | Current HPWL=1191820.94 um | Best HPWL=431210.20 um | Accept Rate=80.6% | Improvements: 79/500 (15.8%) | Refine: 592850/606058 (97.8%) | Explore: 256830/259442 (99.0%)
T=109.63 | W=100.4um | Current HPWL=1171742.92 um | Best HPWL=431210.20 um | Accept Rate=77.2% | Improvements: 70/500 (14.0%) | Refine: 595496/609541 (97.7%) | Explore: 258119/260959 (98.9%)
T=99.15 | W=100.4um | Current HPWL=1146518.42 um | Best HPWL=431210.20 um | Accept Rate=77.8% | Improvements: 73/500 (14.6%) | Refine: 598159/613030 (97.6%) | Explore: 259359/262470 (98.8%)
T=89.67 | W=100.4um | Current HPWL=1121865.84 um | Best HPWL=431210.20 um | Accept Rate=76.6% | Improvements: 69/500 (13.8%) | Refine: 600835/616567 (97.4%) | Explore: 260540/263933 (98.7%)
T=81.09 | W=100.4um | Current HPWL=1097259.90 um | Best HPWL=431210.20 um | Accept Rate=76.4% | Improvements: 67/500 (13.4%) | Refine: 603532/620100 (97.3%) | Explore: 261715/265400 (98.6%)
T=73.34 | W=100.4um | Current HPWL=1070015.14 um | Best HPWL=431210.20 um | Accept Rate=74.6% | Improvements: 61/500 (12.2%) | Refine: 606162/623595 (97.2%) | Explore: 262909/266905 (98.5%)
T=66.33 | W=100.4um | Current HPWL=1046028.58 um | Best HPWL=431210.20 um | Accept Rate=75.6% | Improvements: 71/500 (14.2%) | Refine: 608778/627103 (97.1%) | Explore: 264047/268397 (98.4%)
T=59.98 | W=100.4um | Current HPWL=1022177.98 um | Best HPWL=431210.20 um | Accept Rate=74.8% | Improvements: 78/500 (15.6%) | Refine: 611371/630588 (97.0%) | Explore: 265193/269912 (98.3%)
T=54.25 | W=100.4um | Current HPWL=1003166.30 um | Best HPWL=431210.20 um | Accept Rate=73.0% | Improvements: 51/500 (10.2%) | Refine: 613970/634083 (96.8%) | Explore: 266294/271417 (98.1%)
T=49.06 | W=100.4um | Current HPWL=983022.36 um | Best HPWL=431210.20 um | Accept Rate=70.0% | Improvements: 42/500 (8.4%) | Refine: 616579/637612 (96.7%) | Explore: 267361/272888 (98.0%)
T=44.37 | W=100.4um | Current HPWL=965201.86 um | Best HPWL=431210.20 um | Accept Rate=71.8% | Improvements: 51/500 (10.2%) | Refine: 619215/641133 (96.6%) | Explore: 268404/274367 (97.8%)
T=40.13 | W=100.4um | Current HPWL=945645.98 um | Best HPWL=431210.20 um | Accept Rate=69.8% | Improvements: 50/500 (10.0%) | Refine: 621817/644632 (96.5%) | Explore: 269409/275868 (97.7%)
T=36.29 | W=100.4um | Current HPWL=923676.69 um | Best HPWL=431210.20 um | Accept Rate=72.0% | Improvements: 57/500 (11.4%) | Refine: 624431/648163 (96.3%) | Explore: 270419/277337 (97.5%)
T=32.82 | W=100.4um | Current HPWL=902808.31 um | Best HPWL=431210.20 um | Accept Rate=71.4% | Improvements: 68/500 (13.6%) | Refine: 627047/651687 (96.2%) | Explore: 271417/278813 (97.3%)
T=29.68 | W=100.4um | Current HPWL=884751.63 um | Best HPWL=431210.20 um | Accept Rate=69.6% | Improvements: 62/500 (12.4%) | Refine: 629602/655145 (96.1%) | Explore: 272388/280355 (97.2%)
T=26.84 | W=100.4um | Current HPWL=866033.95 um | Best HPWL=431210.20 um | Accept Rate=68.8% | Improvements: 52/500 (10.4%) | Refine: 632127/658646 (96.0%) | Explore: 273364/281854 (97.0%)
T=24.28 | W=100.4um | Current HPWL=847485.55 um | Best HPWL=431210.20 um | Accept Rate=68.4% | Improvements: 49/500 (9.8%) | Refine: 634628/662124 (95.8%) | Explore: 274309/283376 (96.8%)
T=21.96 | W=100.4um | Current HPWL=830258.65 um | Best HPWL=431210.20 um | Accept Rate=67.8% | Improvements: 52/500 (10.4%) | Refine: 637199/665623 (95.7%) | Explore: 275236/284877 (96.6%)
T=19.86 | W=100.4um | Current HPWL=812215.21 um | Best HPWL=431210.20 um | Accept Rate=66.8% | Improvements: 59/500 (11.8%) | Refine: 639706/669097 (95.6%) | Explore: 276142/286403 (96.4%)
T=17.96 | W=100.4um | Current HPWL=796685.42 um | Best HPWL=431210.20 um | Accept Rate=65.6% | Improvements: 46/500 (9.2%) | Refine: 642276/672628 (95.5%) | Explore: 276981/287872 (96.2%)
T=16.24 | W=100.4um | Current HPWL=780500.40 um | Best HPWL=431210.20 um | Accept Rate=65.8% | Improvements: 41/500 (8.2%) | Refine: 644829/676158 (95.4%) | Explore: 277754/289342 (96.0%)
T=14.69 | W=100.4um | Current HPWL=764875.72 um | Best HPWL=431210.20 um | Accept Rate=67.6% | Improvements: 48/500 (9.6%) | Refine: 647375/679666 (95.2%) | Explore: 278553/290834 (95.8%)
T=13.28 | W=100.4um | Current HPWL=751596.56 um | Best HPWL=431210.20 um | Accept Rate=62.8% | Improvements: 47/500 (9.4%) | Refine: 649844/683117 (95.1%) | Explore: 279354/292383 (95.5%)
T=12.01 | W=100.4um | Current HPWL=736928.76 um | Best HPWL=431210.20 um | Accept Rate=63.8% | Improvements: 37/500 (7.4%) | Refine: 652350/686608 (95.0%) | Explore: 280131/293892 (95.3%)
T=10.86 | W=100.4um | Current HPWL=723357.53 um | Best HPWL=431210.20 um | Accept Rate=66.6% | Improvements: 50/500 (10.0%) | Refine: 654894/690138 (94.9%) | Explore: 280844/295362 (95.1%)
T=9.83 | W=100.4um | Current HPWL=709524.47 um | Best HPWL=431210.20 um | Accept Rate=66.2% | Improvements: 45/500 (9.0%) | Refine: 657446/693654 (94.8%) | Explore: 281555/296846 (94.8%)
T=8.89 | W=100.4um | Current HPWL=695446.71 um | Best HPWL=431210.20 um | Accept Rate=62.6% | Improvements: 36/500 (7.2%) | Refine: 659935/697152 (94.7%) | Explore: 282254/298348 (94.6%)
T=8.04 | W=100.4um | Current HPWL=680447.04 um | Best HPWL=431210.20 um | Accept Rate=62.8% | Improvements: 52/500 (10.4%) | Refine: 662418/700557 (94.6%) | Explore: 282953/299943 (94.3%)
T=7.27 | W=100.4um | Current HPWL=666876.69 um | Best HPWL=431210.20 um | Accept Rate=63.0% | Improvements: 37/500 (7.4%) | Refine: 664934/704021 (94.4%) | Explore: 283619/301479 (94.1%)
T=6.57 | W=100.4um | Current HPWL=655514.30 um | Best HPWL=431210.20 um | Accept Rate=63.4% | Improvements: 42/500 (8.4%) | Refine: 667451/707567 (94.3%) | Explore: 284250/302933 (93.8%)
T=5.94 | W=100.4um | Current HPWL=643393.50 um | Best HPWL=431210.20 um | Accept Rate=61.0% | Improvements: 44/500 (8.8%) | Refine: 669954/711068 (94.2%) | Explore: 284875/304432 (93.6%)
T=5.38 | W=100.4um | Current HPWL=631925.62 um | Best HPWL=431210.20 um | Accept Rate=64.6% | Improvements: 42/500 (8.4%) | Refine: 672437/714523 (94.1%) | Explore: 285525/305977 (93.3%)
T=4.86 | W=100.4um | Current HPWL=620566.26 um | Best HPWL=431210.20 um | Accept Rate=62.8% | Improvements: 33/500 (6.6%) | Refine: 674936/717988 (94.0%) | Explore: 286143/307512 (93.1%)
T=4.40 | W=100.4um | Current HPWL=610522.88 um | Best HPWL=431210.20 um | Accept Rate=63.8% | Improvements: 40/500 (8.0%) | Refine: 677461/721502 (93.9%) | Explore: 286757/308998 (92.8%)
T=3.98 | W=100.4um | Current HPWL=601705.48 um | Best HPWL=431210.20 um | Accept Rate=61.6% | Improvements: 36/500 (7.2%) | Refine: 679957/724956 (93.8%) | Explore: 287334/310544 (92.5%)
T=3.60 | W=100.4um | Current HPWL=592887.48 um | Best HPWL=431210.20 um | Accept Rate=61.8% | Improvements: 32/500 (6.4%) | Refine: 682511/728493 (93.7%) | Explore: 287882/312007 (92.3%)
T=3.25 | W=100.4um | Current HPWL=582892.32 um | Best HPWL=431210.20 um | Accept Rate=62.2% | Improvements: 37/500 (7.4%) | Refine: 684949/731942 (93.6%) | Explore: 288482/313558 (92.0%)
T=2.94 | W=100.4um | Current HPWL=575186.74 um | Best HPWL=431210.20 um | Accept Rate=60.2% | Improvements: 32/500 (6.4%) | Refine: 687420/735446 (93.5%) | Explore: 289002/315054 (91.7%)
T=2.66 | W=100.4um | Current HPWL=567288.80 um | Best HPWL=431210.20 um | Accept Rate=61.6% | Improvements: 31/500 (6.2%) | Refine: 689913/738964 (93.4%) | Explore: 289535/316536 (91.5%)
T=2.41 | W=100.4um | Current HPWL=559537.18 um | Best HPWL=431210.20 um | Accept Rate=61.4% | Improvements: 33/500 (6.6%) | Refine: 692392/742424 (93.3%) | Explore: 290064/318076 (91.2%)
T=2.18 | W=100.4um | Current HPWL=551186.54 um | Best HPWL=431210.20 um | Accept Rate=61.2% | Improvements: 37/500 (7.4%) | Refine: 694845/745865 (93.2%) | Explore: 290609/319635 (90.9%)
T=1.97 | W=100.4um | Current HPWL=543133.12 um | Best HPWL=431210.20 um | Accept Rate=60.6% | Improvements: 35/500 (7.0%) | Refine: 697324/749355 (93.1%) | Explore: 291149/321145 (90.7%)
T=1.78 | W=100.4um | Current HPWL=536216.26 um | Best HPWL=431210.20 um | Accept Rate=58.8% | Improvements: 34/500 (6.8%) | Refine: 699842/752809 (93.0%) | Explore: 291670/322691 (90.4%)
T=1.61 | W=100.4um | Current HPWL=528160.50 um | Best HPWL=431210.20 um | Accept Rate=59.2% | Improvements: 19/500 (3.8%) | Refine: 702343/756309 (92.9%) | Explore: 292166/324191 (90.1%)
T=1.46 | W=100.4um | Current HPWL=521499.79 um | Best HPWL=431210.20 um | Accept Rate=60.0% | Improvements: 27/500 (5.4%) | Refine: 704870/759830 (92.8%) | Explore: 292641/325670 (89.9%)
T=1.32 | W=100.4um | Current HPWL=514240.55 um | Best HPWL=431210.20 um | Accept Rate=58.0% | Improvements: 30/500 (6.0%) | Refine: 707293/763274 (92.7%) | Explore: 293165/327226 (89.6%)
T=1.19 | W=100.4um | Current HPWL=508644.67 um | Best HPWL=431210.20 um | Accept Rate=56.2% | Improvements: 24/500 (4.8%) | Refine: 709763/766816 (92.6%) | Explore: 293625/328684 (89.3%)
T=1.08 | W=100.4um | Current HPWL=502978.15 um | Best HPWL=431210.20 um | Accept Rate=56.6% | Improvements: 28/500 (5.6%) | Refine: 712227/770289 (92.5%) | Explore: 294129/330211 (89.1%)
T=0.97 | W=100.4um | Current HPWL=496898.03 um | Best HPWL=431210.20 um | Accept Rate=56.8% | Improvements: 27/500 (5.4%) | Refine: 714710/773773 (92.4%) | Explore: 294610/331727 (88.8%)
T=0.88 | W=100.4um | Current HPWL=490723.65 um | Best HPWL=431210.20 um | Accept Rate=60.0% | Improvements: 27/500 (5.4%) | Refine: 717247/777291 (92.3%) | Explore: 295091/333209 (88.6%)
T=0.80 | W=100.4um | Current HPWL=485178.29 um | Best HPWL=431210.20 um | Accept Rate=59.2% | Improvements: 24/500 (4.8%) | Refine: 719750/780798 (92.2%) | Explore: 295556/334702 (88.3%)
T=0.72 | W=100.4um | Current HPWL=479212.99 um | Best HPWL=431210.20 um | Accept Rate=57.4% | Improvements: 24/500 (4.8%) | Refine: 722218/784354 (92.1%) | Explore: 295987/336146 (88.1%)
T=0.65 | W=100.4um | Current HPWL=473973.33 um | Best HPWL=431210.20 um | Accept Rate=56.8% | Improvements: 23/500 (4.6%) | Refine: 724710/787849 (92.0%) | Explore: 296409/337651 (87.8%)
T=0.59 | W=100.4um | Current HPWL=469380.87 um | Best HPWL=431210.20 um | Accept Rate=59.2% | Improvements: 15/500 (3.0%) | Refine: 727153/791292 (91.9%) | Explore: 296815/339208 (87.5%)
T=0.53 | W=100.4um | Current HPWL=464303.87 um | Best HPWL=431210.20 um | Accept Rate=59.0% | Improvements: 24/500 (4.8%) | Refine: 729634/794740 (91.8%) | Explore: 297228/340760 (87.2%)
T=0.48 | W=100.4um | Current HPWL=459182.88 um | Best HPWL=431210.20 um | Accept Rate=60.4% | Improvements: 28/500 (5.6%) | Refine: 732189/798271 (91.7%) | Explore: 297682/342229 (87.0%)
T=0.44 | W=100.4um | Current HPWL=454877.80 um | Best HPWL=431210.20 um | Accept Rate=59.0% | Improvements: 24/500 (4.8%) | Refine: 734665/801790 (91.6%) | Explore: 298078/343710 (86.7%)
T=0.39 | W=100.4um | Current HPWL=450387.80 um | Best HPWL=431210.20 um | Accept Rate=59.6% | Improvements: 17/500 (3.4%) | Refine: 737139/805247 (91.5%) | Explore: 298528/345253 (86.5%)
T=0.36 | W=100.4um | Current HPWL=445612.02 um | Best HPWL=431210.20 um | Accept Rate=61.2% | Improvements: 23/500 (4.6%) | Refine: 739693/808805 (91.5%) | Explore: 298939/346695 (86.2%)
T=0.32 | W=100.4um | Current HPWL=441190.14 um | Best HPWL=431210.20 um | Accept Rate=56.6% | Improvements: 23/500 (4.6%) | Refine: 742194/812279 (91.4%) | Explore: 299354/348221 (86.0%)
T=0.29 | W=100.4um | Current HPWL=437113.78 um | Best HPWL=431210.20 um | Accept Rate=59.6% | Improvements: 20/500 (4.0%) | Refine: 744693/815854 (91.3%) | Explore: 299749/349646 (85.7%)
T=0.26 | W=100.4um | Current HPWL=433094.62 um | Best HPWL=431210.20 um | Accept Rate=57.0% | Improvements: 15/500 (3.0%) | Refine: 747197/819372 (91.2%) | Explore: 300170/351128 (85.5%)
  → Found improvement! New best HPWL: 429543.90 um (improvement: 0.00 um)
  → Found improvement! New best HPWL: 429508.36 um (improvement: -35.54 um)
  → Found improvement! New best HPWL: 429440.30 um (improvement: -68.06 um)
  → Found improvement! New best HPWL: 429414.58 um (improvement: -25.72 um)
  → Found improvement! New best HPWL: 429414.58 um (improvement: 0.00 um)
  → Found improvement! New best HPWL: 429404.66 um (improvement: -9.92 um)
  → Found improvement! New best HPWL: 429382.90 um (improvement: -21.76 um)
  → Found improvement! New best HPWL: 429380.60 um (improvement: -2.30 um)
  → Found improvement! New best HPWL: 429292.08 um (improvement: -88.52 um)
  → Found improvement! New best HPWL: 429207.38 um (improvement: -84.70 um)
  → Found improvement! New best HPWL: 429199.22 um (improvement: -8.16 um)
  → Found improvement! New best HPWL: 429199.22 um (improvement: 0.00 um)
  → Found improvement! New best HPWL: 429194.22 um (improvement: -5.00 um)
  → Found improvement! New best HPWL: 429188.78 um (improvement: -5.44 um)
  → Found improvement! New best HPWL: 429167.02 um (improvement: -21.76 um)
  → Found improvement! New best HPWL: 429164.50 um (improvement: -2.52 um)
  → Found improvement! New best HPWL: 429142.74 um (improvement: -21.76 um)
  → Found improvement! New best HPWL: 429081.26 um (improvement: -61.48 um)
  → Found improvement! New best HPWL: 429059.50 um (improvement: -21.76 um)
  → Found improvement! New best HPWL: 429012.24 um (improvement: -47.26 um)
  → Found improvement! New best HPWL: 429001.06 um (improvement: -11.18 um)
  → Found improvement! New best HPWL: 428955.68 um (improvement: -45.38 um)
T=0.24 | W=100.4um | Current HPWL=428955.68 um | Best HPWL=428955.68 um | Accept Rate=58.6% | Improvements: 20/500 (4.0%) | Refine: 749633/822794 (91.1%) | Explore: 300622/352706 (85.2%)
  → Found improvement! New best HPWL: 425627.52 um (improvement: -13.50 um)
  → Found improvement! New best HPWL: 425627.52 um (improvement: 0.00 um)
  → Found improvement! New best HPWL: 425613.18 um (improvement: -14.34 um)
  → Found improvement! New best HPWL: 425597.08 um (improvement: -16.10 um)
  → Found improvement! New best HPWL: 425565.28 um (improvement: -31.80 um)
  → Found improvement! New best HPWL: 425510.08 um (improvement: -55.20 um)
  → Found improvement! New best HPWL: 425495.66 um (improvement: -14.42 um)
  → Found improvement! New best HPWL: 425493.36 um (improvement: -2.30 um)
  → Found improvement! New best HPWL: 425491.98 um (improvement: -1.38 um)
  → Found improvement! New best HPWL: 425456.82 um (improvement: -35.16 um)
  → Found improvement! New best HPWL: 425454.52 um (improvement: -2.30 um)
  → Found improvement! New best HPWL: 425446.58 um (improvement: -7.94 um)
  → Found improvement! New best HPWL: 425441.98 um (improvement: -4.60 um)
  → Found improvement! New best HPWL: 425439.96 um (improvement: -2.02 um)
T=0.22 | W=100.4um | Current HPWL=425439.96 um | Best HPWL=425439.96 um | Accept Rate=57.6% | Improvements: 14/500 (2.8%) | Refine: 752170/826332 (91.0%) | Explore: 300997/354168 (85.0%)
T=0.20 | W=100.4um | Current HPWL=423011.38 um | Best HPWL=423011.38 um | Accept Rate=56.8% | Improvements: 23/500 (4.6%) | Refine: 754222/829165 (91.0%) | Explore: 301316/355335 (84.8%)
T=0.20 | W=100.4um | Current HPWL=422296.08 um | Best HPWL=422296.08 um | Accept Rate=63.4% | Improvements: 23/500 (4.6%) | Refine: 754493/829521 (91.0%) | Explore: 301362/355479 (84.8%)
  → Found improvement! New best HPWL: 422284.58 um (improvement: -11.50 um)
  → Found improvement! New best HPWL: 422265.12 um (improvement: -19.46 um)
  → Found improvement! New best HPWL: 422250.48 um (improvement: -14.64 um)
  → Found improvement! New best HPWL: 422239.60 um (improvement: -10.88 um)
  → Found improvement! New best HPWL: 422235.00 um (improvement: -4.60 um)
  → Found improvement! New best HPWL: 422213.24 um (improvement: -21.76 um)
  → Found improvement! New best HPWL: 422209.56 um (improvement: -3.68 um)
  → Found improvement! New best HPWL: 422209.00 um (improvement: -0.56 um)
T=0.20 | W=100.4um | Current HPWL=422209.00 um | Best HPWL=422209.00 um | Accept Rate=54.6% | Improvements: 8/500 (1.6%) | Refine: 754740/829885 (90.9%) | Explore: 301388/355615 (84.8%)
T=0.19 | W=100.4um | Current HPWL=421899.64 um | Best HPWL=421899.64 um | Accept Rate=59.6% | Improvements: 22/500 (4.4%) | Refine: 754993/830229 (90.9%) | Explore: 301433/355771 (84.7%)
T=0.19 | W=100.4um | Current HPWL=421493.04 um | Best HPWL=421493.04 um | Accept Rate=53.6% | Improvements: 13/500 (2.6%) | Refine: 755224/830571 (90.9%) | Explore: 301470/355929 (84.7%)
T=0.19 | W=100.4um | Current HPWL=421191.42 um | Best HPWL=421191.42 um | Accept Rate=60.2% | Improvements: 17/500 (3.4%) | Refine: 755483/830918 (90.9%) | Explore: 301512/356082 (84.7%)
T=0.19 | W=100.4um | Current HPWL=420855.14 um | Best HPWL=420855.14 um | Accept Rate=57.0% | Improvements: 16/500 (3.2%) | Refine: 755729/831262 (90.9%) | Explore: 301551/356238 (84.6%)
T=0.19 | W=100.4um | Current HPWL=420628.86 um | Best HPWL=420628.86 um | Accept Rate=60.8% | Improvements: 16/500 (3.2%) | Refine: 755997/831620 (90.9%) | Explore: 301587/356380 (84.6%)
T=0.18 | W=100.4um | Current HPWL=420457.80 um | Best HPWL=420457.80 um | Accept Rate=53.4% | Improvements: 9/500 (1.8%) | Refine: 756233/831958 (90.9%) | Explore: 301618/356542 (84.6%)
T=0.18 | W=100.4um | Current HPWL=419985.08 um | Best HPWL=419985.08 um | Accept Rate=57.6% | Improvements: 21/500 (4.2%) | Refine: 756477/832297 (90.9%) | Explore: 301662/356703 (84.6%)
T=0.18 | W=100.4um | Current HPWL=419793.10 um | Best HPWL=419793.10 um | Accept Rate=56.2% | Improvements: 20/500 (4.0%) | Refine: 756718/832643 (90.9%) | Explore: 301702/356857 (84.5%)
T=0.18 | W=100.4um | Current HPWL=419498.44 um | Best HPWL=419498.44 um | Accept Rate=58.8% | Improvements: 16/500 (3.2%) | Refine: 756982/833013 (90.9%) | Explore: 301732/356987 (84.5%)
  → Found improvement! New best HPWL: 419473.14 um (improvement: -25.30 um)
  → Found improvement! New best HPWL: 419429.22 um (improvement: -43.92 um)
  → Found improvement! New best HPWL: 419377.54 um (improvement: -51.68 um)
  → Found improvement! New best HPWL: 419342.18 um (improvement: -35.36 um)
  → Found improvement! New best HPWL: 419341.42 um (improvement: -0.76 um)
  → Found improvement! New best HPWL: 419341.00 um (improvement: -0.42 um)
  → Found improvement! New best HPWL: 419305.22 um (improvement: -35.78 um)
  → Found improvement! New best HPWL: 419296.02 um (improvement: -9.20 um)
  → Found improvement! New best HPWL: 419259.46 um (improvement: -36.56 um)
  → Found improvement! New best HPWL: 419230.90 um (improvement: -28.56 um)
  → Found improvement! New best HPWL: 419224.08 um (improvement: -6.82 um)
  → Found improvement! New best HPWL: 419156.50 um (improvement: -67.58 um)
  → Found improvement! New best HPWL: 419151.90 um (improvement: -4.60 um)
  → Found improvement! New best HPWL: 419126.60 um (improvement: -25.30 um)
  → Found improvement! New best HPWL: 419118.44 um (improvement: -8.16 um)
  → Found improvement! New best HPWL: 419111.76 um (improvement: -6.68 um)
  → Found improvement! New best HPWL: 419084.14 um (improvement: -27.62 um)
T=0.18 | W=100.4um | Current HPWL=419084.14 um | Best HPWL=419084.14 um | Accept Rate=61.0% | Improvements: 18/500 (3.6%) | Refine: 757246/833364 (90.9%) | Explore: 301773/357136 (84.5%)
T=0.17 | W=100.4um | Current HPWL=418646.44 um | Best HPWL=418646.44 um | Accept Rate=60.4% | Improvements: 19/500 (3.8%) | Refine: 757506/833721 (90.9%) | Explore: 301815/357279 (84.5%)
T=0.17 | W=100.4um | Current HPWL=418385.76 um | Best HPWL=418385.76 um | Accept Rate=61.6% | Improvements: 12/500 (2.4%) | Refine: 757781/834087 (90.9%) | Explore: 301848/357413 (84.5%)
T=0.17 | W=100.4um | Current HPWL=418092.38 um | Best HPWL=418092.38 um | Accept Rate=56.8% | Improvements: 20/500 (4.0%) | Refine: 758022/834421 (90.8%) | Explore: 301891/357579 (84.4%)
T=0.17 | W=100.4um | Current HPWL=417634.30 um | Best HPWL=417634.30 um | Accept Rate=56.2% | Improvements: 23/500 (4.6%) | Refine: 758267/834769 (90.8%) | Explore: 301927/357731 (84.4%)
T=0.17 | W=100.4um | Current HPWL=417402.96 um | Best HPWL=417402.96 um | Accept Rate=59.4% | Improvements: 15/500 (3.0%) | Refine: 758530/835128 (90.8%) | Explore: 301961/357872 (84.4%)
T=0.17 | W=100.4um | Current HPWL=416895.84 um | Best HPWL=416895.84 um | Accept Rate=54.6% | Improvements: 26/500 (5.2%) | Refine: 758763/835481 (90.8%) | Explore: 302001/358019 (84.4%)
T=0.16 | W=100.4um | Current HPWL=416590.48 um | Best HPWL=416590.48 um | Accept Rate=62.2% | Improvements: 12/500 (2.4%) | Refine: 759036/835844 (90.8%) | Explore: 302039/358156 (84.3%)
T=0.16 | W=100.4um | Current HPWL=416286.14 um | Best HPWL=416286.14 um | Accept Rate=57.6% | Improvements: 18/500 (3.6%) | Refine: 759289/836192 (90.8%) | Explore: 302074/358308 (84.3%)
T=0.16 | W=100.4um | Current HPWL=415971.18 um | Best HPWL=415971.18 um | Accept Rate=58.2% | Improvements: 21/500 (4.2%) | Refine: 759538/836532 (90.8%) | Explore: 302116/358468 (84.3%)
  → Found improvement! New best HPWL: 415966.58 um (improvement: -4.60 um)
  → Found improvement! New best HPWL: 415941.70 um (improvement: -24.88 um)
  → Found improvement! New best HPWL: 415938.94 um (improvement: -2.76 um)
  → Found improvement! New best HPWL: 415915.94 um (improvement: -23.00 um)
  → Found improvement! New best HPWL: 415883.30 um (improvement: -32.64 um)
  → Found improvement! New best HPWL: 415876.40 um (improvement: -6.90 um)
  → Found improvement! New best HPWL: 415849.00 um (improvement: -27.40 um)
  → Found improvement! New best HPWL: 415741.92 um (improvement: -107.08 um)
  → Found improvement! New best HPWL: 415719.76 um (improvement: -22.16 um)
  → Found improvement! New best HPWL: 415705.24 um (improvement: -14.52 um)
  → Found improvement! New best HPWL: 415680.76 um (improvement: -24.48 um)
T=0.16 | W=100.4um | Current HPWL=415680.76 um | Best HPWL=415680.76 um | Accept Rate=61.8% | Improvements: 13/500 (2.6%) | Refine: 759813/836902 (90.8%) | Explore: 302150/358598 (84.3%)
T=0.16 | W=100.4um | Current HPWL=415251.30 um | Best HPWL=415251.30 um | Accept Rate=56.8% | Improvements: 17/500 (3.4%) | Refine: 760057/837263 (90.8%) | Explore: 302190/358737 (84.2%)
T=0.16 | W=100.4um | Current HPWL=414980.86 um | Best HPWL=414980.86 um | Accept Rate=56.2% | Improvements: 17/500 (3.4%) | Refine: 760301/837623 (90.8%) | Explore: 302227/358877 (84.2%)
T=0.15 | W=100.4um | Current HPWL=414603.66 um | Best HPWL=414603.66 um | Accept Rate=54.0% | Improvements: 17/500 (3.4%) | Refine: 760522/837944 (90.8%) | Explore: 302276/359056 (84.2%)
T=0.15 | W=100.4um | Current HPWL=414514.68 um | Best HPWL=414514.68 um | Accept Rate=52.4% | Improvements: 9/500 (1.8%) | Refine: 760752/838280 (90.8%) | Explore: 302308/359220 (84.2%)
T=0.15 | W=100.4um | Current HPWL=414101.98 um | Best HPWL=414101.98 um | Accept Rate=56.2% | Improvements: 17/500 (3.4%) | Refine: 761000/838638 (90.7%) | Explore: 302341/359362 (84.1%)
T=0.15 | W=100.4um | Current HPWL=413867.02 um | Best HPWL=413867.02 um | Accept Rate=59.8% | Improvements: 19/500 (3.8%) | Refine: 761256/838997 (90.7%) | Explore: 302384/359503 (84.1%)
T=0.15 | W=100.4um | Current HPWL=413351.36 um | Best HPWL=413351.36 um | Accept Rate=59.2% | Improvements: 27/500 (5.4%) | Refine: 761509/839355 (90.7%) | Explore: 302427/359645 (84.1%)
T=0.15 | W=100.4um | Current HPWL=412956.68 um | Best HPWL=412956.68 um | Accept Rate=56.4% | Improvements: 18/500 (3.6%) | Refine: 761748/839700 (90.7%) | Explore: 302470/359800 (84.1%)
T=0.15 | W=100.4um | Current HPWL=412610.70 um | Best HPWL=412610.70 um | Accept Rate=56.6% | Improvements: 18/500 (3.6%) | Refine: 761994/840046 (90.7%) | Explore: 302507/359954 (84.0%)
  → Found improvement! New best HPWL: 412605.26 um (improvement: -5.44 um)
  → Found improvement! New best HPWL: 412585.94 um (improvement: -19.32 um)
  → Found improvement! New best HPWL: 412584.76 um (improvement: -1.18 um)
  → Found improvement! New best HPWL: 412582.58 um (improvement: -2.18 um)
  → Found improvement! New best HPWL: 412578.40 um (improvement: -4.18 um)
  → Found improvement! New best HPWL: 412573.80 um (improvement: -4.60 um)
  → Found improvement! New best HPWL: 412565.64 um (improvement: -8.16 um)
  → Found improvement! New best HPWL: 412522.12 um (improvement: -43.52 um)
  → Found improvement! New best HPWL: 412522.12 um (improvement: 0.00 um)
  → Found improvement! New best HPWL: 412518.98 um (improvement: -3.14 um)
  → Found improvement! New best HPWL: 412511.94 um (improvement: -7.04 um)
T=0.14 | W=100.4um | Current HPWL=412511.94 um | Best HPWL=412511.94 um | Accept Rate=58.2% | Improvements: 10/500 (2.0%) | Refine: 762256/840424 (90.7%) | Explore: 302536/360076 (84.0%)
T=0.14 | W=100.4um | Current HPWL=412262.44 um | Best HPWL=412262.44 um | Accept Rate=56.0% | Improvements: 17/500 (3.4%) | Refine: 762494/840760 (90.7%) | Explore: 302578/360240 (84.0%)
T=0.14 | W=100.4um | Current HPWL=411971.74 um | Best HPWL=411971.74 um | Accept Rate=56.2% | Improvements: 19/500 (3.8%) | Refine: 762736/841108 (90.7%) | Explore: 302617/360392 (84.0%)
T=0.14 | W=100.4um | Current HPWL=411503.16 um | Best HPWL=411503.16 um | Accept Rate=61.0% | Improvements: 23/500 (4.6%) | Refine: 762993/841456 (90.7%) | Explore: 302665/360544 (83.9%)
T=0.14 | W=100.4um | Current HPWL=411307.60 um | Best HPWL=411307.60 um | Accept Rate=59.2% | Improvements: 14/500 (2.8%) | Refine: 763246/841793 (90.7%) | Explore: 302708/360707 (83.9%)
T=0.14 | W=100.4um | Current HPWL=411140.38 um | Best HPWL=411140.38 um | Accept Rate=55.2% | Improvements: 14/500 (2.8%) | Refine: 763484/842136 (90.7%) | Explore: 302746/360864 (83.9%)
T=0.14 | W=100.4um | Current HPWL=410858.66 um | Best HPWL=410858.66 um | Accept Rate=54.8% | Improvements: 15/500 (3.0%) | Refine: 763719/842468 (90.7%) | Explore: 302785/361032 (83.9%)
T=0.13 | W=100.4um | Current HPWL=410568.24 um | Best HPWL=410568.24 um | Accept Rate=54.8% | Improvements: 19/500 (3.8%) | Refine: 763950/842795 (90.6%) | Explore: 302828/361205 (83.8%)
T=0.13 | W=100.4um | Current HPWL=410367.86 um | Best HPWL=410367.86 um | Accept Rate=57.4% | Improvements: 12/500 (2.4%) | Refine: 764208/843146 (90.6%) | Explore: 302857/361354 (83.8%)
T=0.13 | W=100.4um | Current HPWL=410205.58 um | Best HPWL=410205.58 um | Accept Rate=56.8% | Improvements: 11/500 (2.2%) | Refine: 764458/843497 (90.6%) | Explore: 302891/361503 (83.8%)
  → Found improvement! New best HPWL: 410197.22 um (improvement: -8.36 um)
  → Found improvement! New best HPWL: 410165.88 um (improvement: -31.34 um)
  → Found improvement! New best HPWL: 410160.44 um (improvement: -5.44 um)
  → Found improvement! New best HPWL: 410143.88 um (improvement: -16.56 um)
  → Found improvement! New best HPWL: 410142.04 um (improvement: -1.84 um)
  → Found improvement! New best HPWL: 410125.72 um (improvement: -16.32 um)
  → Found improvement! New best HPWL: 410103.56 um (improvement: -22.16 um)
  → Found improvement! New best HPWL: 410096.28 um (improvement: -7.28 um)
  → Found improvement! New best HPWL: 410095.86 um (improvement: -0.42 um)
  → Found improvement! New best HPWL: 410087.28 um (improvement: -8.58 um)
  → Found improvement! New best HPWL: 410084.56 um (improvement: -2.72 um)
  → Found improvement! New best HPWL: 410084.56 um (improvement: 0.00 um)
  → Found improvement! New best HPWL: 410083.72 um (improvement: -0.84 um)
  → Found improvement! New best HPWL: 410073.98 um (improvement: -9.74 um)
  → Found improvement! New best HPWL: 410060.58 um (improvement: -13.40 um)
  → Found improvement! New best HPWL: 410052.62 um (improvement: -7.96 um)
  → Found improvement! New best HPWL: 409993.66 um (improvement: -58.96 um)
T=0.13 | W=100.4um | Current HPWL=409993.66 um | Best HPWL=409993.66 um | Accept Rate=56.2% | Improvements: 16/500 (3.2%) | Refine: 764703/843858 (90.6%) | Explore: 302927/361642 (83.8%)
T=0.13 | W=100.4um | Current HPWL=409713.92 um | Best HPWL=409713.92 um | Accept Rate=59.8% | Improvements: 18/500 (3.6%) | Refine: 764961/844215 (90.6%) | Explore: 302968/361785 (83.7%)
T=0.13 | W=100.4um | Current HPWL=409487.10 um | Best HPWL=409487.10 um | Accept Rate=57.4% | Improvements: 12/500 (2.4%) | Refine: 765211/844569 (90.6%) | Explore: 303005/361931 (83.7%)
T=0.13 | W=100.4um | Current HPWL=409177.22 um | Best HPWL=409177.22 um | Accept Rate=59.2% | Improvements: 10/500 (2.0%) | Refine: 765468/844919 (90.6%) | Explore: 303044/362081 (83.7%)
T=0.13 | W=100.4um | Current HPWL=408834.12 um | Best HPWL=408834.12 um | Accept Rate=60.0% | Improvements: 21/500 (4.2%) | Refine: 765722/845268 (90.6%) | Explore: 303090/362232 (83.7%)
T=0.12 | W=100.4um | Current HPWL=408561.00 um | Best HPWL=408561.00 um | Accept Rate=55.4% | Improvements: 15/500 (3.0%) | Refine: 765962/845607 (90.6%) | Explore: 303127/362393 (83.6%)
T=0.12 | W=100.4um | Current HPWL=408323.60 um | Best HPWL=408323.60 um | Accept Rate=57.2% | Improvements: 12/500 (2.4%) | Refine: 766212/845963 (90.6%) | Explore: 303163/362537 (83.6%)
T=0.12 | W=100.4um | Current HPWL=408002.10 um | Best HPWL=408002.10 um | Accept Rate=54.6% | Improvements: 17/500 (3.4%) | Refine: 766441/846312 (90.6%) | Explore: 303207/362688 (83.6%)
T=0.12 | W=100.4um | Current HPWL=407511.24 um | Best HPWL=407511.24 um | Accept Rate=58.8% | Improvements: 26/500 (5.2%) | Refine: 766690/846657 (90.6%) | Explore: 303252/362843 (83.6%)
T=0.12 | W=100.4um | Current HPWL=407272.68 um | Best HPWL=407272.68 um | Accept Rate=56.2% | Improvements: 19/500 (3.8%) | Refine: 766934/847006 (90.5%) | Explore: 303289/362994 (83.6%)
  → Found improvement! New best HPWL: 407248.26 um (improvement: -24.42 um)
  → Found improvement! New best HPWL: 407227.34 um (improvement: -20.92 um)
  → Found improvement! New best HPWL: 407225.46 um (improvement: -1.88 um)
  → Found improvement! New best HPWL: 407220.02 um (improvement: -5.44 um)
  → Found improvement! New best HPWL: 407211.86 um (improvement: -8.16 um)
  → Found improvement! New best HPWL: 407166.70 um (improvement: -45.16 um)
  → Found improvement! New best HPWL: 407157.50 um (improvement: -9.20 um)
  → Found improvement! New best HPWL: 407142.66 um (improvement: -14.84 um)
  → Found improvement! New best HPWL: 407077.38 um (improvement: -65.28 um)
  → Found improvement! New best HPWL: 407071.94 um (improvement: -5.44 um)
  → Found improvement! New best HPWL: 407056.38 um (improvement: -15.56 um)
  → Found improvement! New best HPWL: 407050.94 um (improvement: -5.44 um)
  → Found improvement! New best HPWL: 407006.62 um (improvement: -44.32 um)
  → Found improvement! New best HPWL: 406995.74 um (improvement: -10.88 um)
  → Found improvement! New best HPWL: 406973.98 um (improvement: -21.76 um)
  → Found improvement! New best HPWL: 406961.86 um (improvement: -12.12 um)
T=0.12 | W=100.4um | Current HPWL=406961.86 um | Best HPWL=406961.86 um | Accept Rate=56.8% | Improvements: 16/500 (3.2%) | Refine: 767178/847358 (90.5%) | Explore: 303329/363142 (83.5%)
T=0.12 | W=100.4um | Current HPWL=406739.04 um | Best HPWL=406739.04 um | Accept Rate=55.0% | Improvements: 17/500 (3.4%) | Refine: 767418/847696 (90.5%) | Explore: 303364/363304 (83.5%)
T=0.12 | W=100.4um | Current HPWL=406415.22 um | Best HPWL=406415.22 um | Accept Rate=56.0% | Improvements: 18/500 (3.6%) | Refine: 767665/848046 (90.5%) | Explore: 303397/363454 (83.5%)
T=0.11 | W=100.4um | Current HPWL=406193.20 um | Best HPWL=406193.20 um | Accept Rate=54.0% | Improvements: 13/500 (2.6%) | Refine: 767901/848381 (90.5%) | Explore: 303431/363619 (83.4%)
T=0.11 | W=100.4um | Current HPWL=406037.88 um | Best HPWL=406037.88 um | Accept Rate=52.8% | Improvements: 9/500 (1.8%) | Refine: 768130/848712 (90.5%) | Explore: 303466/363788 (83.4%)
T=0.11 | W=100.4um | Current HPWL=405598.56 um | Best HPWL=405598.56 um | Accept Rate=55.6% | Improvements: 19/500 (3.8%) | Refine: 768366/849064 (90.5%) | Explore: 303508/363936 (83.4%)
T=0.11 | W=100.4um | Current HPWL=405019.22 um | Best HPWL=405019.22 um | Accept Rate=60.2% | Improvements: 22/500 (4.4%) | Refine: 768618/849417 (90.5%) | Explore: 303557/364083 (83.4%)
T=0.11 | W=100.4um | Current HPWL=404621.96 um | Best HPWL=404621.96 um | Accept Rate=54.8% | Improvements: 17/500 (3.4%) | Refine: 768854/849768 (90.5%) | Explore: 303595/364232 (83.4%)
T=0.11 | W=100.4um | Current HPWL=404357.72 um | Best HPWL=404357.72 um | Accept Rate=58.4% | Improvements: 20/500 (4.0%) | Refine: 769105/850102 (90.5%) | Explore: 303636/364398 (83.3%)
T=0.11 | W=100.4um | Current HPWL=404095.48 um | Best HPWL=404095.48 um | Accept Rate=54.8% | Improvements: 13/500 (2.6%) | Refine: 769347/850456 (90.5%) | Explore: 303668/364544 (83.3%)
  → Found improvement! New best HPWL: 404079.68 um (improvement: -15.80 um)
  → Found improvement! New best HPWL: 404041.42 um (improvement: -38.26 um)
  → Found improvement! New best HPWL: 404021.86 um (improvement: -19.56 um)
  → Found improvement! New best HPWL: 404021.86 um (improvement: 0.00 um)
  → Found improvement! New best HPWL: 403989.22 um (improvement: -32.64 um)
  → Found improvement! New best HPWL: 403982.32 um (improvement: -6.90 um)
  → Found improvement! New best HPWL: 403963.70 um (improvement: -18.62 um)
  → Found improvement! New best HPWL: 403930.24 um (improvement: -33.46 um)
  → Found improvement! New best HPWL: 403922.72 um (improvement: -7.52 um)
  → Found improvement! New best HPWL: 403898.34 um (improvement: -24.38 um)
  → Found improvement! New best HPWL: 403898.34 um (improvement: 0.00 um)
  → Found improvement! New best HPWL: 403885.16 um (improvement: -13.18 um)
  → Found improvement! New best HPWL: 403852.34 um (improvement: -32.82 um)
  → Found improvement! New best HPWL: 403849.00 um (improvement: -3.34 um)
  → Found improvement! New best HPWL: 403837.72 um (improvement: -11.28 um)
  → Found improvement! New best HPWL: 403829.56 um (improvement: -8.16 um)
  → Found improvement! New best HPWL: 403792.98 um (improvement: -36.58 um)
  → Found improvement! New best HPWL: 403779.18 um (improvement: -13.80 um)
  → Found improvement! New best HPWL: 403745.90 um (improvement: -33.28 um)
T=0.11 | W=100.4um | Current HPWL=403745.90 um | Best HPWL=403745.90 um | Accept Rate=56.6% | Improvements: 18/500 (3.6%) | Refine: 769590/850803 (90.5%) | Explore: 303708/364697 (83.3%)
T=0.11 | W=100.4um | Current HPWL=403554.88 um | Best HPWL=403554.88 um | Accept Rate=52.4% | Improvements: 10/500 (2.0%) | Refine: 769817/851144 (90.4%) | Explore: 303743/364856 (83.3%)
T=0.10 | W=100.4um | Current HPWL=403389.20 um | Best HPWL=403389.20 um | Accept Rate=57.8% | Improvements: 16/500 (3.2%) | Refine: 770066/851498 (90.4%) | Explore: 303783/365002 (83.2%)
T=0.10 | W=100.4um | Current HPWL=403031.18 um | Best HPWL=403031.18 um | Accept Rate=58.0% | Improvements: 22/500 (4.4%) | Refine: 770315/851847 (90.4%) | Explore: 303824/365153 (83.2%)
T=0.10 | W=100.4um | Current HPWL=402629.18 um | Best HPWL=402629.18 um | Accept Rate=57.6% | Improvements: 18/500 (3.6%) | Refine: 770565/852193 (90.4%) | Explore: 303862/365307 (83.2%)
T=0.10 | W=100.4um | Current HPWL=402298.50 um | Best HPWL=402298.50 um | Accept Rate=58.0% | Improvements: 21/500 (4.2%) | Refine: 770815/852544 (90.4%) | Explore: 303902/365456 (83.2%)
T=0.10 | W=100.4um | Current HPWL=402179.46 um | Best HPWL=402179.46 um | Accept Rate=57.0% | Improvements: 13/500 (2.6%) | Refine: 771065/852907 (90.4%) | Explore: 303937/365593 (83.1%)

============================================================
SA Optimization Complete
============================================================
Initial HPWL: 431210.20 um
Final Total HPWL: 402179.46 um
Improvement: 29030.74 um (6.73%)
Total Iterations: 2437
============================================================


Placement map written to: build/6502/sa_alpha0.99_moves500_Tfinal0.1/6502.map
Total instances: 2899

Placement saved to build/6502/sa_alpha0.99_moves500_Tfinal0.1/6502_placement.json

============================================================
Placement Summary
============================================================
Final Total HPWL: 402179.46 um
Total Instances: 2899
============================================================

Placement completed successfully!
Map file: build/6502/sa_alpha0.99_moves500_Tfinal0.1/6502.map
JSON file: build/6502/sa_alpha0.99_moves500_Tfinal0.1/6502_placement.json

================================================================================
# End time: 2025-11-23T09:35:59.475484
# Return code: 0
