# Log file for: designs/6502_mapped.json
# Configuration: {'alpha': 0.99, 'moves': 500, 't_final': 0.01, '_use_greedy_placement': True, '_greedy_placement': 'build/6502/greedy/6502_placement.json'}
# Start time: 2025-11-23T09:43:13.703051
# Command: /home/mohab/Downloads/work/venv/bin/python placer.py --design designs/6502_mapped.json --fabric-cells fabric/fabric_cells.yaml --pins fabric/pins.yaml --output build/6502/sa_alpha0.99_moves500_Tfinal0.01 --sa-alpha 0.99 --sa-moves 500 --sa-T-final 0.01 --initial-placement build/6502/greedy/6502_placement.json --seed 1251352285
================================================================================

Random seed set to: 1251352285
Loading initial placement from: build/6502/greedy/6502_placement.json

============================================================
Simulated Annealing Optimization
============================================================
Initial HPWL: 431210.20 um
Initial Temperature: 4312102000.00
Cooling Rate (alpha): 0.99
Moves per Temperature: 500
Final Temperature: 0.01
Initial Window Size: 501.80 um
Window Cooling Rate (beta): 0.98
Move Probabilities: Refine=70.0%, Explore=30.0%
============================================================

T=4312102000.00 | W=501.8um | Current HPWL=547897.67 um | Best HPWL=431210.20 um | Accept Rate=100.0% | Improvements: 24/500 (4.8%) | Refine: 369/369 (100.0%) | Explore: 131/131 (100.0%)
T=3899787754.41 | W=410.0um | Current HPWL=1075030.41 um | Best HPWL=431210.20 um | Accept Rate=100.0% | Improvements: 92/500 (18.4%) | Refine: 3864/3864 (100.0%) | Explore: 1636/1636 (100.0%)
T=3526898141.43 | W=335.0um | Current HPWL=1244437.67 um | Best HPWL=431210.20 um | Accept Rate=100.0% | Improvements: 109/500 (21.8%) | Refine: 7350/7350 (100.0%) | Explore: 3150/3150 (100.0%)
T=3189663459.49 | W=273.7um | Current HPWL=1309642.99 um | Best HPWL=431210.20 um | Accept Rate=100.0% | Improvements: 109/500 (21.8%) | Refine: 10860/10860 (100.0%) | Explore: 4640/4640 (100.0%)
T=2884674458.07 | W=223.7um | Current HPWL=1356407.92 um | Best HPWL=431210.20 um | Accept Rate=100.0% | Improvements: 100/500 (20.0%) | Refine: 14346/14346 (100.0%) | Explore: 6154/6154 (100.0%)
T=2608847872.12 | W=182.7um | Current HPWL=1393960.13 um | Best HPWL=431210.20 um | Accept Rate=100.0% | Improvements: 105/500 (21.0%) | Refine: 17800/17800 (100.0%) | Explore: 7700/7700 (100.0%)
T=2359395251.97 | W=149.3um | Current HPWL=1409528.37 um | Best HPWL=431210.20 um | Accept Rate=100.0% | Improvements: 124/500 (24.8%) | Refine: 21270/21270 (100.0%) | Explore: 9230/9230 (100.0%)
T=2133794773.74 | W=122.0um | Current HPWL=1427040.79 um | Best HPWL=431210.20 um | Accept Rate=100.0% | Improvements: 108/500 (21.6%) | Refine: 24733/24733 (100.0%) | Explore: 10767/10767 (100.0%)
T=1929765745.12 | W=100.4um | Current HPWL=1422829.15 um | Best HPWL=431210.20 um | Accept Rate=100.0% | Improvements: 114/500 (22.8%) | Refine: 28267/28267 (100.0%) | Explore: 12233/12233 (100.0%)
T=1745245548.85 | W=100.4um | Current HPWL=1422665.92 um | Best HPWL=431210.20 um | Accept Rate=100.0% | Improvements: 97/500 (19.4%) | Refine: 31788/31788 (100.0%) | Explore: 13712/13712 (100.0%)
T=1578368790.87 | W=100.4um | Current HPWL=1427788.39 um | Best HPWL=431210.20 um | Accept Rate=100.0% | Improvements: 105/500 (21.0%) | Refine: 35293/35293 (100.0%) | Explore: 15207/15207 (100.0%)
T=1427448442.22 | W=100.4um | Current HPWL=1430364.04 um | Best HPWL=431210.20 um | Accept Rate=100.0% | Improvements: 106/500 (21.2%) | Refine: 38792/38792 (100.0%) | Explore: 16708/16708 (100.0%)
T=1290958784.14 | W=100.4um | Current HPWL=1426847.75 um | Best HPWL=431210.20 um | Accept Rate=100.0% | Improvements: 103/500 (20.6%) | Refine: 42264/42264 (100.0%) | Explore: 18236/18236 (100.0%)
T=1167519983.95 | W=100.4um | Current HPWL=1448704.91 um | Best HPWL=431210.20 um | Accept Rate=100.0% | Improvements: 106/500 (21.2%) | Refine: 45804/45804 (100.0%) | Explore: 19696/19696 (100.0%)
T=1055884145.70 | W=100.4um | Current HPWL=1435999.98 um | Best HPWL=431210.20 um | Accept Rate=100.0% | Improvements: 121/500 (24.2%) | Refine: 49313/49313 (100.0%) | Explore: 21187/21187 (100.0%)
T=954922694.66 | W=100.4um | Current HPWL=1451556.37 um | Best HPWL=431210.20 um | Accept Rate=100.0% | Improvements: 127/500 (25.4%) | Refine: 52818/52818 (100.0%) | Explore: 22682/22682 (100.0%)
T=863614968.07 | W=100.4um | Current HPWL=1461868.23 um | Best HPWL=431210.20 um | Accept Rate=100.0% | Improvements: 122/500 (24.4%) | Refine: 56356/56356 (100.0%) | Explore: 24144/24144 (100.0%)
T=781037896.83 | W=100.4um | Current HPWL=1455593.25 um | Best HPWL=431210.20 um | Accept Rate=100.0% | Improvements: 118/500 (23.6%) | Refine: 59881/59881 (100.0%) | Explore: 25619/25619 (100.0%)
T=706356673.79 | W=100.4um | Current HPWL=1461391.00 um | Best HPWL=431210.20 um | Accept Rate=100.0% | Improvements: 117/500 (23.4%) | Refine: 63388/63388 (100.0%) | Explore: 27112/27112 (100.0%)
T=638816314.34 | W=100.4um | Current HPWL=1471780.50 um | Best HPWL=431210.20 um | Accept Rate=100.0% | Improvements: 115/500 (23.0%) | Refine: 66924/66924 (100.0%) | Explore: 28576/28576 (100.0%)
T=577734023.91 | W=100.4um | Current HPWL=1464747.85 um | Best HPWL=431210.20 um | Accept Rate=100.0% | Improvements: 120/500 (24.0%) | Refine: 70434/70434 (100.0%) | Explore: 30066/30066 (100.0%)
T=522492295.35 | W=100.4um | Current HPWL=1482083.16 um | Best HPWL=431210.20 um | Accept Rate=100.0% | Improvements: 116/500 (23.2%) | Refine: 73920/73920 (100.0%) | Explore: 31580/31580 (100.0%)
T=472532666.25 | W=100.4um | Current HPWL=1461014.76 um | Best HPWL=431210.20 um | Accept Rate=100.0% | Improvements: 133/500 (26.6%) | Refine: 77480/77480 (100.0%) | Explore: 33020/33020 (100.0%)
T=427350073.21 | W=100.4um | Current HPWL=1479998.05 um | Best HPWL=431210.20 um | Accept Rate=100.0% | Improvements: 127/500 (25.4%) | Refine: 80987/80987 (100.0%) | Explore: 34513/34513 (100.0%)
T=386487745.96 | W=100.4um | Current HPWL=1476023.02 um | Best HPWL=431210.20 um | Accept Rate=100.0% | Improvements: 110/500 (22.0%) | Refine: 84495/84495 (100.0%) | Explore: 36005/36005 (100.0%)
T=349532589.66 | W=100.4um | Current HPWL=1484074.26 um | Best HPWL=431210.20 um | Accept Rate=100.0% | Improvements: 106/500 (21.2%) | Refine: 87982/87982 (100.0%) | Explore: 37518/37518 (100.0%)
T=316111008.72 | W=100.4um | Current HPWL=1489819.33 um | Best HPWL=431210.20 um | Accept Rate=100.0% | Improvements: 134/500 (26.8%) | Refine: 91427/91427 (100.0%) | Explore: 39073/39073 (100.0%)
T=285885130.00 | W=100.4um | Current HPWL=1507233.13 um | Best HPWL=431210.20 um | Accept Rate=100.0% | Improvements: 117/500 (23.4%) | Refine: 94879/94879 (100.0%) | Explore: 40621/40621 (100.0%)
T=258549387.08 | W=100.4um | Current HPWL=1501078.57 um | Best HPWL=431210.20 um | Accept Rate=100.0% | Improvements: 107/500 (21.4%) | Refine: 98368/98368 (100.0%) | Explore: 42132/42132 (100.0%)
T=233827431.18 | W=100.4um | Current HPWL=1491962.52 um | Best HPWL=431210.20 um | Accept Rate=100.0% | Improvements: 110/500 (22.0%) | Refine: 101851/101851 (100.0%) | Explore: 43649/43649 (100.0%)
T=211469337.41 | W=100.4um | Current HPWL=1507200.50 um | Best HPWL=431210.20 um | Accept Rate=100.0% | Improvements: 100/500 (20.0%) | Refine: 105359/105359 (100.0%) | Explore: 45141/45141 (100.0%)
T=191249078.16 | W=100.4um | Current HPWL=1483496.73 um | Best HPWL=431210.20 um | Accept Rate=100.0% | Improvements: 118/500 (23.6%) | Refine: 108897/108897 (100.0%) | Explore: 46603/46603 (100.0%)
T=172962238.15 | W=100.4um | Current HPWL=1494629.31 um | Best HPWL=431210.20 um | Accept Rate=100.0% | Improvements: 122/500 (24.4%) | Refine: 112346/112346 (100.0%) | Explore: 48154/48154 (100.0%)
T=156423947.84 | W=100.4um | Current HPWL=1502752.69 um | Best HPWL=431210.20 um | Accept Rate=100.0% | Improvements: 113/500 (22.6%) | Refine: 115934/115934 (100.0%) | Explore: 49566/49566 (100.0%)
T=141467014.53 | W=100.4um | Current HPWL=1507783.69 um | Best HPWL=431210.20 um | Accept Rate=100.0% | Improvements: 92/500 (18.4%) | Refine: 119466/119466 (100.0%) | Explore: 51034/51034 (100.0%)
T=127940232.14 | W=100.4um | Current HPWL=1519440.76 um | Best HPWL=431210.20 um | Accept Rate=100.0% | Improvements: 113/500 (22.6%) | Refine: 122935/122935 (100.0%) | Explore: 52565/52565 (100.0%)
T=115706852.62 | W=100.4um | Current HPWL=1515666.43 um | Best HPWL=431210.20 um | Accept Rate=100.0% | Improvements: 114/500 (22.8%) | Refine: 126444/126444 (100.0%) | Explore: 54056/54056 (100.0%)
T=104643203.47 | W=100.4um | Current HPWL=1522427.92 um | Best HPWL=431210.20 um | Accept Rate=100.0% | Improvements: 111/500 (22.2%) | Refine: 129948/129948 (100.0%) | Explore: 55552/55552 (100.0%)
T=94637437.49 | W=100.4um | Current HPWL=1533199.05 um | Best HPWL=431210.20 um | Accept Rate=100.0% | Improvements: 124/500 (24.8%) | Refine: 133442/133442 (100.0%) | Explore: 57058/57058 (100.0%)
T=85588402.09 | W=100.4um | Current HPWL=1518043.81 um | Best HPWL=431210.20 um | Accept Rate=100.0% | Improvements: 117/500 (23.4%) | Refine: 136964/136964 (100.0%) | Explore: 58536/58536 (100.0%)
T=77404616.68 | W=100.4um | Current HPWL=1526315.25 um | Best HPWL=431210.20 um | Accept Rate=100.0% | Improvements: 133/500 (26.6%) | Refine: 140449/140449 (100.0%) | Explore: 60051/60051 (100.0%)
T=70003347.85 | W=100.4um | Current HPWL=1541956.81 um | Best HPWL=431210.20 um | Accept Rate=100.0% | Improvements: 100/500 (20.0%) | Refine: 143932/143932 (100.0%) | Explore: 61568/61568 (100.0%)
T=63309772.98 | W=100.4um | Current HPWL=1518373.56 um | Best HPWL=431210.20 um | Accept Rate=100.0% | Improvements: 118/500 (23.6%) | Refine: 147456/147456 (100.0%) | Explore: 63044/63044 (100.0%)
T=57256223.86 | W=100.4um | Current HPWL=1527511.76 um | Best HPWL=431210.20 um | Accept Rate=100.0% | Improvements: 93/500 (18.6%) | Refine: 150972/150972 (100.0%) | Explore: 64528/64528 (100.0%)
T=51781502.54 | W=100.4um | Current HPWL=1541069.02 um | Best HPWL=431210.20 um | Accept Rate=100.0% | Improvements: 113/500 (22.6%) | Refine: 154483/154483 (100.0%) | Explore: 66017/66017 (100.0%)
T=46830262.71 | W=100.4um | Current HPWL=1538657.89 um | Best HPWL=431210.20 um | Accept Rate=100.0% | Improvements: 122/500 (24.4%) | Refine: 157970/157970 (100.0%) | Explore: 67530/67530 (100.0%)
T=42352450.17 | W=100.4um | Current HPWL=1537038.70 um | Best HPWL=431210.20 um | Accept Rate=100.0% | Improvements: 118/500 (23.6%) | Refine: 161438/161438 (100.0%) | Explore: 69062/69062 (100.0%)
T=38302796.76 | W=100.4um | Current HPWL=1567126.39 um | Best HPWL=431210.20 um | Accept Rate=100.0% | Improvements: 108/500 (21.6%) | Refine: 164952/164952 (100.0%) | Explore: 70548/70548 (100.0%)
T=34640362.82 | W=100.4um | Current HPWL=1555831.19 um | Best HPWL=431210.20 um | Accept Rate=100.0% | Improvements: 102/500 (20.4%) | Refine: 168460/168460 (100.0%) | Explore: 72040/72040 (100.0%)
T=31328123.20 | W=100.4um | Current HPWL=1558101.73 um | Best HPWL=431210.20 um | Accept Rate=100.0% | Improvements: 109/500 (21.8%) | Refine: 171990/171990 (100.0%) | Explore: 73510/73510 (100.0%)
T=28332593.07 | W=100.4um | Current HPWL=1540391.76 um | Best HPWL=431210.20 um | Accept Rate=100.0% | Improvements: 125/500 (25.0%) | Refine: 175472/175472 (100.0%) | Explore: 75028/75028 (100.0%)
T=25623489.31 | W=100.4um | Current HPWL=1543015.12 um | Best HPWL=431210.20 um | Accept Rate=100.0% | Improvements: 126/500 (25.2%) | Refine: 178915/178915 (100.0%) | Explore: 76585/76585 (100.0%)
T=23173424.43 | W=100.4um | Current HPWL=1552259.59 um | Best HPWL=431210.20 um | Accept Rate=100.0% | Improvements: 114/500 (22.8%) | Refine: 182458/182458 (100.0%) | Explore: 78042/78042 (100.0%)
T=20957629.67 | W=100.4um | Current HPWL=1543601.56 um | Best HPWL=431210.20 um | Accept Rate=100.0% | Improvements: 109/500 (21.8%) | Refine: 185978/185978 (100.0%) | Explore: 79522/79522 (100.0%)
T=18953704.61 | W=100.4um | Current HPWL=1548303.15 um | Best HPWL=431210.20 um | Accept Rate=100.0% | Improvements: 125/500 (25.0%) | Refine: 189470/189470 (100.0%) | Explore: 81030/81030 (100.0%)
T=17141390.70 | W=100.4um | Current HPWL=1568761.84 um | Best HPWL=431210.20 um | Accept Rate=100.0% | Improvements: 105/500 (21.0%) | Refine: 192930/192930 (100.0%) | Explore: 82570/82570 (100.0%)
T=15502366.49 | W=100.4um | Current HPWL=1574203.59 um | Best HPWL=431210.20 um | Accept Rate=100.0% | Improvements: 109/500 (21.8%) | Refine: 196422/196422 (100.0%) | Explore: 84078/84078 (100.0%)
T=14020062.38 | W=100.4um | Current HPWL=1567947.82 um | Best HPWL=431210.20 um | Accept Rate=100.0% | Improvements: 129/500 (25.8%) | Refine: 199993/199993 (100.0%) | Explore: 85507/85507 (100.0%)
T=12679493.10 | W=100.4um | Current HPWL=1574990.66 um | Best HPWL=431210.20 um | Accept Rate=100.0% | Improvements: 106/500 (21.2%) | Refine: 203483/203483 (100.0%) | Explore: 87017/87017 (100.0%)
T=11467106.28 | W=100.4um | Current HPWL=1575612.14 um | Best HPWL=431210.20 um | Accept Rate=100.0% | Improvements: 119/500 (23.8%) | Refine: 206971/206971 (100.0%) | Explore: 88529/88529 (100.0%)
T=10370645.38 | W=100.4um | Current HPWL=1579100.60 um | Best HPWL=431210.20 um | Accept Rate=100.0% | Improvements: 122/500 (24.4%) | Refine: 210479/210479 (100.0%) | Explore: 90021/90021 (100.0%)
T=9379025.78 | W=100.4um | Current HPWL=1578809.43 um | Best HPWL=431210.20 um | Accept Rate=100.0% | Improvements: 107/500 (21.4%) | Refine: 213984/213984 (100.0%) | Explore: 91516/91516 (100.0%)
T=8482222.80 | W=100.4um | Current HPWL=1590180.61 um | Best HPWL=431210.20 um | Accept Rate=100.0% | Improvements: 127/500 (25.4%) | Refine: 217517/217517 (100.0%) | Explore: 92983/92983 (100.0%)
T=7671170.26 | W=100.4um | Current HPWL=1605941.59 um | Best HPWL=431210.20 um | Accept Rate=100.0% | Improvements: 103/500 (20.6%) | Refine: 221059/221059 (100.0%) | Explore: 94441/94441 (100.0%)
T=6937668.87 | W=100.4um | Current HPWL=1585177.65 um | Best HPWL=431210.20 um | Accept Rate=100.0% | Improvements: 130/500 (26.0%) | Refine: 224568/224569 (100.0%) | Explore: 95931/95931 (100.0%)
T=6274303.37 | W=100.4um | Current HPWL=1605935.82 um | Best HPWL=431210.20 um | Accept Rate=100.0% | Improvements: 117/500 (23.4%) | Refine: 228059/228060 (100.0%) | Explore: 97440/97440 (100.0%)
T=5674367.50 | W=100.4um | Current HPWL=1589532.49 um | Best HPWL=431210.20 um | Accept Rate=100.0% | Improvements: 124/500 (24.8%) | Refine: 231606/231607 (100.0%) | Explore: 98893/98893 (100.0%)
T=5131796.26 | W=100.4um | Current HPWL=1596440.20 um | Best HPWL=431210.20 um | Accept Rate=100.0% | Improvements: 105/500 (21.0%) | Refine: 235120/235121 (100.0%) | Explore: 100379/100379 (100.0%)
T=4641104.55 | W=100.4um | Current HPWL=1599241.97 um | Best HPWL=431210.20 um | Accept Rate=100.0% | Improvements: 108/500 (21.6%) | Refine: 238604/238605 (100.0%) | Explore: 101895/101895 (100.0%)
T=4197331.76 | W=100.4um | Current HPWL=1600854.69 um | Best HPWL=431210.20 um | Accept Rate=100.0% | Improvements: 109/500 (21.8%) | Refine: 242118/242119 (100.0%) | Explore: 103381/103381 (100.0%)
T=3795991.61 | W=100.4um | Current HPWL=1574926.19 um | Best HPWL=431210.20 um | Accept Rate=100.0% | Improvements: 115/500 (23.0%) | Refine: 245611/245613 (100.0%) | Explore: 104887/104887 (100.0%)
T=3433026.77 | W=100.4um | Current HPWL=1595267.90 um | Best HPWL=431210.20 um | Accept Rate=100.0% | Improvements: 114/500 (22.8%) | Refine: 249106/249108 (100.0%) | Explore: 106392/106392 (100.0%)
T=3104767.87 | W=100.4um | Current HPWL=1588939.24 um | Best HPWL=431210.20 um | Accept Rate=100.0% | Improvements: 109/500 (21.8%) | Refine: 252639/252641 (100.0%) | Explore: 107859/107859 (100.0%)
T=2807896.41 | W=100.4um | Current HPWL=1617992.92 um | Best HPWL=431210.20 um | Accept Rate=100.0% | Improvements: 119/500 (23.8%) | Refine: 256162/256164 (100.0%) | Explore: 109336/109336 (100.0%)
T=2539411.18 | W=100.4um | Current HPWL=1620868.37 um | Best HPWL=431210.20 um | Accept Rate=100.0% | Improvements: 119/500 (23.8%) | Refine: 259658/259660 (100.0%) | Explore: 110840/110840 (100.0%)
T=2296597.95 | W=100.4um | Current HPWL=1606598.91 um | Best HPWL=431210.20 um | Accept Rate=100.0% | Improvements: 110/500 (22.0%) | Refine: 263146/263148 (100.0%) | Explore: 112352/112352 (100.0%)
T=2077002.02 | W=100.4um | Current HPWL=1635154.30 um | Best HPWL=431210.20 um | Accept Rate=100.0% | Improvements: 111/500 (22.2%) | Refine: 266679/266681 (100.0%) | Explore: 113819/113819 (100.0%)
T=1878403.40 | W=100.4um | Current HPWL=1610844.88 um | Best HPWL=431210.20 um | Accept Rate=100.0% | Improvements: 128/500 (25.6%) | Refine: 270172/270174 (100.0%) | Explore: 115326/115326 (100.0%)
T=1698794.36 | W=100.4um | Current HPWL=1619799.56 um | Best HPWL=431210.20 um | Accept Rate=100.0% | Improvements: 122/500 (24.4%) | Refine: 273633/273635 (100.0%) | Explore: 116865/116865 (100.0%)
T=1536359.17 | W=100.4um | Current HPWL=1638049.47 um | Best HPWL=431210.20 um | Accept Rate=100.0% | Improvements: 115/500 (23.0%) | Refine: 277127/277129 (100.0%) | Explore: 118371/118371 (100.0%)
T=1389455.70 | W=100.4um | Current HPWL=1660262.83 um | Best HPWL=431210.20 um | Accept Rate=100.0% | Improvements: 104/500 (20.8%) | Refine: 280636/280639 (100.0%) | Explore: 119861/119861 (100.0%)
T=1256598.82 | W=100.4um | Current HPWL=1651805.72 um | Best HPWL=431210.20 um | Accept Rate=100.0% | Improvements: 121/500 (24.2%) | Refine: 284151/284154 (100.0%) | Explore: 121346/121346 (100.0%)
T=1136445.45 | W=100.4um | Current HPWL=1653072.46 um | Best HPWL=431210.20 um | Accept Rate=100.0% | Improvements: 117/500 (23.4%) | Refine: 287655/287659 (100.0%) | Explore: 122841/122841 (100.0%)
T=1027780.90 | W=100.4um | Current HPWL=1648675.03 um | Best HPWL=431210.20 um | Accept Rate=100.0% | Improvements: 104/500 (20.8%) | Refine: 291219/291223 (100.0%) | Explore: 124277/124277 (100.0%)
T=929506.62 | W=100.4um | Current HPWL=1664809.65 um | Best HPWL=431210.20 um | Accept Rate=100.0% | Improvements: 125/500 (25.0%) | Refine: 294669/294673 (100.0%) | Explore: 125827/125827 (100.0%)
T=840629.13 | W=100.4um | Current HPWL=1648812.73 um | Best HPWL=431210.20 um | Accept Rate=100.0% | Improvements: 125/500 (25.0%) | Refine: 298218/298222 (100.0%) | Explore: 127278/127278 (100.0%)
T=760249.91 | W=100.4um | Current HPWL=1667483.31 um | Best HPWL=431210.20 um | Accept Rate=100.0% | Improvements: 114/500 (22.8%) | Refine: 301675/301680 (100.0%) | Explore: 128820/128820 (100.0%)
T=687556.39 | W=100.4um | Current HPWL=1670776.73 um | Best HPWL=431210.20 um | Accept Rate=100.0% | Improvements: 114/500 (22.8%) | Refine: 305173/305178 (100.0%) | Explore: 130322/130322 (100.0%)
T=621813.68 | W=100.4um | Current HPWL=1659679.63 um | Best HPWL=431210.20 um | Accept Rate=100.0% | Improvements: 99/500 (19.8%) | Refine: 308629/308635 (100.0%) | Explore: 131865/131865 (100.0%)
T=562357.14 | W=100.4um | Current HPWL=1655160.40 um | Best HPWL=431210.20 um | Accept Rate=100.0% | Improvements: 129/500 (25.8%) | Refine: 312056/312062 (100.0%) | Explore: 133438/133438 (100.0%)
T=508585.72 | W=100.4um | Current HPWL=1662257.40 um | Best HPWL=431210.20 um | Accept Rate=100.0% | Improvements: 101/500 (20.2%) | Refine: 315576/315583 (100.0%) | Explore: 134917/134917 (100.0%)
T=459955.81 | W=100.4um | Current HPWL=1679546.38 um | Best HPWL=431210.20 um | Accept Rate=100.0% | Improvements: 114/500 (22.8%) | Refine: 319085/319092 (100.0%) | Explore: 136408/136408 (100.0%)
T=415975.79 | W=100.4um | Current HPWL=1660807.67 um | Best HPWL=431210.20 um | Accept Rate=100.0% | Improvements: 141/500 (28.2%) | Refine: 322569/322576 (100.0%) | Explore: 137924/137924 (100.0%)
T=376201.05 | W=100.4um | Current HPWL=1677066.84 um | Best HPWL=431210.20 um | Accept Rate=100.0% | Improvements: 107/500 (21.4%) | Refine: 326058/326065 (100.0%) | Explore: 139435/139435 (100.0%)
T=340229.48 | W=100.4um | Current HPWL=1688151.20 um | Best HPWL=431210.20 um | Accept Rate=100.0% | Improvements: 108/500 (21.6%) | Refine: 329513/329520 (100.0%) | Explore: 140979/140980 (100.0%)
T=307697.45 | W=100.4um | Current HPWL=1685709.11 um | Best HPWL=431210.20 um | Accept Rate=100.0% | Improvements: 115/500 (23.0%) | Refine: 332987/332996 (100.0%) | Explore: 142503/142504 (100.0%)
T=278276.06 | W=100.4um | Current HPWL=1683127.74 um | Best HPWL=431210.20 um | Accept Rate=99.8% | Improvements: 119/500 (23.8%) | Refine: 336498/336510 (100.0%) | Explore: 143989/143990 (100.0%)
T=251667.88 | W=100.4um | Current HPWL=1680580.94 um | Best HPWL=431210.20 um | Accept Rate=100.0% | Improvements: 127/500 (25.4%) | Refine: 340071/340083 (100.0%) | Explore: 145416/145417 (100.0%)
T=227603.92 | W=100.4um | Current HPWL=1685752.62 um | Best HPWL=431210.20 um | Accept Rate=99.6% | Improvements: 95/500 (19.0%) | Refine: 343561/343573 (100.0%) | Explore: 146924/146927 (100.0%)
T=205840.90 | W=100.4um | Current HPWL=1683356.35 um | Best HPWL=431210.20 um | Accept Rate=100.0% | Improvements: 122/500 (24.4%) | Refine: 347106/347121 (100.0%) | Explore: 148376/148379 (100.0%)
T=186158.82 | W=100.4um | Current HPWL=1687149.14 um | Best HPWL=431210.20 um | Accept Rate=100.0% | Improvements: 107/500 (21.4%) | Refine: 350585/350601 (100.0%) | Explore: 149896/149899 (100.0%)
T=168358.70 | W=100.4um | Current HPWL=1700152.27 um | Best HPWL=431210.20 um | Accept Rate=100.0% | Improvements: 118/500 (23.6%) | Refine: 354084/354101 (100.0%) | Explore: 151396/151399 (100.0%)
T=152260.59 | W=100.4um | Current HPWL=1698986.72 um | Best HPWL=431210.20 um | Accept Rate=100.0% | Improvements: 129/500 (25.8%) | Refine: 357568/357585 (100.0%) | Explore: 152912/152915 (100.0%)
T=137701.75 | W=100.4um | Current HPWL=1700067.13 um | Best HPWL=431210.20 um | Accept Rate=100.0% | Improvements: 132/500 (26.4%) | Refine: 361067/361084 (100.0%) | Explore: 154413/154416 (100.0%)
T=124534.99 | W=100.4um | Current HPWL=1694951.57 um | Best HPWL=431210.20 um | Accept Rate=100.0% | Improvements: 107/500 (21.4%) | Refine: 364567/364586 (100.0%) | Explore: 155911/155914 (100.0%)
T=112627.22 | W=100.4um | Current HPWL=1701150.70 um | Best HPWL=431210.20 um | Accept Rate=100.0% | Improvements: 117/500 (23.4%) | Refine: 368125/368148 (100.0%) | Explore: 157349/157352 (100.0%)
T=101858.04 | W=100.4um | Current HPWL=1688376.88 um | Best HPWL=431210.20 um | Accept Rate=100.0% | Improvements: 115/500 (23.0%) | Refine: 371665/371690 (100.0%) | Explore: 158806/158810 (100.0%)
T=92118.58 | W=100.4um | Current HPWL=1706951.45 um | Best HPWL=431210.20 um | Accept Rate=99.8% | Improvements: 102/500 (20.4%) | Refine: 375114/375143 (100.0%) | Explore: 160351/160357 (100.0%)
T=83310.39 | W=100.4um | Current HPWL=1709269.19 um | Best HPWL=431210.20 um | Accept Rate=99.8% | Improvements: 124/500 (24.8%) | Refine: 378601/378632 (100.0%) | Explore: 161862/161868 (100.0%)
T=75344.43 | W=100.4um | Current HPWL=1711148.63 um | Best HPWL=431210.20 um | Accept Rate=100.0% | Improvements: 102/500 (20.4%) | Refine: 382113/382144 (100.0%) | Explore: 163350/163356 (100.0%)
T=68140.15 | W=100.4um | Current HPWL=1720099.33 um | Best HPWL=431210.20 um | Accept Rate=100.0% | Improvements: 136/500 (27.2%) | Refine: 385656/385690 (100.0%) | Explore: 164804/164810 (100.0%)
T=61624.73 | W=100.4um | Current HPWL=1739080.32 um | Best HPWL=431210.20 um | Accept Rate=100.0% | Improvements: 114/500 (22.8%) | Refine: 389104/389139 (100.0%) | Explore: 166354/166361 (100.0%)
T=55732.30 | W=100.4um | Current HPWL=1706384.57 um | Best HPWL=431210.20 um | Accept Rate=100.0% | Improvements: 126/500 (25.2%) | Refine: 392638/392677 (100.0%) | Explore: 167816/167823 (100.0%)
T=50403.29 | W=100.4um | Current HPWL=1723096.34 um | Best HPWL=431210.20 um | Accept Rate=100.0% | Improvements: 107/500 (21.4%) | Refine: 396131/396173 (100.0%) | Explore: 169320/169327 (100.0%)
T=45583.84 | W=100.4um | Current HPWL=1715277.75 um | Best HPWL=431210.20 um | Accept Rate=99.6% | Improvements: 123/500 (24.6%) | Refine: 399667/399715 (100.0%) | Explore: 170778/170785 (100.0%)
T=41225.20 | W=100.4um | Current HPWL=1712182.83 um | Best HPWL=431210.20 um | Accept Rate=99.6% | Improvements: 133/500 (26.6%) | Refine: 403135/403192 (100.0%) | Explore: 172301/172308 (100.0%)
T=37283.34 | W=100.4um | Current HPWL=1691484.67 um | Best HPWL=431210.20 um | Accept Rate=99.8% | Improvements: 108/500 (21.6%) | Refine: 406608/406672 (100.0%) | Explore: 173819/173828 (100.0%)
T=33718.38 | W=100.4um | Current HPWL=1703169.19 um | Best HPWL=431210.20 um | Accept Rate=100.0% | Improvements: 114/500 (22.8%) | Refine: 410122/410188 (100.0%) | Explore: 175303/175312 (100.0%)
T=30494.30 | W=100.4um | Current HPWL=1721553.06 um | Best HPWL=431210.20 um | Accept Rate=100.0% | Improvements: 126/500 (25.2%) | Refine: 413615/413686 (100.0%) | Explore: 176803/176814 (100.0%)
T=27578.50 | W=100.4um | Current HPWL=1708517.82 um | Best HPWL=431210.20 um | Accept Rate=100.0% | Improvements: 121/500 (24.2%) | Refine: 417136/417210 (100.0%) | Explore: 178276/178290 (100.0%)
T=24941.50 | W=100.4um | Current HPWL=1731775.74 um | Best HPWL=431210.20 um | Accept Rate=99.8% | Improvements: 93/500 (18.6%) | Refine: 420613/420696 (100.0%) | Explore: 179790/179804 (100.0%)
T=22556.64 | W=100.4um | Current HPWL=1742115.61 um | Best HPWL=431210.20 um | Accept Rate=100.0% | Improvements: 105/500 (21.0%) | Refine: 424068/424159 (100.0%) | Explore: 181326/181341 (100.0%)
T=20399.82 | W=100.4um | Current HPWL=1738699.50 um | Best HPWL=431210.20 um | Accept Rate=99.4% | Improvements: 123/500 (24.6%) | Refine: 427583/427688 (100.0%) | Explore: 182794/182812 (100.0%)
T=18449.24 | W=100.4um | Current HPWL=1732087.26 um | Best HPWL=431210.20 um | Accept Rate=99.4% | Improvements: 124/500 (24.8%) | Refine: 431005/431119 (100.0%) | Explore: 184362/184381 (100.0%)
T=16685.16 | W=100.4um | Current HPWL=1733144.10 um | Best HPWL=431210.20 um | Accept Rate=99.8% | Improvements: 114/500 (22.8%) | Refine: 434529/434651 (100.0%) | Explore: 185829/185849 (100.0%)
T=15089.76 | W=100.4um | Current HPWL=1757795.14 um | Best HPWL=431210.20 um | Accept Rate=99.8% | Improvements: 121/500 (24.2%) | Refine: 437979/438111 (100.0%) | Explore: 187367/187389 (100.0%)
T=13646.91 | W=100.4um | Current HPWL=1736774.87 um | Best HPWL=431210.20 um | Accept Rate=99.8% | Improvements: 112/500 (22.4%) | Refine: 441454/441605 (100.0%) | Explore: 188869/188895 (100.0%)
T=12342.02 | W=100.4um | Current HPWL=1733655.70 um | Best HPWL=431210.20 um | Accept Rate=99.6% | Improvements: 132/500 (26.4%) | Refine: 444860/445029 (100.0%) | Explore: 190439/190471 (100.0%)
T=11161.90 | W=100.4um | Current HPWL=1742526.07 um | Best HPWL=431210.20 um | Accept Rate=99.2% | Improvements: 122/500 (24.4%) | Refine: 448358/448544 (100.0%) | Explore: 191920/191956 (100.0%)
T=10094.62 | W=100.4um | Current HPWL=1737462.96 um | Best HPWL=431210.20 um | Accept Rate=99.2% | Improvements: 114/500 (22.8%) | Refine: 451834/452041 (100.0%) | Explore: 193418/193459 (100.0%)
T=9129.40 | W=100.4um | Current HPWL=1754903.61 um | Best HPWL=431210.20 um | Accept Rate=99.0% | Improvements: 118/500 (23.6%) | Refine: 455300/455532 (99.9%) | Explore: 194923/194968 (100.0%)
T=8256.46 | W=100.4um | Current HPWL=1770549.60 um | Best HPWL=431210.20 um | Accept Rate=99.4% | Improvements: 125/500 (25.0%) | Refine: 458750/459006 (99.9%) | Explore: 196442/196494 (100.0%)
T=7467.00 | W=100.4um | Current HPWL=1752324.06 um | Best HPWL=431210.20 um | Accept Rate=99.2% | Improvements: 107/500 (21.4%) | Refine: 462245/462521 (99.9%) | Explore: 197923/197979 (100.0%)
T=6753.02 | W=100.4um | Current HPWL=1741907.29 um | Best HPWL=431210.20 um | Accept Rate=99.2% | Improvements: 113/500 (22.6%) | Refine: 465720/466026 (99.9%) | Explore: 199413/199474 (100.0%)
T=6107.31 | W=100.4um | Current HPWL=1743454.58 um | Best HPWL=431210.20 um | Accept Rate=99.4% | Improvements: 100/500 (20.0%) | Refine: 469164/469503 (99.9%) | Explore: 200935/200997 (100.0%)
T=5523.34 | W=100.4um | Current HPWL=1733371.01 um | Best HPWL=431210.20 um | Accept Rate=99.0% | Improvements: 117/500 (23.4%) | Refine: 472624/473002 (99.9%) | Explore: 202431/202498 (100.0%)
T=4995.21 | W=100.4um | Current HPWL=1741123.33 um | Best HPWL=431210.20 um | Accept Rate=99.0% | Improvements: 125/500 (25.0%) | Refine: 476091/476511 (99.9%) | Explore: 203913/203989 (100.0%)
T=4517.58 | W=100.4um | Current HPWL=1744086.55 um | Best HPWL=431210.20 um | Accept Rate=98.8% | Improvements: 130/500 (26.0%) | Refine: 479475/479948 (99.9%) | Explore: 205469/205552 (100.0%)
T=4085.62 | W=100.4um | Current HPWL=1722534.25 um | Best HPWL=431210.20 um | Accept Rate=98.2% | Improvements: 99/500 (19.8%) | Refine: 482913/483437 (99.9%) | Explore: 206965/207063 (100.0%)
T=3694.96 | W=100.4um | Current HPWL=1735069.87 um | Best HPWL=431210.20 um | Accept Rate=98.2% | Improvements: 125/500 (25.0%) | Refine: 486348/486936 (99.9%) | Explore: 208458/208564 (99.9%)
T=3341.65 | W=100.4um | Current HPWL=1711170.78 um | Best HPWL=431210.20 um | Accept Rate=98.6% | Improvements: 111/500 (22.2%) | Refine: 489773/490427 (99.9%) | Explore: 209958/210073 (99.9%)
T=3022.13 | W=100.4um | Current HPWL=1717277.27 um | Best HPWL=431210.20 um | Accept Rate=99.2% | Improvements: 108/500 (21.6%) | Refine: 493246/493963 (99.9%) | Explore: 211414/211537 (99.9%)
T=2733.16 | W=100.4um | Current HPWL=1726586.15 um | Best HPWL=431210.20 um | Accept Rate=98.2% | Improvements: 108/500 (21.6%) | Refine: 496636/497434 (99.8%) | Explore: 212934/213066 (99.9%)
T=2471.82 | W=100.4um | Current HPWL=1728974.00 um | Best HPWL=431210.20 um | Accept Rate=98.4% | Improvements: 101/500 (20.2%) | Refine: 500034/500936 (99.8%) | Explore: 214418/214564 (99.9%)
T=2235.47 | W=100.4um | Current HPWL=1720919.66 um | Best HPWL=431210.20 um | Accept Rate=97.4% | Improvements: 111/500 (22.2%) | Refine: 503394/504408 (99.8%) | Explore: 215927/216092 (99.9%)
T=2021.72 | W=100.4um | Current HPWL=1707979.23 um | Best HPWL=431210.20 um | Accept Rate=95.6% | Improvements: 110/500 (22.0%) | Refine: 506784/507904 (99.8%) | Explore: 217415/217596 (99.9%)
T=1828.41 | W=100.4um | Current HPWL=1716502.05 um | Best HPWL=431210.20 um | Accept Rate=97.4% | Improvements: 114/500 (22.8%) | Refine: 510186/511412 (99.8%) | Explore: 218890/219088 (99.9%)
T=1653.58 | W=100.4um | Current HPWL=1688036.29 um | Best HPWL=431210.20 um | Accept Rate=97.2% | Improvements: 115/500 (23.0%) | Refine: 513568/514926 (99.7%) | Explore: 220352/220574 (99.9%)
T=1495.47 | W=100.4um | Current HPWL=1686644.56 um | Best HPWL=431210.20 um | Accept Rate=96.4% | Improvements: 132/500 (26.4%) | Refine: 516893/518398 (99.7%) | Explore: 221855/222102 (99.9%)
T=1352.47 | W=100.4um | Current HPWL=1685653.10 um | Best HPWL=431210.20 um | Accept Rate=95.2% | Improvements: 107/500 (21.4%) | Refine: 520236/521915 (99.7%) | Explore: 223305/223585 (99.9%)
T=1223.15 | W=100.4um | Current HPWL=1694162.15 um | Best HPWL=431210.20 um | Accept Rate=95.8% | Improvements: 98/500 (19.6%) | Refine: 523518/525382 (99.6%) | Explore: 224809/225118 (99.9%)
T=1106.20 | W=100.4um | Current HPWL=1675889.82 um | Best HPWL=431210.20 um | Accept Rate=94.4% | Improvements: 100/500 (20.0%) | Refine: 526859/528913 (99.6%) | Explore: 226250/226587 (99.9%)
T=1000.43 | W=100.4um | Current HPWL=1650044.73 um | Best HPWL=431210.20 um | Accept Rate=93.0% | Improvements: 112/500 (22.4%) | Refine: 530133/532422 (99.6%) | Explore: 227715/228078 (99.8%)
T=904.77 | W=100.4um | Current HPWL=1629936.24 um | Best HPWL=431210.20 um | Accept Rate=93.6% | Improvements: 91/500 (18.2%) | Refine: 533387/535933 (99.5%) | Explore: 229162/229567 (99.8%)
T=818.26 | W=100.4um | Current HPWL=1626048.41 um | Best HPWL=431210.20 um | Accept Rate=94.4% | Improvements: 113/500 (22.6%) | Refine: 536631/539440 (99.5%) | Explore: 230612/231060 (99.8%)
T=740.02 | W=100.4um | Current HPWL=1603829.40 um | Best HPWL=431210.20 um | Accept Rate=93.2% | Improvements: 116/500 (23.2%) | Refine: 539848/542940 (99.4%) | Explore: 232084/232560 (99.8%)
T=669.26 | W=100.4um | Current HPWL=1597087.15 um | Best HPWL=431210.20 um | Accept Rate=92.4% | Improvements: 91/500 (18.2%) | Refine: 543029/546436 (99.4%) | Explore: 233530/234064 (99.8%)
T=605.26 | W=100.4um | Current HPWL=1582702.54 um | Best HPWL=431210.20 um | Accept Rate=92.4% | Improvements: 88/500 (17.6%) | Refine: 546169/549913 (99.3%) | Explore: 234983/235587 (99.7%)
T=547.39 | W=100.4um | Current HPWL=1579543.92 um | Best HPWL=431210.20 um | Accept Rate=91.0% | Improvements: 95/500 (19.0%) | Refine: 549302/553435 (99.3%) | Explore: 236411/237065 (99.7%)
T=495.05 | W=100.4um | Current HPWL=1536066.07 um | Best HPWL=431210.20 um | Accept Rate=89.8% | Improvements: 98/500 (19.6%) | Refine: 552358/556873 (99.2%) | Explore: 237909/238627 (99.7%)
T=447.71 | W=100.4um | Current HPWL=1505008.71 um | Best HPWL=431210.20 um | Accept Rate=88.4% | Improvements: 112/500 (22.4%) | Refine: 555436/560409 (99.1%) | Explore: 239307/240091 (99.7%)
T=404.90 | W=100.4um | Current HPWL=1491749.56 um | Best HPWL=431210.20 um | Accept Rate=87.6% | Improvements: 103/500 (20.6%) | Refine: 558459/563909 (99.0%) | Explore: 240727/241591 (99.6%)
T=366.19 | W=100.4um | Current HPWL=1470297.71 um | Best HPWL=431210.20 um | Accept Rate=87.0% | Improvements: 83/500 (16.6%) | Refine: 561484/567395 (99.0%) | Explore: 242144/243105 (99.6%)
T=331.17 | W=100.4um | Current HPWL=1440098.40 um | Best HPWL=431210.20 um | Accept Rate=86.8% | Improvements: 84/500 (16.8%) | Refine: 564483/570922 (98.9%) | Explore: 243508/244578 (99.6%)
T=299.51 | W=100.4um | Current HPWL=1421950.78 um | Best HPWL=431210.20 um | Accept Rate=87.0% | Improvements: 79/500 (15.8%) | Refine: 567397/574444 (98.8%) | Explore: 244876/246056 (99.5%)
T=270.87 | W=100.4um | Current HPWL=1394135.26 um | Best HPWL=431210.20 um | Accept Rate=84.6% | Improvements: 75/500 (15.0%) | Refine: 570308/577923 (98.7%) | Explore: 246264/247577 (99.5%)
T=244.97 | W=100.4um | Current HPWL=1373083.46 um | Best HPWL=431210.20 um | Accept Rate=84.2% | Improvements: 85/500 (17.0%) | Refine: 573197/581432 (98.6%) | Explore: 247627/249068 (99.4%)
T=221.55 | W=100.4um | Current HPWL=1347143.47 um | Best HPWL=431210.20 um | Accept Rate=83.6% | Improvements: 83/500 (16.6%) | Refine: 576025/584947 (98.5%) | Explore: 248994/250553 (99.4%)
T=200.36 | W=100.4um | Current HPWL=1324715.80 um | Best HPWL=431210.20 um | Accept Rate=79.8% | Improvements: 74/500 (14.8%) | Refine: 578782/588425 (98.4%) | Explore: 250348/252075 (99.3%)
T=181.20 | W=100.4um | Current HPWL=1292140.39 um | Best HPWL=431210.20 um | Accept Rate=80.8% | Improvements: 69/500 (13.8%) | Refine: 581577/591903 (98.3%) | Explore: 251716/253597 (99.3%)
T=163.88 | W=100.4um | Current HPWL=1275313.41 um | Best HPWL=431210.20 um | Accept Rate=81.0% | Improvements: 60/500 (12.0%) | Refine: 584380/595416 (98.1%) | Explore: 253023/255084 (99.2%)
T=148.21 | W=100.4um | Current HPWL=1244028.40 um | Best HPWL=431210.20 um | Accept Rate=77.4% | Improvements: 71/500 (14.2%) | Refine: 587163/598922 (98.0%) | Explore: 254293/256578 (99.1%)
T=134.04 | W=100.4um | Current HPWL=1216318.58 um | Best HPWL=431210.20 um | Accept Rate=80.4% | Improvements: 78/500 (15.6%) | Refine: 589862/602451 (97.9%) | Explore: 255556/258049 (99.0%)
T=121.22 | W=100.4um | Current HPWL=1196310.74 um | Best HPWL=431210.20 um | Accept Rate=75.4% | Improvements: 65/500 (13.0%) | Refine: 592539/605910 (97.8%) | Explore: 256886/259590 (99.0%)
T=109.63 | W=100.4um | Current HPWL=1174146.33 um | Best HPWL=431210.20 um | Accept Rate=83.2% | Improvements: 63/500 (12.6%) | Refine: 595253/609409 (97.7%) | Explore: 258161/261091 (98.9%)
T=99.15 | W=100.4um | Current HPWL=1154086.79 um | Best HPWL=431210.20 um | Accept Rate=75.4% | Improvements: 73/500 (14.6%) | Refine: 597846/612855 (97.6%) | Explore: 259414/262645 (98.8%)
T=89.67 | W=100.4um | Current HPWL=1132602.54 um | Best HPWL=431210.20 um | Accept Rate=77.2% | Improvements: 63/500 (12.6%) | Refine: 600473/616335 (97.4%) | Explore: 260650/264165 (98.7%)
T=81.09 | W=100.4um | Current HPWL=1106723.95 um | Best HPWL=431210.20 um | Accept Rate=76.2% | Improvements: 60/500 (12.0%) | Refine: 603096/619856 (97.3%) | Explore: 261832/265644 (98.6%)
T=73.34 | W=100.4um | Current HPWL=1085404.14 um | Best HPWL=431210.20 um | Accept Rate=79.0% | Improvements: 75/500 (15.0%) | Refine: 605715/623343 (97.2%) | Explore: 263028/267157 (98.5%)
T=66.33 | W=100.4um | Current HPWL=1065141.98 um | Best HPWL=431210.20 um | Accept Rate=75.0% | Improvements: 58/500 (11.6%) | Refine: 608369/626875 (97.0%) | Explore: 264153/268625 (98.3%)
T=59.98 | W=100.4um | Current HPWL=1042616.06 um | Best HPWL=431210.20 um | Accept Rate=73.4% | Improvements: 52/500 (10.4%) | Refine: 610929/630336 (96.9%) | Explore: 265296/270164 (98.2%)
T=54.25 | W=100.4um | Current HPWL=1024234.80 um | Best HPWL=431210.20 um | Accept Rate=73.8% | Improvements: 63/500 (12.6%) | Refine: 613549/633839 (96.8%) | Explore: 266397/271661 (98.1%)
T=49.06 | W=100.4um | Current HPWL=999518.14 um | Best HPWL=431210.20 um | Accept Rate=72.4% | Improvements: 67/500 (13.4%) | Refine: 616168/637375 (96.7%) | Explore: 267451/273125 (97.9%)
T=44.37 | W=100.4um | Current HPWL=976500.62 um | Best HPWL=431210.20 um | Accept Rate=72.8% | Improvements: 54/500 (10.8%) | Refine: 618768/640880 (96.5%) | Explore: 268537/274620 (97.8%)
T=40.13 | W=100.4um | Current HPWL=956351.92 um | Best HPWL=431210.20 um | Accept Rate=71.0% | Improvements: 56/500 (11.2%) | Refine: 621296/644362 (96.4%) | Explore: 269596/276138 (97.6%)
T=36.29 | W=100.4um | Current HPWL=938339.68 um | Best HPWL=431210.20 um | Accept Rate=71.8% | Improvements: 55/500 (11.0%) | Refine: 623859/647887 (96.3%) | Explore: 270603/277613 (97.5%)
T=32.82 | W=100.4um | Current HPWL=916853.72 um | Best HPWL=431210.20 um | Accept Rate=71.6% | Improvements: 67/500 (13.4%) | Refine: 626388/651348 (96.2%) | Explore: 271626/279152 (97.3%)
T=29.68 | W=100.4um | Current HPWL=897504.10 um | Best HPWL=431210.20 um | Accept Rate=70.2% | Improvements: 64/500 (12.8%) | Refine: 628938/654853 (96.0%) | Explore: 272584/280647 (97.1%)
T=26.84 | W=100.4um | Current HPWL=881101.79 um | Best HPWL=431210.20 um | Accept Rate=74.0% | Improvements: 52/500 (10.4%) | Refine: 631523/658379 (95.9%) | Explore: 273532/282121 (97.0%)
T=24.28 | W=100.4um | Current HPWL=862950.39 um | Best HPWL=431210.20 um | Accept Rate=70.8% | Improvements: 50/500 (10.0%) | Refine: 634061/661864 (95.8%) | Explore: 274465/283636 (96.8%)
T=21.96 | W=100.4um | Current HPWL=846566.03 um | Best HPWL=431210.20 um | Accept Rate=69.6% | Improvements: 60/500 (12.0%) | Refine: 636642/665396 (95.7%) | Explore: 275355/285104 (96.6%)
T=19.86 | W=100.4um | Current HPWL=829149.97 um | Best HPWL=431210.20 um | Accept Rate=66.2% | Improvements: 44/500 (8.8%) | Refine: 639168/668901 (95.6%) | Explore: 276199/286599 (96.4%)
T=17.96 | W=100.4um | Current HPWL=812241.61 um | Best HPWL=431210.20 um | Accept Rate=69.2% | Improvements: 44/500 (8.8%) | Refine: 641720/672408 (95.4%) | Explore: 277054/288092 (96.2%)
T=16.24 | W=100.4um | Current HPWL=797365.89 um | Best HPWL=431210.20 um | Accept Rate=65.0% | Improvements: 47/500 (9.4%) | Refine: 644281/675923 (95.3%) | Explore: 277859/289577 (96.0%)
T=14.69 | W=100.4um | Current HPWL=780161.15 um | Best HPWL=431210.20 um | Accept Rate=66.4% | Improvements: 58/500 (11.6%) | Refine: 646817/679405 (95.2%) | Explore: 278665/291095 (95.7%)
T=13.28 | W=100.4um | Current HPWL=763528.17 um | Best HPWL=431210.20 um | Accept Rate=66.4% | Improvements: 46/500 (9.2%) | Refine: 649383/682942 (95.1%) | Explore: 279454/292558 (95.5%)
T=12.01 | W=100.4um | Current HPWL=748042.45 um | Best HPWL=431210.20 um | Accept Rate=65.4% | Improvements: 39/500 (7.8%) | Refine: 651945/686472 (95.0%) | Explore: 280179/294028 (95.3%)
T=10.86 | W=100.4um | Current HPWL=733212.21 um | Best HPWL=431210.20 um | Accept Rate=66.6% | Improvements: 49/500 (9.8%) | Refine: 654433/689975 (94.8%) | Explore: 280942/295525 (95.1%)
T=9.83 | W=100.4um | Current HPWL=718370.73 um | Best HPWL=431210.20 um | Accept Rate=64.6% | Improvements: 53/500 (10.6%) | Refine: 656930/693435 (94.7%) | Explore: 281647/297065 (94.8%)
T=8.89 | W=100.4um | Current HPWL=703697.57 um | Best HPWL=431210.20 um | Accept Rate=65.8% | Improvements: 54/500 (10.8%) | Refine: 659366/696922 (94.6%) | Explore: 282380/298578 (94.6%)
T=8.04 | W=100.4um | Current HPWL=691941.93 um | Best HPWL=431210.20 um | Accept Rate=65.8% | Improvements: 30/500 (6.0%) | Refine: 661920/700461 (94.5%) | Explore: 283062/300039 (94.3%)
T=7.27 | W=100.4um | Current HPWL=678082.75 um | Best HPWL=431210.20 um | Accept Rate=63.8% | Improvements: 46/500 (9.2%) | Refine: 664404/703894 (94.4%) | Explore: 283769/301606 (94.1%)
T=6.57 | W=100.4um | Current HPWL=666846.81 um | Best HPWL=431210.20 um | Accept Rate=63.6% | Improvements: 42/500 (8.4%) | Refine: 666873/707357 (94.3%) | Explore: 284444/303143 (93.8%)
T=5.94 | W=100.4um | Current HPWL=653436.11 um | Best HPWL=431210.20 um | Accept Rate=61.8% | Improvements: 36/500 (7.2%) | Refine: 669389/710853 (94.2%) | Explore: 285090/304647 (93.6%)
T=5.38 | W=100.4um | Current HPWL=642587.89 um | Best HPWL=431210.20 um | Accept Rate=64.6% | Improvements: 31/500 (6.2%) | Refine: 671882/714333 (94.1%) | Explore: 285722/306167 (93.3%)
T=4.86 | W=100.4um | Current HPWL=632984.95 um | Best HPWL=431210.20 um | Accept Rate=64.2% | Improvements: 40/500 (8.0%) | Refine: 674386/717843 (93.9%) | Explore: 286314/307657 (93.1%)
T=4.40 | W=100.4um | Current HPWL=623576.95 um | Best HPWL=431210.20 um | Accept Rate=60.6% | Improvements: 35/500 (7.0%) | Refine: 676855/721354 (93.8%) | Explore: 286854/309146 (92.8%)
T=3.98 | W=100.4um | Current HPWL=613780.65 um | Best HPWL=431210.20 um | Accept Rate=59.4% | Improvements: 32/500 (6.4%) | Refine: 679402/724900 (93.7%) | Explore: 287411/310600 (92.5%)
T=3.60 | W=100.4um | Current HPWL=604638.27 um | Best HPWL=431210.20 um | Accept Rate=61.0% | Improvements: 46/500 (9.2%) | Refine: 681865/728370 (93.6%) | Explore: 287994/312130 (92.3%)
T=3.25 | W=100.4um | Current HPWL=595670.37 um | Best HPWL=431210.20 um | Accept Rate=61.8% | Improvements: 35/500 (7.0%) | Refine: 684385/731889 (93.5%) | Explore: 288524/313611 (92.0%)
T=2.94 | W=100.4um | Current HPWL=587987.17 um | Best HPWL=431210.20 um | Accept Rate=60.0% | Improvements: 37/500 (7.4%) | Refine: 686911/735432 (93.4%) | Explore: 289054/315068 (91.7%)
T=2.66 | W=100.4um | Current HPWL=579941.65 um | Best HPWL=431210.20 um | Accept Rate=59.4% | Improvements: 27/500 (5.4%) | Refine: 689456/738960 (93.3%) | Explore: 289564/316540 (91.5%)
T=2.41 | W=100.4um | Current HPWL=572121.11 um | Best HPWL=431210.20 um | Accept Rate=59.0% | Improvements: 38/500 (7.6%) | Refine: 691959/742463 (93.2%) | Explore: 290072/318037 (91.2%)
T=2.18 | W=100.4um | Current HPWL=564183.95 um | Best HPWL=431210.20 um | Accept Rate=63.0% | Improvements: 29/500 (5.8%) | Refine: 694486/745960 (93.1%) | Explore: 290605/319540 (90.9%)
T=1.97 | W=100.4um | Current HPWL=557215.87 um | Best HPWL=431210.20 um | Accept Rate=55.8% | Improvements: 31/500 (6.2%) | Refine: 696932/749419 (93.0%) | Explore: 291114/321081 (90.7%)
T=1.78 | W=100.4um | Current HPWL=551203.69 um | Best HPWL=431210.20 um | Accept Rate=61.2% | Improvements: 29/500 (5.8%) | Refine: 699460/752913 (92.9%) | Explore: 291597/322587 (90.4%)
T=1.61 | W=100.4um | Current HPWL=544594.83 um | Best HPWL=431210.20 um | Accept Rate=56.4% | Improvements: 22/500 (4.4%) | Refine: 701934/756362 (92.8%) | Explore: 292114/324138 (90.1%)
T=1.46 | W=100.4um | Current HPWL=537994.67 um | Best HPWL=431210.20 um | Accept Rate=57.6% | Improvements: 28/500 (5.6%) | Refine: 704447/759869 (92.7%) | Explore: 292587/325631 (89.9%)
T=1.32 | W=100.4um | Current HPWL=531283.87 um | Best HPWL=431210.20 um | Accept Rate=56.4% | Improvements: 27/500 (5.4%) | Refine: 706898/763322 (92.6%) | Explore: 293071/327178 (89.6%)
T=1.19 | W=100.4um | Current HPWL=524521.36 um | Best HPWL=431210.20 um | Accept Rate=59.8% | Improvements: 29/500 (5.8%) | Refine: 709407/766847 (92.5%) | Explore: 293541/328653 (89.3%)
T=1.08 | W=100.4um | Current HPWL=518206.02 um | Best HPWL=431210.20 um | Accept Rate=56.6% | Improvements: 23/500 (4.6%) | Refine: 711911/770306 (92.4%) | Explore: 294003/330194 (89.0%)
T=0.97 | W=100.4um | Current HPWL=511430.30 um | Best HPWL=431210.20 um | Accept Rate=59.6% | Improvements: 29/500 (5.8%) | Refine: 714378/773777 (92.3%) | Explore: 294492/331723 (88.8%)
T=0.88 | W=100.4um | Current HPWL=505797.34 um | Best HPWL=431210.20 um | Accept Rate=56.2% | Improvements: 22/500 (4.4%) | Refine: 716890/777331 (92.2%) | Explore: 294918/333169 (88.5%)
T=0.80 | W=100.4um | Current HPWL=500623.94 um | Best HPWL=431210.20 um | Accept Rate=52.8% | Improvements: 21/500 (4.2%) | Refine: 719372/780799 (92.1%) | Explore: 295341/334701 (88.2%)
T=0.72 | W=100.4um | Current HPWL=495567.16 um | Best HPWL=431210.20 um | Accept Rate=57.0% | Improvements: 25/500 (5.0%) | Refine: 721830/784291 (92.0%) | Explore: 295786/336209 (88.0%)
T=0.65 | W=100.4um | Current HPWL=490529.72 um | Best HPWL=431210.20 um | Accept Rate=62.0% | Improvements: 30/500 (6.0%) | Refine: 724346/787753 (92.0%) | Explore: 296241/337747 (87.7%)
T=0.59 | W=100.4um | Current HPWL=485337.14 um | Best HPWL=431210.20 um | Accept Rate=62.4% | Improvements: 22/500 (4.4%) | Refine: 726849/791243 (91.9%) | Explore: 296701/339257 (87.5%)
T=0.53 | W=100.4um | Current HPWL=479714.94 um | Best HPWL=431210.20 um | Accept Rate=57.0% | Improvements: 25/500 (5.0%) | Refine: 729310/794692 (91.8%) | Explore: 297188/340808 (87.2%)
T=0.48 | W=100.4um | Current HPWL=474461.76 um | Best HPWL=431210.20 um | Accept Rate=56.6% | Improvements: 29/500 (5.8%) | Refine: 731758/798125 (91.7%) | Explore: 297663/342375 (86.9%)
T=0.44 | W=100.4um | Current HPWL=469695.46 um | Best HPWL=431210.20 um | Accept Rate=58.2% | Improvements: 25/500 (5.0%) | Refine: 734266/801587 (91.6%) | Explore: 298111/343913 (86.7%)
T=0.39 | W=100.4um | Current HPWL=465410.36 um | Best HPWL=431210.20 um | Accept Rate=59.6% | Improvements: 21/500 (4.2%) | Refine: 736779/805117 (91.5%) | Explore: 298524/345383 (86.4%)
T=0.36 | W=100.4um | Current HPWL=461521.96 um | Best HPWL=431210.20 um | Accept Rate=58.4% | Improvements: 10/500 (2.0%) | Refine: 739320/808663 (91.4%) | Explore: 298910/346837 (86.2%)
T=0.32 | W=100.4um | Current HPWL=457645.68 um | Best HPWL=431210.20 um | Accept Rate=55.8% | Improvements: 19/500 (3.8%) | Refine: 741845/812219 (91.3%) | Explore: 299292/348281 (85.9%)
T=0.29 | W=100.4um | Current HPWL=452793.12 um | Best HPWL=431210.20 um | Accept Rate=61.6% | Improvements: 30/500 (6.0%) | Refine: 744366/815729 (91.3%) | Explore: 299714/349771 (85.7%)
T=0.26 | W=100.4um | Current HPWL=449307.16 um | Best HPWL=431210.20 um | Accept Rate=61.6% | Improvements: 14/500 (2.8%) | Refine: 746853/819222 (91.2%) | Explore: 300109/351278 (85.4%)
T=0.24 | W=100.4um | Current HPWL=445880.74 um | Best HPWL=431210.20 um | Accept Rate=56.0% | Improvements: 17/500 (3.4%) | Refine: 749288/822721 (91.1%) | Explore: 300493/352779 (85.2%)
T=0.22 | W=100.4um | Current HPWL=441828.34 um | Best HPWL=431210.20 um | Accept Rate=56.0% | Improvements: 16/500 (3.2%) | Refine: 751790/826224 (91.0%) | Explore: 300877/354276 (84.9%)
T=0.20 | W=100.4um | Current HPWL=437604.66 um | Best HPWL=431210.20 um | Accept Rate=57.2% | Improvements: 28/500 (5.6%) | Refine: 754255/829709 (90.9%) | Explore: 301271/355791 (84.7%)
T=0.18 | W=100.4um | Current HPWL=433294.30 um | Best HPWL=431210.20 um | Accept Rate=60.6% | Improvements: 17/500 (3.4%) | Refine: 756725/833196 (90.8%) | Explore: 301675/357304 (84.4%)
  → Found improvement! New best HPWL: 430498.68 um (improvement: -4.60 um)
  → Found improvement! New best HPWL: 430477.36 um (improvement: -21.32 um)
  → Found improvement! New best HPWL: 430470.64 um (improvement: -6.72 um)
  → Found improvement! New best HPWL: 430469.38 um (improvement: -1.26 um)
  → Found improvement! New best HPWL: 430427.98 um (improvement: -41.40 um)
  → Found improvement! New best HPWL: 430410.20 um (improvement: -17.78 um)
  → Found improvement! New best HPWL: 430393.48 um (improvement: -16.72 um)
  → Found improvement! New best HPWL: 430389.40 um (improvement: -4.08 um)
  → Found improvement! New best HPWL: 430380.32 um (improvement: -9.08 um)
  → Found improvement! New best HPWL: 430328.80 um (improvement: -51.52 um)
  → Found improvement! New best HPWL: 430313.94 um (improvement: -14.86 um)
  → Found improvement! New best HPWL: 430280.94 um (improvement: -33.00 um)
  → Found improvement! New best HPWL: 430253.34 um (improvement: -27.60 um)
T=0.16 | W=100.4um | Current HPWL=430253.34 um | Best HPWL=430253.34 um | Accept Rate=57.4% | Improvements: 13/500 (2.6%) | Refine: 759258/836750 (90.7%) | Explore: 302038/358750 (84.2%)
  → Found improvement! New best HPWL: 427030.36 um (improvement: -10.88 um)
  → Found improvement! New best HPWL: 426943.76 um (improvement: -86.60 um)
  → Found improvement! New best HPWL: 426922.84 um (improvement: -20.92 um)
  → Found improvement! New best HPWL: 426921.74 um (improvement: -1.10 um)
  → Found improvement! New best HPWL: 426870.70 um (improvement: -51.04 um)
  → Found improvement! New best HPWL: 426858.06 um (improvement: -12.64 um)
  → Found improvement! New best HPWL: 426852.62 um (improvement: -5.44 um)
  → Found improvement! New best HPWL: 426841.74 um (improvement: -10.88 um)
  → Found improvement! New best HPWL: 426799.44 um (improvement: -42.30 um)
  → Found improvement! New best HPWL: 426785.84 um (improvement: -13.60 um)
  → Found improvement! New best HPWL: 426783.12 um (improvement: -2.72 um)
T=0.14 | W=100.4um | Current HPWL=426783.12 um | Best HPWL=426783.12 um | Accept Rate=54.8% | Improvements: 12/500 (2.4%) | Refine: 761697/840189 (90.7%) | Explore: 302411/360311 (83.9%)
  → Found improvement! New best HPWL: 423518.18 um (improvement: -4.60 um)
  → Found improvement! New best HPWL: 423503.12 um (improvement: -15.06 um)
  → Found improvement! New best HPWL: 423492.24 um (improvement: -10.88 um)
  → Found improvement! New best HPWL: 423469.86 um (improvement: -22.38 um)
  → Found improvement! New best HPWL: 423464.80 um (improvement: -5.06 um)
  → Found improvement! New best HPWL: 423451.26 um (improvement: -13.54 um)
  → Found improvement! New best HPWL: 423407.74 um (improvement: -43.52 um)
  → Found improvement! New best HPWL: 423406.36 um (improvement: -1.38 um)
  → Found improvement! New best HPWL: 423404.98 um (improvement: -1.38 um)
  → Found improvement! New best HPWL: 423402.26 um (improvement: -2.72 um)
  → Found improvement! New best HPWL: 423385.94 um (improvement: -16.32 um)
  → Found improvement! New best HPWL: 423336.58 um (improvement: -49.36 um)
  → Found improvement! New best HPWL: 423336.58 um (improvement: -0.00 um)
  → Found improvement! New best HPWL: 423296.24 um (improvement: -40.34 um)
  → Found improvement! New best HPWL: 423265.50 um (improvement: -30.74 um)
  → Found improvement! New best HPWL: 423232.46 um (improvement: -33.04 um)
  → Found improvement! New best HPWL: 423215.90 um (improvement: -16.56 um)
  → Found improvement! New best HPWL: 423214.14 um (improvement: -1.76 um)
  → Found improvement! New best HPWL: 423209.54 um (improvement: -4.60 um)
  → Found improvement! New best HPWL: 423183.30 um (improvement: -26.24 um)
  → Found improvement! New best HPWL: 423177.86 um (improvement: -5.44 um)
  → Found improvement! New best HPWL: 423159.66 um (improvement: -18.20 um)
  → Found improvement! New best HPWL: 423144.60 um (improvement: -15.06 um)
  → Found improvement! New best HPWL: 423123.68 um (improvement: -20.92 um)
  → Found improvement! New best HPWL: 423123.68 um (improvement: 0.00 um)
  → Found improvement! New best HPWL: 423107.76 um (improvement: -15.92 um)
T=0.13 | W=100.4um | Current HPWL=423107.76 um | Best HPWL=423107.76 um | Accept Rate=57.8% | Improvements: 25/500 (5.0%) | Refine: 764196/843720 (90.6%) | Explore: 302791/361780 (83.7%)
  → Found improvement! New best HPWL: 420552.96 um (improvement: -11.38 um)
  → Found improvement! New best HPWL: 420541.46 um (improvement: -11.50 um)
  → Found improvement! New best HPWL: 420523.24 um (improvement: -18.22 um)
  → Found improvement! New best HPWL: 420520.94 um (improvement: -2.30 um)
  → Found improvement! New best HPWL: 420518.22 um (improvement: -2.72 um)
  → Found improvement! New best HPWL: 420497.52 um (improvement: -20.70 um)
  → Found improvement! New best HPWL: 420486.96 um (improvement: -10.56 um)
  → Found improvement! New best HPWL: 420478.38 um (improvement: -8.58 um)
  → Found improvement! New best HPWL: 420472.94 um (improvement: -5.44 um)
  → Found improvement! New best HPWL: 420472.94 um (improvement: 0.00 um)
  → Found improvement! New best HPWL: 420432.14 um (improvement: -40.80 um)
  → Found improvement! New best HPWL: 420421.48 um (improvement: -10.66 um)
  → Found improvement! New best HPWL: 420419.18 um (improvement: -2.30 um)
  → Found improvement! New best HPWL: 420383.06 um (improvement: -36.12 um)
  → Found improvement! New best HPWL: 420333.70 um (improvement: -49.36 um)
  → Found improvement! New best HPWL: 420328.30 um (improvement: -5.40 um)
  → Found improvement! New best HPWL: 420306.54 um (improvement: -21.76 um)
  → Found improvement! New best HPWL: 420306.14 um (improvement: -0.40 um)
  → Found improvement! New best HPWL: 420300.70 um (improvement: -5.44 um)
  → Found improvement! New best HPWL: 420251.74 um (improvement: -48.96 um)
  → Found improvement! New best HPWL: 420238.16 um (improvement: -13.58 um)
  → Found improvement! New best HPWL: 420200.08 um (improvement: -38.08 um)
  → Found improvement! New best HPWL: 420139.84 um (improvement: -60.24 um)
  → Found improvement! New best HPWL: 420122.92 um (improvement: -16.92 um)
  → Found improvement! New best HPWL: 420122.40 um (improvement: -0.52 um)
  → Found improvement! New best HPWL: 420115.50 um (improvement: -6.90 um)
  → Found improvement! New best HPWL: 420114.66 um (improvement: -0.84 um)
  → Found improvement! New best HPWL: 420096.44 um (improvement: -18.22 um)
T=0.12 | W=100.4um | Current HPWL=420096.44 um | Best HPWL=420096.44 um | Accept Rate=58.0% | Improvements: 27/500 (5.4%) | Refine: 766638/847186 (90.5%) | Explore: 303152/363314 (83.4%)
  → Found improvement! New best HPWL: 417363.48 um (improvement: -3.76 um)
  → Found improvement! New best HPWL: 417358.04 um (improvement: -5.44 um)
  → Found improvement! New best HPWL: 417354.92 um (improvement: -3.12 um)
  → Found improvement! New best HPWL: 417337.76 um (improvement: -17.16 um)
  → Found improvement! New best HPWL: 417322.28 um (improvement: -15.48 um)
  → Found improvement! New best HPWL: 417316.84 um (improvement: -5.44 um)
  → Found improvement! New best HPWL: 417315.16 um (improvement: -1.68 um)
  → Found improvement! New best HPWL: 417310.30 um (improvement: -4.86 um)
  → Found improvement! New best HPWL: 417288.46 um (improvement: -21.84 um)
  → Found improvement! New best HPWL: 417285.96 um (improvement: -2.50 um)
  → Found improvement! New best HPWL: 417285.50 um (improvement: -0.46 um)
  → Found improvement! New best HPWL: 417275.46 um (improvement: -10.04 um)
  → Found improvement! New best HPWL: 417263.58 um (improvement: -11.88 um)
  → Found improvement! New best HPWL: 417254.46 um (improvement: -9.12 um)
  → Found improvement! New best HPWL: 417224.56 um (improvement: -29.90 um)
  → Found improvement! New best HPWL: 417205.96 um (improvement: -18.60 um)
  → Found improvement! New best HPWL: 417195.92 um (improvement: -10.04 um)
T=0.11 | W=100.4um | Current HPWL=417195.92 um | Best HPWL=417195.92 um | Accept Rate=58.0% | Improvements: 18/500 (3.6%) | Refine: 769178/850750 (90.4%) | Explore: 303498/364750 (83.2%)
  → Found improvement! New best HPWL: 413443.52 um (improvement: -5.40 um)
  → Found improvement! New best HPWL: 413416.54 um (improvement: -26.98 um)
  → Found improvement! New best HPWL: 413402.74 um (improvement: -13.80 um)
  → Found improvement! New best HPWL: 413401.28 um (improvement: -1.46 um)
  → Found improvement! New best HPWL: 413384.96 um (improvement: -16.32 um)
  → Found improvement! New best HPWL: 413224.28 um (improvement: -160.68 um)
  → Found improvement! New best HPWL: 413216.26 um (improvement: -8.02 um)
  → Found improvement! New best HPWL: 413213.50 um (improvement: -2.76 um)
  → Found improvement! New best HPWL: 413210.14 um (improvement: -3.36 um)
  → Found improvement! New best HPWL: 413190.00 um (improvement: -20.14 um)
  → Found improvement! New best HPWL: 413151.92 um (improvement: -38.08 um)
  → Found improvement! New best HPWL: 413151.92 um (improvement: 0.00 um)
  → Found improvement! New best HPWL: 413150.86 um (improvement: -1.06 um)
  → Found improvement! New best HPWL: 413095.66 um (improvement: -55.20 um)
  → Found improvement! New best HPWL: 413063.46 um (improvement: -32.20 um)
T=0.10 | W=100.4um | Current HPWL=413063.46 um | Best HPWL=413063.46 um | Accept Rate=57.4% | Improvements: 14/500 (2.8%) | Refine: 771709/854244 (90.3%) | Explore: 303878/366256 (83.0%)
  → Found improvement! New best HPWL: 410847.50 um (improvement: -9.04 um)
  → Found improvement! New best HPWL: 410831.90 um (improvement: -15.60 um)
  → Found improvement! New best HPWL: 410830.56 um (improvement: -1.34 um)
  → Found improvement! New best HPWL: 410819.68 um (improvement: -10.88 um)
  → Found improvement! New best HPWL: 410815.08 um (improvement: -4.60 um)
  → Found improvement! New best HPWL: 410682.22 um (improvement: -132.86 um)
  → Found improvement! New best HPWL: 410637.90 um (improvement: -44.32 um)
  → Found improvement! New best HPWL: 410632.46 um (improvement: -5.44 um)
  → Found improvement! New best HPWL: 410631.00 um (improvement: -1.46 um)
  → Found improvement! New best HPWL: 410620.12 um (improvement: -10.88 um)
  → Found improvement! New best HPWL: 410619.12 um (improvement: -1.00 um)
  → Found improvement! New best HPWL: 410616.20 um (improvement: -2.92 um)
  → Found improvement! New best HPWL: 410587.68 um (improvement: -28.52 um)
  → Found improvement! New best HPWL: 410566.57 um (improvement: -21.11 um)
  → Found improvement! New best HPWL: 410548.35 um (improvement: -18.22 um)
  → Found improvement! New best HPWL: 410523.67 um (improvement: -24.68 um)
  → Found improvement! New best HPWL: 410508.69 um (improvement: -14.98 um)
  → Found improvement! New best HPWL: 410508.69 um (improvement: -0.00 um)
  → Found improvement! New best HPWL: 410483.97 um (improvement: -24.72 um)
  → Found improvement! New best HPWL: 410483.97 um (improvement: 0.00 um)
  → Found improvement! New best HPWL: 410429.57 um (improvement: -54.40 um)
  → Found improvement! New best HPWL: 410377.69 um (improvement: -51.88 um)
  → Found improvement! New best HPWL: 410327.09 um (improvement: -50.60 um)
  → Found improvement! New best HPWL: 410319.27 um (improvement: -7.82 um)
  → Found improvement! New best HPWL: 410310.07 um (improvement: -9.20 um)
  → Found improvement! New best HPWL: 410307.77 um (improvement: -2.30 um)
  → Found improvement! New best HPWL: 410288.33 um (improvement: -19.44 um)
T=0.09 | W=100.4um | Current HPWL=410288.33 um | Best HPWL=410288.33 um | Accept Rate=54.6% | Improvements: 26/500 (5.2%) | Refine: 774169/857766 (90.3%) | Explore: 304244/367734 (82.7%)
  → Found improvement! New best HPWL: 407432.41 um (improvement: -6.36 um)
  → Found improvement! New best HPWL: 407413.37 um (improvement: -19.04 um)
  → Found improvement! New best HPWL: 407332.65 um (improvement: -80.72 um)
  → Found improvement! New best HPWL: 407290.19 um (improvement: -42.46 um)
  → Found improvement! New best HPWL: 407270.77 um (improvement: -19.42 um)
  → Found improvement! New best HPWL: 407257.79 um (improvement: -12.98 um)
T=0.08 | W=100.4um | Current HPWL=407257.79 um | Best HPWL=407257.79 um | Accept Rate=56.8% | Improvements: 6/500 (1.2%) | Refine: 776649/861212 (90.2%) | Explore: 304622/369288 (82.5%)
  → Found improvement! New best HPWL: 404699.55 um (improvement: -6.98 um)
  → Found improvement! New best HPWL: 404687.37 um (improvement: -12.18 um)
  → Found improvement! New best HPWL: 404590.33 um (improvement: -97.04 um)
  → Found improvement! New best HPWL: 404579.88 um (improvement: -10.45 um)
  → Found improvement! New best HPWL: 404569.00 um (improvement: -10.88 um)
  → Found improvement! New best HPWL: 404513.80 um (improvement: -55.20 um)
  → Found improvement! New best HPWL: 404494.56 um (improvement: -19.24 um)
  → Found improvement! New best HPWL: 404437.64 um (improvement: -56.92 um)
  → Found improvement! New best HPWL: 404429.48 um (improvement: -8.16 um)
  → Found improvement! New best HPWL: 404389.18 um (improvement: -40.30 um)
  → Found improvement! New best HPWL: 404389.18 um (improvement: 0.00 um)
T=0.07 | W=100.4um | Current HPWL=404389.18 um | Best HPWL=404389.18 um | Accept Rate=52.8% | Improvements: 10/500 (2.0%) | Refine: 779150/864751 (90.1%) | Explore: 304983/370749 (82.3%)
  → Found improvement! New best HPWL: 401244.36 um (improvement: -20.70 um)
  → Found improvement! New best HPWL: 401178.88 um (improvement: -65.48 um)
  → Found improvement! New best HPWL: 401175.96 um (improvement: -2.92 um)
  → Found improvement! New best HPWL: 401138.32 um (improvement: -37.64 um)
  → Found improvement! New best HPWL: 401138.32 um (improvement: 0.00 um)
  → Found improvement! New best HPWL: 401105.90 um (improvement: -32.42 um)
  → Found improvement! New best HPWL: 401047.58 um (improvement: -58.32 um)
  → Found improvement! New best HPWL: 401013.24 um (improvement: -34.34 um)
  → Found improvement! New best HPWL: 400991.08 um (improvement: -22.16 um)
  → Found improvement! New best HPWL: 400986.48 um (improvement: -4.60 um)
  → Found improvement! New best HPWL: 400956.20 um (improvement: -30.28 um)
  → Found improvement! New best HPWL: 400915.40 um (improvement: -40.80 um)
  → Found improvement! New best HPWL: 400914.16 um (improvement: -1.24 um)
T=0.06 | W=100.4um | Current HPWL=400914.16 um | Best HPWL=400914.16 um | Accept Rate=58.2% | Improvements: 13/500 (2.6%) | Refine: 781571/868207 (90.0%) | Explore: 305392/372293 (82.0%)
  → Found improvement! New best HPWL: 398756.96 um (improvement: -3.68 um)
  → Found improvement! New best HPWL: 398735.20 um (improvement: -21.76 um)
  → Found improvement! New best HPWL: 398719.10 um (improvement: -16.10 um)
  → Found improvement! New best HPWL: 398683.78 um (improvement: -35.32 um)
  → Found improvement! New best HPWL: 398679.18 um (improvement: -4.60 um)
  → Found improvement! New best HPWL: 398679.18 um (improvement: 0.00 um)
  → Found improvement! New best HPWL: 398640.08 um (improvement: -39.10 um)
  → Found improvement! New best HPWL: 398623.76 um (improvement: -16.32 um)
  → Found improvement! New best HPWL: 398616.86 um (improvement: -6.90 um)
  → Found improvement! New best HPWL: 398615.02 um (improvement: -1.84 um)
  → Found improvement! New best HPWL: 398589.66 um (improvement: -25.36 um)
  → Found improvement! New best HPWL: 398557.12 um (improvement: -32.54 um)
  → Found improvement! New best HPWL: 398557.12 um (improvement: 0.00 um)
  → Found improvement! New best HPWL: 398552.10 um (improvement: -5.02 um)
T=0.06 | W=100.4um | Current HPWL=398552.10 um | Best HPWL=398552.10 um | Accept Rate=55.4% | Improvements: 12/500 (2.4%) | Refine: 784051/871704 (89.9%) | Explore: 305729/373796 (81.8%)
  → Found improvement! New best HPWL: 396135.40 um (improvement: -21.76 um)
  → Found improvement! New best HPWL: 396048.62 um (improvement: -86.78 um)
  → Found improvement! New best HPWL: 396029.58 um (improvement: -19.04 um)
  → Found improvement! New best HPWL: 395998.84 um (improvement: -30.74 um)
  → Found improvement! New best HPWL: 395935.46 um (improvement: -63.38 um)
  → Found improvement! New best HPWL: 395933.38 um (improvement: -2.08 um)
  → Found improvement! New best HPWL: 395928.36 um (improvement: -5.02 um)
  → Found improvement! New best HPWL: 395900.98 um (improvement: -27.38 um)
  → Found improvement! New best HPWL: 395897.00 um (improvement: -3.98 um)
  → Found improvement! New best HPWL: 395885.28 um (improvement: -11.72 um)
  → Found improvement! New best HPWL: 395864.20 um (improvement: -21.08 um)
  → Found improvement! New best HPWL: 395861.88 um (improvement: -2.32 um)
  → Found improvement! New best HPWL: 395836.04 um (improvement: -25.84 um)
T=0.05 | W=100.4um | Current HPWL=395836.04 um | Best HPWL=395836.04 um | Accept Rate=59.8% | Improvements: 14/500 (2.8%) | Refine: 786514/875201 (89.9%) | Explore: 306115/375299 (81.6%)
  → Found improvement! New best HPWL: 393120.46 um (improvement: -5.06 um)
  → Found improvement! New best HPWL: 393095.16 um (improvement: -25.30 um)
  → Found improvement! New best HPWL: 393094.20 um (improvement: -0.96 um)
  → Found improvement! New best HPWL: 393087.84 um (improvement: -6.36 um)
  → Found improvement! New best HPWL: 393074.66 um (improvement: -13.18 um)
  → Found improvement! New best HPWL: 393074.48 um (improvement: -0.18 um)
  → Found improvement! New best HPWL: 393071.14 um (improvement: -3.34 um)
  → Found improvement! New best HPWL: 393068.84 um (improvement: -2.30 um)
  → Found improvement! New best HPWL: 393022.82 um (improvement: -46.02 um)
  → Found improvement! New best HPWL: 392934.58 um (improvement: -88.24 um)
T=0.05 | W=100.4um | Current HPWL=392934.58 um | Best HPWL=392934.58 um | Accept Rate=57.6% | Improvements: 10/500 (2.0%) | Refine: 788984/878660 (89.8%) | Explore: 306469/376840 (81.3%)
  → Found improvement! New best HPWL: 390777.00 um (improvement: -13.60 um)
  → Found improvement! New best HPWL: 390731.92 um (improvement: -45.08 um)
  → Found improvement! New best HPWL: 390656.60 um (improvement: -75.32 um)
  → Found improvement! New best HPWL: 390656.60 um (improvement: 0.00 um)
  → Found improvement! New best HPWL: 390623.96 um (improvement: -32.64 um)
  → Found improvement! New best HPWL: 390520.26 um (improvement: -103.70 um)
  → Found improvement! New best HPWL: 390518.92 um (improvement: -1.34 um)
  → Found improvement! New best HPWL: 390512.56 um (improvement: -6.36 um)
  → Found improvement! New best HPWL: 390460.28 um (improvement: -52.28 um)
  → Found improvement! New best HPWL: 390430.36 um (improvement: -29.92 um)
  → Found improvement! New best HPWL: 390413.42 um (improvement: -16.94 um)
  → Found improvement! New best HPWL: 390395.02 um (improvement: -18.40 um)
  → Found improvement! New best HPWL: 390388.66 um (improvement: -6.36 um)
  → Found improvement! New best HPWL: 390361.18 um (improvement: -27.48 um)
  → Found improvement! New best HPWL: 390357.08 um (improvement: -4.10 um)
  → Found improvement! New best HPWL: 390283.48 um (improvement: -73.60 um)
T=0.04 | W=100.4um | Current HPWL=390283.48 um | Best HPWL=390283.48 um | Accept Rate=60.6% | Improvements: 15/500 (3.0%) | Refine: 791516/882147 (89.7%) | Explore: 306815/378353 (81.1%)
  → Found improvement! New best HPWL: 388017.86 um (improvement: -17.10 um)
  → Found improvement! New best HPWL: 388014.94 um (improvement: -2.92 um)
  → Found improvement! New best HPWL: 388012.42 um (improvement: -2.52 um)
  → Found improvement! New best HPWL: 388010.12 um (improvement: -2.30 um)
  → Found improvement! New best HPWL: 388009.36 um (improvement: -0.76 um)
  → Found improvement! New best HPWL: 387972.12 um (improvement: -37.24 um)
  → Found improvement! New best HPWL: 387950.50 um (improvement: -21.62 um)
  → Found improvement! New best HPWL: 387948.66 um (improvement: -1.84 um)
  → Found improvement! New best HPWL: 387937.78 um (improvement: -10.88 um)
  → Found improvement! New best HPWL: 387929.58 um (improvement: -8.20 um)
  → Found improvement! New best HPWL: 387922.68 um (improvement: -6.90 um)
  → Found improvement! New best HPWL: 387921.84 um (improvement: -0.84 um)
T=0.04 | W=100.4um | Current HPWL=387921.84 um | Best HPWL=387921.84 um | Accept Rate=60.6% | Improvements: 13/500 (2.6%) | Refine: 794058/885674 (89.7%) | Explore: 307161/379826 (80.9%)
  → Found improvement! New best HPWL: 385593.28 um (improvement: -55.16 um)
  → Found improvement! New best HPWL: 385591.28 um (improvement: -2.00 um)
  → Found improvement! New best HPWL: 385591.28 um (improvement: 0.00 um)
  → Found improvement! New best HPWL: 385574.56 um (improvement: -16.72 um)
  → Found improvement! New best HPWL: 385548.20 um (improvement: -26.36 um)
  → Found improvement! New best HPWL: 385487.52 um (improvement: -60.68 um)
  → Found improvement! New best HPWL: 385452.28 um (improvement: -35.24 um)
  → Found improvement! New best HPWL: 385428.22 um (improvement: -24.06 um)
  → Found improvement! New best HPWL: 385422.78 um (improvement: -5.44 um)
  → Found improvement! New best HPWL: 385383.46 um (improvement: -39.32 um)
  → Found improvement! New best HPWL: 385376.34 um (improvement: -7.12 um)
  → Found improvement! New best HPWL: 385374.96 um (improvement: -1.38 um)
T=0.04 | W=100.4um | Current HPWL=385374.96 um | Best HPWL=385374.96 um | Accept Rate=53.8% | Improvements: 13/500 (2.6%) | Refine: 796568/889206 (89.6%) | Explore: 307500/381294 (80.6%)
  → Found improvement! New best HPWL: 383431.88 um (improvement: -1.92 um)
  → Found improvement! New best HPWL: 383429.78 um (improvement: -2.10 um)
  → Found improvement! New best HPWL: 383428.84 um (improvement: -0.94 um)
  → Found improvement! New best HPWL: 383426.54 um (improvement: -2.30 um)
  → Found improvement! New best HPWL: 383398.10 um (improvement: -28.44 um)
  → Found improvement! New best HPWL: 383370.28 um (improvement: -27.82 um)
  → Found improvement! New best HPWL: 383302.96 um (improvement: -67.32 um)
  → Found improvement! New best HPWL: 383228.90 um (improvement: -74.06 um)
  → Found improvement! New best HPWL: 383214.88 um (improvement: -14.02 um)
  → Found improvement! New best HPWL: 383212.16 um (improvement: -2.72 um)
  → Found improvement! New best HPWL: 383183.10 um (improvement: -29.06 um)
  → Found improvement! New best HPWL: 383163.94 um (improvement: -19.16 um)
  → Found improvement! New best HPWL: 383163.10 um (improvement: -0.84 um)
  → Found improvement! New best HPWL: 383162.26 um (improvement: -0.84 um)
  → Found improvement! New best HPWL: 383160.50 um (improvement: -1.76 um)
  → Found improvement! New best HPWL: 383152.54 um (improvement: -7.96 um)
  → Found improvement! New best HPWL: 383145.86 um (improvement: -6.68 um)
  → Found improvement! New best HPWL: 383136.66 um (improvement: -9.20 um)
  → Found improvement! New best HPWL: 383118.88 um (improvement: -17.78 um)
T=0.03 | W=100.4um | Current HPWL=383118.88 um | Best HPWL=383118.88 um | Accept Rate=60.0% | Improvements: 19/500 (3.8%) | Refine: 799098/892686 (89.5%) | Explore: 307866/382814 (80.4%)
  → Found improvement! New best HPWL: 380841.64 um (improvement: -25.52 um)
  → Found improvement! New best HPWL: 380838.50 um (improvement: -3.14 um)
  → Found improvement! New best HPWL: 380834.40 um (improvement: -4.10 um)
  → Found improvement! New best HPWL: 380812.64 um (improvement: -21.76 um)
  → Found improvement! New best HPWL: 380807.20 um (improvement: -5.44 um)
  → Found improvement! New best HPWL: 380804.90 um (improvement: -2.30 um)
  → Found improvement! New best HPWL: 380798.00 um (improvement: -6.90 um)
  → Found improvement! New best HPWL: 380754.48 um (improvement: -43.52 um)
  → Found improvement! New best HPWL: 380715.16 um (improvement: -39.32 um)
  → Found improvement! New best HPWL: 380706.16 um (improvement: -9.00 um)
  → Found improvement! New best HPWL: 380647.64 um (improvement: -58.52 um)
  → Found improvement! New best HPWL: 380636.60 um (improvement: -11.04 um)
  → Found improvement! New best HPWL: 380635.76 um (improvement: -0.84 um)
  → Found improvement! New best HPWL: 380588.20 um (improvement: -47.56 um)
  → Found improvement! New best HPWL: 380583.18 um (improvement: -5.02 um)
  → Found improvement! New best HPWL: 380577.74 um (improvement: -5.44 um)
T=0.03 | W=100.4um | Current HPWL=380577.74 um | Best HPWL=380577.74 um | Accept Rate=58.8% | Improvements: 17/500 (3.4%) | Refine: 801625/896142 (89.5%) | Explore: 308243/384358 (80.2%)
  → Found improvement! New best HPWL: 378281.14 um (improvement: -2.72 um)
  → Found improvement! New best HPWL: 378268.08 um (improvement: -13.06 um)
  → Found improvement! New best HPWL: 378238.18 um (improvement: -29.90 um)
  → Found improvement! New best HPWL: 378197.40 um (improvement: -40.78 um)
  → Found improvement! New best HPWL: 378180.38 um (improvement: -17.02 um)
  → Found improvement! New best HPWL: 378164.28 um (improvement: -16.10 um)
  → Found improvement! New best HPWL: 378162.38 um (improvement: -1.90 um)
  → Found improvement! New best HPWL: 378124.30 um (improvement: -38.08 um)
  → Found improvement! New best HPWL: 378115.52 um (improvement: -8.78 um)
  → Found improvement! New best HPWL: 378115.52 um (improvement: 0.00 um)
  → Found improvement! New best HPWL: 378113.84 um (improvement: -1.68 um)
T=0.03 | W=100.4um | Current HPWL=378113.84 um | Best HPWL=378113.84 um | Accept Rate=55.4% | Improvements: 10/500 (2.0%) | Refine: 804122/899659 (89.4%) | Explore: 308582/385841 (80.0%)
  → Found improvement! New best HPWL: 375712.42 um (improvement: -2.74 um)
  → Found improvement! New best HPWL: 375701.54 um (improvement: -10.88 um)
  → Found improvement! New best HPWL: 375698.32 um (improvement: -3.22 um)
  → Found improvement! New best HPWL: 375696.94 um (improvement: -1.38 um)
  → Found improvement! New best HPWL: 375683.34 um (improvement: -13.60 um)
  → Found improvement! New best HPWL: 375681.66 um (improvement: -1.68 um)
  → Found improvement! New best HPWL: 375668.48 um (improvement: -13.18 um)
  → Found improvement! New best HPWL: 375663.04 um (improvement: -5.44 um)
  → Found improvement! New best HPWL: 375657.60 um (improvement: -5.44 um)
  → Found improvement! New best HPWL: 375638.98 um (improvement: -18.62 um)
  → Found improvement! New best HPWL: 375633.12 um (improvement: -5.86 um)
  → Found improvement! New best HPWL: 375622.24 um (improvement: -10.88 um)
T=0.02 | W=100.4um | Current HPWL=375622.24 um | Best HPWL=375622.24 um | Accept Rate=58.2% | Improvements: 12/500 (2.4%) | Refine: 806621/903168 (89.3%) | Explore: 308914/387332 (79.8%)
  → Found improvement! New best HPWL: 373150.52 um (improvement: -97.86 um)
  → Found improvement! New best HPWL: 373121.24 um (improvement: -29.28 um)
  → Found improvement! New best HPWL: 373115.80 um (improvement: -5.44 um)
  → Found improvement! New best HPWL: 373103.46 um (improvement: -12.34 um)
  → Found improvement! New best HPWL: 373103.00 um (improvement: -0.46 um)
  → Found improvement! New best HPWL: 373085.14 um (improvement: -17.86 um)
  → Found improvement! New best HPWL: 373057.94 um (improvement: -27.20 um)
  → Found improvement! New best HPWL: 373057.64 um (improvement: -0.30 um)
  → Found improvement! New best HPWL: 373052.20 um (improvement: -5.44 um)
  → Found improvement! New best HPWL: 373049.48 um (improvement: -2.72 um)
  → Found improvement! New best HPWL: 373032.76 um (improvement: -16.72 um)
  → Found improvement! New best HPWL: 373014.56 um (improvement: -18.20 um)
  → Found improvement! New best HPWL: 373002.04 um (improvement: -12.52 um)
  → Found improvement! New best HPWL: 372964.80 um (improvement: -37.24 um)
  → Found improvement! New best HPWL: 372962.50 um (improvement: -2.30 um)
T=0.02 | W=100.4um | Current HPWL=372962.50 um | Best HPWL=372962.50 um | Accept Rate=53.6% | Improvements: 15/500 (3.0%) | Refine: 809158/906701 (89.2%) | Explore: 309245/388799 (79.5%)
T=0.02 | W=100.4um | Current HPWL=371428.86 um | Best HPWL=371428.86 um | Accept Rate=57.4% | Improvements: 10/500 (2.0%) | Refine: 810963/909187 (89.2%) | Explore: 309470/389813 (79.4%)
T=0.02 | W=100.4um | Current HPWL=371121.82 um | Best HPWL=371121.82 um | Accept Rate=54.2% | Improvements: 17/500 (3.4%) | Refine: 811194/909527 (89.2%) | Explore: 309510/389973 (79.4%)
T=0.02 | W=100.4um | Current HPWL=370996.38 um | Best HPWL=370996.38 um | Accept Rate=57.6% | Improvements: 8/500 (1.6%) | Refine: 811456/909886 (89.2%) | Explore: 309536/390114 (79.3%)
  → Found improvement! New best HPWL: 370994.70 um (improvement: -1.68 um)
  → Found improvement! New best HPWL: 370968.14 um (improvement: -26.56 um)
  → Found improvement! New best HPWL: 370968.14 um (improvement: 0.00 um)
  → Found improvement! New best HPWL: 370963.12 um (improvement: -5.02 um)
  → Found improvement! New best HPWL: 370951.66 um (improvement: -11.46 um)
  → Found improvement! New best HPWL: 370943.92 um (improvement: -7.74 um)
  → Found improvement! New best HPWL: 370924.40 um (improvement: -19.52 um)
  → Found improvement! New best HPWL: 370918.00 um (improvement: -6.40 um)
  → Found improvement! New best HPWL: 370894.78 um (improvement: -23.22 um)
  → Found improvement! New best HPWL: 370874.92 um (improvement: -19.86 um)
  → Found improvement! New best HPWL: 370869.48 um (improvement: -5.44 um)
  → Found improvement! New best HPWL: 370865.10 um (improvement: -4.38 um)
  → Found improvement! New best HPWL: 370859.12 um (improvement: -5.98 um)
  → Found improvement! New best HPWL: 370859.12 um (improvement: -0.00 um)
  → Found improvement! New best HPWL: 370840.28 um (improvement: -18.84 um)
  → Found improvement! New best HPWL: 370834.84 um (improvement: -5.44 um)
  → Found improvement! New best HPWL: 370833.80 um (improvement: -1.04 um)
T=0.02 | W=100.4um | Current HPWL=370833.80 um | Best HPWL=370833.80 um | Accept Rate=60.2% | Improvements: 16/500 (3.2%) | Refine: 811718/910241 (89.2%) | Explore: 309575/390259 (79.3%)
T=0.02 | W=100.4um | Current HPWL=370727.78 um | Best HPWL=370727.78 um | Accept Rate=55.4% | Improvements: 7/500 (1.4%) | Refine: 811963/910593 (89.2%) | Explore: 309607/390407 (79.3%)
T=0.02 | W=100.4um | Current HPWL=370601.10 um | Best HPWL=370601.10 um | Accept Rate=56.2% | Improvements: 9/500 (1.8%) | Refine: 812207/910931 (89.2%) | Explore: 309644/390569 (79.3%)
T=0.02 | W=100.4um | Current HPWL=370481.76 um | Best HPWL=370481.76 um | Accept Rate=55.8% | Improvements: 9/500 (1.8%) | Refine: 812456/911280 (89.2%) | Explore: 309674/390720 (79.3%)
T=0.02 | W=100.4um | Current HPWL=370432.38 um | Best HPWL=370432.38 um | Accept Rate=57.6% | Improvements: 5/500 (1.0%) | Refine: 812716/911640 (89.1%) | Explore: 309702/390860 (79.2%)
T=0.02 | W=100.4um | Current HPWL=370137.28 um | Best HPWL=370137.28 um | Accept Rate=55.2% | Improvements: 11/500 (2.2%) | Refine: 812961/911991 (89.1%) | Explore: 309733/391009 (79.2%)
T=0.02 | W=100.4um | Current HPWL=369920.22 um | Best HPWL=369920.22 um | Accept Rate=55.0% | Improvements: 11/500 (2.2%) | Refine: 813206/912349 (89.1%) | Explore: 309763/391151 (79.2%)
T=0.02 | W=100.4um | Current HPWL=369852.44 um | Best HPWL=369852.44 um | Accept Rate=60.2% | Improvements: 8/500 (1.6%) | Refine: 813477/912704 (89.1%) | Explore: 309793/391296 (79.2%)
T=0.02 | W=100.4um | Current HPWL=369726.24 um | Best HPWL=369726.24 um | Accept Rate=55.8% | Improvements: 8/500 (1.6%) | Refine: 813725/913066 (89.1%) | Explore: 309824/391434 (79.2%)
T=0.02 | W=100.4um | Current HPWL=369595.50 um | Best HPWL=369595.50 um | Accept Rate=54.6% | Improvements: 9/500 (1.8%) | Refine: 813968/913412 (89.1%) | Explore: 309854/391588 (79.1%)
  → Found improvement! New best HPWL: 369573.74 um (improvement: -21.76 um)
  → Found improvement! New best HPWL: 369556.96 um (improvement: -16.78 um)
  → Found improvement! New best HPWL: 369552.36 um (improvement: -4.60 um)
  → Found improvement! New best HPWL: 369538.56 um (improvement: -13.80 um)
  → Found improvement! New best HPWL: 369524.54 um (improvement: -14.02 um)
  → Found improvement! New best HPWL: 369500.48 um (improvement: -24.06 um)
  → Found improvement! New best HPWL: 369491.28 um (improvement: -9.20 um)
  → Found improvement! New best HPWL: 369486.68 um (improvement: -4.60 um)
  → Found improvement! New best HPWL: 369483.00 um (improvement: -3.68 um)
  → Found improvement! New best HPWL: 369471.50 um (improvement: -11.50 um)
  → Found improvement! New best HPWL: 369463.98 um (improvement: -7.52 um)
  → Found improvement! New best HPWL: 369444.94 um (improvement: -19.04 um)
  → Found improvement! New best HPWL: 369388.20 um (improvement: -56.74 um)
  → Found improvement! New best HPWL: 369386.74 um (improvement: -1.46 um)
  → Found improvement! New best HPWL: 369364.60 um (improvement: -22.14 um)
  → Found improvement! New best HPWL: 369356.40 um (improvement: -8.20 um)
  → Found improvement! New best HPWL: 369354.10 um (improvement: -2.30 um)
  → Found improvement! New best HPWL: 369352.24 um (improvement: -1.86 um)
T=0.02 | W=100.4um | Current HPWL=369352.24 um | Best HPWL=369352.24 um | Accept Rate=58.0% | Improvements: 18/500 (3.6%) | Refine: 814223/913789 (89.1%) | Explore: 309889/391711 (79.1%)
T=0.02 | W=100.4um | Current HPWL=369039.16 um | Best HPWL=369039.16 um | Accept Rate=53.4% | Improvements: 11/500 (2.2%) | Refine: 814456/914132 (89.1%) | Explore: 309923/391868 (79.1%)
T=0.02 | W=100.4um | Current HPWL=368903.40 um | Best HPWL=368903.40 um | Accept Rate=54.4% | Improvements: 7/500 (1.4%) | Refine: 814699/914481 (89.1%) | Explore: 309952/392019 (79.1%)
T=0.02 | W=100.4um | Current HPWL=368639.52 um | Best HPWL=368639.52 um | Accept Rate=59.2% | Improvements: 12/500 (2.4%) | Refine: 814957/914831 (89.1%) | Explore: 309990/392169 (79.0%)
T=0.02 | W=100.4um | Current HPWL=368395.12 um | Best HPWL=368395.12 um | Accept Rate=56.6% | Improvements: 10/500 (2.0%) | Refine: 815205/915186 (89.1%) | Explore: 310025/392314 (79.0%)
T=0.02 | W=100.4um | Current HPWL=368154.40 um | Best HPWL=368154.40 um | Accept Rate=57.6% | Improvements: 14/500 (2.8%) | Refine: 815461/915543 (89.1%) | Explore: 310057/392457 (79.0%)
T=0.02 | W=100.4um | Current HPWL=367968.12 um | Best HPWL=367968.12 um | Accept Rate=57.6% | Improvements: 14/500 (2.8%) | Refine: 815712/915883 (89.1%) | Explore: 310094/392617 (79.0%)
T=0.02 | W=100.4um | Current HPWL=367831.94 um | Best HPWL=367831.94 um | Accept Rate=55.8% | Improvements: 13/500 (2.6%) | Refine: 815955/916225 (89.1%) | Explore: 310130/392775 (79.0%)
T=0.02 | W=100.4um | Current HPWL=367784.50 um | Best HPWL=367784.50 um | Accept Rate=57.8% | Improvements: 7/500 (1.4%) | Refine: 816213/916581 (89.0%) | Explore: 310161/392919 (78.9%)
T=0.02 | W=100.4um | Current HPWL=367373.92 um | Best HPWL=367373.92 um | Accept Rate=61.2% | Improvements: 17/500 (3.4%) | Refine: 816472/916931 (89.0%) | Explore: 310208/393069 (78.9%)
  → Found improvement! New best HPWL: 367364.38 um (improvement: -9.54 um)
  → Found improvement! New best HPWL: 367358.94 um (improvement: -5.44 um)
  → Found improvement! New best HPWL: 367358.94 um (improvement: 0.00 um)
  → Found improvement! New best HPWL: 367354.36 um (improvement: -4.58 um)
  → Found improvement! New best HPWL: 367352.06 um (improvement: -2.30 um)
  → Found improvement! New best HPWL: 367345.98 um (improvement: -6.08 um)
  → Found improvement! New best HPWL: 367323.82 um (improvement: -22.16 um)
  → Found improvement! New best HPWL: 367279.92 um (improvement: -43.90 um)
  → Found improvement! New best HPWL: 367246.34 um (improvement: -33.58 um)
  → Found improvement! New best HPWL: 367220.48 um (improvement: -25.86 um)
  → Found improvement! New best HPWL: 367187.36 um (improvement: -33.12 um)
  → Found improvement! New best HPWL: 367185.68 um (improvement: -1.68 um)
  → Found improvement! New best HPWL: 367183.38 um (improvement: -2.30 um)
  → Found improvement! New best HPWL: 367156.14 um (improvement: -27.24 um)
  → Found improvement! New best HPWL: 367127.58 um (improvement: -28.56 um)
  → Found improvement! New best HPWL: 367102.90 um (improvement: -24.68 um)
T=0.02 | W=100.4um | Current HPWL=367102.90 um | Best HPWL=367102.90 um | Accept Rate=61.8% | Improvements: 16/500 (3.2%) | Refine: 816746/917287 (89.0%) | Explore: 310243/393213 (78.9%)
T=0.02 | W=100.4um | Current HPWL=366883.44 um | Best HPWL=366883.44 um | Accept Rate=57.0% | Improvements: 15/500 (3.0%) | Refine: 816997/917643 (89.0%) | Explore: 310277/393357 (78.9%)
T=0.02 | W=100.4um | Current HPWL=366738.86 um | Best HPWL=366738.86 um | Accept Rate=57.2% | Improvements: 9/500 (1.8%) | Refine: 817254/917999 (89.0%) | Explore: 310306/393501 (78.9%)
T=0.02 | W=100.4um | Current HPWL=366480.94 um | Best HPWL=366480.94 um | Accept Rate=55.2% | Improvements: 15/500 (3.0%) | Refine: 817496/918357 (89.0%) | Explore: 310340/393643 (78.8%)
T=0.02 | W=100.4um | Current HPWL=366239.70 um | Best HPWL=366239.70 um | Accept Rate=54.6% | Improvements: 13/500 (2.6%) | Refine: 817729/918697 (89.0%) | Explore: 310380/393803 (78.8%)
T=0.02 | W=100.4um | Current HPWL=366112.76 um | Best HPWL=366112.76 um | Accept Rate=56.6% | Improvements: 10/500 (2.0%) | Refine: 817980/919050 (89.0%) | Explore: 310412/393950 (78.8%)
T=0.01 | W=100.4um | Current HPWL=365975.08 um | Best HPWL=365975.08 um | Accept Rate=54.8% | Improvements: 16/500 (3.2%) | Refine: 818218/919385 (89.0%) | Explore: 310448/394115 (78.8%)
T=0.01 | W=100.4um | Current HPWL=365909.62 um | Best HPWL=365909.62 um | Accept Rate=57.6% | Improvements: 8/500 (1.6%) | Refine: 818487/919751 (89.0%) | Explore: 310467/394249 (78.7%)
T=0.01 | W=100.4um | Current HPWL=365719.02 um | Best HPWL=365719.02 um | Accept Rate=60.4% | Improvements: 12/500 (2.4%) | Refine: 818756/920123 (89.0%) | Explore: 310500/394377 (78.7%)
T=0.01 | W=100.4um | Current HPWL=365657.86 um | Best HPWL=365657.86 um | Accept Rate=54.0% | Improvements: 5/500 (1.0%) | Refine: 818993/920462 (89.0%) | Explore: 310533/394538 (78.7%)
  → Found improvement! New best HPWL: 365651.46 um (improvement: -6.40 um)
  → Found improvement! New best HPWL: 365645.86 um (improvement: -5.60 um)
  → Found improvement! New best HPWL: 365645.86 um (improvement: 0.00 um)
  → Found improvement! New best HPWL: 365642.14 um (improvement: -3.72 um)
  → Found improvement! New best HPWL: 365627.50 um (improvement: -14.64 um)
  → Found improvement! New best HPWL: 365594.44 um (improvement: -33.06 um)
  → Found improvement! New best HPWL: 365578.12 um (improvement: -16.32 um)
T=0.01 | W=100.4um | Current HPWL=365578.12 um | Best HPWL=365578.12 um | Accept Rate=54.8% | Improvements: 6/500 (1.2%) | Refine: 819237/920810 (89.0%) | Explore: 310563/394690 (78.7%)
T=0.01 | W=100.4um | Current HPWL=365409.58 um | Best HPWL=365409.58 um | Accept Rate=55.2% | Improvements: 11/500 (2.2%) | Refine: 819482/921160 (89.0%) | Explore: 310594/394840 (78.7%)
T=0.01 | W=100.4um | Current HPWL=365185.52 um | Best HPWL=365185.52 um | Accept Rate=57.8% | Improvements: 16/500 (3.2%) | Refine: 819738/921528 (89.0%) | Explore: 310627/394972 (78.6%)
T=0.01 | W=100.4um | Current HPWL=364861.04 um | Best HPWL=364861.04 um | Accept Rate=53.8% | Improvements: 13/500 (2.6%) | Refine: 819973/921866 (88.9%) | Explore: 310661/395134 (78.6%)
T=0.01 | W=100.4um | Current HPWL=364626.44 um | Best HPWL=364626.44 um | Accept Rate=55.4% | Improvements: 11/500 (2.2%) | Refine: 820212/922203 (88.9%) | Explore: 310699/395297 (78.6%)
T=0.01 | W=100.4um | Current HPWL=364253.24 um | Best HPWL=364253.24 um | Accept Rate=55.0% | Improvements: 16/500 (3.2%) | Refine: 820452/922540 (88.9%) | Explore: 310734/395460 (78.6%)
T=0.01 | W=100.4um | Current HPWL=364202.48 um | Best HPWL=364202.48 um | Accept Rate=53.6% | Improvements: 6/500 (1.2%) | Refine: 820699/922885 (88.9%) | Explore: 310755/395615 (78.5%)
T=0.01 | W=100.4um | Current HPWL=364062.80 um | Best HPWL=364062.80 um | Accept Rate=56.6% | Improvements: 10/500 (2.0%) | Refine: 820948/923248 (88.9%) | Explore: 310789/395752 (78.5%)
T=0.01 | W=100.4um | Current HPWL=363909.40 um | Best HPWL=363909.40 um | Accept Rate=55.2% | Improvements: 13/500 (2.6%) | Refine: 821189/923590 (88.9%) | Explore: 310824/395910 (78.5%)
T=0.01 | W=100.4um | Current HPWL=363754.36 um | Best HPWL=363754.36 um | Accept Rate=56.8% | Improvements: 13/500 (2.6%) | Refine: 821431/923931 (88.9%) | Explore: 310866/396069 (78.5%)
  → Found improvement! New best HPWL: 363752.06 um (improvement: -2.30 um)
  → Found improvement! New best HPWL: 363725.52 um (improvement: -26.54 um)
  → Found improvement! New best HPWL: 363724.90 um (improvement: -0.62 um)
  → Found improvement! New best HPWL: 363714.02 um (improvement: -10.88 um)
  → Found improvement! New best HPWL: 363713.18 um (improvement: -0.84 um)
  → Found improvement! New best HPWL: 363705.86 um (improvement: -7.32 um)
  → Found improvement! New best HPWL: 363703.14 um (improvement: -2.72 um)
  → Found improvement! New best HPWL: 363692.34 um (improvement: -10.80 um)
T=0.01 | W=100.4um | Current HPWL=363692.34 um | Best HPWL=363692.34 um | Accept Rate=60.6% | Improvements: 9/500 (1.8%) | Refine: 821700/924301 (88.9%) | Explore: 310900/396199 (78.5%)
T=0.01 | W=100.4um | Current HPWL=363569.48 um | Best HPWL=363569.48 um | Accept Rate=57.0% | Improvements: 8/500 (1.6%) | Refine: 821959/924645 (88.9%) | Explore: 310926/396355 (78.4%)
T=0.01 | W=100.4um | Current HPWL=363453.74 um | Best HPWL=363453.74 um | Accept Rate=55.2% | Improvements: 9/500 (1.8%) | Refine: 822203/924989 (88.9%) | Explore: 310958/396511 (78.4%)
T=0.01 | W=100.4um | Current HPWL=363311.30 um | Best HPWL=363311.30 um | Accept Rate=56.6% | Improvements: 11/500 (2.2%) | Refine: 822450/925339 (88.9%) | Explore: 310994/396661 (78.4%)
T=0.01 | W=100.4um | Current HPWL=363167.18 um | Best HPWL=363167.18 um | Accept Rate=50.4% | Improvements: 12/500 (2.4%) | Refine: 822669/925669 (88.9%) | Explore: 311027/396831 (78.4%)
T=0.01 | W=100.4um | Current HPWL=363101.88 um | Best HPWL=363101.88 um | Accept Rate=55.8% | Improvements: 7/500 (1.4%) | Refine: 822919/926023 (88.9%) | Explore: 311056/396977 (78.4%)
T=0.01 | W=100.4um | Current HPWL=362885.22 um | Best HPWL=362885.22 um | Accept Rate=52.0% | Improvements: 10/500 (2.0%) | Refine: 823151/926386 (88.9%) | Explore: 311084/397114 (78.3%)
T=0.01 | W=100.4um | Current HPWL=362793.68 um | Best HPWL=362793.68 um | Accept Rate=52.0% | Improvements: 7/500 (1.4%) | Refine: 823380/926726 (88.8%) | Explore: 311115/397274 (78.3%)
T=0.01 | W=100.4um | Current HPWL=362538.78 um | Best HPWL=362538.78 um | Accept Rate=53.8% | Improvements: 14/500 (2.8%) | Refine: 823611/927073 (88.8%) | Explore: 311153/397427 (78.3%)
T=0.01 | W=100.4um | Current HPWL=362394.86 um | Best HPWL=362394.86 um | Accept Rate=59.4% | Improvements: 13/500 (2.6%) | Refine: 823877/927428 (88.8%) | Explore: 311184/397572 (78.3%)
  → Found improvement! New best HPWL: 362393.40 um (improvement: -1.46 um)
  → Found improvement! New best HPWL: 362384.20 um (improvement: -9.20 um)
  → Found improvement! New best HPWL: 362353.86 um (improvement: -30.34 um)
  → Found improvement! New best HPWL: 362340.30 um (improvement: -13.56 um)
  → Found improvement! New best HPWL: 362298.06 um (improvement: -42.24 um)
  → Found improvement! New best HPWL: 362292.62 um (improvement: -5.44 um)
  → Found improvement! New best HPWL: 362287.88 um (improvement: -4.74 um)
  → Found improvement! New best HPWL: 362265.92 um (improvement: -21.96 um)
T=0.01 | W=100.4um | Current HPWL=362265.92 um | Best HPWL=362265.92 um | Accept Rate=54.6% | Improvements: 9/500 (1.8%) | Refine: 824123/927776 (88.8%) | Explore: 311211/397724 (78.2%)
T=0.01 | W=100.4um | Current HPWL=362144.60 um | Best HPWL=362144.60 um | Accept Rate=58.8% | Improvements: 14/500 (2.8%) | Refine: 824378/928126 (88.8%) | Explore: 311250/397874 (78.2%)
T=0.01 | W=100.4um | Current HPWL=361835.64 um | Best HPWL=361835.64 um | Accept Rate=55.8% | Improvements: 14/500 (2.8%) | Refine: 824620/928460 (88.8%) | Explore: 311287/398040 (78.2%)
T=0.01 | W=100.4um | Current HPWL=361697.04 um | Best HPWL=361697.04 um | Accept Rate=57.8% | Improvements: 8/500 (1.6%) | Refine: 824882/928823 (88.8%) | Explore: 311314/398177 (78.2%)
T=0.01 | W=100.4um | Current HPWL=361554.30 um | Best HPWL=361554.30 um | Accept Rate=57.4% | Improvements: 10/500 (2.0%) | Refine: 825142/929175 (88.8%) | Explore: 311341/398325 (78.2%)
T=0.01 | W=100.4um | Current HPWL=361325.60 um | Best HPWL=361325.60 um | Accept Rate=57.0% | Improvements: 15/500 (3.0%) | Refine: 825396/929519 (88.8%) | Explore: 311372/398481 (78.1%)
T=0.01 | W=100.4um | Current HPWL=361108.88 um | Best HPWL=361108.88 um | Accept Rate=57.2% | Improvements: 11/500 (2.2%) | Refine: 825648/929863 (88.8%) | Explore: 311406/398637 (78.1%)
T=0.01 | W=100.4um | Current HPWL=360912.62 um | Best HPWL=360912.62 um | Accept Rate=56.0% | Improvements: 9/500 (1.8%) | Refine: 825895/930217 (88.8%) | Explore: 311439/398783 (78.1%)
T=0.01 | W=100.4um | Current HPWL=360627.34 um | Best HPWL=360627.34 um | Accept Rate=57.8% | Improvements: 15/500 (3.0%) | Refine: 826150/930569 (88.8%) | Explore: 311473/398931 (78.1%)
T=0.01 | W=100.4um | Current HPWL=360512.60 um | Best HPWL=360512.60 um | Accept Rate=55.0% | Improvements: 10/500 (2.0%) | Refine: 826389/930918 (88.8%) | Explore: 311509/399082 (78.1%)
  → Found improvement! New best HPWL: 360508.20 um (improvement: -4.40 um)
  → Found improvement! New best HPWL: 360502.76 um (improvement: -5.44 um)
  → Found improvement! New best HPWL: 360489.38 um (improvement: -13.38 um)
  → Found improvement! New best HPWL: 360466.42 um (improvement: -22.96 um)
  → Found improvement! New best HPWL: 360439.36 um (improvement: -27.06 um)
  → Found improvement! New best HPWL: 360408.00 um (improvement: -31.36 um)
  → Found improvement! New best HPWL: 360405.70 um (improvement: -2.30 um)
  → Found improvement! New best HPWL: 360389.38 um (improvement: -16.32 um)
  → Found improvement! New best HPWL: 360373.06 um (improvement: -16.32 um)
T=0.01 | W=100.4um | Current HPWL=360373.06 um | Best HPWL=360373.06 um | Accept Rate=57.4% | Improvements: 9/500 (1.8%) | Refine: 826643/931259 (88.8%) | Explore: 311542/399241 (78.0%)
T=0.01 | W=100.4um | Current HPWL=360293.30 um | Best HPWL=360293.30 um | Accept Rate=53.0% | Improvements: 7/500 (1.4%) | Refine: 826885/931614 (88.8%) | Explore: 311565/399386 (78.0%)
T=0.01 | W=100.4um | Current HPWL=360149.94 um | Best HPWL=360149.94 um | Accept Rate=58.2% | Improvements: 13/500 (2.6%) | Refine: 827143/931949 (88.8%) | Explore: 311598/399551 (78.0%)
T=0.01 | W=100.4um | Current HPWL=359809.90 um | Best HPWL=359809.90 um | Accept Rate=59.2% | Improvements: 13/500 (2.6%) | Refine: 827394/932285 (88.7%) | Explore: 311643/399715 (78.0%)
T=0.01 | W=100.4um | Current HPWL=359586.82 um | Best HPWL=359586.82 um | Accept Rate=57.4% | Improvements: 12/500 (2.4%) | Refine: 827638/932628 (88.7%) | Explore: 311686/399872 (77.9%)
T=0.01 | W=100.4um | Current HPWL=359450.70 um | Best HPWL=359450.70 um | Accept Rate=55.2% | Improvements: 8/500 (1.6%) | Refine: 827890/932988 (88.7%) | Explore: 311710/400012 (77.9%)

============================================================
SA Optimization Complete
============================================================
Initial HPWL: 431210.20 um
Final Total HPWL: 359450.70 um
Improvement: 71759.50 um (16.64%)
Total Iterations: 2666
============================================================


Placement map written to: build/6502/sa_alpha0.99_moves500_Tfinal0.01/6502.map
Total instances: 2899

Placement saved to build/6502/sa_alpha0.99_moves500_Tfinal0.01/6502_placement.json

============================================================
Placement Summary
============================================================
Final Total HPWL: 359450.70 um
Total Instances: 2899
============================================================

Placement completed successfully!
Map file: build/6502/sa_alpha0.99_moves500_Tfinal0.01/6502.map
JSON file: build/6502/sa_alpha0.99_moves500_Tfinal0.01/6502_placement.json

================================================================================
# End time: 2025-11-23T09:43:13.703149
# Return code: 0
