# Log file for: designs/6502_mapped.json
# Configuration: {'no_sa': True}
# Start time: 2025-11-23T08:41:36.325853
# Command: /home/mohab/Downloads/work/venv/bin/python placer.py --design designs/6502_mapped.json --fabric-cells fabric/fabric_cells.yaml --pins fabric/pins.yaml --output build/6502/greedy --no-sa --seed 408336017
================================================================================

Random seed set to: 408336017
Validating design against fabric...
============================================================
Fabric Utilization Report
============================================================
sky130_fd_sc_hd__clkbuf_4: 322/9720 used (3.3%)
sky130_fd_sc_hd__clkinv_2: 360/12960 used (2.8%)
sky130_fd_sc_hd__conb_1: 3/9720 used (0.0%)
sky130_fd_sc_hd__decap_3: 0/9720 used (0.0%)
sky130_fd_sc_hd__decap_4: 0/9720 used (0.0%)
sky130_fd_sc_hd__dfbbp_1: 143/6480 used (2.2%)
sky130_fd_sc_hd__nand2_2: 1228/48600 used (2.5%)
sky130_fd_sc_hd__or2_2: 843/25920 used (3.3%)
sky130_fd_sc_hd__tapvpwrvgnd_1: 0/25920 used (0.0%)
============================================================

VALIDATION PASSED: Design can be built on this fabric.

Validation passed. Proceeding with placement...

Loading fabric and design data...
Building optimization indices...
Using linear search for slot finding

Placing cells connected to I/O pins...

Placing I/O cells:   0%|          | 0/542 [00:00<?, ?it/s]
Placing I/O cells:   5%|▍         | 25/542 [00:00<00:02, 236.58it/s]
Placing I/O cells:   9%|▉         | 51/542 [00:00<00:02, 241.52it/s]
Placing I/O cells:  14%|█▍        | 77/542 [00:00<00:01, 248.12it/s]
Placing I/O cells:  19%|█▉        | 105/542 [00:00<00:01, 258.43it/s]
Placing I/O cells:  24%|██▍       | 131/542 [00:00<00:01, 240.55it/s]
Placing I/O cells:  29%|██▉       | 156/542 [00:00<00:01, 228.93it/s]
Placing I/O cells:  34%|███▍      | 183/542 [00:00<00:01, 239.37it/s]
Placing I/O cells:  39%|███▉      | 214/542 [00:00<00:01, 259.05it/s]
Placing I/O cells:  44%|████▍     | 241/542 [00:00<00:01, 258.47it/s]
Placing I/O cells:  49%|████▉     | 268/542 [00:01<00:01, 251.97it/s]
Placing I/O cells:  55%|█████▍    | 296/542 [00:01<00:00, 253.64it/s]
Placing I/O cells:  59%|█████▉    | 322/542 [00:01<00:00, 253.97it/s]
Placing I/O cells:  65%|██████▍   | 351/542 [00:01<00:00, 263.11it/s]
Placing I/O cells:  70%|██████▉   | 378/542 [00:01<00:00, 259.28it/s]
Placing I/O cells:  75%|███████▍  | 404/542 [00:01<00:00, 240.79it/s]
Placing I/O cells:  80%|███████▉  | 432/542 [00:01<00:00, 249.09it/s]
Placing I/O cells:  85%|████████▌ | 462/542 [00:01<00:00, 260.48it/s]
Placing I/O cells:  90%|█████████ | 490/542 [00:01<00:00, 260.70it/s]
Placing I/O cells:  97%|█████████▋| 524/542 [00:02<00:00, 283.24it/s]
Placing I/O cells: 100%|██████████| 542/542 [00:02<00:00, 257.90it/s]
Placed 542 cells connected to I/O pins.

Placing remaining cells using optimized greedy barycenter algorithm...
Computing initial cell scores...

Initial scoring:   0%|          | 0/2357 [00:00<?, ?it/s]
Initial scoring: 100%|██████████| 2357/2357 [00:00<00:00, 61311.79it/s]
Placing cells with incremental updates...

Placing remaining cells:   0%|          | 0/2357 [00:00<?, ?it/s]
Placing remaining cells:   0%|          | 11/2357 [00:00<00:22, 102.63it/s]
Placing remaining cells:   1%|          | 22/2357 [00:00<00:22, 103.76it/s]
Placing remaining cells:   2%|▏         | 38/2357 [00:00<00:18, 126.69it/s]
Placing remaining cells:   2%|▏         | 51/2357 [00:00<00:18, 121.76it/s]
Placing remaining cells:   3%|▎         | 64/2357 [00:00<00:20, 112.93it/s]
Placing remaining cells:   3%|▎         | 79/2357 [00:00<00:18, 122.00it/s]
Placing remaining cells:   4%|▍         | 92/2357 [00:00<00:20, 112.94it/s]
Placing remaining cells:   4%|▍         | 104/2357 [00:00<00:20, 107.47it/s]
Placing remaining cells:   5%|▍         | 116/2357 [00:01<00:20, 109.90it/s]
Placing remaining cells:   6%|▌         | 136/2357 [00:01<00:16, 133.72it/s]
Placing remaining cells:   6%|▋         | 150/2357 [00:01<00:17, 126.30it/s]
Placing remaining cells:   7%|▋         | 163/2357 [00:01<00:19, 113.92it/s]
Placing remaining cells:   8%|▊         | 177/2357 [00:01<00:18, 120.11it/s]
Placing remaining cells:   8%|▊         | 190/2357 [00:01<00:19, 113.28it/s]
Placing remaining cells:   9%|▊         | 202/2357 [00:01<00:18, 114.60it/s]
Placing remaining cells:   9%|▉         | 215/2357 [00:01<00:18, 118.61it/s]
Placing remaining cells:  10%|▉         | 229/2357 [00:01<00:17, 124.26it/s]
Placing remaining cells:  10%|█         | 242/2357 [00:02<00:18, 117.27it/s]
Placing remaining cells:  11%|█         | 254/2357 [00:02<00:18, 116.62it/s]
Placing remaining cells:  11%|█▏        | 266/2357 [00:02<00:18, 110.92it/s]
Placing remaining cells:  12%|█▏        | 278/2357 [00:02<00:19, 105.82it/s]
Placing remaining cells:  12%|█▏        | 291/2357 [00:02<00:18, 109.32it/s]
Placing remaining cells:  13%|█▎        | 303/2357 [00:02<00:19, 104.48it/s]
Placing remaining cells:  14%|█▎        | 323/2357 [00:02<00:15, 127.91it/s]
Placing remaining cells:  14%|█▍        | 338/2357 [00:02<00:15, 130.04it/s]
Placing remaining cells:  15%|█▌        | 354/2357 [00:02<00:14, 135.51it/s]
Placing remaining cells:  16%|█▌        | 368/2357 [00:03<00:15, 130.28it/s]
Placing remaining cells:  16%|█▌        | 382/2357 [00:03<00:15, 123.79it/s]
Placing remaining cells:  17%|█▋        | 398/2357 [00:03<00:14, 132.64it/s]
Placing remaining cells:  17%|█▋        | 412/2357 [00:03<00:15, 127.35it/s]
Placing remaining cells:  18%|█▊        | 425/2357 [00:03<00:16, 115.46it/s]
Placing remaining cells:  19%|█▊        | 437/2357 [00:03<00:17, 108.61it/s]
Placing remaining cells:  19%|█▉        | 449/2357 [00:03<00:17, 110.22it/s]
Placing remaining cells:  20%|█▉        | 461/2357 [00:03<00:17, 110.58it/s]
Placing remaining cells:  20%|██        | 473/2357 [00:04<00:18, 104.38it/s]
Placing remaining cells:  21%|██        | 490/2357 [00:04<00:15, 120.22it/s]
Placing remaining cells:  21%|██▏       | 503/2357 [00:04<00:15, 116.36it/s]
Placing remaining cells:  22%|██▏       | 515/2357 [00:04<00:16, 109.50it/s]
Placing remaining cells:  22%|██▏       | 527/2357 [00:04<00:17, 102.59it/s]
Placing remaining cells:  23%|██▎       | 538/2357 [00:04<00:18, 99.01it/s] 
Placing remaining cells:  23%|██▎       | 549/2357 [00:04<00:18, 95.81it/s]
Placing remaining cells:  24%|██▍       | 565/2357 [00:04<00:16, 111.60it/s]
Placing remaining cells:  24%|██▍       | 577/2357 [00:05<00:16, 107.88it/s]
Placing remaining cells:  25%|██▌       | 593/2357 [00:05<00:14, 120.75it/s]
Placing remaining cells:  26%|██▌       | 608/2357 [00:05<00:13, 125.92it/s]
Placing remaining cells:  26%|██▋       | 622/2357 [00:05<00:13, 127.78it/s]
Placing remaining cells:  27%|██▋       | 635/2357 [00:05<00:15, 114.41it/s]
Placing remaining cells:  28%|██▊       | 650/2357 [00:05<00:13, 123.60it/s]
Placing remaining cells:  28%|██▊       | 663/2357 [00:05<00:15, 110.27it/s]
Placing remaining cells:  29%|██▊       | 675/2357 [00:05<00:16, 102.95it/s]
Placing remaining cells:  29%|██▉       | 686/2357 [00:05<00:16, 99.80it/s] 
Placing remaining cells:  30%|██▉       | 697/2357 [00:06<00:16, 100.86it/s]
Placing remaining cells:  30%|███       | 708/2357 [00:06<00:16, 98.51it/s] 
Placing remaining cells:  31%|███       | 725/2357 [00:06<00:14, 116.05it/s]
Placing remaining cells:  31%|███▏      | 740/2357 [00:06<00:13, 121.75it/s]
Placing remaining cells:  32%|███▏      | 753/2357 [00:06<00:13, 121.30it/s]
Placing remaining cells:  32%|███▏      | 766/2357 [00:06<00:12, 123.38it/s]
Placing remaining cells:  33%|███▎      | 781/2357 [00:06<00:12, 128.85it/s]
Placing remaining cells:  34%|███▎      | 795/2357 [00:06<00:12, 128.76it/s]
Placing remaining cells:  34%|███▍      | 811/2357 [00:06<00:11, 134.98it/s]
Placing remaining cells:  35%|███▌      | 825/2357 [00:07<00:11, 129.88it/s]
Placing remaining cells:  36%|███▌      | 839/2357 [00:07<00:11, 131.47it/s]
Placing remaining cells:  36%|███▌      | 854/2357 [00:07<00:11, 134.95it/s]
Placing remaining cells:  37%|███▋      | 871/2357 [00:07<00:10, 143.12it/s]
Placing remaining cells:  38%|███▊      | 889/2357 [00:07<00:09, 152.20it/s]
Placing remaining cells:  38%|███▊      | 905/2357 [00:07<00:09, 147.54it/s]
Placing remaining cells:  39%|███▉      | 920/2357 [00:07<00:10, 131.36it/s]
Placing remaining cells:  40%|███▉      | 934/2357 [00:07<00:11, 123.18it/s]
Placing remaining cells:  40%|████      | 950/2357 [00:07<00:10, 130.90it/s]
Placing remaining cells:  41%|████      | 964/2357 [00:08<00:11, 126.15it/s]
Placing remaining cells:  42%|████▏     | 980/2357 [00:08<00:10, 135.03it/s]
Placing remaining cells:  42%|████▏     | 994/2357 [00:08<00:10, 127.42it/s]
Placing remaining cells:  43%|████▎     | 1007/2357 [00:08<00:11, 121.05it/s]
Placing remaining cells:  43%|████▎     | 1020/2357 [00:08<00:11, 119.61it/s]
Placing remaining cells:  44%|████▍     | 1033/2357 [00:08<00:11, 113.77it/s]
Placing remaining cells:  44%|████▍     | 1045/2357 [00:08<00:11, 112.41it/s]
Placing remaining cells:  45%|████▌     | 1061/2357 [00:08<00:10, 123.82it/s]
Placing remaining cells:  46%|████▌     | 1074/2357 [00:09<00:10, 120.69it/s]
Placing remaining cells:  46%|████▌     | 1087/2357 [00:09<00:10, 122.00it/s]
Placing remaining cells:  47%|████▋     | 1100/2357 [00:09<00:10, 118.33it/s]
Placing remaining cells:  47%|████▋     | 1114/2357 [00:09<00:10, 123.59it/s]
Placing remaining cells:  48%|████▊     | 1127/2357 [00:09<00:10, 122.17it/s]
Placing remaining cells:  48%|████▊     | 1140/2357 [00:09<00:10, 114.04it/s]
Placing remaining cells:  49%|████▉     | 1158/2357 [00:09<00:09, 131.73it/s]
Placing remaining cells:  50%|████▉     | 1175/2357 [00:09<00:08, 138.38it/s]
Placing remaining cells:  50%|█████     | 1190/2357 [00:09<00:08, 134.92it/s]
Placing remaining cells:  51%|█████     | 1204/2357 [00:10<00:08, 132.41it/s]
Placing remaining cells:  52%|█████▏    | 1218/2357 [00:10<00:09, 118.79it/s]
Placing remaining cells:  52%|█████▏    | 1231/2357 [00:10<00:09, 120.23it/s]
Placing remaining cells:  53%|█████▎    | 1244/2357 [00:10<00:09, 117.07it/s]
Placing remaining cells:  53%|█████▎    | 1256/2357 [00:10<00:09, 114.00it/s]
Placing remaining cells:  54%|█████▍    | 1268/2357 [00:10<00:09, 114.97it/s]
Placing remaining cells:  54%|█████▍    | 1282/2357 [00:10<00:09, 118.47it/s]
Placing remaining cells:  55%|█████▍    | 1296/2357 [00:10<00:08, 124.37it/s]
Placing remaining cells:  56%|█████▌    | 1309/2357 [00:10<00:08, 116.57it/s]
Placing remaining cells:  56%|█████▌    | 1321/2357 [00:11<00:09, 111.19it/s]
Placing remaining cells:  57%|█████▋    | 1333/2357 [00:11<00:09, 105.97it/s]
Placing remaining cells:  57%|█████▋    | 1347/2357 [00:11<00:08, 113.82it/s]
Placing remaining cells:  58%|█████▊    | 1360/2357 [00:11<00:08, 116.38it/s]
Placing remaining cells:  58%|█████▊    | 1372/2357 [00:11<00:08, 117.38it/s]
Placing remaining cells:  59%|█████▉    | 1386/2357 [00:11<00:07, 122.38it/s]
Placing remaining cells:  59%|█████▉    | 1399/2357 [00:11<00:07, 124.19it/s]
Placing remaining cells:  60%|█████▉    | 1412/2357 [00:11<00:08, 117.84it/s]
Placing remaining cells:  60%|██████    | 1425/2357 [00:11<00:07, 120.28it/s]
Placing remaining cells:  61%|██████    | 1438/2357 [00:12<00:07, 121.81it/s]
Placing remaining cells:  62%|██████▏   | 1451/2357 [00:12<00:07, 118.64it/s]
Placing remaining cells:  62%|██████▏   | 1463/2357 [00:12<00:07, 115.76it/s]
Placing remaining cells:  63%|██████▎   | 1475/2357 [00:12<00:07, 110.45it/s]
Placing remaining cells:  63%|██████▎   | 1487/2357 [00:12<00:08, 107.83it/s]
Placing remaining cells:  64%|██████▎   | 1500/2357 [00:12<00:07, 113.13it/s]
Placing remaining cells:  64%|██████▍   | 1512/2357 [00:12<00:07, 112.96it/s]
Placing remaining cells:  65%|██████▍   | 1525/2357 [00:12<00:07, 115.71it/s]
Placing remaining cells:  65%|██████▌   | 1537/2357 [00:12<00:07, 109.21it/s]
Placing remaining cells:  66%|██████▌   | 1550/2357 [00:13<00:07, 111.95it/s]
Placing remaining cells:  66%|██████▋   | 1562/2357 [00:13<00:07, 111.42it/s]
Placing remaining cells:  67%|██████▋   | 1576/2357 [00:13<00:06, 118.74it/s]
Placing remaining cells:  67%|██████▋   | 1589/2357 [00:13<00:06, 121.45it/s]
Placing remaining cells:  68%|██████▊   | 1602/2357 [00:13<00:06, 122.45it/s]
Placing remaining cells:  69%|██████▉   | 1622/2357 [00:13<00:05, 144.04it/s]
Placing remaining cells:  69%|██████▉   | 1637/2357 [00:13<00:05, 126.99it/s]
Placing remaining cells:  70%|███████   | 1651/2357 [00:13<00:05, 117.90it/s]
Placing remaining cells:  71%|███████   | 1664/2357 [00:13<00:05, 116.88it/s]
Placing remaining cells:  71%|███████   | 1676/2357 [00:14<00:05, 115.83it/s]
Placing remaining cells:  72%|███████▏  | 1688/2357 [00:14<00:06, 110.53it/s]
Placing remaining cells:  72%|███████▏  | 1700/2357 [00:14<00:05, 110.08it/s]
Placing remaining cells:  73%|███████▎  | 1712/2357 [00:14<00:05, 110.90it/s]
Placing remaining cells:  73%|███████▎  | 1726/2357 [00:14<00:05, 116.25it/s]
Placing remaining cells:  74%|███████▎  | 1738/2357 [00:14<00:05, 114.37it/s]
Placing remaining cells:  74%|███████▍  | 1752/2357 [00:14<00:05, 118.93it/s]
Placing remaining cells:  75%|███████▍  | 1764/2357 [00:14<00:05, 112.73it/s]
Placing remaining cells:  75%|███████▌  | 1776/2357 [00:14<00:05, 113.62it/s]
Placing remaining cells:  76%|███████▌  | 1790/2357 [00:15<00:04, 117.92it/s]
Placing remaining cells:  76%|███████▋  | 1803/2357 [00:15<00:04, 117.93it/s]
Placing remaining cells:  77%|███████▋  | 1815/2357 [00:15<00:04, 114.09it/s]
Placing remaining cells:  78%|███████▊  | 1827/2357 [00:15<00:04, 112.13it/s]
Placing remaining cells:  78%|███████▊  | 1841/2357 [00:15<00:04, 119.25it/s]
Placing remaining cells:  79%|███████▊  | 1854/2357 [00:15<00:04, 118.93it/s]
Placing remaining cells:  79%|███████▉  | 1866/2357 [00:15<00:04, 114.72it/s]
Placing remaining cells:  80%|███████▉  | 1878/2357 [00:15<00:04, 114.21it/s]
Placing remaining cells:  80%|████████  | 1891/2357 [00:15<00:03, 117.61it/s]
Placing remaining cells:  81%|████████  | 1905/2357 [00:16<00:03, 122.26it/s]
Placing remaining cells:  81%|████████▏ | 1918/2357 [00:16<00:03, 124.37it/s]
Placing remaining cells:  82%|████████▏ | 1932/2357 [00:16<00:03, 127.12it/s]
Placing remaining cells:  83%|████████▎ | 1945/2357 [00:16<00:03, 125.25it/s]
Placing remaining cells:  83%|████████▎ | 1958/2357 [00:16<00:03, 124.62it/s]
Placing remaining cells:  84%|████████▍ | 1983/2357 [00:16<00:02, 160.27it/s]
Placing remaining cells:  85%|████████▌ | 2011/2357 [00:16<00:01, 190.01it/s]
Placing remaining cells:  87%|████████▋ | 2043/2357 [00:16<00:01, 226.39it/s]
Placing remaining cells:  88%|████████▊ | 2078/2357 [00:16<00:01, 262.18it/s]
Placing remaining cells:  89%|████████▉ | 2105/2357 [00:17<00:01, 225.58it/s]
Placing remaining cells:  90%|█████████ | 2129/2357 [00:17<00:01, 189.57it/s]
Placing remaining cells:  91%|█████████ | 2150/2357 [00:17<00:01, 165.88it/s]
Placing remaining cells:  92%|█████████▏| 2169/2357 [00:17<00:01, 156.64it/s]
Placing remaining cells:  93%|█████████▎| 2186/2357 [00:17<00:01, 147.68it/s]
Placing remaining cells:  93%|█████████▎| 2202/2357 [00:17<00:01, 143.10it/s]
Placing remaining cells:  94%|█████████▍| 2221/2357 [00:17<00:00, 154.16it/s]
Placing remaining cells:  95%|█████████▍| 2237/2357 [00:18<00:00, 149.07it/s]
Placing remaining cells:  96%|█████████▌| 2253/2357 [00:18<00:00, 142.80it/s]
Placing remaining cells:  96%|█████████▌| 2268/2357 [00:18<00:00, 135.50it/s]
Placing remaining cells:  97%|█████████▋| 2282/2357 [00:18<00:00, 133.34it/s]
Placing remaining cells:  98%|█████████▊| 2300/2357 [00:18<00:00, 144.72it/s]
Placing remaining cells:  98%|█████████▊| 2318/2357 [00:18<00:00, 151.98it/s]
Placing remaining cells:  99%|█████████▉| 2337/2357 [00:18<00:00, 157.74it/s]
Placing remaining cells: 100%|█████████▉| 2355/2357 [00:18<00:00, 162.86it/s]
Placing remaining cells: 100%|██████████| 2357/2357 [00:18<00:00, 125.33it/s]

Placed 2357 remaining cells.

Placement Summary: 2899/2899 cells placed (100.0%)

Placement map written to: build/6502/greedy/6502.map
Total instances: 2899

Placement saved to build/6502/greedy/6502_placement.json

============================================================
Placement Summary
============================================================
Final Total HPWL: 431210.20 um
Total Instances: 2899
============================================================

Placement completed successfully!
Map file: build/6502/greedy/6502.map
JSON file: build/6502/greedy/6502_placement.json

================================================================================
# End time: 2025-11-23T08:41:36.325884
# Return code: 0
