# Log file for: designs/6502_mapped.json
# Configuration: {'alpha': 0.94, 'moves': 400, 't_final': 0.001, '_use_greedy_placement': True, '_greedy_placement': 'build/6502/greedy/6502_placement.json'}
# Start time: 2025-11-23T08:52:52.550041
# Command: /home/mohab/Downloads/work/venv/bin/python placer.py --design designs/6502_mapped.json --fabric-cells fabric/fabric_cells.yaml --pins fabric/pins.yaml --output build/6502/sa_alpha0.94_moves400_Tfinal0.001 --sa-alpha 0.94 --sa-moves 400 --sa-T-final 0.001 --initial-placement build/6502/greedy/6502_placement.json --seed 290112395
================================================================================

Random seed set to: 290112395
Loading initial placement from: build/6502/greedy/6502_placement.json

============================================================
Simulated Annealing Optimization
============================================================
Initial HPWL: 431210.20 um
Initial Temperature: 4312102000.00
Cooling Rate (alpha): 0.94
Moves per Temperature: 400
Final Temperature: 0.001
Initial Window Size: 501.80 um
Window Cooling Rate (beta): 0.98
Move Probabilities: Refine=70.0%, Explore=30.0%
============================================================

T=4312102000.00 | W=501.8um | Current HPWL=535960.52 um | Best HPWL=431210.20 um | Accept Rate=100.0% | Improvements: 15/400 (3.8%) | Refine: 274/274 (100.0%) | Explore: 126/126 (100.0%)
T=2322563310.72 | W=410.0um | Current HPWL=1038802.92 um | Best HPWL=431210.20 um | Accept Rate=100.0% | Improvements: 62/400 (15.5%) | Refine: 3131/3131 (100.0%) | Explore: 1269/1269 (100.0%)
T=1250967702.60 | W=335.0um | Current HPWL=1194194.22 um | Best HPWL=431210.20 um | Accept Rate=100.0% | Improvements: 94/400 (23.5%) | Refine: 5920/5920 (100.0%) | Explore: 2480/2480 (100.0%)
T=673790111.86 | W=273.7um | Current HPWL=1263229.65 um | Best HPWL=431210.20 um | Accept Rate=100.0% | Improvements: 87/400 (21.8%) | Refine: 8702/8702 (100.0%) | Explore: 3698/3698 (100.0%)
T=362913537.98 | W=223.7um | Current HPWL=1294534.06 um | Best HPWL=431210.20 um | Accept Rate=100.0% | Improvements: 96/400 (24.0%) | Refine: 11500/11500 (100.0%) | Explore: 4900/4900 (100.0%)
T=195470716.66 | W=182.7um | Current HPWL=1320567.42 um | Best HPWL=431210.20 um | Accept Rate=100.0% | Improvements: 86/400 (21.5%) | Refine: 14335/14335 (100.0%) | Explore: 6065/6065 (100.0%)
T=105283482.36 | W=149.3um | Current HPWL=1337395.23 um | Best HPWL=431210.20 um | Accept Rate=100.0% | Improvements: 73/400 (18.2%) | Refine: 17113/17113 (100.0%) | Explore: 7287/7287 (100.0%)
T=56707274.86 | W=122.0um | Current HPWL=1355865.48 um | Best HPWL=431210.20 um | Accept Rate=100.0% | Improvements: 88/400 (22.0%) | Refine: 19882/19882 (100.0%) | Explore: 8518/8518 (100.0%)
T=30543395.32 | W=100.4um | Current HPWL=1359956.29 um | Best HPWL=431210.20 um | Accept Rate=100.0% | Improvements: 93/400 (23.2%) | Refine: 22664/22664 (100.0%) | Explore: 9736/9736 (100.0%)
T=16451134.36 | W=100.4um | Current HPWL=1369807.37 um | Best HPWL=431210.20 um | Accept Rate=100.0% | Improvements: 96/400 (24.0%) | Refine: 25486/25486 (100.0%) | Explore: 10914/10914 (100.0%)
T=8860829.61 | W=100.4um | Current HPWL=1358334.89 um | Best HPWL=431210.20 um | Accept Rate=100.0% | Improvements: 97/400 (24.2%) | Refine: 28282/28282 (100.0%) | Explore: 12118/12118 (100.0%)
T=4772576.75 | W=100.4um | Current HPWL=1376336.02 um | Best HPWL=431210.20 um | Accept Rate=100.0% | Improvements: 95/400 (23.8%) | Refine: 31066/31066 (100.0%) | Explore: 13334/13334 (100.0%)
T=2570581.97 | W=100.4um | Current HPWL=1377157.90 um | Best HPWL=431210.20 um | Accept Rate=100.0% | Improvements: 97/400 (24.2%) | Refine: 33868/33868 (100.0%) | Explore: 14532/14532 (100.0%)
T=1384554.30 | W=100.4um | Current HPWL=1387073.69 um | Best HPWL=431210.20 um | Accept Rate=100.0% | Improvements: 82/400 (20.5%) | Refine: 36648/36649 (100.0%) | Explore: 15751/15751 (100.0%)
T=745741.87 | W=100.4um | Current HPWL=1374512.15 um | Best HPWL=431210.20 um | Accept Rate=100.0% | Improvements: 92/400 (23.0%) | Refine: 39414/39416 (100.0%) | Explore: 16984/16984 (100.0%)
T=401667.84 | W=100.4um | Current HPWL=1387933.75 um | Best HPWL=431210.20 um | Accept Rate=100.0% | Improvements: 82/400 (20.5%) | Refine: 42228/42230 (100.0%) | Explore: 18170/18170 (100.0%)
T=216344.37 | W=100.4um | Current HPWL=1402224.29 um | Best HPWL=431210.20 um | Accept Rate=100.0% | Improvements: 102/400 (25.5%) | Refine: 45031/45033 (100.0%) | Explore: 19367/19367 (100.0%)
T=116526.35 | W=100.4um | Current HPWL=1400610.16 um | Best HPWL=431210.20 um | Accept Rate=100.0% | Improvements: 89/400 (22.2%) | Refine: 47784/47787 (100.0%) | Explore: 20613/20613 (100.0%)
T=62762.85 | W=100.4um | Current HPWL=1398448.20 um | Best HPWL=431210.20 um | Accept Rate=99.8% | Improvements: 88/400 (22.0%) | Refine: 50563/50568 (100.0%) | Explore: 21831/21832 (100.0%)
T=33805.02 | W=100.4um | Current HPWL=1411902.99 um | Best HPWL=431210.20 um | Accept Rate=99.5% | Improvements: 79/400 (19.8%) | Refine: 53387/53394 (100.0%) | Explore: 23003/23006 (100.0%)
T=18207.90 | W=100.4um | Current HPWL=1424162.51 um | Best HPWL=431210.20 um | Accept Rate=99.8% | Improvements: 79/400 (19.8%) | Refine: 56188/56201 (100.0%) | Explore: 24195/24199 (100.0%)
T=9807.05 | W=100.4um | Current HPWL=1423630.71 um | Best HPWL=431210.20 um | Accept Rate=99.5% | Improvements: 87/400 (21.8%) | Refine: 58953/58978 (100.0%) | Explore: 25413/25422 (100.0%)
T=5282.22 | W=100.4um | Current HPWL=1433563.94 um | Best HPWL=431210.20 um | Accept Rate=99.2% | Improvements: 85/400 (21.2%) | Refine: 61750/61791 (99.9%) | Explore: 26599/26609 (100.0%)
T=2845.09 | W=100.4um | Current HPWL=1410009.74 um | Best HPWL=431210.20 um | Accept Rate=98.8% | Improvements: 98/400 (24.5%) | Refine: 64564/64645 (99.9%) | Explore: 27742/27755 (100.0%)
T=1532.41 | W=100.4um | Current HPWL=1404976.31 um | Best HPWL=431210.20 um | Accept Rate=97.2% | Improvements: 90/400 (22.5%) | Refine: 67340/67480 (99.8%) | Explore: 28892/28920 (99.9%)
T=825.38 | W=100.4um | Current HPWL=1388860.95 um | Best HPWL=431210.20 um | Accept Rate=93.2% | Improvements: 86/400 (21.5%) | Refine: 69995/70263 (99.6%) | Explore: 30088/30137 (99.8%)
T=444.56 | W=100.4um | Current HPWL=1354544.63 um | Best HPWL=431210.20 um | Accept Rate=91.8% | Improvements: 82/400 (20.5%) | Refine: 72576/73044 (99.4%) | Explore: 31255/31356 (99.7%)
T=239.45 | W=100.4um | Current HPWL=1301721.77 um | Best HPWL=431210.20 um | Accept Rate=87.2% | Improvements: 81/400 (20.2%) | Refine: 75040/75804 (99.0%) | Explore: 32415/32596 (99.4%)
T=128.97 | W=100.4um | Current HPWL=1242615.31 um | Best HPWL=431210.20 um | Accept Rate=86.5% | Improvements: 70/400 (17.5%) | Refine: 77469/78652 (98.5%) | Explore: 33446/33748 (99.1%)
T=69.47 | W=100.4um | Current HPWL=1188356.23 um | Best HPWL=431210.20 um | Accept Rate=79.0% | Improvements: 71/400 (17.8%) | Refine: 79747/81458 (97.9%) | Explore: 34395/34942 (98.4%)
T=37.41 | W=100.4um | Current HPWL=1135938.82 um | Best HPWL=431210.20 um | Accept Rate=74.5% | Improvements: 69/400 (17.2%) | Refine: 81984/84273 (97.3%) | Explore: 35249/36127 (97.6%)
T=20.15 | W=100.4um | Current HPWL=1086245.26 um | Best HPWL=431210.20 um | Accept Rate=73.0% | Improvements: 59/400 (14.8%) | Refine: 84152/87066 (96.7%) | Explore: 36032/37334 (96.5%)
T=10.85 | W=100.4um | Current HPWL=1044052.44 um | Best HPWL=431210.20 um | Accept Rate=71.5% | Improvements: 60/400 (15.0%) | Refine: 86321/89874 (96.0%) | Explore: 36762/38526 (95.4%)
T=5.85 | W=100.4um | Current HPWL=1007742.90 um | Best HPWL=431210.20 um | Accept Rate=71.2% | Improvements: 63/400 (15.8%) | Refine: 88458/92720 (95.4%) | Explore: 37395/39680 (94.2%)
T=3.15 | W=100.4um | Current HPWL=973806.28 um | Best HPWL=431210.20 um | Accept Rate=64.2% | Improvements: 60/400 (15.0%) | Refine: 90523/95493 (94.8%) | Explore: 38016/40907 (92.9%)
T=1.70 | W=100.4um | Current HPWL=938924.96 um | Best HPWL=431210.20 um | Accept Rate=68.0% | Improvements: 47/400 (11.8%) | Refine: 92626/98305 (94.2%) | Explore: 38611/42095 (91.7%)
T=0.91 | W=100.4um | Current HPWL=910916.24 um | Best HPWL=431210.20 um | Accept Rate=67.0% | Improvements: 69/400 (17.2%) | Refine: 94715/101106 (93.7%) | Explore: 39197/43294 (90.5%)
T=0.49 | W=100.4um | Current HPWL=882260.46 um | Best HPWL=431210.20 um | Accept Rate=64.0% | Improvements: 51/400 (12.8%) | Refine: 96780/103872 (93.2%) | Explore: 39757/44528 (89.3%)
T=0.27 | W=100.4um | Current HPWL=856456.54 um | Best HPWL=431210.20 um | Accept Rate=63.7% | Improvements: 42/400 (10.5%) | Refine: 98835/106673 (92.7%) | Explore: 40309/45727 (88.2%)
T=0.14 | W=100.4um | Current HPWL=833713.22 um | Best HPWL=431210.20 um | Accept Rate=64.0% | Improvements: 46/400 (11.5%) | Refine: 100866/109464 (92.1%) | Explore: 40885/46936 (87.1%)
T=0.08 | W=100.4um | Current HPWL=813075.40 um | Best HPWL=431210.20 um | Accept Rate=66.8% | Improvements: 40/400 (10.0%) | Refine: 102970/112309 (91.7%) | Explore: 41406/48091 (86.1%)
T=0.04 | W=100.4um | Current HPWL=794214.82 um | Best HPWL=431210.20 um | Accept Rate=64.8% | Improvements: 51/400 (12.8%) | Refine: 105014/115118 (91.2%) | Explore: 41921/49282 (85.1%)
T=0.02 | W=100.4um | Current HPWL=776849.52 um | Best HPWL=431210.20 um | Accept Rate=67.0% | Improvements: 33/400 (8.2%) | Refine: 107059/117926 (90.8%) | Explore: 42419/50474 (84.0%)
T=0.01 | W=100.4um | Current HPWL=760648.40 um | Best HPWL=431210.20 um | Accept Rate=65.2% | Improvements: 38/400 (9.5%) | Refine: 109053/120664 (90.4%) | Explore: 42940/51736 (83.0%)
T=0.01 | W=100.4um | Current HPWL=746884.86 um | Best HPWL=431210.20 um | Accept Rate=65.2% | Improvements: 40/400 (10.0%) | Refine: 111112/123510 (90.0%) | Explore: 43406/52890 (82.1%)
T=0.00 | W=100.4um | Current HPWL=732277.53 um | Best HPWL=431210.20 um | Accept Rate=59.0% | Improvements: 37/400 (9.2%) | Refine: 113170/126340 (89.6%) | Explore: 43871/54060 (81.2%)
T=0.00 | W=100.4um | Current HPWL=719475.65 um | Best HPWL=431210.20 um | Accept Rate=60.0% | Improvements: 41/400 (10.2%) | Refine: 114940/128807 (89.2%) | Explore: 44343/55193 (80.3%)
T=0.00 | W=100.4um | Current HPWL=718187.17 um | Best HPWL=431210.20 um | Accept Rate=65.5% | Improvements: 39/400 (9.8%) | Refine: 115155/129101 (89.2%) | Explore: 44390/55299 (80.3%)
T=0.00 | W=100.4um | Current HPWL=716383.99 um | Best HPWL=431210.20 um | Accept Rate=65.0% | Improvements: 39/400 (9.8%) | Refine: 115358/129375 (89.2%) | Explore: 44447/55425 (80.2%)
T=0.00 | W=100.4um | Current HPWL=715302.51 um | Best HPWL=431210.20 um | Accept Rate=62.7% | Improvements: 33/400 (8.2%) | Refine: 115564/129659 (89.1%) | Explore: 44492/55541 (80.1%)
T=0.00 | W=100.4um | Current HPWL=714230.91 um | Best HPWL=431210.20 um | Accept Rate=63.2% | Improvements: 32/400 (8.0%) | Refine: 115776/129937 (89.1%) | Explore: 44533/55663 (80.0%)
T=0.00 | W=100.4um | Current HPWL=713081.37 um | Best HPWL=431210.20 um | Accept Rate=64.2% | Improvements: 39/400 (9.8%) | Refine: 115978/130213 (89.1%) | Explore: 44588/55787 (79.9%)
T=0.00 | W=100.4um | Current HPWL=711033.37 um | Best HPWL=431210.20 um | Accept Rate=59.8% | Improvements: 42/400 (10.5%) | Refine: 116160/130473 (89.0%) | Explore: 44645/55927 (79.8%)
T=0.00 | W=100.4um | Current HPWL=709834.69 um | Best HPWL=431210.20 um | Accept Rate=59.8% | Improvements: 32/400 (8.0%) | Refine: 116357/130747 (89.0%) | Explore: 44687/56053 (79.7%)
T=0.00 | W=100.4um | Current HPWL=708237.03 um | Best HPWL=431210.20 um | Accept Rate=60.8% | Improvements: 43/400 (10.8%) | Refine: 116541/131012 (89.0%) | Explore: 44746/56188 (79.6%)
T=0.00 | W=100.4um | Current HPWL=706814.81 um | Best HPWL=431210.20 um | Accept Rate=61.3% | Improvements: 30/400 (7.5%) | Refine: 116737/131287 (88.9%) | Explore: 44795/56313 (79.5%)
T=0.00 | W=100.4um | Current HPWL=705015.67 um | Best HPWL=431210.20 um | Accept Rate=62.0% | Improvements: 36/400 (9.0%) | Refine: 116944/131575 (88.9%) | Explore: 44836/56425 (79.5%)
T=0.00 | W=100.4um | Current HPWL=704106.31 um | Best HPWL=431210.20 um | Accept Rate=60.0% | Improvements: 26/400 (6.5%) | Refine: 117144/131853 (88.8%) | Explore: 44876/56547 (79.4%)

============================================================
SA Optimization Complete
============================================================
Initial HPWL: 431210.20 um
Final Total HPWL: 431210.20 um
Improvement: 0.00 um (0.00%)
Total Iterations: 471
============================================================


Placement map written to: build/6502/sa_alpha0.94_moves400_Tfinal0.001/6502.map
Total instances: 2899

Placement saved to build/6502/sa_alpha0.94_moves400_Tfinal0.001/6502_placement.json

============================================================
Placement Summary
============================================================
Final Total HPWL: 431210.20 um
Total Instances: 2899
============================================================

Placement completed successfully!
Map file: build/6502/sa_alpha0.94_moves400_Tfinal0.001/6502.map
JSON file: build/6502/sa_alpha0.94_moves400_Tfinal0.001/6502_placement.json

================================================================================
# End time: 2025-11-23T08:52:52.550099
# Return code: 0
