# Log file for: designs/6502_mapped.json
# Configuration: {'alpha': 0.92, 'moves': 350, 't_final': 0.01, '_use_greedy_placement': True, '_greedy_placement': 'build/6502/greedy/6502_placement.json'}
# Start time: 2025-11-23T08:53:42.309785
# Command: /home/mohab/Downloads/work/venv/bin/python placer.py --design designs/6502_mapped.json --fabric-cells fabric/fabric_cells.yaml --pins fabric/pins.yaml --output build/6502/sa_alpha0.92_moves350_Tfinal0.01 --sa-alpha 0.92 --sa-moves 350 --sa-T-final 0.01 --initial-placement build/6502/greedy/6502_placement.json --seed 349822011
================================================================================

Random seed set to: 349822011
Loading initial placement from: build/6502/greedy/6502_placement.json

============================================================
Simulated Annealing Optimization
============================================================
Initial HPWL: 431210.20 um
Initial Temperature: 4312102000.00
Cooling Rate (alpha): 0.92
Moves per Temperature: 350
Final Temperature: 0.01
Initial Window Size: 501.80 um
Window Cooling Rate (beta): 0.98
Move Probabilities: Refine=70.0%, Explore=30.0%
============================================================

T=4312102000.00 | W=501.8um | Current HPWL=536127.31 um | Best HPWL=431210.20 um | Accept Rate=100.0% | Improvements: 11/350 (3.1%) | Refine: 229/229 (100.0%) | Explore: 121/121 (100.0%)
T=1873127322.23 | W=410.0um | Current HPWL=1002544.30 um | Best HPWL=431210.20 um | Accept Rate=100.0% | Improvements: 52/350 (14.9%) | Refine: 2719/2719 (100.0%) | Explore: 1131/1131 (100.0%)
T=813664882.07 | W=335.0um | Current HPWL=1168131.01 um | Best HPWL=431210.20 um | Accept Rate=100.0% | Improvements: 84/350 (24.0%) | Refine: 5167/5167 (100.0%) | Explore: 2183/2183 (100.0%)
T=353446630.38 | W=273.7um | Current HPWL=1235168.36 um | Best HPWL=431210.20 um | Accept Rate=100.0% | Improvements: 83/350 (23.7%) | Refine: 7590/7590 (100.0%) | Explore: 3260/3260 (100.0%)
T=153533135.42 | W=223.7um | Current HPWL=1288858.59 um | Best HPWL=431210.20 um | Accept Rate=100.0% | Improvements: 78/350 (22.3%) | Refine: 9987/9987 (100.0%) | Explore: 4363/4363 (100.0%)
T=66693021.37 | W=182.7um | Current HPWL=1287199.88 um | Best HPWL=431210.20 um | Accept Rate=100.0% | Improvements: 84/350 (24.0%) | Refine: 12439/12439 (100.0%) | Explore: 5411/5411 (100.0%)
T=28970678.46 | W=149.3um | Current HPWL=1306068.41 um | Best HPWL=431210.20 um | Accept Rate=100.0% | Improvements: 67/350 (19.1%) | Refine: 14856/14856 (100.0%) | Explore: 6494/6494 (100.0%)
T=12584528.23 | W=122.0um | Current HPWL=1315349.15 um | Best HPWL=431210.20 um | Accept Rate=100.0% | Improvements: 83/350 (23.7%) | Refine: 17261/17261 (100.0%) | Explore: 7589/7589 (100.0%)
T=5466573.77 | W=100.4um | Current HPWL=1324592.28 um | Best HPWL=431210.20 um | Accept Rate=100.0% | Improvements: 85/350 (24.3%) | Refine: 19698/19698 (100.0%) | Explore: 8652/8652 (100.0%)
T=2374616.53 | W=100.4um | Current HPWL=1321862.54 um | Best HPWL=431210.20 um | Accept Rate=100.0% | Improvements: 85/350 (24.3%) | Refine: 22136/22136 (100.0%) | Explore: 9714/9714 (100.0%)
T=1031506.00 | W=100.4um | Current HPWL=1316351.06 um | Best HPWL=431210.20 um | Accept Rate=100.0% | Improvements: 85/350 (24.3%) | Refine: 24554/24554 (100.0%) | Explore: 10796/10796 (100.0%)
T=448074.30 | W=100.4um | Current HPWL=1332599.07 um | Best HPWL=431210.20 um | Accept Rate=100.0% | Improvements: 82/350 (23.4%) | Refine: 27040/27040 (100.0%) | Explore: 11810/11810 (100.0%)
T=194638.30 | W=100.4um | Current HPWL=1354042.93 um | Best HPWL=431210.20 um | Accept Rate=100.0% | Improvements: 81/350 (23.1%) | Refine: 29450/29450 (100.0%) | Explore: 12899/12900 (100.0%)
T=84548.63 | W=100.4um | Current HPWL=1355530.35 um | Best HPWL=431210.20 um | Accept Rate=100.0% | Improvements: 94/350 (26.9%) | Refine: 31886/31887 (100.0%) | Explore: 13962/13963 (100.0%)
T=36726.95 | W=100.4um | Current HPWL=1357562.29 um | Best HPWL=431210.20 um | Accept Rate=99.7% | Improvements: 80/350 (22.9%) | Refine: 34312/34315 (100.0%) | Explore: 15034/15035 (100.0%)
T=15953.76 | W=100.4um | Current HPWL=1360436.80 um | Best HPWL=431210.20 um | Accept Rate=99.7% | Improvements: 80/350 (22.9%) | Refine: 36745/36750 (100.0%) | Explore: 16099/16100 (100.0%)
T=6930.13 | W=100.4um | Current HPWL=1359666.74 um | Best HPWL=431210.20 um | Accept Rate=99.4% | Improvements: 71/350 (20.3%) | Refine: 39164/39184 (99.9%) | Explore: 17163/17166 (100.0%)
T=3010.37 | W=100.4um | Current HPWL=1366039.27 um | Best HPWL=431210.20 um | Accept Rate=98.3% | Improvements: 71/350 (20.3%) | Refine: 41582/41629 (99.9%) | Explore: 18214/18221 (100.0%)
T=1307.67 | W=100.4um | Current HPWL=1344596.11 um | Best HPWL=431210.20 um | Accept Rate=98.6% | Improvements: 90/350 (25.7%) | Refine: 43960/44065 (99.8%) | Explore: 19261/19285 (99.9%)
T=568.04 | W=100.4um | Current HPWL=1312665.21 um | Best HPWL=431210.20 um | Accept Rate=94.6% | Improvements: 80/350 (22.9%) | Refine: 46300/46519 (99.5%) | Explore: 20272/20331 (99.7%)
T=246.75 | W=100.4um | Current HPWL=1277712.75 um | Best HPWL=431210.20 um | Accept Rate=87.7% | Improvements: 67/350 (19.1%) | Refine: 48535/48975 (99.1%) | Explore: 21248/21375 (99.4%)
T=107.18 | W=100.4um | Current HPWL=1220925.80 um | Best HPWL=431210.20 um | Accept Rate=84.9% | Improvements: 73/350 (20.9%) | Refine: 50638/51432 (98.5%) | Explore: 22154/22418 (98.8%)
T=46.56 | W=100.4um | Current HPWL=1166363.08 um | Best HPWL=431210.20 um | Accept Rate=78.6% | Improvements: 57/350 (16.3%) | Refine: 52673/53899 (97.7%) | Explore: 22969/23451 (97.9%)
T=20.23 | W=100.4um | Current HPWL=1112875.34 um | Best HPWL=431210.20 um | Accept Rate=73.1% | Improvements: 59/350 (16.9%) | Refine: 54634/56367 (96.9%) | Explore: 23680/24483 (96.7%)
T=8.79 | W=100.4um | Current HPWL=1072518.20 um | Best HPWL=431210.20 um | Accept Rate=65.1% | Improvements: 54/350 (15.4%) | Refine: 56521/58847 (96.0%) | Explore: 24270/25503 (95.2%)
T=3.82 | W=100.4um | Current HPWL=1028100.24 um | Best HPWL=431210.20 um | Accept Rate=66.6% | Improvements: 63/350 (18.0%) | Refine: 58407/61287 (95.3%) | Explore: 24831/26563 (93.5%)
T=1.66 | W=100.4um | Current HPWL=994424.35 um | Best HPWL=431210.20 um | Accept Rate=67.7% | Improvements: 49/350 (14.0%) | Refine: 60269/63743 (94.5%) | Explore: 25359/27607 (91.9%)
T=0.72 | W=100.4um | Current HPWL=961725.60 um | Best HPWL=431210.20 um | Accept Rate=64.3% | Improvements: 42/350 (12.0%) | Refine: 62135/66213 (93.8%) | Explore: 25873/28637 (90.3%)
T=0.31 | W=100.4um | Current HPWL=933347.90 um | Best HPWL=431210.20 um | Accept Rate=61.4% | Improvements: 46/350 (13.1%) | Refine: 63987/68694 (93.1%) | Explore: 26359/29656 (88.9%)
T=0.14 | W=100.4um | Current HPWL=903455.18 um | Best HPWL=431210.20 um | Accept Rate=70.3% | Improvements: 49/350 (14.0%) | Refine: 65791/71144 (92.5%) | Explore: 26874/30706 (87.5%)
T=0.06 | W=100.4um | Current HPWL=880370.40 um | Best HPWL=431210.20 um | Accept Rate=67.1% | Improvements: 37/350 (10.6%) | Refine: 67571/73600 (91.8%) | Explore: 27339/31750 (86.1%)
T=0.03 | W=100.4um | Current HPWL=853085.62 um | Best HPWL=431210.20 um | Accept Rate=66.3% | Improvements: 52/350 (14.9%) | Refine: 69358/76051 (91.2%) | Explore: 27843/32799 (84.9%)
T=0.02 | W=100.4um | Current HPWL=845796.30 um | Best HPWL=431210.20 um | Accept Rate=63.7% | Improvements: 45/350 (12.9%) | Refine: 69886/76785 (91.0%) | Explore: 27994/33115 (84.5%)
T=0.02 | W=100.4um | Current HPWL=843517.46 um | Best HPWL=431210.20 um | Accept Rate=66.9% | Improvements: 46/350 (13.1%) | Refine: 70068/77036 (91.0%) | Explore: 28046/33214 (84.4%)
T=0.02 | W=100.4um | Current HPWL=841710.76 um | Best HPWL=431210.20 um | Accept Rate=66.6% | Improvements: 29/350 (8.3%) | Refine: 70260/77289 (90.9%) | Explore: 28087/33311 (84.3%)
T=0.02 | W=100.4um | Current HPWL=839792.72 um | Best HPWL=431210.20 um | Accept Rate=62.0% | Improvements: 48/350 (13.7%) | Refine: 70422/77520 (90.8%) | Explore: 28142/33430 (84.2%)
T=0.01 | W=100.4um | Current HPWL=838461.22 um | Best HPWL=431210.20 um | Accept Rate=65.7% | Improvements: 33/350 (9.4%) | Refine: 70610/77777 (90.8%) | Explore: 28184/33523 (84.1%)
T=0.01 | W=100.4um | Current HPWL=836432.98 um | Best HPWL=431210.20 um | Accept Rate=66.0% | Improvements: 43/350 (12.3%) | Refine: 70790/78014 (90.7%) | Explore: 28235/33636 (83.9%)
T=0.01 | W=100.4um | Current HPWL=833671.54 um | Best HPWL=431210.20 um | Accept Rate=61.4% | Improvements: 45/350 (12.9%) | Refine: 70961/78258 (90.7%) | Explore: 28279/33742 (83.8%)
T=0.01 | W=100.4um | Current HPWL=831358.92 um | Best HPWL=431210.20 um | Accept Rate=64.3% | Improvements: 40/350 (11.4%) | Refine: 71141/78504 (90.6%) | Explore: 28324/33846 (83.7%)
T=0.01 | W=100.4um | Current HPWL=828917.80 um | Best HPWL=431210.20 um | Accept Rate=63.7% | Improvements: 38/350 (10.9%) | Refine: 71326/78753 (90.6%) | Explore: 28362/33947 (83.5%)

============================================================
SA Optimization Complete
============================================================
Initial HPWL: 431210.20 um
Final Total HPWL: 431210.20 um
Improvement: 0.00 um (0.00%)
Total Iterations: 322
============================================================


Placement map written to: build/6502/sa_alpha0.92_moves350_Tfinal0.01/6502.map
Total instances: 2899

Placement saved to build/6502/sa_alpha0.92_moves350_Tfinal0.01/6502_placement.json

============================================================
Placement Summary
============================================================
Final Total HPWL: 431210.20 um
Total Instances: 2899
============================================================

Placement completed successfully!
Map file: build/6502/sa_alpha0.92_moves350_Tfinal0.01/6502.map
JSON file: build/6502/sa_alpha0.92_moves350_Tfinal0.01/6502_placement.json

================================================================================
# End time: 2025-11-23T08:53:42.309840
# Return code: 0
