# Log file for: designs/6502_mapped.json
# Configuration: {'alpha': 0.96, 'moves': 800, 't_final': 0.001, '_use_greedy_placement': True, '_greedy_placement': 'build/6502/greedy/6502_placement.json'}
# Start time: 2025-11-23T09:08:18.361749
# Command: /home/mohab/Downloads/work/venv/bin/python placer.py --design designs/6502_mapped.json --fabric-cells fabric/fabric_cells.yaml --pins fabric/pins.yaml --output build/6502/sa_alpha0.96_moves800_Tfinal0.001 --sa-alpha 0.96 --sa-moves 800 --sa-T-final 0.001 --initial-placement build/6502/greedy/6502_placement.json --seed 1845904395
================================================================================

Random seed set to: 1845904395
Loading initial placement from: build/6502/greedy/6502_placement.json

============================================================
Simulated Annealing Optimization
============================================================
Initial HPWL: 431210.20 um
Initial Temperature: 4312102000.00
Cooling Rate (alpha): 0.96
Moves per Temperature: 800
Final Temperature: 0.001
Initial Window Size: 501.80 um
Window Cooling Rate (beta): 0.98
Move Probabilities: Refine=70.0%, Explore=30.0%
============================================================

T=4312102000.00 | W=501.8um | Current HPWL=639188.25 um | Best HPWL=431210.20 um | Accept Rate=100.0% | Improvements: 31/800 (3.9%) | Refine: 536/536 (100.0%) | Explore: 264/264 (100.0%)
T=2866826139.32 | W=410.0um | Current HPWL=1241559.00 um | Best HPWL=431210.20 um | Accept Rate=100.0% | Improvements: 155/800 (19.4%) | Refine: 6172/6172 (100.0%) | Explore: 2628/2628 (100.0%)
T=1905959579.14 | W=335.0um | Current HPWL=1359955.55 um | Best HPWL=431210.20 um | Accept Rate=100.0% | Improvements: 174/800 (21.8%) | Refine: 11767/11767 (100.0%) | Explore: 5033/5033 (100.0%)
T=1267144131.09 | W=273.7um | Current HPWL=1433670.33 um | Best HPWL=431210.20 um | Accept Rate=100.0% | Improvements: 165/800 (20.6%) | Refine: 17356/17356 (100.0%) | Explore: 7444/7444 (100.0%)
T=842438772.85 | W=223.7um | Current HPWL=1483798.31 um | Best HPWL=431210.20 um | Accept Rate=100.0% | Improvements: 180/800 (22.5%) | Refine: 22958/22958 (100.0%) | Explore: 9842/9842 (100.0%)
T=560080790.02 | W=182.7um | Current HPWL=1491271.57 um | Best HPWL=431210.20 um | Accept Rate=100.0% | Improvements: 183/800 (22.9%) | Refine: 28557/28557 (100.0%) | Explore: 12243/12243 (100.0%)
T=372359988.00 | W=149.3um | Current HPWL=1512385.23 um | Best HPWL=431210.20 um | Accept Rate=100.0% | Improvements: 166/800 (20.8%) | Refine: 34202/34202 (100.0%) | Explore: 14598/14598 (100.0%)
T=247557072.36 | W=122.0um | Current HPWL=1529819.41 um | Best HPWL=431210.20 um | Accept Rate=100.0% | Improvements: 178/800 (22.2%) | Refine: 39856/39856 (100.0%) | Explore: 16944/16944 (100.0%)
T=164584020.97 | W=100.4um | Current HPWL=1541918.33 um | Best HPWL=431210.20 um | Accept Rate=100.0% | Improvements: 176/800 (22.0%) | Refine: 45533/45533 (100.0%) | Explore: 19267/19267 (100.0%)
T=109420828.51 | W=100.4um | Current HPWL=1548880.90 um | Best HPWL=431210.20 um | Accept Rate=100.0% | Improvements: 183/800 (22.9%) | Refine: 51145/51145 (100.0%) | Explore: 21655/21655 (100.0%)
T=72746537.85 | W=100.4um | Current HPWL=1552756.80 um | Best HPWL=431210.20 um | Accept Rate=100.0% | Improvements: 189/800 (23.6%) | Refine: 56660/56660 (100.0%) | Explore: 24140/24140 (100.0%)
T=48364272.52 | W=100.4um | Current HPWL=1562199.13 um | Best HPWL=431210.20 um | Accept Rate=100.0% | Improvements: 178/800 (22.2%) | Refine: 62242/62242 (100.0%) | Explore: 26558/26558 (100.0%)
T=32154146.79 | W=100.4um | Current HPWL=1567374.76 um | Best HPWL=431210.20 um | Accept Rate=100.0% | Improvements: 183/800 (22.9%) | Refine: 67816/67816 (100.0%) | Explore: 28984/28984 (100.0%)
T=21377126.17 | W=100.4um | Current HPWL=1584019.67 um | Best HPWL=431210.20 um | Accept Rate=100.0% | Improvements: 189/800 (23.6%) | Refine: 73355/73355 (100.0%) | Explore: 31445/31445 (100.0%)
T=14212211.14 | W=100.4um | Current HPWL=1578356.40 um | Best HPWL=431210.20 um | Accept Rate=100.0% | Improvements: 175/800 (21.9%) | Refine: 79001/79001 (100.0%) | Explore: 33799/33799 (100.0%)
T=9448741.79 | W=100.4um | Current HPWL=1575531.56 um | Best HPWL=431210.20 um | Accept Rate=100.0% | Improvements: 165/800 (20.6%) | Refine: 84580/84580 (100.0%) | Explore: 36220/36220 (100.0%)
T=6281831.91 | W=100.4um | Current HPWL=1574858.43 um | Best HPWL=431210.20 um | Accept Rate=100.0% | Improvements: 180/800 (22.5%) | Refine: 90200/90200 (100.0%) | Explore: 38600/38600 (100.0%)
T=4176366.87 | W=100.4um | Current HPWL=1582952.31 um | Best HPWL=431210.20 um | Accept Rate=100.0% | Improvements: 175/800 (21.9%) | Refine: 95832/95832 (100.0%) | Explore: 40968/40968 (100.0%)
T=2776585.00 | W=100.4um | Current HPWL=1584613.47 um | Best HPWL=431210.20 um | Accept Rate=100.0% | Improvements: 189/800 (23.6%) | Refine: 101407/101407 (100.0%) | Explore: 43393/43393 (100.0%)
T=1845964.32 | W=100.4um | Current HPWL=1586966.71 um | Best HPWL=431210.20 um | Accept Rate=99.9% | Improvements: 170/800 (21.2%) | Refine: 106966/106967 (100.0%) | Explore: 45833/45833 (100.0%)
T=1227257.33 | W=100.4um | Current HPWL=1577658.75 um | Best HPWL=431210.20 um | Accept Rate=99.9% | Improvements: 179/800 (22.4%) | Refine: 112578/112582 (100.0%) | Explore: 48218/48218 (100.0%)
T=815920.72 | W=100.4um | Current HPWL=1591497.48 um | Best HPWL=431210.20 um | Accept Rate=100.0% | Improvements: 166/800 (20.8%) | Refine: 118124/118128 (100.0%) | Explore: 50672/50672 (100.0%)
T=542450.72 | W=100.4um | Current HPWL=1606239.84 um | Best HPWL=431210.20 um | Accept Rate=100.0% | Improvements: 181/800 (22.6%) | Refine: 123771/123775 (100.0%) | Explore: 53025/53025 (100.0%)
T=360638.95 | W=100.4um | Current HPWL=1604114.86 um | Best HPWL=431210.20 um | Accept Rate=100.0% | Improvements: 189/800 (23.6%) | Refine: 129339/129344 (100.0%) | Explore: 55456/55456 (100.0%)
T=239764.54 | W=100.4um | Current HPWL=1620976.75 um | Best HPWL=431210.20 um | Accept Rate=100.0% | Improvements: 173/800 (21.6%) | Refine: 134893/134898 (100.0%) | Explore: 57902/57902 (100.0%)
T=159403.29 | W=100.4um | Current HPWL=1606067.80 um | Best HPWL=431210.20 um | Accept Rate=100.0% | Improvements: 192/800 (24.0%) | Refine: 140565/140571 (100.0%) | Explore: 60229/60229 (100.0%)
T=105976.51 | W=100.4um | Current HPWL=1615393.40 um | Best HPWL=431210.20 um | Accept Rate=100.0% | Improvements: 200/800 (25.0%) | Refine: 146183/146192 (100.0%) | Explore: 62608/62608 (100.0%)
T=70456.64 | W=100.4um | Current HPWL=1621821.00 um | Best HPWL=431210.20 um | Accept Rate=100.0% | Improvements: 184/800 (23.0%) | Refine: 151777/151788 (100.0%) | Explore: 65012/65012 (100.0%)
T=46841.88 | W=100.4um | Current HPWL=1627325.74 um | Best HPWL=431210.20 um | Accept Rate=99.9% | Improvements: 188/800 (23.5%) | Refine: 157333/157353 (100.0%) | Explore: 67445/67447 (100.0%)
T=31142.01 | W=100.4um | Current HPWL=1642676.19 um | Best HPWL=431210.20 um | Accept Rate=99.6% | Improvements: 180/800 (22.5%) | Refine: 162939/162972 (100.0%) | Explore: 69824/69828 (100.0%)
T=20704.22 | W=100.4um | Current HPWL=1646324.04 um | Best HPWL=431210.20 um | Accept Rate=99.8% | Improvements: 168/800 (21.0%) | Refine: 168506/168555 (100.0%) | Explore: 72240/72245 (100.0%)
T=13764.84 | W=100.4um | Current HPWL=1639046.24 um | Best HPWL=431210.20 um | Accept Rate=99.6% | Improvements: 193/800 (24.1%) | Refine: 174092/174169 (100.0%) | Explore: 74622/74631 (100.0%)
T=9151.32 | W=100.4um | Current HPWL=1617940.97 um | Best HPWL=431210.20 um | Accept Rate=99.8% | Improvements: 190/800 (23.8%) | Refine: 179728/179838 (99.9%) | Explore: 76952/76962 (100.0%)
T=6084.09 | W=100.4um | Current HPWL=1635944.32 um | Best HPWL=431210.20 um | Accept Rate=99.6% | Improvements: 188/800 (23.5%) | Refine: 185325/185483 (99.9%) | Explore: 79304/79317 (100.0%)
T=4044.90 | W=100.4um | Current HPWL=1655648.60 um | Best HPWL=431210.20 um | Accept Rate=98.8% | Improvements: 164/800 (20.5%) | Refine: 190813/191043 (99.9%) | Explore: 81729/81757 (100.0%)
T=2689.18 | W=100.4um | Current HPWL=1647681.76 um | Best HPWL=431210.20 um | Accept Rate=98.2% | Improvements: 183/800 (22.9%) | Refine: 196263/196593 (99.8%) | Explore: 84156/84207 (99.9%)
T=1787.86 | W=100.4um | Current HPWL=1626052.04 um | Best HPWL=431210.20 um | Accept Rate=97.2% | Improvements: 179/800 (22.4%) | Refine: 201724/202203 (99.8%) | Explore: 86513/86597 (99.9%)
T=1188.63 | W=100.4um | Current HPWL=1605270.50 um | Best HPWL=431210.20 um | Accept Rate=96.5% | Improvements: 189/800 (23.6%) | Refine: 207055/207768 (99.7%) | Explore: 88903/89032 (99.9%)
T=790.24 | W=100.4um | Current HPWL=1559612.24 um | Best HPWL=431210.20 um | Accept Rate=95.2% | Improvements: 158/800 (19.8%) | Refine: 212294/213363 (99.5%) | Explore: 91253/91437 (99.8%)
T=525.38 | W=100.4um | Current HPWL=1503738.48 um | Best HPWL=431210.20 um | Accept Rate=92.2% | Improvements: 173/800 (21.6%) | Refine: 217384/218928 (99.3%) | Explore: 93592/93872 (99.7%)
T=349.29 | W=100.4um | Current HPWL=1442421.09 um | Best HPWL=431210.20 um | Accept Rate=86.6% | Improvements: 148/800 (18.5%) | Refine: 222288/224544 (99.0%) | Explore: 95851/96256 (99.6%)
T=232.22 | W=100.4um | Current HPWL=1381535.64 um | Best HPWL=431210.20 um | Accept Rate=84.0% | Improvements: 144/800 (18.0%) | Refine: 227014/230105 (98.7%) | Explore: 98094/98695 (99.4%)
T=154.39 | W=100.4um | Current HPWL=1321826.49 um | Best HPWL=431210.20 um | Accept Rate=84.2% | Improvements: 142/800 (17.8%) | Refine: 231631/235751 (98.3%) | Explore: 100192/101049 (99.2%)
T=102.64 | W=100.4um | Current HPWL=1253131.28 um | Best HPWL=431210.20 um | Accept Rate=78.2% | Improvements: 133/800 (16.6%) | Refine: 236113/241355 (97.8%) | Explore: 102242/103445 (98.8%)
T=68.24 | W=100.4um | Current HPWL=1184163.38 um | Best HPWL=431210.20 um | Accept Rate=78.4% | Improvements: 126/800 (15.8%) | Refine: 240516/246960 (97.4%) | Explore: 104142/105840 (98.4%)
T=45.37 | W=100.4um | Current HPWL=1131088.16 um | Best HPWL=431210.20 um | Accept Rate=74.8% | Improvements: 96/800 (12.0%) | Refine: 244766/252582 (96.9%) | Explore: 105922/108218 (97.9%)
T=30.16 | W=100.4um | Current HPWL=1077290.86 um | Best HPWL=431210.20 um | Accept Rate=74.4% | Improvements: 103/800 (12.9%) | Refine: 248968/258227 (96.4%) | Explore: 107551/110573 (97.3%)
T=20.05 | W=100.4um | Current HPWL=1025059.62 um | Best HPWL=431210.20 um | Accept Rate=71.1% | Improvements: 121/800 (15.1%) | Refine: 253167/263822 (96.0%) | Explore: 109054/112978 (96.5%)
T=13.33 | W=100.4um | Current HPWL=974633.84 um | Best HPWL=431210.20 um | Accept Rate=68.4% | Improvements: 104/800 (13.0%) | Refine: 257279/269410 (95.5%) | Explore: 110417/115390 (95.7%)
T=8.86 | W=100.4um | Current HPWL=926509.68 um | Best HPWL=431210.20 um | Accept Rate=66.8% | Improvements: 98/800 (12.2%) | Refine: 261326/274995 (95.0%) | Explore: 111738/117805 (94.8%)
T=5.89 | W=100.4um | Current HPWL=887677.95 um | Best HPWL=431210.20 um | Accept Rate=66.1% | Improvements: 81/800 (10.1%) | Refine: 265412/280642 (94.6%) | Explore: 112934/120158 (94.0%)
T=3.92 | W=100.4um | Current HPWL=849098.23 um | Best HPWL=431210.20 um | Accept Rate=64.1% | Improvements: 76/800 (9.5%) | Refine: 269511/286237 (94.2%) | Explore: 114041/122563 (93.0%)
T=2.60 | W=100.4um | Current HPWL=815336.84 um | Best HPWL=431210.20 um | Accept Rate=64.6% | Improvements: 83/800 (10.4%) | Refine: 273621/291847 (93.8%) | Explore: 115145/124953 (92.2%)
T=1.73 | W=100.4um | Current HPWL=783701.12 um | Best HPWL=431210.20 um | Accept Rate=62.1% | Improvements: 76/800 (9.5%) | Refine: 277622/297453 (93.3%) | Explore: 116152/127347 (91.2%)
T=1.15 | W=100.4um | Current HPWL=756320.44 um | Best HPWL=431210.20 um | Accept Rate=65.9% | Improvements: 66/800 (8.2%) | Refine: 281713/303085 (92.9%) | Explore: 117130/129715 (90.3%)
T=0.77 | W=100.4um | Current HPWL=729638.48 um | Best HPWL=431210.20 um | Accept Rate=62.7% | Improvements: 60/800 (7.5%) | Refine: 285771/308683 (92.6%) | Explore: 118144/132117 (89.4%)
T=0.51 | W=100.4um | Current HPWL=706877.74 um | Best HPWL=431210.20 um | Accept Rate=62.1% | Improvements: 67/800 (8.4%) | Refine: 289749/314251 (92.2%) | Explore: 119090/134549 (88.5%)
T=0.34 | W=100.4um | Current HPWL=685360.59 um | Best HPWL=431210.20 um | Accept Rate=66.0% | Improvements: 67/800 (8.4%) | Refine: 293840/319895 (91.9%) | Explore: 120028/136905 (87.7%)
T=0.22 | W=100.4um | Current HPWL=663759.09 um | Best HPWL=431210.20 um | Accept Rate=59.6% | Improvements: 58/800 (7.2%) | Refine: 297827/325464 (91.5%) | Explore: 120922/139336 (86.8%)
T=0.15 | W=100.4um | Current HPWL=643588.14 um | Best HPWL=431210.20 um | Accept Rate=59.0% | Improvements: 59/800 (7.4%) | Refine: 301720/331038 (91.1%) | Explore: 121814/141762 (85.9%)
T=0.10 | W=100.4um | Current HPWL=627325.44 um | Best HPWL=431210.20 um | Accept Rate=59.4% | Improvements: 56/800 (7.0%) | Refine: 305767/336722 (90.8%) | Explore: 122632/144078 (85.1%)
T=0.07 | W=100.4um | Current HPWL=611269.86 um | Best HPWL=431210.20 um | Accept Rate=60.1% | Improvements: 47/800 (5.9%) | Refine: 309739/342343 (90.5%) | Explore: 123447/146457 (84.3%)
T=0.04 | W=100.4um | Current HPWL=594991.32 um | Best HPWL=431210.20 um | Accept Rate=56.1% | Improvements: 43/800 (5.4%) | Refine: 313754/347986 (90.2%) | Explore: 124262/148814 (83.5%)
T=0.03 | W=100.4um | Current HPWL=580562.04 um | Best HPWL=431210.20 um | Accept Rate=61.8% | Improvements: 55/800 (6.9%) | Refine: 317741/353520 (89.9%) | Explore: 125119/151280 (82.7%)
T=0.02 | W=100.4um | Current HPWL=566161.24 um | Best HPWL=431210.20 um | Accept Rate=59.9% | Improvements: 48/800 (6.0%) | Refine: 321763/359243 (89.6%) | Explore: 125872/153557 (82.0%)
T=0.01 | W=100.4um | Current HPWL=553388.18 um | Best HPWL=431210.20 um | Accept Rate=58.0% | Improvements: 47/800 (5.9%) | Refine: 325710/364824 (89.3%) | Explore: 126659/155976 (81.2%)
T=0.01 | W=100.4um | Current HPWL=540424.09 um | Best HPWL=431210.20 um | Accept Rate=58.5% | Improvements: 49/800 (6.1%) | Refine: 329743/370479 (89.0%) | Explore: 127405/158321 (80.5%)
T=0.01 | W=100.4um | Current HPWL=529030.13 um | Best HPWL=431210.20 um | Accept Rate=60.6% | Improvements: 41/800 (5.1%) | Refine: 333733/376125 (88.7%) | Explore: 128101/160675 (79.7%)
T=0.00 | W=100.4um | Current HPWL=518672.66 um | Best HPWL=431210.20 um | Accept Rate=60.8% | Improvements: 36/800 (4.5%) | Refine: 337807/381814 (88.5%) | Explore: 128806/162986 (79.0%)
T=0.00 | W=100.4um | Current HPWL=506856.10 um | Best HPWL=431210.20 um | Accept Rate=57.5% | Improvements: 41/800 (5.1%) | Refine: 341830/387436 (88.2%) | Explore: 129516/165364 (78.3%)
T=0.00 | W=100.4um | Current HPWL=498971.14 um | Best HPWL=431210.20 um | Accept Rate=60.2% | Improvements: 44/800 (5.5%) | Refine: 344195/390735 (88.1%) | Explore: 129977/166865 (77.9%)
T=0.00 | W=100.4um | Current HPWL=497692.04 um | Best HPWL=431210.20 um | Accept Rate=60.0% | Improvements: 47/800 (5.9%) | Refine: 344596/391281 (88.1%) | Explore: 130056/167119 (77.8%)
T=0.00 | W=100.4um | Current HPWL=496860.12 um | Best HPWL=431210.20 um | Accept Rate=58.4% | Improvements: 45/800 (5.6%) | Refine: 344971/391829 (88.0%) | Explore: 130148/167371 (77.8%)
T=0.00 | W=100.4um | Current HPWL=495817.22 um | Best HPWL=431210.20 um | Accept Rate=60.4% | Improvements: 36/800 (4.5%) | Refine: 345382/392384 (88.0%) | Explore: 130220/167616 (77.7%)
T=0.00 | W=100.4um | Current HPWL=494278.78 um | Best HPWL=431210.20 um | Accept Rate=60.2% | Improvements: 49/800 (6.1%) | Refine: 345788/392949 (88.0%) | Explore: 130296/167851 (77.6%)
T=0.00 | W=100.4um | Current HPWL=493391.20 um | Best HPWL=431210.20 um | Accept Rate=58.5% | Improvements: 31/800 (3.9%) | Refine: 346183/393497 (88.0%) | Explore: 130369/168103 (77.6%)
T=0.00 | W=100.4um | Current HPWL=492453.26 um | Best HPWL=431210.20 um | Accept Rate=57.5% | Improvements: 37/800 (4.6%) | Refine: 346571/394056 (87.9%) | Explore: 130441/168344 (77.5%)
T=0.00 | W=100.4um | Current HPWL=491065.68 um | Best HPWL=431210.20 um | Accept Rate=55.9% | Improvements: 38/800 (4.8%) | Refine: 346955/394625 (87.9%) | Explore: 130504/168575 (77.4%)
T=0.00 | W=100.4um | Current HPWL=490179.84 um | Best HPWL=431210.20 um | Accept Rate=57.4% | Improvements: 30/800 (3.8%) | Refine: 347345/395172 (87.9%) | Explore: 130573/168828 (77.3%)
T=0.00 | W=100.4um | Current HPWL=489422.48 um | Best HPWL=431210.20 um | Accept Rate=60.2% | Improvements: 30/800 (3.8%) | Refine: 347766/395736 (87.9%) | Explore: 130634/169064 (77.3%)
T=0.00 | W=100.4um | Current HPWL=488086.40 um | Best HPWL=431210.20 um | Accept Rate=59.9% | Improvements: 46/800 (5.8%) | Refine: 348161/396293 (87.9%) | Explore: 130718/169307 (77.2%)
T=0.00 | W=100.4um | Current HPWL=487372.14 um | Best HPWL=431210.20 um | Accept Rate=57.8% | Improvements: 30/800 (3.8%) | Refine: 348560/396862 (87.8%) | Explore: 130781/169538 (77.1%)
T=0.00 | W=100.4um | Current HPWL=486345.02 um | Best HPWL=431210.20 um | Accept Rate=59.1% | Improvements: 39/800 (4.9%) | Refine: 348955/397411 (87.8%) | Explore: 130859/169789 (77.1%)
T=0.00 | W=100.4um | Current HPWL=485588.68 um | Best HPWL=431210.20 um | Accept Rate=56.5% | Improvements: 33/800 (4.1%) | Refine: 349346/397985 (87.8%) | Explore: 130920/170015 (77.0%)
T=0.00 | W=100.4um | Current HPWL=484471.60 um | Best HPWL=431210.20 um | Accept Rate=57.9% | Improvements: 33/800 (4.1%) | Refine: 349747/398551 (87.8%) | Explore: 130982/170249 (76.9%)
T=0.00 | W=100.4um | Current HPWL=483822.98 um | Best HPWL=431210.20 um | Accept Rate=59.0% | Improvements: 32/800 (4.0%) | Refine: 350154/399113 (87.7%) | Explore: 131047/170487 (76.9%)
T=0.00 | W=100.4um | Current HPWL=482873.70 um | Best HPWL=431210.20 um | Accept Rate=60.4% | Improvements: 36/800 (4.5%) | Refine: 350572/399673 (87.7%) | Explore: 131112/170727 (76.8%)

============================================================
SA Optimization Complete
============================================================
Initial HPWL: 431210.20 um
Final Total HPWL: 431210.20 um
Improvement: 0.00 um (0.00%)
Total Iterations: 713
============================================================


Placement map written to: build/6502/sa_alpha0.96_moves800_Tfinal0.001/6502.map
Total instances: 2899

Placement saved to build/6502/sa_alpha0.96_moves800_Tfinal0.001/6502_placement.json

============================================================
Placement Summary
============================================================
Final Total HPWL: 431210.20 um
Total Instances: 2899
============================================================

Placement completed successfully!
Map file: build/6502/sa_alpha0.96_moves800_Tfinal0.001/6502.map
JSON file: build/6502/sa_alpha0.96_moves800_Tfinal0.001/6502_placement.json

================================================================================
# End time: 2025-11-23T09:08:18.361841
# Return code: 0
