# Log file for: designs/6502_mapped.json
# Configuration: {'alpha': 0.9, 'moves': 300, 't_final': 0.1, '_use_greedy_placement': True, '_greedy_placement': 'build/6502/greedy/6502_placement.json'}
# Start time: 2025-11-23T08:49:50.170710
# Command: /home/mohab/Downloads/work/venv/bin/python placer.py --design designs/6502_mapped.json --fabric-cells fabric/fabric_cells.yaml --pins fabric/pins.yaml --output build/6502/sa_alpha0.9_moves300_Tfinal0.1 --sa-alpha 0.9 --sa-moves 300 --sa-T-final 0.1 --initial-placement build/6502/greedy/6502_placement.json --seed 2032268557
================================================================================

Random seed set to: 2032268557
Loading initial placement from: build/6502/greedy/6502_placement.json

============================================================
Simulated Annealing Optimization
============================================================
Initial HPWL: 431210.20 um
Initial Temperature: 4312102000.00
Cooling Rate (alpha): 0.9
Moves per Temperature: 300
Final Temperature: 0.1
Initial Window Size: 501.80 um
Window Cooling Rate (beta): 0.98
Move Probabilities: Refine=70.0%, Explore=30.0%
============================================================

T=4312102000.00 | W=501.8um | Current HPWL=534338.38 um | Best HPWL=431210.20 um | Accept Rate=100.0% | Improvements: 14/300 (4.7%) | Refine: 207/207 (100.0%) | Explore: 93/93 (100.0%)
T=1503536998.91 | W=410.0um | Current HPWL=947908.90 um | Best HPWL=431210.20 um | Accept Rate=100.0% | Improvements: 46/300 (15.3%) | Refine: 2324/2324 (100.0%) | Explore: 976/976 (100.0%)
T=524250935.41 | W=335.0um | Current HPWL=1119416.08 um | Best HPWL=431210.20 um | Accept Rate=100.0% | Improvements: 50/300 (16.7%) | Refine: 4427/4427 (100.0%) | Explore: 1873/1873 (100.0%)
T=182794998.38 | W=273.7um | Current HPWL=1194905.32 um | Best HPWL=431210.20 um | Accept Rate=100.0% | Improvements: 47/300 (15.7%) | Refine: 6511/6511 (100.0%) | Explore: 2789/2789 (100.0%)
T=63736674.89 | W=223.7um | Current HPWL=1241959.97 um | Best HPWL=431210.20 um | Accept Rate=100.0% | Improvements: 58/300 (19.3%) | Refine: 8614/8614 (100.0%) | Explore: 3686/3686 (100.0%)
T=22223604.38 | W=182.7um | Current HPWL=1265765.71 um | Best HPWL=431210.20 um | Accept Rate=100.0% | Improvements: 74/300 (24.7%) | Refine: 10659/10659 (100.0%) | Explore: 4641/4641 (100.0%)
T=7748891.71 | W=149.3um | Current HPWL=1278630.57 um | Best HPWL=431210.20 um | Accept Rate=100.0% | Improvements: 69/300 (23.0%) | Refine: 12782/12782 (100.0%) | Explore: 5518/5518 (100.0%)
T=2701871.47 | W=122.0um | Current HPWL=1299383.92 um | Best HPWL=431210.20 um | Accept Rate=100.0% | Improvements: 77/300 (25.7%) | Refine: 14929/14929 (100.0%) | Explore: 6371/6371 (100.0%)
T=942084.33 | W=100.4um | Current HPWL=1309079.26 um | Best HPWL=431210.20 um | Accept Rate=100.0% | Improvements: 68/300 (22.7%) | Refine: 17049/17049 (100.0%) | Explore: 7251/7251 (100.0%)
T=328484.49 | W=100.4um | Current HPWL=1311404.14 um | Best HPWL=431210.20 um | Accept Rate=100.0% | Improvements: 71/300 (23.7%) | Refine: 19148/19148 (100.0%) | Explore: 8152/8152 (100.0%)
T=114535.46 | W=100.4um | Current HPWL=1320514.21 um | Best HPWL=431210.20 um | Accept Rate=100.0% | Improvements: 65/300 (21.7%) | Refine: 21249/21249 (100.0%) | Explore: 9051/9051 (100.0%)
T=39936.05 | W=100.4um | Current HPWL=1320101.12 um | Best HPWL=431210.20 um | Accept Rate=100.0% | Improvements: 63/300 (21.0%) | Refine: 23344/23344 (100.0%) | Explore: 9956/9956 (100.0%)
T=13924.84 | W=100.4um | Current HPWL=1331188.44 um | Best HPWL=431210.20 um | Accept Rate=100.0% | Improvements: 57/300 (19.0%) | Refine: 25500/25503 (100.0%) | Explore: 10797/10797 (100.0%)
T=4855.29 | W=100.4um | Current HPWL=1314590.47 um | Best HPWL=431210.20 um | Accept Rate=99.0% | Improvements: 72/300 (24.0%) | Refine: 27612/27630 (99.9%) | Explore: 11667/11670 (100.0%)
T=1692.94 | W=100.4um | Current HPWL=1312704.26 um | Best HPWL=431210.20 um | Accept Rate=98.7% | Improvements: 73/300 (24.3%) | Refine: 29705/29751 (99.8%) | Explore: 12538/12549 (99.9%)
T=590.29 | W=100.4um | Current HPWL=1284975.45 um | Best HPWL=431210.20 um | Accept Rate=94.7% | Improvements: 68/300 (22.7%) | Refine: 31706/31835 (99.6%) | Explore: 13434/13465 (99.8%)
T=205.82 | W=100.4um | Current HPWL=1241880.75 um | Best HPWL=431210.20 um | Accept Rate=88.7% | Improvements: 51/300 (17.0%) | Refine: 33630/33960 (99.0%) | Explore: 14238/14340 (99.3%)
T=71.77 | W=100.4um | Current HPWL=1175778.91 um | Best HPWL=431210.20 um | Accept Rate=83.3% | Improvements: 64/300 (21.3%) | Refine: 35462/36093 (98.3%) | Explore: 14953/15207 (98.3%)
T=25.02 | W=100.4um | Current HPWL=1115152.01 um | Best HPWL=431210.20 um | Accept Rate=75.7% | Improvements: 46/300 (15.3%) | Refine: 37178/38229 (97.3%) | Explore: 15581/16071 (97.0%)
T=8.73 | W=100.4um | Current HPWL=1063102.07 um | Best HPWL=431210.20 um | Accept Rate=74.0% | Improvements: 55/300 (18.3%) | Refine: 38794/40316 (96.2%) | Explore: 16139/16984 (95.0%)
T=3.04 | W=100.4um | Current HPWL=1026046.95 um | Best HPWL=431210.20 um | Accept Rate=71.3% | Improvements: 44/300 (14.7%) | Refine: 40452/42454 (95.3%) | Explore: 16612/17846 (93.1%)
T=1.06 | W=100.4um | Current HPWL=990201.45 um | Best HPWL=431210.20 um | Accept Rate=63.3% | Improvements: 44/300 (14.7%) | Refine: 42073/44581 (94.4%) | Explore: 17035/18719 (91.0%)
T=0.37 | W=100.4um | Current HPWL=962103.25 um | Best HPWL=431210.20 um | Accept Rate=70.3% | Improvements: 43/300 (14.3%) | Refine: 43671/46657 (93.6%) | Explore: 17489/19643 (89.0%)
T=0.20 | W=100.4um | Current HPWL=945825.33 um | Best HPWL=431210.20 um | Accept Rate=65.7% | Improvements: 38/300 (12.7%) | Refine: 44630/47894 (93.2%) | Explore: 17758/20206 (87.9%)
T=0.18 | W=100.4um | Current HPWL=942481.93 um | Best HPWL=431210.20 um | Accept Rate=65.3% | Improvements: 46/300 (15.3%) | Refine: 44778/48094 (93.1%) | Explore: 17806/20306 (87.7%)
T=0.16 | W=100.4um | Current HPWL=940438.87 um | Best HPWL=431210.20 um | Accept Rate=66.0% | Improvements: 46/300 (15.3%) | Refine: 44932/48309 (93.0%) | Explore: 17850/20391 (87.5%)
T=0.14 | W=100.4um | Current HPWL=936951.05 um | Best HPWL=431210.20 um | Accept Rate=65.0% | Improvements: 47/300 (15.7%) | Refine: 45086/48521 (92.9%) | Explore: 17891/20479 (87.4%)
T=0.13 | W=100.4um | Current HPWL=935210.53 um | Best HPWL=431210.20 um | Accept Rate=67.3% | Improvements: 38/300 (12.7%) | Refine: 45241/48724 (92.9%) | Explore: 17938/20576 (87.2%)
T=0.12 | W=100.4um | Current HPWL=932265.53 um | Best HPWL=431210.20 um | Accept Rate=72.0% | Improvements: 38/300 (12.7%) | Refine: 45411/48936 (92.8%) | Explore: 17984/20664 (87.0%)
T=0.10 | W=100.4um | Current HPWL=930891.11 um | Best HPWL=431210.20 um | Accept Rate=68.3% | Improvements: 41/300 (13.7%) | Refine: 45571/49152 (92.7%) | Explore: 18029/20748 (86.9%)

============================================================
SA Optimization Complete
============================================================
Initial HPWL: 431210.20 um
Final Total HPWL: 431210.20 um
Improvement: 0.00 um (0.00%)
Total Iterations: 233
============================================================


Placement map written to: build/6502/sa_alpha0.9_moves300_Tfinal0.1/6502.map
Total instances: 2899

Placement saved to build/6502/sa_alpha0.9_moves300_Tfinal0.1/6502_placement.json

============================================================
Placement Summary
============================================================
Final Total HPWL: 431210.20 um
Total Instances: 2899
============================================================

Placement completed successfully!
Map file: build/6502/sa_alpha0.9_moves300_Tfinal0.1/6502.map
JSON file: build/6502/sa_alpha0.9_moves300_Tfinal0.1/6502_placement.json

================================================================================
# End time: 2025-11-23T08:49:50.170727
# Return code: 0
