# Consolidated log for all placer runs
# Start time: 2025-11-23T08:41:36.326115
# Designs: ['6502']
# Configurations: 20
================================================================================

✓ [1/20] 6502 sa_a0.9_m300_T0.1: 493.8s, HPWL=431210.20 um
✓ [2/20] 6502 sa_a0.9_m300_T0.01: 272.7s, HPWL=431099.38 um
✓ [3/20] 6502 sa_a0.9_m300_T0.001: 564.3s, HPWL=431210.20 um
✓ [4/20] 6502 sa_a0.92_m350_T0.01: 726.0s, HPWL=431210.20 um
✓ [5/20] 6502 sa_a0.94_m400_T0.001: 676.2s, HPWL=431210.20 um
✓ [6/20] 6502 sa_a0.96_m450_T0.01: 806.7s, HPWL=431210.20 um
✓ [7/20] 6502 sa_a0.98_m500_T0.001: 3284.9s, HPWL=407903.13 um
✓ [8/20] 6502 sa_a0.99_m500_T0.001: 3756.1s, HPWL=311659.33 um
✓ [9/20] 6502 sa_a0.99_m500_T0.01: 3697.3s, HPWL=359450.70 um
✓ [10/20] 6502 sa_a0.99_m500_T0.1: 3263.1s, HPWL=402179.46 um
✓ [11/20] 6502 sa_a0.99_m450_T0.001: 3503.7s, HPWL=316522.98 um
✓ [12/20] 6502 sa_a0.99_m400_T0.001: 3413.2s, HPWL=339580.15 um
✓ [13/20] 6502 sa_a0.99_m600_T0.001: 4109.9s, HPWL=288725.08 um
✓ [14/20] 6502 sa_a0.99_m600_T0.01: 4327.0s, HPWL=326724.55 um
✓ [15/20] 6502 sa_a0.99_m700_T0.001: 4118.4s, HPWL=278857.72 um
✓ [16/20] 6502 sa_a0.99_m800_T0.001: 4495.3s, HPWL=279358.76 um
✓ [17/20] 6502 sa_a0.99_m1000_T0.001: 5180.8s, HPWL=264256.14 um
✓ [18/20] 6502 sa_a0.98_m600_T0.001: 2148.0s, HPWL=383960.27 um
✓ [19/20] 6502 sa_a0.97_m700_T0.001: 2159.7s, HPWL=431210.20 um
✓ [20/20] 6502 sa_a0.96_m800_T0.001: 1602.0s, HPWL=431210.20 um

================================================================================
# End time: 2025-11-23T10:07:57.126070
# Total runs: 20
# Successful: 20
# Failed: 0
# Total runtime: 52599.2 seconds
