
============================================================
Simulated Annealing Optimization
============================================================
Initial HPWL: 426853.12 um
Initial Temperature: 42685312.00
Cooling Rate (alpha): 0.97
Moves per Temperature: 2000
Final Temperature: 0.0008
Initial Window Size: 501.80 um
Window Cooling Rate (beta): 0.98
Move Probabilities: Refine=70.0%, Explore=30.0%
============================================================

T=42685312.00 | W=501.8um | Current HPWL=815882.98 um | Best HPWL=426853.12 um | Accept Rate=100.0% | Improvements: 148/2000 (7.4%) | Refine: 1403/1403 (100.0%) | Explore: 597/597 (100.0%)
T=23212031.19 | W=335.0um | Current HPWL=1662484.71 um | Best HPWL=426853.12 um | Accept Rate=100.0% | Improvements: 460/2000 (23.0%) | Refine: 29453/29453 (100.0%) | Explore: 12546/12547 (100.0%)
T=12622571.25 | W=223.7um | Current HPWL=1747608.85 um | Best HPWL=426853.12 um | Accept Rate=100.0% | Improvements: 456/2000 (22.8%) | Refine: 57597/57597 (100.0%) | Explore: 24402/24403 (100.0%)
T=6864082.84 | W=149.3um | Current HPWL=1830805.29 um | Best HPWL=426853.12 um | Accept Rate=100.0% | Improvements: 451/2000 (22.6%) | Refine: 85384/85386 (100.0%) | Explore: 36613/36614 (100.0%)
T=3732649.42 | W=100.4um | Current HPWL=1874695.21 um | Best HPWL=426853.12 um | Accept Rate=100.0% | Improvements: 479/2000 (23.9%) | Refine: 113332/113334 (100.0%) | Explore: 48665/48666 (100.0%)
T=2029793.64 | W=100.4um | Current HPWL=1880745.77 um | Best HPWL=426853.12 um | Accept Rate=100.0% | Improvements: 465/2000 (23.2%) | Refine: 141230/141232 (100.0%) | Explore: 60767/60768 (100.0%)
T=1103790.30 | W=100.4um | Current HPWL=1894196.86 um | Best HPWL=426853.12 um | Accept Rate=100.0% | Improvements: 475/2000 (23.8%) | Refine: 169278/169281 (100.0%) | Explore: 72718/72719 (100.0%)
T=600234.92 | W=100.4um | Current HPWL=1893564.87 um | Best HPWL=426853.12 um | Accept Rate=100.0% | Improvements: 465/2000 (23.2%) | Refine: 196988/196994 (100.0%) | Explore: 85005/85006 (100.0%)
T=326404.35 | W=100.4um | Current HPWL=1887135.21 um | Best HPWL=426853.12 um | Accept Rate=100.0% | Improvements: 478/2000 (23.9%) | Refine: 225009/225019 (100.0%) | Explore: 96979/96981 (100.0%)
T=177496.84 | W=100.4um | Current HPWL=1917888.20 um | Best HPWL=426853.12 um | Accept Rate=100.0% | Improvements: 497/2000 (24.9%) | Refine: 253100/253115 (100.0%) | Explore: 108882/108885 (100.0%)
T=96521.78 | W=100.4um | Current HPWL=1912553.70 um | Best HPWL=426853.12 um | Accept Rate=99.9% | Improvements: 457/2000 (22.9%) | Refine: 281249/281288 (100.0%) | Explore: 120709/120712 (100.0%)
T=52488.00 | W=100.4um | Current HPWL=1913990.17 um | Best HPWL=426853.12 um | Accept Rate=99.8% | Improvements: 440/2000 (22.0%) | Refine: 309287/309351 (100.0%) | Explore: 132641/132649 (100.0%)
T=28542.68 | W=100.4um | Current HPWL=1941692.43 um | Best HPWL=426853.12 um | Accept Rate=99.9% | Improvements: 463/2000 (23.2%) | Refine: 337022/337145 (100.0%) | Explore: 144838/144855 (100.0%)
T=15521.35 | W=100.4um | Current HPWL=1943323.25 um | Best HPWL=426853.12 um | Accept Rate=99.6% | Improvements: 482/2000 (24.1%) | Refine: 364942/365168 (99.9%) | Explore: 156806/156832 (100.0%)
T=8440.42 | W=100.4um | Current HPWL=1915919.49 um | Best HPWL=426853.12 um | Accept Rate=99.6% | Improvements: 447/2000 (22.4%) | Refine: 392734/393139 (99.9%) | Explore: 168810/168861 (100.0%)
T=4589.85 | W=100.4um | Current HPWL=1941477.05 um | Best HPWL=426853.12 um | Accept Rate=98.3% | Improvements: 443/2000 (22.1%) | Refine: 420366/421119 (99.8%) | Explore: 180778/180881 (99.9%)
T=2495.94 | W=100.4um | Current HPWL=1914093.87 um | Best HPWL=426853.12 um | Accept Rate=97.5% | Improvements: 463/2000 (23.2%) | Refine: 447732/449118 (99.7%) | Explore: 192686/192882 (99.9%)
T=1357.28 | W=100.4um | Current HPWL=1868402.90 um | Best HPWL=426853.12 um | Accept Rate=96.0% | Improvements: 424/2000 (21.2%) | Refine: 474583/477176 (99.5%) | Explore: 204451/204824 (99.8%)
T=738.08 | W=100.4um | Current HPWL=1761491.01 um | Best HPWL=426853.12 um | Accept Rate=92.7% | Improvements: 416/2000 (20.8%) | Refine: 500473/505105 (99.1%) | Explore: 216228/216895 (99.7%)
T=401.36 | W=100.4um | Current HPWL=1599201.02 um | Best HPWL=426853.12 um | Accept Rate=88.5% | Improvements: 368/2000 (18.4%) | Refine: 524870/533008 (98.5%) | Explore: 227796/228992 (99.5%)
T=218.26 | W=100.4um | Current HPWL=1414143.83 um | Best HPWL=426853.12 um | Accept Rate=82.7% | Improvements: 317/2000 (15.8%) | Refine: 547827/560979 (97.7%) | Explore: 239021/241021 (99.2%)
T=118.69 | W=100.4um | Current HPWL=1235303.31 um | Best HPWL=426853.12 um | Accept Rate=80.8% | Improvements: 273/2000 (13.7%) | Refine: 569371/588754 (96.7%) | Explore: 249729/253246 (98.6%)
T=64.54 | W=100.4um | Current HPWL=1070343.84 um | Best HPWL=426853.12 um | Accept Rate=76.4% | Improvements: 250/2000 (12.5%) | Refine: 590357/616779 (95.7%) | Explore: 259406/265221 (97.8%)
T=35.10 | W=100.4um | Current HPWL=936510.56 um | Best HPWL=426853.12 um | Accept Rate=71.4% | Improvements: 206/2000 (10.3%) | Refine: 610939/644901 (94.7%) | Explore: 267866/277099 (96.7%)
T=19.09 | W=100.4um | Current HPWL=811488.55 um | Best HPWL=426853.12 um | Accept Rate=67.5% | Improvements: 213/2000 (10.7%) | Refine: 631081/672811 (93.8%) | Explore: 275335/289189 (95.2%)
T=10.38 | W=100.4um | Current HPWL=710139.81 um | Best HPWL=426853.12 um | Accept Rate=64.2% | Improvements: 155/2000 (7.8%) | Refine: 651329/700882 (92.9%) | Explore: 281514/301118 (93.5%)
T=5.64 | W=100.4um | Current HPWL=632700.63 um | Best HPWL=426853.12 um | Accept Rate=62.5% | Improvements: 155/2000 (7.8%) | Refine: 671458/729018 (92.1%) | Explore: 286674/312982 (91.6%)
T=3.07 | W=100.4um | Current HPWL=569408.29 um | Best HPWL=426853.12 um | Accept Rate=59.5% | Improvements: 115/2000 (5.8%) | Refine: 691452/757008 (91.3%) | Explore: 291169/324992 (89.6%)
T=1.67 | W=100.4um | Current HPWL=517627.86 um | Best HPWL=426853.12 um | Accept Rate=59.2% | Improvements: 93/2000 (4.7%) | Refine: 711386/784913 (90.6%) | Explore: 295158/337087 (87.6%)
T=0.91 | W=100.4um | Current HPWL=479841.56 um | Best HPWL=426853.12 um | Accept Rate=57.2% | Improvements: 86/2000 (4.3%) | Refine: 731119/812793 (90.0%) | Explore: 298784/349207 (85.6%)
T=0.49 | W=100.4um | Current HPWL=448488.42 um | Best HPWL=426853.12 um | Accept Rate=58.0% | Improvements: 70/2000 (3.5%) | Refine: 751098/840709 (89.3%) | Explore: 302118/361291 (83.6%)
  → Found improvement! New best HPWL: 425267.02 um (improvement: -16.36 um)
  → Found improvement! New best HPWL: 425267.02 um (improvement: 0.00 um)
  → Found improvement! New best HPWL: 425234.38 um (improvement: -32.64 um)
  → Found improvement! New best HPWL: 425228.94 um (improvement: -5.44 um)
  → Found improvement! New best HPWL: 425223.50 um (improvement: -5.44 um)
  → Found improvement! New best HPWL: 425223.50 um (improvement: 0.00 um)
  → Found improvement! New best HPWL: 425219.62 um (improvement: -3.88 um)
  → Found improvement! New best HPWL: 425217.14 um (improvement: -2.48 um)
  → Found improvement! New best HPWL: 425191.22 um (improvement: -25.92 um)
  → Found improvement! New best HPWL: 425179.26 um (improvement: -11.96 um)
  → Found improvement! New best HPWL: 425141.18 um (improvement: -38.08 um)
  → Found improvement! New best HPWL: 425136.18 um (improvement: -5.00 um)
  → Found improvement! New best HPWL: 425135.34 um (improvement: -0.84 um)
  → Found improvement! New best HPWL: 425116.94 um (improvement: -18.40 um)
  → Found improvement! New best HPWL: 425114.64 um (improvement: -2.30 um)
  → Found improvement! New best HPWL: 425112.28 um (improvement: -2.36 um)
  → Found improvement! New best HPWL: 425106.00 um (improvement: -6.28 um)
  → Found improvement! New best HPWL: 425083.40 um (improvement: -22.60 um)
  → Found improvement! New best HPWL: 425083.40 um (improvement: 0.00 um)
  → Found improvement! New best HPWL: 425055.36 um (improvement: -28.04 um)
  → Found improvement! New best HPWL: 425007.06 um (improvement: -48.30 um)
  → Found improvement! New best HPWL: 424990.50 um (improvement: -16.56 um)
  → Found improvement! New best HPWL: 424962.94 um (improvement: -27.56 um)
  → Found improvement! New best HPWL: 424960.14 um (improvement: -2.80 um)
  → Found improvement! New best HPWL: 424955.54 um (improvement: -4.60 um)
  → Found improvement! New best HPWL: 424938.50 um (improvement: -17.04 um)
  → Found improvement! New best HPWL: 424931.68 um (improvement: -6.82 um)
  → Found improvement! New best HPWL: 424931.68 um (improvement: 0.00 um)
  → Found improvement! New best HPWL: 424904.46 um (improvement: -27.22 um)
  → Found improvement! New best HPWL: 424896.50 um (improvement: -7.96 um)
  → Found improvement! New best HPWL: 424858.02 um (improvement: -38.48 um)
  → Found improvement! New best HPWL: 424846.52 um (improvement: -11.50 um)
  → Found improvement! New best HPWL: 424834.58 um (improvement: -11.94 um)
  → Found improvement! New best HPWL: 424829.98 um (improvement: -4.60 um)
  → Found improvement! New best HPWL: 424720.00 um (improvement: -109.98 um)
  → Found improvement! New best HPWL: 424709.12 um (improvement: -10.88 um)
  → Found improvement! New best HPWL: 424697.42 um (improvement: -11.70 um)
  → Found improvement! New best HPWL: 424692.82 um (improvement: -4.60 um)
  → Found improvement! New best HPWL: 424692.36 um (improvement: -0.46 um)
  → Found improvement! New best HPWL: 424681.48 um (improvement: -10.88 um)
  → Found improvement! New best HPWL: 424655.96 um (improvement: -25.52 um)
  → Found improvement! New best HPWL: 424595.72 um (improvement: -60.24 um)
  → Found improvement! New best HPWL: 424579.82 um (improvement: -15.90 um)
  → Found improvement! New best HPWL: 424558.06 um (improvement: -21.76 um)
  → Found improvement! New best HPWL: 424558.06 um (improvement: -0.00 um)
  → Found improvement! New best HPWL: 424528.78 um (improvement: -29.28 um)
  → Found improvement! New best HPWL: 424522.92 um (improvement: -5.86 um)
  → Found improvement! New best HPWL: 424494.44 um (improvement: -28.48 um)
  → Found improvement! New best HPWL: 424488.30 um (improvement: -6.14 um)
  → Found improvement! New best HPWL: 424463.46 um (improvement: -24.84 um)
  → Found improvement! New best HPWL: 424439.38 um (improvement: -24.08 um)
  → Found improvement! New best HPWL: 424430.18 um (improvement: -9.20 um)
  → Found improvement! New best HPWL: 424424.74 um (improvement: -5.44 um)
  → Found improvement! New best HPWL: 424420.14 um (improvement: -4.60 um)
  → Found improvement! New best HPWL: 424420.14 um (improvement: 0.00 um)
  → Found improvement! New best HPWL: 424392.38 um (improvement: -27.76 um)
  → Found improvement! New best HPWL: 424370.62 um (improvement: -21.76 um)
  → Found improvement! New best HPWL: 424368.32 um (improvement: -2.30 um)
  → Found improvement! New best HPWL: 424361.60 um (improvement: -6.72 um)
  → Found improvement! New best HPWL: 424357.16 um (improvement: -4.44 um)
  → Found improvement! New best HPWL: 424357.12 um (improvement: -0.04 um)
  → Found improvement! New best HPWL: 424339.02 um (improvement: -18.10 um)
T=0.27 | W=100.4um | Current HPWL=424339.02 um | Best HPWL=424339.02 um | Accept Rate=60.0% | Improvements: 62/2000 (3.1%) | Refine: 771147/868681 (88.8%) | Explore: 305100/373319 (81.7%)
  → Found improvement! New best HPWL: 403362.30 um (improvement: -27.60 um)
  → Found improvement! New best HPWL: 403359.54 um (improvement: -2.76 um)
  → Found improvement! New best HPWL: 403354.10 um (improvement: -5.44 um)
  → Found improvement! New best HPWL: 403325.44 um (improvement: -28.66 um)
  → Found improvement! New best HPWL: 403316.44 um (improvement: -9.00 um)
  → Found improvement! New best HPWL: 403292.84 um (improvement: -23.60 um)
  → Found improvement! New best HPWL: 403287.40 um (improvement: -5.44 um)
  → Found improvement! New best HPWL: 403282.04 um (improvement: -5.36 um)
  → Found improvement! New best HPWL: 403268.24 um (improvement: -13.80 um)
  → Found improvement! New best HPWL: 403265.98 um (improvement: -2.26 um)
  → Found improvement! New best HPWL: 403248.38 um (improvement: -17.62 um)
  → Found improvement! New best HPWL: 403209.68 um (improvement: -38.70 um)
  → Found improvement! New best HPWL: 403197.54 um (improvement: -12.14 um)
  → Found improvement! New best HPWL: 403175.38 um (improvement: -22.16 um)
  → Found improvement! New best HPWL: 403174.46 um (improvement: -0.92 um)
  → Found improvement! New best HPWL: 403162.96 um (improvement: -11.50 um)
  → Found improvement! New best HPWL: 403136.30 um (improvement: -26.66 um)
  → Found improvement! New best HPWL: 403136.30 um (improvement: 0.00 um)
  → Found improvement! New best HPWL: 403133.38 um (improvement: -2.92 um)
  → Found improvement! New best HPWL: 403130.66 um (improvement: -2.72 um)
  → Found improvement! New best HPWL: 403125.22 um (improvement: -5.44 um)
  → Found improvement! New best HPWL: 403090.42 um (improvement: -34.80 um)
  → Found improvement! New best HPWL: 403084.14 um (improvement: -6.28 um)
  → Found improvement! New best HPWL: 403060.84 um (improvement: -23.30 um)
  → Found improvement! New best HPWL: 403059.40 um (improvement: -1.44 um)
  → Found improvement! New best HPWL: 403028.60 um (improvement: -30.80 um)
  → Found improvement! New best HPWL: 403025.04 um (improvement: -3.56 um)
  → Found improvement! New best HPWL: 403003.28 um (improvement: -21.76 um)
  → Found improvement! New best HPWL: 402984.58 um (improvement: -18.70 um)
  → Found improvement! New best HPWL: 402976.42 um (improvement: -8.16 um)
  → Found improvement! New best HPWL: 402971.82 um (improvement: -4.60 um)
  → Found improvement! New best HPWL: 402951.12 um (improvement: -20.70 um)
  → Found improvement! New best HPWL: 402937.32 um (improvement: -13.80 um)
  → Found improvement! New best HPWL: 402928.90 um (improvement: -8.42 um)
  → Found improvement! New best HPWL: 402918.56 um (improvement: -10.34 um)
  → Found improvement! New best HPWL: 402916.72 um (improvement: -1.84 um)
  → Found improvement! New best HPWL: 402899.14 um (improvement: -17.58 um)
  → Found improvement! New best HPWL: 402898.30 um (improvement: -0.84 um)
  → Found improvement! New best HPWL: 402867.54 um (improvement: -30.76 um)
  → Found improvement! New best HPWL: 402842.22 um (improvement: -25.32 um)
  → Found improvement! New best HPWL: 402801.00 um (improvement: -41.22 um)
  → Found improvement! New best HPWL: 402796.94 um (improvement: -4.06 um)
  → Found improvement! New best HPWL: 402796.94 um (improvement: 0.00 um)
  → Found improvement! New best HPWL: 402760.14 um (improvement: -36.80 um)
  → Found improvement! New best HPWL: 402723.12 um (improvement: -37.02 um)
  → Found improvement! New best HPWL: 402702.18 um (improvement: -20.94 um)
  → Found improvement! New best HPWL: 402671.84 um (improvement: -30.34 um)
  → Found improvement! New best HPWL: 402638.38 um (improvement: -33.46 um)
  → Found improvement! New best HPWL: 402614.04 um (improvement: -24.34 um)
  → Found improvement! New best HPWL: 402597.72 um (improvement: -16.32 um)
  → Found improvement! New best HPWL: 402577.80 um (improvement: -19.92 um)
  → Found improvement! New best HPWL: 402574.72 um (improvement: -3.08 um)
  → Found improvement! New best HPWL: 402573.30 um (improvement: -1.42 um)
  → Found improvement! New best HPWL: 402564.28 um (improvement: -9.02 um)
  → Found improvement! New best HPWL: 402521.64 um (improvement: -42.64 um)
  → Found improvement! New best HPWL: 402516.20 um (improvement: -5.44 um)
  → Found improvement! New best HPWL: 402508.04 um (improvement: -8.16 um)
  → Found improvement! New best HPWL: 402466.64 um (improvement: -41.40 um)
  → Found improvement! New best HPWL: 402428.88 um (improvement: -37.76 um)
  → Found improvement! New best HPWL: 402424.78 um (improvement: -4.10 um)
  → Found improvement! New best HPWL: 402405.74 um (improvement: -19.04 um)
T=0.15 | W=100.4um | Current HPWL=402405.74 um | Best HPWL=402405.74 um | Accept Rate=57.1% | Improvements: 59/2000 (2.9%) | Refine: 791104/896637 (88.2%) | Explore: 308032/385363 (79.9%)
  → Found improvement! New best HPWL: 386135.66 um (improvement: -2.30 um)
  → Found improvement! New best HPWL: 386105.34 um (improvement: -30.32 um)
  → Found improvement! New best HPWL: 386101.78 um (improvement: -3.56 um)
  → Found improvement! New best HPWL: 386082.74 um (improvement: -19.04 um)
  → Found improvement! New best HPWL: 386078.14 um (improvement: -4.60 um)
  → Found improvement! New best HPWL: 386078.14 um (improvement: 0.00 um)
  → Found improvement! New best HPWL: 386074.00 um (improvement: -4.14 um)
  → Found improvement! New best HPWL: 386072.96 um (improvement: -1.04 um)
  → Found improvement! New best HPWL: 386052.66 um (improvement: -20.30 um)
  → Found improvement! New best HPWL: 386048.18 um (improvement: -4.48 um)
  → Found improvement! New best HPWL: 386006.94 um (improvement: -41.24 um)
  → Found improvement! New best HPWL: 386006.94 um (improvement: 0.00 um)
  → Found improvement! New best HPWL: 385967.40 um (improvement: -39.54 um)
  → Found improvement! New best HPWL: 385965.10 um (improvement: -2.30 um)
  → Found improvement! New best HPWL: 385950.24 um (improvement: -14.86 um)
  → Found improvement! New best HPWL: 385947.52 um (improvement: -2.72 um)
  → Found improvement! New best HPWL: 385910.72 um (improvement: -36.80 um)
  → Found improvement! New best HPWL: 385894.40 um (improvement: -16.32 um)
  → Found improvement! New best HPWL: 385845.36 um (improvement: -49.04 um)
  → Found improvement! New best HPWL: 385842.64 um (improvement: -2.72 um)
  → Found improvement! New best HPWL: 385820.88 um (improvement: -21.76 um)
  → Found improvement! New best HPWL: 385765.12 um (improvement: -55.76 um)
  → Found improvement! New best HPWL: 385741.28 um (improvement: -23.84 um)
  → Found improvement! New best HPWL: 385740.84 um (improvement: -0.44 um)
  → Found improvement! New best HPWL: 385736.26 um (improvement: -4.58 um)
  → Found improvement! New best HPWL: 385732.66 um (improvement: -3.60 um)
  → Found improvement! New best HPWL: 385691.44 um (improvement: -41.22 um)
  → Found improvement! New best HPWL: 385691.44 um (improvement: -0.00 um)
  → Found improvement! New best HPWL: 385654.34 um (improvement: -37.10 um)
  → Found improvement! New best HPWL: 385635.72 um (improvement: -18.62 um)
  → Found improvement! New best HPWL: 385603.08 um (improvement: -32.64 um)
  → Found improvement! New best HPWL: 385600.78 um (improvement: -2.30 um)
  → Found improvement! New best HPWL: 385568.14 um (improvement: -32.64 um)
  → Found improvement! New best HPWL: 385567.64 um (improvement: -0.50 um)
  → Found improvement! New best HPWL: 385567.22 um (improvement: -0.42 um)
  → Found improvement! New best HPWL: 385529.56 um (improvement: -37.66 um)
  → Found improvement! New best HPWL: 385515.76 um (improvement: -13.80 um)
  → Found improvement! New best HPWL: 385510.32 um (improvement: -5.44 um)
  → Found improvement! New best HPWL: 385494.00 um (improvement: -16.32 um)
  → Found improvement! New best HPWL: 385458.84 um (improvement: -35.16 um)
  → Found improvement! New best HPWL: 385456.76 um (improvement: -2.08 um)
  → Found improvement! New best HPWL: 385452.78 um (improvement: -3.98 um)
  → Found improvement! New best HPWL: 385451.74 um (improvement: -1.04 um)
  → Found improvement! New best HPWL: 385427.86 um (improvement: -23.88 um)
T=0.08 | W=100.4um | Current HPWL=385427.86 um | Best HPWL=385427.86 um | Accept Rate=56.5% | Improvements: 42/2000 (2.1%) | Refine: 811078/924590 (87.7%) | Explore: 310794/397410 (78.2%)
  → Found improvement! New best HPWL: 370186.92 um (improvement: -18.18 um)
  → Found improvement! New best HPWL: 370154.72 um (improvement: -32.20 um)
  → Found improvement! New best HPWL: 370110.92 um (improvement: -43.80 um)
  → Found improvement! New best HPWL: 370102.76 um (improvement: -8.16 um)
  → Found improvement! New best HPWL: 370091.26 um (improvement: -11.50 um)
  → Found improvement! New best HPWL: 370082.14 um (improvement: -9.12 um)
  → Found improvement! New best HPWL: 370073.40 um (improvement: -8.74 um)
  → Found improvement! New best HPWL: 370058.32 um (improvement: -15.08 um)
  → Found improvement! New best HPWL: 370052.80 um (improvement: -5.52 um)
  → Found improvement! New best HPWL: 370009.28 um (improvement: -43.52 um)
  → Found improvement! New best HPWL: 370009.06 um (improvement: -0.22 um)
  → Found improvement! New best HPWL: 370007.60 um (improvement: -1.46 um)
  → Found improvement! New best HPWL: 369995.88 um (improvement: -11.72 um)
  → Found improvement! New best HPWL: 369986.46 um (improvement: -9.42 um)
  → Found improvement! New best HPWL: 369975.88 um (improvement: -10.58 um)
  → Found improvement! New best HPWL: 369941.16 um (improvement: -34.72 um)
  → Found improvement! New best HPWL: 369932.50 um (improvement: -8.66 um)
  → Found improvement! New best HPWL: 369871.02 um (improvement: -61.48 um)
  → Found improvement! New best HPWL: 369859.74 um (improvement: -11.28 um)
  → Found improvement! New best HPWL: 369814.98 um (improvement: -44.76 um)
  → Found improvement! New best HPWL: 369760.20 um (improvement: -54.78 um)
  → Found improvement! New best HPWL: 369722.12 um (improvement: -38.08 um)
  → Found improvement! New best HPWL: 369716.68 um (improvement: -5.44 um)
  → Found improvement! New best HPWL: 369697.64 um (improvement: -19.04 um)
  → Found improvement! New best HPWL: 369677.68 um (improvement: -19.96 um)
  → Found improvement! New best HPWL: 369650.48 um (improvement: -27.20 um)
  → Found improvement! New best HPWL: 369645.88 um (improvement: -4.60 um)
  → Found improvement! New best HPWL: 369639.40 um (improvement: -6.48 um)
  → Found improvement! New best HPWL: 369634.80 um (improvement: -4.60 um)
  → Found improvement! New best HPWL: 369620.16 um (improvement: -14.64 um)
  → Found improvement! New best HPWL: 369617.86 um (improvement: -2.30 um)
  → Found improvement! New best HPWL: 369612.42 um (improvement: -5.44 um)
  → Found improvement! New best HPWL: 369607.84 um (improvement: -4.58 um)
  → Found improvement! New best HPWL: 369577.94 um (improvement: -29.90 um)
  → Found improvement! New best HPWL: 369572.50 um (improvement: -5.44 um)
  → Found improvement! New best HPWL: 369548.28 um (improvement: -24.22 um)
  → Found improvement! New best HPWL: 369543.42 um (improvement: -4.86 um)
  → Found improvement! New best HPWL: 369526.40 um (improvement: -17.02 um)
  → Found improvement! New best HPWL: 369504.94 um (improvement: -21.46 um)
  → Found improvement! New best HPWL: 369501.58 um (improvement: -3.36 um)
  → Found improvement! New best HPWL: 369487.56 um (improvement: -14.02 um)
  → Found improvement! New best HPWL: 369435.68 um (improvement: -51.88 um)
  → Found improvement! New best HPWL: 369412.16 um (improvement: -23.52 um)
  → Found improvement! New best HPWL: 369390.40 um (improvement: -21.76 um)
  → Found improvement! New best HPWL: 369390.40 um (improvement: -0.00 um)
  → Found improvement! New best HPWL: 369381.82 um (improvement: -8.58 um)
  → Found improvement! New best HPWL: 369369.88 um (improvement: -11.94 um)
  → Found improvement! New best HPWL: 369353.56 um (improvement: -16.32 um)
T=0.04 | W=100.4um | Current HPWL=369353.56 um | Best HPWL=369353.56 um | Accept Rate=54.8% | Improvements: 51/2000 (2.5%) | Refine: 831195/952718 (87.2%) | Explore: 313487/409282 (76.6%)
  → Found improvement! New best HPWL: 356773.04 um (improvement: -8.16 um)
  → Found improvement! New best HPWL: 356764.46 um (improvement: -8.58 um)
  → Found improvement! New best HPWL: 356764.46 um (improvement: 0.00 um)
  → Found improvement! New best HPWL: 356759.86 um (improvement: -4.60 um)
  → Found improvement! New best HPWL: 356732.26 um (improvement: -27.60 um)
  → Found improvement! New best HPWL: 356728.36 um (improvement: -3.90 um)
  → Found improvement! New best HPWL: 356723.96 um (improvement: -4.40 um)
  → Found improvement! New best HPWL: 356713.08 um (improvement: -10.88 um)
  → Found improvement! New best HPWL: 356694.00 um (improvement: -19.08 um)
  → Found improvement! New best HPWL: 356692.94 um (improvement: -1.06 um)
  → Found improvement! New best HPWL: 356677.88 um (improvement: -15.06 um)
  → Found improvement! New best HPWL: 356664.28 um (improvement: -13.60 um)
  → Found improvement! New best HPWL: 356651.54 um (improvement: -12.74 um)
  → Found improvement! New best HPWL: 356644.72 um (improvement: -6.82 um)
  → Found improvement! New best HPWL: 356641.04 um (improvement: -3.68 um)
  → Found improvement! New best HPWL: 356590.02 um (improvement: -51.02 um)
  → Found improvement! New best HPWL: 356579.14 um (improvement: -10.88 um)
  → Found improvement! New best HPWL: 356526.58 um (improvement: -52.56 um)
  → Found improvement! New best HPWL: 356523.66 um (improvement: -2.92 um)
  → Found improvement! New best HPWL: 356480.14 um (improvement: -43.52 um)
  → Found improvement! New best HPWL: 356455.88 um (improvement: -24.26 um)
  → Found improvement! New best HPWL: 356430.98 um (improvement: -24.90 um)
  → Found improvement! New best HPWL: 356425.54 um (improvement: -5.44 um)
  → Found improvement! New best HPWL: 356408.98 um (improvement: -16.56 um)
  → Found improvement! New best HPWL: 356380.74 um (improvement: -28.24 um)
  → Found improvement! New best HPWL: 356368.40 um (improvement: -12.34 um)
  → Found improvement! New best HPWL: 356353.46 um (improvement: -14.94 um)
  → Found improvement! New best HPWL: 356344.26 um (improvement: -9.20 um)
  → Found improvement! New best HPWL: 356314.54 um (improvement: -29.72 um)
  → Found improvement! New best HPWL: 356290.66 um (improvement: -23.88 um)
T=0.02 | W=100.4um | Current HPWL=356290.66 um | Best HPWL=356290.66 um | Accept Rate=55.4% | Improvements: 30/2000 (1.5%) | Refine: 851145/980654 (86.8%) | Explore: 316026/421346 (75.0%)
  → Found improvement! New best HPWL: 345266.86 um (improvement: -2.72 um)
  → Found improvement! New best HPWL: 345248.88 um (improvement: -17.98 um)
  → Found improvement! New best HPWL: 345223.16 um (improvement: -25.72 um)
  → Found improvement! New best HPWL: 345218.44 um (improvement: -4.72 um)
  → Found improvement! New best HPWL: 345216.14 um (improvement: -2.30 um)
  → Found improvement! New best HPWL: 345175.78 um (improvement: -40.36 um)
  → Found improvement! New best HPWL: 345167.58 um (improvement: -8.20 um)
  → Found improvement! New best HPWL: 345166.74 um (improvement: -0.84 um)
  → Found improvement! New best HPWL: 345144.98 um (improvement: -21.76 um)
  → Found improvement! New best HPWL: 345144.98 um (improvement: 0.00 um)
  → Found improvement! New best HPWL: 345141.64 um (improvement: -3.34 um)
  → Found improvement! New best HPWL: 345140.80 um (improvement: -0.84 um)
  → Found improvement! New best HPWL: 345140.38 um (improvement: -0.42 um)
  → Found improvement! New best HPWL: 345137.38 um (improvement: -3.00 um)
  → Found improvement! New best HPWL: 345137.38 um (improvement: 0.00 um)
  → Found improvement! New best HPWL: 345131.94 um (improvement: -5.44 um)
  → Found improvement! New best HPWL: 345129.22 um (improvement: -2.72 um)
  → Found improvement! New best HPWL: 345129.22 um (improvement: 0.00 um)
  → Found improvement! New best HPWL: 345123.78 um (improvement: -5.44 um)
  → Found improvement! New best HPWL: 345121.94 um (improvement: -1.84 um)
  → Found improvement! New best HPWL: 345108.68 um (improvement: -13.26 um)
  → Found improvement! New best HPWL: 345108.68 um (improvement: 0.00 um)
  → Found improvement! New best HPWL: 345091.96 um (improvement: -16.72 um)
  → Found improvement! New best HPWL: 345078.32 um (improvement: -13.64 um)
  → Found improvement! New best HPWL: 345074.72 um (improvement: -3.60 um)
  → Found improvement! New best HPWL: 345055.26 um (improvement: -19.46 um)
  → Found improvement! New best HPWL: 345055.26 um (improvement: 0.00 um)
  → Found improvement! New best HPWL: 345049.82 um (improvement: -5.44 um)
  → Found improvement! New best HPWL: 345047.10 um (improvement: -2.72 um)
  → Found improvement! New best HPWL: 345024.32 um (improvement: -22.78 um)
  → Found improvement! New best HPWL: 345013.44 um (improvement: -10.88 um)
  → Found improvement! New best HPWL: 345003.00 um (improvement: -10.44 um)
  → Found improvement! New best HPWL: 344982.08 um (improvement: -20.92 um)
  → Found improvement! New best HPWL: 344977.48 um (improvement: -4.60 um)
  → Found improvement! New best HPWL: 344959.08 um (improvement: -18.40 um)
  → Found improvement! New best HPWL: 344943.64 um (improvement: -15.44 um)
  → Found improvement! New best HPWL: 344935.36 um (improvement: -8.28 um)
  → Found improvement! New best HPWL: 344929.92 um (improvement: -5.44 um)
  → Found improvement! New best HPWL: 344920.50 um (improvement: -9.42 um)
  → Found improvement! New best HPWL: 344909.62 um (improvement: -10.88 um)
  → Found improvement! New best HPWL: 344875.20 um (improvement: -34.42 um)
  → Found improvement! New best HPWL: 344861.62 um (improvement: -13.58 um)
  → Found improvement! New best HPWL: 344860.78 um (improvement: -0.84 um)
T=0.01 | W=100.4um | Current HPWL=344860.78 um | Best HPWL=344860.78 um | Accept Rate=56.5% | Improvements: 41/2000 (2.1%) | Refine: 870956/1008562 (86.4%) | Explore: 318544/433438 (73.5%)
  → Found improvement! New best HPWL: 335164.50 um (improvement: -11.28 um)
  → Found improvement! New best HPWL: 335159.32 um (improvement: -5.18 um)
  → Found improvement! New best HPWL: 335156.60 um (improvement: -2.72 um)
  → Found improvement! New best HPWL: 335155.36 um (improvement: -1.24 um)
  → Found improvement! New best HPWL: 335120.00 um (improvement: -35.36 um)
  → Found improvement! New best HPWL: 335105.44 um (improvement: -14.56 um)
  → Found improvement! New best HPWL: 335105.20 um (improvement: -0.24 um)
  → Found improvement! New best HPWL: 335103.74 um (improvement: -1.46 um)
  → Found improvement! New best HPWL: 335101.44 um (improvement: -2.30 um)
  → Found improvement! New best HPWL: 335099.14 um (improvement: -2.30 um)
  → Found improvement! New best HPWL: 335091.60 um (improvement: -7.54 um)
  → Found improvement! New best HPWL: 335090.54 um (improvement: -1.06 um)
  → Found improvement! New best HPWL: 335082.78 um (improvement: -7.76 um)
  → Found improvement! New best HPWL: 335078.18 um (improvement: -4.60 um)
  → Found improvement! New best HPWL: 335076.94 um (improvement: -1.24 um)
  → Found improvement! New best HPWL: 335063.14 um (improvement: -13.80 um)
  → Found improvement! New best HPWL: 335058.54 um (improvement: -4.60 um)
  → Found improvement! New best HPWL: 335050.84 um (improvement: -7.70 um)
  → Found improvement! New best HPWL: 335043.72 um (improvement: -7.12 um)
  → Found improvement! New best HPWL: 335036.02 um (improvement: -7.70 um)
  → Found improvement! New best HPWL: 335007.06 um (improvement: -28.96 um)
  → Found improvement! New best HPWL: 334986.36 um (improvement: -20.70 um)
  → Found improvement! New best HPWL: 334972.76 um (improvement: -13.60 um)
  → Found improvement! New best HPWL: 334956.04 um (improvement: -16.72 um)
  → Found improvement! New best HPWL: 334952.86 um (improvement: -3.18 um)
  → Found improvement! New best HPWL: 334949.72 um (improvement: -3.14 um)
  → Found improvement! New best HPWL: 334941.98 um (improvement: -7.74 um)
  → Found improvement! New best HPWL: 334935.26 um (improvement: -6.72 um)
  → Found improvement! New best HPWL: 334912.26 um (improvement: -23.00 um)
  → Found improvement! New best HPWL: 334907.36 um (improvement: -4.90 um)
  → Found improvement! New best HPWL: 334906.44 um (improvement: -0.92 um)
  → Found improvement! New best HPWL: 334900.84 um (improvement: -5.60 um)
T=0.01 | W=100.4um | Current HPWL=334900.84 um | Best HPWL=334900.84 um | Accept Rate=56.3% | Improvements: 34/2000 (1.7%) | Refine: 890882/1036520 (85.9%) | Explore: 320936/445480 (72.0%)
  → Found improvement! New best HPWL: 326944.90 um (improvement: -39.52 um)
  → Found improvement! New best HPWL: 326942.18 um (improvement: -2.72 um)
  → Found improvement! New best HPWL: 326939.46 um (improvement: -2.72 um)
  → Found improvement! New best HPWL: 326931.30 um (improvement: -8.16 um)
  → Found improvement! New best HPWL: 326922.18 um (improvement: -9.12 um)
  → Found improvement! New best HPWL: 326899.18 um (improvement: -23.00 um)
  → Found improvement! New best HPWL: 326890.18 um (improvement: -9.00 um)
  → Found improvement! New best HPWL: 326888.80 um (improvement: -1.38 um)
  → Found improvement! New best HPWL: 326876.68 um (improvement: -12.12 um)
  → Found improvement! New best HPWL: 326875.36 um (improvement: -1.32 um)
  → Found improvement! New best HPWL: 326863.02 um (improvement: -12.34 um)
  → Found improvement! New best HPWL: 326800.00 um (improvement: -63.02 um)
  → Found improvement! New best HPWL: 326788.28 um (improvement: -11.72 um)
  → Found improvement! New best HPWL: 326774.68 um (improvement: -13.60 um)
  → Found improvement! New best HPWL: 326744.28 um (improvement: -30.40 um)
  → Found improvement! New best HPWL: 326737.38 um (improvement: -6.90 um)
  → Found improvement! New best HPWL: 326730.68 um (improvement: -6.70 um)
  → Found improvement! New best HPWL: 326728.48 um (improvement: -2.20 um)
  → Found improvement! New best HPWL: 326728.48 um (improvement: 0.00 um)
  → Found improvement! New best HPWL: 326706.72 um (improvement: -21.76 um)
  → Found improvement! New best HPWL: 326692.12 um (improvement: -14.60 um)
  → Found improvement! New best HPWL: 326675.52 um (improvement: -16.60 um)
  → Found improvement! New best HPWL: 326670.92 um (improvement: -4.60 um)
  → Found improvement! New best HPWL: 326670.92 um (improvement: 0.00 um)
  → Found improvement! New best HPWL: 326665.48 um (improvement: -5.44 um)
  → Found improvement! New best HPWL: 326665.48 um (improvement: 0.00 um)
  → Found improvement! New best HPWL: 326638.34 um (improvement: -27.14 um)
  → Found improvement! New best HPWL: 326596.70 um (improvement: -41.64 um)
  → Found improvement! New best HPWL: 326585.82 um (improvement: -10.88 um)
  → Found improvement! New best HPWL: 326574.94 um (improvement: -10.88 um)
  → Found improvement! New best HPWL: 326567.82 um (improvement: -7.12 um)
T=0.00 | W=100.4um | Current HPWL=326567.82 um | Best HPWL=326567.82 um | Accept Rate=57.9% | Improvements: 28/2000 (1.4%) | Refine: 910907/1064567 (85.6%) | Explore: 323198/457433 (70.7%)
  → Found improvement! New best HPWL: 319130.20 um (improvement: 0.00 um)
  → Found improvement! New best HPWL: 319125.18 um (improvement: -5.02 um)
  → Found improvement! New best HPWL: 319118.70 um (improvement: -6.48 um)
  → Found improvement! New best HPWL: 319116.90 um (improvement: -1.80 um)
  → Found improvement! New best HPWL: 319081.62 um (improvement: -35.28 um)
  → Found improvement! New best HPWL: 319021.82 um (improvement: -59.80 um)
  → Found improvement! New best HPWL: 319012.62 um (improvement: -9.20 um)
  → Found improvement! New best HPWL: 319006.34 um (improvement: -6.28 um)
  → Found improvement! New best HPWL: 319005.42 um (improvement: -0.92 um)
  → Found improvement! New best HPWL: 318997.68 um (improvement: -7.74 um)
  → Found improvement! New best HPWL: 318992.24 um (improvement: -5.44 um)
  → Found improvement! New best HPWL: 318952.30 um (improvement: -39.94 um)
  → Found improvement! New best HPWL: 318948.12 um (improvement: -4.18 um)
  → Found improvement! New best HPWL: 318937.24 um (improvement: -10.88 um)
  → Found improvement! New best HPWL: 318934.94 um (improvement: -2.30 um)
  → Found improvement! New best HPWL: 318924.92 um (improvement: -10.02 um)
  → Found improvement! New best HPWL: 318834.46 um (improvement: -90.46 um)
  → Found improvement! New best HPWL: 318829.22 um (improvement: -5.24 um)
  → Found improvement! New best HPWL: 318826.54 um (improvement: -2.68 um)
  → Found improvement! New best HPWL: 318803.94 um (improvement: -22.60 um)
  → Found improvement! New best HPWL: 318802.26 um (improvement: -1.68 um)
  → Found improvement! New best HPWL: 318765.02 um (improvement: -37.24 um)
  → Found improvement! New best HPWL: 318737.82 um (improvement: -27.20 um)
  → Found improvement! New best HPWL: 318699.74 um (improvement: -38.08 um)
  → Found improvement! New best HPWL: 318681.34 um (improvement: -18.40 um)
  → Found improvement! New best HPWL: 318678.20 um (improvement: -3.14 um)
  → Found improvement! New best HPWL: 318668.32 um (improvement: -9.88 um)
  → Found improvement! New best HPWL: 318665.60 um (improvement: -2.72 um)
  → Found improvement! New best HPWL: 318638.00 um (improvement: -27.60 um)
  → Found improvement! New best HPWL: 318631.72 um (improvement: -6.28 um)
  → Found improvement! New best HPWL: 318598.46 um (improvement: -33.26 um)
  → Found improvement! New best HPWL: 318585.58 um (improvement: -12.88 um)
  → Found improvement! New best HPWL: 318582.44 um (improvement: -3.14 um)
  → Found improvement! New best HPWL: 318575.54 um (improvement: -6.90 um)
T=0.00 | W=100.4um | Current HPWL=318575.54 um | Best HPWL=318575.54 um | Accept Rate=55.3% | Improvements: 33/2000 (1.7%) | Refine: 930754/1092438 (85.2%) | Explore: 325485/469562 (69.3%)
T=0.00 | W=100.4um | Current HPWL=315191.06 um | Best HPWL=315191.06 um | Accept Rate=55.1% | Improvements: 27/2000 (1.4%) | Refine: 939794/1105044 (85.0%) | Explore: 326501/474956 (68.7%)
T=0.00 | W=100.4um | Current HPWL=314887.98 um | Best HPWL=314887.98 um | Accept Rate=56.0% | Improvements: 33/2000 (1.7%) | Refine: 940778/1106439 (85.0%) | Explore: 326638/475561 (68.7%)
T=0.00 | W=100.4um | Current HPWL=314508.28 um | Best HPWL=314508.28 um | Accept Rate=53.8% | Improvements: 29/2000 (1.5%) | Refine: 941738/1107804 (85.0%) | Explore: 326754/476196 (68.6%)
T=0.00 | W=100.4um | Current HPWL=314042.66 um | Best HPWL=314042.66 um | Accept Rate=57.8% | Improvements: 36/2000 (1.8%) | Refine: 942766/1109217 (85.0%) | Explore: 326882/476783 (68.6%)
T=0.00 | W=100.4um | Current HPWL=313650.82 um | Best HPWL=313650.82 um | Accept Rate=54.6% | Improvements: 30/2000 (1.5%) | Refine: 943733/1110599 (85.0%) | Explore: 327007/477401 (68.5%)
T=0.00 | W=100.4um | Current HPWL=313420.78 um | Best HPWL=313420.78 um | Accept Rate=55.7% | Improvements: 22/2000 (1.1%) | Refine: 944743/1111992 (85.0%) | Explore: 327111/478008 (68.4%)
T=0.00 | W=100.4um | Current HPWL=313067.32 um | Best HPWL=313067.32 um | Accept Rate=55.8% | Improvements: 33/2000 (1.7%) | Refine: 945746/1113373 (84.9%) | Explore: 327224/478627 (68.4%)
T=0.00 | W=100.4um | Current HPWL=312782.30 um | Best HPWL=312782.30 um | Accept Rate=54.9% | Improvements: 28/2000 (1.4%) | Refine: 946748/1114759 (84.9%) | Explore: 327320/479241 (68.3%)
T=0.00 | W=100.4um | Current HPWL=312296.34 um | Best HPWL=312296.34 um | Accept Rate=54.9% | Improvements: 28/2000 (1.4%) | Refine: 947735/1116146 (84.9%) | Explore: 327430/479854 (68.2%)
T=0.00 | W=100.4um | Current HPWL=311862.46 um | Best HPWL=311862.46 um | Accept Rate=52.8% | Improvements: 27/2000 (1.4%) | Refine: 948679/1117503 (84.9%) | Explore: 327542/480497 (68.2%)
T=0.00 | W=100.4um | Current HPWL=311467.40 um | Best HPWL=311467.40 um | Accept Rate=55.9% | Improvements: 29/2000 (1.5%) | Refine: 949680/1118893 (84.9%) | Explore: 327658/481107 (68.1%)
  → Found improvement! New best HPWL: 311464.68 um (improvement: -2.72 um)
  → Found improvement! New best HPWL: 311453.80 um (improvement: -10.88 um)
  → Found improvement! New best HPWL: 311438.84 um (improvement: -14.96 um)
  → Found improvement! New best HPWL: 311400.76 um (improvement: -38.08 um)
  → Found improvement! New best HPWL: 311378.26 um (improvement: -22.50 um)
  → Found improvement! New best HPWL: 311361.94 um (improvement: -16.32 um)
  → Found improvement! New best HPWL: 311355.66 um (improvement: -6.28 um)
  → Found improvement! New best HPWL: 311328.06 um (improvement: -27.60 um)
  → Found improvement! New best HPWL: 311311.74 um (improvement: -16.32 um)
  → Found improvement! New best HPWL: 311295.42 um (improvement: -16.32 um)
  → Found improvement! New best HPWL: 311275.34 um (improvement: -20.08 um)
  → Found improvement! New best HPWL: 311273.04 um (improvement: -2.30 um)
  → Found improvement! New best HPWL: 311227.00 um (improvement: -46.04 um)
  → Found improvement! New best HPWL: 311222.40 um (improvement: -4.60 um)
  → Found improvement! New best HPWL: 311216.96 um (improvement: -5.44 um)
  → Found improvement! New best HPWL: 311207.34 um (improvement: -9.62 um)
  → Found improvement! New best HPWL: 311185.58 um (improvement: -21.76 um)
  → Found improvement! New best HPWL: 311158.42 um (improvement: -27.16 um)
  → Found improvement! New best HPWL: 311149.12 um (improvement: -9.30 um)
  → Found improvement! New best HPWL: 311148.28 um (improvement: -0.84 um)
  → Found improvement! New best HPWL: 311142.84 um (improvement: -5.44 um)
  → Found improvement! New best HPWL: 311136.78 um (improvement: -6.06 um)
  → Found improvement! New best HPWL: 311120.46 um (improvement: -16.32 um)
  → Found improvement! New best HPWL: 311112.52 um (improvement: -7.94 um)
  → Found improvement! New best HPWL: 311112.52 um (improvement: 0.00 um)
  → Found improvement! New best HPWL: 311093.08 um (improvement: -19.44 um)
  → Found improvement! New best HPWL: 311080.62 um (improvement: -12.46 um)
  → Found improvement! New best HPWL: 311080.58 um (improvement: -0.04 um)
  → Found improvement! New best HPWL: 311079.42 um (improvement: -1.16 um)
  → Found improvement! New best HPWL: 311074.82 um (improvement: -4.60 um)
  → Found improvement! New best HPWL: 311061.44 um (improvement: -13.38 um)
  → Found improvement! New best HPWL: 311050.56 um (improvement: -10.88 um)
  → Found improvement! New best HPWL: 311048.26 um (improvement: -2.30 um)
T=0.00 | W=100.4um | Current HPWL=311048.26 um | Best HPWL=311048.26 um | Accept Rate=55.5% | Improvements: 34/2000 (1.7%) | Refine: 950687/1120295 (84.9%) | Explore: 327762/481705 (68.0%)
T=0.00 | W=100.4um | Current HPWL=310760.70 um | Best HPWL=310760.70 um | Accept Rate=56.8% | Improvements: 22/2000 (1.1%) | Refine: 951710/1121704 (84.8%) | Explore: 327874/482296 (68.0%)
T=0.00 | W=100.4um | Current HPWL=310446.28 um | Best HPWL=310446.28 um | Accept Rate=56.8% | Improvements: 27/2000 (1.4%) | Refine: 952734/1123115 (84.8%) | Explore: 327986/482885 (67.9%)
T=0.00 | W=100.4um | Current HPWL=310091.42 um | Best HPWL=310091.42 um | Accept Rate=55.9% | Improvements: 34/2000 (1.7%) | Refine: 953747/1124537 (84.8%) | Explore: 328090/483463 (67.9%)
T=0.00 | W=100.4um | Current HPWL=309854.54 um | Best HPWL=309854.54 um | Accept Rate=56.4% | Improvements: 24/2000 (1.2%) | Refine: 954762/1125946 (84.8%) | Explore: 328203/484054 (67.8%)
T=0.00 | W=100.4um | Current HPWL=309599.76 um | Best HPWL=309599.76 um | Accept Rate=52.8% | Improvements: 24/2000 (1.2%) | Refine: 955728/1127341 (84.8%) | Explore: 328292/484659 (67.7%)
T=0.00 | W=100.4um | Current HPWL=309433.46 um | Best HPWL=309433.46 um | Accept Rate=55.2% | Improvements: 24/2000 (1.2%) | Refine: 956713/1128745 (84.8%) | Explore: 328411/485255 (67.7%)
T=0.00 | W=100.4um | Current HPWL=309067.92 um | Best HPWL=309067.92 um | Accept Rate=56.9% | Improvements: 34/2000 (1.7%) | Refine: 957742/1130144 (84.7%) | Explore: 328520/485856 (67.6%)
T=0.00 | W=100.4um | Current HPWL=308657.28 um | Best HPWL=308657.28 um | Accept Rate=55.6% | Improvements: 32/2000 (1.6%) | Refine: 958754/1131562 (84.7%) | Explore: 328621/486438 (67.6%)
T=0.00 | W=100.4um | Current HPWL=308337.62 um | Best HPWL=308337.62 um | Accept Rate=55.5% | Improvements: 26/2000 (1.3%) | Refine: 959753/1132952 (84.7%) | Explore: 328733/487048 (67.5%)
T=0.00 | W=100.4um | Current HPWL=308085.16 um | Best HPWL=308085.16 um | Accept Rate=56.3% | Improvements: 27/2000 (1.4%) | Refine: 960763/1134345 (84.7%) | Explore: 328849/487655 (67.4%)

============================================================
SA Optimization Complete
============================================================
Initial HPWL: 426853.12 um
Final Total HPWL: 308085.16 um
Improvement: 118767.96 um (27.82%)
Total Iterations: 811
============================================================

