
============================================================
Simulated Annealing Optimization
============================================================
Initial HPWL: 426853.12 um
Initial Temperature: 42685312.00
Cooling Rate (alpha): 0.96
Moves per Temperature: 1500
Final Temperature: 0.0009
Initial Window Size: 501.80 um
Window Cooling Rate (beta): 0.98
Move Probabilities: Refine=70.0%, Explore=30.0%
============================================================

  → Found improvement! New best HPWL: 426687.26 um (improvement: -165.86 um)
T=42685312.00 | W=501.8um | Current HPWL=764675.53 um | Best HPWL=426687.26 um | Accept Rate=100.0% | Improvements: 91/1500 (6.1%) | Refine: 1049/1049 (100.0%) | Explore: 451/451 (100.0%)
T=18867011.79 | W=335.0um | Current HPWL=1585480.72 um | Best HPWL=426687.26 um | Accept Rate=100.0% | Improvements: 323/1500 (21.5%) | Refine: 22104/22104 (100.0%) | Explore: 9396/9396 (100.0%)
T=8339265.13 | W=223.7um | Current HPWL=1695081.78 um | Best HPWL=426687.26 um | Accept Rate=100.0% | Improvements: 351/1500 (23.4%) | Refine: 43148/43148 (100.0%) | Explore: 18351/18352 (100.0%)
T=3685975.49 | W=149.3um | Current HPWL=1720376.66 um | Best HPWL=426687.26 um | Accept Rate=100.0% | Improvements: 351/1500 (23.4%) | Refine: 64197/64197 (100.0%) | Explore: 27302/27303 (100.0%)
T=1629210.14 | W=100.4um | Current HPWL=1759799.65 um | Best HPWL=426687.26 um | Accept Rate=100.0% | Improvements: 351/1500 (23.4%) | Refine: 85139/85140 (100.0%) | Explore: 36359/36360 (100.0%)
T=720114.85 | W=100.4um | Current HPWL=1769699.38 um | Best HPWL=426687.26 um | Accept Rate=100.0% | Improvements: 321/1500 (21.4%) | Refine: 106113/106115 (100.0%) | Explore: 45384/45385 (100.0%)
T=318292.51 | W=100.4um | Current HPWL=1785073.32 um | Best HPWL=426687.26 um | Accept Rate=100.0% | Improvements: 331/1500 (22.1%) | Refine: 127128/127131 (100.0%) | Explore: 54366/54369 (100.0%)
T=140686.07 | W=100.4um | Current HPWL=1789890.41 um | Best HPWL=426687.26 um | Accept Rate=99.9% | Improvements: 358/1500 (23.9%) | Refine: 148147/148160 (100.0%) | Explore: 63336/63340 (100.0%)
T=62183.58 | W=100.4um | Current HPWL=1813206.58 um | Best HPWL=426687.26 um | Accept Rate=99.9% | Improvements: 346/1500 (23.1%) | Refine: 169138/169164 (100.0%) | Explore: 72328/72336 (100.0%)
T=27485.30 | W=100.4um | Current HPWL=1802093.31 um | Best HPWL=426687.26 um | Accept Rate=99.8% | Improvements: 365/1500 (24.3%) | Refine: 190106/190177 (100.0%) | Explore: 81310/81323 (100.0%)
T=12148.57 | W=100.4um | Current HPWL=1849609.64 um | Best HPWL=426687.26 um | Accept Rate=99.5% | Improvements: 341/1500 (22.7%) | Refine: 211198/211359 (99.9%) | Explore: 90113/90141 (100.0%)
T=5369.70 | W=100.4um | Current HPWL=1813349.02 um | Best HPWL=426687.26 um | Accept Rate=99.5% | Improvements: 344/1500 (22.9%) | Refine: 232095/232412 (99.9%) | Explore: 99035/99088 (99.9%)
T=2373.42 | W=100.4um | Current HPWL=1790443.66 um | Best HPWL=426687.26 um | Accept Rate=97.5% | Improvements: 342/1500 (22.8%) | Refine: 252781/253518 (99.7%) | Explore: 107856/107982 (99.9%)
T=1049.06 | W=100.4um | Current HPWL=1722945.77 um | Best HPWL=426687.26 um | Accept Rate=94.9% | Improvements: 329/1500 (21.9%) | Refine: 272854/274514 (99.4%) | Explore: 116726/116986 (99.8%)
T=463.69 | W=100.4um | Current HPWL=1571651.17 um | Best HPWL=426687.26 um | Accept Rate=89.7% | Improvements: 254/1500 (16.9%) | Refine: 291944/295537 (98.8%) | Explore: 125391/125963 (99.5%)
T=204.95 | W=100.4um | Current HPWL=1380625.02 um | Best HPWL=426687.26 um | Accept Rate=82.5% | Improvements: 231/1500 (15.4%) | Refine: 309363/316491 (97.7%) | Explore: 133763/135009 (99.1%)
T=90.59 | W=100.4um | Current HPWL=1204343.88 um | Best HPWL=426687.26 um | Accept Rate=78.3% | Improvements: 210/1500 (14.0%) | Refine: 325660/337399 (96.5%) | Explore: 141554/144101 (98.2%)
T=40.04 | W=100.4um | Current HPWL=1051331.80 um | Best HPWL=426687.26 um | Accept Rate=70.7% | Improvements: 193/1500 (12.9%) | Refine: 341413/358428 (95.3%) | Explore: 148343/153072 (96.9%)
T=17.70 | W=100.4um | Current HPWL=917963.92 um | Best HPWL=426687.26 um | Accept Rate=67.5% | Improvements: 185/1500 (12.3%) | Refine: 356784/379420 (94.0%) | Explore: 154082/162080 (95.1%)
T=7.82 | W=100.4um | Current HPWL=802123.59 um | Best HPWL=426687.26 um | Accept Rate=64.7% | Improvements: 127/1500 (8.5%) | Refine: 372016/400474 (92.9%) | Explore: 158706/171026 (92.8%)
T=3.46 | W=100.4um | Current HPWL=714104.66 um | Best HPWL=426687.26 um | Accept Rate=64.2% | Improvements: 99/1500 (6.6%) | Refine: 387223/421592 (91.8%) | Explore: 162676/179908 (90.4%)
T=1.53 | W=100.4um | Current HPWL=646470.68 um | Best HPWL=426687.26 um | Accept Rate=62.1% | Improvements: 90/1500 (6.0%) | Refine: 402327/442581 (90.9%) | Explore: 166242/188919 (88.0%)
T=0.68 | W=100.4um | Current HPWL=595529.62 um | Best HPWL=426687.26 um | Accept Rate=58.2% | Improvements: 76/1500 (5.1%) | Refine: 417212/463493 (90.0%) | Explore: 169351/198007 (85.5%)
T=0.30 | W=100.4um | Current HPWL=552810.92 um | Best HPWL=426687.26 um | Accept Rate=60.1% | Improvements: 69/1500 (4.6%) | Refine: 432294/484489 (89.2%) | Explore: 172195/207011 (83.2%)
T=0.13 | W=100.4um | Current HPWL=515258.93 um | Best HPWL=426687.26 um | Accept Rate=59.8% | Improvements: 68/1500 (4.5%) | Refine: 447365/505487 (88.5%) | Explore: 174958/216013 (81.0%)
T=0.06 | W=100.4um | Current HPWL=484483.85 um | Best HPWL=426687.26 um | Accept Rate=58.7% | Improvements: 54/1500 (3.6%) | Refine: 462310/526448 (87.8%) | Explore: 177605/225052 (78.9%)
T=0.03 | W=100.4um | Current HPWL=459679.55 um | Best HPWL=426687.26 um | Accept Rate=56.9% | Improvements: 47/1500 (3.1%) | Refine: 477313/547617 (87.2%) | Explore: 180048/233883 (77.0%)
T=0.01 | W=100.4um | Current HPWL=437280.83 um | Best HPWL=426687.26 um | Accept Rate=55.5% | Improvements: 42/1500 (2.8%) | Refine: 492175/568560 (86.6%) | Explore: 182360/242940 (75.1%)
  → Found improvement! New best HPWL: 417883.97 um (improvement: -13.96 um)
  → Found improvement! New best HPWL: 417877.05 um (improvement: -6.92 um)
  → Found improvement! New best HPWL: 417868.47 um (improvement: -8.58 um)
  → Found improvement! New best HPWL: 417835.83 um (improvement: -32.64 um)
  → Found improvement! New best HPWL: 417832.69 um (improvement: -3.14 um)
  → Found improvement! New best HPWL: 417816.59 um (improvement: -16.10 um)
  → Found improvement! New best HPWL: 417804.25 um (improvement: -12.34 um)
  → Found improvement! New best HPWL: 417797.57 um (improvement: -6.68 um)
  → Found improvement! New best HPWL: 417757.17 um (improvement: -40.40 um)
  → Found improvement! New best HPWL: 417746.29 um (improvement: -10.88 um)
  → Found improvement! New best HPWL: 417745.75 um (improvement: -0.54 um)
  → Found improvement! New best HPWL: 417728.39 um (improvement: -17.36 um)
  → Found improvement! New best HPWL: 417716.27 um (improvement: -12.12 um)
  → Found improvement! New best HPWL: 417705.39 um (improvement: -10.88 um)
  → Found improvement! New best HPWL: 417683.23 um (improvement: -22.16 um)
  → Found improvement! New best HPWL: 417669.43 um (improvement: -13.80 um)
  → Found improvement! New best HPWL: 417666.43 um (improvement: -3.00 um)
  → Found improvement! New best HPWL: 417663.71 um (improvement: -2.72 um)
  → Found improvement! New best HPWL: 417663.71 um (improvement: 0.00 um)
  → Found improvement! New best HPWL: 417662.17 um (improvement: -1.54 um)
  → Found improvement! New best HPWL: 417651.29 um (improvement: -10.88 um)
  → Found improvement! New best HPWL: 417651.29 um (improvement: 0.00 um)
  → Found improvement! New best HPWL: 417646.69 um (improvement: -4.60 um)
  → Found improvement! New best HPWL: 417639.33 um (improvement: -7.36 um)
  → Found improvement! New best HPWL: 417615.61 um (improvement: -23.72 um)
  → Found improvement! New best HPWL: 417583.41 um (improvement: -32.20 um)
  → Found improvement! New best HPWL: 417543.25 um (improvement: -40.16 um)
  → Found improvement! New best HPWL: 417538.65 um (improvement: -4.60 um)
  → Found improvement! New best HPWL: 417527.49 um (improvement: -11.16 um)
  → Found improvement! New best HPWL: 417513.97 um (improvement: -13.52 um)
  → Found improvement! New best HPWL: 417499.33 um (improvement: -14.64 um)
  → Found improvement! New best HPWL: 417461.25 um (improvement: -38.08 um)
  → Found improvement! New best HPWL: 417433.65 um (improvement: -27.60 um)
  → Found improvement! New best HPWL: 417428.21 um (improvement: -5.44 um)
  → Found improvement! New best HPWL: 417359.21 um (improvement: -69.00 um)
  → Found improvement! New best HPWL: 417343.71 um (improvement: -15.50 um)
T=0.01 | W=100.4um | Current HPWL=417343.71 um | Best HPWL=417343.71 um | Accept Rate=58.1% | Improvements: 35/1500 (2.3%) | Refine: 507166/589533 (86.0%) | Explore: 184572/251967 (73.3%)
  → Found improvement! New best HPWL: 402070.93 um (improvement: -9.20 um)
  → Found improvement! New best HPWL: 402061.81 um (improvement: -9.12 um)
  → Found improvement! New best HPWL: 402058.05 um (improvement: -3.76 um)
  → Found improvement! New best HPWL: 402031.07 um (improvement: -26.98 um)
  → Found improvement! New best HPWL: 402014.63 um (improvement: -16.44 um)
  → Found improvement! New best HPWL: 402012.33 um (improvement: -2.30 um)
  → Found improvement! New best HPWL: 402003.13 um (improvement: -9.20 um)
  → Found improvement! New best HPWL: 402003.13 um (improvement: 0.00 um)
  → Found improvement! New best HPWL: 401981.37 um (improvement: -21.76 um)
  → Found improvement! New best HPWL: 401976.77 um (improvement: -4.60 um)
  → Found improvement! New best HPWL: 401971.33 um (improvement: -5.44 um)
  → Found improvement! New best HPWL: 401965.89 um (improvement: -5.44 um)
  → Found improvement! New best HPWL: 401958.35 um (improvement: -7.54 um)
  → Found improvement! New best HPWL: 401955.63 um (improvement: -2.72 um)
  → Found improvement! New best HPWL: 401944.55 um (improvement: -11.08 um)
  → Found improvement! New best HPWL: 401942.25 um (improvement: -2.30 um)
  → Found improvement! New best HPWL: 401939.95 um (improvement: -2.30 um)
  → Found improvement! New best HPWL: 401919.13 um (improvement: -20.82 um)
  → Found improvement! New best HPWL: 401919.13 um (improvement: 0.00 um)
  → Found improvement! New best HPWL: 401913.69 um (improvement: -5.44 um)
  → Found improvement! New best HPWL: 401904.49 um (improvement: -9.20 um)
  → Found improvement! New best HPWL: 401893.61 um (improvement: -10.88 um)
  → Found improvement! New best HPWL: 401864.11 um (improvement: -29.50 um)
  → Found improvement! New best HPWL: 401857.75 um (improvement: -6.36 um)
  → Found improvement! New best HPWL: 401848.35 um (improvement: -9.40 um)
  → Found improvement! New best HPWL: 401823.87 um (improvement: -24.48 um)
  → Found improvement! New best HPWL: 401815.71 um (improvement: -8.16 um)
  → Found improvement! New best HPWL: 401788.11 um (improvement: -27.60 um)
  → Found improvement! New best HPWL: 401782.67 um (improvement: -5.44 um)
  → Found improvement! New best HPWL: 401727.07 um (improvement: -55.60 um)
  → Found improvement! New best HPWL: 401716.19 um (improvement: -10.88 um)
  → Found improvement! New best HPWL: 401672.67 um (improvement: -43.52 um)
  → Found improvement! New best HPWL: 401672.67 um (improvement: 0.00 um)
  → Found improvement! New best HPWL: 401578.89 um (improvement: -93.78 um)
  → Found improvement! New best HPWL: 401546.25 um (improvement: -32.64 um)
  → Found improvement! New best HPWL: 401528.59 um (improvement: -17.66 um)
  → Found improvement! New best HPWL: 401431.73 um (improvement: -96.86 um)
  → Found improvement! New best HPWL: 401402.01 um (improvement: -29.72 um)
  → Found improvement! New best HPWL: 401345.13 um (improvement: -56.88 um)
  → Found improvement! New best HPWL: 401328.85 um (improvement: -16.28 um)
  → Found improvement! New best HPWL: 401319.23 um (improvement: -9.62 um)
  → Found improvement! New best HPWL: 401286.35 um (improvement: -32.88 um)
  → Found improvement! New best HPWL: 401286.23 um (improvement: -0.12 um)
  → Found improvement! New best HPWL: 401285.39 um (improvement: -0.84 um)
  → Found improvement! New best HPWL: 401258.47 um (improvement: -26.92 um)
  → Found improvement! New best HPWL: 401250.19 um (improvement: -8.28 um)
  → Found improvement! New best HPWL: 401248.05 um (improvement: -2.14 um)
  → Found improvement! New best HPWL: 401226.29 um (improvement: -21.76 um)
  → Found improvement! New best HPWL: 401223.99 um (improvement: -2.30 um)
  → Found improvement! New best HPWL: 401218.55 um (improvement: -5.44 um)
  → Found improvement! New best HPWL: 401182.35 um (improvement: -36.20 um)
  → Found improvement! New best HPWL: 401163.75 um (improvement: -18.60 um)
T=0.00 | W=100.4um | Current HPWL=401163.75 um | Best HPWL=401163.75 um | Accept Rate=57.9% | Improvements: 52/1500 (3.5%) | Refine: 522227/610560 (85.5%) | Explore: 186736/260940 (71.6%)
T=0.00 | W=100.4um | Current HPWL=396623.31 um | Best HPWL=396623.31 um | Accept Rate=56.7% | Improvements: 42/1500 (2.8%) | Refine: 526649/616878 (85.4%) | Explore: 187377/263622 (71.1%)
T=0.00 | W=100.4um | Current HPWL=396068.63 um | Best HPWL=396068.63 um | Accept Rate=58.4% | Improvements: 34/1500 (2.3%) | Refine: 527429/617936 (85.4%) | Explore: 187473/264064 (71.0%)
T=0.00 | W=100.4um | Current HPWL=395155.87 um | Best HPWL=395155.87 um | Accept Rate=56.5% | Improvements: 42/1500 (2.8%) | Refine: 528168/618990 (85.3%) | Explore: 187581/264510 (70.9%)
T=0.00 | W=100.4um | Current HPWL=394670.47 um | Best HPWL=394670.47 um | Accept Rate=54.5% | Improvements: 35/1500 (2.3%) | Refine: 528892/620054 (85.3%) | Explore: 187675/264946 (70.8%)
T=0.00 | W=100.4um | Current HPWL=394093.29 um | Best HPWL=394093.29 um | Accept Rate=58.1% | Improvements: 32/1500 (2.1%) | Refine: 529659/621110 (85.3%) | Explore: 187779/265390 (70.8%)
T=0.00 | W=100.4um | Current HPWL=393263.85 um | Best HPWL=393263.85 um | Accept Rate=55.9% | Improvements: 43/1500 (2.9%) | Refine: 530378/622138 (85.3%) | Explore: 187898/265862 (70.7%)
T=0.00 | W=100.4um | Current HPWL=392350.13 um | Best HPWL=392350.13 um | Accept Rate=57.8% | Improvements: 44/1500 (2.9%) | Refine: 531144/623203 (85.2%) | Explore: 187999/266297 (70.6%)
T=0.00 | W=100.4um | Current HPWL=391363.75 um | Best HPWL=391363.75 um | Accept Rate=57.5% | Improvements: 38/1500 (2.5%) | Refine: 531911/624265 (85.2%) | Explore: 188095/266735 (70.5%)
T=0.00 | W=100.4um | Current HPWL=390660.73 um | Best HPWL=390660.73 um | Accept Rate=58.2% | Improvements: 43/1500 (2.9%) | Refine: 532660/625308 (85.2%) | Explore: 188219/267192 (70.4%)
T=0.00 | W=100.4um | Current HPWL=389990.21 um | Best HPWL=389990.21 um | Accept Rate=54.1% | Improvements: 38/1500 (2.5%) | Refine: 533361/626313 (85.2%) | Explore: 188330/267687 (70.4%)
T=0.00 | W=100.4um | Current HPWL=389504.63 um | Best HPWL=389504.63 um | Accept Rate=56.1% | Improvements: 37/1500 (2.5%) | Refine: 534111/627370 (85.1%) | Explore: 188422/268130 (70.3%)
T=0.00 | W=100.4um | Current HPWL=388939.89 um | Best HPWL=388939.89 um | Accept Rate=55.7% | Improvements: 36/1500 (2.4%) | Refine: 534838/628403 (85.1%) | Explore: 188530/268597 (70.2%)
T=0.00 | W=100.4um | Current HPWL=388292.39 um | Best HPWL=388292.39 um | Accept Rate=53.9% | Improvements: 33/1500 (2.2%) | Refine: 535545/629438 (85.1%) | Explore: 188631/269062 (70.1%)
T=0.00 | W=100.4um | Current HPWL=387949.43 um | Best HPWL=387949.43 um | Accept Rate=57.2% | Improvements: 30/1500 (2.0%) | Refine: 536293/630479 (85.1%) | Explore: 188741/269521 (70.0%)
  → Found improvement! New best HPWL: 387912.01 um (improvement: -37.42 um)
  → Found improvement! New best HPWL: 387911.59 um (improvement: -0.42 um)
  → Found improvement! New best HPWL: 387899.05 um (improvement: -12.54 um)
  → Found improvement! New best HPWL: 387802.01 um (improvement: -97.04 um)
  → Found improvement! New best HPWL: 387744.43 um (improvement: -57.58 um)
  → Found improvement! New best HPWL: 387744.43 um (improvement: 0.00 um)
  → Found improvement! New best HPWL: 387731.25 um (improvement: -13.18 um)
  → Found improvement! New best HPWL: 387727.57 um (improvement: -3.68 um)
  → Found improvement! New best HPWL: 387727.57 um (improvement: 0.00 um)
  → Found improvement! New best HPWL: 387720.21 um (improvement: -7.36 um)
  → Found improvement! New best HPWL: 387715.83 um (improvement: -4.38 um)
  → Found improvement! New best HPWL: 387672.43 um (improvement: -43.40 um)
  → Found improvement! New best HPWL: 387669.51 um (improvement: -2.92 um)
  → Found improvement! New best HPWL: 387669.13 um (improvement: -0.38 um)
  → Found improvement! New best HPWL: 387666.41 um (improvement: -2.72 um)
  → Found improvement! New best HPWL: 387634.19 um (improvement: -32.22 um)
  → Found improvement! New best HPWL: 387600.97 um (improvement: -33.22 um)
  → Found improvement! New best HPWL: 387573.77 um (improvement: -27.20 um)
  → Found improvement! New best HPWL: 387554.07 um (improvement: -19.70 um)
  → Found improvement! New best HPWL: 387523.55 um (improvement: -30.52 um)
  → Found improvement! New best HPWL: 387523.55 um (improvement: 0.00 um)
  → Found improvement! New best HPWL: 387523.55 um (improvement: 0.00 um)
  → Found improvement! New best HPWL: 387491.99 um (improvement: -31.56 um)
  → Found improvement! New best HPWL: 387491.81 um (improvement: -0.18 um)
  → Found improvement! New best HPWL: 387452.77 um (improvement: -39.04 um)
  → Found improvement! New best HPWL: 387441.27 um (improvement: -11.50 um)
  → Found improvement! New best HPWL: 387433.11 um (improvement: -8.16 um)
  → Found improvement! New best HPWL: 387425.83 um (improvement: -7.28 um)
  → Found improvement! New best HPWL: 387354.53 um (improvement: -71.30 um)
  → Found improvement! New best HPWL: 387344.71 um (improvement: -9.82 um)
  → Found improvement! New best HPWL: 387331.11 um (improvement: -13.60 um)
  → Found improvement! New best HPWL: 387325.67 um (improvement: -5.44 um)
  → Found improvement! New best HPWL: 387302.67 um (improvement: -23.00 um)
  → Found improvement! New best HPWL: 387182.19 um (improvement: -120.48 um)
  → Found improvement! New best HPWL: 387175.91 um (improvement: -6.28 um)
  → Found improvement! New best HPWL: 387140.35 um (improvement: -35.56 um)
  → Found improvement! New best HPWL: 387118.67 um (improvement: -21.68 um)
  → Found improvement! New best HPWL: 387089.31 um (improvement: -29.36 um)
  → Found improvement! New best HPWL: 387081.49 um (improvement: -7.82 um)
  → Found improvement! New best HPWL: 387073.35 um (improvement: -8.14 um)
  → Found improvement! New best HPWL: 387066.45 um (improvement: -6.90 um)
  → Found improvement! New best HPWL: 387045.83 um (improvement: -20.62 um)
  → Found improvement! New best HPWL: 387045.83 um (improvement: 0.00 um)
  → Found improvement! New best HPWL: 387040.39 um (improvement: -5.44 um)
T=0.00 | W=100.4um | Current HPWL=387040.39 um | Best HPWL=387040.39 um | Accept Rate=58.1% | Improvements: 39/1500 (2.6%) | Refine: 537065/631547 (85.0%) | Explore: 188841/269953 (70.0%)
T=0.00 | W=100.4um | Current HPWL=386261.67 um | Best HPWL=386261.67 um | Accept Rate=58.2% | Improvements: 42/1500 (2.8%) | Refine: 537844/632623 (85.0%) | Explore: 188935/270377 (69.9%)
T=0.00 | W=100.4um | Current HPWL=385625.29 um | Best HPWL=385625.29 um | Accept Rate=56.2% | Improvements: 37/1500 (2.5%) | Refine: 538592/633656 (85.0%) | Explore: 189030/270844 (69.8%)

============================================================
SA Optimization Complete
============================================================
Initial HPWL: 426853.12 um
Final Total HPWL: 385625.29 um
Improvement: 41227.83 um (9.66%)
Total Iterations: 603
============================================================

