
============================================================
Simulated Annealing Optimization
============================================================
Initial HPWL: 426853.12 um
Initial Temperature: 42685312.00
Cooling Rate (alpha): 0.999
Moves per Temperature: 8000
Final Temperature: 0.0001
Initial Window Size: 501.80 um
Window Cooling Rate (beta): 0.98
Move Probabilities: Refine=70.0%, Explore=30.0%
============================================================

T=42685312.00 | W=501.8um | Current HPWL=1258179.49 um | Best HPWL=426853.12 um | Accept Rate=100.0% | Improvements: 1094/8000 (13.7%) | Refine: 5558/5558 (100.0%) | Explore: 2442/2442 (100.0%)
T=41839667.51 | W=335.0um | Current HPWL=1968600.13 um | Best HPWL=426853.12 um | Accept Rate=100.0% | Improvements: 1913/8000 (23.9%) | Refine: 117321/117321 (100.0%) | Explore: 50678/50679 (100.0%)
T=41010776.21 | W=223.7um | Current HPWL=2025558.64 um | Best HPWL=426853.12 um | Accept Rate=100.0% | Improvements: 1873/8000 (23.4%) | Refine: 229624/229624 (100.0%) | Explore: 98375/98376 (100.0%)
T=40198306.17 | W=149.3um | Current HPWL=2057011.58 um | Best HPWL=426853.12 um | Accept Rate=100.0% | Improvements: 1846/8000 (23.1%) | Refine: 341468/341470 (100.0%) | Explore: 146529/146530 (100.0%)
T=39401932.10 | W=100.4um | Current HPWL=2086384.35 um | Best HPWL=426853.12 um | Accept Rate=100.0% | Improvements: 1876/8000 (23.4%) | Refine: 453293/453295 (100.0%) | Explore: 194704/194705 (100.0%)
T=38621335.09 | W=100.4um | Current HPWL=2090598.76 um | Best HPWL=426853.12 um | Accept Rate=100.0% | Improvements: 1881/8000 (23.5%) | Refine: 565138/565140 (100.0%) | Explore: 242859/242860 (100.0%)
T=37856202.60 | W=100.4um | Current HPWL=2116432.01 um | Best HPWL=426853.12 um | Accept Rate=100.0% | Improvements: 1858/8000 (23.2%) | Refine: 677036/677038 (100.0%) | Explore: 290961/290962 (100.0%)
T=37106228.26 | W=100.4um | Current HPWL=2115318.06 um | Best HPWL=426853.12 um | Accept Rate=100.0% | Improvements: 1866/8000 (23.3%) | Refine: 789282/789285 (100.0%) | Explore: 338714/338715 (100.0%)
T=36371111.75 | W=100.4um | Current HPWL=2111627.21 um | Best HPWL=426853.12 um | Accept Rate=100.0% | Improvements: 1894/8000 (23.7%) | Refine: 901113/901117 (100.0%) | Explore: 386882/386883 (100.0%)
T=35650558.74 | W=100.4um | Current HPWL=2127946.01 um | Best HPWL=426853.12 um | Accept Rate=100.0% | Improvements: 1891/8000 (23.6%) | Refine: 1013147/1013152 (100.0%) | Explore: 434847/434848 (100.0%)
T=34944280.70 | W=100.4um | Current HPWL=2112785.42 um | Best HPWL=426853.12 um | Accept Rate=100.0% | Improvements: 1925/8000 (24.1%) | Refine: 1125193/1125200 (100.0%) | Explore: 482799/482800 (100.0%)
T=34251994.84 | W=100.4um | Current HPWL=2125621.14 um | Best HPWL=426853.12 um | Accept Rate=100.0% | Improvements: 1883/8000 (23.5%) | Refine: 1237054/1237061 (100.0%) | Explore: 530938/530939 (100.0%)
T=33573423.94 | W=100.4um | Current HPWL=2093598.56 um | Best HPWL=426853.12 um | Accept Rate=100.0% | Improvements: 1915/8000 (23.9%) | Refine: 1349404/1349411 (100.0%) | Explore: 578588/578589 (100.0%)
T=32908296.30 | W=100.4um | Current HPWL=2126435.71 um | Best HPWL=426853.12 um | Accept Rate=100.0% | Improvements: 1868/8000 (23.4%) | Refine: 1461459/1461466 (100.0%) | Explore: 626533/626534 (100.0%)
T=32256345.59 | W=100.4um | Current HPWL=2104843.46 um | Best HPWL=426853.12 um | Accept Rate=100.0% | Improvements: 1896/8000 (23.7%) | Refine: 1573428/1573435 (100.0%) | Explore: 674564/674565 (100.0%)
T=31617310.77 | W=100.4um | Current HPWL=2103140.94 um | Best HPWL=426853.12 um | Accept Rate=100.0% | Improvements: 1920/8000 (24.0%) | Refine: 1685298/1685306 (100.0%) | Explore: 722693/722694 (100.0%)
T=30990935.95 | W=100.4um | Current HPWL=2105936.45 um | Best HPWL=426853.12 um | Accept Rate=100.0% | Improvements: 1907/8000 (23.8%) | Refine: 1797103/1797113 (100.0%) | Explore: 770886/770887 (100.0%)
T=30376970.33 | W=100.4um | Current HPWL=2108973.66 um | Best HPWL=426853.12 um | Accept Rate=100.0% | Improvements: 1857/8000 (23.2%) | Refine: 1909363/1909374 (100.0%) | Explore: 818625/818626 (100.0%)
T=29775168.06 | W=100.4um | Current HPWL=2110947.06 um | Best HPWL=426853.12 um | Accept Rate=100.0% | Improvements: 1940/8000 (24.2%) | Refine: 2021297/2021308 (100.0%) | Explore: 866691/866692 (100.0%)
T=29185288.19 | W=100.4um | Current HPWL=2140341.26 um | Best HPWL=426853.12 um | Accept Rate=100.0% | Improvements: 1826/8000 (22.8%) | Refine: 2133201/2133212 (100.0%) | Explore: 914787/914788 (100.0%)
T=28607094.50 | W=100.4um | Current HPWL=2118161.42 um | Best HPWL=426853.12 um | Accept Rate=100.0% | Improvements: 1836/8000 (22.9%) | Refine: 2245431/2245442 (100.0%) | Explore: 962557/962558 (100.0%)
T=28040355.48 | W=100.4um | Current HPWL=2115472.55 um | Best HPWL=426853.12 um | Accept Rate=100.0% | Improvements: 1865/8000 (23.3%) | Refine: 2357383/2357395 (100.0%) | Explore: 1010604/1010605 (100.0%)
T=27484844.21 | W=100.4um | Current HPWL=2109583.60 um | Best HPWL=426853.12 um | Accept Rate=100.0% | Improvements: 1922/8000 (24.0%) | Refine: 2469343/2469355 (100.0%) | Explore: 1058644/1058645 (100.0%)
T=26940338.24 | W=100.4um | Current HPWL=2100458.08 um | Best HPWL=426853.12 um | Accept Rate=100.0% | Improvements: 1869/8000 (23.4%) | Refine: 2581432/2581444 (100.0%) | Explore: 1106555/1106556 (100.0%)
T=26406619.56 | W=100.4um | Current HPWL=2096851.74 um | Best HPWL=426853.12 um | Accept Rate=100.0% | Improvements: 1874/8000 (23.4%) | Refine: 2693732/2693744 (100.0%) | Explore: 1154255/1154256 (100.0%)
T=25883474.45 | W=100.4um | Current HPWL=2117837.88 um | Best HPWL=426853.12 um | Accept Rate=100.0% | Improvements: 1943/8000 (24.3%) | Refine: 2805747/2805760 (100.0%) | Explore: 1202239/1202240 (100.0%)
T=25370693.44 | W=100.4um | Current HPWL=2093846.95 um | Best HPWL=426853.12 um | Accept Rate=100.0% | Improvements: 1908/8000 (23.8%) | Refine: 2917747/2917760 (100.0%) | Explore: 1250239/1250240 (100.0%)
T=24868071.20 | W=100.4um | Current HPWL=2148810.91 um | Best HPWL=426853.12 um | Accept Rate=100.0% | Improvements: 1853/8000 (23.2%) | Refine: 3029970/3029984 (100.0%) | Explore: 1298015/1298016 (100.0%)
T=24375406.48 | W=100.4um | Current HPWL=2109462.60 um | Best HPWL=426853.12 um | Accept Rate=100.0% | Improvements: 1847/8000 (23.1%) | Refine: 3141598/3141612 (100.0%) | Explore: 1346387/1346388 (100.0%)
T=23892502.01 | W=100.4um | Current HPWL=2104980.11 um | Best HPWL=426853.12 um | Accept Rate=100.0% | Improvements: 1907/8000 (23.8%) | Refine: 3253464/3253478 (100.0%) | Explore: 1394521/1394522 (100.0%)
T=23419164.42 | W=100.4um | Current HPWL=2096407.69 um | Best HPWL=426853.12 um | Accept Rate=100.0% | Improvements: 1942/8000 (24.3%) | Refine: 3365163/3365177 (100.0%) | Explore: 1442821/1442823 (100.0%)
T=22955204.19 | W=100.4um | Current HPWL=2101729.35 um | Best HPWL=426853.12 um | Accept Rate=100.0% | Improvements: 1924/8000 (24.1%) | Refine: 3476875/3476889 (100.0%) | Explore: 1491109/1491111 (100.0%)
T=22500435.54 | W=100.4um | Current HPWL=2110709.98 um | Best HPWL=426853.12 um | Accept Rate=100.0% | Improvements: 1875/8000 (23.4%) | Refine: 3588918/3588932 (100.0%) | Explore: 1539066/1539068 (100.0%)
T=22054676.37 | W=100.4um | Current HPWL=2159889.66 um | Best HPWL=426853.12 um | Accept Rate=100.0% | Improvements: 1815/8000 (22.7%) | Refine: 3700965/3700979 (100.0%) | Explore: 1587019/1587021 (100.0%)
T=21617748.19 | W=100.4um | Current HPWL=2105831.42 um | Best HPWL=426853.12 um | Accept Rate=100.0% | Improvements: 1908/8000 (23.8%) | Refine: 3812969/3812983 (100.0%) | Explore: 1635015/1635017 (100.0%)
T=21189476.06 | W=100.4um | Current HPWL=2115236.86 um | Best HPWL=426853.12 um | Accept Rate=100.0% | Improvements: 1839/8000 (23.0%) | Refine: 3924923/3924938 (100.0%) | Explore: 1683060/1683062 (100.0%)
T=20769688.49 | W=100.4um | Current HPWL=2138234.60 um | Best HPWL=426853.12 um | Accept Rate=100.0% | Improvements: 1846/8000 (23.1%) | Refine: 4037189/4037205 (100.0%) | Explore: 1730793/1730795 (100.0%)
T=20358217.38 | W=100.4um | Current HPWL=2115933.63 um | Best HPWL=426853.12 um | Accept Rate=100.0% | Improvements: 1854/8000 (23.2%) | Refine: 4149173/4149192 (100.0%) | Explore: 1778806/1778808 (100.0%)
T=19954897.99 | W=100.4um | Current HPWL=2150926.36 um | Best HPWL=426853.12 um | Accept Rate=100.0% | Improvements: 1898/8000 (23.7%) | Refine: 4261076/4261095 (100.0%) | Explore: 1826903/1826905 (100.0%)
T=19559568.80 | W=100.4um | Current HPWL=2151083.73 um | Best HPWL=426853.12 um | Accept Rate=100.0% | Improvements: 1844/8000 (23.1%) | Refine: 4373055/4373075 (100.0%) | Explore: 1874923/1874925 (100.0%)
T=19172071.54 | W=100.4um | Current HPWL=2109941.80 um | Best HPWL=426853.12 um | Accept Rate=100.0% | Improvements: 1912/8000 (23.9%) | Refine: 4485144/4485164 (100.0%) | Explore: 1922834/1922836 (100.0%)
T=18792251.04 | W=100.4um | Current HPWL=2139687.56 um | Best HPWL=426853.12 um | Accept Rate=100.0% | Improvements: 1862/8000 (23.3%) | Refine: 4597101/4597121 (100.0%) | Explore: 1970877/1970879 (100.0%)
T=18419955.22 | W=100.4um | Current HPWL=2098833.29 um | Best HPWL=426853.12 um | Accept Rate=100.0% | Improvements: 1893/8000 (23.7%) | Refine: 4709138/4709158 (100.0%) | Explore: 2018840/2018842 (100.0%)
T=18055034.99 | W=100.4um | Current HPWL=2108813.41 um | Best HPWL=426853.12 um | Accept Rate=100.0% | Improvements: 1945/8000 (24.3%) | Refine: 4821327/4821347 (100.0%) | Explore: 2066651/2066653 (100.0%)
T=17697344.26 | W=100.4um | Current HPWL=2098216.07 um | Best HPWL=426853.12 um | Accept Rate=100.0% | Improvements: 1938/8000 (24.2%) | Refine: 4933245/4933266 (100.0%) | Explore: 2114732/2114734 (100.0%)
T=17346739.78 | W=100.4um | Current HPWL=2106752.57 um | Best HPWL=426853.12 um | Accept Rate=100.0% | Improvements: 1900/8000 (23.8%) | Refine: 5045336/5045357 (100.0%) | Explore: 2162641/2162643 (100.0%)
T=17003081.17 | W=100.4um | Current HPWL=2122699.61 um | Best HPWL=426853.12 um | Accept Rate=100.0% | Improvements: 1851/8000 (23.1%) | Refine: 5157270/5157294 (100.0%) | Explore: 2210704/2210706 (100.0%)
T=16666230.83 | W=100.4um | Current HPWL=2122386.63 um | Best HPWL=426853.12 um | Accept Rate=100.0% | Improvements: 1879/8000 (23.5%) | Refine: 5269140/5269165 (100.0%) | Explore: 2258833/2258835 (100.0%)
T=16336053.88 | W=100.4um | Current HPWL=2124063.60 um | Best HPWL=426853.12 um | Accept Rate=100.0% | Improvements: 1964/8000 (24.6%) | Refine: 5380970/5380996 (100.0%) | Explore: 2307002/2307004 (100.0%)
T=16012418.11 | W=100.4um | Current HPWL=2118513.27 um | Best HPWL=426853.12 um | Accept Rate=100.0% | Improvements: 1893/8000 (23.7%) | Refine: 5492794/5492821 (100.0%) | Explore: 2355177/2355179 (100.0%)
T=15695193.93 | W=100.4um | Current HPWL=2112138.48 um | Best HPWL=426853.12 um | Accept Rate=100.0% | Improvements: 1910/8000 (23.9%) | Refine: 5604522/5604549 (100.0%) | Explore: 2403449/2403451 (100.0%)
T=15384254.32 | W=100.4um | Current HPWL=2123772.13 um | Best HPWL=426853.12 um | Accept Rate=100.0% | Improvements: 1814/8000 (22.7%) | Refine: 5716604/5716631 (100.0%) | Explore: 2451367/2451369 (100.0%)
T=15079474.78 | W=100.4um | Current HPWL=2122265.44 um | Best HPWL=426853.12 um | Accept Rate=100.0% | Improvements: 1866/8000 (23.3%) | Refine: 5828309/5828336 (100.0%) | Explore: 2499662/2499664 (100.0%)
T=14780733.26 | W=100.4um | Current HPWL=2114602.57 um | Best HPWL=426853.12 um | Accept Rate=100.0% | Improvements: 1832/8000 (22.9%) | Refine: 5940118/5940146 (100.0%) | Explore: 2547851/2547854 (100.0%)
T=14487910.16 | W=100.4um | Current HPWL=2105893.12 um | Best HPWL=426853.12 um | Accept Rate=100.0% | Improvements: 1890/8000 (23.6%) | Refine: 6052039/6052068 (100.0%) | Explore: 2595929/2595932 (100.0%)
T=14200888.21 | W=100.4um | Current HPWL=2103604.87 um | Best HPWL=426853.12 um | Accept Rate=100.0% | Improvements: 1864/8000 (23.3%) | Refine: 6163980/6164010 (100.0%) | Explore: 2643987/2643990 (100.0%)
T=13919552.50 | W=100.4um | Current HPWL=2092768.81 um | Best HPWL=426853.12 um | Accept Rate=100.0% | Improvements: 1824/8000 (22.8%) | Refine: 6276192/6276223 (100.0%) | Explore: 2691774/2691777 (100.0%)
T=13643790.36 | W=100.4um | Current HPWL=2121749.74 um | Best HPWL=426853.12 um | Accept Rate=100.0% | Improvements: 1908/8000 (23.8%) | Refine: 6388107/6388139 (100.0%) | Explore: 2739858/2739861 (100.0%)
T=13373491.39 | W=100.4um | Current HPWL=2124068.82 um | Best HPWL=426853.12 um | Accept Rate=100.0% | Improvements: 1790/8000 (22.4%) | Refine: 6500415/6500448 (100.0%) | Explore: 2787549/2787552 (100.0%)
T=13108547.34 | W=100.4um | Current HPWL=2127426.87 um | Best HPWL=426853.12 um | Accept Rate=100.0% | Improvements: 1853/8000 (23.2%) | Refine: 6612529/6612563 (100.0%) | Explore: 2835434/2835437 (100.0%)
T=12848852.14 | W=100.4um | Current HPWL=2128011.85 um | Best HPWL=426853.12 um | Accept Rate=100.0% | Improvements: 1829/8000 (22.9%) | Refine: 6724560/6724594 (100.0%) | Explore: 2883403/2883406 (100.0%)
T=12594301.79 | W=100.4um | Current HPWL=2121281.37 um | Best HPWL=426853.12 um | Accept Rate=100.0% | Improvements: 1916/8000 (23.9%) | Refine: 6836322/6836357 (100.0%) | Explore: 2931640/2931643 (100.0%)
T=12344794.38 | W=100.4um | Current HPWL=2146243.15 um | Best HPWL=426853.12 um | Accept Rate=100.0% | Improvements: 1805/8000 (22.6%) | Refine: 6948265/6948300 (100.0%) | Explore: 2979697/2979700 (100.0%)
T=12100229.99 | W=100.4um | Current HPWL=2116429.60 um | Best HPWL=426853.12 um | Accept Rate=100.0% | Improvements: 1941/8000 (24.3%) | Refine: 7060136/7060171 (100.0%) | Explore: 3027825/3027829 (100.0%)
T=11860510.69 | W=100.4um | Current HPWL=2129096.66 um | Best HPWL=426853.12 um | Accept Rate=100.0% | Improvements: 1866/8000 (23.3%) | Refine: 7172014/7172049 (100.0%) | Explore: 3075947/3075951 (100.0%)
T=11625540.51 | W=100.4um | Current HPWL=2109340.39 um | Best HPWL=426853.12 um | Accept Rate=100.0% | Improvements: 1835/8000 (22.9%) | Refine: 7284345/7284382 (100.0%) | Explore: 3123613/3123618 (100.0%)
T=11395225.36 | W=100.4um | Current HPWL=2123441.52 um | Best HPWL=426853.12 um | Accept Rate=100.0% | Improvements: 1911/8000 (23.9%) | Refine: 7396025/7396063 (100.0%) | Explore: 3171932/3171937 (100.0%)
T=11169473.01 | W=100.4um | Current HPWL=2115179.62 um | Best HPWL=426853.12 um | Accept Rate=100.0% | Improvements: 1819/8000 (22.7%) | Refine: 7508271/7508309 (100.0%) | Explore: 3219686/3219691 (100.0%)
T=10948193.07 | W=100.4um | Current HPWL=2075449.30 um | Best HPWL=426853.12 um | Accept Rate=100.0% | Improvements: 1894/8000 (23.7%) | Refine: 7620313/7620351 (100.0%) | Explore: 3267644/3267649 (100.0%)
T=10731296.94 | W=100.4um | Current HPWL=2119581.76 um | Best HPWL=426853.12 um | Accept Rate=100.0% | Improvements: 1884/8000 (23.5%) | Refine: 7732310/7732349 (100.0%) | Explore: 3315646/3315651 (100.0%)
T=10518697.76 | W=100.4um | Current HPWL=2083220.98 um | Best HPWL=426853.12 um | Accept Rate=100.0% | Improvements: 1930/8000 (24.1%) | Refine: 7844357/7844398 (100.0%) | Explore: 3363597/3363602 (100.0%)
T=10310310.42 | W=100.4um | Current HPWL=2117668.07 um | Best HPWL=426853.12 um | Accept Rate=100.0% | Improvements: 1844/8000 (23.1%) | Refine: 7956300/7956342 (100.0%) | Explore: 3411653/3411658 (100.0%)
T=10106051.47 | W=100.4um | Current HPWL=2125055.55 um | Best HPWL=426853.12 um | Accept Rate=100.0% | Improvements: 1905/8000 (23.8%) | Refine: 8068188/8068231 (100.0%) | Explore: 3459764/3459769 (100.0%)
T=9905839.11 | W=100.4um | Current HPWL=2109288.53 um | Best HPWL=426853.12 um | Accept Rate=100.0% | Improvements: 1905/8000 (23.8%) | Refine: 8180218/8180261 (100.0%) | Explore: 3507734/3507739 (100.0%)
T=9709593.20 | W=100.4um | Current HPWL=2113511.02 um | Best HPWL=426853.12 um | Accept Rate=100.0% | Improvements: 1858/8000 (23.2%) | Refine: 8292277/8292321 (100.0%) | Explore: 3555673/3555679 (100.0%)
T=9517235.13 | W=100.4um | Current HPWL=2123708.40 um | Best HPWL=426853.12 um | Accept Rate=100.0% | Improvements: 1891/8000 (23.6%) | Refine: 8404525/8404569 (100.0%) | Explore: 3603425/3603431 (100.0%)
T=9328687.90 | W=100.4um | Current HPWL=2097904.50 um | Best HPWL=426853.12 um | Accept Rate=100.0% | Improvements: 1936/8000 (24.2%) | Refine: 8516484/8516529 (100.0%) | Explore: 3651465/3651471 (100.0%)
T=9143876.00 | W=100.4um | Current HPWL=2090556.31 um | Best HPWL=426853.12 um | Accept Rate=100.0% | Improvements: 1909/8000 (23.9%) | Refine: 8628343/8628388 (100.0%) | Explore: 3699606/3699612 (100.0%)
T=8962725.44 | W=100.4um | Current HPWL=2071270.92 um | Best HPWL=426853.12 um | Accept Rate=100.0% | Improvements: 1914/8000 (23.9%) | Refine: 8740591/8740638 (100.0%) | Explore: 3747356/3747362 (100.0%)
T=8785163.68 | W=100.4um | Current HPWL=2100201.11 um | Best HPWL=426853.12 um | Accept Rate=100.0% | Improvements: 1862/8000 (23.3%) | Refine: 8852557/8852605 (100.0%) | Explore: 3795389/3795395 (100.0%)
T=8611119.61 | W=100.4um | Current HPWL=2111807.03 um | Best HPWL=426853.12 um | Accept Rate=100.0% | Improvements: 1868/8000 (23.4%) | Refine: 8964453/8964502 (100.0%) | Explore: 3843492/3843498 (100.0%)
T=8440523.56 | W=100.4um | Current HPWL=2082447.65 um | Best HPWL=426853.12 um | Accept Rate=100.0% | Improvements: 1863/8000 (23.3%) | Refine: 9076619/9076671 (100.0%) | Explore: 3891323/3891329 (100.0%)
T=8273307.20 | W=100.4um | Current HPWL=2106999.32 um | Best HPWL=426853.12 um | Accept Rate=100.0% | Improvements: 1864/8000 (23.3%) | Refine: 9188580/9188633 (100.0%) | Explore: 3939361/3939367 (100.0%)
T=8109403.60 | W=100.4um | Current HPWL=2087243.14 um | Best HPWL=426853.12 um | Accept Rate=100.0% | Improvements: 1859/8000 (23.2%) | Refine: 9300604/9300659 (100.0%) | Explore: 3987335/3987341 (100.0%)
T=7948747.10 | W=100.4um | Current HPWL=2071407.49 um | Best HPWL=426853.12 um | Accept Rate=100.0% | Improvements: 1849/8000 (23.1%) | Refine: 9412529/9412585 (100.0%) | Explore: 4035409/4035415 (100.0%)
T=7791273.40 | W=100.4um | Current HPWL=2111044.65 um | Best HPWL=426853.12 um | Accept Rate=100.0% | Improvements: 1814/8000 (22.7%) | Refine: 9524690/9524747 (100.0%) | Explore: 4083246/4083253 (100.0%)
T=7636919.43 | W=100.4um | Current HPWL=2077175.27 um | Best HPWL=426853.12 um | Accept Rate=100.0% | Improvements: 1990/8000 (24.9%) | Refine: 9636344/9636401 (100.0%) | Explore: 4131592/4131599 (100.0%)
T=7485623.39 | W=100.4um | Current HPWL=2130391.33 um | Best HPWL=426853.12 um | Accept Rate=100.0% | Improvements: 1829/8000 (22.9%) | Refine: 9748313/9748372 (100.0%) | Explore: 4179620/4179628 (100.0%)
T=7337324.69 | W=100.4um | Current HPWL=2109864.33 um | Best HPWL=426853.12 um | Accept Rate=100.0% | Improvements: 1884/8000 (23.5%) | Refine: 9860265/9860327 (100.0%) | Explore: 4227665/4227673 (100.0%)
T=7191963.96 | W=100.4um | Current HPWL=2132556.51 um | Best HPWL=426853.12 um | Accept Rate=100.0% | Improvements: 1836/8000 (22.9%) | Refine: 9972500/9972562 (100.0%) | Explore: 4275430/4275438 (100.0%)
T=7049482.99 | W=100.4um | Current HPWL=2111788.00 um | Best HPWL=426853.12 um | Accept Rate=100.0% | Improvements: 1882/8000 (23.5%) | Refine: 10084641/10084706 (100.0%) | Explore: 4323284/4323294 (100.0%)
T=6909824.73 | W=100.4um | Current HPWL=2164344.41 um | Best HPWL=426853.12 um | Accept Rate=100.0% | Improvements: 1835/8000 (22.9%) | Refine: 10196281/10196349 (100.0%) | Explore: 4371640/4371651 (100.0%)
T=6772933.26 | W=100.4um | Current HPWL=2140006.15 um | Best HPWL=426853.12 um | Accept Rate=100.0% | Improvements: 1858/8000 (23.2%) | Refine: 10308212/10308281 (100.0%) | Explore: 4419708/4419719 (100.0%)
T=6638753.76 | W=100.4um | Current HPWL=2130181.06 um | Best HPWL=426853.12 um | Accept Rate=100.0% | Improvements: 1888/8000 (23.6%) | Refine: 10420323/10420393 (100.0%) | Explore: 4467596/4467607 (100.0%)
T=6507232.51 | W=100.4um | Current HPWL=2100368.54 um | Best HPWL=426853.12 um | Accept Rate=100.0% | Improvements: 1850/8000 (23.1%) | Refine: 10532559/10532632 (100.0%) | Explore: 4515357/4515368 (100.0%)
T=6378316.85 | W=100.4um | Current HPWL=2134970.02 um | Best HPWL=426853.12 um | Accept Rate=100.0% | Improvements: 1872/8000 (23.4%) | Refine: 10644787/10644862 (100.0%) | Explore: 4563127/4563138 (100.0%)
T=6251955.15 | W=100.4um | Current HPWL=2106184.91 um | Best HPWL=426853.12 um | Accept Rate=100.0% | Improvements: 1888/8000 (23.6%) | Refine: 10756446/10756522 (100.0%) | Explore: 4611467/4611478 (100.0%)
T=6128096.82 | W=100.4um | Current HPWL=2122201.11 um | Best HPWL=426853.12 um | Accept Rate=100.0% | Improvements: 1854/8000 (23.2%) | Refine: 10868340/10868418 (100.0%) | Explore: 4659571/4659582 (100.0%)
T=6006692.27 | W=100.4um | Current HPWL=2104005.21 um | Best HPWL=426853.12 um | Accept Rate=100.0% | Improvements: 1855/8000 (23.2%) | Refine: 10980384/10980464 (100.0%) | Explore: 4707525/4707536 (100.0%)
T=5887692.88 | W=100.4um | Current HPWL=2080599.13 um | Best HPWL=426853.12 um | Accept Rate=100.0% | Improvements: 1816/8000 (22.7%) | Refine: 11092218/11092302 (100.0%) | Explore: 4755687/4755698 (100.0%)
T=5771051.00 | W=100.4um | Current HPWL=2150281.21 um | Best HPWL=426853.12 um | Accept Rate=100.0% | Improvements: 1849/8000 (23.1%) | Refine: 11204459/11204545 (100.0%) | Explore: 4803444/4803455 (100.0%)
T=5656719.93 | W=100.4um | Current HPWL=2126702.55 um | Best HPWL=426853.12 um | Accept Rate=100.0% | Improvements: 1892/8000 (23.6%) | Refine: 11316219/11316306 (100.0%) | Explore: 4851683/4851694 (100.0%)
T=5544653.88 | W=100.4um | Current HPWL=2123789.93 um | Best HPWL=426853.12 um | Accept Rate=100.0% | Improvements: 1868/8000 (23.4%) | Refine: 11427905/11427994 (100.0%) | Explore: 4899995/4900006 (100.0%)
T=5434808.00 | W=100.4um | Current HPWL=2122057.08 um | Best HPWL=426853.12 um | Accept Rate=100.0% | Improvements: 1913/8000 (23.9%) | Refine: 11540059/11540151 (100.0%) | Explore: 4947838/4947849 (100.0%)
T=5327138.28 | W=100.4um | Current HPWL=2140790.11 um | Best HPWL=426853.12 um | Accept Rate=100.0% | Improvements: 1906/8000 (23.8%) | Refine: 11651925/11652018 (100.0%) | Explore: 4995971/4995982 (100.0%)
T=5221601.62 | W=100.4um | Current HPWL=2120846.40 um | Best HPWL=426853.12 um | Accept Rate=100.0% | Improvements: 1947/8000 (24.3%) | Refine: 11764324/11764418 (100.0%) | Explore: 5043571/5043582 (100.0%)
T=5118155.77 | W=100.4um | Current HPWL=2133984.99 um | Best HPWL=426853.12 um | Accept Rate=100.0% | Improvements: 1822/8000 (22.8%) | Refine: 11876475/11876569 (100.0%) | Explore: 5091420/5091431 (100.0%)
T=5016759.29 | W=100.4um | Current HPWL=2136303.78 um | Best HPWL=426853.12 um | Accept Rate=100.0% | Improvements: 1944/8000 (24.3%) | Refine: 11988999/11989093 (100.0%) | Explore: 5138896/5138907 (100.0%)
T=4917371.60 | W=100.4um | Current HPWL=2121788.23 um | Best HPWL=426853.12 um | Accept Rate=100.0% | Improvements: 1837/8000 (23.0%) | Refine: 12101080/12101175 (100.0%) | Explore: 5186814/5186825 (100.0%)
T=4819952.88 | W=100.4um | Current HPWL=2115984.84 um | Best HPWL=426853.12 um | Accept Rate=100.0% | Improvements: 1830/8000 (22.9%) | Refine: 12213172/12213268 (100.0%) | Explore: 5234720/5234732 (100.0%)
T=4724464.14 | W=100.4um | Current HPWL=2107725.81 um | Best HPWL=426853.12 um | Accept Rate=100.0% | Improvements: 1917/8000 (24.0%) | Refine: 12324932/12325029 (100.0%) | Explore: 5282958/5282971 (100.0%)
T=4630867.15 | W=100.4um | Current HPWL=2100669.06 um | Best HPWL=426853.12 um | Accept Rate=100.0% | Improvements: 1875/8000 (23.4%) | Refine: 12436799/12436898 (100.0%) | Explore: 5331089/5331102 (100.0%)
T=4539124.41 | W=100.4um | Current HPWL=2098073.27 um | Best HPWL=426853.12 um | Accept Rate=100.0% | Improvements: 1902/8000 (23.8%) | Refine: 12549075/12549176 (100.0%) | Explore: 5378811/5378824 (100.0%)
T=4449199.20 | W=100.4um | Current HPWL=2098289.87 um | Best HPWL=426853.12 um | Accept Rate=100.0% | Improvements: 1869/8000 (23.4%) | Refine: 12661242/12661345 (100.0%) | Explore: 5426642/5426655 (100.0%)
T=4361055.52 | W=100.4um | Current HPWL=2108593.05 um | Best HPWL=426853.12 um | Accept Rate=100.0% | Improvements: 1864/8000 (23.3%) | Refine: 12773235/12773340 (100.0%) | Explore: 5474647/5474660 (100.0%)
T=4274658.06 | W=100.4um | Current HPWL=2110207.86 um | Best HPWL=426853.12 um | Accept Rate=100.0% | Improvements: 1870/8000 (23.4%) | Refine: 12885077/12885184 (100.0%) | Explore: 5522803/5522816 (100.0%)
T=4189972.23 | W=100.4um | Current HPWL=2127816.07 um | Best HPWL=426853.12 um | Accept Rate=100.0% | Improvements: 1824/8000 (22.8%) | Refine: 12997200/12997308 (100.0%) | Explore: 5570679/5570692 (100.0%)
T=4106964.12 | W=100.4um | Current HPWL=2112143.68 um | Best HPWL=426853.12 um | Accept Rate=100.0% | Improvements: 1867/8000 (23.3%) | Refine: 13109065/13109177 (100.0%) | Explore: 5618810/5618823 (100.0%)
T=4025600.50 | W=100.4um | Current HPWL=2091392.38 um | Best HPWL=426853.12 um | Accept Rate=100.0% | Improvements: 1904/8000 (23.8%) | Refine: 13220853/13220966 (100.0%) | Explore: 5667021/5667034 (100.0%)
T=3945848.79 | W=100.4um | Current HPWL=2093469.49 um | Best HPWL=426853.12 um | Accept Rate=100.0% | Improvements: 1818/8000 (22.7%) | Refine: 13332601/13332717 (100.0%) | Explore: 5715270/5715283 (100.0%)
T=3867677.04 | W=100.4um | Current HPWL=2076035.44 um | Best HPWL=426853.12 um | Accept Rate=100.0% | Improvements: 1875/8000 (23.4%) | Refine: 13444806/13444925 (100.0%) | Explore: 5763062/5763075 (100.0%)
T=3791053.97 | W=100.4um | Current HPWL=2124496.66 um | Best HPWL=426853.12 um | Accept Rate=100.0% | Improvements: 1837/8000 (23.0%) | Refine: 13556889/13557010 (100.0%) | Explore: 5810976/5810990 (100.0%)
T=3715948.89 | W=100.4um | Current HPWL=2130170.29 um | Best HPWL=426853.12 um | Accept Rate=100.0% | Improvements: 1913/8000 (23.9%) | Refine: 13668721/13668844 (100.0%) | Explore: 5859142/5859156 (100.0%)
T=3642331.72 | W=100.4um | Current HPWL=2105455.93 um | Best HPWL=426853.12 um | Accept Rate=100.0% | Improvements: 1885/8000 (23.6%) | Refine: 13780497/13780624 (100.0%) | Explore: 5907362/5907376 (100.0%)
T=3570172.99 | W=100.4um | Current HPWL=2112918.21 um | Best HPWL=426853.12 um | Accept Rate=100.0% | Improvements: 1885/8000 (23.6%) | Refine: 13892472/13892601 (100.0%) | Explore: 5955385/5955399 (100.0%)
T=3499443.81 | W=100.4um | Current HPWL=2119283.84 um | Best HPWL=426853.12 um | Accept Rate=100.0% | Improvements: 1899/8000 (23.7%) | Refine: 14004283/14004415 (100.0%) | Explore: 6003571/6003585 (100.0%)
T=3430115.86 | W=100.4um | Current HPWL=2145096.25 um | Best HPWL=426853.12 um | Accept Rate=100.0% | Improvements: 1806/8000 (22.6%) | Refine: 14116420/14116557 (100.0%) | Explore: 6051428/6051443 (100.0%)
T=3362161.37 | W=100.4um | Current HPWL=2085913.32 um | Best HPWL=426853.12 um | Accept Rate=100.0% | Improvements: 1937/8000 (24.2%) | Refine: 14228449/14228588 (100.0%) | Explore: 6099397/6099412 (100.0%)
T=3295553.14 | W=100.4um | Current HPWL=2114587.31 um | Best HPWL=426853.12 um | Accept Rate=100.0% | Improvements: 1835/8000 (22.9%) | Refine: 14340621/14340762 (100.0%) | Explore: 6147222/6147238 (100.0%)
T=3230264.49 | W=100.4um | Current HPWL=2133416.30 um | Best HPWL=426853.12 um | Accept Rate=100.0% | Improvements: 1893/8000 (23.7%) | Refine: 14452503/14452644 (100.0%) | Explore: 6195340/6195356 (100.0%)
T=3166269.28 | W=100.4um | Current HPWL=2090048.02 um | Best HPWL=426853.12 um | Accept Rate=100.0% | Improvements: 1896/8000 (23.7%) | Refine: 14564768/14564913 (100.0%) | Explore: 6243071/6243087 (100.0%)
T=3103541.89 | W=100.4um | Current HPWL=2097608.45 um | Best HPWL=426853.12 um | Accept Rate=100.0% | Improvements: 1807/8000 (22.6%) | Refine: 14677037/14677185 (100.0%) | Explore: 6290796/6290815 (100.0%)
T=3042057.21 | W=100.4um | Current HPWL=2090812.18 um | Best HPWL=426853.12 um | Accept Rate=100.0% | Improvements: 1914/8000 (23.9%) | Refine: 14789034/14789184 (100.0%) | Explore: 6338795/6338816 (100.0%)
T=2981790.60 | W=100.4um | Current HPWL=2123142.00 um | Best HPWL=426853.12 um | Accept Rate=100.0% | Improvements: 1858/8000 (23.2%) | Refine: 14901181/14901335 (100.0%) | Explore: 6386644/6386665 (100.0%)
T=2922717.94 | W=100.4um | Current HPWL=2087484.31 um | Best HPWL=426853.12 um | Accept Rate=100.0% | Improvements: 1848/8000 (23.1%) | Refine: 15013099/15013253 (100.0%) | Explore: 6434726/6434747 (100.0%)
T=2864815.58 | W=100.4um | Current HPWL=2141085.95 um | Best HPWL=426853.12 um | Accept Rate=100.0% | Improvements: 1826/8000 (22.8%) | Refine: 15125229/15125386 (100.0%) | Explore: 6482593/6482614 (100.0%)
T=2808060.33 | W=100.4um | Current HPWL=2140657.54 um | Best HPWL=426853.12 um | Accept Rate=100.0% | Improvements: 1855/8000 (23.2%) | Refine: 15237165/15237322 (100.0%) | Explore: 6530655/6530678 (100.0%)
T=2752429.47 | W=100.4um | Current HPWL=2117137.34 um | Best HPWL=426853.12 um | Accept Rate=100.0% | Improvements: 1854/8000 (23.2%) | Refine: 15349338/15349497 (100.0%) | Explore: 6578480/6578503 (100.0%)
T=2697900.72 | W=100.4um | Current HPWL=2131825.47 um | Best HPWL=426853.12 um | Accept Rate=100.0% | Improvements: 1839/8000 (23.0%) | Refine: 15461454/15461616 (100.0%) | Explore: 6626360/6626384 (100.0%)
T=2644452.24 | W=100.4um | Current HPWL=2091411.35 um | Best HPWL=426853.12 um | Accept Rate=100.0% | Improvements: 1899/8000 (23.7%) | Refine: 15573538/15573702 (100.0%) | Explore: 6674274/6674298 (100.0%)
T=2592062.64 | W=100.4um | Current HPWL=2118769.81 um | Best HPWL=426853.12 um | Accept Rate=100.0% | Improvements: 1933/8000 (24.2%) | Refine: 15685952/15686118 (100.0%) | Explore: 6721857/6721882 (100.0%)
T=2540710.94 | W=100.4um | Current HPWL=2114176.15 um | Best HPWL=426853.12 um | Accept Rate=100.0% | Improvements: 1956/8000 (24.4%) | Refine: 15797931/15798099 (100.0%) | Explore: 6769876/6769901 (100.0%)
T=2490376.57 | W=100.4um | Current HPWL=2116048.42 um | Best HPWL=426853.12 um | Accept Rate=100.0% | Improvements: 1847/8000 (23.1%) | Refine: 15910000/15910172 (100.0%) | Explore: 6817802/6817828 (100.0%)
T=2441039.38 | W=100.4um | Current HPWL=2127054.38 um | Best HPWL=426853.12 um | Accept Rate=100.0% | Improvements: 1897/8000 (23.7%) | Refine: 16021583/16021765 (100.0%) | Explore: 6866209/6866235 (100.0%)
T=2392679.62 | W=100.4um | Current HPWL=2116547.21 um | Best HPWL=426853.12 um | Accept Rate=100.0% | Improvements: 1816/8000 (22.7%) | Refine: 16133709/16133894 (100.0%) | Explore: 6914080/6914106 (100.0%)
T=2345277.92 | W=100.4um | Current HPWL=2104595.71 um | Best HPWL=426853.12 um | Accept Rate=100.0% | Improvements: 1905/8000 (23.8%) | Refine: 16245630/16245819 (100.0%) | Explore: 6962155/6962181 (100.0%)
T=2298815.31 | W=100.4um | Current HPWL=2084428.51 um | Best HPWL=426853.12 um | Accept Rate=100.0% | Improvements: 1901/8000 (23.8%) | Refine: 16357426/16357618 (100.0%) | Explore: 7010356/7010382 (100.0%)
T=2253273.16 | W=100.4um | Current HPWL=2103606.84 um | Best HPWL=426853.12 um | Accept Rate=100.0% | Improvements: 1844/8000 (23.1%) | Refine: 16469395/16469589 (100.0%) | Explore: 7058383/7058411 (100.0%)
T=2208633.27 | W=100.4um | Current HPWL=2129458.65 um | Best HPWL=426853.12 um | Accept Rate=100.0% | Improvements: 1876/8000 (23.4%) | Refine: 16581284/16581484 (100.0%) | Explore: 7106487/7106516 (100.0%)
T=2164877.73 | W=100.4um | Current HPWL=2097506.87 um | Best HPWL=426853.12 um | Accept Rate=100.0% | Improvements: 1883/8000 (23.5%) | Refine: 16693235/16693437 (100.0%) | Explore: 7154533/7154563 (100.0%)
T=2121989.05 | W=100.4um | Current HPWL=2109618.07 um | Best HPWL=426853.12 um | Accept Rate=100.0% | Improvements: 1890/8000 (23.6%) | Refine: 16805086/16805294 (100.0%) | Explore: 7202676/7202706 (100.0%)
T=2079950.04 | W=100.4um | Current HPWL=2114664.79 um | Best HPWL=426853.12 um | Accept Rate=100.0% | Improvements: 1884/8000 (23.5%) | Refine: 16917240/16917455 (100.0%) | Explore: 7250515/7250545 (100.0%)
T=2038743.86 | W=100.4um | Current HPWL=2117408.51 um | Best HPWL=426853.12 um | Accept Rate=100.0% | Improvements: 1848/8000 (23.1%) | Refine: 17029478/17029697 (100.0%) | Explore: 7298272/7298303 (100.0%)
T=1998354.03 | W=100.4um | Current HPWL=2107055.46 um | Best HPWL=426853.12 um | Accept Rate=100.0% | Improvements: 1842/8000 (23.0%) | Refine: 17141452/17141675 (100.0%) | Explore: 7346292/7346325 (100.0%)
T=1958764.37 | W=100.4um | Current HPWL=2090590.01 um | Best HPWL=426853.12 um | Accept Rate=100.0% | Improvements: 1858/8000 (23.2%) | Refine: 17253590/17253819 (100.0%) | Explore: 7394148/7394181 (100.0%)
T=1919959.03 | W=100.4um | Current HPWL=2130866.61 um | Best HPWL=426853.12 um | Accept Rate=100.0% | Improvements: 1892/8000 (23.6%) | Refine: 17365458/17365690 (100.0%) | Explore: 7442276/7442310 (100.0%)
T=1881922.46 | W=100.4um | Current HPWL=2128877.05 um | Best HPWL=426853.12 um | Accept Rate=100.0% | Improvements: 1846/8000 (23.1%) | Refine: 17477191/17477430 (100.0%) | Explore: 7490536/7490570 (100.0%)
T=1844639.44 | W=100.4um | Current HPWL=2126398.41 um | Best HPWL=426853.12 um | Accept Rate=100.0% | Improvements: 1872/8000 (23.4%) | Refine: 17589125/17589371 (100.0%) | Explore: 7538594/7538629 (100.0%)
T=1808095.04 | W=100.4um | Current HPWL=2122560.02 um | Best HPWL=426853.12 um | Accept Rate=100.0% | Improvements: 1888/8000 (23.6%) | Refine: 17701159/17701408 (100.0%) | Explore: 7586557/7586592 (100.0%)
T=1772274.62 | W=100.4um | Current HPWL=2083858.62 um | Best HPWL=426853.12 um | Accept Rate=100.0% | Improvements: 1905/8000 (23.8%) | Refine: 17813302/17813556 (100.0%) | Explore: 7634408/7634444 (100.0%)
T=1737163.85 | W=100.4um | Current HPWL=2087406.21 um | Best HPWL=426853.12 um | Accept Rate=100.0% | Improvements: 1878/8000 (23.5%) | Refine: 17925451/17925714 (100.0%) | Explore: 7682250/7682286 (100.0%)
T=1702748.66 | W=100.4um | Current HPWL=2077497.49 um | Best HPWL=426853.12 um | Accept Rate=100.0% | Improvements: 1846/8000 (23.1%) | Refine: 18037601/18037872 (100.0%) | Explore: 7730092/7730128 (100.0%)
T=1669015.28 | W=100.4um | Current HPWL=2105166.09 um | Best HPWL=426853.12 um | Accept Rate=100.0% | Improvements: 1826/8000 (22.8%) | Refine: 18149881/18150154 (100.0%) | Explore: 7777810/7777846 (100.0%)
T=1635950.19 | W=100.4um | Current HPWL=2113673.86 um | Best HPWL=426853.12 um | Accept Rate=100.0% | Improvements: 1869/8000 (23.4%) | Refine: 18261816/18262094 (100.0%) | Explore: 7825869/7825906 (100.0%)
T=1603540.16 | W=100.4um | Current HPWL=2126309.98 um | Best HPWL=426853.12 um | Accept Rate=100.0% | Improvements: 1842/8000 (23.0%) | Refine: 18373633/18373918 (100.0%) | Explore: 7874044/7874082 (100.0%)
T=1571772.21 | W=100.4um | Current HPWL=2096608.19 um | Best HPWL=426853.12 um | Accept Rate=100.0% | Improvements: 1897/8000 (23.7%) | Refine: 18485732/18486026 (100.0%) | Explore: 7921934/7921974 (100.0%)
T=1540633.62 | W=100.4um | Current HPWL=2095699.62 um | Best HPWL=426853.12 um | Accept Rate=100.0% | Improvements: 1885/8000 (23.6%) | Refine: 18597893/18598191 (100.0%) | Explore: 7969768/7969809 (100.0%)
T=1510111.92 | W=100.4um | Current HPWL=2107076.81 um | Best HPWL=426853.12 um | Accept Rate=100.0% | Improvements: 1885/8000 (23.6%) | Refine: 18709890/18710198 (100.0%) | Explore: 8017759/8017802 (100.0%)
T=1480194.89 | W=100.4um | Current HPWL=2093309.20 um | Best HPWL=426853.12 um | Accept Rate=100.0% | Improvements: 1835/8000 (22.9%) | Refine: 18821960/18822275 (100.0%) | Explore: 8065682/8065725 (100.0%)
T=1450870.55 | W=100.4um | Current HPWL=2114453.41 um | Best HPWL=426853.12 um | Accept Rate=100.0% | Improvements: 1856/8000 (23.2%) | Refine: 18933878/18934199 (100.0%) | Explore: 8113757/8113801 (100.0%)
T=1422127.15 | W=100.4um | Current HPWL=2125850.08 um | Best HPWL=426853.12 um | Accept Rate=100.0% | Improvements: 1856/8000 (23.2%) | Refine: 19045535/19045861 (100.0%) | Explore: 8162094/8162139 (100.0%)
T=1393953.20 | W=100.4um | Current HPWL=2104409.82 um | Best HPWL=426853.12 um | Accept Rate=100.0% | Improvements: 1914/8000 (23.9%) | Refine: 19157307/19157640 (100.0%) | Explore: 8210315/8210360 (100.0%)
T=1366337.40 | W=100.4um | Current HPWL=2107773.76 um | Best HPWL=426853.12 um | Accept Rate=100.0% | Improvements: 1853/8000 (23.2%) | Refine: 19269329/19269674 (100.0%) | Explore: 8258281/8258326 (100.0%)
T=1339268.71 | W=100.4um | Current HPWL=2126035.59 um | Best HPWL=426853.12 um | Accept Rate=100.0% | Improvements: 1913/8000 (23.9%) | Refine: 19381339/19381687 (100.0%) | Explore: 8306268/8306313 (100.0%)
T=1312736.28 | W=100.4um | Current HPWL=2101564.25 um | Best HPWL=426853.12 um | Accept Rate=100.0% | Improvements: 1854/8000 (23.2%) | Refine: 19493521/19493875 (100.0%) | Explore: 8354079/8354125 (100.0%)
T=1286729.48 | W=100.4um | Current HPWL=2117142.83 um | Best HPWL=426853.12 um | Accept Rate=100.0% | Improvements: 1924/8000 (24.1%) | Refine: 19605771/19606134 (100.0%) | Explore: 8401820/8401866 (100.0%)
T=1261237.91 | W=100.4um | Current HPWL=2133887.89 um | Best HPWL=426853.12 um | Accept Rate=100.0% | Improvements: 1845/8000 (23.1%) | Refine: 19717553/19717926 (100.0%) | Explore: 8450025/8450074 (100.0%)
T=1236251.35 | W=100.4um | Current HPWL=2155950.83 um | Best HPWL=426853.12 um | Accept Rate=100.0% | Improvements: 1850/8000 (23.1%) | Refine: 19829613/19829995 (100.0%) | Explore: 8497954/8498005 (100.0%)
T=1211759.81 | W=100.4um | Current HPWL=2105406.15 um | Best HPWL=426853.12 um | Accept Rate=100.0% | Improvements: 1911/8000 (23.9%) | Refine: 19941622/19942011 (100.0%) | Explore: 8545937/8545989 (100.0%)
T=1187753.47 | W=100.4um | Current HPWL=2110757.64 um | Best HPWL=426853.12 um | Accept Rate=100.0% | Improvements: 1882/8000 (23.5%) | Refine: 20053490/20053891 (100.0%) | Explore: 8594056/8594109 (100.0%)
T=1164222.73 | W=100.4um | Current HPWL=2123504.79 um | Best HPWL=426853.12 um | Accept Rate=100.0% | Improvements: 1839/8000 (23.0%) | Refine: 20165307/20165714 (100.0%) | Explore: 8642229/8642286 (100.0%)
T=1141158.16 | W=100.4um | Current HPWL=2170569.75 um | Best HPWL=426853.12 um | Accept Rate=100.0% | Improvements: 1809/8000 (22.6%) | Refine: 20277194/20277604 (100.0%) | Explore: 8690338/8690396 (100.0%)
T=1118550.52 | W=100.4um | Current HPWL=2119718.00 um | Best HPWL=426853.12 um | Accept Rate=100.0% | Improvements: 1882/8000 (23.5%) | Refine: 20389348/20389769 (100.0%) | Explore: 8738173/8738231 (100.0%)
T=1096390.76 | W=100.4um | Current HPWL=2140931.22 um | Best HPWL=426853.12 um | Accept Rate=100.0% | Improvements: 1893/8000 (23.7%) | Refine: 20501511/20501944 (100.0%) | Explore: 8785997/8786056 (100.0%)
T=1074670.02 | W=100.4um | Current HPWL=2105785.72 um | Best HPWL=426853.12 um | Accept Rate=100.0% | Improvements: 1939/8000 (24.2%) | Refine: 20613743/20614186 (100.0%) | Explore: 8833753/8833814 (100.0%)
T=1053379.58 | W=100.4um | Current HPWL=2106989.42 um | Best HPWL=426853.12 um | Accept Rate=100.0% | Improvements: 1896/8000 (23.7%) | Refine: 20725652/20726107 (100.0%) | Explore: 8881830/8881893 (100.0%)
T=1032510.94 | W=100.4um | Current HPWL=2096345.21 um | Best HPWL=426853.12 um | Accept Rate=100.0% | Improvements: 1911/8000 (23.9%) | Refine: 20837717/20838187 (100.0%) | Explore: 8929748/8929813 (100.0%)
T=1012055.72 | W=100.4um | Current HPWL=2128829.50 um | Best HPWL=426853.12 um | Accept Rate=100.0% | Improvements: 1889/8000 (23.6%) | Refine: 20949683/20950156 (100.0%) | Explore: 8977779/8977844 (100.0%)
T=992005.75 | W=100.4um | Current HPWL=2133270.58 um | Best HPWL=426853.12 um | Accept Rate=100.0% | Improvements: 1819/8000 (22.7%) | Refine: 21061903/21062382 (100.0%) | Explore: 9025553/9025618 (100.0%)
T=972352.99 | W=100.4um | Current HPWL=2103574.26 um | Best HPWL=426853.12 um | Accept Rate=100.0% | Improvements: 1896/8000 (23.7%) | Refine: 21173918/21174408 (100.0%) | Explore: 9073527/9073592 (100.0%)
T=953089.57 | W=100.4um | Current HPWL=2113839.28 um | Best HPWL=426853.12 um | Accept Rate=100.0% | Improvements: 1838/8000 (23.0%) | Refine: 21286009/21286504 (100.0%) | Explore: 9121429/9121496 (100.0%)
T=934207.79 | W=100.4um | Current HPWL=2120626.44 um | Best HPWL=426853.12 um | Accept Rate=100.0% | Improvements: 1870/8000 (23.4%) | Refine: 21397787/21398290 (100.0%) | Explore: 9169641/9169710 (100.0%)
T=915700.07 | W=100.4um | Current HPWL=2152333.43 um | Best HPWL=426853.12 um | Accept Rate=100.0% | Improvements: 1881/8000 (23.5%) | Refine: 21509609/21510128 (100.0%) | Explore: 9217803/9217872 (100.0%)
T=897559.01 | W=100.4um | Current HPWL=2150686.93 um | Best HPWL=426853.12 um | Accept Rate=100.0% | Improvements: 1803/8000 (22.5%) | Refine: 21621546/21622069 (100.0%) | Explore: 9265859/9265931 (100.0%)
T=879777.35 | W=100.4um | Current HPWL=2138217.94 um | Best HPWL=426853.12 um | Accept Rate=100.0% | Improvements: 1914/8000 (23.9%) | Refine: 21733601/21734133 (100.0%) | Explore: 9313794/9313867 (100.0%)
T=862347.96 | W=100.4um | Current HPWL=2087286.40 um | Best HPWL=426853.12 um | Accept Rate=100.0% | Improvements: 1903/8000 (23.8%) | Refine: 21845645/21846184 (100.0%) | Explore: 9361743/9361816 (100.0%)
T=845263.87 | W=100.4um | Current HPWL=2116992.92 um | Best HPWL=426853.12 um | Accept Rate=100.0% | Improvements: 1801/8000 (22.5%) | Refine: 21957248/21957800 (100.0%) | Explore: 9410127/9410200 (100.0%)
T=828518.23 | W=100.4um | Current HPWL=2113403.51 um | Best HPWL=426853.12 um | Accept Rate=100.0% | Improvements: 1862/8000 (23.3%) | Refine: 22068997/22069568 (100.0%) | Explore: 9458358/9458432 (100.0%)
T=812104.35 | W=100.4um | Current HPWL=2114237.72 um | Best HPWL=426853.12 um | Accept Rate=100.0% | Improvements: 1847/8000 (23.1%) | Refine: 22180966/22181556 (100.0%) | Explore: 9506368/9506444 (100.0%)
T=796015.64 | W=100.4um | Current HPWL=2138111.01 um | Best HPWL=426853.12 um | Accept Rate=100.0% | Improvements: 1889/8000 (23.6%) | Refine: 22292928/22293529 (100.0%) | Explore: 9554391/9554471 (100.0%)
T=780245.66 | W=100.4um | Current HPWL=2126644.61 um | Best HPWL=426853.12 um | Accept Rate=100.0% | Improvements: 1916/8000 (23.9%) | Refine: 22404861/22405479 (100.0%) | Explore: 9602441/9602521 (100.0%)
T=764788.11 | W=100.4um | Current HPWL=2115903.94 um | Best HPWL=426853.12 um | Accept Rate=100.0% | Improvements: 1879/8000 (23.5%) | Refine: 22516985/22517613 (100.0%) | Explore: 9650304/9650387 (100.0%)
T=749636.79 | W=100.4um | Current HPWL=2129286.98 um | Best HPWL=426853.12 um | Accept Rate=100.0% | Improvements: 1821/8000 (22.8%) | Refine: 22629082/22629721 (100.0%) | Explore: 9698193/9698279 (100.0%)
T=734785.64 | W=100.4um | Current HPWL=2116169.49 um | Best HPWL=426853.12 um | Accept Rate=100.0% | Improvements: 1852/8000 (23.2%) | Refine: 22740857/22741517 (100.0%) | Explore: 9746393/9746483 (100.0%)
T=720228.70 | W=100.4um | Current HPWL=2134589.93 um | Best HPWL=426853.12 um | Accept Rate=100.0% | Improvements: 1866/8000 (23.3%) | Refine: 22852441/22853107 (100.0%) | Explore: 9794800/9794893 (100.0%)
T=705960.15 | W=100.4um | Current HPWL=2146692.74 um | Best HPWL=426853.12 um | Accept Rate=100.0% | Improvements: 1894/8000 (23.7%) | Refine: 22964510/22965189 (100.0%) | Explore: 9842717/9842811 (100.0%)
T=691974.28 | W=100.4um | Current HPWL=2123760.09 um | Best HPWL=426853.12 um | Accept Rate=100.0% | Improvements: 1852/8000 (23.2%) | Refine: 23076676/23077373 (100.0%) | Explore: 9890532/9890627 (100.0%)
T=678265.48 | W=100.4um | Current HPWL=2116411.76 um | Best HPWL=426853.12 um | Accept Rate=100.0% | Improvements: 1876/8000 (23.4%) | Refine: 23188607/23189313 (100.0%) | Explore: 9938590/9938687 (100.0%)
T=664828.27 | W=100.4um | Current HPWL=2116555.00 um | Best HPWL=426853.12 um | Accept Rate=100.0% | Improvements: 1851/8000 (23.1%) | Refine: 23300753/23301480 (100.0%) | Explore: 9986422/9986520 (100.0%)
T=651657.27 | W=100.4um | Current HPWL=2138041.69 um | Best HPWL=426853.12 um | Accept Rate=100.0% | Improvements: 1816/8000 (22.7%) | Refine: 23412597/23413340 (100.0%) | Explore: 10034560/10034660 (100.0%)
T=638747.20 | W=100.4um | Current HPWL=2124236.11 um | Best HPWL=426853.12 um | Accept Rate=100.0% | Improvements: 1885/8000 (23.6%) | Refine: 23524634/23525389 (100.0%) | Explore: 10082510/10082611 (100.0%)
T=626092.89 | W=100.4um | Current HPWL=2101526.62 um | Best HPWL=426853.12 um | Accept Rate=100.0% | Improvements: 1843/8000 (23.0%) | Refine: 23636623/23637395 (100.0%) | Explore: 10130504/10130605 (100.0%)
T=613689.28 | W=100.4um | Current HPWL=2099628.79 um | Best HPWL=426853.12 um | Accept Rate=100.0% | Improvements: 1793/8000 (22.4%) | Refine: 23748692/23749471 (100.0%) | Explore: 10178427/10178529 (100.0%)
T=601531.40 | W=100.4um | Current HPWL=2106828.05 um | Best HPWL=426853.12 um | Accept Rate=100.0% | Improvements: 1867/8000 (23.3%) | Refine: 23860766/23861562 (100.0%) | Explore: 10226333/10226438 (100.0%)
T=589614.38 | W=100.4um | Current HPWL=2144527.63 um | Best HPWL=426853.12 um | Accept Rate=100.0% | Improvements: 1868/8000 (23.4%) | Refine: 23972568/23973377 (100.0%) | Explore: 10274515/10274623 (100.0%)
T=577933.45 | W=100.4um | Current HPWL=2106251.48 um | Best HPWL=426853.12 um | Accept Rate=100.0% | Improvements: 1883/8000 (23.5%) | Refine: 24084354/24085188 (100.0%) | Explore: 10322702/10322812 (100.0%)
T=566483.93 | W=100.4um | Current HPWL=2128787.82 um | Best HPWL=426853.12 um | Accept Rate=100.0% | Improvements: 1909/8000 (23.9%) | Refine: 24196258/24197113 (100.0%) | Explore: 10370775/10370887 (100.0%)
T=555261.24 | W=100.4um | Current HPWL=2130600.61 um | Best HPWL=426853.12 um | Accept Rate=100.0% | Improvements: 1832/8000 (22.9%) | Refine: 24308478/24309349 (100.0%) | Explore: 10418536/10418651 (100.0%)
T=544260.89 | W=100.4um | Current HPWL=2137807.11 um | Best HPWL=426853.12 um | Accept Rate=100.0% | Improvements: 1854/8000 (23.2%) | Refine: 24420434/24421326 (100.0%) | Explore: 10466557/10466674 (100.0%)
T=533478.46 | W=100.4um | Current HPWL=2140182.93 um | Best HPWL=426853.12 um | Accept Rate=100.0% | Improvements: 1826/8000 (22.8%) | Refine: 24532384/24533299 (100.0%) | Explore: 10514581/10514701 (100.0%)
T=522909.65 | W=100.4um | Current HPWL=2120098.78 um | Best HPWL=426853.12 um | Accept Rate=100.0% | Improvements: 1843/8000 (23.0%) | Refine: 24644467/24645408 (100.0%) | Explore: 10562469/10562592 (100.0%)
T=512550.21 | W=100.4um | Current HPWL=2123476.23 um | Best HPWL=426853.12 um | Accept Rate=100.0% | Improvements: 1903/8000 (23.8%) | Refine: 24756716/24757672 (100.0%) | Explore: 10610204/10610328 (100.0%)
T=502396.01 | W=100.4um | Current HPWL=2074470.27 um | Best HPWL=426853.12 um | Accept Rate=100.0% | Improvements: 1882/8000 (23.5%) | Refine: 24868732/24869700 (100.0%) | Explore: 10658172/10658300 (100.0%)
T=492442.98 | W=100.4um | Current HPWL=2155175.16 um | Best HPWL=426853.12 um | Accept Rate=100.0% | Improvements: 1877/8000 (23.5%) | Refine: 24980971/24981961 (100.0%) | Explore: 10705910/10706039 (100.0%)
T=482687.12 | W=100.4um | Current HPWL=2094577.11 um | Best HPWL=426853.12 um | Accept Rate=100.0% | Improvements: 1854/8000 (23.2%) | Refine: 25093054/25094059 (100.0%) | Explore: 10753811/10753941 (100.0%)
T=473124.54 | W=100.4um | Current HPWL=2113565.02 um | Best HPWL=426853.12 um | Accept Rate=100.0% | Improvements: 1897/8000 (23.7%) | Refine: 25205277/25206305 (100.0%) | Explore: 10801563/10801695 (100.0%)
T=463751.41 | W=100.4um | Current HPWL=2115803.22 um | Best HPWL=426853.12 um | Accept Rate=100.0% | Improvements: 1934/8000 (24.2%) | Refine: 25316948/25318000 (100.0%) | Explore: 10849866/10850000 (100.0%)
T=454563.97 | W=100.4um | Current HPWL=2118121.04 um | Best HPWL=426853.12 um | Accept Rate=100.0% | Improvements: 1890/8000 (23.6%) | Refine: 25429179/25430246 (100.0%) | Explore: 10897618/10897754 (100.0%)
T=445558.54 | W=100.4um | Current HPWL=2139642.93 um | Best HPWL=426853.12 um | Accept Rate=100.0% | Improvements: 1939/8000 (24.2%) | Refine: 25541140/25542228 (100.0%) | Explore: 10945634/10945772 (100.0%)
T=436731.52 | W=100.4um | Current HPWL=2113372.16 um | Best HPWL=426853.12 um | Accept Rate=100.0% | Improvements: 1896/8000 (23.7%) | Refine: 25652988/25654097 (100.0%) | Explore: 10993760/10993903 (100.0%)
T=428079.37 | W=100.4um | Current HPWL=2122606.27 um | Best HPWL=426853.12 um | Accept Rate=100.0% | Improvements: 1920/8000 (24.0%) | Refine: 25764861/25765990 (100.0%) | Explore: 11041867/11042010 (100.0%)
T=419598.63 | W=100.4um | Current HPWL=2094230.55 um | Best HPWL=426853.12 um | Accept Rate=100.0% | Improvements: 1869/8000 (23.4%) | Refine: 25876925/25878076 (100.0%) | Explore: 11089778/11089924 (100.0%)
